

================================================================
== Vivado HLS Report for 'cornerCorrect'
================================================================
* Date:           Fri Jan  4 20:12:09 2019

* Version:        2018.2 (Build 2258646 on Thu Jun 14 20:25:20 MDT 2018)
* Project:        Rubik_Cube_Layer_All
* Solution:       solution1
* Product family: zynq
* Target device:  xc7z020clg400-1


================================================================
== Performance Estimates
================================================================
+ Timing (ns): 
    * Summary: 
    +--------+-------+----------+------------+
    |  Clock | Target| Estimated| Uncertainty|
    +--------+-------+----------+------------+
    |ap_clk  |  12.00|     5.409|        1.50|
    +--------+-------+----------+------------+

+ Latency (clock cycles): 
    * Summary: 
    +-----+-----+-----+-----+---------+
    |  Latency  |  Interval | Pipeline|
    | min | max | min | max |   Type  |
    +-----+-----+-----+-----+---------+
    |    8|    8|    8|    8|   none  |
    +-----+-----+-----+-----+---------+

    + Detail: 
        * Instance: 
        N/A

        * Loop: 
        N/A

============================================================
+ Verbose Summary: Synthesis Manager
============================================================
InlineROM: 1
ExposeGlobal: 0
============================================================
+ Verbose Summary: CDFG Model
============================================================
IsTopModel: 0
ResetActiveHigh: 1
IsCombinational: 0
IsDatapathOnly: 0
HasWiredReturn: 1
HasMFsm: 0
HasVarLatency: 1
IsPipeline: 0
IsRtlPipelined: 0
IsInstanceOverlapped: 0
IsDontTouch: 0
HasImplIP: 0
IsGatedGlobalClock: 0


============================================================
+ Verbose Summary: Schedule
============================================================
* Number of FSM states : 9
* Pipeline : 0
* Dataflow Pipeline: 0

* FSM state transitions: 
1 --> 
	2  / true
2 --> 
	3  / true
3 --> 
	4  / true
4 --> 
	5  / true
5 --> 
	6  / true
6 --> 
	7  / true
7 --> 
	8  / true
8 --> 
	9  / true
9 --> 

* FSM state operations: 

State 1 <SV = 0> <Delay = 2.32>
ST_1 : Operation 10 [2/2] (2.32ns)   --->   "%cubieColor_V_load = load i3* getelementptr inbounds ([54 x i3]* @cubieColor_V, i64 0, i64 4), align 4" [Rubik_Cube_Layer_All/layerAll.cpp:704]   --->   Operation 10 'load' 'cubieColor_V_load' <Predicate = true> <Delay = 2.32> <Core = "RAM">   --->   Core 37 'RAM' <Latency = 1> <II = 1> <Delay = 2.32> <Storage> <Opcode : 'load' 'store'> <Ports = 2> <Width = 3> <Depth = 54> <RAM>
ST_1 : Operation 11 [2/2] (2.32ns)   --->   "%cubieColor_V_load_151 = load i3* getelementptr inbounds ([54 x i3]* @cubieColor_V, i64 0, i64 6), align 2" [Rubik_Cube_Layer_All/layerAll.cpp:704]   --->   Operation 11 'load' 'cubieColor_V_load_151' <Predicate = true> <Delay = 2.32> <Core = "RAM">   --->   Core 37 'RAM' <Latency = 1> <II = 1> <Delay = 2.32> <Storage> <Opcode : 'load' 'store'> <Ports = 2> <Width = 3> <Depth = 54> <RAM>

State 2 <SV = 1> <Delay = 3.45>
ST_2 : Operation 12 [1/2] (2.32ns)   --->   "%cubieColor_V_load = load i3* getelementptr inbounds ([54 x i3]* @cubieColor_V, i64 0, i64 4), align 4" [Rubik_Cube_Layer_All/layerAll.cpp:704]   --->   Operation 12 'load' 'cubieColor_V_load' <Predicate = true> <Delay = 2.32> <Core = "RAM">   --->   Core 37 'RAM' <Latency = 1> <II = 1> <Delay = 2.32> <Storage> <Opcode : 'load' 'store'> <Ports = 2> <Width = 3> <Depth = 54> <RAM>
ST_2 : Operation 13 [1/2] (2.32ns)   --->   "%cubieColor_V_load_151 = load i3* getelementptr inbounds ([54 x i3]* @cubieColor_V, i64 0, i64 6), align 2" [Rubik_Cube_Layer_All/layerAll.cpp:704]   --->   Operation 13 'load' 'cubieColor_V_load_151' <Predicate = true> <Delay = 2.32> <Core = "RAM">   --->   Core 37 'RAM' <Latency = 1> <II = 1> <Delay = 2.32> <Storage> <Opcode : 'load' 'store'> <Ports = 2> <Width = 3> <Depth = 54> <RAM>
ST_2 : Operation 14 [1/1] (1.13ns)   --->   "%tmp_s = icmp eq i3 %cubieColor_V_load, %cubieColor_V_load_151" [Rubik_Cube_Layer_All/layerAll.cpp:704]   --->   Operation 14 'icmp' 'tmp_s' <Predicate = true> <Delay = 1.13> <Core = "Cmp">   --->   Core 25 'Cmp' <Latency = 0> <II = 1> <Delay = 1.13> <FuncUnit> <Opcode : 'icmp'> <InPorts = 2> <OutPorts = 1>
ST_2 : Operation 15 [2/2] (2.32ns)   --->   "%cubieColor_V_load_152 = load i3* getelementptr inbounds ([54 x i3]* @cubieColor_V, i64 0, i64 0), align 16" [Rubik_Cube_Layer_All/layerAll.cpp:712]   --->   Operation 15 'load' 'cubieColor_V_load_152' <Predicate = true> <Delay = 2.32> <Core = "RAM">   --->   Core 37 'RAM' <Latency = 1> <II = 1> <Delay = 2.32> <Storage> <Opcode : 'load' 'store'> <Ports = 2> <Width = 3> <Depth = 54> <RAM>
ST_2 : Operation 16 [2/2] (2.32ns)   --->   "%cubieColor_V_load_153 = load i3* getelementptr inbounds ([54 x i3]* @cubieColor_V, i64 0, i64 2), align 2" [Rubik_Cube_Layer_All/layerAll.cpp:720]   --->   Operation 16 'load' 'cubieColor_V_load_153' <Predicate = true> <Delay = 2.32> <Core = "RAM">   --->   Core 37 'RAM' <Latency = 1> <II = 1> <Delay = 2.32> <Storage> <Opcode : 'load' 'store'> <Ports = 2> <Width = 3> <Depth = 54> <RAM>

State 3 <SV = 2> <Delay = 3.45>
ST_3 : Operation 17 [1/2] (2.32ns)   --->   "%cubieColor_V_load_152 = load i3* getelementptr inbounds ([54 x i3]* @cubieColor_V, i64 0, i64 0), align 16" [Rubik_Cube_Layer_All/layerAll.cpp:712]   --->   Operation 17 'load' 'cubieColor_V_load_152' <Predicate = true> <Delay = 2.32> <Core = "RAM">   --->   Core 37 'RAM' <Latency = 1> <II = 1> <Delay = 2.32> <Storage> <Opcode : 'load' 'store'> <Ports = 2> <Width = 3> <Depth = 54> <RAM>
ST_3 : Operation 18 [1/1] (1.13ns)   --->   "%tmp_216 = icmp eq i3 %cubieColor_V_load, %cubieColor_V_load_152" [Rubik_Cube_Layer_All/layerAll.cpp:712]   --->   Operation 18 'icmp' 'tmp_216' <Predicate = true> <Delay = 1.13> <Core = "Cmp">   --->   Core 25 'Cmp' <Latency = 0> <II = 1> <Delay = 1.13> <FuncUnit> <Opcode : 'icmp'> <InPorts = 2> <OutPorts = 1>
ST_3 : Operation 19 [1/2] (2.32ns)   --->   "%cubieColor_V_load_153 = load i3* getelementptr inbounds ([54 x i3]* @cubieColor_V, i64 0, i64 2), align 2" [Rubik_Cube_Layer_All/layerAll.cpp:720]   --->   Operation 19 'load' 'cubieColor_V_load_153' <Predicate = true> <Delay = 2.32> <Core = "RAM">   --->   Core 37 'RAM' <Latency = 1> <II = 1> <Delay = 2.32> <Storage> <Opcode : 'load' 'store'> <Ports = 2> <Width = 3> <Depth = 54> <RAM>
ST_3 : Operation 20 [1/1] (1.13ns)   --->   "%tmp_217 = icmp eq i3 %cubieColor_V_load, %cubieColor_V_load_153" [Rubik_Cube_Layer_All/layerAll.cpp:720]   --->   Operation 20 'icmp' 'tmp_217' <Predicate = true> <Delay = 1.13> <Core = "Cmp">   --->   Core 25 'Cmp' <Latency = 0> <II = 1> <Delay = 1.13> <FuncUnit> <Opcode : 'icmp'> <InPorts = 2> <OutPorts = 1>
ST_3 : Operation 21 [2/2] (2.32ns)   --->   "%cubieColor_V_load_154 = load i3* getelementptr inbounds ([54 x i3]* @cubieColor_V, i64 0, i64 8), align 8" [Rubik_Cube_Layer_All/layerAll.cpp:728]   --->   Operation 21 'load' 'cubieColor_V_load_154' <Predicate = true> <Delay = 2.32> <Core = "RAM">   --->   Core 37 'RAM' <Latency = 1> <II = 1> <Delay = 2.32> <Storage> <Opcode : 'load' 'store'> <Ports = 2> <Width = 3> <Depth = 54> <RAM>
ST_3 : Operation 22 [2/2] (2.32ns)   --->   "%cubieColor_V_load_155 = load i3* getelementptr inbounds ([54 x i3]* @cubieColor_V, i64 0, i64 31), align 1" [Rubik_Cube_Layer_All/layerAll.cpp:705]   --->   Operation 22 'load' 'cubieColor_V_load_155' <Predicate = true> <Delay = 2.32> <Core = "RAM">   --->   Core 37 'RAM' <Latency = 1> <II = 1> <Delay = 2.32> <Storage> <Opcode : 'load' 'store'> <Ports = 2> <Width = 3> <Depth = 54> <RAM>

State 4 <SV = 3> <Delay = 3.45>
ST_4 : Operation 23 [1/2] (2.32ns)   --->   "%cubieColor_V_load_154 = load i3* getelementptr inbounds ([54 x i3]* @cubieColor_V, i64 0, i64 8), align 8" [Rubik_Cube_Layer_All/layerAll.cpp:728]   --->   Operation 23 'load' 'cubieColor_V_load_154' <Predicate = true> <Delay = 2.32> <Core = "RAM">   --->   Core 37 'RAM' <Latency = 1> <II = 1> <Delay = 2.32> <Storage> <Opcode : 'load' 'store'> <Ports = 2> <Width = 3> <Depth = 54> <RAM>
ST_4 : Operation 24 [1/1] (1.13ns)   --->   "%tmp_218 = icmp eq i3 %cubieColor_V_load, %cubieColor_V_load_154" [Rubik_Cube_Layer_All/layerAll.cpp:728]   --->   Operation 24 'icmp' 'tmp_218' <Predicate = true> <Delay = 1.13> <Core = "Cmp">   --->   Core 25 'Cmp' <Latency = 0> <II = 1> <Delay = 1.13> <FuncUnit> <Opcode : 'icmp'> <InPorts = 2> <OutPorts = 1>
ST_4 : Operation 25 [1/2] (2.32ns)   --->   "%cubieColor_V_load_155 = load i3* getelementptr inbounds ([54 x i3]* @cubieColor_V, i64 0, i64 31), align 1" [Rubik_Cube_Layer_All/layerAll.cpp:705]   --->   Operation 25 'load' 'cubieColor_V_load_155' <Predicate = true> <Delay = 2.32> <Core = "RAM">   --->   Core 37 'RAM' <Latency = 1> <II = 1> <Delay = 2.32> <Storage> <Opcode : 'load' 'store'> <Ports = 2> <Width = 3> <Depth = 54> <RAM>
ST_4 : Operation 26 [2/2] (2.32ns)   --->   "%cubieColor_V_load_156 = load i3* getelementptr inbounds ([54 x i3]* @cubieColor_V, i64 0, i64 27), align 1" [Rubik_Cube_Layer_All/layerAll.cpp:705]   --->   Operation 26 'load' 'cubieColor_V_load_156' <Predicate = true> <Delay = 2.32> <Core = "RAM">   --->   Core 37 'RAM' <Latency = 1> <II = 1> <Delay = 2.32> <Storage> <Opcode : 'load' 'store'> <Ports = 2> <Width = 3> <Depth = 54> <RAM>
ST_4 : Operation 27 [2/2] (2.32ns)   --->   "%cubieColor_V_load_157 = load i3* getelementptr inbounds ([54 x i3]* @cubieColor_V, i64 0, i64 22), align 2" [Rubik_Cube_Layer_All/layerAll.cpp:713]   --->   Operation 27 'load' 'cubieColor_V_load_157' <Predicate = true> <Delay = 2.32> <Core = "RAM">   --->   Core 37 'RAM' <Latency = 1> <II = 1> <Delay = 2.32> <Storage> <Opcode : 'load' 'store'> <Ports = 2> <Width = 3> <Depth = 54> <RAM>

State 5 <SV = 4> <Delay = 3.45>
ST_5 : Operation 28 [1/2] (2.32ns)   --->   "%cubieColor_V_load_156 = load i3* getelementptr inbounds ([54 x i3]* @cubieColor_V, i64 0, i64 27), align 1" [Rubik_Cube_Layer_All/layerAll.cpp:705]   --->   Operation 28 'load' 'cubieColor_V_load_156' <Predicate = true> <Delay = 2.32> <Core = "RAM">   --->   Core 37 'RAM' <Latency = 1> <II = 1> <Delay = 2.32> <Storage> <Opcode : 'load' 'store'> <Ports = 2> <Width = 3> <Depth = 54> <RAM>
ST_5 : Operation 29 [1/1] (1.13ns)   --->   "%tmp_219 = icmp eq i3 %cubieColor_V_load_155, %cubieColor_V_load_156" [Rubik_Cube_Layer_All/layerAll.cpp:705]   --->   Operation 29 'icmp' 'tmp_219' <Predicate = true> <Delay = 1.13> <Core = "Cmp">   --->   Core 25 'Cmp' <Latency = 0> <II = 1> <Delay = 1.13> <FuncUnit> <Opcode : 'icmp'> <InPorts = 2> <OutPorts = 1>
ST_5 : Operation 30 [1/2] (2.32ns)   --->   "%cubieColor_V_load_157 = load i3* getelementptr inbounds ([54 x i3]* @cubieColor_V, i64 0, i64 22), align 2" [Rubik_Cube_Layer_All/layerAll.cpp:713]   --->   Operation 30 'load' 'cubieColor_V_load_157' <Predicate = true> <Delay = 2.32> <Core = "RAM">   --->   Core 37 'RAM' <Latency = 1> <II = 1> <Delay = 2.32> <Storage> <Opcode : 'load' 'store'> <Ports = 2> <Width = 3> <Depth = 54> <RAM>
ST_5 : Operation 31 [2/2] (2.32ns)   --->   "%cubieColor_V_load_158 = load i3* getelementptr inbounds ([54 x i3]* @cubieColor_V, i64 0, i64 20), align 4" [Rubik_Cube_Layer_All/layerAll.cpp:713]   --->   Operation 31 'load' 'cubieColor_V_load_158' <Predicate = true> <Delay = 2.32> <Core = "RAM">   --->   Core 37 'RAM' <Latency = 1> <II = 1> <Delay = 2.32> <Storage> <Opcode : 'load' 'store'> <Ports = 2> <Width = 3> <Depth = 54> <RAM>
ST_5 : Operation 32 [2/2] (2.32ns)   --->   "%cubieColor_V_load_159 = load i3* getelementptr inbounds ([54 x i3]* @cubieColor_V, i64 0, i64 18), align 2" [Rubik_Cube_Layer_All/layerAll.cpp:721]   --->   Operation 32 'load' 'cubieColor_V_load_159' <Predicate = true> <Delay = 2.32> <Core = "RAM">   --->   Core 37 'RAM' <Latency = 1> <II = 1> <Delay = 2.32> <Storage> <Opcode : 'load' 'store'> <Ports = 2> <Width = 3> <Depth = 54> <RAM>

State 6 <SV = 5> <Delay = 3.45>
ST_6 : Operation 33 [1/2] (2.32ns)   --->   "%cubieColor_V_load_158 = load i3* getelementptr inbounds ([54 x i3]* @cubieColor_V, i64 0, i64 20), align 4" [Rubik_Cube_Layer_All/layerAll.cpp:713]   --->   Operation 33 'load' 'cubieColor_V_load_158' <Predicate = true> <Delay = 2.32> <Core = "RAM">   --->   Core 37 'RAM' <Latency = 1> <II = 1> <Delay = 2.32> <Storage> <Opcode : 'load' 'store'> <Ports = 2> <Width = 3> <Depth = 54> <RAM>
ST_6 : Operation 34 [1/1] (1.13ns)   --->   "%tmp_220 = icmp eq i3 %cubieColor_V_load_157, %cubieColor_V_load_158" [Rubik_Cube_Layer_All/layerAll.cpp:713]   --->   Operation 34 'icmp' 'tmp_220' <Predicate = true> <Delay = 1.13> <Core = "Cmp">   --->   Core 25 'Cmp' <Latency = 0> <II = 1> <Delay = 1.13> <FuncUnit> <Opcode : 'icmp'> <InPorts = 2> <OutPorts = 1>
ST_6 : Operation 35 [1/2] (2.32ns)   --->   "%cubieColor_V_load_159 = load i3* getelementptr inbounds ([54 x i3]* @cubieColor_V, i64 0, i64 18), align 2" [Rubik_Cube_Layer_All/layerAll.cpp:721]   --->   Operation 35 'load' 'cubieColor_V_load_159' <Predicate = true> <Delay = 2.32> <Core = "RAM">   --->   Core 37 'RAM' <Latency = 1> <II = 1> <Delay = 2.32> <Storage> <Opcode : 'load' 'store'> <Ports = 2> <Width = 3> <Depth = 54> <RAM>
ST_6 : Operation 36 [1/1] (1.13ns)   --->   "%tmp_221 = icmp eq i3 %cubieColor_V_load_157, %cubieColor_V_load_159" [Rubik_Cube_Layer_All/layerAll.cpp:721]   --->   Operation 36 'icmp' 'tmp_221' <Predicate = true> <Delay = 1.13> <Core = "Cmp">   --->   Core 25 'Cmp' <Latency = 0> <II = 1> <Delay = 1.13> <FuncUnit> <Opcode : 'icmp'> <InPorts = 2> <OutPorts = 1>
ST_6 : Operation 37 [2/2] (2.32ns)   --->   "%cubieColor_V_load_160 = load i3* getelementptr inbounds ([54 x i3]* @cubieColor_V, i64 0, i64 29), align 1" [Rubik_Cube_Layer_All/layerAll.cpp:729]   --->   Operation 37 'load' 'cubieColor_V_load_160' <Predicate = true> <Delay = 2.32> <Core = "RAM">   --->   Core 37 'RAM' <Latency = 1> <II = 1> <Delay = 2.32> <Storage> <Opcode : 'load' 'store'> <Ports = 2> <Width = 3> <Depth = 54> <RAM>
ST_6 : Operation 38 [2/2] (2.32ns)   --->   "%cubieColor_V_load_161 = load i3* getelementptr inbounds ([54 x i3]* @cubieColor_V, i64 0, i64 40), align 8" [Rubik_Cube_Layer_All/layerAll.cpp:706]   --->   Operation 38 'load' 'cubieColor_V_load_161' <Predicate = true> <Delay = 2.32> <Core = "RAM">   --->   Core 37 'RAM' <Latency = 1> <II = 1> <Delay = 2.32> <Storage> <Opcode : 'load' 'store'> <Ports = 2> <Width = 3> <Depth = 54> <RAM>

State 7 <SV = 6> <Delay = 3.45>
ST_7 : Operation 39 [1/2] (2.32ns)   --->   "%cubieColor_V_load_160 = load i3* getelementptr inbounds ([54 x i3]* @cubieColor_V, i64 0, i64 29), align 1" [Rubik_Cube_Layer_All/layerAll.cpp:729]   --->   Operation 39 'load' 'cubieColor_V_load_160' <Predicate = true> <Delay = 2.32> <Core = "RAM">   --->   Core 37 'RAM' <Latency = 1> <II = 1> <Delay = 2.32> <Storage> <Opcode : 'load' 'store'> <Ports = 2> <Width = 3> <Depth = 54> <RAM>
ST_7 : Operation 40 [1/1] (1.13ns)   --->   "%tmp_222 = icmp eq i3 %cubieColor_V_load_155, %cubieColor_V_load_160" [Rubik_Cube_Layer_All/layerAll.cpp:729]   --->   Operation 40 'icmp' 'tmp_222' <Predicate = true> <Delay = 1.13> <Core = "Cmp">   --->   Core 25 'Cmp' <Latency = 0> <II = 1> <Delay = 1.13> <FuncUnit> <Opcode : 'icmp'> <InPorts = 2> <OutPorts = 1>
ST_7 : Operation 41 [1/2] (2.32ns)   --->   "%cubieColor_V_load_161 = load i3* getelementptr inbounds ([54 x i3]* @cubieColor_V, i64 0, i64 40), align 8" [Rubik_Cube_Layer_All/layerAll.cpp:706]   --->   Operation 41 'load' 'cubieColor_V_load_161' <Predicate = true> <Delay = 2.32> <Core = "RAM">   --->   Core 37 'RAM' <Latency = 1> <II = 1> <Delay = 2.32> <Storage> <Opcode : 'load' 'store'> <Ports = 2> <Width = 3> <Depth = 54> <RAM>
ST_7 : Operation 42 [2/2] (2.32ns)   --->   "%cubieColor_V_load_162 = load i3* getelementptr inbounds ([54 x i3]* @cubieColor_V, i64 0, i64 38), align 2" [Rubik_Cube_Layer_All/layerAll.cpp:706]   --->   Operation 42 'load' 'cubieColor_V_load_162' <Predicate = true> <Delay = 2.32> <Core = "RAM">   --->   Core 37 'RAM' <Latency = 1> <II = 1> <Delay = 2.32> <Storage> <Opcode : 'load' 'store'> <Ports = 2> <Width = 3> <Depth = 54> <RAM>
ST_7 : Operation 43 [2/2] (2.32ns)   --->   "%cubieColor_V_load_163 = load i3* getelementptr inbounds ([54 x i3]* @cubieColor_V, i64 0, i64 49), align 1" [Rubik_Cube_Layer_All/layerAll.cpp:722]   --->   Operation 43 'load' 'cubieColor_V_load_163' <Predicate = true> <Delay = 2.32> <Core = "RAM">   --->   Core 37 'RAM' <Latency = 1> <II = 1> <Delay = 2.32> <Storage> <Opcode : 'load' 'store'> <Ports = 2> <Width = 3> <Depth = 54> <RAM>

State 8 <SV = 7> <Delay = 4.43>
ST_8 : Operation 44 [1/1] (0.00ns)   --->   "%corner_V_read = call i3 @_ssdm_op_Read.ap_auto.i3(i3 %corner_V)"   --->   Operation 44 'read' 'corner_V_read' <Predicate = true> <Delay = 0.00>
ST_8 : Operation 45 [1/2] (2.32ns)   --->   "%cubieColor_V_load_162 = load i3* getelementptr inbounds ([54 x i3]* @cubieColor_V, i64 0, i64 38), align 2" [Rubik_Cube_Layer_All/layerAll.cpp:706]   --->   Operation 45 'load' 'cubieColor_V_load_162' <Predicate = true> <Delay = 2.32> <Core = "RAM">   --->   Core 37 'RAM' <Latency = 1> <II = 1> <Delay = 2.32> <Storage> <Opcode : 'load' 'store'> <Ports = 2> <Width = 3> <Depth = 54> <RAM>
ST_8 : Operation 46 [1/1] (1.13ns)   --->   "%tmp_223 = icmp eq i3 %cubieColor_V_load_161, %cubieColor_V_load_162" [Rubik_Cube_Layer_All/layerAll.cpp:706]   --->   Operation 46 'icmp' 'tmp_223' <Predicate = true> <Delay = 1.13> <Core = "Cmp">   --->   Core 25 'Cmp' <Latency = 0> <II = 1> <Delay = 1.13> <FuncUnit> <Opcode : 'icmp'> <InPorts = 2> <OutPorts = 1>
ST_8 : Operation 47 [1/2] (2.32ns)   --->   "%cubieColor_V_load_163 = load i3* getelementptr inbounds ([54 x i3]* @cubieColor_V, i64 0, i64 49), align 1" [Rubik_Cube_Layer_All/layerAll.cpp:722]   --->   Operation 47 'load' 'cubieColor_V_load_163' <Predicate = true> <Delay = 2.32> <Core = "RAM">   --->   Core 37 'RAM' <Latency = 1> <II = 1> <Delay = 2.32> <Storage> <Opcode : 'load' 'store'> <Ports = 2> <Width = 3> <Depth = 54> <RAM>
ST_8 : Operation 48 [2/2] (2.32ns)   --->   "%cubieColor_V_load_164 = load i3* getelementptr inbounds ([54 x i3]* @cubieColor_V, i64 0, i64 47), align 1" [Rubik_Cube_Layer_All/layerAll.cpp:722]   --->   Operation 48 'load' 'cubieColor_V_load_164' <Predicate = true> <Delay = 2.32> <Core = "RAM">   --->   Core 37 'RAM' <Latency = 1> <II = 1> <Delay = 2.32> <Storage> <Opcode : 'load' 'store'> <Ports = 2> <Width = 3> <Depth = 54> <RAM>
ST_8 : Operation 49 [2/2] (2.32ns)   --->   "%cubieColor_V_load_165 = load i3* getelementptr inbounds ([54 x i3]* @cubieColor_V, i64 0, i64 45), align 1" [Rubik_Cube_Layer_All/layerAll.cpp:730]   --->   Operation 49 'load' 'cubieColor_V_load_165' <Predicate = true> <Delay = 2.32> <Core = "RAM">   --->   Core 37 'RAM' <Latency = 1> <II = 1> <Delay = 2.32> <Storage> <Opcode : 'load' 'store'> <Ports = 2> <Width = 3> <Depth = 54> <RAM>
ST_8 : Operation 50 [1/1] (1.13ns)   --->   "%sel_tmp = icmp eq i3 %corner_V_read, 1"   --->   Operation 50 'icmp' 'sel_tmp' <Predicate = true> <Delay = 1.13> <Core = "Cmp">   --->   Core 25 'Cmp' <Latency = 0> <II = 1> <Delay = 1.13> <FuncUnit> <Opcode : 'icmp'> <InPorts = 2> <OutPorts = 1>
ST_8 : Operation 51 [1/1] (0.00ns) (grouped into LUT with out node sel_tmp3)   --->   "%tmp = and i1 %sel_tmp, %tmp_s" [Rubik_Cube_Layer_All/layerAll.cpp:704]   --->   Operation 51 'and' 'tmp' <Predicate = true> <Delay = 0.00> <Core = "LogicGate">   --->   Core 27 'LogicGate' <Latency = 0> <II = 1> <Delay = 0.97> <FuncUnit> <Opcode : 'and' 'or' 'xor'> <InPorts = 2> <OutPorts = 1>
ST_8 : Operation 52 [1/1] (0.00ns) (grouped into LUT with out node sel_tmp3)   --->   "%tmp19 = and i1 %tmp_219, %tmp_223" [Rubik_Cube_Layer_All/layerAll.cpp:705]   --->   Operation 52 'and' 'tmp19' <Predicate = true> <Delay = 0.00> <Core = "LogicGate">   --->   Core 27 'LogicGate' <Latency = 0> <II = 1> <Delay = 0.97> <FuncUnit> <Opcode : 'and' 'or' 'xor'> <InPorts = 2> <OutPorts = 1>
ST_8 : Operation 53 [1/1] (0.97ns) (out node of the LUT)   --->   "%sel_tmp3 = and i1 %tmp19, %tmp" [Rubik_Cube_Layer_All/layerAll.cpp:705]   --->   Operation 53 'and' 'sel_tmp3' <Predicate = true> <Delay = 0.97> <Core = "LogicGate">   --->   Core 27 'LogicGate' <Latency = 0> <II = 1> <Delay = 0.97> <FuncUnit> <Opcode : 'and' 'or' 'xor'> <InPorts = 2> <OutPorts = 1>
ST_8 : Operation 54 [1/1] (1.13ns)   --->   "%sel_tmp5 = icmp eq i3 %corner_V_read, 3"   --->   Operation 54 'icmp' 'sel_tmp5' <Predicate = true> <Delay = 1.13> <Core = "Cmp">   --->   Core 25 'Cmp' <Latency = 0> <II = 1> <Delay = 1.13> <FuncUnit> <Opcode : 'icmp'> <InPorts = 2> <OutPorts = 1>
ST_8 : Operation 55 [1/1] (1.13ns)   --->   "%sel_tmp10 = icmp eq i3 %corner_V_read, -4"   --->   Operation 55 'icmp' 'sel_tmp10' <Predicate = true> <Delay = 1.13> <Core = "Cmp">   --->   Core 25 'Cmp' <Latency = 0> <II = 1> <Delay = 1.13> <FuncUnit> <Opcode : 'icmp'> <InPorts = 2> <OutPorts = 1>
ST_8 : Operation 56 [1/1] (1.13ns)   --->   "%sel_tmp15 = icmp eq i3 %corner_V_read, 2"   --->   Operation 56 'icmp' 'sel_tmp15' <Predicate = true> <Delay = 1.13> <Core = "Cmp">   --->   Core 25 'Cmp' <Latency = 0> <II = 1> <Delay = 1.13> <FuncUnit> <Opcode : 'icmp'> <InPorts = 2> <OutPorts = 1>
ST_8 : Operation 57 [1/1] (0.00ns) (grouped into LUT with out node sel_tmp17)   --->   "%tmp24 = and i1 %tmp_216, %tmp_220" [Rubik_Cube_Layer_All/layerAll.cpp:712]   --->   Operation 57 'and' 'tmp24' <Predicate = true> <Delay = 0.00> <Core = "LogicGate">   --->   Core 27 'LogicGate' <Latency = 0> <II = 1> <Delay = 0.97> <FuncUnit> <Opcode : 'and' 'or' 'xor'> <InPorts = 2> <OutPorts = 1>
ST_8 : Operation 58 [1/1] (0.97ns) (out node of the LUT)   --->   "%sel_tmp17 = and i1 %tmp24, %sel_tmp15" [Rubik_Cube_Layer_All/layerAll.cpp:712]   --->   Operation 58 'and' 'sel_tmp17' <Predicate = true> <Delay = 0.97> <Core = "LogicGate">   --->   Core 27 'LogicGate' <Latency = 0> <II = 1> <Delay = 0.97> <FuncUnit> <Opcode : 'and' 'or' 'xor'> <InPorts = 2> <OutPorts = 1>

State 9 <SV = 8> <Delay = 5.40>
ST_9 : Operation 59 [1/2] (2.32ns)   --->   "%cubieColor_V_load_164 = load i3* getelementptr inbounds ([54 x i3]* @cubieColor_V, i64 0, i64 47), align 1" [Rubik_Cube_Layer_All/layerAll.cpp:722]   --->   Operation 59 'load' 'cubieColor_V_load_164' <Predicate = true> <Delay = 2.32> <Core = "RAM">   --->   Core 37 'RAM' <Latency = 1> <II = 1> <Delay = 2.32> <Storage> <Opcode : 'load' 'store'> <Ports = 2> <Width = 3> <Depth = 54> <RAM>
ST_9 : Operation 60 [1/1] (1.13ns)   --->   "%tmp_224 = icmp eq i3 %cubieColor_V_load_163, %cubieColor_V_load_164" [Rubik_Cube_Layer_All/layerAll.cpp:722]   --->   Operation 60 'icmp' 'tmp_224' <Predicate = true> <Delay = 1.13> <Core = "Cmp">   --->   Core 25 'Cmp' <Latency = 0> <II = 1> <Delay = 1.13> <FuncUnit> <Opcode : 'icmp'> <InPorts = 2> <OutPorts = 1>
ST_9 : Operation 61 [1/2] (2.32ns)   --->   "%cubieColor_V_load_165 = load i3* getelementptr inbounds ([54 x i3]* @cubieColor_V, i64 0, i64 45), align 1" [Rubik_Cube_Layer_All/layerAll.cpp:730]   --->   Operation 61 'load' 'cubieColor_V_load_165' <Predicate = true> <Delay = 2.32> <Core = "RAM">   --->   Core 37 'RAM' <Latency = 1> <II = 1> <Delay = 2.32> <Storage> <Opcode : 'load' 'store'> <Ports = 2> <Width = 3> <Depth = 54> <RAM>
ST_9 : Operation 62 [1/1] (1.13ns)   --->   "%tmp_225 = icmp eq i3 %cubieColor_V_load_163, %cubieColor_V_load_165" [Rubik_Cube_Layer_All/layerAll.cpp:730]   --->   Operation 62 'icmp' 'tmp_225' <Predicate = true> <Delay = 1.13> <Core = "Cmp">   --->   Core 25 'Cmp' <Latency = 0> <II = 1> <Delay = 1.13> <FuncUnit> <Opcode : 'icmp'> <InPorts = 2> <OutPorts = 1>
ST_9 : Operation 63 [1/1] (0.00ns) (grouped into LUT with out node tmp25)   --->   "%tmp20 = and i1 %sel_tmp5, %tmp_217" [Rubik_Cube_Layer_All/layerAll.cpp:720]   --->   Operation 63 'and' 'tmp20' <Predicate = true> <Delay = 0.00> <Core = "LogicGate">   --->   Core 27 'LogicGate' <Latency = 0> <II = 1> <Delay = 0.97> <FuncUnit> <Opcode : 'and' 'or' 'xor'> <InPorts = 2> <OutPorts = 1>
ST_9 : Operation 64 [1/1] (0.00ns) (grouped into LUT with out node tmp25)   --->   "%tmp21 = and i1 %tmp_221, %tmp_224" [Rubik_Cube_Layer_All/layerAll.cpp:721]   --->   Operation 64 'and' 'tmp21' <Predicate = true> <Delay = 0.00> <Core = "LogicGate">   --->   Core 27 'LogicGate' <Latency = 0> <II = 1> <Delay = 0.97> <FuncUnit> <Opcode : 'and' 'or' 'xor'> <InPorts = 2> <OutPorts = 1>
ST_9 : Operation 65 [1/1] (0.00ns) (grouped into LUT with out node tmp25)   --->   "%sel_tmp8 = and i1 %tmp21, %tmp20" [Rubik_Cube_Layer_All/layerAll.cpp:721]   --->   Operation 65 'and' 'sel_tmp8' <Predicate = true> <Delay = 0.00> <Core = "LogicGate">   --->   Core 27 'LogicGate' <Latency = 0> <II = 1> <Delay = 0.97> <FuncUnit> <Opcode : 'and' 'or' 'xor'> <InPorts = 2> <OutPorts = 1>
ST_9 : Operation 66 [1/1] (0.00ns) (grouped into LUT with out node agg_result_V)   --->   "%tmp22 = and i1 %sel_tmp10, %tmp_218" [Rubik_Cube_Layer_All/layerAll.cpp:728]   --->   Operation 66 'and' 'tmp22' <Predicate = true> <Delay = 0.00> <Core = "LogicGate">   --->   Core 27 'LogicGate' <Latency = 0> <II = 1> <Delay = 0.97> <FuncUnit> <Opcode : 'and' 'or' 'xor'> <InPorts = 2> <OutPorts = 1>
ST_9 : Operation 67 [1/1] (0.00ns) (grouped into LUT with out node agg_result_V)   --->   "%tmp23 = and i1 %tmp_222, %tmp_225" [Rubik_Cube_Layer_All/layerAll.cpp:729]   --->   Operation 67 'and' 'tmp23' <Predicate = true> <Delay = 0.00> <Core = "LogicGate">   --->   Core 27 'LogicGate' <Latency = 0> <II = 1> <Delay = 0.97> <FuncUnit> <Opcode : 'and' 'or' 'xor'> <InPorts = 2> <OutPorts = 1>
ST_9 : Operation 68 [1/1] (0.00ns) (grouped into LUT with out node agg_result_V)   --->   "%sel_tmp13 = and i1 %tmp23, %tmp22" [Rubik_Cube_Layer_All/layerAll.cpp:729]   --->   Operation 68 'and' 'sel_tmp13' <Predicate = true> <Delay = 0.00> <Core = "LogicGate">   --->   Core 27 'LogicGate' <Latency = 0> <II = 1> <Delay = 0.97> <FuncUnit> <Opcode : 'and' 'or' 'xor'> <InPorts = 2> <OutPorts = 1>
ST_9 : Operation 69 [1/1] (0.97ns) (out node of the LUT)   --->   "%tmp25 = or i1 %sel_tmp8, %sel_tmp3" [Rubik_Cube_Layer_All/layerAll.cpp:721]   --->   Operation 69 'or' 'tmp25' <Predicate = true> <Delay = 0.97> <Core = "LogicGate">   --->   Core 27 'LogicGate' <Latency = 0> <II = 1> <Delay = 0.97> <FuncUnit> <Opcode : 'and' 'or' 'xor'> <InPorts = 2> <OutPorts = 1>
ST_9 : Operation 70 [1/1] (0.00ns) (grouped into LUT with out node agg_result_V)   --->   "%tmp26 = or i1 %sel_tmp13, %sel_tmp17" [Rubik_Cube_Layer_All/layerAll.cpp:729]   --->   Operation 70 'or' 'tmp26' <Predicate = true> <Delay = 0.00> <Core = "LogicGate">   --->   Core 27 'LogicGate' <Latency = 0> <II = 1> <Delay = 0.97> <FuncUnit> <Opcode : 'and' 'or' 'xor'> <InPorts = 2> <OutPorts = 1>
ST_9 : Operation 71 [1/1] (0.97ns) (out node of the LUT)   --->   "%agg_result_V = or i1 %tmp26, %tmp25" [Rubik_Cube_Layer_All/layerAll.cpp:729]   --->   Operation 71 'or' 'agg_result_V' <Predicate = true> <Delay = 0.97> <Core = "LogicGate">   --->   Core 27 'LogicGate' <Latency = 0> <II = 1> <Delay = 0.97> <FuncUnit> <Opcode : 'and' 'or' 'xor'> <InPorts = 2> <OutPorts = 1>
ST_9 : Operation 72 [1/1] (0.00ns)   --->   "ret i1 %agg_result_V" [Rubik_Cube_Layer_All/layerAll.cpp:737]   --->   Operation 72 'ret' <Predicate = true> <Delay = 0.00>


============================================================
+ Verbose Summary: Timing violations
============================================================
Target clock period: 12ns, clock uncertainty: 1.5ns.

 <State 1>: 2.32ns
The critical path consists of the following:
	'load' operation ('cubieColor_V_load', Rubik_Cube_Layer_All/layerAll.cpp:704) on array 'cubieColor_V' [3]  (2.32 ns)

 <State 2>: 3.45ns
The critical path consists of the following:
	'load' operation ('cubieColor_V_load', Rubik_Cube_Layer_All/layerAll.cpp:704) on array 'cubieColor_V' [3]  (2.32 ns)
	'icmp' operation ('tmp_s', Rubik_Cube_Layer_All/layerAll.cpp:704) [5]  (1.13 ns)

 <State 3>: 3.45ns
The critical path consists of the following:
	'load' operation ('cubieColor_V_load_152', Rubik_Cube_Layer_All/layerAll.cpp:712) on array 'cubieColor_V' [6]  (2.32 ns)
	'icmp' operation ('tmp_216', Rubik_Cube_Layer_All/layerAll.cpp:712) [7]  (1.13 ns)

 <State 4>: 3.45ns
The critical path consists of the following:
	'load' operation ('cubieColor_V_load_154', Rubik_Cube_Layer_All/layerAll.cpp:728) on array 'cubieColor_V' [10]  (2.32 ns)
	'icmp' operation ('tmp_218', Rubik_Cube_Layer_All/layerAll.cpp:728) [11]  (1.13 ns)

 <State 5>: 3.45ns
The critical path consists of the following:
	'load' operation ('cubieColor_V_load_156', Rubik_Cube_Layer_All/layerAll.cpp:705) on array 'cubieColor_V' [13]  (2.32 ns)
	'icmp' operation ('tmp_219', Rubik_Cube_Layer_All/layerAll.cpp:705) [14]  (1.13 ns)

 <State 6>: 3.45ns
The critical path consists of the following:
	'load' operation ('cubieColor_V_load_158', Rubik_Cube_Layer_All/layerAll.cpp:713) on array 'cubieColor_V' [16]  (2.32 ns)
	'icmp' operation ('tmp_220', Rubik_Cube_Layer_All/layerAll.cpp:713) [17]  (1.13 ns)

 <State 7>: 3.45ns
The critical path consists of the following:
	'load' operation ('cubieColor_V_load_160', Rubik_Cube_Layer_All/layerAll.cpp:729) on array 'cubieColor_V' [20]  (2.32 ns)
	'icmp' operation ('tmp_222', Rubik_Cube_Layer_All/layerAll.cpp:729) [21]  (1.13 ns)

 <State 8>: 4.43ns
The critical path consists of the following:
	'load' operation ('cubieColor_V_load_162', Rubik_Cube_Layer_All/layerAll.cpp:706) on array 'cubieColor_V' [23]  (2.32 ns)
	'icmp' operation ('tmp_223', Rubik_Cube_Layer_All/layerAll.cpp:706) [24]  (1.13 ns)
	'and' operation ('tmp19', Rubik_Cube_Layer_All/layerAll.cpp:705) [32]  (0 ns)
	'and' operation ('sel_tmp3', Rubik_Cube_Layer_All/layerAll.cpp:705) [33]  (0.978 ns)

 <State 9>: 5.41ns
The critical path consists of the following:
	'load' operation ('cubieColor_V_load_164', Rubik_Cube_Layer_All/layerAll.cpp:722) on array 'cubieColor_V' [26]  (2.32 ns)
	'icmp' operation ('tmp_224', Rubik_Cube_Layer_All/layerAll.cpp:722) [27]  (1.13 ns)
	'and' operation ('tmp21', Rubik_Cube_Layer_All/layerAll.cpp:721) [36]  (0 ns)
	'and' operation ('sel_tmp8', Rubik_Cube_Layer_All/layerAll.cpp:721) [37]  (0 ns)
	'or' operation ('tmp25', Rubik_Cube_Layer_All/layerAll.cpp:721) [45]  (0.978 ns)
	'or' operation ('agg_result_V', Rubik_Cube_Layer_All/layerAll.cpp:729) [47]  (0.978 ns)


============================================================
+ Verbose Summary: Binding
============================================================
N/A
* FSMD analyzer results:
  - Output states:
 - Input state : 
  - Chain level:
	State 1
	State 2
	State 3
	State 4
	State 5
	State 6
	State 7
	State 8
	State 9


============================================================
+ Verbose Summary: Datapath Resource usage 
============================================================
N/A
