

================================================================
== Vivado HLS Report for 'solveStage5a'
================================================================
* Date:           Fri Jan  4 20:12:21 2019

* Version:        2018.2 (Build 2258646 on Thu Jun 14 20:25:20 MDT 2018)
* Project:        Rubik_Cube_Layer_All
* Solution:       solution1
* Product family: zynq
* Target device:  xc7z020clg400-1


================================================================
== Performance Estimates
================================================================
+ Timing (ns): 
    * Summary: 
    +--------+-------+----------+------------+
    |  Clock | Target| Estimated| Uncertainty|
    +--------+-------+----------+------------+
    |ap_clk  |  12.00|     6.106|        1.50|
    +--------+-------+----------+------------+

+ Latency (clock cycles): 
    * Summary: 
    +------+------+------+------+---------+
    |   Latency   |   Interval  | Pipeline|
    |  min |  max |  min |  max |   Type  |
    +------+------+------+------+---------+
    |  1634|  2231|  1634|  2231|   none  |
    +------+------+------+------+---------+

    + Detail: 
        * Instance: 
        N/A

        * Loop: 
        N/A

============================================================
+ Verbose Summary: Synthesis Manager
============================================================
InlineROM: 1
ExposeGlobal: 0
============================================================
+ Verbose Summary: CDFG Model
============================================================
IsTopModel: 0
ResetActiveHigh: 1
IsCombinational: 0
IsDatapathOnly: 0
HasWiredReturn: 1
HasMFsm: 0
HasVarLatency: 1
IsPipeline: 0
IsRtlPipelined: 0
IsInstanceOverlapped: 0
IsDontTouch: 0
HasImplIP: 0
IsGatedGlobalClock: 0


============================================================
+ Verbose Summary: Schedule
============================================================
* Number of FSM states : 52
* Pipeline : 0
* Dataflow Pipeline: 0

* FSM state transitions: 
1 --> 
	2  / true
2 --> 
	3  / true
3 --> 
	4  / true
4 --> 
	15  / (p_s)
	5  / (!p_s & !p_8)
	8  / (!p_s & p_8)
5 --> 
	6  / true
6 --> 
	7  / (p_3)
	8  / (!p_3)
7 --> 
	8  / true
8 --> 
	9  / (!p_8 & p_3 & p_5)
	22  / (p_8) | (!p_3) | (!p_5)
9 --> 
	10  / true
10 --> 
	11  / true
11 --> 
	12  / true
12 --> 
	13  / true
13 --> 
	14  / true
14 --> 
	27  / true
15 --> 
	16  / true
16 --> 
	17  / (!p_8 & !p_1)
	22  / (!p_8 & p_1)
	23  / (p_8 & !p_1)
	24  / (p_8 & p_1)
17 --> 
	18  / true
18 --> 
	19  / (p_0)
	22  / (!p_0)
19 --> 
	20  / true
20 --> 
	21  / true
21 --> 
	22  / true
22 --> 
	14  / true
23 --> 
	24  / true
24 --> 
	25  / (!p_1 & !p_4)
	22  / (p_1) | (p_4)
25 --> 
	26  / true
26 --> 
	27  / true
27 --> 
	28  / true
28 --> 
	29  / true
29 --> 
	30  / true
30 --> 
	31  / true
31 --> 
	32  / true
32 --> 
	33  / true
33 --> 
	34  / true
34 --> 
	35  / true
35 --> 
	36  / true
36 --> 
	37  / true
37 --> 
	38  / true
38 --> 
	39  / true
39 --> 
	40  / true
40 --> 
	41  / true
41 --> 
	42  / true
42 --> 
	43  / true
43 --> 
	44  / true
44 --> 
	45  / true
45 --> 
	46  / true
46 --> 
	47  / true
47 --> 
	48  / true
48 --> 
	49  / true
49 --> 
	50  / true
50 --> 
	51  / true
51 --> 
	52  / true
52 --> 

* FSM state operations: 

State 1 <SV = 0> <Delay = 4.08>
ST_1 : Operation 53 [2/2] (4.08ns)   --->   "%p_s = call fastcc i1 @cornerCorrect(i3 1) nounwind" [Rubik_Cube_Layer_All/layerAll.cpp:1301]   --->   Operation 53 'call' 'p_s' <Predicate = true> <Delay = 4.08> <CoreType = "Generic">   --->   Core 0 '' <Latency = 0> <II = 1> <Delay = 1.00> <Generic> <Opcode : >

State 2 <SV = 1> <Delay = 5.40>
ST_2 : Operation 54 [1/2] (5.40ns)   --->   "%p_s = call fastcc i1 @cornerCorrect(i3 1) nounwind" [Rubik_Cube_Layer_All/layerAll.cpp:1301]   --->   Operation 54 'call' 'p_s' <Predicate = true> <Delay = 5.40> <CoreType = "Generic">   --->   Core 0 '' <Latency = 0> <II = 1> <Delay = 1.00> <Generic> <Opcode : >

State 3 <SV = 2> <Delay = 4.08>
ST_3 : Operation 55 [2/2] (4.08ns)   --->   "%p_8 = call fastcc i1 @cornerCorrect(i3 2) nounwind" [Rubik_Cube_Layer_All/layerAll.cpp:1301]   --->   Operation 55 'call' 'p_8' <Predicate = true> <Delay = 4.08> <CoreType = "Generic">   --->   Core 0 '' <Latency = 0> <II = 1> <Delay = 1.00> <Generic> <Opcode : >

State 4 <SV = 3> <Delay = 5.40>
ST_4 : Operation 56 [1/2] (5.40ns)   --->   "%p_8 = call fastcc i1 @cornerCorrect(i3 2) nounwind" [Rubik_Cube_Layer_All/layerAll.cpp:1301]   --->   Operation 56 'call' 'p_8' <Predicate = true> <Delay = 5.40> <CoreType = "Generic">   --->   Core 0 '' <Latency = 0> <II = 1> <Delay = 1.00> <Generic> <Opcode : >
ST_4 : Operation 57 [1/1] (0.00ns)   --->   "br i1 %p_s, label %1, label %.critedge" [Rubik_Cube_Layer_All/layerAll.cpp:1301]   --->   Operation 57 'br' <Predicate = true> <Delay = 0.00>
ST_4 : Operation 58 [1/1] (0.00ns)   --->   "br i1 %p_8, label %._crit_edge63, label %5" [Rubik_Cube_Layer_All/layerAll.cpp:1306]   --->   Operation 58 'br' <Predicate = (!p_s)> <Delay = 0.00>

State 5 <SV = 4> <Delay = 4.08>
ST_5 : Operation 59 [2/2] (4.08ns)   --->   "%p_3 = call fastcc i1 @cornerCorrect(i3 3) nounwind" [Rubik_Cube_Layer_All/layerAll.cpp:1307]   --->   Operation 59 'call' 'p_3' <Predicate = true> <Delay = 4.08> <CoreType = "Generic">   --->   Core 0 '' <Latency = 0> <II = 1> <Delay = 1.00> <Generic> <Opcode : >

State 6 <SV = 5> <Delay = 5.40>
ST_6 : Operation 60 [1/2] (5.40ns)   --->   "%p_3 = call fastcc i1 @cornerCorrect(i3 3) nounwind" [Rubik_Cube_Layer_All/layerAll.cpp:1307]   --->   Operation 60 'call' 'p_3' <Predicate = true> <Delay = 5.40> <CoreType = "Generic">   --->   Core 0 '' <Latency = 0> <II = 1> <Delay = 1.00> <Generic> <Opcode : >
ST_6 : Operation 61 [1/1] (0.00ns)   --->   "br i1 %p_3, label %6, label %._crit_edge63" [Rubik_Cube_Layer_All/layerAll.cpp:1307]   --->   Operation 61 'br' <Predicate = true> <Delay = 0.00>

State 7 <SV = 6> <Delay = 4.08>
ST_7 : Operation 62 [2/2] (4.08ns)   --->   "%p_5 = call fastcc i1 @cornerCorrect(i3 -4) nounwind" [Rubik_Cube_Layer_All/layerAll.cpp:1307]   --->   Operation 62 'call' 'p_5' <Predicate = true> <Delay = 4.08> <CoreType = "Generic">   --->   Core 0 '' <Latency = 0> <II = 1> <Delay = 1.00> <Generic> <Opcode : >

State 8 <SV = 7> <Delay = 5.40>
ST_8 : Operation 63 [1/2] (5.40ns)   --->   "%p_5 = call fastcc i1 @cornerCorrect(i3 -4) nounwind" [Rubik_Cube_Layer_All/layerAll.cpp:1307]   --->   Operation 63 'call' 'p_5' <Predicate = (!p_8 & p_3)> <Delay = 5.40> <CoreType = "Generic">   --->   Core 0 '' <Latency = 0> <II = 1> <Delay = 1.00> <Generic> <Opcode : >
ST_8 : Operation 64 [1/1] (0.00ns)   --->   "br i1 %p_5, label %7, label %._crit_edge63" [Rubik_Cube_Layer_All/layerAll.cpp:1307]   --->   Operation 64 'br' <Predicate = (!p_8 & p_3)> <Delay = 0.00>
ST_8 : Operation 65 [1/1] (0.00ns)   --->   "br label %._crit_edge67" [Rubik_Cube_Layer_All/layerAll.cpp:1313]   --->   Operation 65 'br' <Predicate = (p_8) | (!p_3) | (!p_5)> <Delay = 0.00>

State 9 <SV = 8> <Delay = 1.95>
ST_9 : Operation 66 [2/2] (1.95ns)   --->   "call fastcc void @rotateCubeHorizontal()" [Rubik_Cube_Layer_All/layerAll.cpp:1309]   --->   Operation 66 'call' <Predicate = true> <Delay = 1.95> <CoreType = "Generic">   --->   Core 0 '' <Latency = 0> <II = 1> <Delay = 1.00> <Generic> <Opcode : >

State 10 <SV = 9> <Delay = 0.00>
ST_10 : Operation 67 [1/2] (0.00ns)   --->   "call fastcc void @rotateCubeHorizontal()" [Rubik_Cube_Layer_All/layerAll.cpp:1309]   --->   Operation 67 'call' <Predicate = true> <Delay = 0.00> <CoreType = "Generic">   --->   Core 0 '' <Latency = 0> <II = 1> <Delay = 1.00> <Generic> <Opcode : >

State 11 <SV = 10> <Delay = 1.95>
ST_11 : Operation 68 [2/2] (1.95ns)   --->   "call fastcc void @rotateCubeHorizontal()" [Rubik_Cube_Layer_All/layerAll.cpp:1310]   --->   Operation 68 'call' <Predicate = true> <Delay = 1.95> <CoreType = "Generic">   --->   Core 0 '' <Latency = 0> <II = 1> <Delay = 1.00> <Generic> <Opcode : >

State 12 <SV = 11> <Delay = 0.00>
ST_12 : Operation 69 [1/2] (0.00ns)   --->   "call fastcc void @rotateCubeHorizontal()" [Rubik_Cube_Layer_All/layerAll.cpp:1310]   --->   Operation 69 'call' <Predicate = true> <Delay = 0.00> <CoreType = "Generic">   --->   Core 0 '' <Latency = 0> <II = 1> <Delay = 1.00> <Generic> <Opcode : >

State 13 <SV = 12> <Delay = 1.95>
ST_13 : Operation 70 [2/2] (1.95ns)   --->   "call fastcc void @rotateCubeHorizontal()" [Rubik_Cube_Layer_All/layerAll.cpp:1311]   --->   Operation 70 'call' <Predicate = true> <Delay = 1.95> <CoreType = "Generic">   --->   Core 0 '' <Latency = 0> <II = 1> <Delay = 1.00> <Generic> <Opcode : >

State 14 <SV = 13> <Delay = 0.00>
ST_14 : Operation 71 [1/2] (0.00ns)   --->   "call fastcc void @rotateCubeHorizontal()" [Rubik_Cube_Layer_All/layerAll.cpp:1311]   --->   Operation 71 'call' <Predicate = (!p_s & !p_8 & p_3 & p_5)> <Delay = 0.00> <CoreType = "Generic">   --->   Core 0 '' <Latency = 0> <II = 1> <Delay = 1.00> <Generic> <Opcode : >
ST_14 : Operation 72 [1/1] (0.00ns)   --->   "br label %10" [Rubik_Cube_Layer_All/layerAll.cpp:1312]   --->   Operation 72 'br' <Predicate = (!p_s & !p_8 & p_3 & p_5)> <Delay = 0.00>
ST_14 : Operation 73 [1/1] (0.00ns)   --->   "br label %11"   --->   Operation 73 'br' <Predicate = true> <Delay = 0.00>

State 15 <SV = 4> <Delay = 4.08>
ST_15 : Operation 74 [2/2] (4.08ns)   --->   "%p_1 = call fastcc i1 @cornerCorrect(i3 3) nounwind" [Rubik_Cube_Layer_All/layerAll.cpp:1302]   --->   Operation 74 'call' 'p_1' <Predicate = true> <Delay = 4.08> <CoreType = "Generic">   --->   Core 0 '' <Latency = 0> <II = 1> <Delay = 1.00> <Generic> <Opcode : >

State 16 <SV = 5> <Delay = 5.40>
ST_16 : Operation 75 [1/2] (5.40ns)   --->   "%p_1 = call fastcc i1 @cornerCorrect(i3 3) nounwind" [Rubik_Cube_Layer_All/layerAll.cpp:1302]   --->   Operation 75 'call' 'p_1' <Predicate = true> <Delay = 5.40> <CoreType = "Generic">   --->   Core 0 '' <Latency = 0> <II = 1> <Delay = 1.00> <Generic> <Opcode : >
ST_16 : Operation 76 [1/1] (0.00ns)   --->   "br i1 %p_8, label %2, label %.critedge1" [Rubik_Cube_Layer_All/layerAll.cpp:1301]   --->   Operation 76 'br' <Predicate = true> <Delay = 0.00>
ST_16 : Operation 77 [1/1] (0.00ns)   --->   "br i1 %p_1, label %._crit_edge67, label %8" [Rubik_Cube_Layer_All/layerAll.cpp:1314]   --->   Operation 77 'br' <Predicate = (!p_8)> <Delay = 0.00>
ST_16 : Operation 78 [1/1] (0.00ns)   --->   "br i1 %p_1, label %.critedge71, label %3" [Rubik_Cube_Layer_All/layerAll.cpp:1302]   --->   Operation 78 'br' <Predicate = (p_8)> <Delay = 0.00>

State 17 <SV = 6> <Delay = 4.08>
ST_17 : Operation 79 [2/2] (4.08ns)   --->   "%p_0 = call fastcc i1 @cornerCorrect(i3 -4) nounwind" [Rubik_Cube_Layer_All/layerAll.cpp:1314]   --->   Operation 79 'call' 'p_0' <Predicate = true> <Delay = 4.08> <CoreType = "Generic">   --->   Core 0 '' <Latency = 0> <II = 1> <Delay = 1.00> <Generic> <Opcode : >

State 18 <SV = 7> <Delay = 5.40>
ST_18 : Operation 80 [1/2] (5.40ns)   --->   "%p_0 = call fastcc i1 @cornerCorrect(i3 -4) nounwind" [Rubik_Cube_Layer_All/layerAll.cpp:1314]   --->   Operation 80 'call' 'p_0' <Predicate = true> <Delay = 5.40> <CoreType = "Generic">   --->   Core 0 '' <Latency = 0> <II = 1> <Delay = 1.00> <Generic> <Opcode : >
ST_18 : Operation 81 [1/1] (0.00ns)   --->   "br i1 %p_0, label %9, label %._crit_edge67" [Rubik_Cube_Layer_All/layerAll.cpp:1314]   --->   Operation 81 'br' <Predicate = true> <Delay = 0.00>

State 19 <SV = 8> <Delay = 1.95>
ST_19 : Operation 82 [2/2] (1.95ns)   --->   "call fastcc void @rotateCubeHorizontal()" [Rubik_Cube_Layer_All/layerAll.cpp:1316]   --->   Operation 82 'call' <Predicate = true> <Delay = 1.95> <CoreType = "Generic">   --->   Core 0 '' <Latency = 0> <II = 1> <Delay = 1.00> <Generic> <Opcode : >

State 20 <SV = 9> <Delay = 0.00>
ST_20 : Operation 83 [1/2] (0.00ns)   --->   "call fastcc void @rotateCubeHorizontal()" [Rubik_Cube_Layer_All/layerAll.cpp:1316]   --->   Operation 83 'call' <Predicate = true> <Delay = 0.00> <CoreType = "Generic">   --->   Core 0 '' <Latency = 0> <II = 1> <Delay = 1.00> <Generic> <Opcode : >

State 21 <SV = 10> <Delay = 1.95>
ST_21 : Operation 84 [2/2] (1.95ns)   --->   "call fastcc void @rotateCubeHorizontal()" [Rubik_Cube_Layer_All/layerAll.cpp:1317]   --->   Operation 84 'call' <Predicate = true> <Delay = 1.95> <CoreType = "Generic">   --->   Core 0 '' <Latency = 0> <II = 1> <Delay = 1.00> <Generic> <Opcode : >

State 22 <SV = 11> <Delay = 0.00>
ST_22 : Operation 85 [1/2] (0.00ns)   --->   "call fastcc void @rotateCubeHorizontal()" [Rubik_Cube_Layer_All/layerAll.cpp:1317]   --->   Operation 85 'call' <Predicate = (p_s & !p_8 & !p_1 & p_0)> <Delay = 0.00> <CoreType = "Generic">   --->   Core 0 '' <Latency = 0> <II = 1> <Delay = 1.00> <Generic> <Opcode : >
ST_22 : Operation 86 [1/1] (0.00ns)   --->   "br label %._crit_edge67" [Rubik_Cube_Layer_All/layerAll.cpp:1318]   --->   Operation 86 'br' <Predicate = (p_s & !p_8 & !p_1 & p_0)> <Delay = 0.00>
ST_22 : Operation 87 [1/1] (0.00ns)   --->   "br label %10"   --->   Operation 87 'br' <Predicate = true> <Delay = 0.00>

State 23 <SV = 6> <Delay = 4.08>
ST_23 : Operation 88 [2/2] (4.08ns)   --->   "%p_4 = call fastcc i1 @cornerCorrect(i3 -4) nounwind" [Rubik_Cube_Layer_All/layerAll.cpp:1302]   --->   Operation 88 'call' 'p_4' <Predicate = true> <Delay = 4.08> <CoreType = "Generic">   --->   Core 0 '' <Latency = 0> <II = 1> <Delay = 1.00> <Generic> <Opcode : >

State 24 <SV = 7> <Delay = 5.40>
ST_24 : Operation 89 [1/2] (5.40ns)   --->   "%p_4 = call fastcc i1 @cornerCorrect(i3 -4) nounwind" [Rubik_Cube_Layer_All/layerAll.cpp:1302]   --->   Operation 89 'call' 'p_4' <Predicate = (!p_1)> <Delay = 5.40> <CoreType = "Generic">   --->   Core 0 '' <Latency = 0> <II = 1> <Delay = 1.00> <Generic> <Opcode : >
ST_24 : Operation 90 [1/1] (0.00ns)   --->   "br i1 %p_4, label %.critedge71, label %4" [Rubik_Cube_Layer_All/layerAll.cpp:1302]   --->   Operation 90 'br' <Predicate = (!p_1)> <Delay = 0.00>
ST_24 : Operation 91 [1/1] (0.00ns)   --->   "br label %._crit_edge67" [Rubik_Cube_Layer_All/layerAll.cpp:1313]   --->   Operation 91 'br' <Predicate = (p_1) | (p_4)> <Delay = 0.00>

State 25 <SV = 8> <Delay = 1.95>
ST_25 : Operation 92 [2/2] (1.95ns)   --->   "call fastcc void @rotateCubeHorizontal()" [Rubik_Cube_Layer_All/layerAll.cpp:1304]   --->   Operation 92 'call' <Predicate = true> <Delay = 1.95> <CoreType = "Generic">   --->   Core 0 '' <Latency = 0> <II = 1> <Delay = 1.00> <Generic> <Opcode : >

State 26 <SV = 9> <Delay = 0.00>
ST_26 : Operation 93 [1/2] (0.00ns)   --->   "call fastcc void @rotateCubeHorizontal()" [Rubik_Cube_Layer_All/layerAll.cpp:1304]   --->   Operation 93 'call' <Predicate = true> <Delay = 0.00> <CoreType = "Generic">   --->   Core 0 '' <Latency = 0> <II = 1> <Delay = 1.00> <Generic> <Opcode : >
ST_26 : Operation 94 [1/1] (0.00ns)   --->   "br label %11" [Rubik_Cube_Layer_All/layerAll.cpp:1305]   --->   Operation 94 'br' <Predicate = true> <Delay = 0.00>

State 27 <SV = 14> <Delay = 4.40>
ST_27 : Operation 95 [2/2] (4.40ns)   --->   "call fastcc void @turnCube(i4 -5) nounwind" [Rubik_Cube_Layer_All/layerAll.cpp:1251->Rubik_Cube_Layer_All/layerAll.cpp:1319]   --->   Operation 95 'call' <Predicate = true> <Delay = 4.40> <CoreType = "Generic">   --->   Core 0 '' <Latency = 0> <II = 1> <Delay = 1.00> <Generic> <Opcode : >

State 28 <SV = 15> <Delay = 0.00>
ST_28 : Operation 96 [1/2] (0.00ns)   --->   "call fastcc void @turnCube(i4 -5) nounwind" [Rubik_Cube_Layer_All/layerAll.cpp:1251->Rubik_Cube_Layer_All/layerAll.cpp:1319]   --->   Operation 96 'call' <Predicate = true> <Delay = 0.00> <CoreType = "Generic">   --->   Core 0 '' <Latency = 0> <II = 1> <Delay = 1.00> <Generic> <Opcode : >

State 29 <SV = 16> <Delay = 4.40>
ST_29 : Operation 97 [2/2] (4.40ns)   --->   "call fastcc void @turnCube(i4 6) nounwind" [Rubik_Cube_Layer_All/layerAll.cpp:1252->Rubik_Cube_Layer_All/layerAll.cpp:1319]   --->   Operation 97 'call' <Predicate = true> <Delay = 4.40> <CoreType = "Generic">   --->   Core 0 '' <Latency = 0> <II = 1> <Delay = 1.00> <Generic> <Opcode : >

State 30 <SV = 17> <Delay = 0.00>
ST_30 : Operation 98 [1/2] (0.00ns)   --->   "call fastcc void @turnCube(i4 6) nounwind" [Rubik_Cube_Layer_All/layerAll.cpp:1252->Rubik_Cube_Layer_All/layerAll.cpp:1319]   --->   Operation 98 'call' <Predicate = true> <Delay = 0.00> <CoreType = "Generic">   --->   Core 0 '' <Latency = 0> <II = 1> <Delay = 1.00> <Generic> <Opcode : >

State 31 <SV = 18> <Delay = 4.40>
ST_31 : Operation 99 [2/2] (4.40ns)   --->   "call fastcc void @turnCube(i4 -5) nounwind" [Rubik_Cube_Layer_All/layerAll.cpp:1253->Rubik_Cube_Layer_All/layerAll.cpp:1319]   --->   Operation 99 'call' <Predicate = true> <Delay = 4.40> <CoreType = "Generic">   --->   Core 0 '' <Latency = 0> <II = 1> <Delay = 1.00> <Generic> <Opcode : >

State 32 <SV = 19> <Delay = 0.00>
ST_32 : Operation 100 [1/2] (0.00ns)   --->   "call fastcc void @turnCube(i4 -5) nounwind" [Rubik_Cube_Layer_All/layerAll.cpp:1253->Rubik_Cube_Layer_All/layerAll.cpp:1319]   --->   Operation 100 'call' <Predicate = true> <Delay = 0.00> <CoreType = "Generic">   --->   Core 0 '' <Latency = 0> <II = 1> <Delay = 1.00> <Generic> <Opcode : >

State 33 <SV = 20> <Delay = 4.40>
ST_33 : Operation 101 [2/2] (4.40ns)   --->   "call fastcc void @turnCube(i4 4) nounwind" [Rubik_Cube_Layer_All/layerAll.cpp:1254->Rubik_Cube_Layer_All/layerAll.cpp:1319]   --->   Operation 101 'call' <Predicate = true> <Delay = 4.40> <CoreType = "Generic">   --->   Core 0 '' <Latency = 0> <II = 1> <Delay = 1.00> <Generic> <Opcode : >

State 34 <SV = 21> <Delay = 0.00>
ST_34 : Operation 102 [1/2] (0.00ns)   --->   "call fastcc void @turnCube(i4 4) nounwind" [Rubik_Cube_Layer_All/layerAll.cpp:1254->Rubik_Cube_Layer_All/layerAll.cpp:1319]   --->   Operation 102 'call' <Predicate = true> <Delay = 0.00> <CoreType = "Generic">   --->   Core 0 '' <Latency = 0> <II = 1> <Delay = 1.00> <Generic> <Opcode : >

State 35 <SV = 22> <Delay = 4.40>
ST_35 : Operation 103 [2/2] (4.40ns)   --->   "call fastcc void @turnCube(i4 4) nounwind" [Rubik_Cube_Layer_All/layerAll.cpp:1255->Rubik_Cube_Layer_All/layerAll.cpp:1319]   --->   Operation 103 'call' <Predicate = true> <Delay = 4.40> <CoreType = "Generic">   --->   Core 0 '' <Latency = 0> <II = 1> <Delay = 1.00> <Generic> <Opcode : >

State 36 <SV = 23> <Delay = 0.00>
ST_36 : Operation 104 [1/2] (0.00ns)   --->   "call fastcc void @turnCube(i4 4) nounwind" [Rubik_Cube_Layer_All/layerAll.cpp:1255->Rubik_Cube_Layer_All/layerAll.cpp:1319]   --->   Operation 104 'call' <Predicate = true> <Delay = 0.00> <CoreType = "Generic">   --->   Core 0 '' <Latency = 0> <II = 1> <Delay = 1.00> <Generic> <Opcode : >

State 37 <SV = 24> <Delay = 4.40>
ST_37 : Operation 105 [2/2] (4.40ns)   --->   "call fastcc void @turnCube(i4 -6) nounwind" [Rubik_Cube_Layer_All/layerAll.cpp:1256->Rubik_Cube_Layer_All/layerAll.cpp:1319]   --->   Operation 105 'call' <Predicate = true> <Delay = 4.40> <CoreType = "Generic">   --->   Core 0 '' <Latency = 0> <II = 1> <Delay = 1.00> <Generic> <Opcode : >

State 38 <SV = 25> <Delay = 0.00>
ST_38 : Operation 106 [1/2] (0.00ns)   --->   "call fastcc void @turnCube(i4 -6) nounwind" [Rubik_Cube_Layer_All/layerAll.cpp:1256->Rubik_Cube_Layer_All/layerAll.cpp:1319]   --->   Operation 106 'call' <Predicate = true> <Delay = 0.00> <CoreType = "Generic">   --->   Core 0 '' <Latency = 0> <II = 1> <Delay = 1.00> <Generic> <Opcode : >

State 39 <SV = 26> <Delay = 4.40>
ST_39 : Operation 107 [2/2] (4.40ns)   --->   "call fastcc void @turnCube(i4 7) nounwind" [Rubik_Cube_Layer_All/layerAll.cpp:1257->Rubik_Cube_Layer_All/layerAll.cpp:1319]   --->   Operation 107 'call' <Predicate = true> <Delay = 4.40> <CoreType = "Generic">   --->   Core 0 '' <Latency = 0> <II = 1> <Delay = 1.00> <Generic> <Opcode : >

State 40 <SV = 27> <Delay = 0.00>
ST_40 : Operation 108 [1/2] (0.00ns)   --->   "call fastcc void @turnCube(i4 7) nounwind" [Rubik_Cube_Layer_All/layerAll.cpp:1257->Rubik_Cube_Layer_All/layerAll.cpp:1319]   --->   Operation 108 'call' <Predicate = true> <Delay = 0.00> <CoreType = "Generic">   --->   Core 0 '' <Latency = 0> <II = 1> <Delay = 1.00> <Generic> <Opcode : >

State 41 <SV = 28> <Delay = 4.40>
ST_41 : Operation 109 [2/2] (4.40ns)   --->   "call fastcc void @turnCube(i4 -5) nounwind" [Rubik_Cube_Layer_All/layerAll.cpp:1258->Rubik_Cube_Layer_All/layerAll.cpp:1319]   --->   Operation 109 'call' <Predicate = true> <Delay = 4.40> <CoreType = "Generic">   --->   Core 0 '' <Latency = 0> <II = 1> <Delay = 1.00> <Generic> <Opcode : >

State 42 <SV = 29> <Delay = 0.00>
ST_42 : Operation 110 [1/2] (0.00ns)   --->   "call fastcc void @turnCube(i4 -5) nounwind" [Rubik_Cube_Layer_All/layerAll.cpp:1258->Rubik_Cube_Layer_All/layerAll.cpp:1319]   --->   Operation 110 'call' <Predicate = true> <Delay = 0.00> <CoreType = "Generic">   --->   Core 0 '' <Latency = 0> <II = 1> <Delay = 1.00> <Generic> <Opcode : >

State 43 <SV = 30> <Delay = 4.40>
ST_43 : Operation 111 [2/2] (4.40ns)   --->   "call fastcc void @turnCube(i4 4) nounwind" [Rubik_Cube_Layer_All/layerAll.cpp:1259->Rubik_Cube_Layer_All/layerAll.cpp:1319]   --->   Operation 111 'call' <Predicate = true> <Delay = 4.40> <CoreType = "Generic">   --->   Core 0 '' <Latency = 0> <II = 1> <Delay = 1.00> <Generic> <Opcode : >

State 44 <SV = 31> <Delay = 0.00>
ST_44 : Operation 112 [1/2] (0.00ns)   --->   "call fastcc void @turnCube(i4 4) nounwind" [Rubik_Cube_Layer_All/layerAll.cpp:1259->Rubik_Cube_Layer_All/layerAll.cpp:1319]   --->   Operation 112 'call' <Predicate = true> <Delay = 0.00> <CoreType = "Generic">   --->   Core 0 '' <Latency = 0> <II = 1> <Delay = 1.00> <Generic> <Opcode : >

State 45 <SV = 32> <Delay = 4.40>
ST_45 : Operation 113 [2/2] (4.40ns)   --->   "call fastcc void @turnCube(i4 4) nounwind" [Rubik_Cube_Layer_All/layerAll.cpp:1260->Rubik_Cube_Layer_All/layerAll.cpp:1319]   --->   Operation 113 'call' <Predicate = true> <Delay = 4.40> <CoreType = "Generic">   --->   Core 0 '' <Latency = 0> <II = 1> <Delay = 1.00> <Generic> <Opcode : >

State 46 <SV = 33> <Delay = 0.00>
ST_46 : Operation 114 [1/2] (0.00ns)   --->   "call fastcc void @turnCube(i4 4) nounwind" [Rubik_Cube_Layer_All/layerAll.cpp:1260->Rubik_Cube_Layer_All/layerAll.cpp:1319]   --->   Operation 114 'call' <Predicate = true> <Delay = 0.00> <CoreType = "Generic">   --->   Core 0 '' <Latency = 0> <II = 1> <Delay = 1.00> <Generic> <Opcode : >

State 47 <SV = 34> <Delay = 4.40>
ST_47 : Operation 115 [2/2] (4.40ns)   --->   "call fastcc void @turnCube(i4 -6) nounwind" [Rubik_Cube_Layer_All/layerAll.cpp:1261->Rubik_Cube_Layer_All/layerAll.cpp:1319]   --->   Operation 115 'call' <Predicate = true> <Delay = 4.40> <CoreType = "Generic">   --->   Core 0 '' <Latency = 0> <II = 1> <Delay = 1.00> <Generic> <Opcode : >

State 48 <SV = 35> <Delay = 0.00>
ST_48 : Operation 116 [1/2] (0.00ns)   --->   "call fastcc void @turnCube(i4 -6) nounwind" [Rubik_Cube_Layer_All/layerAll.cpp:1261->Rubik_Cube_Layer_All/layerAll.cpp:1319]   --->   Operation 116 'call' <Predicate = true> <Delay = 0.00> <CoreType = "Generic">   --->   Core 0 '' <Latency = 0> <II = 1> <Delay = 1.00> <Generic> <Opcode : >

State 49 <SV = 36> <Delay = 4.40>
ST_49 : Operation 117 [2/2] (4.40ns)   --->   "call fastcc void @turnCube(i4 -6) nounwind" [Rubik_Cube_Layer_All/layerAll.cpp:1262->Rubik_Cube_Layer_All/layerAll.cpp:1319]   --->   Operation 117 'call' <Predicate = true> <Delay = 4.40> <CoreType = "Generic">   --->   Core 0 '' <Latency = 0> <II = 1> <Delay = 1.00> <Generic> <Opcode : >

State 50 <SV = 37> <Delay = 0.00>
ST_50 : Operation 118 [1/2] (0.00ns)   --->   "call fastcc void @turnCube(i4 -6) nounwind" [Rubik_Cube_Layer_All/layerAll.cpp:1262->Rubik_Cube_Layer_All/layerAll.cpp:1319]   --->   Operation 118 'call' <Predicate = true> <Delay = 0.00> <CoreType = "Generic">   --->   Core 0 '' <Latency = 0> <II = 1> <Delay = 1.00> <Generic> <Opcode : >

State 51 <SV = 38> <Delay = 4.40>
ST_51 : Operation 119 [2/2] (4.40ns)   --->   "call fastcc void @turnCube(i4 1) nounwind" [Rubik_Cube_Layer_All/layerAll.cpp:1263->Rubik_Cube_Layer_All/layerAll.cpp:1319]   --->   Operation 119 'call' <Predicate = true> <Delay = 4.40> <CoreType = "Generic">   --->   Core 0 '' <Latency = 0> <II = 1> <Delay = 1.00> <Generic> <Opcode : >

State 52 <SV = 39> <Delay = 0.00>
ST_52 : Operation 120 [1/2] (0.00ns)   --->   "call fastcc void @turnCube(i4 1) nounwind" [Rubik_Cube_Layer_All/layerAll.cpp:1263->Rubik_Cube_Layer_All/layerAll.cpp:1319]   --->   Operation 120 'call' <Predicate = true> <Delay = 0.00> <CoreType = "Generic">   --->   Core 0 '' <Latency = 0> <II = 1> <Delay = 1.00> <Generic> <Opcode : >
ST_52 : Operation 121 [1/1] (0.00ns)   --->   "ret void" [Rubik_Cube_Layer_All/layerAll.cpp:1321]   --->   Operation 121 'ret' <Predicate = true> <Delay = 0.00>


============================================================
+ Verbose Summary: Timing violations
============================================================
Target clock period: 12ns, clock uncertainty: 1.5ns.

 <State 1>: 4.09ns
The critical path consists of the following:
	'call' operation ('p_s', Rubik_Cube_Layer_All/layerAll.cpp:1301) to 'cornerCorrect' [4]  (4.09 ns)

 <State 2>: 5.41ns
The critical path consists of the following:
	'call' operation ('p_s', Rubik_Cube_Layer_All/layerAll.cpp:1301) to 'cornerCorrect' [4]  (5.41 ns)

 <State 3>: 4.09ns
The critical path consists of the following:
	'call' operation ('p_8', Rubik_Cube_Layer_All/layerAll.cpp:1301) to 'cornerCorrect' [5]  (4.09 ns)

 <State 4>: 5.41ns
The critical path consists of the following:
	'call' operation ('p_8', Rubik_Cube_Layer_All/layerAll.cpp:1301) to 'cornerCorrect' [5]  (5.41 ns)

 <State 5>: 4.09ns
The critical path consists of the following:
	'call' operation ('p_3', Rubik_Cube_Layer_All/layerAll.cpp:1307) to 'cornerCorrect' [10]  (4.09 ns)

 <State 6>: 5.41ns
The critical path consists of the following:
	'call' operation ('p_3', Rubik_Cube_Layer_All/layerAll.cpp:1307) to 'cornerCorrect' [10]  (5.41 ns)

 <State 7>: 4.09ns
The critical path consists of the following:
	'call' operation ('p_5', Rubik_Cube_Layer_All/layerAll.cpp:1307) to 'cornerCorrect' [13]  (4.09 ns)

 <State 8>: 5.41ns
The critical path consists of the following:
	'call' operation ('p_5', Rubik_Cube_Layer_All/layerAll.cpp:1307) to 'cornerCorrect' [13]  (5.41 ns)

 <State 9>: 1.95ns
The critical path consists of the following:
	'call' operation (Rubik_Cube_Layer_All/layerAll.cpp:1309) to 'rotateCubeHorizontal' [16]  (1.95 ns)

 <State 10>: 0ns
The critical path consists of the following:

 <State 11>: 1.95ns
The critical path consists of the following:
	'call' operation (Rubik_Cube_Layer_All/layerAll.cpp:1310) to 'rotateCubeHorizontal' [17]  (1.95 ns)

 <State 12>: 0ns
The critical path consists of the following:

 <State 13>: 1.95ns
The critical path consists of the following:
	'call' operation (Rubik_Cube_Layer_All/layerAll.cpp:1311) to 'rotateCubeHorizontal' [18]  (1.95 ns)

 <State 14>: 0ns
The critical path consists of the following:

 <State 15>: 4.09ns
The critical path consists of the following:
	'call' operation ('p_1', Rubik_Cube_Layer_All/layerAll.cpp:1302) to 'cornerCorrect' [23]  (4.09 ns)

 <State 16>: 5.41ns
The critical path consists of the following:
	'call' operation ('p_1', Rubik_Cube_Layer_All/layerAll.cpp:1302) to 'cornerCorrect' [23]  (5.41 ns)

 <State 17>: 4.09ns
The critical path consists of the following:
	'call' operation ('p_0', Rubik_Cube_Layer_All/layerAll.cpp:1314) to 'cornerCorrect' [28]  (4.09 ns)

 <State 18>: 5.41ns
The critical path consists of the following:
	'call' operation ('p_0', Rubik_Cube_Layer_All/layerAll.cpp:1314) to 'cornerCorrect' [28]  (5.41 ns)

 <State 19>: 1.95ns
The critical path consists of the following:
	'call' operation (Rubik_Cube_Layer_All/layerAll.cpp:1316) to 'rotateCubeHorizontal' [31]  (1.95 ns)

 <State 20>: 0ns
The critical path consists of the following:

 <State 21>: 1.95ns
The critical path consists of the following:
	'call' operation (Rubik_Cube_Layer_All/layerAll.cpp:1317) to 'rotateCubeHorizontal' [32]  (1.95 ns)

 <State 22>: 0ns
The critical path consists of the following:

 <State 23>: 4.09ns
The critical path consists of the following:
	'call' operation ('p_4', Rubik_Cube_Layer_All/layerAll.cpp:1302) to 'cornerCorrect' [37]  (4.09 ns)

 <State 24>: 5.41ns
The critical path consists of the following:
	'call' operation ('p_4', Rubik_Cube_Layer_All/layerAll.cpp:1302) to 'cornerCorrect' [37]  (5.41 ns)

 <State 25>: 1.95ns
The critical path consists of the following:
	'call' operation (Rubik_Cube_Layer_All/layerAll.cpp:1304) to 'rotateCubeHorizontal' [40]  (1.95 ns)

 <State 26>: 0ns
The critical path consists of the following:

 <State 27>: 4.4ns
The critical path consists of the following:
	'call' operation (Rubik_Cube_Layer_All/layerAll.cpp:1251->Rubik_Cube_Layer_All/layerAll.cpp:1319) to 'turnCube' [49]  (4.4 ns)

 <State 28>: 0ns
The critical path consists of the following:

 <State 29>: 4.4ns
The critical path consists of the following:
	'call' operation (Rubik_Cube_Layer_All/layerAll.cpp:1252->Rubik_Cube_Layer_All/layerAll.cpp:1319) to 'turnCube' [50]  (4.4 ns)

 <State 30>: 0ns
The critical path consists of the following:

 <State 31>: 4.4ns
The critical path consists of the following:
	'call' operation (Rubik_Cube_Layer_All/layerAll.cpp:1253->Rubik_Cube_Layer_All/layerAll.cpp:1319) to 'turnCube' [51]  (4.4 ns)

 <State 32>: 0ns
The critical path consists of the following:

 <State 33>: 4.4ns
The critical path consists of the following:
	'call' operation (Rubik_Cube_Layer_All/layerAll.cpp:1254->Rubik_Cube_Layer_All/layerAll.cpp:1319) to 'turnCube' [52]  (4.4 ns)

 <State 34>: 0ns
The critical path consists of the following:

 <State 35>: 4.4ns
The critical path consists of the following:
	'call' operation (Rubik_Cube_Layer_All/layerAll.cpp:1255->Rubik_Cube_Layer_All/layerAll.cpp:1319) to 'turnCube' [53]  (4.4 ns)

 <State 36>: 0ns
The critical path consists of the following:

 <State 37>: 4.4ns
The critical path consists of the following:
	'call' operation (Rubik_Cube_Layer_All/layerAll.cpp:1256->Rubik_Cube_Layer_All/layerAll.cpp:1319) to 'turnCube' [54]  (4.4 ns)

 <State 38>: 0ns
The critical path consists of the following:

 <State 39>: 4.4ns
The critical path consists of the following:
	'call' operation (Rubik_Cube_Layer_All/layerAll.cpp:1257->Rubik_Cube_Layer_All/layerAll.cpp:1319) to 'turnCube' [55]  (4.4 ns)

 <State 40>: 0ns
The critical path consists of the following:

 <State 41>: 4.4ns
The critical path consists of the following:
	'call' operation (Rubik_Cube_Layer_All/layerAll.cpp:1258->Rubik_Cube_Layer_All/layerAll.cpp:1319) to 'turnCube' [56]  (4.4 ns)

 <State 42>: 0ns
The critical path consists of the following:

 <State 43>: 4.4ns
The critical path consists of the following:
	'call' operation (Rubik_Cube_Layer_All/layerAll.cpp:1259->Rubik_Cube_Layer_All/layerAll.cpp:1319) to 'turnCube' [57]  (4.4 ns)

 <State 44>: 0ns
The critical path consists of the following:

 <State 45>: 4.4ns
The critical path consists of the following:
	'call' operation (Rubik_Cube_Layer_All/layerAll.cpp:1260->Rubik_Cube_Layer_All/layerAll.cpp:1319) to 'turnCube' [58]  (4.4 ns)

 <State 46>: 0ns
The critical path consists of the following:

 <State 47>: 4.4ns
The critical path consists of the following:
	'call' operation (Rubik_Cube_Layer_All/layerAll.cpp:1261->Rubik_Cube_Layer_All/layerAll.cpp:1319) to 'turnCube' [59]  (4.4 ns)

 <State 48>: 0ns
The critical path consists of the following:

 <State 49>: 4.4ns
The critical path consists of the following:
	'call' operation (Rubik_Cube_Layer_All/layerAll.cpp:1262->Rubik_Cube_Layer_All/layerAll.cpp:1319) to 'turnCube' [60]  (4.4 ns)

 <State 50>: 0ns
The critical path consists of the following:

 <State 51>: 4.4ns
The critical path consists of the following:
	'call' operation (Rubik_Cube_Layer_All/layerAll.cpp:1263->Rubik_Cube_Layer_All/layerAll.cpp:1319) to 'turnCube' [61]  (4.4 ns)

 <State 52>: 0ns
The critical path consists of the following:


============================================================
+ Verbose Summary: Binding
============================================================
N/A
* FSMD analyzer results:
  - Output states:
 - Input state : 
  - Chain level:
	State 1
	State 2
	State 3
	State 4
	State 5
	State 6
	State 7
	State 8
	State 9
	State 10
	State 11
	State 12
	State 13
	State 14
	State 15
	State 16
	State 17
	State 18
	State 19
	State 20
	State 21
	State 22
	State 23
	State 24
	State 25
	State 26
	State 27
	State 28
	State 29
	State 30
	State 31
	State 32
	State 33
	State 34
	State 35
	State 36
	State 37
	State 38
	State 39
	State 40
	State 41
	State 42
	State 43
	State 44
	State 45
	State 46
	State 47
	State 48
	State 49
	State 50
	State 51
	State 52


============================================================
+ Verbose Summary: Datapath Resource usage 
============================================================
N/A
