

================================================================
== Vivado HLS Report for 'solveStage4a'
================================================================
* Date:           Fri Jan  4 20:12:19 2019

* Version:        2018.2 (Build 2258646 on Thu Jun 14 20:25:20 MDT 2018)
* Project:        Rubik_Cube_Layer_All
* Solution:       solution1
* Product family: zynq
* Target device:  xc7z020clg400-1


================================================================
== Performance Estimates
================================================================
+ Timing (ns): 
    * Summary: 
    +--------+-------+----------+------------+
    |  Clock | Target| Estimated| Uncertainty|
    +--------+-------+----------+------------+
    |ap_clk  |  12.00|     6.665|        1.50|
    +--------+-------+----------+------------+

+ Latency (clock cycles): 
    * Summary: 
    +-----+------+-----+------+---------+
    |   Latency  |  Interval  | Pipeline|
    | min |  max | min |  max |   Type  |
    +-----+------+-----+------+---------+
    |   13|  3023|   13|  3023|   none  |
    +-----+------+-----+------+---------+

    + Detail: 
        * Instance: 
        +--------------------------------+----------------------+-----+-----+-----+-----+---------+
        |                                |                      |  Latency  |  Interval | Pipeline|
        |            Instance            |        Module        | min | max | min | max |   Type  |
        +--------------------------------+----------------------+-----+-----+-----+-----+---------+
        |grp_turnCube_fu_61              |turnCube              |  122|  132|  122|  132|   none  |
        |grp_rotateCubeHorizontal_fu_78  |rotateCubeHorizontal  |  148|  148|  148|  148|   none  |
        +--------------------------------+----------------------+-----+-----+-----+-----+---------+

        * Loop: 
        N/A

============================================================
+ Verbose Summary: Synthesis Manager
============================================================
InlineROM: 1
ExposeGlobal: 0
============================================================
+ Verbose Summary: CDFG Model
============================================================
IsTopModel: 0
ResetActiveHigh: 1
IsCombinational: 0
IsDatapathOnly: 0
HasWiredReturn: 1
HasMFsm: 0
HasVarLatency: 1
IsPipeline: 0
IsRtlPipelined: 0
IsInstanceOverlapped: 0
IsDontTouch: 0
HasImplIP: 0
IsGatedGlobalClock: 0


============================================================
+ Verbose Summary: Schedule
============================================================
* Number of FSM states : 63
* Pipeline : 0
* Dataflow Pipeline: 0

* FSM state transitions: 
1 --> 
	2  / true
2 --> 
	3  / true
3 --> 
	4  / true
4 --> 
	5  / (!or_cond7)
	16  / (or_cond7)
5 --> 
	6  / true
6 --> 
	7  / true
7 --> 
	8  / true
8 --> 
	9  / true
9 --> 
	10  / true
10 --> 
	11  / true
11 --> 
	12  / true
12 --> 
	13  / true
13 --> 
	14  / true
14 --> 
	15  / true
15 --> 
	16  / true
16 --> 
	17  / true
17 --> 
	18  / true
18 --> 
	19  / true
19 --> 
	20  / (!tmp_17 & tmp_18) | (tmp_17 & !tmp_18)
	45  / (!tmp_17 & !tmp_18) | (tmp_17 & tmp_18)
20 --> 
	28  / (tmp_19)
	21  / (!tmp_19 & !tmp_20)
	24  / (!tmp_19 & tmp_20)
21 --> 
	22  / (tmp_21)
	23  / (!tmp_21)
22 --> 
	23  / true
23 --> 
	27  / true
24 --> 
	25  / true
25 --> 
	26  / true
26 --> 
	27  / true
27 --> 
	34  / true
28 --> 
	29  / true
29 --> 
	30  / true
30 --> 
	31  / true
31 --> 
	32  / true
32 --> 
	33  / true
33 --> 
	34  / true
34 --> 
	35  / true
35 --> 
	36  / true
36 --> 
	37  / true
37 --> 
	38  / true
38 --> 
	39  / true
39 --> 
	40  / true
40 --> 
	41  / true
41 --> 
	42  / true
42 --> 
	43  / true
43 --> 
	44  / true
44 --> 
	45  / true
45 --> 
	46  / true
46 --> 
	47  / true
47 --> 
	48  / true
48 --> 
	49  / true
49 --> 
	50  / (!or_cond) | (!brmerge1)
	63  / (or_cond & brmerge1)
50 --> 
	51  / (or_cond1)
	52  / (!or_cond1)
51 --> 
	52  / true
52 --> 
	53  / true
53 --> 
	54  / true
54 --> 
	55  / true
55 --> 
	56  / true
56 --> 
	57  / true
57 --> 
	58  / true
58 --> 
	59  / true
59 --> 
	60  / true
60 --> 
	61  / true
61 --> 
	62  / true
62 --> 
	63  / true
63 --> 

* FSM state operations: 

State 1 <SV = 0> <Delay = 2.32>
ST_1 : Operation 64 [2/2] (2.32ns)   --->   "%cubieColor_V_load = load i3* getelementptr inbounds ([54 x i3]* @cubieColor_V, i64 0, i64 4), align 4" [Rubik_Cube_Layer_All/layerAll.cpp:1105]   --->   Operation 64 'load' 'cubieColor_V_load' <Predicate = true> <Delay = 2.32> <Core = "RAM">   --->   Core 37 'RAM' <Latency = 1> <II = 1> <Delay = 2.32> <Storage> <Opcode : 'load' 'store'> <Ports = 2> <Width = 3> <Depth = 54> <RAM>

State 2 <SV = 1> <Delay = 2.32>
ST_2 : Operation 65 [1/2] (2.32ns)   --->   "%cubieColor_V_load = load i3* getelementptr inbounds ([54 x i3]* @cubieColor_V, i64 0, i64 4), align 4" [Rubik_Cube_Layer_All/layerAll.cpp:1105]   --->   Operation 65 'load' 'cubieColor_V_load' <Predicate = true> <Delay = 2.32> <Core = "RAM">   --->   Core 37 'RAM' <Latency = 1> <II = 1> <Delay = 2.32> <Storage> <Opcode : 'load' 'store'> <Ports = 2> <Width = 3> <Depth = 54> <RAM>
ST_2 : Operation 66 [2/2] (2.32ns)   --->   "%cubieColor_V_load_17 = load i3* getelementptr inbounds ([54 x i3]* @cubieColor_V, i64 0, i64 1), align 1" [Rubik_Cube_Layer_All/layerAll.cpp:1105]   --->   Operation 66 'load' 'cubieColor_V_load_17' <Predicate = true> <Delay = 2.32> <Core = "RAM">   --->   Core 37 'RAM' <Latency = 1> <II = 1> <Delay = 2.32> <Storage> <Opcode : 'load' 'store'> <Ports = 2> <Width = 3> <Depth = 54> <RAM>
ST_2 : Operation 67 [2/2] (2.32ns)   --->   "%cubieColor_V_load_18 = load i3* getelementptr inbounds ([54 x i3]* @cubieColor_V, i64 0, i64 3), align 1" [Rubik_Cube_Layer_All/layerAll.cpp:1106]   --->   Operation 67 'load' 'cubieColor_V_load_18' <Predicate = true> <Delay = 2.32> <Core = "RAM">   --->   Core 37 'RAM' <Latency = 1> <II = 1> <Delay = 2.32> <Storage> <Opcode : 'load' 'store'> <Ports = 2> <Width = 3> <Depth = 54> <RAM>

State 3 <SV = 2> <Delay = 3.45>
ST_3 : Operation 68 [1/2] (2.32ns)   --->   "%cubieColor_V_load_17 = load i3* getelementptr inbounds ([54 x i3]* @cubieColor_V, i64 0, i64 1), align 1" [Rubik_Cube_Layer_All/layerAll.cpp:1105]   --->   Operation 68 'load' 'cubieColor_V_load_17' <Predicate = true> <Delay = 2.32> <Core = "RAM">   --->   Core 37 'RAM' <Latency = 1> <II = 1> <Delay = 2.32> <Storage> <Opcode : 'load' 'store'> <Ports = 2> <Width = 3> <Depth = 54> <RAM>
ST_3 : Operation 69 [1/1] (1.13ns)   --->   "%tmp = icmp eq i3 %cubieColor_V_load, %cubieColor_V_load_17" [Rubik_Cube_Layer_All/layerAll.cpp:1105]   --->   Operation 69 'icmp' 'tmp' <Predicate = true> <Delay = 1.13> <Core = "Cmp">   --->   Core 25 'Cmp' <Latency = 0> <II = 1> <Delay = 1.13> <FuncUnit> <Opcode : 'icmp'> <InPorts = 2> <OutPorts = 1>
ST_3 : Operation 70 [1/2] (2.32ns)   --->   "%cubieColor_V_load_18 = load i3* getelementptr inbounds ([54 x i3]* @cubieColor_V, i64 0, i64 3), align 1" [Rubik_Cube_Layer_All/layerAll.cpp:1106]   --->   Operation 70 'load' 'cubieColor_V_load_18' <Predicate = true> <Delay = 2.32> <Core = "RAM">   --->   Core 37 'RAM' <Latency = 1> <II = 1> <Delay = 2.32> <Storage> <Opcode : 'load' 'store'> <Ports = 2> <Width = 3> <Depth = 54> <RAM>
ST_3 : Operation 71 [1/1] (1.13ns)   --->   "%tmp_s = icmp eq i3 %cubieColor_V_load, %cubieColor_V_load_18" [Rubik_Cube_Layer_All/layerAll.cpp:1106]   --->   Operation 71 'icmp' 'tmp_s' <Predicate = true> <Delay = 1.13> <Core = "Cmp">   --->   Core 25 'Cmp' <Latency = 0> <II = 1> <Delay = 1.13> <FuncUnit> <Opcode : 'icmp'> <InPorts = 2> <OutPorts = 1>
ST_3 : Operation 72 [2/2] (2.32ns)   --->   "%cubieColor_V_load_19 = load i3* getelementptr inbounds ([54 x i3]* @cubieColor_V, i64 0, i64 5), align 1" [Rubik_Cube_Layer_All/layerAll.cpp:1107]   --->   Operation 72 'load' 'cubieColor_V_load_19' <Predicate = true> <Delay = 2.32> <Core = "RAM">   --->   Core 37 'RAM' <Latency = 1> <II = 1> <Delay = 2.32> <Storage> <Opcode : 'load' 'store'> <Ports = 2> <Width = 3> <Depth = 54> <RAM>
ST_3 : Operation 73 [2/2] (2.32ns)   --->   "%cubieColor_V_load_20 = load i3* getelementptr inbounds ([54 x i3]* @cubieColor_V, i64 0, i64 7), align 1" [Rubik_Cube_Layer_All/layerAll.cpp:1108]   --->   Operation 73 'load' 'cubieColor_V_load_20' <Predicate = true> <Delay = 2.32> <Core = "RAM">   --->   Core 37 'RAM' <Latency = 1> <II = 1> <Delay = 2.32> <Storage> <Opcode : 'load' 'store'> <Ports = 2> <Width = 3> <Depth = 54> <RAM>

State 4 <SV = 3> <Delay = 4.43>
ST_4 : Operation 74 [1/2] (2.32ns)   --->   "%cubieColor_V_load_19 = load i3* getelementptr inbounds ([54 x i3]* @cubieColor_V, i64 0, i64 5), align 1" [Rubik_Cube_Layer_All/layerAll.cpp:1107]   --->   Operation 74 'load' 'cubieColor_V_load_19' <Predicate = true> <Delay = 2.32> <Core = "RAM">   --->   Core 37 'RAM' <Latency = 1> <II = 1> <Delay = 2.32> <Storage> <Opcode : 'load' 'store'> <Ports = 2> <Width = 3> <Depth = 54> <RAM>
ST_4 : Operation 75 [1/1] (1.13ns)   --->   "%tmp_15 = icmp eq i3 %cubieColor_V_load, %cubieColor_V_load_19" [Rubik_Cube_Layer_All/layerAll.cpp:1107]   --->   Operation 75 'icmp' 'tmp_15' <Predicate = true> <Delay = 1.13> <Core = "Cmp">   --->   Core 25 'Cmp' <Latency = 0> <II = 1> <Delay = 1.13> <FuncUnit> <Opcode : 'icmp'> <InPorts = 2> <OutPorts = 1>
ST_4 : Operation 76 [1/2] (2.32ns)   --->   "%cubieColor_V_load_20 = load i3* getelementptr inbounds ([54 x i3]* @cubieColor_V, i64 0, i64 7), align 1" [Rubik_Cube_Layer_All/layerAll.cpp:1108]   --->   Operation 76 'load' 'cubieColor_V_load_20' <Predicate = true> <Delay = 2.32> <Core = "RAM">   --->   Core 37 'RAM' <Latency = 1> <II = 1> <Delay = 2.32> <Storage> <Opcode : 'load' 'store'> <Ports = 2> <Width = 3> <Depth = 54> <RAM>
ST_4 : Operation 77 [1/1] (1.13ns)   --->   "%tmp_16 = icmp eq i3 %cubieColor_V_load, %cubieColor_V_load_20" [Rubik_Cube_Layer_All/layerAll.cpp:1108]   --->   Operation 77 'icmp' 'tmp_16' <Predicate = true> <Delay = 1.13> <Core = "Cmp">   --->   Core 25 'Cmp' <Latency = 0> <II = 1> <Delay = 1.13> <FuncUnit> <Opcode : 'icmp'> <InPorts = 2> <OutPorts = 1>
ST_4 : Operation 78 [1/1] (0.00ns) (grouped into LUT with out node or_cond7)   --->   "%tmp2 = or i1 %tmp, %tmp_s" [Rubik_Cube_Layer_All/layerAll.cpp:1108]   --->   Operation 78 'or' 'tmp2' <Predicate = true> <Delay = 0.00> <Core = "LogicGate">   --->   Core 27 'LogicGate' <Latency = 0> <II = 1> <Delay = 0.97> <FuncUnit> <Opcode : 'and' 'or' 'xor'> <InPorts = 2> <OutPorts = 1>
ST_4 : Operation 79 [1/1] (0.00ns) (grouped into LUT with out node or_cond7)   --->   "%tmp3 = or i1 %tmp_15, %tmp_16" [Rubik_Cube_Layer_All/layerAll.cpp:1108]   --->   Operation 79 'or' 'tmp3' <Predicate = true> <Delay = 0.00> <Core = "LogicGate">   --->   Core 27 'LogicGate' <Latency = 0> <II = 1> <Delay = 0.97> <FuncUnit> <Opcode : 'and' 'or' 'xor'> <InPorts = 2> <OutPorts = 1>
ST_4 : Operation 80 [1/1] (0.97ns) (out node of the LUT)   --->   "%or_cond7 = or i1 %tmp3, %tmp2" [Rubik_Cube_Layer_All/layerAll.cpp:1108]   --->   Operation 80 'or' 'or_cond7' <Predicate = true> <Delay = 0.97> <Core = "LogicGate">   --->   Core 27 'LogicGate' <Latency = 0> <II = 1> <Delay = 0.97> <FuncUnit> <Opcode : 'and' 'or' 'xor'> <InPorts = 2> <OutPorts = 1>
ST_4 : Operation 81 [1/1] (0.00ns)   --->   "br i1 %or_cond7, label %._crit_edge, label %1" [Rubik_Cube_Layer_All/layerAll.cpp:1105]   --->   Operation 81 'br' <Predicate = true> <Delay = 0.00>

State 5 <SV = 4> <Delay = 6.66>
ST_5 : Operation 82 [2/2] (6.66ns)   --->   "call fastcc void @turnCube(i4 6) nounwind" [Rubik_Cube_Layer_All/layerAll.cpp:1110]   --->   Operation 82 'call' <Predicate = true> <Delay = 6.66> <CoreType = "Generic">   --->   Core 0 '' <Latency = 0> <II = 1> <Delay = 1.00> <Generic> <Opcode : >

State 6 <SV = 5> <Delay = 0.00>
ST_6 : Operation 83 [1/2] (0.00ns)   --->   "call fastcc void @turnCube(i4 6) nounwind" [Rubik_Cube_Layer_All/layerAll.cpp:1110]   --->   Operation 83 'call' <Predicate = true> <Delay = 0.00> <CoreType = "Generic">   --->   Core 0 '' <Latency = 0> <II = 1> <Delay = 1.00> <Generic> <Opcode : >

State 7 <SV = 6> <Delay = 6.66>
ST_7 : Operation 84 [2/2] (6.66ns)   --->   "call fastcc void @turnCube(i4 0) nounwind" [Rubik_Cube_Layer_All/layerAll.cpp:1111]   --->   Operation 84 'call' <Predicate = true> <Delay = 6.66> <CoreType = "Generic">   --->   Core 0 '' <Latency = 0> <II = 1> <Delay = 1.00> <Generic> <Opcode : >

State 8 <SV = 7> <Delay = 0.00>
ST_8 : Operation 85 [1/2] (0.00ns)   --->   "call fastcc void @turnCube(i4 0) nounwind" [Rubik_Cube_Layer_All/layerAll.cpp:1111]   --->   Operation 85 'call' <Predicate = true> <Delay = 0.00> <CoreType = "Generic">   --->   Core 0 '' <Latency = 0> <II = 1> <Delay = 1.00> <Generic> <Opcode : >

State 9 <SV = 8> <Delay = 6.66>
ST_9 : Operation 86 [2/2] (6.66ns)   --->   "call fastcc void @turnCube(i4 -6) nounwind" [Rubik_Cube_Layer_All/layerAll.cpp:1112]   --->   Operation 86 'call' <Predicate = true> <Delay = 6.66> <CoreType = "Generic">   --->   Core 0 '' <Latency = 0> <II = 1> <Delay = 1.00> <Generic> <Opcode : >

State 10 <SV = 9> <Delay = 0.00>
ST_10 : Operation 87 [1/2] (0.00ns)   --->   "call fastcc void @turnCube(i4 -6) nounwind" [Rubik_Cube_Layer_All/layerAll.cpp:1112]   --->   Operation 87 'call' <Predicate = true> <Delay = 0.00> <CoreType = "Generic">   --->   Core 0 '' <Latency = 0> <II = 1> <Delay = 1.00> <Generic> <Opcode : >

State 11 <SV = 10> <Delay = 6.66>
ST_11 : Operation 88 [2/2] (6.66ns)   --->   "call fastcc void @turnCube(i4 1) nounwind" [Rubik_Cube_Layer_All/layerAll.cpp:1113]   --->   Operation 88 'call' <Predicate = true> <Delay = 6.66> <CoreType = "Generic">   --->   Core 0 '' <Latency = 0> <II = 1> <Delay = 1.00> <Generic> <Opcode : >

State 12 <SV = 11> <Delay = 0.00>
ST_12 : Operation 89 [1/2] (0.00ns)   --->   "call fastcc void @turnCube(i4 1) nounwind" [Rubik_Cube_Layer_All/layerAll.cpp:1113]   --->   Operation 89 'call' <Predicate = true> <Delay = 0.00> <CoreType = "Generic">   --->   Core 0 '' <Latency = 0> <II = 1> <Delay = 1.00> <Generic> <Opcode : >

State 13 <SV = 12> <Delay = 6.66>
ST_13 : Operation 90 [2/2] (6.66ns)   --->   "call fastcc void @turnCube(i4 -5) nounwind" [Rubik_Cube_Layer_All/layerAll.cpp:1114]   --->   Operation 90 'call' <Predicate = true> <Delay = 6.66> <CoreType = "Generic">   --->   Core 0 '' <Latency = 0> <II = 1> <Delay = 1.00> <Generic> <Opcode : >

State 14 <SV = 13> <Delay = 0.00>
ST_14 : Operation 91 [1/2] (0.00ns)   --->   "call fastcc void @turnCube(i4 -5) nounwind" [Rubik_Cube_Layer_All/layerAll.cpp:1114]   --->   Operation 91 'call' <Predicate = true> <Delay = 0.00> <CoreType = "Generic">   --->   Core 0 '' <Latency = 0> <II = 1> <Delay = 1.00> <Generic> <Opcode : >

State 15 <SV = 14> <Delay = 6.66>
ST_15 : Operation 92 [2/2] (6.66ns)   --->   "call fastcc void @turnCube(i4 7) nounwind" [Rubik_Cube_Layer_All/layerAll.cpp:1115]   --->   Operation 92 'call' <Predicate = true> <Delay = 6.66> <CoreType = "Generic">   --->   Core 0 '' <Latency = 0> <II = 1> <Delay = 1.00> <Generic> <Opcode : >

State 16 <SV = 15> <Delay = 0.00>
ST_16 : Operation 93 [1/2] (0.00ns)   --->   "call fastcc void @turnCube(i4 7) nounwind" [Rubik_Cube_Layer_All/layerAll.cpp:1115]   --->   Operation 93 'call' <Predicate = (!or_cond7)> <Delay = 0.00> <CoreType = "Generic">   --->   Core 0 '' <Latency = 0> <II = 1> <Delay = 1.00> <Generic> <Opcode : >
ST_16 : Operation 94 [1/1] (0.00ns)   --->   "br label %._crit_edge" [Rubik_Cube_Layer_All/layerAll.cpp:1116]   --->   Operation 94 'br' <Predicate = (!or_cond7)> <Delay = 0.00>

State 17 <SV = 16> <Delay = 2.32>
ST_17 : Operation 95 [2/2] (2.32ns)   --->   "%cubieColor_V_load_21 = load i3* getelementptr inbounds ([54 x i3]* @cubieColor_V, i64 0, i64 4), align 4" [Rubik_Cube_Layer_All/layerAll.cpp:1119]   --->   Operation 95 'load' 'cubieColor_V_load_21' <Predicate = true> <Delay = 2.32> <Core = "RAM">   --->   Core 37 'RAM' <Latency = 1> <II = 1> <Delay = 2.32> <Storage> <Opcode : 'load' 'store'> <Ports = 2> <Width = 3> <Depth = 54> <RAM>

State 18 <SV = 17> <Delay = 2.32>
ST_18 : Operation 96 [1/2] (2.32ns)   --->   "%cubieColor_V_load_21 = load i3* getelementptr inbounds ([54 x i3]* @cubieColor_V, i64 0, i64 4), align 4" [Rubik_Cube_Layer_All/layerAll.cpp:1119]   --->   Operation 96 'load' 'cubieColor_V_load_21' <Predicate = true> <Delay = 2.32> <Core = "RAM">   --->   Core 37 'RAM' <Latency = 1> <II = 1> <Delay = 2.32> <Storage> <Opcode : 'load' 'store'> <Ports = 2> <Width = 3> <Depth = 54> <RAM>
ST_18 : Operation 97 [2/2] (2.32ns)   --->   "%cubieColor_V_load_22 = load i3* getelementptr inbounds ([54 x i3]* @cubieColor_V, i64 0, i64 1), align 1" [Rubik_Cube_Layer_All/layerAll.cpp:1119]   --->   Operation 97 'load' 'cubieColor_V_load_22' <Predicate = true> <Delay = 2.32> <Core = "RAM">   --->   Core 37 'RAM' <Latency = 1> <II = 1> <Delay = 2.32> <Storage> <Opcode : 'load' 'store'> <Ports = 2> <Width = 3> <Depth = 54> <RAM>
ST_18 : Operation 98 [2/2] (2.32ns)   --->   "%cubieColor_V_load_23 = load i3* getelementptr inbounds ([54 x i3]* @cubieColor_V, i64 0, i64 7), align 1" [Rubik_Cube_Layer_All/layerAll.cpp:1122]   --->   Operation 98 'load' 'cubieColor_V_load_23' <Predicate = true> <Delay = 2.32> <Core = "RAM">   --->   Core 37 'RAM' <Latency = 1> <II = 1> <Delay = 2.32> <Storage> <Opcode : 'load' 'store'> <Ports = 2> <Width = 3> <Depth = 54> <RAM>

State 19 <SV = 18> <Delay = 3.45>
ST_19 : Operation 99 [1/2] (2.32ns)   --->   "%cubieColor_V_load_22 = load i3* getelementptr inbounds ([54 x i3]* @cubieColor_V, i64 0, i64 1), align 1" [Rubik_Cube_Layer_All/layerAll.cpp:1119]   --->   Operation 99 'load' 'cubieColor_V_load_22' <Predicate = true> <Delay = 2.32> <Core = "RAM">   --->   Core 37 'RAM' <Latency = 1> <II = 1> <Delay = 2.32> <Storage> <Opcode : 'load' 'store'> <Ports = 2> <Width = 3> <Depth = 54> <RAM>
ST_19 : Operation 100 [1/1] (1.13ns)   --->   "%tmp_17 = icmp eq i3 %cubieColor_V_load_21, %cubieColor_V_load_22" [Rubik_Cube_Layer_All/layerAll.cpp:1119]   --->   Operation 100 'icmp' 'tmp_17' <Predicate = true> <Delay = 1.13> <Core = "Cmp">   --->   Core 25 'Cmp' <Latency = 0> <II = 1> <Delay = 1.13> <FuncUnit> <Opcode : 'icmp'> <InPorts = 2> <OutPorts = 1>
ST_19 : Operation 101 [1/2] (2.32ns)   --->   "%cubieColor_V_load_23 = load i3* getelementptr inbounds ([54 x i3]* @cubieColor_V, i64 0, i64 7), align 1" [Rubik_Cube_Layer_All/layerAll.cpp:1122]   --->   Operation 101 'load' 'cubieColor_V_load_23' <Predicate = true> <Delay = 2.32> <Core = "RAM">   --->   Core 37 'RAM' <Latency = 1> <II = 1> <Delay = 2.32> <Storage> <Opcode : 'load' 'store'> <Ports = 2> <Width = 3> <Depth = 54> <RAM>
ST_19 : Operation 102 [1/1] (1.13ns)   --->   "%tmp_18 = icmp eq i3 %cubieColor_V_load_21, %cubieColor_V_load_23" [Rubik_Cube_Layer_All/layerAll.cpp:1122]   --->   Operation 102 'icmp' 'tmp_18' <Predicate = true> <Delay = 1.13> <Core = "Cmp">   --->   Core 25 'Cmp' <Latency = 0> <II = 1> <Delay = 1.13> <FuncUnit> <Opcode : 'icmp'> <InPorts = 2> <OutPorts = 1>
ST_19 : Operation 103 [1/1] (0.00ns)   --->   "br i1 %tmp_17, label %.critedge, label %2" [Rubik_Cube_Layer_All/layerAll.cpp:1119]   --->   Operation 103 'br' <Predicate = true> <Delay = 0.00>
ST_19 : Operation 104 [1/1] (0.00ns)   --->   "br i1 %tmp_18, label %._crit_edge75, label %._crit_edge77" [Rubik_Cube_Layer_All/layerAll.cpp:1120]   --->   Operation 104 'br' <Predicate = (!tmp_17)> <Delay = 0.00>
ST_19 : Operation 105 [1/1] (0.00ns)   --->   "br i1 %tmp_18, label %._crit_edge77, label %._crit_edge75" [Rubik_Cube_Layer_All/layerAll.cpp:1122]   --->   Operation 105 'br' <Predicate = (tmp_17)> <Delay = 0.00>
ST_19 : Operation 106 [2/2] (2.32ns)   --->   "%cubieColor_V_load_24 = load i3* getelementptr inbounds ([54 x i3]* @cubieColor_V, i64 0, i64 5), align 1" [Rubik_Cube_Layer_All/layerAll.cpp:1124]   --->   Operation 106 'load' 'cubieColor_V_load_24' <Predicate = (!tmp_17 & tmp_18) | (tmp_17 & !tmp_18)> <Delay = 2.32> <Core = "RAM">   --->   Core 37 'RAM' <Latency = 1> <II = 1> <Delay = 2.32> <Storage> <Opcode : 'load' 'store'> <Ports = 2> <Width = 3> <Depth = 54> <RAM>

State 20 <SV = 19> <Delay = 3.45>
ST_20 : Operation 107 [1/2] (2.32ns)   --->   "%cubieColor_V_load_24 = load i3* getelementptr inbounds ([54 x i3]* @cubieColor_V, i64 0, i64 5), align 1" [Rubik_Cube_Layer_All/layerAll.cpp:1124]   --->   Operation 107 'load' 'cubieColor_V_load_24' <Predicate = true> <Delay = 2.32> <Core = "RAM">   --->   Core 37 'RAM' <Latency = 1> <II = 1> <Delay = 2.32> <Storage> <Opcode : 'load' 'store'> <Ports = 2> <Width = 3> <Depth = 54> <RAM>
ST_20 : Operation 108 [1/1] (1.13ns)   --->   "%tmp_19 = icmp eq i3 %cubieColor_V_load_22, %cubieColor_V_load_24" [Rubik_Cube_Layer_All/layerAll.cpp:1124]   --->   Operation 108 'icmp' 'tmp_19' <Predicate = true> <Delay = 1.13> <Core = "Cmp">   --->   Core 25 'Cmp' <Latency = 0> <II = 1> <Delay = 1.13> <FuncUnit> <Opcode : 'icmp'> <InPorts = 2> <OutPorts = 1>
ST_20 : Operation 109 [1/1] (0.00ns)   --->   "br i1 %tmp_19, label %3, label %4" [Rubik_Cube_Layer_All/layerAll.cpp:1124]   --->   Operation 109 'br' <Predicate = true> <Delay = 0.00>
ST_20 : Operation 110 [1/1] (1.13ns)   --->   "%tmp_20 = icmp eq i3 %cubieColor_V_load_24, %cubieColor_V_load_23" [Rubik_Cube_Layer_All/layerAll.cpp:1130]   --->   Operation 110 'icmp' 'tmp_20' <Predicate = (!tmp_19)> <Delay = 1.13> <Core = "Cmp">   --->   Core 25 'Cmp' <Latency = 0> <II = 1> <Delay = 1.13> <FuncUnit> <Opcode : 'icmp'> <InPorts = 2> <OutPorts = 1>
ST_20 : Operation 111 [1/1] (0.00ns)   --->   "br i1 %tmp_20, label %5, label %6" [Rubik_Cube_Layer_All/layerAll.cpp:1130]   --->   Operation 111 'br' <Predicate = (!tmp_19)> <Delay = 0.00>
ST_20 : Operation 112 [2/2] (2.32ns)   --->   "%cubieColor_V_load_25 = load i3* getelementptr inbounds ([54 x i3]* @cubieColor_V, i64 0, i64 3), align 1" [Rubik_Cube_Layer_All/layerAll.cpp:1135]   --->   Operation 112 'load' 'cubieColor_V_load_25' <Predicate = (!tmp_19 & !tmp_20)> <Delay = 2.32> <Core = "RAM">   --->   Core 37 'RAM' <Latency = 1> <II = 1> <Delay = 2.32> <Storage> <Opcode : 'load' 'store'> <Ports = 2> <Width = 3> <Depth = 54> <RAM>

State 21 <SV = 20> <Delay = 3.45>
ST_21 : Operation 113 [1/2] (2.32ns)   --->   "%cubieColor_V_load_25 = load i3* getelementptr inbounds ([54 x i3]* @cubieColor_V, i64 0, i64 3), align 1" [Rubik_Cube_Layer_All/layerAll.cpp:1135]   --->   Operation 113 'load' 'cubieColor_V_load_25' <Predicate = true> <Delay = 2.32> <Core = "RAM">   --->   Core 37 'RAM' <Latency = 1> <II = 1> <Delay = 2.32> <Storage> <Opcode : 'load' 'store'> <Ports = 2> <Width = 3> <Depth = 54> <RAM>
ST_21 : Operation 114 [1/1] (1.13ns)   --->   "%tmp_21 = icmp eq i3 %cubieColor_V_load_25, %cubieColor_V_load_23" [Rubik_Cube_Layer_All/layerAll.cpp:1135]   --->   Operation 114 'icmp' 'tmp_21' <Predicate = true> <Delay = 1.13> <Core = "Cmp">   --->   Core 25 'Cmp' <Latency = 0> <II = 1> <Delay = 1.13> <FuncUnit> <Opcode : 'icmp'> <InPorts = 2> <OutPorts = 1>
ST_21 : Operation 115 [1/1] (0.00ns)   --->   "br i1 %tmp_21, label %7, label %._crit_edge80" [Rubik_Cube_Layer_All/layerAll.cpp:1135]   --->   Operation 115 'br' <Predicate = true> <Delay = 0.00>

State 22 <SV = 21> <Delay = 3.16>
ST_22 : Operation 116 [2/2] (3.16ns)   --->   "call fastcc void @rotateCubeHorizontal()" [Rubik_Cube_Layer_All/layerAll.cpp:1137]   --->   Operation 116 'call' <Predicate = true> <Delay = 3.16> <CoreType = "Generic">   --->   Core 0 '' <Latency = 0> <II = 1> <Delay = 1.00> <Generic> <Opcode : >

State 23 <SV = 22> <Delay = 0.00>
ST_23 : Operation 117 [1/2] (0.00ns)   --->   "call fastcc void @rotateCubeHorizontal()" [Rubik_Cube_Layer_All/layerAll.cpp:1137]   --->   Operation 117 'call' <Predicate = (tmp_21)> <Delay = 0.00> <CoreType = "Generic">   --->   Core 0 '' <Latency = 0> <II = 1> <Delay = 1.00> <Generic> <Opcode : >
ST_23 : Operation 118 [1/1] (0.00ns)   --->   "br label %._crit_edge80" [Rubik_Cube_Layer_All/layerAll.cpp:1138]   --->   Operation 118 'br' <Predicate = (tmp_21)> <Delay = 0.00>
ST_23 : Operation 119 [1/1] (0.00ns)   --->   "br label %8"   --->   Operation 119 'br' <Predicate = true> <Delay = 0.00>

State 24 <SV = 20> <Delay = 3.16>
ST_24 : Operation 120 [2/2] (3.16ns)   --->   "call fastcc void @rotateCubeHorizontal()" [Rubik_Cube_Layer_All/layerAll.cpp:1132]   --->   Operation 120 'call' <Predicate = true> <Delay = 3.16> <CoreType = "Generic">   --->   Core 0 '' <Latency = 0> <II = 1> <Delay = 1.00> <Generic> <Opcode : >

State 25 <SV = 21> <Delay = 0.00>
ST_25 : Operation 121 [1/2] (0.00ns)   --->   "call fastcc void @rotateCubeHorizontal()" [Rubik_Cube_Layer_All/layerAll.cpp:1132]   --->   Operation 121 'call' <Predicate = true> <Delay = 0.00> <CoreType = "Generic">   --->   Core 0 '' <Latency = 0> <II = 1> <Delay = 1.00> <Generic> <Opcode : >

State 26 <SV = 22> <Delay = 3.16>
ST_26 : Operation 122 [2/2] (3.16ns)   --->   "call fastcc void @rotateCubeHorizontal()" [Rubik_Cube_Layer_All/layerAll.cpp:1133]   --->   Operation 122 'call' <Predicate = true> <Delay = 3.16> <CoreType = "Generic">   --->   Core 0 '' <Latency = 0> <II = 1> <Delay = 1.00> <Generic> <Opcode : >

State 27 <SV = 23> <Delay = 0.00>
ST_27 : Operation 123 [1/2] (0.00ns)   --->   "call fastcc void @rotateCubeHorizontal()" [Rubik_Cube_Layer_All/layerAll.cpp:1133]   --->   Operation 123 'call' <Predicate = (tmp_20)> <Delay = 0.00> <CoreType = "Generic">   --->   Core 0 '' <Latency = 0> <II = 1> <Delay = 1.00> <Generic> <Opcode : >
ST_27 : Operation 124 [1/1] (0.00ns)   --->   "br label %8" [Rubik_Cube_Layer_All/layerAll.cpp:1134]   --->   Operation 124 'br' <Predicate = (tmp_20)> <Delay = 0.00>
ST_27 : Operation 125 [1/1] (0.00ns)   --->   "br label %9"   --->   Operation 125 'br' <Predicate = true> <Delay = 0.00>

State 28 <SV = 20> <Delay = 3.16>
ST_28 : Operation 126 [2/2] (3.16ns)   --->   "call fastcc void @rotateCubeHorizontal()" [Rubik_Cube_Layer_All/layerAll.cpp:1126]   --->   Operation 126 'call' <Predicate = true> <Delay = 3.16> <CoreType = "Generic">   --->   Core 0 '' <Latency = 0> <II = 1> <Delay = 1.00> <Generic> <Opcode : >

State 29 <SV = 21> <Delay = 0.00>
ST_29 : Operation 127 [1/2] (0.00ns)   --->   "call fastcc void @rotateCubeHorizontal()" [Rubik_Cube_Layer_All/layerAll.cpp:1126]   --->   Operation 127 'call' <Predicate = true> <Delay = 0.00> <CoreType = "Generic">   --->   Core 0 '' <Latency = 0> <II = 1> <Delay = 1.00> <Generic> <Opcode : >

State 30 <SV = 22> <Delay = 3.16>
ST_30 : Operation 128 [2/2] (3.16ns)   --->   "call fastcc void @rotateCubeHorizontal()" [Rubik_Cube_Layer_All/layerAll.cpp:1127]   --->   Operation 128 'call' <Predicate = true> <Delay = 3.16> <CoreType = "Generic">   --->   Core 0 '' <Latency = 0> <II = 1> <Delay = 1.00> <Generic> <Opcode : >

State 31 <SV = 23> <Delay = 0.00>
ST_31 : Operation 129 [1/2] (0.00ns)   --->   "call fastcc void @rotateCubeHorizontal()" [Rubik_Cube_Layer_All/layerAll.cpp:1127]   --->   Operation 129 'call' <Predicate = true> <Delay = 0.00> <CoreType = "Generic">   --->   Core 0 '' <Latency = 0> <II = 1> <Delay = 1.00> <Generic> <Opcode : >

State 32 <SV = 24> <Delay = 3.16>
ST_32 : Operation 130 [2/2] (3.16ns)   --->   "call fastcc void @rotateCubeHorizontal()" [Rubik_Cube_Layer_All/layerAll.cpp:1128]   --->   Operation 130 'call' <Predicate = true> <Delay = 3.16> <CoreType = "Generic">   --->   Core 0 '' <Latency = 0> <II = 1> <Delay = 1.00> <Generic> <Opcode : >

State 33 <SV = 25> <Delay = 0.00>
ST_33 : Operation 131 [1/2] (0.00ns)   --->   "call fastcc void @rotateCubeHorizontal()" [Rubik_Cube_Layer_All/layerAll.cpp:1128]   --->   Operation 131 'call' <Predicate = true> <Delay = 0.00> <CoreType = "Generic">   --->   Core 0 '' <Latency = 0> <II = 1> <Delay = 1.00> <Generic> <Opcode : >
ST_33 : Operation 132 [1/1] (0.00ns)   --->   "br label %9" [Rubik_Cube_Layer_All/layerAll.cpp:1129]   --->   Operation 132 'br' <Predicate = true> <Delay = 0.00>

State 34 <SV = 26> <Delay = 6.66>
ST_34 : Operation 133 [2/2] (6.66ns)   --->   "call fastcc void @turnCube(i4 6) nounwind" [Rubik_Cube_Layer_All/layerAll.cpp:1139]   --->   Operation 133 'call' <Predicate = true> <Delay = 6.66> <CoreType = "Generic">   --->   Core 0 '' <Latency = 0> <II = 1> <Delay = 1.00> <Generic> <Opcode : >

State 35 <SV = 27> <Delay = 0.00>
ST_35 : Operation 134 [1/2] (0.00ns)   --->   "call fastcc void @turnCube(i4 6) nounwind" [Rubik_Cube_Layer_All/layerAll.cpp:1139]   --->   Operation 134 'call' <Predicate = true> <Delay = 0.00> <CoreType = "Generic">   --->   Core 0 '' <Latency = 0> <II = 1> <Delay = 1.00> <Generic> <Opcode : >

State 36 <SV = 28> <Delay = 6.66>
ST_36 : Operation 135 [2/2] (6.66ns)   --->   "call fastcc void @turnCube(i4 0) nounwind" [Rubik_Cube_Layer_All/layerAll.cpp:1140]   --->   Operation 135 'call' <Predicate = true> <Delay = 6.66> <CoreType = "Generic">   --->   Core 0 '' <Latency = 0> <II = 1> <Delay = 1.00> <Generic> <Opcode : >

State 37 <SV = 29> <Delay = 0.00>
ST_37 : Operation 136 [1/2] (0.00ns)   --->   "call fastcc void @turnCube(i4 0) nounwind" [Rubik_Cube_Layer_All/layerAll.cpp:1140]   --->   Operation 136 'call' <Predicate = true> <Delay = 0.00> <CoreType = "Generic">   --->   Core 0 '' <Latency = 0> <II = 1> <Delay = 1.00> <Generic> <Opcode : >

State 38 <SV = 30> <Delay = 6.66>
ST_38 : Operation 137 [2/2] (6.66ns)   --->   "call fastcc void @turnCube(i4 -6) nounwind" [Rubik_Cube_Layer_All/layerAll.cpp:1141]   --->   Operation 137 'call' <Predicate = true> <Delay = 6.66> <CoreType = "Generic">   --->   Core 0 '' <Latency = 0> <II = 1> <Delay = 1.00> <Generic> <Opcode : >

State 39 <SV = 31> <Delay = 0.00>
ST_39 : Operation 138 [1/2] (0.00ns)   --->   "call fastcc void @turnCube(i4 -6) nounwind" [Rubik_Cube_Layer_All/layerAll.cpp:1141]   --->   Operation 138 'call' <Predicate = true> <Delay = 0.00> <CoreType = "Generic">   --->   Core 0 '' <Latency = 0> <II = 1> <Delay = 1.00> <Generic> <Opcode : >

State 40 <SV = 32> <Delay = 6.66>
ST_40 : Operation 139 [2/2] (6.66ns)   --->   "call fastcc void @turnCube(i4 1) nounwind" [Rubik_Cube_Layer_All/layerAll.cpp:1142]   --->   Operation 139 'call' <Predicate = true> <Delay = 6.66> <CoreType = "Generic">   --->   Core 0 '' <Latency = 0> <II = 1> <Delay = 1.00> <Generic> <Opcode : >

State 41 <SV = 33> <Delay = 0.00>
ST_41 : Operation 140 [1/2] (0.00ns)   --->   "call fastcc void @turnCube(i4 1) nounwind" [Rubik_Cube_Layer_All/layerAll.cpp:1142]   --->   Operation 140 'call' <Predicate = true> <Delay = 0.00> <CoreType = "Generic">   --->   Core 0 '' <Latency = 0> <II = 1> <Delay = 1.00> <Generic> <Opcode : >

State 42 <SV = 34> <Delay = 6.66>
ST_42 : Operation 141 [2/2] (6.66ns)   --->   "call fastcc void @turnCube(i4 -5) nounwind" [Rubik_Cube_Layer_All/layerAll.cpp:1143]   --->   Operation 141 'call' <Predicate = true> <Delay = 6.66> <CoreType = "Generic">   --->   Core 0 '' <Latency = 0> <II = 1> <Delay = 1.00> <Generic> <Opcode : >

State 43 <SV = 35> <Delay = 0.00>
ST_43 : Operation 142 [1/2] (0.00ns)   --->   "call fastcc void @turnCube(i4 -5) nounwind" [Rubik_Cube_Layer_All/layerAll.cpp:1143]   --->   Operation 142 'call' <Predicate = true> <Delay = 0.00> <CoreType = "Generic">   --->   Core 0 '' <Latency = 0> <II = 1> <Delay = 1.00> <Generic> <Opcode : >

State 44 <SV = 36> <Delay = 6.66>
ST_44 : Operation 143 [2/2] (6.66ns)   --->   "call fastcc void @turnCube(i4 7) nounwind" [Rubik_Cube_Layer_All/layerAll.cpp:1144]   --->   Operation 143 'call' <Predicate = true> <Delay = 6.66> <CoreType = "Generic">   --->   Core 0 '' <Latency = 0> <II = 1> <Delay = 1.00> <Generic> <Opcode : >

State 45 <SV = 37> <Delay = 0.00>
ST_45 : Operation 144 [1/2] (0.00ns)   --->   "call fastcc void @turnCube(i4 7) nounwind" [Rubik_Cube_Layer_All/layerAll.cpp:1144]   --->   Operation 144 'call' <Predicate = (!tmp_17 & tmp_18) | (tmp_17 & !tmp_18)> <Delay = 0.00> <CoreType = "Generic">   --->   Core 0 '' <Latency = 0> <II = 1> <Delay = 1.00> <Generic> <Opcode : >
ST_45 : Operation 145 [1/1] (0.00ns)   --->   "br label %._crit_edge77" [Rubik_Cube_Layer_All/layerAll.cpp:1145]   --->   Operation 145 'br' <Predicate = (!tmp_17 & tmp_18) | (tmp_17 & !tmp_18)> <Delay = 0.00>

State 46 <SV = 38> <Delay = 2.32>
ST_46 : Operation 146 [2/2] (2.32ns)   --->   "%cubieColor_V_load_26 = load i3* getelementptr inbounds ([54 x i3]* @cubieColor_V, i64 0, i64 4), align 4" [Rubik_Cube_Layer_All/layerAll.cpp:1148]   --->   Operation 146 'load' 'cubieColor_V_load_26' <Predicate = true> <Delay = 2.32> <Core = "RAM">   --->   Core 37 'RAM' <Latency = 1> <II = 1> <Delay = 2.32> <Storage> <Opcode : 'load' 'store'> <Ports = 2> <Width = 3> <Depth = 54> <RAM>

State 47 <SV = 39> <Delay = 2.32>
ST_47 : Operation 147 [1/2] (2.32ns)   --->   "%cubieColor_V_load_26 = load i3* getelementptr inbounds ([54 x i3]* @cubieColor_V, i64 0, i64 4), align 4" [Rubik_Cube_Layer_All/layerAll.cpp:1148]   --->   Operation 147 'load' 'cubieColor_V_load_26' <Predicate = true> <Delay = 2.32> <Core = "RAM">   --->   Core 37 'RAM' <Latency = 1> <II = 1> <Delay = 2.32> <Storage> <Opcode : 'load' 'store'> <Ports = 2> <Width = 3> <Depth = 54> <RAM>
ST_47 : Operation 148 [2/2] (2.32ns)   --->   "%cubieColor_V_load_27 = load i3* getelementptr inbounds ([54 x i3]* @cubieColor_V, i64 0, i64 1), align 1" [Rubik_Cube_Layer_All/layerAll.cpp:1148]   --->   Operation 148 'load' 'cubieColor_V_load_27' <Predicate = true> <Delay = 2.32> <Core = "RAM">   --->   Core 37 'RAM' <Latency = 1> <II = 1> <Delay = 2.32> <Storage> <Opcode : 'load' 'store'> <Ports = 2> <Width = 3> <Depth = 54> <RAM>
ST_47 : Operation 149 [2/2] (2.32ns)   --->   "%cubieColor_V_load_28 = load i3* getelementptr inbounds ([54 x i3]* @cubieColor_V, i64 0, i64 7), align 1" [Rubik_Cube_Layer_All/layerAll.cpp:1149]   --->   Operation 149 'load' 'cubieColor_V_load_28' <Predicate = true> <Delay = 2.32> <Core = "RAM">   --->   Core 37 'RAM' <Latency = 1> <II = 1> <Delay = 2.32> <Storage> <Opcode : 'load' 'store'> <Ports = 2> <Width = 3> <Depth = 54> <RAM>

State 48 <SV = 40> <Delay = 3.45>
ST_48 : Operation 150 [1/2] (2.32ns)   --->   "%cubieColor_V_load_27 = load i3* getelementptr inbounds ([54 x i3]* @cubieColor_V, i64 0, i64 1), align 1" [Rubik_Cube_Layer_All/layerAll.cpp:1148]   --->   Operation 150 'load' 'cubieColor_V_load_27' <Predicate = true> <Delay = 2.32> <Core = "RAM">   --->   Core 37 'RAM' <Latency = 1> <II = 1> <Delay = 2.32> <Storage> <Opcode : 'load' 'store'> <Ports = 2> <Width = 3> <Depth = 54> <RAM>
ST_48 : Operation 151 [1/1] (1.13ns)   --->   "%tmp_22 = icmp eq i3 %cubieColor_V_load_26, %cubieColor_V_load_27" [Rubik_Cube_Layer_All/layerAll.cpp:1148]   --->   Operation 151 'icmp' 'tmp_22' <Predicate = true> <Delay = 1.13> <Core = "Cmp">   --->   Core 25 'Cmp' <Latency = 0> <II = 1> <Delay = 1.13> <FuncUnit> <Opcode : 'icmp'> <InPorts = 2> <OutPorts = 1>
ST_48 : Operation 152 [1/2] (2.32ns)   --->   "%cubieColor_V_load_28 = load i3* getelementptr inbounds ([54 x i3]* @cubieColor_V, i64 0, i64 7), align 1" [Rubik_Cube_Layer_All/layerAll.cpp:1149]   --->   Operation 152 'load' 'cubieColor_V_load_28' <Predicate = true> <Delay = 2.32> <Core = "RAM">   --->   Core 37 'RAM' <Latency = 1> <II = 1> <Delay = 2.32> <Storage> <Opcode : 'load' 'store'> <Ports = 2> <Width = 3> <Depth = 54> <RAM>
ST_48 : Operation 153 [2/2] (2.32ns)   --->   "%cubieColor_V_load_29 = load i3* getelementptr inbounds ([54 x i3]* @cubieColor_V, i64 0, i64 3), align 1" [Rubik_Cube_Layer_All/layerAll.cpp:1150]   --->   Operation 153 'load' 'cubieColor_V_load_29' <Predicate = true> <Delay = 2.32> <Core = "RAM">   --->   Core 37 'RAM' <Latency = 1> <II = 1> <Delay = 2.32> <Storage> <Opcode : 'load' 'store'> <Ports = 2> <Width = 3> <Depth = 54> <RAM>
ST_48 : Operation 154 [2/2] (2.32ns)   --->   "%cubieColor_V_load_30 = load i3* getelementptr inbounds ([54 x i3]* @cubieColor_V, i64 0, i64 5), align 1" [Rubik_Cube_Layer_All/layerAll.cpp:1151]   --->   Operation 154 'load' 'cubieColor_V_load_30' <Predicate = true> <Delay = 2.32> <Core = "RAM">   --->   Core 37 'RAM' <Latency = 1> <II = 1> <Delay = 2.32> <Storage> <Opcode : 'load' 'store'> <Ports = 2> <Width = 3> <Depth = 54> <RAM>

State 49 <SV = 41> <Delay = 6.19>
ST_49 : Operation 155 [1/1] (1.13ns)   --->   "%tmp_23 = icmp eq i3 %cubieColor_V_load_26, %cubieColor_V_load_28" [Rubik_Cube_Layer_All/layerAll.cpp:1149]   --->   Operation 155 'icmp' 'tmp_23' <Predicate = true> <Delay = 1.13> <Core = "Cmp">   --->   Core 25 'Cmp' <Latency = 0> <II = 1> <Delay = 1.13> <FuncUnit> <Opcode : 'icmp'> <InPorts = 2> <OutPorts = 1>
ST_49 : Operation 156 [1/1] (0.00ns) (grouped into LUT with out node or_cond)   --->   "%or_cond8 = and i1 %tmp_22, %tmp_23" [Rubik_Cube_Layer_All/layerAll.cpp:1150]   --->   Operation 156 'and' 'or_cond8' <Predicate = true> <Delay = 0.00> <Core = "LogicGate">   --->   Core 27 'LogicGate' <Latency = 0> <II = 1> <Delay = 0.97> <FuncUnit> <Opcode : 'and' 'or' 'xor'> <InPorts = 2> <OutPorts = 1>
ST_49 : Operation 157 [1/1] (0.00ns) (grouped into LUT with out node or_cond)   --->   "%or_cond75_not = xor i1 %or_cond8, true" [Rubik_Cube_Layer_All/layerAll.cpp:1148]   --->   Operation 157 'xor' 'or_cond75_not' <Predicate = true> <Delay = 0.00> <Core = "LogicGate">   --->   Core 27 'LogicGate' <Latency = 0> <II = 1> <Delay = 0.97> <FuncUnit> <Opcode : 'and' 'or' 'xor'> <InPorts = 2> <OutPorts = 1>
ST_49 : Operation 158 [1/2] (2.32ns)   --->   "%cubieColor_V_load_29 = load i3* getelementptr inbounds ([54 x i3]* @cubieColor_V, i64 0, i64 3), align 1" [Rubik_Cube_Layer_All/layerAll.cpp:1150]   --->   Operation 158 'load' 'cubieColor_V_load_29' <Predicate = true> <Delay = 2.32> <Core = "RAM">   --->   Core 37 'RAM' <Latency = 1> <II = 1> <Delay = 2.32> <Storage> <Opcode : 'load' 'store'> <Ports = 2> <Width = 3> <Depth = 54> <RAM>
ST_49 : Operation 159 [1/1] (1.13ns)   --->   "%tmp_24 = icmp eq i3 %cubieColor_V_load_26, %cubieColor_V_load_29" [Rubik_Cube_Layer_All/layerAll.cpp:1150]   --->   Operation 159 'icmp' 'tmp_24' <Predicate = true> <Delay = 1.13> <Core = "Cmp">   --->   Core 25 'Cmp' <Latency = 0> <II = 1> <Delay = 1.13> <FuncUnit> <Opcode : 'icmp'> <InPorts = 2> <OutPorts = 1>
ST_49 : Operation 160 [1/2] (2.32ns)   --->   "%cubieColor_V_load_30 = load i3* getelementptr inbounds ([54 x i3]* @cubieColor_V, i64 0, i64 5), align 1" [Rubik_Cube_Layer_All/layerAll.cpp:1151]   --->   Operation 160 'load' 'cubieColor_V_load_30' <Predicate = true> <Delay = 2.32> <Core = "RAM">   --->   Core 37 'RAM' <Latency = 1> <II = 1> <Delay = 2.32> <Storage> <Opcode : 'load' 'store'> <Ports = 2> <Width = 3> <Depth = 54> <RAM>
ST_49 : Operation 161 [1/1] (1.13ns)   --->   "%tmp_25 = icmp eq i3 %cubieColor_V_load_26, %cubieColor_V_load_30" [Rubik_Cube_Layer_All/layerAll.cpp:1151]   --->   Operation 161 'icmp' 'tmp_25' <Predicate = true> <Delay = 1.13> <Core = "Cmp">   --->   Core 25 'Cmp' <Latency = 0> <II = 1> <Delay = 1.13> <FuncUnit> <Opcode : 'icmp'> <InPorts = 2> <OutPorts = 1>
ST_49 : Operation 162 [1/1] (0.00ns) (grouped into LUT with out node or_cond)   --->   "%tmp4 = or i1 %tmp_25, %or_cond75_not" [Rubik_Cube_Layer_All/layerAll.cpp:1151]   --->   Operation 162 'or' 'tmp4' <Predicate = true> <Delay = 0.00> <Core = "LogicGate">   --->   Core 27 'LogicGate' <Latency = 0> <II = 1> <Delay = 0.97> <FuncUnit> <Opcode : 'and' 'or' 'xor'> <InPorts = 2> <OutPorts = 1>
ST_49 : Operation 163 [1/1] (0.97ns) (out node of the LUT)   --->   "%or_cond = or i1 %tmp4, %tmp_24" [Rubik_Cube_Layer_All/layerAll.cpp:1151]   --->   Operation 163 'or' 'or_cond' <Predicate = true> <Delay = 0.97> <Core = "LogicGate">   --->   Core 27 'LogicGate' <Latency = 0> <II = 1> <Delay = 0.97> <FuncUnit> <Opcode : 'and' 'or' 'xor'> <InPorts = 2> <OutPorts = 1>
ST_49 : Operation 164 [1/1] (1.76ns)   --->   "br i1 %or_cond, label %._crit_edge81, label %._crit_edge85" [Rubik_Cube_Layer_All/layerAll.cpp:1148]   --->   Operation 164 'br' <Predicate = true> <Delay = 1.76>
ST_49 : Operation 165 [1/1] (1.13ns)   --->   "%notlhs = icmp ne i3 %cubieColor_V_load_26, %cubieColor_V_load_29" [Rubik_Cube_Layer_All/layerAll.cpp:1152]   --->   Operation 165 'icmp' 'notlhs' <Predicate = (or_cond)> <Delay = 1.13> <Core = "Cmp">   --->   Core 25 'Cmp' <Latency = 0> <II = 1> <Delay = 1.13> <FuncUnit> <Opcode : 'icmp'> <InPorts = 2> <OutPorts = 1>
ST_49 : Operation 166 [1/1] (1.13ns)   --->   "%notrhs = icmp ne i3 %cubieColor_V_load_26, %cubieColor_V_load_30" [Rubik_Cube_Layer_All/layerAll.cpp:1152]   --->   Operation 166 'icmp' 'notrhs' <Predicate = (or_cond)> <Delay = 1.13> <Core = "Cmp">   --->   Core 25 'Cmp' <Latency = 0> <II = 1> <Delay = 1.13> <FuncUnit> <Opcode : 'icmp'> <InPorts = 2> <OutPorts = 1>
ST_49 : Operation 167 [1/1] (0.00ns) (grouped into LUT with out node brmerge1)   --->   "%tmp5 = or i1 %notrhs, %notlhs" [Rubik_Cube_Layer_All/layerAll.cpp:1152]   --->   Operation 167 'or' 'tmp5' <Predicate = (or_cond)> <Delay = 0.00> <Core = "LogicGate">   --->   Core 27 'LogicGate' <Latency = 0> <II = 1> <Delay = 0.97> <FuncUnit> <Opcode : 'and' 'or' 'xor'> <InPorts = 2> <OutPorts = 1>
ST_49 : Operation 168 [1/1] (0.00ns) (grouped into LUT with out node brmerge1)   --->   "%tmp6 = or i1 %tmp_22, %tmp_23" [Rubik_Cube_Layer_All/layerAll.cpp:1152]   --->   Operation 168 'or' 'tmp6' <Predicate = (or_cond)> <Delay = 0.00> <Core = "LogicGate">   --->   Core 27 'LogicGate' <Latency = 0> <II = 1> <Delay = 0.97> <FuncUnit> <Opcode : 'and' 'or' 'xor'> <InPorts = 2> <OutPorts = 1>
ST_49 : Operation 169 [1/1] (0.97ns) (out node of the LUT)   --->   "%brmerge1 = or i1 %tmp6, %tmp5" [Rubik_Cube_Layer_All/layerAll.cpp:1152]   --->   Operation 169 'or' 'brmerge1' <Predicate = (or_cond)> <Delay = 0.97> <Core = "LogicGate">   --->   Core 27 'LogicGate' <Latency = 0> <II = 1> <Delay = 0.97> <FuncUnit> <Opcode : 'and' 'or' 'xor'> <InPorts = 2> <OutPorts = 1>
ST_49 : Operation 170 [1/1] (1.76ns)   --->   "br i1 %brmerge1, label %._crit_edge86, label %._crit_edge85" [Rubik_Cube_Layer_All/layerAll.cpp:1152]   --->   Operation 170 'br' <Predicate = (or_cond)> <Delay = 1.76>

State 50 <SV = 42> <Delay = 3.16>
ST_50 : Operation 171 [1/1] (0.00ns) (grouped into LUT with out node tmp_27)   --->   "%tmp_26 = phi i3 [ %cubieColor_V_load_26, %._crit_edge77 ], [ %cubieColor_V_load_28, %._crit_edge81 ]" [Rubik_Cube_Layer_All/layerAll.cpp:1148]   --->   Operation 171 'phi' 'tmp_26' <Predicate = true> <Delay = 0.00>
ST_50 : Operation 172 [1/1] (1.13ns) (out node of the LUT)   --->   "%tmp_27 = icmp eq i3 %cubieColor_V_load_26, %tmp_26" [Rubik_Cube_Layer_All/layerAll.cpp:1158]   --->   Operation 172 'icmp' 'tmp_27' <Predicate = true> <Delay = 1.13> <Core = "Cmp">   --->   Core 25 'Cmp' <Latency = 0> <II = 1> <Delay = 1.13> <FuncUnit> <Opcode : 'icmp'> <InPorts = 2> <OutPorts = 1>
ST_50 : Operation 173 [1/1] (0.97ns)   --->   "%or_cond1 = and i1 %tmp_22, %tmp_27" [Rubik_Cube_Layer_All/layerAll.cpp:1158]   --->   Operation 173 'and' 'or_cond1' <Predicate = true> <Delay = 0.97> <Core = "LogicGate">   --->   Core 27 'LogicGate' <Latency = 0> <II = 1> <Delay = 0.97> <FuncUnit> <Opcode : 'and' 'or' 'xor'> <InPorts = 2> <OutPorts = 1>
ST_50 : Operation 174 [1/1] (0.00ns)   --->   "br i1 %or_cond1, label %10, label %._crit_edge91" [Rubik_Cube_Layer_All/layerAll.cpp:1157]   --->   Operation 174 'br' <Predicate = true> <Delay = 0.00>
ST_50 : Operation 175 [2/2] (3.16ns)   --->   "call fastcc void @rotateCubeHorizontal()" [Rubik_Cube_Layer_All/layerAll.cpp:1160]   --->   Operation 175 'call' <Predicate = (or_cond1)> <Delay = 3.16> <CoreType = "Generic">   --->   Core 0 '' <Latency = 0> <II = 1> <Delay = 1.00> <Generic> <Opcode : >

State 51 <SV = 43> <Delay = 0.00>
ST_51 : Operation 176 [1/2] (0.00ns)   --->   "call fastcc void @rotateCubeHorizontal()" [Rubik_Cube_Layer_All/layerAll.cpp:1160]   --->   Operation 176 'call' <Predicate = true> <Delay = 0.00> <CoreType = "Generic">   --->   Core 0 '' <Latency = 0> <II = 1> <Delay = 1.00> <Generic> <Opcode : >
ST_51 : Operation 177 [1/1] (0.00ns)   --->   "br label %._crit_edge91" [Rubik_Cube_Layer_All/layerAll.cpp:1161]   --->   Operation 177 'br' <Predicate = true> <Delay = 0.00>

State 52 <SV = 44> <Delay = 6.66>
ST_52 : Operation 178 [2/2] (6.66ns)   --->   "call fastcc void @turnCube(i4 6) nounwind" [Rubik_Cube_Layer_All/layerAll.cpp:1162]   --->   Operation 178 'call' <Predicate = true> <Delay = 6.66> <CoreType = "Generic">   --->   Core 0 '' <Latency = 0> <II = 1> <Delay = 1.00> <Generic> <Opcode : >

State 53 <SV = 45> <Delay = 0.00>
ST_53 : Operation 179 [1/2] (0.00ns)   --->   "call fastcc void @turnCube(i4 6) nounwind" [Rubik_Cube_Layer_All/layerAll.cpp:1162]   --->   Operation 179 'call' <Predicate = true> <Delay = 0.00> <CoreType = "Generic">   --->   Core 0 '' <Latency = 0> <II = 1> <Delay = 1.00> <Generic> <Opcode : >

State 54 <SV = 46> <Delay = 6.66>
ST_54 : Operation 180 [2/2] (6.66ns)   --->   "call fastcc void @turnCube(i4 -6) nounwind" [Rubik_Cube_Layer_All/layerAll.cpp:1163]   --->   Operation 180 'call' <Predicate = true> <Delay = 6.66> <CoreType = "Generic">   --->   Core 0 '' <Latency = 0> <II = 1> <Delay = 1.00> <Generic> <Opcode : >

State 55 <SV = 47> <Delay = 0.00>
ST_55 : Operation 181 [1/2] (0.00ns)   --->   "call fastcc void @turnCube(i4 -6) nounwind" [Rubik_Cube_Layer_All/layerAll.cpp:1163]   --->   Operation 181 'call' <Predicate = true> <Delay = 0.00> <CoreType = "Generic">   --->   Core 0 '' <Latency = 0> <II = 1> <Delay = 1.00> <Generic> <Opcode : >

State 56 <SV = 48> <Delay = 6.66>
ST_56 : Operation 182 [2/2] (6.66ns)   --->   "call fastcc void @turnCube(i4 0) nounwind" [Rubik_Cube_Layer_All/layerAll.cpp:1164]   --->   Operation 182 'call' <Predicate = true> <Delay = 6.66> <CoreType = "Generic">   --->   Core 0 '' <Latency = 0> <II = 1> <Delay = 1.00> <Generic> <Opcode : >

State 57 <SV = 49> <Delay = 0.00>
ST_57 : Operation 183 [1/2] (0.00ns)   --->   "call fastcc void @turnCube(i4 0) nounwind" [Rubik_Cube_Layer_All/layerAll.cpp:1164]   --->   Operation 183 'call' <Predicate = true> <Delay = 0.00> <CoreType = "Generic">   --->   Core 0 '' <Latency = 0> <II = 1> <Delay = 1.00> <Generic> <Opcode : >

State 58 <SV = 50> <Delay = 6.66>
ST_58 : Operation 184 [2/2] (6.66ns)   --->   "call fastcc void @turnCube(i4 -5) nounwind" [Rubik_Cube_Layer_All/layerAll.cpp:1165]   --->   Operation 184 'call' <Predicate = true> <Delay = 6.66> <CoreType = "Generic">   --->   Core 0 '' <Latency = 0> <II = 1> <Delay = 1.00> <Generic> <Opcode : >

State 59 <SV = 51> <Delay = 0.00>
ST_59 : Operation 185 [1/2] (0.00ns)   --->   "call fastcc void @turnCube(i4 -5) nounwind" [Rubik_Cube_Layer_All/layerAll.cpp:1165]   --->   Operation 185 'call' <Predicate = true> <Delay = 0.00> <CoreType = "Generic">   --->   Core 0 '' <Latency = 0> <II = 1> <Delay = 1.00> <Generic> <Opcode : >

State 60 <SV = 52> <Delay = 6.66>
ST_60 : Operation 186 [2/2] (6.66ns)   --->   "call fastcc void @turnCube(i4 1) nounwind" [Rubik_Cube_Layer_All/layerAll.cpp:1166]   --->   Operation 186 'call' <Predicate = true> <Delay = 6.66> <CoreType = "Generic">   --->   Core 0 '' <Latency = 0> <II = 1> <Delay = 1.00> <Generic> <Opcode : >

State 61 <SV = 53> <Delay = 0.00>
ST_61 : Operation 187 [1/2] (0.00ns)   --->   "call fastcc void @turnCube(i4 1) nounwind" [Rubik_Cube_Layer_All/layerAll.cpp:1166]   --->   Operation 187 'call' <Predicate = true> <Delay = 0.00> <CoreType = "Generic">   --->   Core 0 '' <Latency = 0> <II = 1> <Delay = 1.00> <Generic> <Opcode : >

State 62 <SV = 54> <Delay = 6.66>
ST_62 : Operation 188 [2/2] (6.66ns)   --->   "call fastcc void @turnCube(i4 7) nounwind" [Rubik_Cube_Layer_All/layerAll.cpp:1167]   --->   Operation 188 'call' <Predicate = true> <Delay = 6.66> <CoreType = "Generic">   --->   Core 0 '' <Latency = 0> <II = 1> <Delay = 1.00> <Generic> <Opcode : >

State 63 <SV = 55> <Delay = 0.00>
ST_63 : Operation 189 [1/2] (0.00ns)   --->   "call fastcc void @turnCube(i4 7) nounwind" [Rubik_Cube_Layer_All/layerAll.cpp:1167]   --->   Operation 189 'call' <Predicate = (!or_cond) | (!brmerge1)> <Delay = 0.00> <CoreType = "Generic">   --->   Core 0 '' <Latency = 0> <II = 1> <Delay = 1.00> <Generic> <Opcode : >
ST_63 : Operation 190 [1/1] (0.00ns)   --->   "br label %._crit_edge86" [Rubik_Cube_Layer_All/layerAll.cpp:1168]   --->   Operation 190 'br' <Predicate = (!or_cond) | (!brmerge1)> <Delay = 0.00>
ST_63 : Operation 191 [1/1] (0.00ns)   --->   "ret void" [Rubik_Cube_Layer_All/layerAll.cpp:1169]   --->   Operation 191 'ret' <Predicate = true> <Delay = 0.00>


============================================================
+ Verbose Summary: Binding
============================================================
STG Binding: 
---------------- STG Properties BEGIN ----------------
- Is combinational: 0
- Is one-state seq: 0
- Is datapath-only: 0
- Is pipelined: 0
- Is top level: 0
Port [ Return ] is wired: 1; IO mode=ap_ctrl_hs:ce=0
Port [ moveCounter_V]:  wired=1; compound=0; hidden=0; nouse=0; global=1; static=1; extern=0; dir=2; type=0; pingpong=0; private_global=0; linkage=7; visibility=0; IO mode=ap_ovld:ce=0
Port [ moves_V]:  wired=1; compound=1; hidden=0; nouse=0; global=1; static=1; extern=0; dir=1; type=1; pingpong=0; private_global=0; linkage=7; visibility=0; MemPort=[03]; IO mode=ap_memory:ce=0
Port [ cubieColor_V]:  wired=1; compound=1; hidden=0; nouse=0; global=1; static=1; extern=0; dir=2; type=1; pingpong=0; private_global=0; linkage=7; visibility=0; MemPort=[22]; IO mode=ap_memory:ce=0
---------------- STG Properties END ------------------

---------------- Datapath Model BEGIN ----------------

<LifeTime>
<method=bitvector/>
cubieColor_V_load    (load) [ 0001100000000000000000000000000000000000000000000000000000000000]
cubieColor_V_load_17 (load) [ 0000000000000000000000000000000000000000000000000000000000000000]
tmp                  (icmp) [ 0000100000000000000000000000000000000000000000000000000000000000]
cubieColor_V_load_18 (load) [ 0000000000000000000000000000000000000000000000000000000000000000]
tmp_s                (icmp) [ 0000100000000000000000000000000000000000000000000000000000000000]
cubieColor_V_load_19 (load) [ 0000000000000000000000000000000000000000000000000000000000000000]
tmp_15               (icmp) [ 0000000000000000000000000000000000000000000000000000000000000000]
cubieColor_V_load_20 (load) [ 0000000000000000000000000000000000000000000000000000000000000000]
tmp_16               (icmp) [ 0000000000000000000000000000000000000000000000000000000000000000]
tmp2                 (or  ) [ 0000000000000000000000000000000000000000000000000000000000000000]
tmp3                 (or  ) [ 0000000000000000000000000000000000000000000000000000000000000000]
or_cond7             (or  ) [ 0000111111111111100000000000000000000000000000000000000000000000]
StgValue_81          (br  ) [ 0000000000000000000000000000000000000000000000000000000000000000]
StgValue_83          (call) [ 0000000000000000000000000000000000000000000000000000000000000000]
StgValue_85          (call) [ 0000000000000000000000000000000000000000000000000000000000000000]
StgValue_87          (call) [ 0000000000000000000000000000000000000000000000000000000000000000]
StgValue_89          (call) [ 0000000000000000000000000000000000000000000000000000000000000000]
StgValue_91          (call) [ 0000000000000000000000000000000000000000000000000000000000000000]
StgValue_93          (call) [ 0000000000000000000000000000000000000000000000000000000000000000]
StgValue_94          (br  ) [ 0000000000000000000000000000000000000000000000000000000000000000]
cubieColor_V_load_21 (load) [ 0000000000000000000100000000000000000000000000000000000000000000]
cubieColor_V_load_22 (load) [ 0000000000000000000010000000000000000000000000000000000000000000]
tmp_17               (icmp) [ 0000000000000000000111111111111111111111111111000000000000000000]
cubieColor_V_load_23 (load) [ 0000000000000000000011000000000000000000000000000000000000000000]
tmp_18               (icmp) [ 0000000000000000000111111111111111111111111111000000000000000000]
StgValue_103         (br  ) [ 0000000000000000000000000000000000000000000000000000000000000000]
StgValue_104         (br  ) [ 0000000000000000000000000000000000000000000000000000000000000000]
StgValue_105         (br  ) [ 0000000000000000000000000000000000000000000000000000000000000000]
cubieColor_V_load_24 (load) [ 0000000000000000000000000000000000000000000000000000000000000000]
tmp_19               (icmp) [ 0000000000000000000010000000000000000000000000000000000000000000]
StgValue_109         (br  ) [ 0000000000000000000000000000000000000000000000000000000000000000]
tmp_20               (icmp) [ 0000000000000000000011111111000000000000000000000000000000000000]
StgValue_111         (br  ) [ 0000000000000000000000000000000000000000000000000000000000000000]
cubieColor_V_load_25 (load) [ 0000000000000000000000000000000000000000000000000000000000000000]
tmp_21               (icmp) [ 0000000000000000000001110000000000000000000000000000000000000000]
StgValue_115         (br  ) [ 0000000000000000000000000000000000000000000000000000000000000000]
StgValue_117         (call) [ 0000000000000000000000000000000000000000000000000000000000000000]
StgValue_118         (br  ) [ 0000000000000000000000000000000000000000000000000000000000000000]
StgValue_119         (br  ) [ 0000000000000000000000000000000000000000000000000000000000000000]
StgValue_121         (call) [ 0000000000000000000000000000000000000000000000000000000000000000]
StgValue_123         (call) [ 0000000000000000000000000000000000000000000000000000000000000000]
StgValue_124         (br  ) [ 0000000000000000000000000000000000000000000000000000000000000000]
StgValue_125         (br  ) [ 0000000000000000000000000000000000000000000000000000000000000000]
StgValue_127         (call) [ 0000000000000000000000000000000000000000000000000000000000000000]
StgValue_129         (call) [ 0000000000000000000000000000000000000000000000000000000000000000]
StgValue_131         (call) [ 0000000000000000000000000000000000000000000000000000000000000000]
StgValue_132         (br  ) [ 0000000000000000000000000000000000000000000000000000000000000000]
StgValue_134         (call) [ 0000000000000000000000000000000000000000000000000000000000000000]
StgValue_136         (call) [ 0000000000000000000000000000000000000000000000000000000000000000]
StgValue_138         (call) [ 0000000000000000000000000000000000000000000000000000000000000000]
StgValue_140         (call) [ 0000000000000000000000000000000000000000000000000000000000000000]
StgValue_142         (call) [ 0000000000000000000000000000000000000000000000000000000000000000]
StgValue_144         (call) [ 0000000000000000000000000000000000000000000000000000000000000000]
StgValue_145         (br  ) [ 0000000000000000000000000000000000000000000000000000000000000000]
cubieColor_V_load_26 (load) [ 0000000000000000000000000000000000000000000000001110000000000000]
cubieColor_V_load_27 (load) [ 0000000000000000000000000000000000000000000000000000000000000000]
tmp_22               (icmp) [ 0000000000000000000000000000000000000000000000000110000000000000]
cubieColor_V_load_28 (load) [ 0000000000000000000000000000000000000000000000000110000000000000]
tmp_23               (icmp) [ 0000000000000000000000000000000000000000000000000000000000000000]
or_cond8             (and ) [ 0000000000000000000000000000000000000000000000000000000000000000]
or_cond75_not        (xor ) [ 0000000000000000000000000000000000000000000000000000000000000000]
cubieColor_V_load_29 (load) [ 0000000000000000000000000000000000000000000000000000000000000000]
tmp_24               (icmp) [ 0000000000000000000000000000000000000000000000000000000000000000]
cubieColor_V_load_30 (load) [ 0000000000000000000000000000000000000000000000000000000000000000]
tmp_25               (icmp) [ 0000000000000000000000000000000000000000000000000000000000000000]
tmp4                 (or  ) [ 0000000000000000000000000000000000000000000000000000000000000000]
or_cond              (or  ) [ 0000000000000000000000000000000000000000000000000111111111111111]
StgValue_164         (br  ) [ 0000000000000000000000000000000000000000000000000110000000000000]
notlhs               (icmp) [ 0000000000000000000000000000000000000000000000000000000000000000]
notrhs               (icmp) [ 0000000000000000000000000000000000000000000000000000000000000000]
tmp5                 (or  ) [ 0000000000000000000000000000000000000000000000000000000000000000]
tmp6                 (or  ) [ 0000000000000000000000000000000000000000000000000000000000000000]
brmerge1             (or  ) [ 0000000000000000000000000000000000000000000000000111111111111111]
StgValue_170         (br  ) [ 0000000000000000000000000000000000000000000000000110000000000000]
tmp_26               (phi ) [ 0000000000000000000000000000000000000000000000000010000000000000]
tmp_27               (icmp) [ 0000000000000000000000000000000000000000000000000000000000000000]
or_cond1             (and ) [ 0000000000000000000000000000000000000000000000000010000000000000]
StgValue_174         (br  ) [ 0000000000000000000000000000000000000000000000000000000000000000]
StgValue_176         (call) [ 0000000000000000000000000000000000000000000000000000000000000000]
StgValue_177         (br  ) [ 0000000000000000000000000000000000000000000000000000000000000000]
StgValue_179         (call) [ 0000000000000000000000000000000000000000000000000000000000000000]
StgValue_181         (call) [ 0000000000000000000000000000000000000000000000000000000000000000]
StgValue_183         (call) [ 0000000000000000000000000000000000000000000000000000000000000000]
StgValue_185         (call) [ 0000000000000000000000000000000000000000000000000000000000000000]
StgValue_187         (call) [ 0000000000000000000000000000000000000000000000000000000000000000]
StgValue_189         (call) [ 0000000000000000000000000000000000000000000000000000000000000000]
StgValue_190         (br  ) [ 0000000000000000000000000000000000000000000000000000000000000000]
StgValue_191         (ret ) [ 0000000000000000000000000000000000000000000000000000000000000000]
</LifeTime>

<model>

<comp_list>
<comp id="0" class="1000" name="moveCounter_V">
<pin_list>
<pin id="1" dir="1" index="0" bw="1" slack="0"/>
</pin_list>
<bind>
<StgValue><ssdm name="moveCounter_V"/></StgValue>
</bind>
</comp>

<comp id="2" class="1000" name="moves_V">
<pin_list>
<pin id="3" dir="1" index="0" bw="1" slack="0"/>
</pin_list>
<bind>
<StgValue><ssdm name="moves_V"/><MemPortTyVec>0 3 </MemPortTyVec>
</StgValue>
</bind>
</comp>

<comp id="4" class="1000" name="cubieColor_V">
<pin_list>
<pin id="5" dir="1" index="0" bw="1" slack="0"/>
</pin_list>
<bind>
<StgValue><ssdm name="cubieColor_V"/><MemPortTyVec>2 2 </MemPortTyVec>
</StgValue>
</bind>
</comp>

<comp id="6" class="1001" name="const_6">
<pin_list>
<pin id="7" dir="1" index="0" bw="1" slack="0"/>
</pin_list>
<bind>
<StgValue><ssdm name=""/></StgValue>
</bind>
</comp>

<comp id="8" class="1001" name="const_8">
<pin_list>
<pin id="9" dir="1" index="0" bw="1" slack="0"/>
</pin_list>
<bind>
<StgValue><ssdm name=""/></StgValue>
</bind>
</comp>

<comp id="10" class="1001" name="const_10">
<pin_list>
<pin id="11" dir="1" index="0" bw="1" slack="0"/>
</pin_list>
<bind>
<StgValue><ssdm name=""/></StgValue>
</bind>
</comp>

<comp id="12" class="1001" name="const_12">
<pin_list>
<pin id="13" dir="1" index="0" bw="1" slack="0"/>
</pin_list>
<bind>
<StgValue><ssdm name=""/></StgValue>
</bind>
</comp>

<comp id="14" class="1001" name="const_14">
<pin_list>
<pin id="15" dir="1" index="0" bw="1" slack="0"/>
</pin_list>
<bind>
<StgValue><ssdm name=""/></StgValue>
</bind>
</comp>

<comp id="16" class="1001" name="const_16">
<pin_list>
<pin id="17" dir="1" index="0" bw="1" slack="0"/>
</pin_list>
<bind>
<StgValue><ssdm name="turnCube"/></StgValue>
</bind>
</comp>

<comp id="18" class="1001" name="const_18">
<pin_list>
<pin id="19" dir="1" index="0" bw="1" slack="0"/>
</pin_list>
<bind>
<StgValue><ssdm name=""/></StgValue>
</bind>
</comp>

<comp id="20" class="1001" name="const_20">
<pin_list>
<pin id="21" dir="1" index="0" bw="1" slack="0"/>
</pin_list>
<bind>
<StgValue><ssdm name=""/></StgValue>
</bind>
</comp>

<comp id="22" class="1001" name="const_22">
<pin_list>
<pin id="23" dir="1" index="0" bw="1" slack="0"/>
</pin_list>
<bind>
<StgValue><ssdm name=""/></StgValue>
</bind>
</comp>

<comp id="24" class="1001" name="const_24">
<pin_list>
<pin id="25" dir="1" index="0" bw="1" slack="0"/>
</pin_list>
<bind>
<StgValue><ssdm name=""/></StgValue>
</bind>
</comp>

<comp id="26" class="1001" name="const_26">
<pin_list>
<pin id="27" dir="1" index="0" bw="1" slack="0"/>
</pin_list>
<bind>
<StgValue><ssdm name=""/></StgValue>
</bind>
</comp>

<comp id="28" class="1001" name="const_28">
<pin_list>
<pin id="29" dir="1" index="0" bw="1" slack="0"/>
</pin_list>
<bind>
<StgValue><ssdm name=""/></StgValue>
</bind>
</comp>

<comp id="30" class="1001" name="const_30">
<pin_list>
<pin id="31" dir="1" index="0" bw="1" slack="0"/>
</pin_list>
<bind>
<StgValue><ssdm name="rotateCubeHorizontal"/></StgValue>
</bind>
</comp>

<comp id="32" class="1001" name="const_32">
<pin_list>
<pin id="33" dir="1" index="0" bw="1" slack="0"/>
</pin_list>
<bind>
<StgValue><ssdm name=""/></StgValue>
</bind>
</comp>

<comp id="34" class="1004" name="grp_access_fu_34">
<pin_list>
<pin id="35" dir="0" index="0" bw="3" slack="0"/>
<pin id="36" dir="0" index="1" bw="3" slack="2147483647"/>
<pin id="37" dir="0" index="2" bw="0" slack="0"/>
<pin id="41" dir="0" index="4" bw="3" slack="2147483647"/>
<pin id="42" dir="0" index="5" bw="3" slack="2147483647"/>
<pin id="43" dir="0" index="6" bw="0" slack="2147483647"/>
<pin id="38" dir="1" index="3" bw="3" slack="0"/>
<pin id="44" dir="1" index="7" bw="3" slack="0"/>
</pin_list>
<bind>
<opcode="load(27) " fcode="load"/>
<opset="cubieColor_V_load/1 cubieColor_V_load_17/2 cubieColor_V_load_18/2 cubieColor_V_load_19/3 cubieColor_V_load_20/3 cubieColor_V_load_21/17 cubieColor_V_load_22/18 cubieColor_V_load_23/18 cubieColor_V_load_24/19 cubieColor_V_load_25/20 cubieColor_V_load_26/46 cubieColor_V_load_27/47 cubieColor_V_load_28/47 cubieColor_V_load_29/48 cubieColor_V_load_30/48 "/>
</bind>
</comp>

<comp id="52" class="1005" name="tmp_26_reg_52">
<pin_list>
<pin id="53" dir="0" index="0" bw="3" slack="2147483647"/>
<pin id="54" dir="1" index="1" bw="3" slack="2147483647"/>
</pin_list>
<bind>
<opset="tmp_26 (phireg) "/>
</bind>
</comp>

<comp id="55" class="1004" name="tmp_26_phi_fu_55">
<pin_list>
<pin id="56" dir="0" index="0" bw="3" slack="3"/>
<pin id="57" dir="0" index="1" bw="0" slack="2147483647"/>
<pin id="58" dir="0" index="2" bw="3" slack="2"/>
<pin id="59" dir="0" index="3" bw="0" slack="2147483647"/>
<pin id="60" dir="1" index="4" bw="3" slack="0"/>
</pin_list>
<bind>
<opcode="phi(47) " fcode="phi"/>
<opset="tmp_26/50 "/>
</bind>
</comp>

<comp id="61" class="1004" name="grp_turnCube_fu_61">
<pin_list>
<pin id="62" dir="0" index="0" bw="0" slack="0"/>
<pin id="63" dir="0" index="1" bw="4" slack="0"/>
<pin id="64" dir="0" index="2" bw="8" slack="0"/>
<pin id="65" dir="0" index="3" bw="4" slack="0"/>
<pin id="66" dir="0" index="4" bw="3" slack="0"/>
<pin id="67" dir="1" index="5" bw="0" slack="2147483647"/>
</pin_list>
<bind>
<opcode="call(48) " fcode="call"/>
<opset="StgValue_82/5 StgValue_84/7 StgValue_86/9 StgValue_88/11 StgValue_90/13 StgValue_92/15 StgValue_133/34 StgValue_135/36 StgValue_137/38 StgValue_139/40 StgValue_141/42 StgValue_143/44 StgValue_178/52 StgValue_180/54 StgValue_182/56 StgValue_184/58 StgValue_186/60 StgValue_188/62 "/>
</bind>
</comp>

<comp id="78" class="1004" name="grp_rotateCubeHorizontal_fu_78">
<pin_list>
<pin id="79" dir="0" index="0" bw="0" slack="0"/>
<pin id="80" dir="0" index="1" bw="8" slack="0"/>
<pin id="81" dir="0" index="2" bw="4" slack="0"/>
<pin id="82" dir="0" index="3" bw="3" slack="0"/>
<pin id="83" dir="1" index="4" bw="0" slack="2147483647"/>
</pin_list>
<bind>
<opcode="call(48) " fcode="call"/>
<opset="StgValue_116/22 StgValue_120/24 StgValue_122/26 StgValue_126/28 StgValue_128/30 StgValue_130/32 StgValue_175/50 "/>
</bind>
</comp>

<comp id="88" class="1004" name="grp_fu_88">
<pin_list>
<pin id="89" dir="0" index="0" bw="3" slack="1"/>
<pin id="90" dir="0" index="1" bw="3" slack="0"/>
<pin id="91" dir="1" index="2" bw="1" slack="0"/>
</pin_list>
<bind>
<opcode="icmp(45) " fcode="icmp"/>
<opset="tmp/3 tmp_16/4 "/>
</bind>
</comp>

<comp id="93" class="1004" name="grp_fu_93">
<pin_list>
<pin id="94" dir="0" index="0" bw="3" slack="1"/>
<pin id="95" dir="0" index="1" bw="3" slack="0"/>
<pin id="96" dir="1" index="2" bw="1" slack="0"/>
</pin_list>
<bind>
<opcode="icmp(45) " fcode="icmp"/>
<opset="tmp_s/3 tmp_15/4 "/>
</bind>
</comp>

<comp id="98" class="1004" name="grp_fu_98">
<pin_list>
<pin id="99" dir="0" index="0" bw="3" slack="1"/>
<pin id="100" dir="0" index="1" bw="3" slack="0"/>
<pin id="101" dir="1" index="2" bw="1" slack="0"/>
</pin_list>
<bind>
<opcode="icmp(45) " fcode="icmp"/>
<opset="tmp_22/48 tmp_24/49 "/>
</bind>
</comp>

<comp id="103" class="1005" name="reg_103">
<pin_list>
<pin id="104" dir="0" index="0" bw="3" slack="1"/>
<pin id="105" dir="1" index="1" bw="3" slack="1"/>
</pin_list>
<bind>
<opset="cubieColor_V_load cubieColor_V_load_21 cubieColor_V_load_22 cubieColor_V_load_26 "/>
</bind>
</comp>

<comp id="112" class="1005" name="reg_112">
<pin_list>
<pin id="113" dir="0" index="0" bw="3" slack="1"/>
<pin id="114" dir="1" index="1" bw="3" slack="1"/>
</pin_list>
<bind>
<opset="cubieColor_V_load_23 cubieColor_V_load_28 "/>
</bind>
</comp>

<comp id="118" class="1004" name="grp_fu_118">
<pin_list>
<pin id="119" dir="0" index="0" bw="3" slack="1"/>
<pin id="120" dir="0" index="1" bw="3" slack="0"/>
<pin id="121" dir="1" index="2" bw="1" slack="0"/>
</pin_list>
<bind>
<opcode="icmp(45) " fcode="icmp"/>
<opset="tmp_17/19 tmp_19/20 tmp_25/49 "/>
</bind>
</comp>

<comp id="124" class="1004" name="tmp2_fu_124">
<pin_list>
<pin id="125" dir="0" index="0" bw="1" slack="1"/>
<pin id="126" dir="0" index="1" bw="1" slack="1"/>
<pin id="127" dir="1" index="2" bw="1" slack="0"/>
</pin_list>
<bind>
<opcode="or(24) " fcode="or"/>
<opset="tmp2/4 "/>
</bind>
</comp>

<comp id="128" class="1004" name="tmp3_fu_128">
<pin_list>
<pin id="129" dir="0" index="0" bw="1" slack="0"/>
<pin id="130" dir="0" index="1" bw="1" slack="0"/>
<pin id="131" dir="1" index="2" bw="1" slack="0"/>
</pin_list>
<bind>
<opcode="or(24) " fcode="or"/>
<opset="tmp3/4 "/>
</bind>
</comp>

<comp id="134" class="1004" name="or_cond7_fu_134">
<pin_list>
<pin id="135" dir="0" index="0" bw="1" slack="0"/>
<pin id="136" dir="0" index="1" bw="1" slack="0"/>
<pin id="137" dir="1" index="2" bw="1" slack="12"/>
</pin_list>
<bind>
<opcode="or(24) " fcode="or"/>
<opset="or_cond7/4 "/>
</bind>
</comp>

<comp id="140" class="1004" name="tmp_18_fu_140">
<pin_list>
<pin id="141" dir="0" index="0" bw="3" slack="1"/>
<pin id="142" dir="0" index="1" bw="3" slack="0"/>
<pin id="143" dir="1" index="2" bw="1" slack="19"/>
</pin_list>
<bind>
<opcode="icmp(45) " fcode="icmp"/>
<opset="tmp_18/19 "/>
</bind>
</comp>

<comp id="146" class="1004" name="tmp_20_fu_146">
<pin_list>
<pin id="147" dir="0" index="0" bw="3" slack="0"/>
<pin id="148" dir="0" index="1" bw="3" slack="1"/>
<pin id="149" dir="1" index="2" bw="1" slack="4"/>
</pin_list>
<bind>
<opcode="icmp(45) " fcode="icmp"/>
<opset="tmp_20/20 "/>
</bind>
</comp>

<comp id="152" class="1004" name="tmp_21_fu_152">
<pin_list>
<pin id="153" dir="0" index="0" bw="3" slack="0"/>
<pin id="154" dir="0" index="1" bw="3" slack="2"/>
<pin id="155" dir="1" index="2" bw="1" slack="2"/>
</pin_list>
<bind>
<opcode="icmp(45) " fcode="icmp"/>
<opset="tmp_21/21 "/>
</bind>
</comp>

<comp id="158" class="1004" name="tmp_23_fu_158">
<pin_list>
<pin id="159" dir="0" index="0" bw="3" slack="2"/>
<pin id="160" dir="0" index="1" bw="3" slack="1"/>
<pin id="161" dir="1" index="2" bw="1" slack="0"/>
</pin_list>
<bind>
<opcode="icmp(45) " fcode="icmp"/>
<opset="tmp_23/49 "/>
</bind>
</comp>

<comp id="164" class="1004" name="or_cond8_fu_164">
<pin_list>
<pin id="165" dir="0" index="0" bw="1" slack="1"/>
<pin id="166" dir="0" index="1" bw="1" slack="0"/>
<pin id="167" dir="1" index="2" bw="1" slack="0"/>
</pin_list>
<bind>
<opcode="and(23) " fcode="and"/>
<opset="or_cond8/49 "/>
</bind>
</comp>

<comp id="169" class="1004" name="or_cond75_not_fu_169">
<pin_list>
<pin id="170" dir="0" index="0" bw="1" slack="0"/>
<pin id="171" dir="0" index="1" bw="1" slack="0"/>
<pin id="172" dir="1" index="2" bw="1" slack="0"/>
</pin_list>
<bind>
<opcode="xor(25) " fcode="xor"/>
<opset="or_cond75_not/49 "/>
</bind>
</comp>

<comp id="175" class="1004" name="tmp4_fu_175">
<pin_list>
<pin id="176" dir="0" index="0" bw="1" slack="0"/>
<pin id="177" dir="0" index="1" bw="1" slack="0"/>
<pin id="178" dir="1" index="2" bw="1" slack="0"/>
</pin_list>
<bind>
<opcode="or(24) " fcode="or"/>
<opset="tmp4/49 "/>
</bind>
</comp>

<comp id="181" class="1004" name="or_cond_fu_181">
<pin_list>
<pin id="182" dir="0" index="0" bw="1" slack="0"/>
<pin id="183" dir="0" index="1" bw="1" slack="0"/>
<pin id="184" dir="1" index="2" bw="1" slack="14"/>
</pin_list>
<bind>
<opcode="or(24) " fcode="or"/>
<opset="or_cond/49 "/>
</bind>
</comp>

<comp id="187" class="1004" name="notlhs_fu_187">
<pin_list>
<pin id="188" dir="0" index="0" bw="3" slack="2"/>
<pin id="189" dir="0" index="1" bw="3" slack="0"/>
<pin id="190" dir="1" index="2" bw="1" slack="0"/>
</pin_list>
<bind>
<opcode="icmp(45) " fcode="icmp"/>
<opset="notlhs/49 "/>
</bind>
</comp>

<comp id="193" class="1004" name="notrhs_fu_193">
<pin_list>
<pin id="194" dir="0" index="0" bw="3" slack="2"/>
<pin id="195" dir="0" index="1" bw="3" slack="0"/>
<pin id="196" dir="1" index="2" bw="1" slack="0"/>
</pin_list>
<bind>
<opcode="icmp(45) " fcode="icmp"/>
<opset="notrhs/49 "/>
</bind>
</comp>

<comp id="199" class="1004" name="tmp5_fu_199">
<pin_list>
<pin id="200" dir="0" index="0" bw="1" slack="0"/>
<pin id="201" dir="0" index="1" bw="1" slack="0"/>
<pin id="202" dir="1" index="2" bw="1" slack="0"/>
</pin_list>
<bind>
<opcode="or(24) " fcode="or"/>
<opset="tmp5/49 "/>
</bind>
</comp>

<comp id="205" class="1004" name="tmp6_fu_205">
<pin_list>
<pin id="206" dir="0" index="0" bw="1" slack="1"/>
<pin id="207" dir="0" index="1" bw="1" slack="0"/>
<pin id="208" dir="1" index="2" bw="1" slack="0"/>
</pin_list>
<bind>
<opcode="or(24) " fcode="or"/>
<opset="tmp6/49 "/>
</bind>
</comp>

<comp id="210" class="1004" name="brmerge1_fu_210">
<pin_list>
<pin id="211" dir="0" index="0" bw="1" slack="0"/>
<pin id="212" dir="0" index="1" bw="1" slack="0"/>
<pin id="213" dir="1" index="2" bw="1" slack="14"/>
</pin_list>
<bind>
<opcode="or(24) " fcode="or"/>
<opset="brmerge1/49 "/>
</bind>
</comp>

<comp id="216" class="1004" name="tmp_27_fu_216">
<pin_list>
<pin id="217" dir="0" index="0" bw="3" slack="3"/>
<pin id="218" dir="0" index="1" bw="3" slack="0"/>
<pin id="219" dir="1" index="2" bw="1" slack="0"/>
</pin_list>
<bind>
<opcode="icmp(45) " fcode="icmp"/>
<opset="tmp_27/50 "/>
</bind>
</comp>

<comp id="222" class="1004" name="or_cond1_fu_222">
<pin_list>
<pin id="223" dir="0" index="0" bw="1" slack="2"/>
<pin id="224" dir="0" index="1" bw="1" slack="0"/>
<pin id="225" dir="1" index="2" bw="1" slack="2147483647"/>
</pin_list>
<bind>
<opcode="and(23) " fcode="and"/>
<opset="or_cond1/50 "/>
</bind>
</comp>

<comp id="227" class="1005" name="tmp_reg_227">
<pin_list>
<pin id="228" dir="0" index="0" bw="1" slack="1"/>
<pin id="229" dir="1" index="1" bw="1" slack="1"/>
</pin_list>
<bind>
<opset="tmp "/>
</bind>
</comp>

<comp id="232" class="1005" name="tmp_s_reg_232">
<pin_list>
<pin id="233" dir="0" index="0" bw="1" slack="1"/>
<pin id="234" dir="1" index="1" bw="1" slack="1"/>
</pin_list>
<bind>
<opset="tmp_s "/>
</bind>
</comp>

<comp id="237" class="1005" name="or_cond7_reg_237">
<pin_list>
<pin id="238" dir="0" index="0" bw="1" slack="12"/>
<pin id="239" dir="1" index="1" bw="1" slack="2147483647"/>
</pin_list>
<bind>
<opset="or_cond7 "/>
</bind>
</comp>

<comp id="241" class="1005" name="tmp_17_reg_241">
<pin_list>
<pin id="242" dir="0" index="0" bw="1" slack="19"/>
<pin id="243" dir="1" index="1" bw="1" slack="2147483647"/>
</pin_list>
<bind>
<opset="tmp_17 "/>
</bind>
</comp>

<comp id="245" class="1005" name="tmp_18_reg_245">
<pin_list>
<pin id="246" dir="0" index="0" bw="1" slack="19"/>
<pin id="247" dir="1" index="1" bw="1" slack="2147483647"/>
</pin_list>
<bind>
<opset="tmp_18 "/>
</bind>
</comp>

<comp id="252" class="1005" name="tmp_20_reg_252">
<pin_list>
<pin id="253" dir="0" index="0" bw="1" slack="4"/>
<pin id="254" dir="1" index="1" bw="1" slack="2147483647"/>
</pin_list>
<bind>
<opset="tmp_20 "/>
</bind>
</comp>

<comp id="256" class="1005" name="tmp_21_reg_256">
<pin_list>
<pin id="257" dir="0" index="0" bw="1" slack="2"/>
<pin id="258" dir="1" index="1" bw="1" slack="2147483647"/>
</pin_list>
<bind>
<opset="tmp_21 "/>
</bind>
</comp>

<comp id="260" class="1005" name="tmp_22_reg_260">
<pin_list>
<pin id="261" dir="0" index="0" bw="1" slack="1"/>
<pin id="262" dir="1" index="1" bw="1" slack="1"/>
</pin_list>
<bind>
<opset="tmp_22 "/>
</bind>
</comp>

<comp id="267" class="1005" name="or_cond_reg_267">
<pin_list>
<pin id="268" dir="0" index="0" bw="1" slack="14"/>
<pin id="269" dir="1" index="1" bw="1" slack="2147483647"/>
</pin_list>
<bind>
<opset="or_cond "/>
</bind>
</comp>

<comp id="271" class="1005" name="brmerge1_reg_271">
<pin_list>
<pin id="272" dir="0" index="0" bw="1" slack="14"/>
<pin id="273" dir="1" index="1" bw="1" slack="2147483647"/>
</pin_list>
<bind>
<opset="brmerge1 "/>
</bind>
</comp>

</comp_list>

<net_list>
<net id="39"><net_src comp="6" pin="0"/><net_sink comp="34" pin=0"/></net>

<net id="40"><net_src comp="8" pin="0"/><net_sink comp="34" pin=0"/></net>

<net id="45"><net_src comp="10" pin="0"/><net_sink comp="34" pin=2"/></net>

<net id="46"><net_src comp="12" pin="0"/><net_sink comp="34" pin=2"/></net>

<net id="47"><net_src comp="14" pin="0"/><net_sink comp="34" pin=0"/></net>

<net id="48"><net_src comp="6" pin="0"/><net_sink comp="34" pin=2"/></net>

<net id="49"><net_src comp="14" pin="0"/><net_sink comp="34" pin=2"/></net>

<net id="50"><net_src comp="12" pin="0"/><net_sink comp="34" pin=0"/></net>

<net id="51"><net_src comp="8" pin="0"/><net_sink comp="34" pin=2"/></net>

<net id="68"><net_src comp="16" pin="0"/><net_sink comp="61" pin=0"/></net>

<net id="69"><net_src comp="18" pin="0"/><net_sink comp="61" pin=1"/></net>

<net id="70"><net_src comp="0" pin="0"/><net_sink comp="61" pin=2"/></net>

<net id="71"><net_src comp="2" pin="0"/><net_sink comp="61" pin=3"/></net>

<net id="72"><net_src comp="4" pin="0"/><net_sink comp="61" pin=4"/></net>

<net id="73"><net_src comp="20" pin="0"/><net_sink comp="61" pin=1"/></net>

<net id="74"><net_src comp="22" pin="0"/><net_sink comp="61" pin=1"/></net>

<net id="75"><net_src comp="24" pin="0"/><net_sink comp="61" pin=1"/></net>

<net id="76"><net_src comp="26" pin="0"/><net_sink comp="61" pin=1"/></net>

<net id="77"><net_src comp="28" pin="0"/><net_sink comp="61" pin=1"/></net>

<net id="84"><net_src comp="30" pin="0"/><net_sink comp="78" pin=0"/></net>

<net id="85"><net_src comp="0" pin="0"/><net_sink comp="78" pin=1"/></net>

<net id="86"><net_src comp="2" pin="0"/><net_sink comp="78" pin=2"/></net>

<net id="87"><net_src comp="4" pin="0"/><net_sink comp="78" pin=3"/></net>

<net id="92"><net_src comp="34" pin="3"/><net_sink comp="88" pin=1"/></net>

<net id="97"><net_src comp="34" pin="7"/><net_sink comp="93" pin=1"/></net>

<net id="102"><net_src comp="34" pin="7"/><net_sink comp="98" pin=1"/></net>

<net id="106"><net_src comp="34" pin="3"/><net_sink comp="103" pin=0"/></net>

<net id="107"><net_src comp="103" pin="1"/><net_sink comp="88" pin=0"/></net>

<net id="108"><net_src comp="103" pin="1"/><net_sink comp="93" pin=0"/></net>

<net id="109"><net_src comp="34" pin="7"/><net_sink comp="103" pin=0"/></net>

<net id="110"><net_src comp="103" pin="1"/><net_sink comp="98" pin=0"/></net>

<net id="111"><net_src comp="103" pin="1"/><net_sink comp="55" pin=0"/></net>

<net id="115"><net_src comp="34" pin="7"/><net_sink comp="112" pin=0"/></net>

<net id="116"><net_src comp="34" pin="3"/><net_sink comp="112" pin=0"/></net>

<net id="117"><net_src comp="112" pin="1"/><net_sink comp="55" pin=2"/></net>

<net id="122"><net_src comp="103" pin="1"/><net_sink comp="118" pin=0"/></net>

<net id="123"><net_src comp="34" pin="3"/><net_sink comp="118" pin=1"/></net>

<net id="132"><net_src comp="93" pin="2"/><net_sink comp="128" pin=0"/></net>

<net id="133"><net_src comp="88" pin="2"/><net_sink comp="128" pin=1"/></net>

<net id="138"><net_src comp="128" pin="2"/><net_sink comp="134" pin=0"/></net>

<net id="139"><net_src comp="124" pin="2"/><net_sink comp="134" pin=1"/></net>

<net id="144"><net_src comp="103" pin="1"/><net_sink comp="140" pin=0"/></net>

<net id="145"><net_src comp="34" pin="7"/><net_sink comp="140" pin=1"/></net>

<net id="150"><net_src comp="34" pin="3"/><net_sink comp="146" pin=0"/></net>

<net id="151"><net_src comp="112" pin="1"/><net_sink comp="146" pin=1"/></net>

<net id="156"><net_src comp="34" pin="7"/><net_sink comp="152" pin=0"/></net>

<net id="157"><net_src comp="112" pin="1"/><net_sink comp="152" pin=1"/></net>

<net id="162"><net_src comp="103" pin="1"/><net_sink comp="158" pin=0"/></net>

<net id="163"><net_src comp="112" pin="1"/><net_sink comp="158" pin=1"/></net>

<net id="168"><net_src comp="158" pin="2"/><net_sink comp="164" pin=1"/></net>

<net id="173"><net_src comp="164" pin="2"/><net_sink comp="169" pin=0"/></net>

<net id="174"><net_src comp="32" pin="0"/><net_sink comp="169" pin=1"/></net>

<net id="179"><net_src comp="118" pin="2"/><net_sink comp="175" pin=0"/></net>

<net id="180"><net_src comp="169" pin="2"/><net_sink comp="175" pin=1"/></net>

<net id="185"><net_src comp="175" pin="2"/><net_sink comp="181" pin=0"/></net>

<net id="186"><net_src comp="98" pin="2"/><net_sink comp="181" pin=1"/></net>

<net id="191"><net_src comp="103" pin="1"/><net_sink comp="187" pin=0"/></net>

<net id="192"><net_src comp="34" pin="7"/><net_sink comp="187" pin=1"/></net>

<net id="197"><net_src comp="103" pin="1"/><net_sink comp="193" pin=0"/></net>

<net id="198"><net_src comp="34" pin="3"/><net_sink comp="193" pin=1"/></net>

<net id="203"><net_src comp="193" pin="2"/><net_sink comp="199" pin=0"/></net>

<net id="204"><net_src comp="187" pin="2"/><net_sink comp="199" pin=1"/></net>

<net id="209"><net_src comp="158" pin="2"/><net_sink comp="205" pin=1"/></net>

<net id="214"><net_src comp="205" pin="2"/><net_sink comp="210" pin=0"/></net>

<net id="215"><net_src comp="199" pin="2"/><net_sink comp="210" pin=1"/></net>

<net id="220"><net_src comp="103" pin="1"/><net_sink comp="216" pin=0"/></net>

<net id="221"><net_src comp="55" pin="4"/><net_sink comp="216" pin=1"/></net>

<net id="226"><net_src comp="216" pin="2"/><net_sink comp="222" pin=1"/></net>

<net id="230"><net_src comp="88" pin="2"/><net_sink comp="227" pin=0"/></net>

<net id="231"><net_src comp="227" pin="1"/><net_sink comp="124" pin=0"/></net>

<net id="235"><net_src comp="93" pin="2"/><net_sink comp="232" pin=0"/></net>

<net id="236"><net_src comp="232" pin="1"/><net_sink comp="124" pin=1"/></net>

<net id="240"><net_src comp="134" pin="2"/><net_sink comp="237" pin=0"/></net>

<net id="244"><net_src comp="118" pin="2"/><net_sink comp="241" pin=0"/></net>

<net id="248"><net_src comp="140" pin="2"/><net_sink comp="245" pin=0"/></net>

<net id="255"><net_src comp="146" pin="2"/><net_sink comp="252" pin=0"/></net>

<net id="259"><net_src comp="152" pin="2"/><net_sink comp="256" pin=0"/></net>

<net id="263"><net_src comp="98" pin="2"/><net_sink comp="260" pin=0"/></net>

<net id="264"><net_src comp="260" pin="1"/><net_sink comp="164" pin=0"/></net>

<net id="265"><net_src comp="260" pin="1"/><net_sink comp="205" pin=0"/></net>

<net id="266"><net_src comp="260" pin="1"/><net_sink comp="222" pin=0"/></net>

<net id="270"><net_src comp="181" pin="2"/><net_sink comp="267" pin=0"/></net>

<net id="274"><net_src comp="210" pin="2"/><net_sink comp="271" pin=0"/></net>

</net_list>

</model> 
---------------- Datapath Model END ------------------

* FSMD analyzer results:
  - Output states:
	Port: moveCounter_V | {5 6 7 8 9 10 11 12 13 14 15 16 22 23 24 25 26 27 28 29 30 31 32 33 34 35 36 37 38 39 40 41 42 43 44 45 50 51 52 53 54 55 56 57 58 59 60 61 62 63 }
	Port: moves_V | {5 6 7 8 9 10 11 12 13 14 15 16 22 23 24 25 26 27 28 29 30 31 32 33 34 35 36 37 38 39 40 41 42 43 44 45 50 51 52 53 54 55 56 57 58 59 60 61 62 63 }
	Port: cubieColor_V | {5 6 7 8 9 10 11 12 13 14 15 16 22 23 24 25 26 27 28 29 30 31 32 33 34 35 36 37 38 39 40 41 42 43 44 45 50 51 52 53 54 55 56 57 58 59 60 61 62 63 }
 - Input state : 
	Port: solveStage4a : moveCounter_V | {5 6 7 8 9 10 11 12 13 14 15 16 22 23 24 25 26 27 28 29 30 31 32 33 34 35 36 37 38 39 40 41 42 43 44 45 50 51 52 53 54 55 56 57 58 59 60 61 62 63 }
	Port: solveStage4a : cubieColor_V | {1 2 3 4 5 6 7 8 9 10 11 12 13 14 15 16 17 18 19 20 21 22 23 24 25 26 27 28 29 30 31 32 33 34 35 36 37 38 39 40 41 42 43 44 45 46 47 48 49 50 51 52 53 54 55 56 57 58 59 60 61 62 63 }
  - Chain level:
	State 1
	State 2
	State 3
		tmp : 1
		tmp_s : 1
	State 4
		tmp_15 : 1
		tmp_16 : 1
		tmp3 : 2
		or_cond7 : 2
		StgValue_81 : 2
	State 5
	State 6
	State 7
	State 8
	State 9
	State 10
	State 11
	State 12
	State 13
	State 14
	State 15
	State 16
	State 17
	State 18
	State 19
		tmp_17 : 1
		tmp_18 : 1
		StgValue_103 : 2
		StgValue_104 : 2
		StgValue_105 : 2
	State 20
		tmp_19 : 1
		StgValue_109 : 2
		tmp_20 : 1
		StgValue_111 : 2
	State 21
		tmp_21 : 1
		StgValue_115 : 2
	State 22
	State 23
	State 24
	State 25
	State 26
	State 27
	State 28
	State 29
	State 30
	State 31
	State 32
	State 33
	State 34
	State 35
	State 36
	State 37
	State 38
	State 39
	State 40
	State 41
	State 42
	State 43
	State 44
	State 45
	State 46
	State 47
	State 48
		tmp_22 : 1
	State 49
		or_cond8 : 1
		or_cond75_not : 1
		tmp_24 : 1
		tmp_25 : 1
		tmp4 : 1
		or_cond : 1
		StgValue_164 : 1
		notlhs : 1
		notrhs : 1
		tmp5 : 2
		tmp6 : 1
		brmerge1 : 2
		StgValue_170 : 2
	State 50
		tmp_27 : 1
		or_cond1 : 2
		StgValue_174 : 2
	State 51
	State 52
	State 53
	State 54
	State 55
	State 56
	State 57
	State 58
	State 59
	State 60
	State 61
	State 62
	State 63


============================================================
+ Verbose Summary: Datapath Resource usage 
============================================================

* Functional unit list:
|----------|--------------------------------|---------|---------|---------|---------|
| Operation|         Functional Unit        |   BRAM  |  Delay  |    FF   |   LUT   |
|----------|--------------------------------|---------|---------|---------|---------|
|   call   |       grp_turnCube_fu_61       |    0    | 12.1615 |   425   |   706   |
|          | grp_rotateCubeHorizontal_fu_78 |    0    | 10.3705 |   421   |   454   |
|----------|--------------------------------|---------|---------|---------|---------|
|          |            grp_fu_88           |    0    |    0    |    0    |    9    |
|          |            grp_fu_93           |    0    |    0    |    0    |    9    |
|          |            grp_fu_98           |    0    |    0    |    0    |    9    |
|          |           grp_fu_118           |    0    |    0    |    0    |    9    |
|          |          tmp_18_fu_140         |    0    |    0    |    0    |    9    |
|   icmp   |          tmp_20_fu_146         |    0    |    0    |    0    |    9    |
|          |          tmp_21_fu_152         |    0    |    0    |    0    |    9    |
|          |          tmp_23_fu_158         |    0    |    0    |    0    |    9    |
|          |          notlhs_fu_187         |    0    |    0    |    0    |    9    |
|          |          notrhs_fu_193         |    0    |    0    |    0    |    9    |
|          |          tmp_27_fu_216         |    0    |    0    |    0    |    9    |
|----------|--------------------------------|---------|---------|---------|---------|
|          |           tmp2_fu_124          |    0    |    0    |    0    |    2    |
|          |           tmp3_fu_128          |    0    |    0    |    0    |    2    |
|          |         or_cond7_fu_134        |    0    |    0    |    0    |    2    |
|    or    |           tmp4_fu_175          |    0    |    0    |    0    |    2    |
|          |         or_cond_fu_181         |    0    |    0    |    0    |    2    |
|          |           tmp5_fu_199          |    0    |    0    |    0    |    2    |
|          |           tmp6_fu_205          |    0    |    0    |    0    |    2    |
|          |         brmerge1_fu_210        |    0    |    0    |    0    |    2    |
|----------|--------------------------------|---------|---------|---------|---------|
|    and   |         or_cond8_fu_164        |    0    |    0    |    0    |    2    |
|          |         or_cond1_fu_222        |    0    |    0    |    0    |    2    |
|----------|--------------------------------|---------|---------|---------|---------|
|    xor   |      or_cond75_not_fu_169      |    0    |    0    |    0    |    2    |
|----------|--------------------------------|---------|---------|---------|---------|
|   Total  |                                |    0    |  22.532 |   846   |   1281  |
|----------|--------------------------------|---------|---------|---------|---------|

Memories:
N/A

* Register list:
+----------------+--------+
|                |   FF   |
+----------------+--------+
|brmerge1_reg_271|    1   |
|or_cond7_reg_237|    1   |
| or_cond_reg_267|    1   |
|     reg_103    |    3   |
|     reg_112    |    3   |
| tmp_17_reg_241 |    1   |
| tmp_18_reg_245 |    1   |
| tmp_20_reg_252 |    1   |
| tmp_21_reg_256 |    1   |
| tmp_22_reg_260 |    1   |
|  tmp_26_reg_52 |    3   |
|   tmp_reg_227  |    1   |
|  tmp_s_reg_232 |    1   |
+----------------+--------+
|      Total     |   19   |
+----------------+--------+

* Multiplexer (MUX) list: 
|--------------------|------|------|------|--------||---------||---------|
|        Comp        |  Pin | Size |  BW  | S x BW ||  Delay  ||   LUT   |
|--------------------|------|------|------|--------||---------||---------|
|  grp_access_fu_34  |  p0  |   4  |   3  |   12   ||    9    |
|  grp_access_fu_34  |  p2  |   5  |   0  |    0   ||    9    |
| grp_turnCube_fu_61 |  p1  |   6  |   4  |   24   ||    9    |
|       reg_103      |  p0  |   2  |   3  |    6   ||    9    |
|       reg_112      |  p0  |   2  |   3  |    6   ||    9    |
|--------------------|------|------|------|--------||---------||---------|
|        Total       |      |      |      |   48   || 9.25675 ||    45   |
|--------------------|------|------|------|--------||---------||---------|



* Summary:
+-----------+--------+--------+--------+--------+
|           |  BRAM  |  Delay |   FF   |   LUT  |
+-----------+--------+--------+--------+--------+
|  Function |    0   |   22   |   846  |  1281  |
|   Memory  |    -   |    -   |    -   |    -   |
|Multiplexer|    -   |    9   |    -   |   45   |
|  Register |    -   |    -   |   19   |    -   |
+-----------+--------+--------+--------+--------+
|   Total   |    0   |   31   |   865  |  1326  |
+-----------+--------+--------+--------+--------+
