

================================================================
== Vivado HLS Report for 'solveStage5a'
================================================================
* Date:           Fri Jan  4 20:13:06 2019

* Version:        2018.2 (Build 2258646 on Thu Jun 14 20:25:20 MDT 2018)
* Project:        Rubik_Cube_Layer_All
* Solution:       solution1
* Product family: zynq
* Target device:  xc7z020clg400-1


================================================================
== Performance Estimates
================================================================
+ Timing (ns): 
    * Summary: 
    +--------+-------+----------+------------+
    |  Clock | Target| Estimated| Uncertainty|
    +--------+-------+----------+------------+
    |ap_clk  |  12.00|     6.106|        1.50|
    +--------+-------+----------+------------+

+ Latency (clock cycles): 
    * Summary: 
    +------+------+------+------+---------+
    |   Latency   |   Interval  | Pipeline|
    |  min |  max |  min |  max |   Type  |
    +------+------+------+------+---------+
    |  1634|  2231|  1634|  2231|   none  |
    +------+------+------+------+---------+

    + Detail: 
        * Instance: 
        +--------------------------------+----------------------+-----+-----+-----+-----+---------+
        |                                |                      |  Latency  |  Interval | Pipeline|
        |            Instance            |        Module        | min | max | min | max |   Type  |
        +--------------------------------+----------------------+-----+-----+-----+-----+---------+
        |grp_turnCube_fu_32              |turnCube              |  122|  132|  122|  132|   none  |
        |grp_rotateCubeHorizontal_fu_49  |rotateCubeHorizontal  |  148|  148|  148|  148|   none  |
        |grp_cornerCorrect_fu_59         |cornerCorrect         |    8|    8|    8|    8|   none  |
        +--------------------------------+----------------------+-----+-----+-----+-----+---------+

        * Loop: 
        N/A



================================================================
== Utilization Estimates
================================================================
* Summary: 
+-----------------+---------+-------+--------+-------+
|       Name      | BRAM_18K| DSP48E|   FF   |  LUT  |
+-----------------+---------+-------+--------+-------+
|DSP              |        -|      -|       -|      -|
|Expression       |        -|      -|       0|     14|
|FIFO             |        -|      -|       -|      -|
|Instance         |        0|      -|     142|   2171|
|Memory           |        -|      -|       -|      -|
|Multiplexer      |        -|      -|       -|    528|
|Register         |        -|      -|      61|      -|
+-----------------+---------+-------+--------+-------+
|Total            |        0|      0|     203|   2713|
+-----------------+---------+-------+--------+-------+
|Available        |      280|    220|  106400|  53200|
+-----------------+---------+-------+--------+-------+
|Utilization (%)  |        0|      0|   ~0   |      5|
+-----------------+---------+-------+--------+-------+

+ Detail: 
    * Instance: 
    +--------------------------------+----------------------+---------+-------+----+------+
    |            Instance            |        Module        | BRAM_18K| DSP48E| FF |  LUT |
    +--------------------------------+----------------------+---------+-------+----+------+
    |grp_cornerCorrect_fu_59         |cornerCorrect         |        0|      0|  28|   295|
    |grp_rotateCubeHorizontal_fu_49  |rotateCubeHorizontal  |        0|      0|  65|   802|
    |grp_turnCube_fu_32              |turnCube              |        0|      0|  49|  1074|
    +--------------------------------+----------------------+---------+-------+----+------+
    |Total                           |                      |        0|      0| 142|  2171|
    +--------------------------------+----------------------+---------+-------+----+------+

    * DSP48: 
    N/A

    * Memory: 
    N/A

    * FIFO: 
    N/A

    * Expression: 
    +----------------------------------+----------+-------+---+----+------------+------------+
    |           Variable Name          | Operation| DSP48E| FF| LUT| Bitwidth P0| Bitwidth P1|
    +----------------------------------+----------+-------+---+----+------------+------------+
    |ap_block_state14_on_subcall_done  |    and   |      0|  0|   2|           1|           1|
    |ap_block_state22_on_subcall_done  |    and   |      0|  0|   2|           1|           1|
    |ap_block_state24_on_subcall_done  |    and   |      0|  0|   2|           1|           1|
    |ap_block_state8_on_subcall_done   |    and   |      0|  0|   2|           1|           1|
    |ap_predicate_op63_call_state8     |    and   |      0|  0|   2|           1|           1|
    |ap_predicate_op71_call_state14    |    and   |      0|  0|   2|           1|           1|
    |ap_predicate_op85_call_state22    |    and   |      0|  0|   2|           1|           1|
    +----------------------------------+----------+-------+---+----+------------+------------+
    |Total                             |          |      0|  0|  14|           7|           7|
    +----------------------------------+----------+-------+---+----+------------+------------+

    * Multiplexer: 
    +----------------------------------+-----+-----------+-----+-----------+
    |               Name               | LUT | Input Size| Bits| Total Bits|
    +----------------------------------+-----+-----------+-----+-----------+
    |ap_NS_fsm                         |  229|         53|    1|         53|
    |cubieColor_V_address0             |   21|          4|    6|         24|
    |cubieColor_V_address1             |   21|          4|    6|         24|
    |cubieColor_V_ce0                  |   21|          4|    1|          4|
    |cubieColor_V_ce1                  |   21|          4|    1|          4|
    |cubieColor_V_d0                   |   15|          3|    3|          9|
    |cubieColor_V_d1                   |   15|          3|    3|          9|
    |cubieColor_V_we0                  |   15|          3|    1|          3|
    |cubieColor_V_we1                  |   15|          3|    1|          3|
    |grp_cornerCorrect_fu_59_corner_V  |   27|          5|    3|         15|
    |grp_turnCube_fu_32_turn_V         |   38|          7|    4|         28|
    |moveCounter_V_o                   |   15|          3|    8|         24|
    |moveCounter_V_o_ap_vld            |   15|          3|    1|          3|
    |moves_V_address0                  |   15|          3|    8|         24|
    |moves_V_ce0                       |   15|          3|    1|          3|
    |moves_V_d0                        |   15|          3|    4|         12|
    |moves_V_we0                       |   15|          3|    1|          3|
    +----------------------------------+-----+-----------+-----+-----------+
    |Total                             |  528|        111|   53|        245|
    +----------------------------------+-----+-----------+-----+-----------+

    * Register: 
    +---------------------------------------------+----+----+-----+-----------+
    |                     Name                    | FF | LUT| Bits| Const Bits|
    +---------------------------------------------+----+----+-----+-----------+
    |ap_CS_fsm                                    |  52|   0|   52|          0|
    |grp_cornerCorrect_fu_59_ap_start_reg         |   1|   0|    1|          0|
    |grp_rotateCubeHorizontal_fu_49_ap_start_reg  |   1|   0|    1|          0|
    |grp_turnCube_fu_32_ap_start_reg              |   1|   0|    1|          0|
    |p_0_reg_90                                   |   1|   0|    1|          0|
    |p_1_reg_86                                   |   1|   0|    1|          0|
    |p_3_reg_78                                   |   1|   0|    1|          0|
    |p_5_reg_82                                   |   1|   0|    1|          0|
    |p_8_reg_74                                   |   1|   0|    1|          0|
    |p_s_reg_70                                   |   1|   0|    1|          0|
    +---------------------------------------------+----+----+-----+-----------+
    |Total                                        |  61|   0|   61|          0|
    +---------------------------------------------+----+----+-----+-----------+



================================================================
== Interface
================================================================
* Summary: 
+------------------------+-----+-----+------------+---------------+--------------+
|        RTL Ports       | Dir | Bits|  Protocol  | Source Object |    C Type    |
+------------------------+-----+-----+------------+---------------+--------------+
|ap_clk                  |  in |    1| ap_ctrl_hs |  solveStage5a | return value |
|ap_rst                  |  in |    1| ap_ctrl_hs |  solveStage5a | return value |
|ap_start                |  in |    1| ap_ctrl_hs |  solveStage5a | return value |
|ap_done                 | out |    1| ap_ctrl_hs |  solveStage5a | return value |
|ap_idle                 | out |    1| ap_ctrl_hs |  solveStage5a | return value |
|ap_ready                | out |    1| ap_ctrl_hs |  solveStage5a | return value |
|cubieColor_V_address0   | out |    6|  ap_memory |  cubieColor_V |     array    |
|cubieColor_V_ce0        | out |    1|  ap_memory |  cubieColor_V |     array    |
|cubieColor_V_we0        | out |    1|  ap_memory |  cubieColor_V |     array    |
|cubieColor_V_d0         | out |    3|  ap_memory |  cubieColor_V |     array    |
|cubieColor_V_q0         |  in |    3|  ap_memory |  cubieColor_V |     array    |
|cubieColor_V_address1   | out |    6|  ap_memory |  cubieColor_V |     array    |
|cubieColor_V_ce1        | out |    1|  ap_memory |  cubieColor_V |     array    |
|cubieColor_V_we1        | out |    1|  ap_memory |  cubieColor_V |     array    |
|cubieColor_V_d1         | out |    3|  ap_memory |  cubieColor_V |     array    |
|cubieColor_V_q1         |  in |    3|  ap_memory |  cubieColor_V |     array    |
|moveCounter_V_i         |  in |    8|   ap_ovld  | moveCounter_V |    pointer   |
|moveCounter_V_o         | out |    8|   ap_ovld  | moveCounter_V |    pointer   |
|moveCounter_V_o_ap_vld  | out |    1|   ap_ovld  | moveCounter_V |    pointer   |
|moves_V_address0        | out |    8|  ap_memory |    moves_V    |     array    |
|moves_V_ce0             | out |    1|  ap_memory |    moves_V    |     array    |
|moves_V_we0             | out |    1|  ap_memory |    moves_V    |     array    |
|moves_V_d0              | out |    4|  ap_memory |    moves_V    |     array    |
+------------------------+-----+-----+------------+---------------+--------------+

============================================================
+ Verbose Summary: Synthesis Manager
============================================================
InlineROM: 1
ExposeGlobal: 0
============================================================
+ Verbose Summary: CDFG Model
============================================================
IsTopModel: 0
ResetActiveHigh: 1
IsCombinational: 2
IsDatapathOnly: 2
HasWiredReturn: 1
HasMFsm: 0
HasVarLatency: 1
IsPipeline: 0
IsRtlPipelined: 0
IsInstanceOverlapped: 0
IsDontTouch: 0
HasImplIP: 0
IsGatedGlobalClock: 0


============================================================
+ Verbose Summary: Schedule
============================================================
* Number of FSM states : 52
* Pipeline : 0
* Dataflow Pipeline: 0

* FSM state transitions: 
1 --> 
	2  / true
2 --> 
	3  / true
3 --> 
	4  / true
4 --> 
	15  / (p_s)
	5  / (!p_s & !p_8)
	8  / (!p_s & p_8)
5 --> 
	6  / true
6 --> 
	7  / (p_3)
	8  / (!p_3)
7 --> 
	8  / true
8 --> 
	9  / (!p_8 & p_3 & p_5)
	22  / (p_8) | (!p_3) | (!p_5)
9 --> 
	10  / true
10 --> 
	11  / true
11 --> 
	12  / true
12 --> 
	13  / true
13 --> 
	14  / true
14 --> 
	27  / true
15 --> 
	16  / true
16 --> 
	17  / (!p_8 & !p_1)
	22  / (!p_8 & p_1)
	23  / (p_8 & !p_1)
	24  / (p_8 & p_1)
17 --> 
	18  / true
18 --> 
	19  / (p_0)
	22  / (!p_0)
19 --> 
	20  / true
20 --> 
	21  / true
21 --> 
	22  / true
22 --> 
	14  / true
23 --> 
	24  / true
24 --> 
	25  / (!p_1 & !p_4)
	22  / (p_1) | (p_4)
25 --> 
	26  / true
26 --> 
	27  / true
27 --> 
	28  / true
28 --> 
	29  / true
29 --> 
	30  / true
30 --> 
	31  / true
31 --> 
	32  / true
32 --> 
	33  / true
33 --> 
	34  / true
34 --> 
	35  / true
35 --> 
	36  / true
36 --> 
	37  / true
37 --> 
	38  / true
38 --> 
	39  / true
39 --> 
	40  / true
40 --> 
	41  / true
41 --> 
	42  / true
42 --> 
	43  / true
43 --> 
	44  / true
44 --> 
	45  / true
45 --> 
	46  / true
46 --> 
	47  / true
47 --> 
	48  / true
48 --> 
	49  / true
49 --> 
	50  / true
50 --> 
	51  / true
51 --> 
	52  / true
52 --> 

* FSM state operations: 

State 1 <SV = 0> <Delay = 5.27>
ST_1 : Operation 53 [2/2] (5.27ns)   --->   "%p_s = call fastcc i1 @cornerCorrect(i3 1) nounwind" [Rubik_Cube_Layer_All/layerAll.cpp:1301]   --->   Operation 53 'call' 'p_s' <Predicate = true> <Delay = 5.27> <CoreType = "Generic">   --->   Core 0 '' <Latency = 0> <II = 1> <Delay = 1.00> <Generic> <Opcode : >

State 2 <SV = 1> <Delay = 5.40>
ST_2 : Operation 54 [1/2] (5.40ns)   --->   "%p_s = call fastcc i1 @cornerCorrect(i3 1) nounwind" [Rubik_Cube_Layer_All/layerAll.cpp:1301]   --->   Operation 54 'call' 'p_s' <Predicate = true> <Delay = 5.40> <CoreType = "Generic">   --->   Core 0 '' <Latency = 0> <II = 1> <Delay = 1.00> <Generic> <Opcode : >

State 3 <SV = 2> <Delay = 5.27>
ST_3 : Operation 55 [2/2] (5.27ns)   --->   "%p_8 = call fastcc i1 @cornerCorrect(i3 2) nounwind" [Rubik_Cube_Layer_All/layerAll.cpp:1301]   --->   Operation 55 'call' 'p_8' <Predicate = true> <Delay = 5.27> <CoreType = "Generic">   --->   Core 0 '' <Latency = 0> <II = 1> <Delay = 1.00> <Generic> <Opcode : >

State 4 <SV = 3> <Delay = 5.40>
ST_4 : Operation 56 [1/2] (5.40ns)   --->   "%p_8 = call fastcc i1 @cornerCorrect(i3 2) nounwind" [Rubik_Cube_Layer_All/layerAll.cpp:1301]   --->   Operation 56 'call' 'p_8' <Predicate = true> <Delay = 5.40> <CoreType = "Generic">   --->   Core 0 '' <Latency = 0> <II = 1> <Delay = 1.00> <Generic> <Opcode : >
ST_4 : Operation 57 [1/1] (0.00ns)   --->   "br i1 %p_s, label %1, label %.critedge" [Rubik_Cube_Layer_All/layerAll.cpp:1301]   --->   Operation 57 'br' <Predicate = true> <Delay = 0.00>
ST_4 : Operation 58 [1/1] (0.00ns)   --->   "br i1 %p_8, label %._crit_edge63, label %5" [Rubik_Cube_Layer_All/layerAll.cpp:1306]   --->   Operation 58 'br' <Predicate = (!p_s)> <Delay = 0.00>

State 5 <SV = 4> <Delay = 5.27>
ST_5 : Operation 59 [2/2] (5.27ns)   --->   "%p_3 = call fastcc i1 @cornerCorrect(i3 3) nounwind" [Rubik_Cube_Layer_All/layerAll.cpp:1307]   --->   Operation 59 'call' 'p_3' <Predicate = true> <Delay = 5.27> <CoreType = "Generic">   --->   Core 0 '' <Latency = 0> <II = 1> <Delay = 1.00> <Generic> <Opcode : >

State 6 <SV = 5> <Delay = 5.40>
ST_6 : Operation 60 [1/2] (5.40ns)   --->   "%p_3 = call fastcc i1 @cornerCorrect(i3 3) nounwind" [Rubik_Cube_Layer_All/layerAll.cpp:1307]   --->   Operation 60 'call' 'p_3' <Predicate = true> <Delay = 5.40> <CoreType = "Generic">   --->   Core 0 '' <Latency = 0> <II = 1> <Delay = 1.00> <Generic> <Opcode : >
ST_6 : Operation 61 [1/1] (0.00ns)   --->   "br i1 %p_3, label %6, label %._crit_edge63" [Rubik_Cube_Layer_All/layerAll.cpp:1307]   --->   Operation 61 'br' <Predicate = true> <Delay = 0.00>

State 7 <SV = 6> <Delay = 5.27>
ST_7 : Operation 62 [2/2] (5.27ns)   --->   "%p_5 = call fastcc i1 @cornerCorrect(i3 -4) nounwind" [Rubik_Cube_Layer_All/layerAll.cpp:1307]   --->   Operation 62 'call' 'p_5' <Predicate = true> <Delay = 5.27> <CoreType = "Generic">   --->   Core 0 '' <Latency = 0> <II = 1> <Delay = 1.00> <Generic> <Opcode : >

State 8 <SV = 7> <Delay = 5.40>
ST_8 : Operation 63 [1/2] (5.40ns)   --->   "%p_5 = call fastcc i1 @cornerCorrect(i3 -4) nounwind" [Rubik_Cube_Layer_All/layerAll.cpp:1307]   --->   Operation 63 'call' 'p_5' <Predicate = (!p_8 & p_3)> <Delay = 5.40> <CoreType = "Generic">   --->   Core 0 '' <Latency = 0> <II = 1> <Delay = 1.00> <Generic> <Opcode : >
ST_8 : Operation 64 [1/1] (0.00ns)   --->   "br i1 %p_5, label %7, label %._crit_edge63" [Rubik_Cube_Layer_All/layerAll.cpp:1307]   --->   Operation 64 'br' <Predicate = (!p_8 & p_3)> <Delay = 0.00>
ST_8 : Operation 65 [1/1] (0.00ns)   --->   "br label %._crit_edge67" [Rubik_Cube_Layer_All/layerAll.cpp:1313]   --->   Operation 65 'br' <Predicate = (p_8) | (!p_3) | (!p_5)> <Delay = 0.00>

State 9 <SV = 8> <Delay = 3.12>
ST_9 : Operation 66 [2/2] (3.12ns)   --->   "call fastcc void @rotateCubeHorizontal()" [Rubik_Cube_Layer_All/layerAll.cpp:1309]   --->   Operation 66 'call' <Predicate = true> <Delay = 3.12> <CoreType = "Generic">   --->   Core 0 '' <Latency = 0> <II = 1> <Delay = 1.00> <Generic> <Opcode : >

State 10 <SV = 9> <Delay = 0.00>
ST_10 : Operation 67 [1/2] (0.00ns)   --->   "call fastcc void @rotateCubeHorizontal()" [Rubik_Cube_Layer_All/layerAll.cpp:1309]   --->   Operation 67 'call' <Predicate = true> <Delay = 0.00> <CoreType = "Generic">   --->   Core 0 '' <Latency = 0> <II = 1> <Delay = 1.00> <Generic> <Opcode : >

State 11 <SV = 10> <Delay = 3.12>
ST_11 : Operation 68 [2/2] (3.12ns)   --->   "call fastcc void @rotateCubeHorizontal()" [Rubik_Cube_Layer_All/layerAll.cpp:1310]   --->   Operation 68 'call' <Predicate = true> <Delay = 3.12> <CoreType = "Generic">   --->   Core 0 '' <Latency = 0> <II = 1> <Delay = 1.00> <Generic> <Opcode : >

State 12 <SV = 11> <Delay = 0.00>
ST_12 : Operation 69 [1/2] (0.00ns)   --->   "call fastcc void @rotateCubeHorizontal()" [Rubik_Cube_Layer_All/layerAll.cpp:1310]   --->   Operation 69 'call' <Predicate = true> <Delay = 0.00> <CoreType = "Generic">   --->   Core 0 '' <Latency = 0> <II = 1> <Delay = 1.00> <Generic> <Opcode : >

State 13 <SV = 12> <Delay = 3.12>
ST_13 : Operation 70 [2/2] (3.12ns)   --->   "call fastcc void @rotateCubeHorizontal()" [Rubik_Cube_Layer_All/layerAll.cpp:1311]   --->   Operation 70 'call' <Predicate = true> <Delay = 3.12> <CoreType = "Generic">   --->   Core 0 '' <Latency = 0> <II = 1> <Delay = 1.00> <Generic> <Opcode : >

State 14 <SV = 13> <Delay = 0.00>
ST_14 : Operation 71 [1/2] (0.00ns)   --->   "call fastcc void @rotateCubeHorizontal()" [Rubik_Cube_Layer_All/layerAll.cpp:1311]   --->   Operation 71 'call' <Predicate = (!p_s & !p_8 & p_3 & p_5)> <Delay = 0.00> <CoreType = "Generic">   --->   Core 0 '' <Latency = 0> <II = 1> <Delay = 1.00> <Generic> <Opcode : >
ST_14 : Operation 72 [1/1] (0.00ns)   --->   "br label %10" [Rubik_Cube_Layer_All/layerAll.cpp:1312]   --->   Operation 72 'br' <Predicate = (!p_s & !p_8 & p_3 & p_5)> <Delay = 0.00>
ST_14 : Operation 73 [1/1] (0.00ns)   --->   "br label %11"   --->   Operation 73 'br' <Predicate = true> <Delay = 0.00>

State 15 <SV = 4> <Delay = 5.27>
ST_15 : Operation 74 [2/2] (5.27ns)   --->   "%p_1 = call fastcc i1 @cornerCorrect(i3 3) nounwind" [Rubik_Cube_Layer_All/layerAll.cpp:1302]   --->   Operation 74 'call' 'p_1' <Predicate = true> <Delay = 5.27> <CoreType = "Generic">   --->   Core 0 '' <Latency = 0> <II = 1> <Delay = 1.00> <Generic> <Opcode : >

State 16 <SV = 5> <Delay = 5.40>
ST_16 : Operation 75 [1/2] (5.40ns)   --->   "%p_1 = call fastcc i1 @cornerCorrect(i3 3) nounwind" [Rubik_Cube_Layer_All/layerAll.cpp:1302]   --->   Operation 75 'call' 'p_1' <Predicate = true> <Delay = 5.40> <CoreType = "Generic">   --->   Core 0 '' <Latency = 0> <II = 1> <Delay = 1.00> <Generic> <Opcode : >
ST_16 : Operation 76 [1/1] (0.00ns)   --->   "br i1 %p_8, label %2, label %.critedge1" [Rubik_Cube_Layer_All/layerAll.cpp:1301]   --->   Operation 76 'br' <Predicate = true> <Delay = 0.00>
ST_16 : Operation 77 [1/1] (0.00ns)   --->   "br i1 %p_1, label %._crit_edge67, label %8" [Rubik_Cube_Layer_All/layerAll.cpp:1314]   --->   Operation 77 'br' <Predicate = (!p_8)> <Delay = 0.00>
ST_16 : Operation 78 [1/1] (0.00ns)   --->   "br i1 %p_1, label %.critedge71, label %3" [Rubik_Cube_Layer_All/layerAll.cpp:1302]   --->   Operation 78 'br' <Predicate = (p_8)> <Delay = 0.00>

State 17 <SV = 6> <Delay = 5.27>
ST_17 : Operation 79 [2/2] (5.27ns)   --->   "%p_0 = call fastcc i1 @cornerCorrect(i3 -4) nounwind" [Rubik_Cube_Layer_All/layerAll.cpp:1314]   --->   Operation 79 'call' 'p_0' <Predicate = true> <Delay = 5.27> <CoreType = "Generic">   --->   Core 0 '' <Latency = 0> <II = 1> <Delay = 1.00> <Generic> <Opcode : >

State 18 <SV = 7> <Delay = 5.40>
ST_18 : Operation 80 [1/2] (5.40ns)   --->   "%p_0 = call fastcc i1 @cornerCorrect(i3 -4) nounwind" [Rubik_Cube_Layer_All/layerAll.cpp:1314]   --->   Operation 80 'call' 'p_0' <Predicate = true> <Delay = 5.40> <CoreType = "Generic">   --->   Core 0 '' <Latency = 0> <II = 1> <Delay = 1.00> <Generic> <Opcode : >
ST_18 : Operation 81 [1/1] (0.00ns)   --->   "br i1 %p_0, label %9, label %._crit_edge67" [Rubik_Cube_Layer_All/layerAll.cpp:1314]   --->   Operation 81 'br' <Predicate = true> <Delay = 0.00>

State 19 <SV = 8> <Delay = 3.12>
ST_19 : Operation 82 [2/2] (3.12ns)   --->   "call fastcc void @rotateCubeHorizontal()" [Rubik_Cube_Layer_All/layerAll.cpp:1316]   --->   Operation 82 'call' <Predicate = true> <Delay = 3.12> <CoreType = "Generic">   --->   Core 0 '' <Latency = 0> <II = 1> <Delay = 1.00> <Generic> <Opcode : >

State 20 <SV = 9> <Delay = 0.00>
ST_20 : Operation 83 [1/2] (0.00ns)   --->   "call fastcc void @rotateCubeHorizontal()" [Rubik_Cube_Layer_All/layerAll.cpp:1316]   --->   Operation 83 'call' <Predicate = true> <Delay = 0.00> <CoreType = "Generic">   --->   Core 0 '' <Latency = 0> <II = 1> <Delay = 1.00> <Generic> <Opcode : >

State 21 <SV = 10> <Delay = 3.12>
ST_21 : Operation 84 [2/2] (3.12ns)   --->   "call fastcc void @rotateCubeHorizontal()" [Rubik_Cube_Layer_All/layerAll.cpp:1317]   --->   Operation 84 'call' <Predicate = true> <Delay = 3.12> <CoreType = "Generic">   --->   Core 0 '' <Latency = 0> <II = 1> <Delay = 1.00> <Generic> <Opcode : >

State 22 <SV = 11> <Delay = 0.00>
ST_22 : Operation 85 [1/2] (0.00ns)   --->   "call fastcc void @rotateCubeHorizontal()" [Rubik_Cube_Layer_All/layerAll.cpp:1317]   --->   Operation 85 'call' <Predicate = (p_s & !p_8 & !p_1 & p_0)> <Delay = 0.00> <CoreType = "Generic">   --->   Core 0 '' <Latency = 0> <II = 1> <Delay = 1.00> <Generic> <Opcode : >
ST_22 : Operation 86 [1/1] (0.00ns)   --->   "br label %._crit_edge67" [Rubik_Cube_Layer_All/layerAll.cpp:1318]   --->   Operation 86 'br' <Predicate = (p_s & !p_8 & !p_1 & p_0)> <Delay = 0.00>
ST_22 : Operation 87 [1/1] (0.00ns)   --->   "br label %10"   --->   Operation 87 'br' <Predicate = true> <Delay = 0.00>

State 23 <SV = 6> <Delay = 5.27>
ST_23 : Operation 88 [2/2] (5.27ns)   --->   "%p_4 = call fastcc i1 @cornerCorrect(i3 -4) nounwind" [Rubik_Cube_Layer_All/layerAll.cpp:1302]   --->   Operation 88 'call' 'p_4' <Predicate = true> <Delay = 5.27> <CoreType = "Generic">   --->   Core 0 '' <Latency = 0> <II = 1> <Delay = 1.00> <Generic> <Opcode : >

State 24 <SV = 7> <Delay = 5.40>
ST_24 : Operation 89 [1/2] (5.40ns)   --->   "%p_4 = call fastcc i1 @cornerCorrect(i3 -4) nounwind" [Rubik_Cube_Layer_All/layerAll.cpp:1302]   --->   Operation 89 'call' 'p_4' <Predicate = (!p_1)> <Delay = 5.40> <CoreType = "Generic">   --->   Core 0 '' <Latency = 0> <II = 1> <Delay = 1.00> <Generic> <Opcode : >
ST_24 : Operation 90 [1/1] (0.00ns)   --->   "br i1 %p_4, label %.critedge71, label %4" [Rubik_Cube_Layer_All/layerAll.cpp:1302]   --->   Operation 90 'br' <Predicate = (!p_1)> <Delay = 0.00>
ST_24 : Operation 91 [1/1] (0.00ns)   --->   "br label %._crit_edge67" [Rubik_Cube_Layer_All/layerAll.cpp:1313]   --->   Operation 91 'br' <Predicate = (p_1) | (p_4)> <Delay = 0.00>

State 25 <SV = 8> <Delay = 3.12>
ST_25 : Operation 92 [2/2] (3.12ns)   --->   "call fastcc void @rotateCubeHorizontal()" [Rubik_Cube_Layer_All/layerAll.cpp:1304]   --->   Operation 92 'call' <Predicate = true> <Delay = 3.12> <CoreType = "Generic">   --->   Core 0 '' <Latency = 0> <II = 1> <Delay = 1.00> <Generic> <Opcode : >

State 26 <SV = 9> <Delay = 0.00>
ST_26 : Operation 93 [1/2] (0.00ns)   --->   "call fastcc void @rotateCubeHorizontal()" [Rubik_Cube_Layer_All/layerAll.cpp:1304]   --->   Operation 93 'call' <Predicate = true> <Delay = 0.00> <CoreType = "Generic">   --->   Core 0 '' <Latency = 0> <II = 1> <Delay = 1.00> <Generic> <Opcode : >
ST_26 : Operation 94 [1/1] (0.00ns)   --->   "br label %11" [Rubik_Cube_Layer_All/layerAll.cpp:1305]   --->   Operation 94 'br' <Predicate = true> <Delay = 0.00>

State 27 <SV = 14> <Delay = 5.54>
ST_27 : Operation 95 [2/2] (5.54ns)   --->   "call fastcc void @turnCube(i4 -5) nounwind" [Rubik_Cube_Layer_All/layerAll.cpp:1251->Rubik_Cube_Layer_All/layerAll.cpp:1319]   --->   Operation 95 'call' <Predicate = true> <Delay = 5.54> <CoreType = "Generic">   --->   Core 0 '' <Latency = 0> <II = 1> <Delay = 1.00> <Generic> <Opcode : >

State 28 <SV = 15> <Delay = 0.00>
ST_28 : Operation 96 [1/2] (0.00ns)   --->   "call fastcc void @turnCube(i4 -5) nounwind" [Rubik_Cube_Layer_All/layerAll.cpp:1251->Rubik_Cube_Layer_All/layerAll.cpp:1319]   --->   Operation 96 'call' <Predicate = true> <Delay = 0.00> <CoreType = "Generic">   --->   Core 0 '' <Latency = 0> <II = 1> <Delay = 1.00> <Generic> <Opcode : >

State 29 <SV = 16> <Delay = 5.54>
ST_29 : Operation 97 [2/2] (5.54ns)   --->   "call fastcc void @turnCube(i4 6) nounwind" [Rubik_Cube_Layer_All/layerAll.cpp:1252->Rubik_Cube_Layer_All/layerAll.cpp:1319]   --->   Operation 97 'call' <Predicate = true> <Delay = 5.54> <CoreType = "Generic">   --->   Core 0 '' <Latency = 0> <II = 1> <Delay = 1.00> <Generic> <Opcode : >

State 30 <SV = 17> <Delay = 0.00>
ST_30 : Operation 98 [1/2] (0.00ns)   --->   "call fastcc void @turnCube(i4 6) nounwind" [Rubik_Cube_Layer_All/layerAll.cpp:1252->Rubik_Cube_Layer_All/layerAll.cpp:1319]   --->   Operation 98 'call' <Predicate = true> <Delay = 0.00> <CoreType = "Generic">   --->   Core 0 '' <Latency = 0> <II = 1> <Delay = 1.00> <Generic> <Opcode : >

State 31 <SV = 18> <Delay = 5.54>
ST_31 : Operation 99 [2/2] (5.54ns)   --->   "call fastcc void @turnCube(i4 -5) nounwind" [Rubik_Cube_Layer_All/layerAll.cpp:1253->Rubik_Cube_Layer_All/layerAll.cpp:1319]   --->   Operation 99 'call' <Predicate = true> <Delay = 5.54> <CoreType = "Generic">   --->   Core 0 '' <Latency = 0> <II = 1> <Delay = 1.00> <Generic> <Opcode : >

State 32 <SV = 19> <Delay = 0.00>
ST_32 : Operation 100 [1/2] (0.00ns)   --->   "call fastcc void @turnCube(i4 -5) nounwind" [Rubik_Cube_Layer_All/layerAll.cpp:1253->Rubik_Cube_Layer_All/layerAll.cpp:1319]   --->   Operation 100 'call' <Predicate = true> <Delay = 0.00> <CoreType = "Generic">   --->   Core 0 '' <Latency = 0> <II = 1> <Delay = 1.00> <Generic> <Opcode : >

State 33 <SV = 20> <Delay = 5.54>
ST_33 : Operation 101 [2/2] (5.54ns)   --->   "call fastcc void @turnCube(i4 4) nounwind" [Rubik_Cube_Layer_All/layerAll.cpp:1254->Rubik_Cube_Layer_All/layerAll.cpp:1319]   --->   Operation 101 'call' <Predicate = true> <Delay = 5.54> <CoreType = "Generic">   --->   Core 0 '' <Latency = 0> <II = 1> <Delay = 1.00> <Generic> <Opcode : >

State 34 <SV = 21> <Delay = 0.00>
ST_34 : Operation 102 [1/2] (0.00ns)   --->   "call fastcc void @turnCube(i4 4) nounwind" [Rubik_Cube_Layer_All/layerAll.cpp:1254->Rubik_Cube_Layer_All/layerAll.cpp:1319]   --->   Operation 102 'call' <Predicate = true> <Delay = 0.00> <CoreType = "Generic">   --->   Core 0 '' <Latency = 0> <II = 1> <Delay = 1.00> <Generic> <Opcode : >

State 35 <SV = 22> <Delay = 5.54>
ST_35 : Operation 103 [2/2] (5.54ns)   --->   "call fastcc void @turnCube(i4 4) nounwind" [Rubik_Cube_Layer_All/layerAll.cpp:1255->Rubik_Cube_Layer_All/layerAll.cpp:1319]   --->   Operation 103 'call' <Predicate = true> <Delay = 5.54> <CoreType = "Generic">   --->   Core 0 '' <Latency = 0> <II = 1> <Delay = 1.00> <Generic> <Opcode : >

State 36 <SV = 23> <Delay = 0.00>
ST_36 : Operation 104 [1/2] (0.00ns)   --->   "call fastcc void @turnCube(i4 4) nounwind" [Rubik_Cube_Layer_All/layerAll.cpp:1255->Rubik_Cube_Layer_All/layerAll.cpp:1319]   --->   Operation 104 'call' <Predicate = true> <Delay = 0.00> <CoreType = "Generic">   --->   Core 0 '' <Latency = 0> <II = 1> <Delay = 1.00> <Generic> <Opcode : >

State 37 <SV = 24> <Delay = 5.54>
ST_37 : Operation 105 [2/2] (5.54ns)   --->   "call fastcc void @turnCube(i4 -6) nounwind" [Rubik_Cube_Layer_All/layerAll.cpp:1256->Rubik_Cube_Layer_All/layerAll.cpp:1319]   --->   Operation 105 'call' <Predicate = true> <Delay = 5.54> <CoreType = "Generic">   --->   Core 0 '' <Latency = 0> <II = 1> <Delay = 1.00> <Generic> <Opcode : >

State 38 <SV = 25> <Delay = 0.00>
ST_38 : Operation 106 [1/2] (0.00ns)   --->   "call fastcc void @turnCube(i4 -6) nounwind" [Rubik_Cube_Layer_All/layerAll.cpp:1256->Rubik_Cube_Layer_All/layerAll.cpp:1319]   --->   Operation 106 'call' <Predicate = true> <Delay = 0.00> <CoreType = "Generic">   --->   Core 0 '' <Latency = 0> <II = 1> <Delay = 1.00> <Generic> <Opcode : >

State 39 <SV = 26> <Delay = 5.54>
ST_39 : Operation 107 [2/2] (5.54ns)   --->   "call fastcc void @turnCube(i4 7) nounwind" [Rubik_Cube_Layer_All/layerAll.cpp:1257->Rubik_Cube_Layer_All/layerAll.cpp:1319]   --->   Operation 107 'call' <Predicate = true> <Delay = 5.54> <CoreType = "Generic">   --->   Core 0 '' <Latency = 0> <II = 1> <Delay = 1.00> <Generic> <Opcode : >

State 40 <SV = 27> <Delay = 0.00>
ST_40 : Operation 108 [1/2] (0.00ns)   --->   "call fastcc void @turnCube(i4 7) nounwind" [Rubik_Cube_Layer_All/layerAll.cpp:1257->Rubik_Cube_Layer_All/layerAll.cpp:1319]   --->   Operation 108 'call' <Predicate = true> <Delay = 0.00> <CoreType = "Generic">   --->   Core 0 '' <Latency = 0> <II = 1> <Delay = 1.00> <Generic> <Opcode : >

State 41 <SV = 28> <Delay = 5.54>
ST_41 : Operation 109 [2/2] (5.54ns)   --->   "call fastcc void @turnCube(i4 -5) nounwind" [Rubik_Cube_Layer_All/layerAll.cpp:1258->Rubik_Cube_Layer_All/layerAll.cpp:1319]   --->   Operation 109 'call' <Predicate = true> <Delay = 5.54> <CoreType = "Generic">   --->   Core 0 '' <Latency = 0> <II = 1> <Delay = 1.00> <Generic> <Opcode : >

State 42 <SV = 29> <Delay = 0.00>
ST_42 : Operation 110 [1/2] (0.00ns)   --->   "call fastcc void @turnCube(i4 -5) nounwind" [Rubik_Cube_Layer_All/layerAll.cpp:1258->Rubik_Cube_Layer_All/layerAll.cpp:1319]   --->   Operation 110 'call' <Predicate = true> <Delay = 0.00> <CoreType = "Generic">   --->   Core 0 '' <Latency = 0> <II = 1> <Delay = 1.00> <Generic> <Opcode : >

State 43 <SV = 30> <Delay = 5.54>
ST_43 : Operation 111 [2/2] (5.54ns)   --->   "call fastcc void @turnCube(i4 4) nounwind" [Rubik_Cube_Layer_All/layerAll.cpp:1259->Rubik_Cube_Layer_All/layerAll.cpp:1319]   --->   Operation 111 'call' <Predicate = true> <Delay = 5.54> <CoreType = "Generic">   --->   Core 0 '' <Latency = 0> <II = 1> <Delay = 1.00> <Generic> <Opcode : >

State 44 <SV = 31> <Delay = 0.00>
ST_44 : Operation 112 [1/2] (0.00ns)   --->   "call fastcc void @turnCube(i4 4) nounwind" [Rubik_Cube_Layer_All/layerAll.cpp:1259->Rubik_Cube_Layer_All/layerAll.cpp:1319]   --->   Operation 112 'call' <Predicate = true> <Delay = 0.00> <CoreType = "Generic">   --->   Core 0 '' <Latency = 0> <II = 1> <Delay = 1.00> <Generic> <Opcode : >

State 45 <SV = 32> <Delay = 5.54>
ST_45 : Operation 113 [2/2] (5.54ns)   --->   "call fastcc void @turnCube(i4 4) nounwind" [Rubik_Cube_Layer_All/layerAll.cpp:1260->Rubik_Cube_Layer_All/layerAll.cpp:1319]   --->   Operation 113 'call' <Predicate = true> <Delay = 5.54> <CoreType = "Generic">   --->   Core 0 '' <Latency = 0> <II = 1> <Delay = 1.00> <Generic> <Opcode : >

State 46 <SV = 33> <Delay = 0.00>
ST_46 : Operation 114 [1/2] (0.00ns)   --->   "call fastcc void @turnCube(i4 4) nounwind" [Rubik_Cube_Layer_All/layerAll.cpp:1260->Rubik_Cube_Layer_All/layerAll.cpp:1319]   --->   Operation 114 'call' <Predicate = true> <Delay = 0.00> <CoreType = "Generic">   --->   Core 0 '' <Latency = 0> <II = 1> <Delay = 1.00> <Generic> <Opcode : >

State 47 <SV = 34> <Delay = 5.54>
ST_47 : Operation 115 [2/2] (5.54ns)   --->   "call fastcc void @turnCube(i4 -6) nounwind" [Rubik_Cube_Layer_All/layerAll.cpp:1261->Rubik_Cube_Layer_All/layerAll.cpp:1319]   --->   Operation 115 'call' <Predicate = true> <Delay = 5.54> <CoreType = "Generic">   --->   Core 0 '' <Latency = 0> <II = 1> <Delay = 1.00> <Generic> <Opcode : >

State 48 <SV = 35> <Delay = 0.00>
ST_48 : Operation 116 [1/2] (0.00ns)   --->   "call fastcc void @turnCube(i4 -6) nounwind" [Rubik_Cube_Layer_All/layerAll.cpp:1261->Rubik_Cube_Layer_All/layerAll.cpp:1319]   --->   Operation 116 'call' <Predicate = true> <Delay = 0.00> <CoreType = "Generic">   --->   Core 0 '' <Latency = 0> <II = 1> <Delay = 1.00> <Generic> <Opcode : >

State 49 <SV = 36> <Delay = 5.54>
ST_49 : Operation 117 [2/2] (5.54ns)   --->   "call fastcc void @turnCube(i4 -6) nounwind" [Rubik_Cube_Layer_All/layerAll.cpp:1262->Rubik_Cube_Layer_All/layerAll.cpp:1319]   --->   Operation 117 'call' <Predicate = true> <Delay = 5.54> <CoreType = "Generic">   --->   Core 0 '' <Latency = 0> <II = 1> <Delay = 1.00> <Generic> <Opcode : >

State 50 <SV = 37> <Delay = 0.00>
ST_50 : Operation 118 [1/2] (0.00ns)   --->   "call fastcc void @turnCube(i4 -6) nounwind" [Rubik_Cube_Layer_All/layerAll.cpp:1262->Rubik_Cube_Layer_All/layerAll.cpp:1319]   --->   Operation 118 'call' <Predicate = true> <Delay = 0.00> <CoreType = "Generic">   --->   Core 0 '' <Latency = 0> <II = 1> <Delay = 1.00> <Generic> <Opcode : >

State 51 <SV = 38> <Delay = 5.54>
ST_51 : Operation 119 [2/2] (5.54ns)   --->   "call fastcc void @turnCube(i4 1) nounwind" [Rubik_Cube_Layer_All/layerAll.cpp:1263->Rubik_Cube_Layer_All/layerAll.cpp:1319]   --->   Operation 119 'call' <Predicate = true> <Delay = 5.54> <CoreType = "Generic">   --->   Core 0 '' <Latency = 0> <II = 1> <Delay = 1.00> <Generic> <Opcode : >

State 52 <SV = 39> <Delay = 0.00>
ST_52 : Operation 120 [1/2] (0.00ns)   --->   "call fastcc void @turnCube(i4 1) nounwind" [Rubik_Cube_Layer_All/layerAll.cpp:1263->Rubik_Cube_Layer_All/layerAll.cpp:1319]   --->   Operation 120 'call' <Predicate = true> <Delay = 0.00> <CoreType = "Generic">   --->   Core 0 '' <Latency = 0> <II = 1> <Delay = 1.00> <Generic> <Opcode : >
ST_52 : Operation 121 [1/1] (0.00ns)   --->   "ret void" [Rubik_Cube_Layer_All/layerAll.cpp:1321]   --->   Operation 121 'ret' <Predicate = true> <Delay = 0.00>


============================================================
+ Verbose Summary: Binding
============================================================
STG Binding: 
---------------- STG Properties BEGIN ----------------
- Is combinational: 0
- Is one-state seq: 0
- Is datapath-only: 0
- Is pipelined: 0
- Is top level: 0
Port [ Return ] is wired: 1; IO mode=ap_ctrl_hs:ce=0
Port [ cubieColor_V]:  wired=1; compound=1; hidden=0; nouse=0; global=1; static=1; extern=0; dir=2; type=1; pingpong=0; private_global=0; linkage=7; visibility=0; MemPort=[22]; IO mode=ap_memory:ce=0
Port [ moveCounter_V]:  wired=1; compound=0; hidden=0; nouse=0; global=1; static=1; extern=0; dir=2; type=0; pingpong=0; private_global=0; linkage=7; visibility=0; IO mode=ap_ovld:ce=0
Port [ moves_V]:  wired=1; compound=1; hidden=0; nouse=0; global=1; static=1; extern=0; dir=1; type=1; pingpong=0; private_global=0; linkage=7; visibility=0; MemPort=[03]; IO mode=ap_memory:ce=0
---------------- STG Properties END ------------------

---------------- Datapath Model BEGIN ----------------

<LifeTime>
<method=bitvector/>
p_s          (call) [ 00011111111111111111111110000000000000000000000000000]
p_8          (call) [ 00001111111111111111111110000000000000000000000000000]
StgValue_57  (br  ) [ 00000000000000000000000000000000000000000000000000000]
StgValue_58  (br  ) [ 00000000000000000000000000000000000000000000000000000]
p_3          (call) [ 00000011111111100000001000000000000000000000000000000]
StgValue_61  (br  ) [ 00000000000000000000000000000000000000000000000000000]
p_5          (call) [ 00000000111111100000001000000000000000000000000000000]
StgValue_64  (br  ) [ 00000000000000000000000000000000000000000000000000000]
StgValue_65  (br  ) [ 00000000000000000000000000000000000000000000000000000]
StgValue_67  (call) [ 00000000000000000000000000000000000000000000000000000]
StgValue_69  (call) [ 00000000000000000000000000000000000000000000000000000]
StgValue_71  (call) [ 00000000000000000000000000000000000000000000000000000]
StgValue_72  (br  ) [ 00000000000000000000000000000000000000000000000000000]
StgValue_73  (br  ) [ 00000000000000000000000000000000000000000000000000000]
p_1          (call) [ 00000000000000001111111110000000000000000000000000000]
StgValue_76  (br  ) [ 00000000000000000000000000000000000000000000000000000]
StgValue_77  (br  ) [ 00000000000000000000000000000000000000000000000000000]
StgValue_78  (br  ) [ 00000000000000000000000000000000000000000000000000000]
p_0          (call) [ 00000000000000000011111000000000000000000000000000000]
StgValue_81  (br  ) [ 00000000000000000000000000000000000000000000000000000]
StgValue_83  (call) [ 00000000000000000000000000000000000000000000000000000]
StgValue_85  (call) [ 00000000000000000000000000000000000000000000000000000]
StgValue_86  (br  ) [ 00000000000000000000000000000000000000000000000000000]
StgValue_87  (br  ) [ 00000000000000000000000000000000000000000000000000000]
p_4          (call) [ 00000000000000000000000010000000000000000000000000000]
StgValue_90  (br  ) [ 00000000000000000000000000000000000000000000000000000]
StgValue_91  (br  ) [ 00000000000000000000000000000000000000000000000000000]
StgValue_93  (call) [ 00000000000000000000000000000000000000000000000000000]
StgValue_94  (br  ) [ 00000000000000000000000000000000000000000000000000000]
StgValue_96  (call) [ 00000000000000000000000000000000000000000000000000000]
StgValue_98  (call) [ 00000000000000000000000000000000000000000000000000000]
StgValue_100 (call) [ 00000000000000000000000000000000000000000000000000000]
StgValue_102 (call) [ 00000000000000000000000000000000000000000000000000000]
StgValue_104 (call) [ 00000000000000000000000000000000000000000000000000000]
StgValue_106 (call) [ 00000000000000000000000000000000000000000000000000000]
StgValue_108 (call) [ 00000000000000000000000000000000000000000000000000000]
StgValue_110 (call) [ 00000000000000000000000000000000000000000000000000000]
StgValue_112 (call) [ 00000000000000000000000000000000000000000000000000000]
StgValue_114 (call) [ 00000000000000000000000000000000000000000000000000000]
StgValue_116 (call) [ 00000000000000000000000000000000000000000000000000000]
StgValue_118 (call) [ 00000000000000000000000000000000000000000000000000000]
StgValue_120 (call) [ 00000000000000000000000000000000000000000000000000000]
StgValue_121 (ret ) [ 00000000000000000000000000000000000000000000000000000]
</LifeTime>

<model>

<comp_list>
<comp id="0" class="1000" name="cubieColor_V">
<pin_list>
<pin id="1" dir="1" index="0" bw="1" slack="0"/>
</pin_list>
<bind>
<StgValue><ssdm name="cubieColor_V"/><MemPortTyVec>2 2 </MemPortTyVec>
</StgValue>
</bind>
</comp>

<comp id="2" class="1000" name="moveCounter_V">
<pin_list>
<pin id="3" dir="1" index="0" bw="1" slack="0"/>
</pin_list>
<bind>
<StgValue><ssdm name="moveCounter_V"/></StgValue>
</bind>
</comp>

<comp id="4" class="1000" name="moves_V">
<pin_list>
<pin id="5" dir="1" index="0" bw="1" slack="0"/>
</pin_list>
<bind>
<StgValue><ssdm name="moves_V"/><MemPortTyVec>0 3 </MemPortTyVec>
</StgValue>
</bind>
</comp>

<comp id="6" class="1001" name="const_6">
<pin_list>
<pin id="7" dir="1" index="0" bw="1" slack="0"/>
</pin_list>
<bind>
<StgValue><ssdm name="cornerCorrect"/></StgValue>
</bind>
</comp>

<comp id="8" class="1001" name="const_8">
<pin_list>
<pin id="9" dir="1" index="0" bw="1" slack="0"/>
</pin_list>
<bind>
<StgValue><ssdm name=""/></StgValue>
</bind>
</comp>

<comp id="10" class="1001" name="const_10">
<pin_list>
<pin id="11" dir="1" index="0" bw="1" slack="0"/>
</pin_list>
<bind>
<StgValue><ssdm name=""/></StgValue>
</bind>
</comp>

<comp id="12" class="1001" name="const_12">
<pin_list>
<pin id="13" dir="1" index="0" bw="1" slack="0"/>
</pin_list>
<bind>
<StgValue><ssdm name=""/></StgValue>
</bind>
</comp>

<comp id="14" class="1001" name="const_14">
<pin_list>
<pin id="15" dir="1" index="0" bw="1" slack="0"/>
</pin_list>
<bind>
<StgValue><ssdm name=""/></StgValue>
</bind>
</comp>

<comp id="16" class="1001" name="const_16">
<pin_list>
<pin id="17" dir="1" index="0" bw="1" slack="0"/>
</pin_list>
<bind>
<StgValue><ssdm name="rotateCubeHorizontal"/></StgValue>
</bind>
</comp>

<comp id="18" class="1001" name="const_18">
<pin_list>
<pin id="19" dir="1" index="0" bw="1" slack="0"/>
</pin_list>
<bind>
<StgValue><ssdm name="turnCube"/></StgValue>
</bind>
</comp>

<comp id="20" class="1001" name="const_20">
<pin_list>
<pin id="21" dir="1" index="0" bw="1" slack="0"/>
</pin_list>
<bind>
<StgValue><ssdm name=""/></StgValue>
</bind>
</comp>

<comp id="22" class="1001" name="const_22">
<pin_list>
<pin id="23" dir="1" index="0" bw="1" slack="0"/>
</pin_list>
<bind>
<StgValue><ssdm name=""/></StgValue>
</bind>
</comp>

<comp id="24" class="1001" name="const_24">
<pin_list>
<pin id="25" dir="1" index="0" bw="1" slack="0"/>
</pin_list>
<bind>
<StgValue><ssdm name=""/></StgValue>
</bind>
</comp>

<comp id="26" class="1001" name="const_26">
<pin_list>
<pin id="27" dir="1" index="0" bw="1" slack="0"/>
</pin_list>
<bind>
<StgValue><ssdm name=""/></StgValue>
</bind>
</comp>

<comp id="28" class="1001" name="const_28">
<pin_list>
<pin id="29" dir="1" index="0" bw="1" slack="0"/>
</pin_list>
<bind>
<StgValue><ssdm name=""/></StgValue>
</bind>
</comp>

<comp id="30" class="1001" name="const_30">
<pin_list>
<pin id="31" dir="1" index="0" bw="1" slack="0"/>
</pin_list>
<bind>
<StgValue><ssdm name=""/></StgValue>
</bind>
</comp>

<comp id="32" class="1004" name="grp_turnCube_fu_32">
<pin_list>
<pin id="33" dir="0" index="0" bw="0" slack="0"/>
<pin id="34" dir="0" index="1" bw="4" slack="0"/>
<pin id="35" dir="0" index="2" bw="8" slack="0"/>
<pin id="36" dir="0" index="3" bw="4" slack="0"/>
<pin id="37" dir="0" index="4" bw="3" slack="0"/>
<pin id="38" dir="1" index="5" bw="0" slack="2147483647"/>
</pin_list>
<bind>
<opcode="call(48) " fcode="call"/>
<opset="StgValue_95/27 StgValue_97/29 StgValue_99/31 StgValue_101/33 StgValue_103/35 StgValue_105/37 StgValue_107/39 StgValue_109/41 StgValue_111/43 StgValue_113/45 StgValue_115/47 StgValue_117/49 StgValue_119/51 "/>
</bind>
</comp>

<comp id="49" class="1004" name="grp_rotateCubeHorizontal_fu_49">
<pin_list>
<pin id="50" dir="0" index="0" bw="0" slack="0"/>
<pin id="51" dir="0" index="1" bw="8" slack="0"/>
<pin id="52" dir="0" index="2" bw="4" slack="0"/>
<pin id="53" dir="0" index="3" bw="3" slack="0"/>
<pin id="54" dir="1" index="4" bw="0" slack="2147483647"/>
</pin_list>
<bind>
<opcode="call(48) " fcode="call"/>
<opset="StgValue_66/9 StgValue_68/11 StgValue_70/13 StgValue_82/19 StgValue_84/21 StgValue_92/25 "/>
</bind>
</comp>

<comp id="59" class="1004" name="grp_cornerCorrect_fu_59">
<pin_list>
<pin id="60" dir="0" index="0" bw="1" slack="0"/>
<pin id="61" dir="0" index="1" bw="3" slack="0"/>
<pin id="62" dir="0" index="2" bw="3" slack="0"/>
<pin id="63" dir="1" index="3" bw="1" slack="2"/>
</pin_list>
<bind>
<opcode="call(48) " fcode="call"/>
<opset="p_s/1 p_8/3 p_3/5 p_5/7 p_1/15 p_0/17 p_4/23 "/>
</bind>
</comp>

<comp id="70" class="1005" name="p_s_reg_70">
<pin_list>
<pin id="71" dir="0" index="0" bw="1" slack="2"/>
<pin id="72" dir="1" index="1" bw="1" slack="2147483647"/>
</pin_list>
<bind>
<opset="p_s "/>
</bind>
</comp>

<comp id="74" class="1005" name="p_8_reg_74">
<pin_list>
<pin id="75" dir="0" index="0" bw="1" slack="2"/>
<pin id="76" dir="1" index="1" bw="1" slack="2147483647"/>
</pin_list>
<bind>
<opset="p_8 "/>
</bind>
</comp>

<comp id="78" class="1005" name="p_3_reg_78">
<pin_list>
<pin id="79" dir="0" index="0" bw="1" slack="2"/>
<pin id="80" dir="1" index="1" bw="1" slack="2147483647"/>
</pin_list>
<bind>
<opset="p_3 "/>
</bind>
</comp>

<comp id="82" class="1005" name="p_5_reg_82">
<pin_list>
<pin id="83" dir="0" index="0" bw="1" slack="6"/>
<pin id="84" dir="1" index="1" bw="1" slack="2147483647"/>
</pin_list>
<bind>
<opset="p_5 "/>
</bind>
</comp>

<comp id="86" class="1005" name="p_1_reg_86">
<pin_list>
<pin id="87" dir="0" index="0" bw="1" slack="2"/>
<pin id="88" dir="1" index="1" bw="1" slack="2147483647"/>
</pin_list>
<bind>
<opset="p_1 "/>
</bind>
</comp>

<comp id="90" class="1005" name="p_0_reg_90">
<pin_list>
<pin id="91" dir="0" index="0" bw="1" slack="4"/>
<pin id="92" dir="1" index="1" bw="1" slack="2147483647"/>
</pin_list>
<bind>
<opset="p_0 "/>
</bind>
</comp>

</comp_list>

<net_list>
<net id="39"><net_src comp="18" pin="0"/><net_sink comp="32" pin=0"/></net>

<net id="40"><net_src comp="20" pin="0"/><net_sink comp="32" pin=1"/></net>

<net id="41"><net_src comp="2" pin="0"/><net_sink comp="32" pin=2"/></net>

<net id="42"><net_src comp="4" pin="0"/><net_sink comp="32" pin=3"/></net>

<net id="43"><net_src comp="0" pin="0"/><net_sink comp="32" pin=4"/></net>

<net id="44"><net_src comp="22" pin="0"/><net_sink comp="32" pin=1"/></net>

<net id="45"><net_src comp="24" pin="0"/><net_sink comp="32" pin=1"/></net>

<net id="46"><net_src comp="26" pin="0"/><net_sink comp="32" pin=1"/></net>

<net id="47"><net_src comp="28" pin="0"/><net_sink comp="32" pin=1"/></net>

<net id="48"><net_src comp="30" pin="0"/><net_sink comp="32" pin=1"/></net>

<net id="55"><net_src comp="16" pin="0"/><net_sink comp="49" pin=0"/></net>

<net id="56"><net_src comp="2" pin="0"/><net_sink comp="49" pin=1"/></net>

<net id="57"><net_src comp="4" pin="0"/><net_sink comp="49" pin=2"/></net>

<net id="58"><net_src comp="0" pin="0"/><net_sink comp="49" pin=3"/></net>

<net id="64"><net_src comp="6" pin="0"/><net_sink comp="59" pin=0"/></net>

<net id="65"><net_src comp="8" pin="0"/><net_sink comp="59" pin=1"/></net>

<net id="66"><net_src comp="0" pin="0"/><net_sink comp="59" pin=2"/></net>

<net id="67"><net_src comp="10" pin="0"/><net_sink comp="59" pin=1"/></net>

<net id="68"><net_src comp="12" pin="0"/><net_sink comp="59" pin=1"/></net>

<net id="69"><net_src comp="14" pin="0"/><net_sink comp="59" pin=1"/></net>

<net id="73"><net_src comp="59" pin="3"/><net_sink comp="70" pin=0"/></net>

<net id="77"><net_src comp="59" pin="3"/><net_sink comp="74" pin=0"/></net>

<net id="81"><net_src comp="59" pin="3"/><net_sink comp="78" pin=0"/></net>

<net id="85"><net_src comp="59" pin="3"/><net_sink comp="82" pin=0"/></net>

<net id="89"><net_src comp="59" pin="3"/><net_sink comp="86" pin=0"/></net>

<net id="93"><net_src comp="59" pin="3"/><net_sink comp="90" pin=0"/></net>

</net_list>

</model> 
---------------- Datapath Model END ------------------

* FSMD analyzer results:
  - Output states:
	Port: cubieColor_V | {9 10 11 12 13 14 19 20 21 22 25 26 27 28 29 30 31 32 33 34 35 36 37 38 39 40 41 42 43 44 45 46 47 48 49 50 51 52 }
	Port: moveCounter_V | {9 10 11 12 13 14 19 20 21 22 25 26 27 28 29 30 31 32 33 34 35 36 37 38 39 40 41 42 43 44 45 46 47 48 49 50 51 52 }
	Port: moves_V | {9 10 11 12 13 14 19 20 21 22 25 26 27 28 29 30 31 32 33 34 35 36 37 38 39 40 41 42 43 44 45 46 47 48 49 50 51 52 }
 - Input state : 
	Port: solveStage5a : cubieColor_V | {1 2 3 4 5 6 7 8 9 10 11 12 13 14 15 16 17 18 19 20 21 22 23 24 25 26 27 28 29 30 31 32 33 34 35 36 37 38 39 40 41 42 43 44 45 46 47 48 49 50 51 52 }
	Port: solveStage5a : moveCounter_V | {9 10 11 12 13 14 19 20 21 22 25 26 27 28 29 30 31 32 33 34 35 36 37 38 39 40 41 42 43 44 45 46 47 48 49 50 51 52 }
	Port: solveStage5a : moves_V | {}
  - Chain level:
	State 1
	State 2
	State 3
	State 4
		StgValue_58 : 1
	State 5
	State 6
		StgValue_61 : 1
	State 7
	State 8
		StgValue_64 : 1
	State 9
	State 10
	State 11
	State 12
	State 13
	State 14
	State 15
	State 16
		StgValue_77 : 1
		StgValue_78 : 1
	State 17
	State 18
		StgValue_81 : 1
	State 19
	State 20
	State 21
	State 22
	State 23
	State 24
		StgValue_90 : 1
	State 25
	State 26
	State 27
	State 28
	State 29
	State 30
	State 31
	State 32
	State 33
	State 34
	State 35
	State 36
	State 37
	State 38
	State 39
	State 40
	State 41
	State 42
	State 43
	State 44
	State 45
	State 46
	State 47
	State 48
	State 49
	State 50
	State 51
	State 52


============================================================
+ Verbose Summary: Datapath Resource usage 
============================================================

* Functional unit list:
|----------|--------------------------------|---------|---------|---------|---------|
| Operation|         Functional Unit        |   BRAM  |  Delay  |    FF   |   LUT   |
|----------|--------------------------------|---------|---------|---------|---------|
|          |       grp_turnCube_fu_32       |    0    | 12.1615 |   425   |   706   |
|   call   | grp_rotateCubeHorizontal_fu_49 |    0    | 10.3705 |   421   |   454   |
|          |     grp_cornerCorrect_fu_59    |    0    |  7.5408 |    18   |   175   |
|----------|--------------------------------|---------|---------|---------|---------|
|   Total  |                                |    0    | 30.0728 |   864   |   1335  |
|----------|--------------------------------|---------|---------|---------|---------|

Memories:
N/A

* Register list:
+----------+--------+
|          |   FF   |
+----------+--------+
|p_0_reg_90|    1   |
|p_1_reg_86|    1   |
|p_3_reg_78|    1   |
|p_5_reg_82|    1   |
|p_8_reg_74|    1   |
|p_s_reg_70|    1   |
+----------+--------+
|   Total  |    6   |
+----------+--------+

* Multiplexer (MUX) list: 
|-------------------------|------|------|------|--------||---------||---------|
|           Comp          |  Pin | Size |  BW  | S x BW ||  Delay  ||   LUT   |
|-------------------------|------|------|------|--------||---------||---------|
|    grp_turnCube_fu_32   |  p1  |   6  |   4  |   24   ||    9    |
| grp_cornerCorrect_fu_59 |  p1  |   4  |   3  |   12   ||    9    |
|-------------------------|------|------|------|--------||---------||---------|
|          Total          |      |      |      |   36   ||  3.8125 ||    18   |
|-------------------------|------|------|------|--------||---------||---------|



* Summary:
+-----------+--------+--------+--------+--------+
|           |  BRAM  |  Delay |   FF   |   LUT  |
+-----------+--------+--------+--------+--------+
|  Function |    0   |   30   |   864  |  1335  |
|   Memory  |    -   |    -   |    -   |    -   |
|Multiplexer|    -   |    3   |    -   |   18   |
|  Register |    -   |    -   |    6   |    -   |
+-----------+--------+--------+--------+--------+
|   Total   |    0   |   33   |   870  |  1353  |
+-----------+--------+--------+--------+--------+
