

================================================================
== Vivado HLS Report for 'get_coordcube'
================================================================
* Date:           Thu Jul  4 02:08:37 2019

* Version:        2018.2 (Build 2258646 on Thu Jun 14 20:25:20 MDT 2018)
* Project:        kociembaHls
* Solution:       solution1
* Product family: zynq
* Target device:  xc7z020clg400-1


================================================================
== Performance Estimates
================================================================
+ Timing (ns): 
    * Summary: 
    +--------+-------+----------+------------+
    |  Clock | Target| Estimated| Uncertainty|
    +--------+-------+----------+------------+
    |ap_clk  |  10.00|     8.510|        1.25|
    +--------+-------+----------+------------+

+ Latency (clock cycles): 
    * Summary: 
    +-----+-------+-----+-------+---------+
    |   Latency   |   Interval  | Pipeline|
    | min |  max  | min |  max  |   Type  |
    +-----+-------+-----+-------+---------+
    |  276|  17792|  276|  17792|   none  |
    +-----+-------+-----+-------+---------+

    + Detail: 
        * Instance: 
        +------------------------+-------------+-----+------+-----+------+---------+
        |                        |             |   Latency  |  Interval  | Pipeline|
        |        Instance        |    Module   | min |  max | min |  max |   Type  |
        +------------------------+-------------+-----+------+-----+------+---------+
        |grp_getFRtoBR_fu_189    |getFRtoBR    |   53|  5681|   53|  5681|   none  |
        |grp_getUBtoDF_fu_195    |getUBtoDF    |   46|  5530|   46|  5530|   none  |
        |grp_getURtoUL_fu_201    |getURtoUL    |   46|  5530|   46|  5530|   none  |
        |grp_getURFtoDLF_fu_207  |getURFtoDLF  |   57|  4177|   57|  4177|   none  |
        |grp_getURtoDF_fu_213    |getURtoDF    |   46|   886|   46|   886|   none  |
        +------------------------+-------------+-----+------+-----+------+---------+

        * Loop: 
        +-------------+-----+-----+----------+-----------+-----------+-------+----------+
        |             |  Latency  | Iteration|  Initiation Interval  |  Trip |          |
        |  Loop Name  | min | max |  Latency |  achieved |   target  | Count | Pipelined|
        +-------------+-----+-----+----------+-----------+-----------+-------+----------+
        |- Loop 1     |   14|   14|         2|          -|          -|      7|    no    |
        |- Loop 2     |   22|   22|         2|          -|          -|     11|    no    |
        |- Loop 3     |   35|  119|  5 ~ 17  |          -|          -|      7|    no    |
        | + Loop 3.1  |    2|   14|         2|          -|          -| 1 ~ 7 |    no    |
        +-------------+-----+-----+----------+-----------+-----------+-------+----------+



================================================================
== Utilization Estimates
================================================================
* Summary: 
+-----------------+---------+-------+--------+-------+
|       Name      | BRAM_18K| DSP48E|   FF   |  LUT  |
+-----------------+---------+-------+--------+-------+
|DSP              |        -|      -|       -|      -|
|Expression       |        -|      -|       0|    223|
|FIFO             |        -|      -|       -|      -|
|Instance         |        0|     27|    4155|   5868|
|Memory           |        -|      -|       -|      -|
|Multiplexer      |        -|      -|       -|    238|
|Register         |        -|      -|     131|      -|
+-----------------+---------+-------+--------+-------+
|Total            |        0|     27|    4286|   6329|
+-----------------+---------+-------+--------+-------+
|Available        |      280|    220|  106400|  53200|
+-----------------+---------+-------+--------+-------+
|Utilization (%)  |        0|     12|       4|     11|
+-----------------+---------+-------+--------+-------+

+ Detail: 
    * Instance: 
    +------------------------+-------------+---------+-------+------+------+
    |        Instance        |    Module   | BRAM_18K| DSP48E|  FF  |  LUT |
    +------------------------+-------------+---------+-------+------+------+
    |grp_getFRtoBR_fu_189    |getFRtoBR    |        0|      6|  1031|  1653|
    |grp_getUBtoDF_fu_195    |getUBtoDF    |        0|      6|  1022|  1338|
    |grp_getURFtoDLF_fu_207  |getURFtoDLF  |        0|      9|  1001|  1254|
    |grp_getURtoDF_fu_213    |getURtoDF    |        0|      0|    80|   308|
    |grp_getURtoUL_fu_201    |getURtoUL    |        0|      6|  1021|  1315|
    +------------------------+-------------+---------+-------+------+------+
    |Total                   |             |        0|     27|  4155|  5868|
    +------------------------+-------------+---------+-------+------+------+

    * DSP48: 
    N/A

    * Memory: 
    N/A

    * FIFO: 
    N/A

    * Expression: 
    +----------------------------------+----------+-------+---+----+------------+------------+
    |           Variable Name          | Operation| DSP48E| FF| LUT| Bitwidth P0| Bitwidth P1|
    +----------------------------------+----------+-------+---+----+------------+------------+
    |i_22_fu_273_p2                    |     +    |      0|  0|  13|           4|           1|
    |i_23_fu_342_p2                    |     +    |      0|  0|  12|           3|           2|
    |i_fu_228_p2                       |     +    |      0|  0|  12|           3|           1|
    |j_fu_321_p2                       |     +    |      0|  0|  13|           4|           2|
    |ret_fu_261_p2                     |     +    |      0|  0|   8|          16|          16|
    |s_fu_353_p2                       |     +    |      0|  0|  39|          32|           1|
    |tmp_118_fu_420_p2                 |     -    |      0|  0|  23|           1|          16|
    |tmp_i_fu_251_p2                   |     -    |      0|  0|   8|          16|          16|
    |exitcond_i3_fu_267_p2             |   icmp   |      0|  0|   9|           4|           4|
    |exitcond_i_fu_222_p2              |   icmp   |      0|  0|   9|           3|           2|
    |tmp_285_i_fu_331_p2               |   icmp   |      0|  0|   9|           4|           1|
    |tmp_287_i_fu_348_p2               |   icmp   |      0|  0|   9|           3|           3|
    |tmp_i7_fu_310_p2                  |   icmp   |      0|  0|   9|           3|           1|
    |ap_block_state10_on_subcall_done  |    or    |      0|  0|   2|           1|           1|
    |p_s_1_i_fu_359_p3                 |  select  |      0|  0|  32|           1|          32|
    |result_parity_0                   |  select  |      0|  0|  16|           1|          16|
    +----------------------------------+----------+-------+---+----+------------+------------+
    |Total                             |          |      0|  0| 223|          99|         115|
    +----------------------------------+----------+-------+---+----+------------+------------+

    * Multiplexer: 
    +-------------------------+----+-----------+-----+-----------+
    |           Name          | LUT| Input Size| Bits| Total Bits|
    +-------------------------+----+-----------+-----+-----------+
    |ap_NS_fsm                |  85|         17|    1|         17|
    |cubiecube_0_cp_address0  |  21|          4|    3|         12|
    |cubiecube_0_cp_ce0       |  15|          3|    1|          3|
    |cubiecube_0_ep_address0  |  27|          5|    4|         20|
    |cubiecube_0_ep_ce0       |  27|          5|    1|          5|
    |i_i1_reg_146             |   9|          2|    4|          8|
    |i_i6_reg_168             |   9|          2|    3|          6|
    |i_i_reg_135              |   9|          2|    3|          6|
    |j_0_in_i_reg_180         |   9|          2|    4|          8|
    |ret_i2_reg_157           |   9|          2|   16|         32|
    |ret_i_reg_123            |   9|          2|   16|         32|
    |s_i_fu_72                |   9|          2|   32|         64|
    +-------------------------+----+-----------+-----+-----------+
    |Total                    | 238|         48|   88|        213|
    +-------------------------+----+-----------+-----+-----------+

    * Register: 
    +-------------------------------------+----+----+-----+-----------+
    |                 Name                | FF | LUT| Bits| Const Bits|
    +-------------------------------------+----+----+-----+-----------+
    |ap_CS_fsm                            |  16|   0|   16|          0|
    |cubiecube_0_cp_load_reg_509          |   3|   0|    3|          0|
    |grp_getFRtoBR_fu_189_ap_start_reg    |   1|   0|    1|          0|
    |grp_getUBtoDF_fu_195_ap_start_reg    |   1|   0|    1|          0|
    |grp_getURFtoDLF_fu_207_ap_start_reg  |   1|   0|    1|          0|
    |grp_getURtoDF_fu_213_ap_start_reg    |   1|   0|    1|          0|
    |grp_getURtoUL_fu_201_ap_start_reg    |   1|   0|    1|          0|
    |i_22_reg_469                         |   4|   0|    4|          0|
    |i_i1_reg_146                         |   4|   0|    4|          0|
    |i_i6_cast_reg_496                    |   3|   0|    4|          1|
    |i_i6_reg_168                         |   3|   0|    3|          0|
    |i_i_reg_135                          |   3|   0|    3|          0|
    |i_reg_451                            |   3|   0|    3|          0|
    |j_0_in_i_reg_180                     |   4|   0|    4|          0|
    |j_reg_514                            |   4|   0|    4|          0|
    |ret_i2_reg_157                       |  16|   0|   16|          0|
    |ret_i_reg_123                        |  16|   0|   16|          0|
    |s_i_fu_72                            |  32|   0|   32|          0|
    |tmp_113_reg_479                      |  15|   0|   15|          0|
    +-------------------------------------+----+----+-----+-----------+
    |Total                                | 131|   0|  132|          1|
    +-------------------------------------+----+----+-----+-----------+



================================================================
== Interface
================================================================
* Summary: 
+--------------------------+-----+-----+------------+-------------------+--------------+
|         RTL Ports        | Dir | Bits|  Protocol  |   Source Object   |    C Type    |
+--------------------------+-----+-----+------------+-------------------+--------------+
|ap_clk                    |  in |    1| ap_ctrl_hs |   get_coordcube   | return value |
|ap_rst                    |  in |    1| ap_ctrl_hs |   get_coordcube   | return value |
|ap_start                  |  in |    1| ap_ctrl_hs |   get_coordcube   | return value |
|ap_done                   | out |    1| ap_ctrl_hs |   get_coordcube   | return value |
|ap_idle                   | out |    1| ap_ctrl_hs |   get_coordcube   | return value |
|ap_ready                  | out |    1| ap_ctrl_hs |   get_coordcube   | return value |
|cubiecube_0_cp_address0   | out |    3|  ap_memory |   cubiecube_0_cp  |     array    |
|cubiecube_0_cp_ce0        | out |    1|  ap_memory |   cubiecube_0_cp  |     array    |
|cubiecube_0_cp_q0         |  in |    3|  ap_memory |   cubiecube_0_cp  |     array    |
|cubiecube_0_co_address0   | out |    3|  ap_memory |   cubiecube_0_co  |     array    |
|cubiecube_0_co_ce0        | out |    1|  ap_memory |   cubiecube_0_co  |     array    |
|cubiecube_0_co_q0         |  in |    2|  ap_memory |   cubiecube_0_co  |     array    |
|cubiecube_0_ep_address0   | out |    4|  ap_memory |   cubiecube_0_ep  |     array    |
|cubiecube_0_ep_ce0        | out |    1|  ap_memory |   cubiecube_0_ep  |     array    |
|cubiecube_0_ep_q0         |  in |    4|  ap_memory |   cubiecube_0_ep  |     array    |
|cubiecube_0_eo_address0   | out |    4|  ap_memory |   cubiecube_0_eo  |     array    |
|cubiecube_0_eo_ce0        | out |    1|  ap_memory |   cubiecube_0_eo  |     array    |
|cubiecube_0_eo_q0         |  in |    1|  ap_memory |   cubiecube_0_eo  |     array    |
|result_twist_0            | out |   16|   ap_vld   |   result_twist_0  |    pointer   |
|result_twist_0_ap_vld     | out |    1|   ap_vld   |   result_twist_0  |    pointer   |
|result_flip_0             | out |   16|   ap_vld   |   result_flip_0   |    pointer   |
|result_flip_0_ap_vld      | out |    1|   ap_vld   |   result_flip_0   |    pointer   |
|result_parity_0           | out |   16|   ap_vld   |  result_parity_0  |    pointer   |
|result_parity_0_ap_vld    | out |    1|   ap_vld   |  result_parity_0  |    pointer   |
|result_FRtoBR_0           | out |   16|   ap_vld   |  result_FRtoBR_0  |    pointer   |
|result_FRtoBR_0_ap_vld    | out |    1|   ap_vld   |  result_FRtoBR_0  |    pointer   |
|result_URFtoDLF_0         | out |   16|   ap_vld   | result_URFtoDLF_0 |    pointer   |
|result_URFtoDLF_0_ap_vld  | out |    1|   ap_vld   | result_URFtoDLF_0 |    pointer   |
|result_URtoUL_0           | out |   16|   ap_vld   |  result_URtoUL_0  |    pointer   |
|result_URtoUL_0_ap_vld    | out |    1|   ap_vld   |  result_URtoUL_0  |    pointer   |
|result_UBtoDF_0           | out |   16|   ap_vld   |  result_UBtoDF_0  |    pointer   |
|result_UBtoDF_0_ap_vld    | out |    1|   ap_vld   |  result_UBtoDF_0  |    pointer   |
+--------------------------+-----+-----+------------+-------------------+--------------+

============================================================
+ Verbose Summary: Synthesis Manager
============================================================
InlineROM: 1
ExposeGlobal: 0
============================================================
+ Verbose Summary: CDFG Model
============================================================
IsTopModel: 0
ResetActiveHigh: 1
IsCombinational: 2
IsDatapathOnly: 2
HasWiredReturn: 1
HasMFsm: 0
HasVarLatency: 1
IsPipeline: 0
IsRtlPipelined: 0
IsInstanceOverlapped: 0
IsDontTouch: 0
HasImplIP: 0
IsGatedGlobalClock: 0


============================================================
+ Verbose Summary: Schedule
============================================================
* Number of FSM states : 16
* Pipeline : 0
* Dataflow Pipeline: 0

* FSM state transitions: 
1 --> 
	2  / true
2 --> 
	3  / (!exitcond_i)
	4  / (exitcond_i)
3 --> 
	2  / true
4 --> 
	5  / (!exitcond_i3)
	6  / (exitcond_i3)
5 --> 
	4  / true
6 --> 
	7  / (!tmp_i7)
	10  / (tmp_i7)
7 --> 
	8  / true
8 --> 
	9  / (tmp_285_i)
	6  / (!tmp_285_i)
9 --> 
	8  / true
10 --> 
	11  / true
11 --> 
	12  / true
12 --> 
	13  / true
13 --> 
	14  / true
14 --> 
	15  / true
15 --> 
	16  / true
16 --> 

* FSM state operations: 

State 1 <SV = 0> <Delay = 1.76>
ST_1 : Operation 17 [1/1] (1.76ns)   --->   "br label %1" [cubiecube.cpp:374->search.cpp:85]   --->   Operation 17 'br' <Predicate = true> <Delay = 1.76>

State 2 <SV = 1> <Delay = 2.32>
ST_2 : Operation 18 [1/1] (0.00ns)   --->   "%ret_i = phi i16 [ 0, %0 ], [ %ret, %2 ]"   --->   Operation 18 'phi' 'ret_i' <Predicate = true> <Delay = 0.00>
ST_2 : Operation 19 [1/1] (0.00ns)   --->   "%i_i = phi i3 [ 0, %0 ], [ %i, %2 ]"   --->   Operation 19 'phi' 'i_i' <Predicate = true> <Delay = 0.00>
ST_2 : Operation 20 [1/1] (1.13ns)   --->   "%exitcond_i = icmp eq i3 %i_i, -1" [cubiecube.cpp:374->search.cpp:85]   --->   Operation 20 'icmp' 'exitcond_i' <Predicate = true> <Delay = 1.13> <Core = "Cmp">   --->   Core 25 'Cmp' <Latency = 0> <II = 1> <Delay = 1.13> <FuncUnit> <Opcode : 'icmp'> <InPorts = 2> <OutPorts = 1>
ST_2 : Operation 21 [1/1] (0.00ns)   --->   "call void (...)* @_ssdm_op_SpecLoopTripCount(i64 7, i64 7, i64 7)"   --->   Operation 21 'speclooptripcount' <Predicate = true> <Delay = 0.00>
ST_2 : Operation 22 [1/1] (1.65ns)   --->   "%i = add i3 %i_i, 1" [cubiecube.cpp:374->search.cpp:85]   --->   Operation 22 'add' 'i' <Predicate = true> <Delay = 1.65> <Core = "AddSub">   --->   Core 14 'AddSub' <Latency = 0> <II = 1> <Delay = 2.07> <FuncUnit> <Opcode : 'add' 'sub'> <InPorts = 2> <OutPorts = 1>
ST_2 : Operation 23 [1/1] (0.00ns)   --->   "br i1 %exitcond_i, label %getTwist.exit, label %2" [cubiecube.cpp:374->search.cpp:85]   --->   Operation 23 'br' <Predicate = true> <Delay = 0.00>
ST_2 : Operation 24 [1/1] (0.00ns)   --->   "%tmp_i_36 = zext i3 %i_i to i64" [cubiecube.cpp:375->search.cpp:85]   --->   Operation 24 'zext' 'tmp_i_36' <Predicate = (!exitcond_i)> <Delay = 0.00>
ST_2 : Operation 25 [1/1] (0.00ns)   --->   "%cubiecube_0_co_addr = getelementptr [8 x i2]* %cubiecube_0_co, i64 0, i64 %tmp_i_36" [cubiecube.cpp:375->search.cpp:85]   --->   Operation 25 'getelementptr' 'cubiecube_0_co_addr' <Predicate = (!exitcond_i)> <Delay = 0.00>
ST_2 : Operation 26 [2/2] (2.32ns)   --->   "%cubiecube_0_co_load = load i2* %cubiecube_0_co_addr, align 1" [cubiecube.cpp:375->search.cpp:85]   --->   Operation 26 'load' 'cubiecube_0_co_load' <Predicate = (!exitcond_i)> <Delay = 2.32> <Core = "RAM">   --->   Core 37 'RAM' <Latency = 1> <II = 1> <Delay = 2.32> <Storage> <Opcode : 'load' 'store'> <Ports = 2> <Width = 4> <Depth = 6> <RAM>
ST_2 : Operation 27 [1/1] (0.00ns)   --->   "store i16 %ret_i, i16* @result_twist_0, align 16" [search.cpp:85]   --->   Operation 27 'store' <Predicate = (exitcond_i)> <Delay = 0.00>
ST_2 : Operation 28 [1/1] (1.76ns)   --->   "br label %3" [cubiecube.cpp:394->search.cpp:86]   --->   Operation 28 'br' <Predicate = (exitcond_i)> <Delay = 1.76>

State 3 <SV = 2> <Delay = 6.22>
ST_3 : Operation 29 [1/1] (0.00ns)   --->   "%tmp = shl i16 %ret_i, 2" [cubiecube.cpp:375->search.cpp:85]   --->   Operation 29 'shl' 'tmp' <Predicate = true> <Delay = 0.00>
ST_3 : Operation 30 [1/1] (0.00ns) (grouped into TernaryAdder)   --->   "%tmp_i = sub i16 %tmp, %ret_i" [cubiecube.cpp:375->search.cpp:85]   --->   Operation 30 'sub' 'tmp_i' <Predicate = true> <Delay = 0.00> <Core = "TAddSub">   --->   Core 80 'TAddSub' <Latency = 0> <II = 1> <Delay = 1.74> <IPBlock> <Opcode : 'add' 'sub'> <InPorts = 3> <OutPorts = 1> <Sync> <CReg>
ST_3 : Operation 31 [1/2] (2.32ns)   --->   "%cubiecube_0_co_load = load i2* %cubiecube_0_co_addr, align 1" [cubiecube.cpp:375->search.cpp:85]   --->   Operation 31 'load' 'cubiecube_0_co_load' <Predicate = true> <Delay = 2.32> <Core = "RAM">   --->   Core 37 'RAM' <Latency = 1> <II = 1> <Delay = 2.32> <Storage> <Opcode : 'load' 'store'> <Ports = 2> <Width = 4> <Depth = 6> <RAM>
ST_3 : Operation 32 [1/1] (0.00ns)   --->   "%tmp_256_i = zext i2 %cubiecube_0_co_load to i16" [cubiecube.cpp:375->search.cpp:85]   --->   Operation 32 'zext' 'tmp_256_i' <Predicate = true> <Delay = 0.00>
ST_3 : Operation 33 [1/1] (3.90ns) (root node of TernaryAdder)   --->   "%ret = add i16 %tmp_256_i, %tmp_i" [cubiecube.cpp:375->search.cpp:85]   --->   Operation 33 'add' 'ret' <Predicate = true> <Delay = 3.90> <Core = "TAddSub">   --->   Core 80 'TAddSub' <Latency = 0> <II = 1> <Delay = 1.74> <IPBlock> <Opcode : 'add' 'sub'> <InPorts = 3> <OutPorts = 1> <Sync> <CReg>
ST_3 : Operation 34 [1/1] (0.00ns)   --->   "br label %1" [cubiecube.cpp:374->search.cpp:85]   --->   Operation 34 'br' <Predicate = true> <Delay = 0.00>

State 4 <SV = 2> <Delay = 2.32>
ST_4 : Operation 35 [1/1] (0.00ns)   --->   "%i_i1 = phi i4 [ 0, %getTwist.exit ], [ %i_22, %4 ]"   --->   Operation 35 'phi' 'i_i1' <Predicate = true> <Delay = 0.00>
ST_4 : Operation 36 [1/1] (0.00ns)   --->   "%ret_i2 = phi i16 [ 0, %getTwist.exit ], [ %ret_1, %4 ]"   --->   Operation 36 'phi' 'ret_i2' <Predicate = true> <Delay = 0.00>
ST_4 : Operation 37 [1/1] (1.30ns)   --->   "%exitcond_i3 = icmp eq i4 %i_i1, -5" [cubiecube.cpp:394->search.cpp:86]   --->   Operation 37 'icmp' 'exitcond_i3' <Predicate = true> <Delay = 1.30> <Core = "Cmp">   --->   Core 25 'Cmp' <Latency = 0> <II = 1> <Delay = 1.13> <FuncUnit> <Opcode : 'icmp'> <InPorts = 2> <OutPorts = 1>
ST_4 : Operation 38 [1/1] (0.00ns)   --->   "call void (...)* @_ssdm_op_SpecLoopTripCount(i64 11, i64 11, i64 11)"   --->   Operation 38 'speclooptripcount' <Predicate = true> <Delay = 0.00>
ST_4 : Operation 39 [1/1] (1.73ns)   --->   "%i_22 = add i4 %i_i1, 1" [cubiecube.cpp:394->search.cpp:86]   --->   Operation 39 'add' 'i_22' <Predicate = true> <Delay = 1.73> <Core = "AddSub">   --->   Core 14 'AddSub' <Latency = 0> <II = 1> <Delay = 2.07> <FuncUnit> <Opcode : 'add' 'sub'> <InPorts = 2> <OutPorts = 1>
ST_4 : Operation 40 [1/1] (0.00ns)   --->   "br i1 %exitcond_i3, label %getFlip.exit, label %4" [cubiecube.cpp:394->search.cpp:86]   --->   Operation 40 'br' <Predicate = true> <Delay = 0.00>
ST_4 : Operation 41 [1/1] (0.00ns)   --->   "%tmp_i5 = zext i4 %i_i1 to i64" [cubiecube.cpp:395->search.cpp:86]   --->   Operation 41 'zext' 'tmp_i5' <Predicate = (!exitcond_i3)> <Delay = 0.00>
ST_4 : Operation 42 [1/1] (0.00ns)   --->   "%cubiecube_0_eo_addr = getelementptr [12 x i1]* %cubiecube_0_eo, i64 0, i64 %tmp_i5" [cubiecube.cpp:395->search.cpp:86]   --->   Operation 42 'getelementptr' 'cubiecube_0_eo_addr' <Predicate = (!exitcond_i3)> <Delay = 0.00>
ST_4 : Operation 43 [2/2] (2.32ns)   --->   "%cubiecube_0_eo_load = load i1* %cubiecube_0_eo_addr, align 1" [cubiecube.cpp:395->search.cpp:86]   --->   Operation 43 'load' 'cubiecube_0_eo_load' <Predicate = (!exitcond_i3)> <Delay = 2.32> <Core = "RAM">   --->   Core 37 'RAM' <Latency = 1> <II = 1> <Delay = 2.32> <Storage> <Opcode : 'load' 'store'> <Ports = 2> <Width = 4> <Depth = 6> <RAM>
ST_4 : Operation 44 [1/1] (0.00ns)   --->   "%tmp_113 = trunc i16 %ret_i2 to i15" [cubiecube.cpp:395->search.cpp:86]   --->   Operation 44 'trunc' 'tmp_113' <Predicate = (!exitcond_i3)> <Delay = 0.00>
ST_4 : Operation 45 [1/1] (0.00ns)   --->   "%s_i = alloca i32"   --->   Operation 45 'alloca' 's_i' <Predicate = (exitcond_i3)> <Delay = 0.00>
ST_4 : Operation 46 [1/1] (0.00ns)   --->   "store i16 %ret_i2, i16* @result_flip_0, align 2" [search.cpp:86]   --->   Operation 46 'store' <Predicate = (exitcond_i3)> <Delay = 0.00>
ST_4 : Operation 47 [1/1] (1.76ns)   --->   "store i32 0, i32* %s_i"   --->   Operation 47 'store' <Predicate = (exitcond_i3)> <Delay = 1.76>
ST_4 : Operation 48 [1/1] (1.76ns)   --->   "br label %5" [cubiecube.cpp:414->search.cpp:87]   --->   Operation 48 'br' <Predicate = (exitcond_i3)> <Delay = 1.76>

State 5 <SV = 3> <Delay = 2.32>
ST_5 : Operation 49 [1/2] (2.32ns)   --->   "%cubiecube_0_eo_load = load i1* %cubiecube_0_eo_addr, align 1" [cubiecube.cpp:395->search.cpp:86]   --->   Operation 49 'load' 'cubiecube_0_eo_load' <Predicate = true> <Delay = 2.32> <Core = "RAM">   --->   Core 37 'RAM' <Latency = 1> <II = 1> <Delay = 2.32> <Storage> <Opcode : 'load' 'store'> <Ports = 2> <Width = 4> <Depth = 6> <RAM>
ST_5 : Operation 50 [1/1] (0.00ns)   --->   "%ret_1 = call i16 @_ssdm_op_BitConcatenate.i16.i15.i1(i15 %tmp_113, i1 %cubiecube_0_eo_load)" [cubiecube.cpp:395->search.cpp:86]   --->   Operation 50 'bitconcatenate' 'ret_1' <Predicate = true> <Delay = 0.00>
ST_5 : Operation 51 [1/1] (0.00ns)   --->   "br label %3" [cubiecube.cpp:394->search.cpp:86]   --->   Operation 51 'br' <Predicate = true> <Delay = 0.00>

State 6 <SV = 3> <Delay = 2.32>
ST_6 : Operation 52 [1/1] (0.00ns)   --->   "%i_i6 = phi i3 [ -1, %getFlip.exit ], [ %i_23, %7 ]"   --->   Operation 52 'phi' 'i_i6' <Predicate = true> <Delay = 0.00>
ST_6 : Operation 53 [1/1] (0.00ns)   --->   "%i_i6_cast = zext i3 %i_i6 to i4" [cubiecube.cpp:414->search.cpp:87]   --->   Operation 53 'zext' 'i_i6_cast' <Predicate = true> <Delay = 0.00>
ST_6 : Operation 54 [1/1] (1.13ns)   --->   "%tmp_i7 = icmp eq i3 %i_i6, 0" [cubiecube.cpp:414->search.cpp:87]   --->   Operation 54 'icmp' 'tmp_i7' <Predicate = true> <Delay = 1.13> <Core = "Cmp">   --->   Core 25 'Cmp' <Latency = 0> <II = 1> <Delay = 1.13> <FuncUnit> <Opcode : 'icmp'> <InPorts = 2> <OutPorts = 1>
ST_6 : Operation 55 [1/1] (0.00ns)   --->   "call void (...)* @_ssdm_op_SpecLoopTripCount(i64 7, i64 7, i64 7)"   --->   Operation 55 'speclooptripcount' <Predicate = true> <Delay = 0.00>
ST_6 : Operation 56 [1/1] (0.00ns)   --->   "br i1 %tmp_i7, label %cornerParity.exit, label %.preheader.preheader.i" [cubiecube.cpp:414->search.cpp:87]   --->   Operation 56 'br' <Predicate = true> <Delay = 0.00>
ST_6 : Operation 57 [1/1] (0.00ns)   --->   "%tmp_i8 = zext i3 %i_i6 to i64" [cubiecube.cpp:416->search.cpp:87]   --->   Operation 57 'zext' 'tmp_i8' <Predicate = (!tmp_i7)> <Delay = 0.00>
ST_6 : Operation 58 [1/1] (0.00ns)   --->   "%cubiecube_0_cp_addr = getelementptr [8 x i3]* %cubiecube_0_cp, i64 0, i64 %tmp_i8" [cubiecube.cpp:416->search.cpp:87]   --->   Operation 58 'getelementptr' 'cubiecube_0_cp_addr' <Predicate = (!tmp_i7)> <Delay = 0.00>
ST_6 : Operation 59 [2/2] (2.32ns)   --->   "%cubiecube_0_cp_load = load i3* %cubiecube_0_cp_addr, align 1" [cubiecube.cpp:416->search.cpp:87]   --->   Operation 59 'load' 'cubiecube_0_cp_load' <Predicate = (!tmp_i7)> <Delay = 2.32> <Core = "RAM">   --->   Core 37 'RAM' <Latency = 1> <II = 1> <Delay = 2.32> <Storage> <Opcode : 'load' 'store'> <Ports = 2> <Width = 4> <Depth = 6> <RAM>
ST_6 : Operation 60 [2/2] (0.00ns)   --->   "%tmp_52 = call fastcc i16 @getFRtoBR([12 x i4]* %cubiecube_0_ep)" [search.cpp:88]   --->   Operation 60 'call' 'tmp_52' <Predicate = (tmp_i7)> <Delay = 0.00> <CoreType = "Generic">   --->   Core 0 '' <Latency = 0> <II = 1> <Delay = 1.00> <Generic> <Opcode : >
ST_6 : Operation 61 [2/2] (0.00ns)   --->   "%tmp_53 = call fastcc i16 @getURFtoDLF([8 x i3]* %cubiecube_0_cp)" [search.cpp:89]   --->   Operation 61 'call' 'tmp_53' <Predicate = (tmp_i7)> <Delay = 0.00> <CoreType = "Generic">   --->   Core 0 '' <Latency = 0> <II = 1> <Delay = 1.00> <Generic> <Opcode : >

State 7 <SV = 4> <Delay = 2.32>
ST_7 : Operation 62 [1/2] (2.32ns)   --->   "%cubiecube_0_cp_load = load i3* %cubiecube_0_cp_addr, align 1" [cubiecube.cpp:416->search.cpp:87]   --->   Operation 62 'load' 'cubiecube_0_cp_load' <Predicate = true> <Delay = 2.32> <Core = "RAM">   --->   Core 37 'RAM' <Latency = 1> <II = 1> <Delay = 2.32> <Storage> <Opcode : 'load' 'store'> <Ports = 2> <Width = 4> <Depth = 6> <RAM>
ST_7 : Operation 63 [1/1] (1.76ns)   --->   "br label %.preheader.i" [cubiecube.cpp:415->search.cpp:87]   --->   Operation 63 'br' <Predicate = true> <Delay = 1.76>

State 8 <SV = 5> <Delay = 4.05>
ST_8 : Operation 64 [1/1] (0.00ns)   --->   "%j_0_in_i = phi i4 [ %j, %6 ], [ %i_i6_cast, %.preheader.preheader.i ]"   --->   Operation 64 'phi' 'j_0_in_i' <Predicate = true> <Delay = 0.00>
ST_8 : Operation 65 [1/1] (1.73ns)   --->   "%j = add i4 %j_0_in_i, -1" [cubiecube.cpp:415->search.cpp:87]   --->   Operation 65 'add' 'j' <Predicate = true> <Delay = 1.73> <Core = "AddSub">   --->   Core 14 'AddSub' <Latency = 0> <II = 1> <Delay = 2.07> <FuncUnit> <Opcode : 'add' 'sub'> <InPorts = 2> <OutPorts = 1>
ST_8 : Operation 66 [1/1] (0.00ns)   --->   "%j_cast = sext i4 %j to i32" [cubiecube.cpp:415->search.cpp:87]   --->   Operation 66 'sext' 'j_cast' <Predicate = true> <Delay = 0.00>
ST_8 : Operation 67 [1/1] (1.30ns)   --->   "%tmp_285_i = icmp sgt i4 %j_0_in_i, 0" [cubiecube.cpp:415->search.cpp:87]   --->   Operation 67 'icmp' 'tmp_285_i' <Predicate = true> <Delay = 1.30> <Core = "Cmp">   --->   Core 25 'Cmp' <Latency = 0> <II = 1> <Delay = 1.13> <FuncUnit> <Opcode : 'icmp'> <InPorts = 2> <OutPorts = 1>
ST_8 : Operation 68 [1/1] (0.00ns)   --->   "call void (...)* @_ssdm_op_SpecLoopTripCount(i64 1, i64 7, i64 0)"   --->   Operation 68 'speclooptripcount' <Predicate = true> <Delay = 0.00>
ST_8 : Operation 69 [1/1] (0.00ns)   --->   "br i1 %tmp_285_i, label %6, label %7" [cubiecube.cpp:415->search.cpp:87]   --->   Operation 69 'br' <Predicate = true> <Delay = 0.00>
ST_8 : Operation 70 [1/1] (0.00ns)   --->   "%tmp_286_i = zext i32 %j_cast to i64" [cubiecube.cpp:416->search.cpp:87]   --->   Operation 70 'zext' 'tmp_286_i' <Predicate = (tmp_285_i)> <Delay = 0.00>
ST_8 : Operation 71 [1/1] (0.00ns)   --->   "%cubiecube_0_cp_addr_3 = getelementptr [8 x i3]* %cubiecube_0_cp, i64 0, i64 %tmp_286_i" [cubiecube.cpp:416->search.cpp:87]   --->   Operation 71 'getelementptr' 'cubiecube_0_cp_addr_3' <Predicate = (tmp_285_i)> <Delay = 0.00>
ST_8 : Operation 72 [2/2] (2.32ns)   --->   "%cubiecube_0_cp_load_3 = load i3* %cubiecube_0_cp_addr_3, align 1" [cubiecube.cpp:416->search.cpp:87]   --->   Operation 72 'load' 'cubiecube_0_cp_load_3' <Predicate = (tmp_285_i)> <Delay = 2.32> <Core = "RAM">   --->   Core 37 'RAM' <Latency = 1> <II = 1> <Delay = 2.32> <Storage> <Opcode : 'load' 'store'> <Ports = 2> <Width = 4> <Depth = 6> <RAM>
ST_8 : Operation 73 [1/1] (1.65ns)   --->   "%i_23 = add i3 %i_i6, -1" [cubiecube.cpp:414->search.cpp:87]   --->   Operation 73 'add' 'i_23' <Predicate = (!tmp_285_i)> <Delay = 1.65> <Core = "AddSub">   --->   Core 14 'AddSub' <Latency = 0> <II = 1> <Delay = 2.07> <FuncUnit> <Opcode : 'add' 'sub'> <InPorts = 2> <OutPorts = 1>
ST_8 : Operation 74 [1/1] (0.00ns)   --->   "br label %5" [cubiecube.cpp:414->search.cpp:87]   --->   Operation 74 'br' <Predicate = (!tmp_285_i)> <Delay = 0.00>

State 9 <SV = 6> <Delay = 5.91>
ST_9 : Operation 75 [1/1] (0.00ns)   --->   "%s_i_load_2 = load i32* %s_i" [cubiecube.cpp:417->search.cpp:87]   --->   Operation 75 'load' 's_i_load_2' <Predicate = true> <Delay = 0.00>
ST_9 : Operation 76 [1/2] (2.32ns)   --->   "%cubiecube_0_cp_load_3 = load i3* %cubiecube_0_cp_addr_3, align 1" [cubiecube.cpp:416->search.cpp:87]   --->   Operation 76 'load' 'cubiecube_0_cp_load_3' <Predicate = true> <Delay = 2.32> <Core = "RAM">   --->   Core 37 'RAM' <Latency = 1> <II = 1> <Delay = 2.32> <Storage> <Opcode : 'load' 'store'> <Ports = 2> <Width = 4> <Depth = 6> <RAM>
ST_9 : Operation 77 [1/1] (1.13ns)   --->   "%tmp_287_i = icmp ugt i3 %cubiecube_0_cp_load_3, %cubiecube_0_cp_load" [cubiecube.cpp:416->search.cpp:87]   --->   Operation 77 'icmp' 'tmp_287_i' <Predicate = true> <Delay = 1.13> <Core = "Cmp">   --->   Core 25 'Cmp' <Latency = 0> <II = 1> <Delay = 1.13> <FuncUnit> <Opcode : 'icmp'> <InPorts = 2> <OutPorts = 1>
ST_9 : Operation 78 [1/1] (2.55ns)   --->   "%s = add nsw i32 %s_i_load_2, 1" [cubiecube.cpp:417->search.cpp:87]   --->   Operation 78 'add' 's' <Predicate = true> <Delay = 2.55> <Core = "AddSub">   --->   Core 14 'AddSub' <Latency = 0> <II = 1> <Delay = 2.07> <FuncUnit> <Opcode : 'add' 'sub'> <InPorts = 2> <OutPorts = 1>
ST_9 : Operation 79 [1/1] (0.69ns)   --->   "%p_s_1_i = select i1 %tmp_287_i, i32 %s, i32 %s_i_load_2" [cubiecube.cpp:416->search.cpp:87]   --->   Operation 79 'select' 'p_s_1_i' <Predicate = true> <Delay = 0.69> <Core = "Sel">   --->   Core 26 'Sel' <Latency = 0> <II = 1> <Delay = 0.80> <FuncUnit> <Opcode : 'select'> <InPorts = 3> <OutPorts = 1>
ST_9 : Operation 80 [1/1] (1.76ns)   --->   "store i32 %p_s_1_i, i32* %s_i" [cubiecube.cpp:416->search.cpp:87]   --->   Operation 80 'store' <Predicate = true> <Delay = 1.76>
ST_9 : Operation 81 [1/1] (0.00ns)   --->   "br label %.preheader.i" [cubiecube.cpp:415->search.cpp:87]   --->   Operation 81 'br' <Predicate = true> <Delay = 0.00>

State 10 <SV = 4> <Delay = 4.62>
ST_10 : Operation 82 [1/2] (4.62ns)   --->   "%tmp_52 = call fastcc i16 @getFRtoBR([12 x i4]* %cubiecube_0_ep)" [search.cpp:88]   --->   Operation 82 'call' 'tmp_52' <Predicate = true> <Delay = 4.62> <CoreType = "Generic">   --->   Core 0 '' <Latency = 0> <II = 1> <Delay = 1.00> <Generic> <Opcode : >
ST_10 : Operation 83 [1/1] (0.00ns)   --->   "store i16 %tmp_52, i16* @result_FRtoBR_0, align 2" [search.cpp:88]   --->   Operation 83 'store' <Predicate = true> <Delay = 0.00>
ST_10 : Operation 84 [1/2] (2.55ns)   --->   "%tmp_53 = call fastcc i16 @getURFtoDLF([8 x i3]* %cubiecube_0_cp)" [search.cpp:89]   --->   Operation 84 'call' 'tmp_53' <Predicate = true> <Delay = 2.55> <CoreType = "Generic">   --->   Core 0 '' <Latency = 0> <II = 1> <Delay = 1.00> <Generic> <Opcode : >
ST_10 : Operation 85 [1/1] (0.00ns)   --->   "store i16 %tmp_53, i16* @result_URFtoDLF_0, align 8" [search.cpp:89]   --->   Operation 85 'store' <Predicate = true> <Delay = 0.00>

State 11 <SV = 5> <Delay = 0.00>
ST_11 : Operation 86 [2/2] (0.00ns)   --->   "%tmp_54 = call fastcc i16 @getURtoUL([12 x i4]* %cubiecube_0_ep)" [search.cpp:90]   --->   Operation 86 'call' 'tmp_54' <Predicate = true> <Delay = 0.00> <CoreType = "Generic">   --->   Core 0 '' <Latency = 0> <II = 1> <Delay = 1.00> <Generic> <Opcode : >

State 12 <SV = 6> <Delay = 4.62>
ST_12 : Operation 87 [1/2] (4.62ns)   --->   "%tmp_54 = call fastcc i16 @getURtoUL([12 x i4]* %cubiecube_0_ep)" [search.cpp:90]   --->   Operation 87 'call' 'tmp_54' <Predicate = true> <Delay = 4.62> <CoreType = "Generic">   --->   Core 0 '' <Latency = 0> <II = 1> <Delay = 1.00> <Generic> <Opcode : >
ST_12 : Operation 88 [1/1] (0.00ns)   --->   "store i16 %tmp_54, i16* @result_URtoUL_0, align 2" [search.cpp:90]   --->   Operation 88 'store' <Predicate = true> <Delay = 0.00>

State 13 <SV = 7> <Delay = 0.00>
ST_13 : Operation 89 [2/2] (0.00ns)   --->   "%tmp_55 = call fastcc i16 @getUBtoDF([12 x i4]* %cubiecube_0_ep)" [search.cpp:91]   --->   Operation 89 'call' 'tmp_55' <Predicate = true> <Delay = 0.00> <CoreType = "Generic">   --->   Core 0 '' <Latency = 0> <II = 1> <Delay = 1.00> <Generic> <Opcode : >

State 14 <SV = 8> <Delay = 4.62>
ST_14 : Operation 90 [1/2] (4.62ns)   --->   "%tmp_55 = call fastcc i16 @getUBtoDF([12 x i4]* %cubiecube_0_ep)" [search.cpp:91]   --->   Operation 90 'call' 'tmp_55' <Predicate = true> <Delay = 4.62> <CoreType = "Generic">   --->   Core 0 '' <Latency = 0> <II = 1> <Delay = 1.00> <Generic> <Opcode : >
ST_14 : Operation 91 [1/1] (0.00ns)   --->   "store i16 %tmp_55, i16* @result_UBtoDF_0, align 4" [search.cpp:91]   --->   Operation 91 'store' <Predicate = true> <Delay = 0.00>

State 15 <SV = 9> <Delay = 0.00>
ST_15 : Operation 92 [2/2] (0.00ns)   --->   "call fastcc void @getURtoDF([12 x i4]* %cubiecube_0_ep)" [search.cpp:92]   --->   Operation 92 'call' <Predicate = true> <Delay = 0.00> <CoreType = "Generic">   --->   Core 0 '' <Latency = 0> <II = 1> <Delay = 1.00> <Generic> <Opcode : >

State 16 <SV = 10> <Delay = 2.88>
ST_16 : Operation 93 [1/1] (0.00ns)   --->   "%s_i_load = load i32* %s_i" [cubiecube.cpp:418->search.cpp:87]   --->   Operation 93 'load' 's_i_load' <Predicate = true> <Delay = 0.00>
ST_16 : Operation 94 [1/1] (0.00ns)   --->   "%tmp_114 = call i1 @_ssdm_op_BitSelect.i1.i32.i32(i32 %s_i_load, i32 31)" [cubiecube.cpp:418->search.cpp:87]   --->   Operation 94 'bitselect' 'tmp_114' <Predicate = true> <Delay = 0.00>
ST_16 : Operation 95 [1/1] (0.00ns)   --->   "%tmp_115 = trunc i32 %s_i_load to i1" [cubiecube.cpp:418->search.cpp:87]   --->   Operation 95 'trunc' 'tmp_115' <Predicate = true> <Delay = 0.00>
ST_16 : Operation 96 [1/1] (0.00ns)   --->   "%tmp_116 = trunc i32 %s_i_load to i1" [cubiecube.cpp:418->search.cpp:87]   --->   Operation 96 'trunc' 'tmp_116' <Predicate = true> <Delay = 0.00>
ST_16 : Operation 97 [1/1] (0.00ns)   --->   "%tmp_117 = call i16 @_ssdm_op_BitConcatenate.i16.i15.i1(i15 0, i1 %tmp_116)" [cubiecube.cpp:418->search.cpp:87]   --->   Operation 97 'bitconcatenate' 'tmp_117' <Predicate = true> <Delay = 0.00>
ST_16 : Operation 98 [1/1] (2.07ns)   --->   "%tmp_118 = sub i16 0, %tmp_117" [cubiecube.cpp:418->search.cpp:87]   --->   Operation 98 'sub' 'tmp_118' <Predicate = true> <Delay = 2.07> <Core = "AddSub">   --->   Core 14 'AddSub' <Latency = 0> <II = 1> <Delay = 2.07> <FuncUnit> <Opcode : 'add' 'sub'> <InPorts = 2> <OutPorts = 1>
ST_16 : Operation 99 [1/1] (0.00ns)   --->   "%tmp_s = call i16 @_ssdm_op_BitConcatenate.i16.i15.i1(i15 0, i1 %tmp_115)" [cubiecube.cpp:418->search.cpp:87]   --->   Operation 99 'bitconcatenate' 'tmp_s' <Predicate = true> <Delay = 0.00>
ST_16 : Operation 100 [1/1] (0.80ns)   --->   "%tmp_162 = select i1 %tmp_114, i16 %tmp_118, i16 %tmp_s" [cubiecube.cpp:418->search.cpp:87]   --->   Operation 100 'select' 'tmp_162' <Predicate = true> <Delay = 0.80> <Core = "Sel">   --->   Core 26 'Sel' <Latency = 0> <II = 1> <Delay = 0.80> <FuncUnit> <Opcode : 'select'> <InPorts = 3> <OutPorts = 1>
ST_16 : Operation 101 [1/1] (0.00ns)   --->   "store i16 %tmp_162, i16* @result_parity_0, align 4" [search.cpp:87]   --->   Operation 101 'store' <Predicate = true> <Delay = 0.00>
ST_16 : Operation 102 [1/2] (0.00ns)   --->   "call fastcc void @getURtoDF([12 x i4]* %cubiecube_0_ep)" [search.cpp:92]   --->   Operation 102 'call' <Predicate = true> <Delay = 0.00> <CoreType = "Generic">   --->   Core 0 '' <Latency = 0> <II = 1> <Delay = 1.00> <Generic> <Opcode : >
ST_16 : Operation 103 [1/1] (0.00ns)   --->   "ret void"   --->   Operation 103 'ret' <Predicate = true> <Delay = 0.00>


============================================================
+ Verbose Summary: Binding
============================================================
STG Binding: 
---------------- STG Properties BEGIN ----------------
- Is combinational: 0
- Is one-state seq: 0
- Is datapath-only: 0
- Is pipelined: 0
- Is top level: 0
Port [ Return ] is wired: 1; IO mode=ap_ctrl_hs:ce=0
Port [ cubiecube_0_cp]:  wired=1; compound=1; hidden=0; nouse=0; global=0; static=0; extern=0; dir=0; type=1; pingpong=0; private_global=0; MemPort=[13]; IO mode=ap_memory:ce=0
Port [ cubiecube_0_co]:  wired=1; compound=1; hidden=0; nouse=0; global=0; static=0; extern=0; dir=0; type=1; pingpong=0; private_global=0; MemPort=[13]; IO mode=ap_memory:ce=0
Port [ cubiecube_0_ep]:  wired=1; compound=1; hidden=0; nouse=0; global=0; static=0; extern=0; dir=0; type=1; pingpong=0; private_global=0; MemPort=[13]; IO mode=ap_memory:ce=0
Port [ cubiecube_0_eo]:  wired=1; compound=1; hidden=0; nouse=0; global=0; static=0; extern=0; dir=0; type=1; pingpong=0; private_global=0; MemPort=[13]; IO mode=ap_memory:ce=0
Port [ result_twist_0]:  wired=1; compound=0; hidden=0; nouse=0; global=1; static=1; extern=0; dir=1; type=0; pingpong=0; private_global=0; linkage=7; visibility=0; IO mode=ap_vld:ce=0
Port [ result_flip_0]:  wired=1; compound=0; hidden=0; nouse=0; global=1; static=1; extern=0; dir=1; type=0; pingpong=0; private_global=0; linkage=7; visibility=0; IO mode=ap_vld:ce=0
Port [ result_parity_0]:  wired=1; compound=0; hidden=0; nouse=0; global=1; static=1; extern=0; dir=1; type=0; pingpong=0; private_global=0; linkage=7; visibility=0; IO mode=ap_vld:ce=0
Port [ result_FRtoBR_0]:  wired=1; compound=0; hidden=0; nouse=0; global=1; static=1; extern=0; dir=1; type=0; pingpong=0; private_global=0; linkage=7; visibility=0; IO mode=ap_vld:ce=0
Port [ result_URFtoDLF_0]:  wired=1; compound=0; hidden=0; nouse=0; global=1; static=1; extern=0; dir=1; type=0; pingpong=0; private_global=0; linkage=7; visibility=0; IO mode=ap_vld:ce=0
Port [ result_URtoUL_0]:  wired=1; compound=0; hidden=0; nouse=0; global=1; static=1; extern=0; dir=1; type=0; pingpong=0; private_global=0; linkage=7; visibility=0; IO mode=ap_vld:ce=0
Port [ result_UBtoDF_0]:  wired=1; compound=0; hidden=0; nouse=0; global=1; static=1; extern=0; dir=1; type=0; pingpong=0; private_global=0; linkage=7; visibility=0; IO mode=ap_vld:ce=0
---------------- STG Properties END ------------------

---------------- Datapath Model BEGIN ----------------

<LifeTime>
<method=bitvector/>
StgValue_17           (br               ) [ 01110000000000000]
ret_i                 (phi              ) [ 00110000000000000]
i_i                   (phi              ) [ 00100000000000000]
exitcond_i            (icmp             ) [ 00110000000000000]
StgValue_21           (speclooptripcount) [ 00000000000000000]
i                     (add              ) [ 01110000000000000]
StgValue_23           (br               ) [ 00000000000000000]
tmp_i_36              (zext             ) [ 00000000000000000]
cubiecube_0_co_addr   (getelementptr    ) [ 00010000000000000]
StgValue_27           (store            ) [ 00000000000000000]
StgValue_28           (br               ) [ 00111100000000000]
tmp                   (shl              ) [ 00000000000000000]
tmp_i                 (sub              ) [ 00000000000000000]
cubiecube_0_co_load   (load             ) [ 00000000000000000]
tmp_256_i             (zext             ) [ 00000000000000000]
ret                   (add              ) [ 01110000000000000]
StgValue_34           (br               ) [ 01110000000000000]
i_i1                  (phi              ) [ 00001000000000000]
ret_i2                (phi              ) [ 00001000000000000]
exitcond_i3           (icmp             ) [ 00001100000000000]
StgValue_38           (speclooptripcount) [ 00000000000000000]
i_22                  (add              ) [ 00101100000000000]
StgValue_40           (br               ) [ 00000000000000000]
tmp_i5                (zext             ) [ 00000000000000000]
cubiecube_0_eo_addr   (getelementptr    ) [ 00000100000000000]
tmp_113               (trunc            ) [ 00000100000000000]
s_i                   (alloca           ) [ 00001111111111111]
StgValue_46           (store            ) [ 00000000000000000]
StgValue_47           (store            ) [ 00000000000000000]
StgValue_48           (br               ) [ 00001111110000000]
cubiecube_0_eo_load   (load             ) [ 00000000000000000]
ret_1                 (bitconcatenate   ) [ 00101100000000000]
StgValue_51           (br               ) [ 00101100000000000]
i_i6                  (phi              ) [ 00000011110000000]
i_i6_cast             (zext             ) [ 00000001110000000]
tmp_i7                (icmp             ) [ 00000011110000000]
StgValue_55           (speclooptripcount) [ 00000000000000000]
StgValue_56           (br               ) [ 00000000000000000]
tmp_i8                (zext             ) [ 00000000000000000]
cubiecube_0_cp_addr   (getelementptr    ) [ 00000001000000000]
cubiecube_0_cp_load   (load             ) [ 00000000110000000]
StgValue_63           (br               ) [ 00000011110000000]
j_0_in_i              (phi              ) [ 00000000100000000]
j                     (add              ) [ 00000011110000000]
j_cast                (sext             ) [ 00000000000000000]
tmp_285_i             (icmp             ) [ 00000011110000000]
StgValue_68           (speclooptripcount) [ 00000000000000000]
StgValue_69           (br               ) [ 00000000000000000]
tmp_286_i             (zext             ) [ 00000000000000000]
cubiecube_0_cp_addr_3 (getelementptr    ) [ 00000000010000000]
i_23                  (add              ) [ 00001011110000000]
StgValue_74           (br               ) [ 00001011110000000]
s_i_load_2            (load             ) [ 00000000000000000]
cubiecube_0_cp_load_3 (load             ) [ 00000000000000000]
tmp_287_i             (icmp             ) [ 00000000000000000]
s                     (add              ) [ 00000000000000000]
p_s_1_i               (select           ) [ 00000000000000000]
StgValue_80           (store            ) [ 00000000000000000]
StgValue_81           (br               ) [ 00000011110000000]
tmp_52                (call             ) [ 00000000000000000]
StgValue_83           (store            ) [ 00000000000000000]
tmp_53                (call             ) [ 00000000000000000]
StgValue_85           (store            ) [ 00000000000000000]
tmp_54                (call             ) [ 00000000000000000]
StgValue_88           (store            ) [ 00000000000000000]
tmp_55                (call             ) [ 00000000000000000]
StgValue_91           (store            ) [ 00000000000000000]
s_i_load              (load             ) [ 00000000000000000]
tmp_114               (bitselect        ) [ 00000000000000000]
tmp_115               (trunc            ) [ 00000000000000000]
tmp_116               (trunc            ) [ 00000000000000000]
tmp_117               (bitconcatenate   ) [ 00000000000000000]
tmp_118               (sub              ) [ 00000000000000000]
tmp_s                 (bitconcatenate   ) [ 00000000000000000]
tmp_162               (select           ) [ 00000000000000000]
StgValue_101          (store            ) [ 00000000000000000]
StgValue_102          (call             ) [ 00000000000000000]
StgValue_103          (ret              ) [ 00000000000000000]
</LifeTime>

<model>

<comp_list>
<comp id="0" class="1000" name="cubiecube_0_cp">
<pin_list>
<pin id="1" dir="1" index="0" bw="1" slack="0"/>
</pin_list>
<bind>
<StgValue><ssdm name="cubiecube_0_cp"/><MemPortTyVec>1 3 </MemPortTyVec>
</StgValue>
</bind>
</comp>

<comp id="2" class="1000" name="cubiecube_0_co">
<pin_list>
<pin id="3" dir="1" index="0" bw="1" slack="0"/>
</pin_list>
<bind>
<StgValue><ssdm name="cubiecube_0_co"/><MemPortTyVec>1 3 </MemPortTyVec>
</StgValue>
</bind>
</comp>

<comp id="4" class="1000" name="cubiecube_0_ep">
<pin_list>
<pin id="5" dir="1" index="0" bw="1" slack="0"/>
</pin_list>
<bind>
<StgValue><ssdm name="cubiecube_0_ep"/><MemPortTyVec>1 3 </MemPortTyVec>
</StgValue>
</bind>
</comp>

<comp id="6" class="1000" name="cubiecube_0_eo">
<pin_list>
<pin id="7" dir="1" index="0" bw="1" slack="0"/>
</pin_list>
<bind>
<StgValue><ssdm name="cubiecube_0_eo"/><MemPortTyVec>1 3 </MemPortTyVec>
</StgValue>
</bind>
</comp>

<comp id="8" class="1000" name="result_twist_0">
<pin_list>
<pin id="9" dir="1" index="0" bw="1" slack="0"/>
</pin_list>
<bind>
<StgValue><ssdm name="result_twist_0"/></StgValue>
</bind>
</comp>

<comp id="10" class="1000" name="result_flip_0">
<pin_list>
<pin id="11" dir="1" index="0" bw="1" slack="0"/>
</pin_list>
<bind>
<StgValue><ssdm name="result_flip_0"/></StgValue>
</bind>
</comp>

<comp id="12" class="1000" name="result_parity_0">
<pin_list>
<pin id="13" dir="1" index="0" bw="1" slack="0"/>
</pin_list>
<bind>
<StgValue><ssdm name="result_parity_0"/></StgValue>
</bind>
</comp>

<comp id="14" class="1000" name="result_FRtoBR_0">
<pin_list>
<pin id="15" dir="1" index="0" bw="1" slack="0"/>
</pin_list>
<bind>
<StgValue><ssdm name="result_FRtoBR_0"/></StgValue>
</bind>
</comp>

<comp id="16" class="1000" name="result_URFtoDLF_0">
<pin_list>
<pin id="17" dir="1" index="0" bw="1" slack="0"/>
</pin_list>
<bind>
<StgValue><ssdm name="result_URFtoDLF_0"/></StgValue>
</bind>
</comp>

<comp id="18" class="1000" name="result_URtoUL_0">
<pin_list>
<pin id="19" dir="1" index="0" bw="1" slack="0"/>
</pin_list>
<bind>
<StgValue><ssdm name="result_URtoUL_0"/></StgValue>
</bind>
</comp>

<comp id="20" class="1000" name="result_UBtoDF_0">
<pin_list>
<pin id="21" dir="1" index="0" bw="1" slack="0"/>
</pin_list>
<bind>
<StgValue><ssdm name="result_UBtoDF_0"/></StgValue>
</bind>
</comp>

<comp id="22" class="1001" name="const_22">
<pin_list>
<pin id="23" dir="1" index="0" bw="1" slack="0"/>
</pin_list>
<bind>
<StgValue><ssdm name=""/></StgValue>
</bind>
</comp>

<comp id="24" class="1001" name="const_24">
<pin_list>
<pin id="25" dir="1" index="0" bw="1" slack="0"/>
</pin_list>
<bind>
<StgValue><ssdm name=""/></StgValue>
</bind>
</comp>

<comp id="26" class="1001" name="const_26">
<pin_list>
<pin id="27" dir="1" index="0" bw="1" slack="0"/>
</pin_list>
<bind>
<StgValue><ssdm name=""/></StgValue>
</bind>
</comp>

<comp id="28" class="1001" name="const_28">
<pin_list>
<pin id="29" dir="1" index="0" bw="1" slack="2147483647"/>
</pin_list>
<bind>
<StgValue><ssdm name="_ssdm_op_SpecLoopTripCount"/></StgValue>
</bind>
</comp>

<comp id="30" class="1001" name="const_30">
<pin_list>
<pin id="31" dir="1" index="0" bw="1" slack="2147483647"/>
</pin_list>
<bind>
<StgValue><ssdm name=""/></StgValue>
</bind>
</comp>

<comp id="32" class="1001" name="const_32">
<pin_list>
<pin id="33" dir="1" index="0" bw="1" slack="0"/>
</pin_list>
<bind>
<StgValue><ssdm name=""/></StgValue>
</bind>
</comp>

<comp id="34" class="1001" name="const_34">
<pin_list>
<pin id="35" dir="1" index="0" bw="1" slack="0"/>
</pin_list>
<bind>
<StgValue><ssdm name=""/></StgValue>
</bind>
</comp>

<comp id="36" class="1001" name="const_36">
<pin_list>
<pin id="37" dir="1" index="0" bw="1" slack="0"/>
</pin_list>
<bind>
<StgValue><ssdm name=""/></StgValue>
</bind>
</comp>

<comp id="38" class="1001" name="const_38">
<pin_list>
<pin id="39" dir="1" index="0" bw="1" slack="0"/>
</pin_list>
<bind>
<StgValue><ssdm name=""/></StgValue>
</bind>
</comp>

<comp id="40" class="1001" name="const_40">
<pin_list>
<pin id="41" dir="1" index="0" bw="1" slack="0"/>
</pin_list>
<bind>
<StgValue><ssdm name=""/></StgValue>
</bind>
</comp>

<comp id="42" class="1001" name="const_42">
<pin_list>
<pin id="43" dir="1" index="0" bw="1" slack="2147483647"/>
</pin_list>
<bind>
<StgValue><ssdm name=""/></StgValue>
</bind>
</comp>

<comp id="44" class="1001" name="const_44">
<pin_list>
<pin id="45" dir="1" index="0" bw="1" slack="0"/>
</pin_list>
<bind>
<StgValue><ssdm name=""/></StgValue>
</bind>
</comp>

<comp id="46" class="1001" name="const_46">
<pin_list>
<pin id="47" dir="1" index="0" bw="1" slack="0"/>
</pin_list>
<bind>
<StgValue><ssdm name=""/></StgValue>
</bind>
</comp>

<comp id="48" class="1001" name="const_48">
<pin_list>
<pin id="49" dir="1" index="0" bw="1" slack="0"/>
</pin_list>
<bind>
<StgValue><ssdm name=""/></StgValue>
</bind>
</comp>

<comp id="50" class="1001" name="const_50">
<pin_list>
<pin id="51" dir="1" index="0" bw="1" slack="0"/>
</pin_list>
<bind>
<StgValue><ssdm name="_ssdm_op_BitConcatenate.i16.i15.i1"/></StgValue>
</bind>
</comp>

<comp id="52" class="1001" name="const_52">
<pin_list>
<pin id="53" dir="1" index="0" bw="1" slack="0"/>
</pin_list>
<bind>
<StgValue><ssdm name="getFRtoBR"/></StgValue>
</bind>
</comp>

<comp id="54" class="1001" name="const_54">
<pin_list>
<pin id="55" dir="1" index="0" bw="1" slack="0"/>
</pin_list>
<bind>
<StgValue><ssdm name="getURFtoDLF"/></StgValue>
</bind>
</comp>

<comp id="56" class="1001" name="const_56">
<pin_list>
<pin id="57" dir="1" index="0" bw="1" slack="0"/>
</pin_list>
<bind>
<StgValue><ssdm name=""/></StgValue>
</bind>
</comp>

<comp id="58" class="1001" name="const_58">
<pin_list>
<pin id="59" dir="1" index="0" bw="1" slack="2147483647"/>
</pin_list>
<bind>
<StgValue><ssdm name=""/></StgValue>
</bind>
</comp>

<comp id="60" class="1001" name="const_60">
<pin_list>
<pin id="61" dir="1" index="0" bw="1" slack="0"/>
</pin_list>
<bind>
<StgValue><ssdm name="getURtoUL"/></StgValue>
</bind>
</comp>

<comp id="62" class="1001" name="const_62">
<pin_list>
<pin id="63" dir="1" index="0" bw="1" slack="0"/>
</pin_list>
<bind>
<StgValue><ssdm name="getUBtoDF"/></StgValue>
</bind>
</comp>

<comp id="64" class="1001" name="const_64">
<pin_list>
<pin id="65" dir="1" index="0" bw="1" slack="0"/>
</pin_list>
<bind>
<StgValue><ssdm name="getURtoDF"/></StgValue>
</bind>
</comp>

<comp id="66" class="1001" name="const_66">
<pin_list>
<pin id="67" dir="1" index="0" bw="1" slack="0"/>
</pin_list>
<bind>
<StgValue><ssdm name="_ssdm_op_BitSelect.i1.i32.i32"/></StgValue>
</bind>
</comp>

<comp id="68" class="1001" name="const_68">
<pin_list>
<pin id="69" dir="1" index="0" bw="1" slack="0"/>
</pin_list>
<bind>
<StgValue><ssdm name=""/></StgValue>
</bind>
</comp>

<comp id="70" class="1001" name="const_70">
<pin_list>
<pin id="71" dir="1" index="0" bw="1" slack="0"/>
</pin_list>
<bind>
<StgValue><ssdm name=""/></StgValue>
</bind>
</comp>

<comp id="72" class="1004" name="s_i_fu_72">
<pin_list>
<pin id="73" dir="0" index="0" bw="1" slack="0"/>
<pin id="74" dir="1" index="1" bw="32" slack="0"/>
</pin_list>
<bind>
<opcode="alloca(26) " fcode="alloca"/>
<opset="s_i/4 "/>
</bind>
</comp>

<comp id="76" class="1004" name="cubiecube_0_co_addr_gep_fu_76">
<pin_list>
<pin id="77" dir="0" index="0" bw="2" slack="0"/>
<pin id="78" dir="0" index="1" bw="1" slack="0"/>
<pin id="79" dir="0" index="2" bw="3" slack="0"/>
<pin id="80" dir="1" index="3" bw="3" slack="0"/>
</pin_list>
<bind>
<opcode="getelementptr(29) " fcode="getelementptr"/>
<opset="cubiecube_0_co_addr/2 "/>
</bind>
</comp>

<comp id="83" class="1004" name="grp_access_fu_83">
<pin_list>
<pin id="84" dir="0" index="0" bw="3" slack="0"/>
<pin id="85" dir="0" index="1" bw="2" slack="2147483647"/>
<pin id="86" dir="0" index="2" bw="0" slack="2147483647"/>
<pin id="87" dir="1" index="3" bw="2" slack="0"/>
</pin_list>
<bind>
<opcode="load(27) " fcode="load"/>
<opset="cubiecube_0_co_load/2 "/>
</bind>
</comp>

<comp id="89" class="1004" name="cubiecube_0_eo_addr_gep_fu_89">
<pin_list>
<pin id="90" dir="0" index="0" bw="1" slack="0"/>
<pin id="91" dir="0" index="1" bw="1" slack="0"/>
<pin id="92" dir="0" index="2" bw="4" slack="0"/>
<pin id="93" dir="1" index="3" bw="4" slack="0"/>
</pin_list>
<bind>
<opcode="getelementptr(29) " fcode="getelementptr"/>
<opset="cubiecube_0_eo_addr/4 "/>
</bind>
</comp>

<comp id="96" class="1004" name="grp_access_fu_96">
<pin_list>
<pin id="97" dir="0" index="0" bw="4" slack="0"/>
<pin id="98" dir="0" index="1" bw="1" slack="2147483647"/>
<pin id="99" dir="0" index="2" bw="0" slack="2147483647"/>
<pin id="100" dir="1" index="3" bw="1" slack="0"/>
</pin_list>
<bind>
<opcode="load(27) " fcode="load"/>
<opset="cubiecube_0_eo_load/4 "/>
</bind>
</comp>

<comp id="102" class="1004" name="cubiecube_0_cp_addr_gep_fu_102">
<pin_list>
<pin id="103" dir="0" index="0" bw="3" slack="0"/>
<pin id="104" dir="0" index="1" bw="1" slack="0"/>
<pin id="105" dir="0" index="2" bw="3" slack="0"/>
<pin id="106" dir="1" index="3" bw="3" slack="0"/>
</pin_list>
<bind>
<opcode="getelementptr(29) " fcode="getelementptr"/>
<opset="cubiecube_0_cp_addr/6 "/>
</bind>
</comp>

<comp id="109" class="1004" name="grp_access_fu_109">
<pin_list>
<pin id="110" dir="0" index="0" bw="3" slack="0"/>
<pin id="111" dir="0" index="1" bw="3" slack="2147483647"/>
<pin id="112" dir="0" index="2" bw="0" slack="2147483647"/>
<pin id="113" dir="1" index="3" bw="3" slack="0"/>
</pin_list>
<bind>
<opcode="load(27) " fcode="load"/>
<opset="cubiecube_0_cp_load/6 cubiecube_0_cp_load_3/8 "/>
</bind>
</comp>

<comp id="115" class="1004" name="cubiecube_0_cp_addr_3_gep_fu_115">
<pin_list>
<pin id="116" dir="0" index="0" bw="3" slack="0"/>
<pin id="117" dir="0" index="1" bw="1" slack="0"/>
<pin id="118" dir="0" index="2" bw="32" slack="0"/>
<pin id="119" dir="1" index="3" bw="3" slack="0"/>
</pin_list>
<bind>
<opcode="getelementptr(29) " fcode="getelementptr"/>
<opset="cubiecube_0_cp_addr_3/8 "/>
</bind>
</comp>

<comp id="123" class="1005" name="ret_i_reg_123">
<pin_list>
<pin id="124" dir="0" index="0" bw="16" slack="1"/>
<pin id="125" dir="1" index="1" bw="16" slack="1"/>
</pin_list>
<bind>
<opset="ret_i (phireg) "/>
</bind>
</comp>

<comp id="127" class="1004" name="ret_i_phi_fu_127">
<pin_list>
<pin id="128" dir="0" index="0" bw="1" slack="1"/>
<pin id="129" dir="0" index="1" bw="0" slack="2147483647"/>
<pin id="130" dir="0" index="2" bw="16" slack="1"/>
<pin id="131" dir="0" index="3" bw="0" slack="2147483647"/>
<pin id="132" dir="1" index="4" bw="16" slack="0"/>
</pin_list>
<bind>
<opcode="phi(47) " fcode="phi"/>
<opset="ret_i/2 "/>
</bind>
</comp>

<comp id="135" class="1005" name="i_i_reg_135">
<pin_list>
<pin id="136" dir="0" index="0" bw="3" slack="1"/>
<pin id="137" dir="1" index="1" bw="3" slack="1"/>
</pin_list>
<bind>
<opset="i_i (phireg) "/>
</bind>
</comp>

<comp id="139" class="1004" name="i_i_phi_fu_139">
<pin_list>
<pin id="140" dir="0" index="0" bw="1" slack="1"/>
<pin id="141" dir="0" index="1" bw="0" slack="2147483647"/>
<pin id="142" dir="0" index="2" bw="3" slack="0"/>
<pin id="143" dir="0" index="3" bw="0" slack="2147483647"/>
<pin id="144" dir="1" index="4" bw="3" slack="0"/>
</pin_list>
<bind>
<opcode="phi(47) " fcode="phi"/>
<opset="i_i/2 "/>
</bind>
</comp>

<comp id="146" class="1005" name="i_i1_reg_146">
<pin_list>
<pin id="147" dir="0" index="0" bw="4" slack="1"/>
<pin id="148" dir="1" index="1" bw="4" slack="1"/>
</pin_list>
<bind>
<opset="i_i1 (phireg) "/>
</bind>
</comp>

<comp id="150" class="1004" name="i_i1_phi_fu_150">
<pin_list>
<pin id="151" dir="0" index="0" bw="1" slack="1"/>
<pin id="152" dir="0" index="1" bw="0" slack="2147483647"/>
<pin id="153" dir="0" index="2" bw="4" slack="0"/>
<pin id="154" dir="0" index="3" bw="0" slack="2147483647"/>
<pin id="155" dir="1" index="4" bw="4" slack="0"/>
</pin_list>
<bind>
<opcode="phi(47) " fcode="phi"/>
<opset="i_i1/4 "/>
</bind>
</comp>

<comp id="157" class="1005" name="ret_i2_reg_157">
<pin_list>
<pin id="158" dir="0" index="0" bw="16" slack="1"/>
<pin id="159" dir="1" index="1" bw="16" slack="1"/>
</pin_list>
<bind>
<opset="ret_i2 (phireg) "/>
</bind>
</comp>

<comp id="161" class="1004" name="ret_i2_phi_fu_161">
<pin_list>
<pin id="162" dir="0" index="0" bw="1" slack="1"/>
<pin id="163" dir="0" index="1" bw="0" slack="2147483647"/>
<pin id="164" dir="0" index="2" bw="16" slack="1"/>
<pin id="165" dir="0" index="3" bw="0" slack="2147483647"/>
<pin id="166" dir="1" index="4" bw="16" slack="0"/>
</pin_list>
<bind>
<opcode="phi(47) " fcode="phi"/>
<opset="ret_i2/4 "/>
</bind>
</comp>

<comp id="168" class="1005" name="i_i6_reg_168">
<pin_list>
<pin id="169" dir="0" index="0" bw="3" slack="1"/>
<pin id="170" dir="1" index="1" bw="3" slack="1"/>
</pin_list>
<bind>
<opset="i_i6 (phireg) "/>
</bind>
</comp>

<comp id="172" class="1004" name="i_i6_phi_fu_172">
<pin_list>
<pin id="173" dir="0" index="0" bw="1" slack="1"/>
<pin id="174" dir="0" index="1" bw="0" slack="2147483647"/>
<pin id="175" dir="0" index="2" bw="3" slack="1"/>
<pin id="176" dir="0" index="3" bw="0" slack="2147483647"/>
<pin id="177" dir="1" index="4" bw="3" slack="0"/>
</pin_list>
<bind>
<opcode="phi(47) " fcode="phi"/>
<opset="i_i6/6 "/>
</bind>
</comp>

<comp id="180" class="1005" name="j_0_in_i_reg_180">
<pin_list>
<pin id="181" dir="0" index="0" bw="4" slack="2147483647"/>
<pin id="182" dir="1" index="1" bw="4" slack="2147483647"/>
</pin_list>
<bind>
<opset="j_0_in_i (phireg) "/>
</bind>
</comp>

<comp id="183" class="1004" name="j_0_in_i_phi_fu_183">
<pin_list>
<pin id="184" dir="0" index="0" bw="4" slack="0"/>
<pin id="185" dir="0" index="1" bw="0" slack="2147483647"/>
<pin id="186" dir="0" index="2" bw="3" slack="2"/>
<pin id="187" dir="0" index="3" bw="0" slack="2147483647"/>
<pin id="188" dir="1" index="4" bw="4" slack="0"/>
</pin_list>
<bind>
<opcode="phi(47) " fcode="phi"/>
<opset="j_0_in_i/8 "/>
</bind>
</comp>

<comp id="189" class="1004" name="grp_getFRtoBR_fu_189">
<pin_list>
<pin id="190" dir="0" index="0" bw="16" slack="0"/>
<pin id="191" dir="0" index="1" bw="4" slack="0"/>
<pin id="192" dir="1" index="2" bw="16" slack="0"/>
</pin_list>
<bind>
<opcode="call(48) " fcode="call"/>
<opset="tmp_52/6 "/>
</bind>
</comp>

<comp id="195" class="1004" name="grp_getUBtoDF_fu_195">
<pin_list>
<pin id="196" dir="0" index="0" bw="16" slack="0"/>
<pin id="197" dir="0" index="1" bw="4" slack="0"/>
<pin id="198" dir="1" index="2" bw="16" slack="0"/>
</pin_list>
<bind>
<opcode="call(48) " fcode="call"/>
<opset="tmp_55/13 "/>
</bind>
</comp>

<comp id="201" class="1004" name="grp_getURtoUL_fu_201">
<pin_list>
<pin id="202" dir="0" index="0" bw="16" slack="0"/>
<pin id="203" dir="0" index="1" bw="4" slack="0"/>
<pin id="204" dir="1" index="2" bw="16" slack="0"/>
</pin_list>
<bind>
<opcode="call(48) " fcode="call"/>
<opset="tmp_54/11 "/>
</bind>
</comp>

<comp id="207" class="1004" name="grp_getURFtoDLF_fu_207">
<pin_list>
<pin id="208" dir="0" index="0" bw="16" slack="0"/>
<pin id="209" dir="0" index="1" bw="3" slack="0"/>
<pin id="210" dir="1" index="2" bw="16" slack="0"/>
</pin_list>
<bind>
<opcode="call(48) " fcode="call"/>
<opset="tmp_53/6 "/>
</bind>
</comp>

<comp id="213" class="1004" name="grp_getURtoDF_fu_213">
<pin_list>
<pin id="214" dir="0" index="0" bw="0" slack="0"/>
<pin id="215" dir="0" index="1" bw="4" slack="0"/>
<pin id="216" dir="1" index="2" bw="0" slack="2147483647"/>
</pin_list>
<bind>
<opcode="call(48) " fcode="call"/>
<opset="StgValue_92/15 "/>
</bind>
</comp>

<comp id="219" class="1004" name="grp_load_fu_219">
<pin_list>
<pin id="220" dir="0" index="0" bw="32" slack="4"/>
<pin id="221" dir="1" index="1" bw="32" slack="0"/>
</pin_list>
<bind>
<opcode="load(27) " fcode="load"/>
<opset="s_i_load_2/9 s_i_load/16 "/>
</bind>
</comp>

<comp id="222" class="1004" name="exitcond_i_fu_222">
<pin_list>
<pin id="223" dir="0" index="0" bw="3" slack="0"/>
<pin id="224" dir="0" index="1" bw="3" slack="0"/>
<pin id="225" dir="1" index="2" bw="1" slack="2147483647"/>
</pin_list>
<bind>
<opcode="icmp(45) " fcode="icmp"/>
<opset="exitcond_i/2 "/>
</bind>
</comp>

<comp id="228" class="1004" name="i_fu_228">
<pin_list>
<pin id="229" dir="0" index="0" bw="3" slack="0"/>
<pin id="230" dir="0" index="1" bw="1" slack="0"/>
<pin id="231" dir="1" index="2" bw="3" slack="0"/>
</pin_list>
<bind>
<opcode="add(8) " fcode="add"/>
<opset="i/2 "/>
</bind>
</comp>

<comp id="234" class="1004" name="tmp_i_36_fu_234">
<pin_list>
<pin id="235" dir="0" index="0" bw="3" slack="0"/>
<pin id="236" dir="1" index="1" bw="64" slack="0"/>
</pin_list>
<bind>
<opcode="zext(34) " fcode="zext"/>
<opset="tmp_i_36/2 "/>
</bind>
</comp>

<comp id="239" class="1004" name="StgValue_27_store_fu_239">
<pin_list>
<pin id="240" dir="0" index="0" bw="16" slack="0"/>
<pin id="241" dir="0" index="1" bw="16" slack="0"/>
<pin id="242" dir="1" index="2" bw="0" slack="2147483647"/>
</pin_list>
<bind>
<opcode="store(28) " fcode="store"/>
<opset="StgValue_27/2 "/>
</bind>
</comp>

<comp id="245" class="1004" name="tmp_fu_245">
<pin_list>
<pin id="246" dir="0" index="0" bw="16" slack="1"/>
<pin id="247" dir="0" index="1" bw="3" slack="0"/>
<pin id="248" dir="1" index="2" bw="16" slack="0"/>
</pin_list>
<bind>
<opcode="shl(20) " fcode="shl"/>
<opset="tmp/3 "/>
</bind>
</comp>

<comp id="251" class="1004" name="tmp_i_fu_251">
<pin_list>
<pin id="252" dir="0" index="0" bw="16" slack="0"/>
<pin id="253" dir="0" index="1" bw="16" slack="1"/>
<pin id="254" dir="1" index="2" bw="16" slack="0"/>
</pin_list>
<bind>
<opcode="sub(10) " fcode="sub"/>
<opset="tmp_i/3 "/>
</bind>
</comp>

<comp id="257" class="1004" name="tmp_256_i_fu_257">
<pin_list>
<pin id="258" dir="0" index="0" bw="2" slack="0"/>
<pin id="259" dir="1" index="1" bw="16" slack="0"/>
</pin_list>
<bind>
<opcode="zext(34) " fcode="zext"/>
<opset="tmp_256_i/3 "/>
</bind>
</comp>

<comp id="261" class="1004" name="ret_fu_261">
<pin_list>
<pin id="262" dir="0" index="0" bw="2" slack="0"/>
<pin id="263" dir="0" index="1" bw="16" slack="0"/>
<pin id="264" dir="1" index="2" bw="16" slack="1"/>
</pin_list>
<bind>
<opcode="add(8) " fcode="add"/>
<opset="ret/3 "/>
</bind>
</comp>

<comp id="267" class="1004" name="exitcond_i3_fu_267">
<pin_list>
<pin id="268" dir="0" index="0" bw="4" slack="0"/>
<pin id="269" dir="0" index="1" bw="4" slack="0"/>
<pin id="270" dir="1" index="2" bw="1" slack="2147483647"/>
</pin_list>
<bind>
<opcode="icmp(45) " fcode="icmp"/>
<opset="exitcond_i3/4 "/>
</bind>
</comp>

<comp id="273" class="1004" name="i_22_fu_273">
<pin_list>
<pin id="274" dir="0" index="0" bw="4" slack="0"/>
<pin id="275" dir="0" index="1" bw="1" slack="0"/>
<pin id="276" dir="1" index="2" bw="4" slack="0"/>
</pin_list>
<bind>
<opcode="add(8) " fcode="add"/>
<opset="i_22/4 "/>
</bind>
</comp>

<comp id="279" class="1004" name="tmp_i5_fu_279">
<pin_list>
<pin id="280" dir="0" index="0" bw="4" slack="0"/>
<pin id="281" dir="1" index="1" bw="64" slack="0"/>
</pin_list>
<bind>
<opcode="zext(34) " fcode="zext"/>
<opset="tmp_i5/4 "/>
</bind>
</comp>

<comp id="284" class="1004" name="tmp_113_fu_284">
<pin_list>
<pin id="285" dir="0" index="0" bw="16" slack="0"/>
<pin id="286" dir="1" index="1" bw="15" slack="1"/>
</pin_list>
<bind>
<opcode="trunc(33) " fcode="trunc"/>
<opset="tmp_113/4 "/>
</bind>
</comp>

<comp id="288" class="1004" name="StgValue_46_store_fu_288">
<pin_list>
<pin id="289" dir="0" index="0" bw="16" slack="0"/>
<pin id="290" dir="0" index="1" bw="16" slack="0"/>
<pin id="291" dir="1" index="2" bw="0" slack="2147483647"/>
</pin_list>
<bind>
<opcode="store(28) " fcode="store"/>
<opset="StgValue_46/4 "/>
</bind>
</comp>

<comp id="294" class="1004" name="StgValue_47_store_fu_294">
<pin_list>
<pin id="295" dir="0" index="0" bw="1" slack="0"/>
<pin id="296" dir="0" index="1" bw="32" slack="0"/>
<pin id="297" dir="1" index="2" bw="0" slack="2147483647"/>
</pin_list>
<bind>
<opcode="store(28) " fcode="store"/>
<opset="StgValue_47/4 "/>
</bind>
</comp>

<comp id="299" class="1004" name="ret_1_fu_299">
<pin_list>
<pin id="300" dir="0" index="0" bw="16" slack="0"/>
<pin id="301" dir="0" index="1" bw="15" slack="1"/>
<pin id="302" dir="0" index="2" bw="1" slack="0"/>
<pin id="303" dir="1" index="3" bw="16" slack="1"/>
</pin_list>
<bind>
<opcode="bitconcatenate(1004) " fcode="bitconcatenate"/>
<opset="ret_1/5 "/>
</bind>
</comp>

<comp id="306" class="1004" name="i_i6_cast_fu_306">
<pin_list>
<pin id="307" dir="0" index="0" bw="3" slack="0"/>
<pin id="308" dir="1" index="1" bw="4" slack="2"/>
</pin_list>
<bind>
<opcode="zext(34) " fcode="zext"/>
<opset="i_i6_cast/6 "/>
</bind>
</comp>

<comp id="310" class="1004" name="tmp_i7_fu_310">
<pin_list>
<pin id="311" dir="0" index="0" bw="3" slack="0"/>
<pin id="312" dir="0" index="1" bw="3" slack="0"/>
<pin id="313" dir="1" index="2" bw="1" slack="2147483647"/>
</pin_list>
<bind>
<opcode="icmp(45) " fcode="icmp"/>
<opset="tmp_i7/6 "/>
</bind>
</comp>

<comp id="316" class="1004" name="tmp_i8_fu_316">
<pin_list>
<pin id="317" dir="0" index="0" bw="3" slack="0"/>
<pin id="318" dir="1" index="1" bw="64" slack="0"/>
</pin_list>
<bind>
<opcode="zext(34) " fcode="zext"/>
<opset="tmp_i8/6 "/>
</bind>
</comp>

<comp id="321" class="1004" name="j_fu_321">
<pin_list>
<pin id="322" dir="0" index="0" bw="4" slack="0"/>
<pin id="323" dir="0" index="1" bw="1" slack="0"/>
<pin id="324" dir="1" index="2" bw="4" slack="0"/>
</pin_list>
<bind>
<opcode="add(8) " fcode="add"/>
<opset="j/8 "/>
</bind>
</comp>

<comp id="327" class="1004" name="j_cast_fu_327">
<pin_list>
<pin id="328" dir="0" index="0" bw="4" slack="0"/>
<pin id="329" dir="1" index="1" bw="32" slack="0"/>
</pin_list>
<bind>
<opcode="sext(35) " fcode="sext"/>
<opset="j_cast/8 "/>
</bind>
</comp>

<comp id="331" class="1004" name="tmp_285_i_fu_331">
<pin_list>
<pin id="332" dir="0" index="0" bw="4" slack="0"/>
<pin id="333" dir="0" index="1" bw="4" slack="0"/>
<pin id="334" dir="1" index="2" bw="1" slack="2147483647"/>
</pin_list>
<bind>
<opcode="icmp(45) " fcode="icmp"/>
<opset="tmp_285_i/8 "/>
</bind>
</comp>

<comp id="337" class="1004" name="tmp_286_i_fu_337">
<pin_list>
<pin id="338" dir="0" index="0" bw="4" slack="0"/>
<pin id="339" dir="1" index="1" bw="64" slack="0"/>
</pin_list>
<bind>
<opcode="zext(34) " fcode="zext"/>
<opset="tmp_286_i/8 "/>
</bind>
</comp>

<comp id="342" class="1004" name="i_23_fu_342">
<pin_list>
<pin id="343" dir="0" index="0" bw="3" slack="2"/>
<pin id="344" dir="0" index="1" bw="1" slack="0"/>
<pin id="345" dir="1" index="2" bw="3" slack="1"/>
</pin_list>
<bind>
<opcode="add(8) " fcode="add"/>
<opset="i_23/8 "/>
</bind>
</comp>

<comp id="348" class="1004" name="tmp_287_i_fu_348">
<pin_list>
<pin id="349" dir="0" index="0" bw="3" slack="0"/>
<pin id="350" dir="0" index="1" bw="3" slack="2"/>
<pin id="351" dir="1" index="2" bw="1" slack="0"/>
</pin_list>
<bind>
<opcode="icmp(45) " fcode="icmp"/>
<opset="tmp_287_i/9 "/>
</bind>
</comp>

<comp id="353" class="1004" name="s_fu_353">
<pin_list>
<pin id="354" dir="0" index="0" bw="32" slack="0"/>
<pin id="355" dir="0" index="1" bw="1" slack="0"/>
<pin id="356" dir="1" index="2" bw="32" slack="0"/>
</pin_list>
<bind>
<opcode="add(8) " fcode="add"/>
<opset="s/9 "/>
</bind>
</comp>

<comp id="359" class="1004" name="p_s_1_i_fu_359">
<pin_list>
<pin id="360" dir="0" index="0" bw="1" slack="0"/>
<pin id="361" dir="0" index="1" bw="32" slack="0"/>
<pin id="362" dir="0" index="2" bw="32" slack="0"/>
<pin id="363" dir="1" index="3" bw="32" slack="0"/>
</pin_list>
<bind>
<opcode="select(49) " fcode="select"/>
<opset="p_s_1_i/9 "/>
</bind>
</comp>

<comp id="367" class="1004" name="StgValue_80_store_fu_367">
<pin_list>
<pin id="368" dir="0" index="0" bw="32" slack="0"/>
<pin id="369" dir="0" index="1" bw="32" slack="4"/>
<pin id="370" dir="1" index="2" bw="0" slack="2147483647"/>
</pin_list>
<bind>
<opcode="store(28) " fcode="store"/>
<opset="StgValue_80/9 "/>
</bind>
</comp>

<comp id="372" class="1004" name="StgValue_83_store_fu_372">
<pin_list>
<pin id="373" dir="0" index="0" bw="16" slack="0"/>
<pin id="374" dir="0" index="1" bw="16" slack="0"/>
<pin id="375" dir="1" index="2" bw="0" slack="2147483647"/>
</pin_list>
<bind>
<opcode="store(28) " fcode="store"/>
<opset="StgValue_83/10 "/>
</bind>
</comp>

<comp id="378" class="1004" name="StgValue_85_store_fu_378">
<pin_list>
<pin id="379" dir="0" index="0" bw="16" slack="0"/>
<pin id="380" dir="0" index="1" bw="16" slack="0"/>
<pin id="381" dir="1" index="2" bw="0" slack="2147483647"/>
</pin_list>
<bind>
<opcode="store(28) " fcode="store"/>
<opset="StgValue_85/10 "/>
</bind>
</comp>

<comp id="384" class="1004" name="StgValue_88_store_fu_384">
<pin_list>
<pin id="385" dir="0" index="0" bw="16" slack="0"/>
<pin id="386" dir="0" index="1" bw="16" slack="0"/>
<pin id="387" dir="1" index="2" bw="0" slack="2147483647"/>
</pin_list>
<bind>
<opcode="store(28) " fcode="store"/>
<opset="StgValue_88/12 "/>
</bind>
</comp>

<comp id="390" class="1004" name="StgValue_91_store_fu_390">
<pin_list>
<pin id="391" dir="0" index="0" bw="16" slack="0"/>
<pin id="392" dir="0" index="1" bw="16" slack="0"/>
<pin id="393" dir="1" index="2" bw="0" slack="2147483647"/>
</pin_list>
<bind>
<opcode="store(28) " fcode="store"/>
<opset="StgValue_91/14 "/>
</bind>
</comp>

<comp id="396" class="1004" name="tmp_114_fu_396">
<pin_list>
<pin id="397" dir="0" index="0" bw="1" slack="0"/>
<pin id="398" dir="0" index="1" bw="32" slack="0"/>
<pin id="399" dir="0" index="2" bw="6" slack="0"/>
<pin id="400" dir="1" index="3" bw="1" slack="0"/>
</pin_list>
<bind>
<opcode="bitselect(1000) " fcode="bitselect"/>
<opset="tmp_114/16 "/>
</bind>
</comp>

<comp id="404" class="1004" name="tmp_115_fu_404">
<pin_list>
<pin id="405" dir="0" index="0" bw="32" slack="0"/>
<pin id="406" dir="1" index="1" bw="1" slack="0"/>
</pin_list>
<bind>
<opcode="trunc(33) " fcode="trunc"/>
<opset="tmp_115/16 "/>
</bind>
</comp>

<comp id="408" class="1004" name="tmp_116_fu_408">
<pin_list>
<pin id="409" dir="0" index="0" bw="32" slack="0"/>
<pin id="410" dir="1" index="1" bw="1" slack="0"/>
</pin_list>
<bind>
<opcode="trunc(33) " fcode="trunc"/>
<opset="tmp_116/16 "/>
</bind>
</comp>

<comp id="412" class="1004" name="tmp_117_fu_412">
<pin_list>
<pin id="413" dir="0" index="0" bw="16" slack="0"/>
<pin id="414" dir="0" index="1" bw="1" slack="0"/>
<pin id="415" dir="0" index="2" bw="1" slack="0"/>
<pin id="416" dir="1" index="3" bw="16" slack="0"/>
</pin_list>
<bind>
<opcode="bitconcatenate(1004) " fcode="bitconcatenate"/>
<opset="tmp_117/16 "/>
</bind>
</comp>

<comp id="420" class="1004" name="tmp_118_fu_420">
<pin_list>
<pin id="421" dir="0" index="0" bw="1" slack="0"/>
<pin id="422" dir="0" index="1" bw="16" slack="0"/>
<pin id="423" dir="1" index="2" bw="16" slack="0"/>
</pin_list>
<bind>
<opcode="sub(10) " fcode="sub"/>
<opset="tmp_118/16 "/>
</bind>
</comp>

<comp id="426" class="1004" name="tmp_s_fu_426">
<pin_list>
<pin id="427" dir="0" index="0" bw="16" slack="0"/>
<pin id="428" dir="0" index="1" bw="1" slack="0"/>
<pin id="429" dir="0" index="2" bw="1" slack="0"/>
<pin id="430" dir="1" index="3" bw="16" slack="0"/>
</pin_list>
<bind>
<opcode="bitconcatenate(1004) " fcode="bitconcatenate"/>
<opset="tmp_s/16 "/>
</bind>
</comp>

<comp id="434" class="1004" name="tmp_162_fu_434">
<pin_list>
<pin id="435" dir="0" index="0" bw="1" slack="0"/>
<pin id="436" dir="0" index="1" bw="16" slack="0"/>
<pin id="437" dir="0" index="2" bw="16" slack="0"/>
<pin id="438" dir="1" index="3" bw="16" slack="0"/>
</pin_list>
<bind>
<opcode="select(49) " fcode="select"/>
<opset="tmp_162/16 "/>
</bind>
</comp>

<comp id="442" class="1004" name="StgValue_101_store_fu_442">
<pin_list>
<pin id="443" dir="0" index="0" bw="16" slack="0"/>
<pin id="444" dir="0" index="1" bw="16" slack="0"/>
<pin id="445" dir="1" index="2" bw="0" slack="2147483647"/>
</pin_list>
<bind>
<opcode="store(28) " fcode="store"/>
<opset="StgValue_101/16 "/>
</bind>
</comp>

<comp id="451" class="1005" name="i_reg_451">
<pin_list>
<pin id="452" dir="0" index="0" bw="3" slack="0"/>
<pin id="453" dir="1" index="1" bw="3" slack="0"/>
</pin_list>
<bind>
<opset="i "/>
</bind>
</comp>

<comp id="456" class="1005" name="cubiecube_0_co_addr_reg_456">
<pin_list>
<pin id="457" dir="0" index="0" bw="3" slack="1"/>
<pin id="458" dir="1" index="1" bw="3" slack="1"/>
</pin_list>
<bind>
<opset="cubiecube_0_co_addr "/>
</bind>
</comp>

<comp id="461" class="1005" name="ret_reg_461">
<pin_list>
<pin id="462" dir="0" index="0" bw="16" slack="1"/>
<pin id="463" dir="1" index="1" bw="16" slack="1"/>
</pin_list>
<bind>
<opset="ret "/>
</bind>
</comp>

<comp id="469" class="1005" name="i_22_reg_469">
<pin_list>
<pin id="470" dir="0" index="0" bw="4" slack="0"/>
<pin id="471" dir="1" index="1" bw="4" slack="0"/>
</pin_list>
<bind>
<opset="i_22 "/>
</bind>
</comp>

<comp id="474" class="1005" name="cubiecube_0_eo_addr_reg_474">
<pin_list>
<pin id="475" dir="0" index="0" bw="4" slack="1"/>
<pin id="476" dir="1" index="1" bw="4" slack="1"/>
</pin_list>
<bind>
<opset="cubiecube_0_eo_addr "/>
</bind>
</comp>

<comp id="479" class="1005" name="tmp_113_reg_479">
<pin_list>
<pin id="480" dir="0" index="0" bw="15" slack="1"/>
<pin id="481" dir="1" index="1" bw="15" slack="1"/>
</pin_list>
<bind>
<opset="tmp_113 "/>
</bind>
</comp>

<comp id="484" class="1005" name="s_i_reg_484">
<pin_list>
<pin id="485" dir="0" index="0" bw="32" slack="0"/>
<pin id="486" dir="1" index="1" bw="32" slack="0"/>
</pin_list>
<bind>
<opset="s_i "/>
</bind>
</comp>

<comp id="491" class="1005" name="ret_1_reg_491">
<pin_list>
<pin id="492" dir="0" index="0" bw="16" slack="1"/>
<pin id="493" dir="1" index="1" bw="16" slack="1"/>
</pin_list>
<bind>
<opset="ret_1 "/>
</bind>
</comp>

<comp id="496" class="1005" name="i_i6_cast_reg_496">
<pin_list>
<pin id="497" dir="0" index="0" bw="4" slack="2"/>
<pin id="498" dir="1" index="1" bw="4" slack="2"/>
</pin_list>
<bind>
<opset="i_i6_cast "/>
</bind>
</comp>

<comp id="504" class="1005" name="cubiecube_0_cp_addr_reg_504">
<pin_list>
<pin id="505" dir="0" index="0" bw="3" slack="1"/>
<pin id="506" dir="1" index="1" bw="3" slack="1"/>
</pin_list>
<bind>
<opset="cubiecube_0_cp_addr "/>
</bind>
</comp>

<comp id="509" class="1005" name="cubiecube_0_cp_load_reg_509">
<pin_list>
<pin id="510" dir="0" index="0" bw="3" slack="2"/>
<pin id="511" dir="1" index="1" bw="3" slack="2"/>
</pin_list>
<bind>
<opset="cubiecube_0_cp_load "/>
</bind>
</comp>

<comp id="514" class="1005" name="j_reg_514">
<pin_list>
<pin id="515" dir="0" index="0" bw="4" slack="0"/>
<pin id="516" dir="1" index="1" bw="4" slack="0"/>
</pin_list>
<bind>
<opset="j "/>
</bind>
</comp>

<comp id="522" class="1005" name="cubiecube_0_cp_addr_3_reg_522">
<pin_list>
<pin id="523" dir="0" index="0" bw="3" slack="1"/>
<pin id="524" dir="1" index="1" bw="3" slack="1"/>
</pin_list>
<bind>
<opset="cubiecube_0_cp_addr_3 "/>
</bind>
</comp>

<comp id="527" class="1005" name="i_23_reg_527">
<pin_list>
<pin id="528" dir="0" index="0" bw="3" slack="1"/>
<pin id="529" dir="1" index="1" bw="3" slack="1"/>
</pin_list>
<bind>
<opset="i_23 "/>
</bind>
</comp>

</comp_list>

<net_list>
<net id="75"><net_src comp="46" pin="0"/><net_sink comp="72" pin=0"/></net>

<net id="81"><net_src comp="2" pin="0"/><net_sink comp="76" pin=0"/></net>

<net id="82"><net_src comp="34" pin="0"/><net_sink comp="76" pin=1"/></net>

<net id="88"><net_src comp="76" pin="3"/><net_sink comp="83" pin=0"/></net>

<net id="94"><net_src comp="6" pin="0"/><net_sink comp="89" pin=0"/></net>

<net id="95"><net_src comp="34" pin="0"/><net_sink comp="89" pin=1"/></net>

<net id="101"><net_src comp="89" pin="3"/><net_sink comp="96" pin=0"/></net>

<net id="107"><net_src comp="0" pin="0"/><net_sink comp="102" pin=0"/></net>

<net id="108"><net_src comp="34" pin="0"/><net_sink comp="102" pin=1"/></net>

<net id="114"><net_src comp="102" pin="3"/><net_sink comp="109" pin=0"/></net>

<net id="120"><net_src comp="0" pin="0"/><net_sink comp="115" pin=0"/></net>

<net id="121"><net_src comp="34" pin="0"/><net_sink comp="115" pin=1"/></net>

<net id="122"><net_src comp="115" pin="3"/><net_sink comp="109" pin=0"/></net>

<net id="126"><net_src comp="22" pin="0"/><net_sink comp="123" pin=0"/></net>

<net id="133"><net_src comp="123" pin="1"/><net_sink comp="127" pin=0"/></net>

<net id="134"><net_src comp="127" pin="4"/><net_sink comp="123" pin=0"/></net>

<net id="138"><net_src comp="24" pin="0"/><net_sink comp="135" pin=0"/></net>

<net id="145"><net_src comp="135" pin="1"/><net_sink comp="139" pin=0"/></net>

<net id="149"><net_src comp="38" pin="0"/><net_sink comp="146" pin=0"/></net>

<net id="156"><net_src comp="146" pin="1"/><net_sink comp="150" pin=0"/></net>

<net id="160"><net_src comp="22" pin="0"/><net_sink comp="157" pin=0"/></net>

<net id="167"><net_src comp="157" pin="1"/><net_sink comp="161" pin=0"/></net>

<net id="171"><net_src comp="26" pin="0"/><net_sink comp="168" pin=0"/></net>

<net id="178"><net_src comp="168" pin="1"/><net_sink comp="172" pin=0"/></net>

<net id="179"><net_src comp="172" pin="4"/><net_sink comp="168" pin=0"/></net>

<net id="193"><net_src comp="52" pin="0"/><net_sink comp="189" pin=0"/></net>

<net id="194"><net_src comp="4" pin="0"/><net_sink comp="189" pin=1"/></net>

<net id="199"><net_src comp="62" pin="0"/><net_sink comp="195" pin=0"/></net>

<net id="200"><net_src comp="4" pin="0"/><net_sink comp="195" pin=1"/></net>

<net id="205"><net_src comp="60" pin="0"/><net_sink comp="201" pin=0"/></net>

<net id="206"><net_src comp="4" pin="0"/><net_sink comp="201" pin=1"/></net>

<net id="211"><net_src comp="54" pin="0"/><net_sink comp="207" pin=0"/></net>

<net id="212"><net_src comp="0" pin="0"/><net_sink comp="207" pin=1"/></net>

<net id="217"><net_src comp="64" pin="0"/><net_sink comp="213" pin=0"/></net>

<net id="218"><net_src comp="4" pin="0"/><net_sink comp="213" pin=1"/></net>

<net id="226"><net_src comp="139" pin="4"/><net_sink comp="222" pin=0"/></net>

<net id="227"><net_src comp="26" pin="0"/><net_sink comp="222" pin=1"/></net>

<net id="232"><net_src comp="139" pin="4"/><net_sink comp="228" pin=0"/></net>

<net id="233"><net_src comp="32" pin="0"/><net_sink comp="228" pin=1"/></net>

<net id="237"><net_src comp="139" pin="4"/><net_sink comp="234" pin=0"/></net>

<net id="238"><net_src comp="234" pin="1"/><net_sink comp="76" pin=2"/></net>

<net id="243"><net_src comp="127" pin="4"/><net_sink comp="239" pin=0"/></net>

<net id="244"><net_src comp="8" pin="0"/><net_sink comp="239" pin=1"/></net>

<net id="249"><net_src comp="123" pin="1"/><net_sink comp="245" pin=0"/></net>

<net id="250"><net_src comp="36" pin="0"/><net_sink comp="245" pin=1"/></net>

<net id="255"><net_src comp="245" pin="2"/><net_sink comp="251" pin=0"/></net>

<net id="256"><net_src comp="123" pin="1"/><net_sink comp="251" pin=1"/></net>

<net id="260"><net_src comp="83" pin="3"/><net_sink comp="257" pin=0"/></net>

<net id="265"><net_src comp="257" pin="1"/><net_sink comp="261" pin=0"/></net>

<net id="266"><net_src comp="251" pin="2"/><net_sink comp="261" pin=1"/></net>

<net id="271"><net_src comp="150" pin="4"/><net_sink comp="267" pin=0"/></net>

<net id="272"><net_src comp="40" pin="0"/><net_sink comp="267" pin=1"/></net>

<net id="277"><net_src comp="150" pin="4"/><net_sink comp="273" pin=0"/></net>

<net id="278"><net_src comp="44" pin="0"/><net_sink comp="273" pin=1"/></net>

<net id="282"><net_src comp="150" pin="4"/><net_sink comp="279" pin=0"/></net>

<net id="283"><net_src comp="279" pin="1"/><net_sink comp="89" pin=2"/></net>

<net id="287"><net_src comp="161" pin="4"/><net_sink comp="284" pin=0"/></net>

<net id="292"><net_src comp="161" pin="4"/><net_sink comp="288" pin=0"/></net>

<net id="293"><net_src comp="10" pin="0"/><net_sink comp="288" pin=1"/></net>

<net id="298"><net_src comp="48" pin="0"/><net_sink comp="294" pin=0"/></net>

<net id="304"><net_src comp="50" pin="0"/><net_sink comp="299" pin=0"/></net>

<net id="305"><net_src comp="96" pin="3"/><net_sink comp="299" pin=2"/></net>

<net id="309"><net_src comp="172" pin="4"/><net_sink comp="306" pin=0"/></net>

<net id="314"><net_src comp="172" pin="4"/><net_sink comp="310" pin=0"/></net>

<net id="315"><net_src comp="24" pin="0"/><net_sink comp="310" pin=1"/></net>

<net id="319"><net_src comp="172" pin="4"/><net_sink comp="316" pin=0"/></net>

<net id="320"><net_src comp="316" pin="1"/><net_sink comp="102" pin=2"/></net>

<net id="325"><net_src comp="183" pin="4"/><net_sink comp="321" pin=0"/></net>

<net id="326"><net_src comp="56" pin="0"/><net_sink comp="321" pin=1"/></net>

<net id="330"><net_src comp="321" pin="2"/><net_sink comp="327" pin=0"/></net>

<net id="335"><net_src comp="183" pin="4"/><net_sink comp="331" pin=0"/></net>

<net id="336"><net_src comp="38" pin="0"/><net_sink comp="331" pin=1"/></net>

<net id="340"><net_src comp="327" pin="1"/><net_sink comp="337" pin=0"/></net>

<net id="341"><net_src comp="337" pin="1"/><net_sink comp="115" pin=2"/></net>

<net id="346"><net_src comp="168" pin="1"/><net_sink comp="342" pin=0"/></net>

<net id="347"><net_src comp="26" pin="0"/><net_sink comp="342" pin=1"/></net>

<net id="352"><net_src comp="109" pin="3"/><net_sink comp="348" pin=0"/></net>

<net id="357"><net_src comp="219" pin="1"/><net_sink comp="353" pin=0"/></net>

<net id="358"><net_src comp="46" pin="0"/><net_sink comp="353" pin=1"/></net>

<net id="364"><net_src comp="348" pin="2"/><net_sink comp="359" pin=0"/></net>

<net id="365"><net_src comp="353" pin="2"/><net_sink comp="359" pin=1"/></net>

<net id="366"><net_src comp="219" pin="1"/><net_sink comp="359" pin=2"/></net>

<net id="371"><net_src comp="359" pin="3"/><net_sink comp="367" pin=0"/></net>

<net id="376"><net_src comp="189" pin="2"/><net_sink comp="372" pin=0"/></net>

<net id="377"><net_src comp="14" pin="0"/><net_sink comp="372" pin=1"/></net>

<net id="382"><net_src comp="207" pin="2"/><net_sink comp="378" pin=0"/></net>

<net id="383"><net_src comp="16" pin="0"/><net_sink comp="378" pin=1"/></net>

<net id="388"><net_src comp="201" pin="2"/><net_sink comp="384" pin=0"/></net>

<net id="389"><net_src comp="18" pin="0"/><net_sink comp="384" pin=1"/></net>

<net id="394"><net_src comp="195" pin="2"/><net_sink comp="390" pin=0"/></net>

<net id="395"><net_src comp="20" pin="0"/><net_sink comp="390" pin=1"/></net>

<net id="401"><net_src comp="66" pin="0"/><net_sink comp="396" pin=0"/></net>

<net id="402"><net_src comp="219" pin="1"/><net_sink comp="396" pin=1"/></net>

<net id="403"><net_src comp="68" pin="0"/><net_sink comp="396" pin=2"/></net>

<net id="407"><net_src comp="219" pin="1"/><net_sink comp="404" pin=0"/></net>

<net id="411"><net_src comp="219" pin="1"/><net_sink comp="408" pin=0"/></net>

<net id="417"><net_src comp="50" pin="0"/><net_sink comp="412" pin=0"/></net>

<net id="418"><net_src comp="70" pin="0"/><net_sink comp="412" pin=1"/></net>

<net id="419"><net_src comp="408" pin="1"/><net_sink comp="412" pin=2"/></net>

<net id="424"><net_src comp="22" pin="0"/><net_sink comp="420" pin=0"/></net>

<net id="425"><net_src comp="412" pin="3"/><net_sink comp="420" pin=1"/></net>

<net id="431"><net_src comp="50" pin="0"/><net_sink comp="426" pin=0"/></net>

<net id="432"><net_src comp="70" pin="0"/><net_sink comp="426" pin=1"/></net>

<net id="433"><net_src comp="404" pin="1"/><net_sink comp="426" pin=2"/></net>

<net id="439"><net_src comp="396" pin="3"/><net_sink comp="434" pin=0"/></net>

<net id="440"><net_src comp="420" pin="2"/><net_sink comp="434" pin=1"/></net>

<net id="441"><net_src comp="426" pin="3"/><net_sink comp="434" pin=2"/></net>

<net id="446"><net_src comp="434" pin="3"/><net_sink comp="442" pin=0"/></net>

<net id="447"><net_src comp="12" pin="0"/><net_sink comp="442" pin=1"/></net>

<net id="454"><net_src comp="228" pin="2"/><net_sink comp="451" pin=0"/></net>

<net id="455"><net_src comp="451" pin="1"/><net_sink comp="139" pin=2"/></net>

<net id="459"><net_src comp="76" pin="3"/><net_sink comp="456" pin=0"/></net>

<net id="460"><net_src comp="456" pin="1"/><net_sink comp="83" pin=0"/></net>

<net id="464"><net_src comp="261" pin="2"/><net_sink comp="461" pin=0"/></net>

<net id="465"><net_src comp="461" pin="1"/><net_sink comp="127" pin=2"/></net>

<net id="472"><net_src comp="273" pin="2"/><net_sink comp="469" pin=0"/></net>

<net id="473"><net_src comp="469" pin="1"/><net_sink comp="150" pin=2"/></net>

<net id="477"><net_src comp="89" pin="3"/><net_sink comp="474" pin=0"/></net>

<net id="478"><net_src comp="474" pin="1"/><net_sink comp="96" pin=0"/></net>

<net id="482"><net_src comp="284" pin="1"/><net_sink comp="479" pin=0"/></net>

<net id="483"><net_src comp="479" pin="1"/><net_sink comp="299" pin=1"/></net>

<net id="487"><net_src comp="72" pin="1"/><net_sink comp="484" pin=0"/></net>

<net id="488"><net_src comp="484" pin="1"/><net_sink comp="294" pin=1"/></net>

<net id="489"><net_src comp="484" pin="1"/><net_sink comp="219" pin=0"/></net>

<net id="490"><net_src comp="484" pin="1"/><net_sink comp="367" pin=1"/></net>

<net id="494"><net_src comp="299" pin="3"/><net_sink comp="491" pin=0"/></net>

<net id="495"><net_src comp="491" pin="1"/><net_sink comp="161" pin=2"/></net>

<net id="499"><net_src comp="306" pin="1"/><net_sink comp="496" pin=0"/></net>

<net id="500"><net_src comp="496" pin="1"/><net_sink comp="183" pin=2"/></net>

<net id="507"><net_src comp="102" pin="3"/><net_sink comp="504" pin=0"/></net>

<net id="508"><net_src comp="504" pin="1"/><net_sink comp="109" pin=0"/></net>

<net id="512"><net_src comp="109" pin="3"/><net_sink comp="509" pin=0"/></net>

<net id="513"><net_src comp="509" pin="1"/><net_sink comp="348" pin=1"/></net>

<net id="517"><net_src comp="321" pin="2"/><net_sink comp="514" pin=0"/></net>

<net id="518"><net_src comp="514" pin="1"/><net_sink comp="183" pin=0"/></net>

<net id="525"><net_src comp="115" pin="3"/><net_sink comp="522" pin=0"/></net>

<net id="526"><net_src comp="522" pin="1"/><net_sink comp="109" pin=0"/></net>

<net id="530"><net_src comp="342" pin="2"/><net_sink comp="527" pin=0"/></net>

<net id="531"><net_src comp="527" pin="1"/><net_sink comp="172" pin=2"/></net>

</net_list>

</model> 
---------------- Datapath Model END ------------------

* FSMD analyzer results:
  - Output states:
	Port: cubiecube_0_cp | {}
	Port: cubiecube_0_co | {}
	Port: cubiecube_0_ep | {}
	Port: cubiecube_0_eo | {}
	Port: result_twist_0 | {2 }
	Port: result_flip_0 | {4 }
	Port: result_parity_0 | {16 }
	Port: result_FRtoBR_0 | {10 }
	Port: result_URFtoDLF_0 | {10 }
	Port: result_URtoUL_0 | {12 }
	Port: result_UBtoDF_0 | {14 }
 - Input state : 
	Port: get_coordcube : cubiecube_0_cp | {6 7 8 9 10 }
	Port: get_coordcube : cubiecube_0_co | {2 3 }
	Port: get_coordcube : cubiecube_0_ep | {6 10 11 12 13 14 15 16 }
	Port: get_coordcube : cubiecube_0_eo | {4 5 }
	Port: get_coordcube : result_twist_0 | {}
	Port: get_coordcube : result_flip_0 | {}
	Port: get_coordcube : result_parity_0 | {}
	Port: get_coordcube : result_FRtoBR_0 | {}
	Port: get_coordcube : result_URFtoDLF_0 | {}
	Port: get_coordcube : result_URtoUL_0 | {}
	Port: get_coordcube : result_UBtoDF_0 | {}
  - Chain level:
	State 1
	State 2
		exitcond_i : 1
		i : 1
		StgValue_23 : 2
		tmp_i_36 : 1
		cubiecube_0_co_addr : 2
		cubiecube_0_co_load : 3
		StgValue_27 : 1
	State 3
		tmp_256_i : 1
		ret : 2
	State 4
		exitcond_i3 : 1
		i_22 : 1
		StgValue_40 : 2
		tmp_i5 : 1
		cubiecube_0_eo_addr : 2
		cubiecube_0_eo_load : 3
		tmp_113 : 1
		StgValue_46 : 1
		StgValue_47 : 1
	State 5
		ret_1 : 1
	State 6
		i_i6_cast : 1
		tmp_i7 : 1
		StgValue_56 : 2
		tmp_i8 : 1
		cubiecube_0_cp_addr : 2
		cubiecube_0_cp_load : 3
	State 7
	State 8
		j : 1
		j_cast : 2
		tmp_285_i : 1
		StgValue_69 : 2
		tmp_286_i : 3
		cubiecube_0_cp_addr_3 : 4
		cubiecube_0_cp_load_3 : 5
	State 9
		tmp_287_i : 1
		s : 1
		p_s_1_i : 2
		StgValue_80 : 3
	State 10
		StgValue_83 : 1
		StgValue_85 : 1
	State 11
	State 12
		StgValue_88 : 1
	State 13
	State 14
		StgValue_91 : 1
	State 15
	State 16
		tmp_114 : 1
		tmp_115 : 1
		tmp_116 : 1
		tmp_117 : 2
		tmp_118 : 3
		tmp_s : 2
		tmp_162 : 4
		StgValue_101 : 5


============================================================
+ Verbose Summary: Datapath Resource usage 
============================================================

* Functional unit list:
|----------|------------------------|---------|---------|---------|---------|---------|
| Operation|     Functional Unit    |   BRAM  |  DSP48E |  Delay  |    FF   |   LUT   |
|----------|------------------------|---------|---------|---------|---------|---------|
|          |  grp_getFRtoBR_fu_189  |    0    |    6    |  15.921 |   1088  |   1283  |
|          |  grp_getUBtoDF_fu_195  |    0    |    6    |  19.459 |   1069  |   992   |
|   call   |  grp_getURtoUL_fu_201  |    0    |    6    |  19.459 |   1069  |   969   |
|          | grp_getURFtoDLF_fu_207 |    0    |    9    | 18.0139 |   1057  |   985   |
|          |  grp_getURtoDF_fu_213  |    0    |    0    |  9.1689 |    88   |   232   |
|----------|------------------------|---------|---------|---------|---------|---------|
|          |        i_fu_228        |    0    |    0    |    0    |    0    |    12   |
|          |       ret_fu_261       |    0    |    0    |    0    |    0    |    8    |
|    add   |       i_22_fu_273      |    0    |    0    |    0    |    0    |    13   |
|          |        j_fu_321        |    0    |    0    |    0    |    0    |    13   |
|          |       i_23_fu_342      |    0    |    0    |    0    |    0    |    12   |
|          |        s_fu_353        |    0    |    0    |    0    |    0    |    39   |
|----------|------------------------|---------|---------|---------|---------|---------|
|  select  |     p_s_1_i_fu_359     |    0    |    0    |    0    |    0    |    32   |
|          |     tmp_162_fu_434     |    0    |    0    |    0    |    0    |    16   |
|----------|------------------------|---------|---------|---------|---------|---------|
|          |    exitcond_i_fu_222   |    0    |    0    |    0    |    0    |    9    |
|          |   exitcond_i3_fu_267   |    0    |    0    |    0    |    0    |    9    |
|   icmp   |      tmp_i7_fu_310     |    0    |    0    |    0    |    0    |    9    |
|          |    tmp_285_i_fu_331    |    0    |    0    |    0    |    0    |    9    |
|          |    tmp_287_i_fu_348    |    0    |    0    |    0    |    0    |    9    |
|----------|------------------------|---------|---------|---------|---------|---------|
|    sub   |      tmp_i_fu_251      |    0    |    0    |    0    |    0    |    8    |
|          |     tmp_118_fu_420     |    0    |    0    |    0    |    0    |    23   |
|----------|------------------------|---------|---------|---------|---------|---------|
|          |     tmp_i_36_fu_234    |    0    |    0    |    0    |    0    |    0    |
|          |    tmp_256_i_fu_257    |    0    |    0    |    0    |    0    |    0    |
|   zext   |      tmp_i5_fu_279     |    0    |    0    |    0    |    0    |    0    |
|          |    i_i6_cast_fu_306    |    0    |    0    |    0    |    0    |    0    |
|          |      tmp_i8_fu_316     |    0    |    0    |    0    |    0    |    0    |
|          |    tmp_286_i_fu_337    |    0    |    0    |    0    |    0    |    0    |
|----------|------------------------|---------|---------|---------|---------|---------|
|    shl   |       tmp_fu_245       |    0    |    0    |    0    |    0    |    0    |
|----------|------------------------|---------|---------|---------|---------|---------|
|          |     tmp_113_fu_284     |    0    |    0    |    0    |    0    |    0    |
|   trunc  |     tmp_115_fu_404     |    0    |    0    |    0    |    0    |    0    |
|          |     tmp_116_fu_408     |    0    |    0    |    0    |    0    |    0    |
|----------|------------------------|---------|---------|---------|---------|---------|
|          |      ret_1_fu_299      |    0    |    0    |    0    |    0    |    0    |
|bitconcatenate|     tmp_117_fu_412     |    0    |    0    |    0    |    0    |    0    |
|          |      tmp_s_fu_426      |    0    |    0    |    0    |    0    |    0    |
|----------|------------------------|---------|---------|---------|---------|---------|
|   sext   |      j_cast_fu_327     |    0    |    0    |    0    |    0    |    0    |
|----------|------------------------|---------|---------|---------|---------|---------|
| bitselect|     tmp_114_fu_396     |    0    |    0    |    0    |    0    |    0    |
|----------|------------------------|---------|---------|---------|---------|---------|
|   Total  |                        |    0    |    27   | 82.0218 |   4371  |   4682  |
|----------|------------------------|---------|---------|---------|---------|---------|

Memories:
N/A

* Register list:
+-----------------------------+--------+
|                             |   FF   |
+-----------------------------+--------+
| cubiecube_0_co_addr_reg_456 |    3   |
|cubiecube_0_cp_addr_3_reg_522|    3   |
| cubiecube_0_cp_addr_reg_504 |    3   |
| cubiecube_0_cp_load_reg_509 |    3   |
| cubiecube_0_eo_addr_reg_474 |    4   |
|         i_22_reg_469        |    4   |
|         i_23_reg_527        |    3   |
|         i_i1_reg_146        |    4   |
|      i_i6_cast_reg_496      |    4   |
|         i_i6_reg_168        |    3   |
|         i_i_reg_135         |    3   |
|          i_reg_451          |    3   |
|       j_0_in_i_reg_180      |    4   |
|          j_reg_514          |    4   |
|        ret_1_reg_491        |   16   |
|        ret_i2_reg_157       |   16   |
|        ret_i_reg_123        |   16   |
|         ret_reg_461         |   16   |
|         s_i_reg_484         |   32   |
|       tmp_113_reg_479       |   15   |
+-----------------------------+--------+
|            Total            |   159  |
+-----------------------------+--------+

* Multiplexer (MUX) list: 
|-------------------|------|------|------|--------||---------||---------|
|        Comp       |  Pin | Size |  BW  | S x BW ||  Delay  ||   LUT   |
|-------------------|------|------|------|--------||---------||---------|
|  grp_access_fu_83 |  p0  |   2  |   3  |    6   ||    9    |
|  grp_access_fu_96 |  p0  |   2  |   4  |    8   ||    9    |
| grp_access_fu_109 |  p0  |   4  |   3  |   12   ||    21   |
|   ret_i_reg_123   |  p0  |   2  |  16  |   32   ||    9    |
|    i_i6_reg_168   |  p0  |   2  |   3  |    6   ||    9    |
|-------------------|------|------|------|--------||---------||---------|
|       Total       |      |      |      |   64   ||  8.9365 ||    57   |
|-------------------|------|------|------|--------||---------||---------|



* Summary:
+-----------+--------+--------+--------+--------+--------+
|           |  BRAM  | DSP48E |  Delay |   FF   |   LUT  |
+-----------+--------+--------+--------+--------+--------+
|  Function |    0   |   27   |   82   |  4371  |  4682  |
|   Memory  |    -   |    -   |    -   |    -   |    -   |
|Multiplexer|    -   |    -   |    8   |    -   |   57   |
|  Register |    -   |    -   |    -   |   159  |    -   |
+-----------+--------+--------+--------+--------+--------+
|   Total   |    0   |   27   |   90   |  4530  |  4739  |
+-----------+--------+--------+--------+--------+--------+
