

================================================================
== Vivado HLS Report for 'getPruning_228'
================================================================
* Date:           Thu Jul  4 02:07:10 2019

* Version:        2018.2 (Build 2258646 on Thu Jun 14 20:25:20 MDT 2018)
* Project:        kociembaHls
* Solution:       solution1
* Product family: zynq
* Target device:  xc7z020clg400-1


================================================================
== Performance Estimates
================================================================
+ Timing (ns): 
    * Summary: 
    +--------+-------+----------+------------+
    |  Clock | Target| Estimated| Uncertainty|
    +--------+-------+----------+------------+
    |ap_clk  |  10.00|     8.750|        1.25|
    +--------+-------+----------+------------+

+ Latency (clock cycles): 
    * Summary: 
    +-----+-----+-----+-----+---------+
    |  Latency  |  Interval | Pipeline|
    | min | max | min | max |   Type  |
    +-----+-----+-----+-----+---------+
    |   10|   10|   10|   10|   none  |
    +-----+-----+-----+-----+---------+

    + Detail: 
        * Instance: 
        N/A

        * Loop: 
        N/A

============================================================
+ Verbose Summary: Synthesis Manager
============================================================
InlineROM: 1
ExposeGlobal: 0
============================================================
+ Verbose Summary: CDFG Model
============================================================
IsTopModel: 0
ResetActiveHigh: 1
IsCombinational: 0
IsDatapathOnly: 0
HasWiredReturn: 1
HasMFsm: 0
HasVarLatency: 1
IsPipeline: 0
IsRtlPipelined: 0
IsInstanceOverlapped: 0
IsDontTouch: 0
HasImplIP: 0
IsGatedGlobalClock: 0


============================================================
+ Verbose Summary: Schedule
============================================================
* Number of FSM states : 11
* Pipeline : 0
* Dataflow Pipeline: 0

* FSM state transitions: 
1 --> 
	2  / true
2 --> 
	3  / true
3 --> 
	4  / true
4 --> 
	5  / true
5 --> 
	6  / true
6 --> 
	7  / true
7 --> 
	8  / true
8 --> 
	9  / true
9 --> 
	10  / true
10 --> 
	11  / true
11 --> 

* FSM state operations: 

State 1 <SV = 0> <Delay = 5.50>
ST_1 : Operation 12 [1/1] (0.00ns)   --->   "%index_read = call i23 @_ssdm_op_Read.ap_auto.i23(i23 %index)"   --->   Operation 12 'read' 'index_read' <Predicate = true> <Delay = 0.00>
ST_1 : Operation 13 [1/1] (0.00ns)   --->   "%tmp_127 = trunc i23 %index_read to i1" [search.cpp:73]   --->   Operation 13 'trunc' 'tmp_127' <Predicate = true> <Delay = 0.00>
ST_1 : Operation 14 [1/1] (0.00ns)   --->   "%tmp_128 = call i1 @_ssdm_op_BitSelect.i1.i23.i32(i23 %index_read, i32 22)" [search.cpp:74]   --->   Operation 14 'bitselect' 'tmp_128' <Predicate = true> <Delay = 0.00>
ST_1 : Operation 15 [1/1] (0.00ns)   --->   "%index_cast4 = sext i23 %index_read to i24" [search.cpp:74]   --->   Operation 15 'sext' 'index_cast4' <Predicate = true> <Delay = 0.00>
ST_1 : Operation 16 [1/1] (2.28ns)   --->   "%p_neg = sub i24 0, %index_cast4" [search.cpp:74]   --->   Operation 16 'sub' 'p_neg' <Predicate = true> <Delay = 2.28> <Core = "AddSub">   --->   Core 14 'AddSub' <Latency = 0> <II = 1> <Delay = 3.49> <FuncUnit> <Opcode : 'add' 'sub'> <InPorts = 2> <OutPorts = 1>
ST_1 : Operation 17 [1/1] (0.00ns)   --->   "%tmp_129 = call i23 @_ssdm_op_PartSelect.i23.i24.i32.i32(i24 %p_neg, i32 1, i32 23)" [search.cpp:74]   --->   Operation 17 'partselect' 'tmp_129' <Predicate = true> <Delay = 0.00>
ST_1 : Operation 18 [1/1] (0.00ns)   --->   "%p_lshr = sext i23 %tmp_129 to i31" [search.cpp:74]   --->   Operation 18 'sext' 'p_lshr' <Predicate = true> <Delay = 0.00>
ST_1 : Operation 19 [1/1] (0.00ns)   --->   "%tmp = zext i31 %p_lshr to i32" [search.cpp:74]   --->   Operation 19 'zext' 'tmp' <Predicate = true> <Delay = 0.00>
ST_1 : Operation 20 [1/1] (2.52ns)   --->   "%p_neg_t = sub i32 0, %tmp" [search.cpp:74]   --->   Operation 20 'sub' 'p_neg_t' <Predicate = true> <Delay = 2.52> <Core = "AddSub">   --->   Core 14 'AddSub' <Latency = 0> <II = 1> <Delay = 3.49> <FuncUnit> <Opcode : 'add' 'sub'> <InPorts = 2> <OutPorts = 1>
ST_1 : Operation 21 [1/1] (0.00ns)   --->   "%tmp_130 = call i22 @_ssdm_op_PartSelect.i22.i23.i32.i32(i23 %index_read, i32 1, i32 22)" [search.cpp:74]   --->   Operation 21 'partselect' 'tmp_130' <Predicate = true> <Delay = 0.00>
ST_1 : Operation 22 [1/1] (0.00ns)   --->   "%p_lshr_f = sext i22 %tmp_130 to i31" [search.cpp:74]   --->   Operation 22 'sext' 'p_lshr_f' <Predicate = true> <Delay = 0.00>
ST_1 : Operation 23 [1/1] (0.00ns)   --->   "%tmp_187 = zext i31 %p_lshr_f to i32" [search.cpp:74]   --->   Operation 23 'zext' 'tmp_187' <Predicate = true> <Delay = 0.00>
ST_1 : Operation 24 [1/1] (0.69ns)   --->   "%tmp_s = select i1 %tmp_128, i32 %p_neg_t, i32 %tmp_187" [search.cpp:74]   --->   Operation 24 'select' 'tmp_s' <Predicate = true> <Delay = 0.69> <Core = "Sel">   --->   Core 26 'Sel' <Latency = 0> <II = 1> <Delay = 1.02> <FuncUnit> <Opcode : 'select'> <InPorts = 3> <OutPorts = 1>
ST_1 : Operation 25 [1/1] (0.00ns)   --->   "%tmp_188 = call i31 @_ssdm_op_PartSelect.i31.i32.i32.i32(i32 %tmp_s, i32 1, i32 31)" [search.cpp:74]   --->   Operation 25 'partselect' 'tmp_188' <Predicate = true> <Delay = 0.00>
ST_1 : Operation 26 [1/1] (0.00ns)   --->   "%tmp_131 = trunc i32 %tmp_s to i1" [search.cpp:74]   --->   Operation 26 'trunc' 'tmp_131' <Predicate = true> <Delay = 0.00>

State 2 <SV = 1> <Delay = 3.49>
ST_2 : Operation 27 [1/1] (0.00ns)   --->   "%table_offset_read = call i31 @_ssdm_op_Read.ap_auto.i31(i31 %table_offset)"   --->   Operation 27 'read' 'table_offset_read' <Predicate = true> <Delay = 0.00>
ST_2 : Operation 28 [1/1] (0.00ns)   --->   "%tmp_189 = sext i31 %tmp_188 to i63" [search.cpp:74]   --->   Operation 28 'sext' 'tmp_189' <Predicate = true> <Delay = 0.00>
ST_2 : Operation 29 [1/1] (0.00ns)   --->   "%tmp_193 = zext i63 %tmp_189 to i64" [search.cpp:74]   --->   Operation 29 'zext' 'tmp_193' <Predicate = true> <Delay = 0.00>
ST_2 : Operation 30 [1/1] (0.00ns)   --->   "%sext = zext i31 %table_offset_read to i64"   --->   Operation 30 'zext' 'sext' <Predicate = true> <Delay = 0.00>
ST_2 : Operation 31 [1/1] (3.49ns)   --->   "%sum = add i64 %tmp_193, %sext" [search.cpp:74]   --->   Operation 31 'add' 'sum' <Predicate = true> <Delay = 3.49> <Core = "AddSub">   --->   Core 14 'AddSub' <Latency = 0> <II = 1> <Delay = 3.49> <FuncUnit> <Opcode : 'add' 'sub'> <InPorts = 2> <OutPorts = 1>
ST_2 : Operation 32 [1/1] (0.00ns)   --->   "%table_addr = getelementptr i16* %table_r, i64 %sum" [search.cpp:74]   --->   Operation 32 'getelementptr' 'table_addr' <Predicate = true> <Delay = 0.00>

State 3 <SV = 2> <Delay = 8.75>
ST_3 : Operation 33 [7/7] (8.75ns)   --->   "%table_load_req = call i1 @_ssdm_op_ReadReq.m_axi.i16P(i16* %table_addr, i32 1)" [search.cpp:74]   --->   Operation 33 'readreq' 'table_load_req' <Predicate = true> <Delay = 8.75> <Core = "m_axi">   --->   Core 9 'm_axi' <Latency = 6> <II = 1> <Delay = 1.00> <Adapter> <Opcode : 'read' 'write' 'readreq' 'writereq' 'writeresp'>

State 4 <SV = 3> <Delay = 8.75>
ST_4 : Operation 34 [6/7] (8.75ns)   --->   "%table_load_req = call i1 @_ssdm_op_ReadReq.m_axi.i16P(i16* %table_addr, i32 1)" [search.cpp:74]   --->   Operation 34 'readreq' 'table_load_req' <Predicate = true> <Delay = 8.75> <Core = "m_axi">   --->   Core 9 'm_axi' <Latency = 6> <II = 1> <Delay = 1.00> <Adapter> <Opcode : 'read' 'write' 'readreq' 'writereq' 'writeresp'>

State 5 <SV = 4> <Delay = 8.75>
ST_5 : Operation 35 [5/7] (8.75ns)   --->   "%table_load_req = call i1 @_ssdm_op_ReadReq.m_axi.i16P(i16* %table_addr, i32 1)" [search.cpp:74]   --->   Operation 35 'readreq' 'table_load_req' <Predicate = true> <Delay = 8.75> <Core = "m_axi">   --->   Core 9 'm_axi' <Latency = 6> <II = 1> <Delay = 1.00> <Adapter> <Opcode : 'read' 'write' 'readreq' 'writereq' 'writeresp'>

State 6 <SV = 5> <Delay = 8.75>
ST_6 : Operation 36 [4/7] (8.75ns)   --->   "%table_load_req = call i1 @_ssdm_op_ReadReq.m_axi.i16P(i16* %table_addr, i32 1)" [search.cpp:74]   --->   Operation 36 'readreq' 'table_load_req' <Predicate = true> <Delay = 8.75> <Core = "m_axi">   --->   Core 9 'm_axi' <Latency = 6> <II = 1> <Delay = 1.00> <Adapter> <Opcode : 'read' 'write' 'readreq' 'writereq' 'writeresp'>

State 7 <SV = 6> <Delay = 8.75>
ST_7 : Operation 37 [3/7] (8.75ns)   --->   "%table_load_req = call i1 @_ssdm_op_ReadReq.m_axi.i16P(i16* %table_addr, i32 1)" [search.cpp:74]   --->   Operation 37 'readreq' 'table_load_req' <Predicate = true> <Delay = 8.75> <Core = "m_axi">   --->   Core 9 'm_axi' <Latency = 6> <II = 1> <Delay = 1.00> <Adapter> <Opcode : 'read' 'write' 'readreq' 'writereq' 'writeresp'>

State 8 <SV = 7> <Delay = 8.75>
ST_8 : Operation 38 [2/7] (8.75ns)   --->   "%table_load_req = call i1 @_ssdm_op_ReadReq.m_axi.i16P(i16* %table_addr, i32 1)" [search.cpp:74]   --->   Operation 38 'readreq' 'table_load_req' <Predicate = true> <Delay = 8.75> <Core = "m_axi">   --->   Core 9 'm_axi' <Latency = 6> <II = 1> <Delay = 1.00> <Adapter> <Opcode : 'read' 'write' 'readreq' 'writereq' 'writeresp'>

State 9 <SV = 8> <Delay = 8.75>
ST_9 : Operation 39 [1/7] (8.75ns)   --->   "%table_load_req = call i1 @_ssdm_op_ReadReq.m_axi.i16P(i16* %table_addr, i32 1)" [search.cpp:74]   --->   Operation 39 'readreq' 'table_load_req' <Predicate = true> <Delay = 8.75> <Core = "m_axi">   --->   Core 9 'm_axi' <Latency = 6> <II = 1> <Delay = 1.00> <Adapter> <Opcode : 'read' 'write' 'readreq' 'writereq' 'writeresp'>

State 10 <SV = 9> <Delay = 8.75>
ST_10 : Operation 40 [1/1] (8.75ns)   --->   "%table_addr_read = call i16 @_ssdm_op_Read.m_axi.i16P(i16* %table_addr)" [search.cpp:74]   --->   Operation 40 'read' 'table_addr_read' <Predicate = true> <Delay = 8.75> <Core = "m_axi">   --->   Core 9 'm_axi' <Latency = 6> <II = 1> <Delay = 1.00> <Adapter> <Opcode : 'read' 'write' 'readreq' 'writereq' 'writeresp'>

State 11 <SV = 10> <Delay = 5.01>
ST_11 : Operation 41 [1/1] (0.00ns)   --->   "call void (...)* @_ssdm_op_SpecInterface(i16* %table_r, [6 x i8]* @p_str14, i32 0, i32 0, [1 x i8]* @p_str1, i32 0, i32 483840, [10 x i8]* @p_str17, [6 x i8]* @p_str16, [1 x i8]* @p_str1, i32 16, i32 16, i32 16, i32 16, [1 x i8]* @p_str1, [1 x i8]* @p_str1)"   --->   Operation 41 'specinterface' <Predicate = true> <Delay = 0.00>
ST_11 : Operation 42 [1/1] (0.00ns)   --->   "%tmp_132 = call i4 @_ssdm_op_BitConcatenate.i4.i1.i3(i1 %tmp_131, i3 0)" [search.cpp:74]   --->   Operation 42 'bitconcatenate' 'tmp_132' <Predicate = true> <Delay = 0.00>
ST_11 : Operation 43 [1/1] (0.00ns)   --->   "%tmp_191 = zext i4 %tmp_132 to i16" [search.cpp:74]   --->   Operation 43 'zext' 'tmp_191' <Predicate = true> <Delay = 0.00>
ST_11 : Operation 44 [1/1] (3.98ns)   --->   "%table_load5 = lshr i16 %table_addr_read, %tmp_191" [search.cpp:74]   --->   Operation 44 'lshr' 'table_load5' <Predicate = true> <Delay = 3.98> <Core = "Shift">   --->   Core 28 'Shift' <Latency = 0> <II = 1> <Delay = 3.98> <FuncUnit> <Opcode : 'shl' 'lshr' 'ashr'> <InPorts = 2> <OutPorts = 1>
ST_11 : Operation 45 [1/1] (0.00ns)   --->   "%tmp_192 = call i4 @_ssdm_op_PartSelect.i4.i16.i32.i32(i16 %table_load5, i32 4, i32 7)" [search.cpp:73]   --->   Operation 45 'partselect' 'tmp_192' <Predicate = (tmp_127)> <Delay = 0.00>
ST_11 : Operation 46 [1/1] (0.00ns)   --->   "%tmp_133 = trunc i16 %table_load5 to i4" [search.cpp:73]   --->   Operation 46 'trunc' 'tmp_133' <Predicate = (!tmp_127)> <Delay = 0.00>
ST_11 : Operation 47 [1/1] (1.02ns)   --->   "%res = select i1 %tmp_127, i4 %tmp_192, i4 %tmp_133" [search.cpp:73]   --->   Operation 47 'select' 'res' <Predicate = true> <Delay = 1.02> <Core = "Sel">   --->   Core 26 'Sel' <Latency = 0> <II = 1> <Delay = 1.02> <FuncUnit> <Opcode : 'select'> <InPorts = 3> <OutPorts = 1>
ST_11 : Operation 48 [1/1] (0.00ns)   --->   "ret i4 %res" [search.cpp:78]   --->   Operation 48 'ret' <Predicate = true> <Delay = 0.00>


============================================================
+ Verbose Summary: Binding
============================================================
STG Binding: 
---------------- STG Properties BEGIN ----------------
- Is combinational: 0
- Is one-state seq: 0
- Is datapath-only: 0
- Is pipelined: 0
- Is top level: 0
Port [ Return ] is wired: 1; IO mode=ap_ctrl_hs:ce=0
Port [ table_r]:  wired=1; compound=1; hidden=0; nouse=0; global=0; static=0; extern=0; dir=0; type=4; pingpong=0; private_global=0; IO mode=m_axi:ce=0
Port [ table_offset]:  wired=1; compound=0; hidden=0; nouse=0; global=0; static=0; extern=0; dir=0; type=0; pingpong=0; private_global=0; IO mode=ap_none:ce=0
Port [ index]:  wired=1; compound=0; hidden=0; nouse=0; global=0; static=0; extern=0; dir=0; type=0; pingpong=0; private_global=0; IO mode=ap_none:ce=0
---------------- STG Properties END ------------------

---------------- Datapath Model BEGIN ----------------

<LifeTime>
<method=bitvector/>
index_read        (read          ) [ 000000000000]
tmp_127           (trunc         ) [ 001111111111]
tmp_128           (bitselect     ) [ 000000000000]
index_cast4       (sext          ) [ 000000000000]
p_neg             (sub           ) [ 000000000000]
tmp_129           (partselect    ) [ 000000000000]
p_lshr            (sext          ) [ 000000000000]
tmp               (zext          ) [ 000000000000]
p_neg_t           (sub           ) [ 000000000000]
tmp_130           (partselect    ) [ 000000000000]
p_lshr_f          (sext          ) [ 000000000000]
tmp_187           (zext          ) [ 000000000000]
tmp_s             (select        ) [ 000000000000]
tmp_188           (partselect    ) [ 001000000000]
tmp_131           (trunc         ) [ 001111111111]
table_offset_read (read          ) [ 000000000000]
tmp_189           (sext          ) [ 000000000000]
tmp_193           (zext          ) [ 000000000000]
sext              (zext          ) [ 000000000000]
sum               (add           ) [ 000000000000]
table_addr        (getelementptr ) [ 000111111110]
table_load_req    (readreq       ) [ 000000000000]
table_addr_read   (read          ) [ 000000000001]
StgValue_41       (specinterface ) [ 000000000000]
tmp_132           (bitconcatenate) [ 000000000000]
tmp_191           (zext          ) [ 000000000000]
table_load5       (lshr          ) [ 000000000000]
tmp_192           (partselect    ) [ 000000000000]
tmp_133           (trunc         ) [ 000000000000]
res               (select        ) [ 000000000000]
StgValue_48       (ret           ) [ 000000000000]
</LifeTime>

<model>

<comp_list>
<comp id="0" class="1000" name="table_r">
<pin_list>
<pin id="1" dir="1" index="0" bw="1" slack="0"/>
</pin_list>
<bind>
<StgValue><ssdm name="table_r"/></StgValue>
</bind>
</comp>

<comp id="2" class="1000" name="table_offset">
<pin_list>
<pin id="3" dir="1" index="0" bw="1" slack="0"/>
</pin_list>
<bind>
<StgValue><ssdm name="table_offset"/></StgValue>
</bind>
</comp>

<comp id="4" class="1000" name="index">
<pin_list>
<pin id="5" dir="1" index="0" bw="1" slack="0"/>
</pin_list>
<bind>
<StgValue><ssdm name="index"/></StgValue>
</bind>
</comp>

<comp id="6" class="1001" name="const_6">
<pin_list>
<pin id="7" dir="1" index="0" bw="1" slack="0"/>
</pin_list>
<bind>
<StgValue><ssdm name="_ssdm_op_Read.ap_auto.i23"/></StgValue>
</bind>
</comp>

<comp id="8" class="1001" name="const_8">
<pin_list>
<pin id="9" dir="1" index="0" bw="1" slack="0"/>
</pin_list>
<bind>
<StgValue><ssdm name="_ssdm_op_BitSelect.i1.i23.i32"/></StgValue>
</bind>
</comp>

<comp id="10" class="1001" name="const_10">
<pin_list>
<pin id="11" dir="1" index="0" bw="1" slack="0"/>
</pin_list>
<bind>
<StgValue><ssdm name=""/></StgValue>
</bind>
</comp>

<comp id="12" class="1001" name="const_12">
<pin_list>
<pin id="13" dir="1" index="0" bw="1" slack="0"/>
</pin_list>
<bind>
<StgValue><ssdm name=""/></StgValue>
</bind>
</comp>

<comp id="14" class="1001" name="const_14">
<pin_list>
<pin id="15" dir="1" index="0" bw="1" slack="0"/>
</pin_list>
<bind>
<StgValue><ssdm name="_ssdm_op_PartSelect.i23.i24.i32.i32"/></StgValue>
</bind>
</comp>

<comp id="16" class="1001" name="const_16">
<pin_list>
<pin id="17" dir="1" index="0" bw="1" slack="0"/>
</pin_list>
<bind>
<StgValue><ssdm name=""/></StgValue>
</bind>
</comp>

<comp id="18" class="1001" name="const_18">
<pin_list>
<pin id="19" dir="1" index="0" bw="1" slack="0"/>
</pin_list>
<bind>
<StgValue><ssdm name=""/></StgValue>
</bind>
</comp>

<comp id="20" class="1001" name="const_20">
<pin_list>
<pin id="21" dir="1" index="0" bw="1" slack="0"/>
</pin_list>
<bind>
<StgValue><ssdm name=""/></StgValue>
</bind>
</comp>

<comp id="22" class="1001" name="const_22">
<pin_list>
<pin id="23" dir="1" index="0" bw="1" slack="0"/>
</pin_list>
<bind>
<StgValue><ssdm name="_ssdm_op_PartSelect.i22.i23.i32.i32"/></StgValue>
</bind>
</comp>

<comp id="24" class="1001" name="const_24">
<pin_list>
<pin id="25" dir="1" index="0" bw="1" slack="0"/>
</pin_list>
<bind>
<StgValue><ssdm name="_ssdm_op_PartSelect.i31.i32.i32.i32"/></StgValue>
</bind>
</comp>

<comp id="26" class="1001" name="const_26">
<pin_list>
<pin id="27" dir="1" index="0" bw="1" slack="0"/>
</pin_list>
<bind>
<StgValue><ssdm name=""/></StgValue>
</bind>
</comp>

<comp id="28" class="1001" name="const_28">
<pin_list>
<pin id="29" dir="1" index="0" bw="1" slack="0"/>
</pin_list>
<bind>
<StgValue><ssdm name="_ssdm_op_Read.ap_auto.i31"/></StgValue>
</bind>
</comp>

<comp id="30" class="1001" name="const_30">
<pin_list>
<pin id="31" dir="1" index="0" bw="1" slack="0"/>
</pin_list>
<bind>
<StgValue><ssdm name="_ssdm_op_ReadReq.m_axi.i16P"/></StgValue>
</bind>
</comp>

<comp id="32" class="1001" name="const_32">
<pin_list>
<pin id="33" dir="1" index="0" bw="1" slack="0"/>
</pin_list>
<bind>
<StgValue><ssdm name="_ssdm_op_Read.m_axi.i16P"/></StgValue>
</bind>
</comp>

<comp id="34" class="1001" name="const_34">
<pin_list>
<pin id="35" dir="1" index="0" bw="1" slack="2147483647"/>
</pin_list>
<bind>
<StgValue><ssdm name="_ssdm_op_SpecInterface"/></StgValue>
</bind>
</comp>

<comp id="36" class="1001" name="const_36">
<pin_list>
<pin id="37" dir="1" index="0" bw="1" slack="2147483647"/>
</pin_list>
<bind>
<StgValue><ssdm name="p_str14"/></StgValue>
</bind>
</comp>

<comp id="38" class="1001" name="const_38">
<pin_list>
<pin id="39" dir="1" index="0" bw="1" slack="2147483647"/>
</pin_list>
<bind>
<StgValue><ssdm name="p_str1"/></StgValue>
</bind>
</comp>

<comp id="40" class="1001" name="const_40">
<pin_list>
<pin id="41" dir="1" index="0" bw="1" slack="2147483647"/>
</pin_list>
<bind>
<StgValue><ssdm name=""/></StgValue>
</bind>
</comp>

<comp id="42" class="1001" name="const_42">
<pin_list>
<pin id="43" dir="1" index="0" bw="1" slack="2147483647"/>
</pin_list>
<bind>
<StgValue><ssdm name="p_str17"/></StgValue>
</bind>
</comp>

<comp id="44" class="1001" name="const_44">
<pin_list>
<pin id="45" dir="1" index="0" bw="1" slack="2147483647"/>
</pin_list>
<bind>
<StgValue><ssdm name="p_str16"/></StgValue>
</bind>
</comp>

<comp id="46" class="1001" name="const_46">
<pin_list>
<pin id="47" dir="1" index="0" bw="1" slack="2147483647"/>
</pin_list>
<bind>
<StgValue><ssdm name=""/></StgValue>
</bind>
</comp>

<comp id="48" class="1001" name="const_48">
<pin_list>
<pin id="49" dir="1" index="0" bw="1" slack="0"/>
</pin_list>
<bind>
<StgValue><ssdm name="_ssdm_op_BitConcatenate.i4.i1.i3"/></StgValue>
</bind>
</comp>

<comp id="50" class="1001" name="const_50">
<pin_list>
<pin id="51" dir="1" index="0" bw="1" slack="0"/>
</pin_list>
<bind>
<StgValue><ssdm name=""/></StgValue>
</bind>
</comp>

<comp id="52" class="1001" name="const_52">
<pin_list>
<pin id="53" dir="1" index="0" bw="1" slack="0"/>
</pin_list>
<bind>
<StgValue><ssdm name="_ssdm_op_PartSelect.i4.i16.i32.i32"/></StgValue>
</bind>
</comp>

<comp id="54" class="1001" name="const_54">
<pin_list>
<pin id="55" dir="1" index="0" bw="1" slack="0"/>
</pin_list>
<bind>
<StgValue><ssdm name=""/></StgValue>
</bind>
</comp>

<comp id="56" class="1001" name="const_56">
<pin_list>
<pin id="57" dir="1" index="0" bw="1" slack="0"/>
</pin_list>
<bind>
<StgValue><ssdm name=""/></StgValue>
</bind>
</comp>

<comp id="58" class="1004" name="index_read_read_fu_58">
<pin_list>
<pin id="59" dir="0" index="0" bw="23" slack="0"/>
<pin id="60" dir="0" index="1" bw="23" slack="0"/>
<pin id="61" dir="1" index="2" bw="23" slack="0"/>
</pin_list>
<bind>
<opcode="read(1150) " fcode="read"/>
<opset="index_read/1 "/>
</bind>
</comp>

<comp id="64" class="1004" name="table_offset_read_read_fu_64">
<pin_list>
<pin id="65" dir="0" index="0" bw="31" slack="0"/>
<pin id="66" dir="0" index="1" bw="31" slack="0"/>
<pin id="67" dir="1" index="2" bw="31" slack="0"/>
</pin_list>
<bind>
<opcode="read(1150) " fcode="read"/>
<opset="table_offset_read/2 "/>
</bind>
</comp>

<comp id="70" class="1004" name="grp_readreq_fu_70">
<pin_list>
<pin id="71" dir="0" index="0" bw="1" slack="0"/>
<pin id="72" dir="0" index="1" bw="16" slack="1"/>
<pin id="73" dir="0" index="2" bw="1" slack="0"/>
<pin id="74" dir="1" index="3" bw="1" slack="2147483647"/>
</pin_list>
<bind>
<opcode="readreq(1154) " fcode="readreq"/>
<opset="table_load_req/3 "/>
</bind>
</comp>

<comp id="77" class="1004" name="table_addr_read_read_fu_77">
<pin_list>
<pin id="78" dir="0" index="0" bw="16" slack="0"/>
<pin id="79" dir="0" index="1" bw="16" slack="8"/>
<pin id="80" dir="1" index="2" bw="16" slack="1"/>
</pin_list>
<bind>
<opcode="read(1150) " fcode="read"/>
<opset="table_addr_read/10 "/>
</bind>
</comp>

<comp id="82" class="1004" name="tmp_127_fu_82">
<pin_list>
<pin id="83" dir="0" index="0" bw="23" slack="0"/>
<pin id="84" dir="1" index="1" bw="1" slack="10"/>
</pin_list>
<bind>
<opcode="trunc(33) " fcode="trunc"/>
<opset="tmp_127/1 "/>
</bind>
</comp>

<comp id="86" class="1004" name="tmp_128_fu_86">
<pin_list>
<pin id="87" dir="0" index="0" bw="1" slack="0"/>
<pin id="88" dir="0" index="1" bw="23" slack="0"/>
<pin id="89" dir="0" index="2" bw="6" slack="0"/>
<pin id="90" dir="1" index="3" bw="1" slack="0"/>
</pin_list>
<bind>
<opcode="bitselect(1000) " fcode="bitselect"/>
<opset="tmp_128/1 "/>
</bind>
</comp>

<comp id="94" class="1004" name="index_cast4_fu_94">
<pin_list>
<pin id="95" dir="0" index="0" bw="23" slack="0"/>
<pin id="96" dir="1" index="1" bw="24" slack="0"/>
</pin_list>
<bind>
<opcode="sext(35) " fcode="sext"/>
<opset="index_cast4/1 "/>
</bind>
</comp>

<comp id="98" class="1004" name="p_neg_fu_98">
<pin_list>
<pin id="99" dir="0" index="0" bw="1" slack="0"/>
<pin id="100" dir="0" index="1" bw="23" slack="0"/>
<pin id="101" dir="1" index="2" bw="24" slack="0"/>
</pin_list>
<bind>
<opcode="sub(10) " fcode="sub"/>
<opset="p_neg/1 "/>
</bind>
</comp>

<comp id="104" class="1004" name="tmp_129_fu_104">
<pin_list>
<pin id="105" dir="0" index="0" bw="23" slack="0"/>
<pin id="106" dir="0" index="1" bw="24" slack="0"/>
<pin id="107" dir="0" index="2" bw="1" slack="0"/>
<pin id="108" dir="0" index="3" bw="6" slack="0"/>
<pin id="109" dir="1" index="4" bw="23" slack="0"/>
</pin_list>
<bind>
<opcode="partselect(1002) " fcode="partselect"/>
<opset="tmp_129/1 "/>
</bind>
</comp>

<comp id="114" class="1004" name="p_lshr_fu_114">
<pin_list>
<pin id="115" dir="0" index="0" bw="23" slack="0"/>
<pin id="116" dir="1" index="1" bw="31" slack="0"/>
</pin_list>
<bind>
<opcode="sext(35) " fcode="sext"/>
<opset="p_lshr/1 "/>
</bind>
</comp>

<comp id="118" class="1004" name="tmp_fu_118">
<pin_list>
<pin id="119" dir="0" index="0" bw="23" slack="0"/>
<pin id="120" dir="1" index="1" bw="32" slack="0"/>
</pin_list>
<bind>
<opcode="zext(34) " fcode="zext"/>
<opset="tmp/1 "/>
</bind>
</comp>

<comp id="122" class="1004" name="p_neg_t_fu_122">
<pin_list>
<pin id="123" dir="0" index="0" bw="1" slack="0"/>
<pin id="124" dir="0" index="1" bw="31" slack="0"/>
<pin id="125" dir="1" index="2" bw="32" slack="0"/>
</pin_list>
<bind>
<opcode="sub(10) " fcode="sub"/>
<opset="p_neg_t/1 "/>
</bind>
</comp>

<comp id="128" class="1004" name="tmp_130_fu_128">
<pin_list>
<pin id="129" dir="0" index="0" bw="22" slack="0"/>
<pin id="130" dir="0" index="1" bw="23" slack="0"/>
<pin id="131" dir="0" index="2" bw="1" slack="0"/>
<pin id="132" dir="0" index="3" bw="6" slack="0"/>
<pin id="133" dir="1" index="4" bw="22" slack="0"/>
</pin_list>
<bind>
<opcode="partselect(1002) " fcode="partselect"/>
<opset="tmp_130/1 "/>
</bind>
</comp>

<comp id="138" class="1004" name="p_lshr_f_fu_138">
<pin_list>
<pin id="139" dir="0" index="0" bw="22" slack="0"/>
<pin id="140" dir="1" index="1" bw="31" slack="0"/>
</pin_list>
<bind>
<opcode="sext(35) " fcode="sext"/>
<opset="p_lshr_f/1 "/>
</bind>
</comp>

<comp id="142" class="1004" name="tmp_187_fu_142">
<pin_list>
<pin id="143" dir="0" index="0" bw="22" slack="0"/>
<pin id="144" dir="1" index="1" bw="32" slack="0"/>
</pin_list>
<bind>
<opcode="zext(34) " fcode="zext"/>
<opset="tmp_187/1 "/>
</bind>
</comp>

<comp id="146" class="1004" name="tmp_s_fu_146">
<pin_list>
<pin id="147" dir="0" index="0" bw="1" slack="0"/>
<pin id="148" dir="0" index="1" bw="32" slack="0"/>
<pin id="149" dir="0" index="2" bw="31" slack="0"/>
<pin id="150" dir="1" index="3" bw="32" slack="0"/>
</pin_list>
<bind>
<opcode="select(49) " fcode="select"/>
<opset="tmp_s/1 "/>
</bind>
</comp>

<comp id="154" class="1004" name="tmp_188_fu_154">
<pin_list>
<pin id="155" dir="0" index="0" bw="31" slack="0"/>
<pin id="156" dir="0" index="1" bw="32" slack="0"/>
<pin id="157" dir="0" index="2" bw="1" slack="0"/>
<pin id="158" dir="0" index="3" bw="6" slack="0"/>
<pin id="159" dir="1" index="4" bw="31" slack="1"/>
</pin_list>
<bind>
<opcode="partselect(1002) " fcode="partselect"/>
<opset="tmp_188/1 "/>
</bind>
</comp>

<comp id="164" class="1004" name="tmp_131_fu_164">
<pin_list>
<pin id="165" dir="0" index="0" bw="32" slack="0"/>
<pin id="166" dir="1" index="1" bw="1" slack="10"/>
</pin_list>
<bind>
<opcode="trunc(33) " fcode="trunc"/>
<opset="tmp_131/1 "/>
</bind>
</comp>

<comp id="168" class="1004" name="tmp_189_fu_168">
<pin_list>
<pin id="169" dir="0" index="0" bw="31" slack="1"/>
<pin id="170" dir="1" index="1" bw="63" slack="0"/>
</pin_list>
<bind>
<opcode="sext(35) " fcode="sext"/>
<opset="tmp_189/2 "/>
</bind>
</comp>

<comp id="171" class="1004" name="tmp_193_fu_171">
<pin_list>
<pin id="172" dir="0" index="0" bw="31" slack="0"/>
<pin id="173" dir="1" index="1" bw="64" slack="0"/>
</pin_list>
<bind>
<opcode="zext(34) " fcode="zext"/>
<opset="tmp_193/2 "/>
</bind>
</comp>

<comp id="175" class="1004" name="sext_fu_175">
<pin_list>
<pin id="176" dir="0" index="0" bw="31" slack="0"/>
<pin id="177" dir="1" index="1" bw="64" slack="0"/>
</pin_list>
<bind>
<opcode="zext(34) " fcode="zext"/>
<opset="sext/2 "/>
</bind>
</comp>

<comp id="179" class="1004" name="sum_fu_179">
<pin_list>
<pin id="180" dir="0" index="0" bw="63" slack="0"/>
<pin id="181" dir="0" index="1" bw="31" slack="0"/>
<pin id="182" dir="1" index="2" bw="64" slack="0"/>
</pin_list>
<bind>
<opcode="add(8) " fcode="add"/>
<opset="sum/2 "/>
</bind>
</comp>

<comp id="185" class="1004" name="table_addr_fu_185">
<pin_list>
<pin id="186" dir="0" index="0" bw="16" slack="0"/>
<pin id="187" dir="0" index="1" bw="64" slack="0"/>
<pin id="188" dir="1" index="2" bw="16" slack="1"/>
</pin_list>
<bind>
<opcode="getelementptr(29) " fcode="getelementptr"/>
<opset="table_addr/2 "/>
</bind>
</comp>

<comp id="191" class="1004" name="tmp_132_fu_191">
<pin_list>
<pin id="192" dir="0" index="0" bw="4" slack="0"/>
<pin id="193" dir="0" index="1" bw="1" slack="10"/>
<pin id="194" dir="0" index="2" bw="1" slack="0"/>
<pin id="195" dir="1" index="3" bw="4" slack="0"/>
</pin_list>
<bind>
<opcode="bitconcatenate(1004) " fcode="bitconcatenate"/>
<opset="tmp_132/11 "/>
</bind>
</comp>

<comp id="198" class="1004" name="tmp_191_fu_198">
<pin_list>
<pin id="199" dir="0" index="0" bw="4" slack="0"/>
<pin id="200" dir="1" index="1" bw="16" slack="0"/>
</pin_list>
<bind>
<opcode="zext(34) " fcode="zext"/>
<opset="tmp_191/11 "/>
</bind>
</comp>

<comp id="202" class="1004" name="table_load5_fu_202">
<pin_list>
<pin id="203" dir="0" index="0" bw="16" slack="1"/>
<pin id="204" dir="0" index="1" bw="4" slack="0"/>
<pin id="205" dir="1" index="2" bw="16" slack="0"/>
</pin_list>
<bind>
<opcode="lshr(21) " fcode="lshr"/>
<opset="table_load5/11 "/>
</bind>
</comp>

<comp id="207" class="1004" name="tmp_192_fu_207">
<pin_list>
<pin id="208" dir="0" index="0" bw="4" slack="0"/>
<pin id="209" dir="0" index="1" bw="16" slack="0"/>
<pin id="210" dir="0" index="2" bw="4" slack="0"/>
<pin id="211" dir="0" index="3" bw="4" slack="0"/>
<pin id="212" dir="1" index="4" bw="4" slack="0"/>
</pin_list>
<bind>
<opcode="partselect(1002) " fcode="partselect"/>
<opset="tmp_192/11 "/>
</bind>
</comp>

<comp id="217" class="1004" name="tmp_133_fu_217">
<pin_list>
<pin id="218" dir="0" index="0" bw="16" slack="0"/>
<pin id="219" dir="1" index="1" bw="4" slack="0"/>
</pin_list>
<bind>
<opcode="trunc(33) " fcode="trunc"/>
<opset="tmp_133/11 "/>
</bind>
</comp>

<comp id="221" class="1004" name="res_fu_221">
<pin_list>
<pin id="222" dir="0" index="0" bw="1" slack="10"/>
<pin id="223" dir="0" index="1" bw="4" slack="0"/>
<pin id="224" dir="0" index="2" bw="4" slack="0"/>
<pin id="225" dir="1" index="3" bw="4" slack="2147483647"/>
</pin_list>
<bind>
<opcode="select(49) " fcode="select"/>
<opset="res/11 "/>
</bind>
</comp>

<comp id="228" class="1005" name="tmp_127_reg_228">
<pin_list>
<pin id="229" dir="0" index="0" bw="1" slack="10"/>
<pin id="230" dir="1" index="1" bw="1" slack="10"/>
</pin_list>
<bind>
<opset="tmp_127 "/>
</bind>
</comp>

<comp id="233" class="1005" name="tmp_188_reg_233">
<pin_list>
<pin id="234" dir="0" index="0" bw="31" slack="1"/>
<pin id="235" dir="1" index="1" bw="31" slack="1"/>
</pin_list>
<bind>
<opset="tmp_188 "/>
</bind>
</comp>

<comp id="238" class="1005" name="tmp_131_reg_238">
<pin_list>
<pin id="239" dir="0" index="0" bw="1" slack="10"/>
<pin id="240" dir="1" index="1" bw="1" slack="10"/>
</pin_list>
<bind>
<opset="tmp_131 "/>
</bind>
</comp>

<comp id="243" class="1005" name="table_addr_reg_243">
<pin_list>
<pin id="244" dir="0" index="0" bw="16" slack="1"/>
<pin id="245" dir="1" index="1" bw="16" slack="1"/>
</pin_list>
<bind>
<opset="table_addr "/>
</bind>
</comp>

<comp id="249" class="1005" name="table_addr_read_reg_249">
<pin_list>
<pin id="250" dir="0" index="0" bw="16" slack="1"/>
<pin id="251" dir="1" index="1" bw="16" slack="1"/>
</pin_list>
<bind>
<opset="table_addr_read "/>
</bind>
</comp>

</comp_list>

<net_list>
<net id="62"><net_src comp="6" pin="0"/><net_sink comp="58" pin=0"/></net>

<net id="63"><net_src comp="4" pin="0"/><net_sink comp="58" pin=1"/></net>

<net id="68"><net_src comp="28" pin="0"/><net_sink comp="64" pin=0"/></net>

<net id="69"><net_src comp="2" pin="0"/><net_sink comp="64" pin=1"/></net>

<net id="75"><net_src comp="30" pin="0"/><net_sink comp="70" pin=0"/></net>

<net id="76"><net_src comp="16" pin="0"/><net_sink comp="70" pin=2"/></net>

<net id="81"><net_src comp="32" pin="0"/><net_sink comp="77" pin=0"/></net>

<net id="85"><net_src comp="58" pin="2"/><net_sink comp="82" pin=0"/></net>

<net id="91"><net_src comp="8" pin="0"/><net_sink comp="86" pin=0"/></net>

<net id="92"><net_src comp="58" pin="2"/><net_sink comp="86" pin=1"/></net>

<net id="93"><net_src comp="10" pin="0"/><net_sink comp="86" pin=2"/></net>

<net id="97"><net_src comp="58" pin="2"/><net_sink comp="94" pin=0"/></net>

<net id="102"><net_src comp="12" pin="0"/><net_sink comp="98" pin=0"/></net>

<net id="103"><net_src comp="94" pin="1"/><net_sink comp="98" pin=1"/></net>

<net id="110"><net_src comp="14" pin="0"/><net_sink comp="104" pin=0"/></net>

<net id="111"><net_src comp="98" pin="2"/><net_sink comp="104" pin=1"/></net>

<net id="112"><net_src comp="16" pin="0"/><net_sink comp="104" pin=2"/></net>

<net id="113"><net_src comp="18" pin="0"/><net_sink comp="104" pin=3"/></net>

<net id="117"><net_src comp="104" pin="4"/><net_sink comp="114" pin=0"/></net>

<net id="121"><net_src comp="114" pin="1"/><net_sink comp="118" pin=0"/></net>

<net id="126"><net_src comp="20" pin="0"/><net_sink comp="122" pin=0"/></net>

<net id="127"><net_src comp="118" pin="1"/><net_sink comp="122" pin=1"/></net>

<net id="134"><net_src comp="22" pin="0"/><net_sink comp="128" pin=0"/></net>

<net id="135"><net_src comp="58" pin="2"/><net_sink comp="128" pin=1"/></net>

<net id="136"><net_src comp="16" pin="0"/><net_sink comp="128" pin=2"/></net>

<net id="137"><net_src comp="10" pin="0"/><net_sink comp="128" pin=3"/></net>

<net id="141"><net_src comp="128" pin="4"/><net_sink comp="138" pin=0"/></net>

<net id="145"><net_src comp="138" pin="1"/><net_sink comp="142" pin=0"/></net>

<net id="151"><net_src comp="86" pin="3"/><net_sink comp="146" pin=0"/></net>

<net id="152"><net_src comp="122" pin="2"/><net_sink comp="146" pin=1"/></net>

<net id="153"><net_src comp="142" pin="1"/><net_sink comp="146" pin=2"/></net>

<net id="160"><net_src comp="24" pin="0"/><net_sink comp="154" pin=0"/></net>

<net id="161"><net_src comp="146" pin="3"/><net_sink comp="154" pin=1"/></net>

<net id="162"><net_src comp="16" pin="0"/><net_sink comp="154" pin=2"/></net>

<net id="163"><net_src comp="26" pin="0"/><net_sink comp="154" pin=3"/></net>

<net id="167"><net_src comp="146" pin="3"/><net_sink comp="164" pin=0"/></net>

<net id="174"><net_src comp="168" pin="1"/><net_sink comp="171" pin=0"/></net>

<net id="178"><net_src comp="64" pin="2"/><net_sink comp="175" pin=0"/></net>

<net id="183"><net_src comp="171" pin="1"/><net_sink comp="179" pin=0"/></net>

<net id="184"><net_src comp="175" pin="1"/><net_sink comp="179" pin=1"/></net>

<net id="189"><net_src comp="0" pin="0"/><net_sink comp="185" pin=0"/></net>

<net id="190"><net_src comp="179" pin="2"/><net_sink comp="185" pin=1"/></net>

<net id="196"><net_src comp="48" pin="0"/><net_sink comp="191" pin=0"/></net>

<net id="197"><net_src comp="50" pin="0"/><net_sink comp="191" pin=2"/></net>

<net id="201"><net_src comp="191" pin="3"/><net_sink comp="198" pin=0"/></net>

<net id="206"><net_src comp="198" pin="1"/><net_sink comp="202" pin=1"/></net>

<net id="213"><net_src comp="52" pin="0"/><net_sink comp="207" pin=0"/></net>

<net id="214"><net_src comp="202" pin="2"/><net_sink comp="207" pin=1"/></net>

<net id="215"><net_src comp="54" pin="0"/><net_sink comp="207" pin=2"/></net>

<net id="216"><net_src comp="56" pin="0"/><net_sink comp="207" pin=3"/></net>

<net id="220"><net_src comp="202" pin="2"/><net_sink comp="217" pin=0"/></net>

<net id="226"><net_src comp="207" pin="4"/><net_sink comp="221" pin=1"/></net>

<net id="227"><net_src comp="217" pin="1"/><net_sink comp="221" pin=2"/></net>

<net id="231"><net_src comp="82" pin="1"/><net_sink comp="228" pin=0"/></net>

<net id="232"><net_src comp="228" pin="1"/><net_sink comp="221" pin=0"/></net>

<net id="236"><net_src comp="154" pin="4"/><net_sink comp="233" pin=0"/></net>

<net id="237"><net_src comp="233" pin="1"/><net_sink comp="168" pin=0"/></net>

<net id="241"><net_src comp="164" pin="1"/><net_sink comp="238" pin=0"/></net>

<net id="242"><net_src comp="238" pin="1"/><net_sink comp="191" pin=1"/></net>

<net id="246"><net_src comp="185" pin="2"/><net_sink comp="243" pin=0"/></net>

<net id="247"><net_src comp="243" pin="1"/><net_sink comp="70" pin=1"/></net>

<net id="248"><net_src comp="243" pin="1"/><net_sink comp="77" pin=1"/></net>

<net id="252"><net_src comp="77" pin="2"/><net_sink comp="249" pin=0"/></net>

<net id="253"><net_src comp="249" pin="1"/><net_sink comp="202" pin=0"/></net>

</net_list>

</model> 
---------------- Datapath Model END ------------------

* FSMD analyzer results:
  - Output states:
 - Input state : 
	Port: getPruning.228 : table_r | {3 4 5 6 7 8 9 10 }
	Port: getPruning.228 : table_offset | {2 }
	Port: getPruning.228 : index | {1 }
  - Chain level:
	State 1
		p_neg : 1
		tmp_129 : 2
		p_lshr : 3
		tmp : 4
		p_neg_t : 5
		p_lshr_f : 1
		tmp_187 : 2
		tmp_s : 6
		tmp_188 : 7
		tmp_131 : 7
	State 2
		tmp_193 : 1
		sum : 2
		table_addr : 3
	State 3
	State 4
	State 5
	State 6
	State 7
	State 8
	State 9
	State 10
	State 11
		tmp_191 : 1
		table_load5 : 2
		tmp_192 : 3
		tmp_133 : 3
		res : 4
		StgValue_48 : 5


============================================================
+ Verbose Summary: Datapath Resource usage 
============================================================

* Functional unit list:
|----------|------------------------------|---------|---------|
| Operation|        Functional Unit       |    FF   |   LUT   |
|----------|------------------------------|---------|---------|
|    add   |          sum_fu_179          |    0    |    70   |
|----------|------------------------------|---------|---------|
|    sub   |          p_neg_fu_98         |    0    |    30   |
|          |        p_neg_t_fu_122        |    0    |    38   |
|----------|------------------------------|---------|---------|
|  select  |         tmp_s_fu_146         |    0    |    32   |
|          |          res_fu_221          |    0    |    4    |
|----------|------------------------------|---------|---------|
|   lshr   |      table_load5_fu_202      |    0    |    35   |
|----------|------------------------------|---------|---------|
|          |     index_read_read_fu_58    |    0    |    0    |
|   read   | table_offset_read_read_fu_64 |    0    |    0    |
|          |  table_addr_read_read_fu_77  |    0    |    0    |
|----------|------------------------------|---------|---------|
|  readreq |       grp_readreq_fu_70      |    0    |    0    |
|----------|------------------------------|---------|---------|
|          |         tmp_127_fu_82        |    0    |    0    |
|   trunc  |        tmp_131_fu_164        |    0    |    0    |
|          |        tmp_133_fu_217        |    0    |    0    |
|----------|------------------------------|---------|---------|
| bitselect|         tmp_128_fu_86        |    0    |    0    |
|----------|------------------------------|---------|---------|
|          |       index_cast4_fu_94      |    0    |    0    |
|   sext   |         p_lshr_fu_114        |    0    |    0    |
|          |        p_lshr_f_fu_138       |    0    |    0    |
|          |        tmp_189_fu_168        |    0    |    0    |
|----------|------------------------------|---------|---------|
|          |        tmp_129_fu_104        |    0    |    0    |
|partselect|        tmp_130_fu_128        |    0    |    0    |
|          |        tmp_188_fu_154        |    0    |    0    |
|          |        tmp_192_fu_207        |    0    |    0    |
|----------|------------------------------|---------|---------|
|          |          tmp_fu_118          |    0    |    0    |
|          |        tmp_187_fu_142        |    0    |    0    |
|   zext   |        tmp_193_fu_171        |    0    |    0    |
|          |          sext_fu_175         |    0    |    0    |
|          |        tmp_191_fu_198        |    0    |    0    |
|----------|------------------------------|---------|---------|
|bitconcatenate|        tmp_132_fu_191        |    0    |    0    |
|----------|------------------------------|---------|---------|
|   Total  |                              |    0    |   209   |
|----------|------------------------------|---------|---------|

Memories:
N/A

* Register list:
+-----------------------+--------+
|                       |   FF   |
+-----------------------+--------+
|table_addr_read_reg_249|   16   |
|   table_addr_reg_243  |   16   |
|    tmp_127_reg_228    |    1   |
|    tmp_131_reg_238    |    1   |
|    tmp_188_reg_233    |   31   |
+-----------------------+--------+
|         Total         |   65   |
+-----------------------+--------+

* Multiplexer (MUX) list: 
|--------|------|------|------|--------|
|  Comp  |  Pin | Size |  BW  | S x BW |
|--------|------|------|------|--------|
|  Total |      |      |      |    0   |
|--------|------|------|------|--------|



* Summary:
+-----------+--------+--------+
|           |   FF   |   LUT  |
+-----------+--------+--------+
|  Function |    0   |   209  |
|   Memory  |    -   |    -   |
|Multiplexer|    -   |    -   |
|  Register |   65   |    -   |
+-----------+--------+--------+
|   Total   |   65   |   209  |
+-----------+--------+--------+
