

================================================================
== Vivado HLS Report for 'getPruning_1'
================================================================
* Date:           Thu Jul  4 02:07:07 2019

* Version:        2018.2 (Build 2258646 on Thu Jun 14 20:25:20 MDT 2018)
* Project:        kociembaHls
* Solution:       solution1
* Product family: zynq
* Target device:  xc7z020clg400-1


================================================================
== Performance Estimates
================================================================
+ Timing (ns): 
    * Summary: 
    +--------+-------+----------+------------+
    |  Clock | Target| Estimated| Uncertainty|
    +--------+-------+----------+------------+
    |ap_clk  |  10.00|     8.750|        1.25|
    +--------+-------+----------+------------+

+ Latency (clock cycles): 
    * Summary: 
    +-----+-----+-----+-----+---------+
    |  Latency  |  Interval | Pipeline|
    | min | max | min | max |   Type  |
    +-----+-----+-----+-----+---------+
    |   10|   10|   10|   10|   none  |
    +-----+-----+-----+-----+---------+

    + Detail: 
        * Instance: 
        N/A

        * Loop: 
        N/A

============================================================
+ Verbose Summary: Synthesis Manager
============================================================
InlineROM: 1
ExposeGlobal: 0
============================================================
+ Verbose Summary: CDFG Model
============================================================
IsTopModel: 0
ResetActiveHigh: 1
IsCombinational: 0
IsDatapathOnly: 0
HasWiredReturn: 1
HasMFsm: 0
HasVarLatency: 1
IsPipeline: 0
IsRtlPipelined: 0
IsInstanceOverlapped: 0
IsDontTouch: 0
HasImplIP: 0
IsGatedGlobalClock: 0


============================================================
+ Verbose Summary: Schedule
============================================================
* Number of FSM states : 11
* Pipeline : 0
* Dataflow Pipeline: 0

* FSM state transitions: 
1 --> 
	2  / true
2 --> 
	3  / true
3 --> 
	4  / true
4 --> 
	5  / true
5 --> 
	6  / true
6 --> 
	7  / true
7 --> 
	8  / true
8 --> 
	9  / true
9 --> 
	10  / true
10 --> 
	11  / true
11 --> 

* FSM state operations: 

State 1 <SV = 0> <Delay = 5.56>
ST_1 : Operation 12 [1/1] (0.00ns)   --->   "%index_read = call i25 @_ssdm_op_Read.ap_auto.i25(i25 %index)"   --->   Operation 12 'read' 'index_read' <Predicate = true> <Delay = 0.00>
ST_1 : Operation 13 [1/1] (0.00ns)   --->   "%tmp_141 = trunc i25 %index_read to i1" [search.cpp:73]   --->   Operation 13 'trunc' 'tmp_141' <Predicate = true> <Delay = 0.00>
ST_1 : Operation 14 [1/1] (0.00ns)   --->   "%tmp_142 = call i1 @_ssdm_op_BitSelect.i1.i25.i32(i25 %index_read, i32 24)" [search.cpp:74]   --->   Operation 14 'bitselect' 'tmp_142' <Predicate = true> <Delay = 0.00>
ST_1 : Operation 15 [1/1] (2.34ns)   --->   "%p_neg = sub i25 0, %index_read" [search.cpp:74]   --->   Operation 15 'sub' 'p_neg' <Predicate = true> <Delay = 2.34> <Core = "AddSub">   --->   Core 14 'AddSub' <Latency = 0> <II = 1> <Delay = 3.49> <FuncUnit> <Opcode : 'add' 'sub'> <InPorts = 2> <OutPorts = 1>
ST_1 : Operation 16 [1/1] (0.00ns)   --->   "%tmp_42 = call i24 @_ssdm_op_PartSelect.i24.i25.i32.i32(i25 %p_neg, i32 1, i32 24)" [search.cpp:74]   --->   Operation 16 'partselect' 'tmp_42' <Predicate = true> <Delay = 0.00>
ST_1 : Operation 17 [1/1] (0.00ns)   --->   "%tmp_43 = sext i24 %tmp_42 to i31" [search.cpp:74]   --->   Operation 17 'sext' 'tmp_43' <Predicate = true> <Delay = 0.00>
ST_1 : Operation 18 [1/1] (0.00ns)   --->   "%p_lshr = zext i31 %tmp_43 to i32" [search.cpp:74]   --->   Operation 18 'zext' 'p_lshr' <Predicate = true> <Delay = 0.00>
ST_1 : Operation 19 [1/1] (2.52ns)   --->   "%p_neg_t = sub i32 0, %p_lshr" [search.cpp:74]   --->   Operation 19 'sub' 'p_neg_t' <Predicate = true> <Delay = 2.52> <Core = "AddSub">   --->   Core 14 'AddSub' <Latency = 0> <II = 1> <Delay = 3.49> <FuncUnit> <Opcode : 'add' 'sub'> <InPorts = 2> <OutPorts = 1>
ST_1 : Operation 20 [1/1] (0.00ns)   --->   "%tmp_45 = call i24 @_ssdm_op_PartSelect.i24.i25.i32.i32(i25 %index_read, i32 1, i32 24)" [search.cpp:74]   --->   Operation 20 'partselect' 'tmp_45' <Predicate = true> <Delay = 0.00>
ST_1 : Operation 21 [1/1] (0.00ns)   --->   "%tmp_46 = sext i24 %tmp_45 to i31" [search.cpp:74]   --->   Operation 21 'sext' 'tmp_46' <Predicate = true> <Delay = 0.00>
ST_1 : Operation 22 [1/1] (0.00ns)   --->   "%p_lshr_f = zext i31 %tmp_46 to i32" [search.cpp:74]   --->   Operation 22 'zext' 'p_lshr_f' <Predicate = true> <Delay = 0.00>
ST_1 : Operation 23 [1/1] (0.69ns)   --->   "%tmp_s = select i1 %tmp_142, i32 %p_neg_t, i32 %p_lshr_f" [search.cpp:74]   --->   Operation 23 'select' 'tmp_s' <Predicate = true> <Delay = 0.69> <Core = "Sel">   --->   Core 26 'Sel' <Latency = 0> <II = 1> <Delay = 1.02> <FuncUnit> <Opcode : 'select'> <InPorts = 3> <OutPorts = 1>
ST_1 : Operation 24 [1/1] (0.00ns)   --->   "%tmp = call i31 @_ssdm_op_PartSelect.i31.i32.i32.i32(i32 %tmp_s, i32 1, i32 31)" [search.cpp:74]   --->   Operation 24 'partselect' 'tmp' <Predicate = true> <Delay = 0.00>
ST_1 : Operation 25 [1/1] (0.00ns)   --->   "%tmp_143 = trunc i32 %tmp_s to i1" [search.cpp:74]   --->   Operation 25 'trunc' 'tmp_143' <Predicate = true> <Delay = 0.00>

State 2 <SV = 1> <Delay = 3.49>
ST_2 : Operation 26 [1/1] (0.00ns)   --->   "%table_offset_read = call i31 @_ssdm_op_Read.ap_auto.i31(i31 %table_offset)"   --->   Operation 26 'read' 'table_offset_read' <Predicate = true> <Delay = 0.00>
ST_2 : Operation 27 [1/1] (0.00ns)   --->   "%tmp_200 = sext i31 %tmp to i63" [search.cpp:74]   --->   Operation 27 'sext' 'tmp_200' <Predicate = true> <Delay = 0.00>
ST_2 : Operation 28 [1/1] (0.00ns)   --->   "%tmp_201 = zext i63 %tmp_200 to i64" [search.cpp:74]   --->   Operation 28 'zext' 'tmp_201' <Predicate = true> <Delay = 0.00>
ST_2 : Operation 29 [1/1] (0.00ns)   --->   "%sext = zext i31 %table_offset_read to i64"   --->   Operation 29 'zext' 'sext' <Predicate = true> <Delay = 0.00>
ST_2 : Operation 30 [1/1] (3.49ns)   --->   "%sum = add i64 %tmp_201, %sext" [search.cpp:74]   --->   Operation 30 'add' 'sum' <Predicate = true> <Delay = 3.49> <Core = "AddSub">   --->   Core 14 'AddSub' <Latency = 0> <II = 1> <Delay = 3.49> <FuncUnit> <Opcode : 'add' 'sub'> <InPorts = 2> <OutPorts = 1>
ST_2 : Operation 31 [1/1] (0.00ns)   --->   "%table_addr = getelementptr i16* %table_r, i64 %sum" [search.cpp:74]   --->   Operation 31 'getelementptr' 'table_addr' <Predicate = true> <Delay = 0.00>

State 3 <SV = 2> <Delay = 8.75>
ST_3 : Operation 32 [7/7] (8.75ns)   --->   "%table_load_req = call i1 @_ssdm_op_ReadReq.m_axi.i16P(i16* %table_addr, i32 1)" [search.cpp:74]   --->   Operation 32 'readreq' 'table_load_req' <Predicate = true> <Delay = 8.75> <Core = "m_axi">   --->   Core 9 'm_axi' <Latency = 6> <II = 1> <Delay = 1.00> <Adapter> <Opcode : 'read' 'write' 'readreq' 'writereq' 'writeresp'>

State 4 <SV = 3> <Delay = 8.75>
ST_4 : Operation 33 [6/7] (8.75ns)   --->   "%table_load_req = call i1 @_ssdm_op_ReadReq.m_axi.i16P(i16* %table_addr, i32 1)" [search.cpp:74]   --->   Operation 33 'readreq' 'table_load_req' <Predicate = true> <Delay = 8.75> <Core = "m_axi">   --->   Core 9 'm_axi' <Latency = 6> <II = 1> <Delay = 1.00> <Adapter> <Opcode : 'read' 'write' 'readreq' 'writereq' 'writeresp'>

State 5 <SV = 4> <Delay = 8.75>
ST_5 : Operation 34 [5/7] (8.75ns)   --->   "%table_load_req = call i1 @_ssdm_op_ReadReq.m_axi.i16P(i16* %table_addr, i32 1)" [search.cpp:74]   --->   Operation 34 'readreq' 'table_load_req' <Predicate = true> <Delay = 8.75> <Core = "m_axi">   --->   Core 9 'm_axi' <Latency = 6> <II = 1> <Delay = 1.00> <Adapter> <Opcode : 'read' 'write' 'readreq' 'writereq' 'writeresp'>

State 6 <SV = 5> <Delay = 8.75>
ST_6 : Operation 35 [4/7] (8.75ns)   --->   "%table_load_req = call i1 @_ssdm_op_ReadReq.m_axi.i16P(i16* %table_addr, i32 1)" [search.cpp:74]   --->   Operation 35 'readreq' 'table_load_req' <Predicate = true> <Delay = 8.75> <Core = "m_axi">   --->   Core 9 'm_axi' <Latency = 6> <II = 1> <Delay = 1.00> <Adapter> <Opcode : 'read' 'write' 'readreq' 'writereq' 'writeresp'>

State 7 <SV = 6> <Delay = 8.75>
ST_7 : Operation 36 [3/7] (8.75ns)   --->   "%table_load_req = call i1 @_ssdm_op_ReadReq.m_axi.i16P(i16* %table_addr, i32 1)" [search.cpp:74]   --->   Operation 36 'readreq' 'table_load_req' <Predicate = true> <Delay = 8.75> <Core = "m_axi">   --->   Core 9 'm_axi' <Latency = 6> <II = 1> <Delay = 1.00> <Adapter> <Opcode : 'read' 'write' 'readreq' 'writereq' 'writeresp'>

State 8 <SV = 7> <Delay = 8.75>
ST_8 : Operation 37 [2/7] (8.75ns)   --->   "%table_load_req = call i1 @_ssdm_op_ReadReq.m_axi.i16P(i16* %table_addr, i32 1)" [search.cpp:74]   --->   Operation 37 'readreq' 'table_load_req' <Predicate = true> <Delay = 8.75> <Core = "m_axi">   --->   Core 9 'm_axi' <Latency = 6> <II = 1> <Delay = 1.00> <Adapter> <Opcode : 'read' 'write' 'readreq' 'writereq' 'writeresp'>

State 9 <SV = 8> <Delay = 8.75>
ST_9 : Operation 38 [1/7] (8.75ns)   --->   "%table_load_req = call i1 @_ssdm_op_ReadReq.m_axi.i16P(i16* %table_addr, i32 1)" [search.cpp:74]   --->   Operation 38 'readreq' 'table_load_req' <Predicate = true> <Delay = 8.75> <Core = "m_axi">   --->   Core 9 'm_axi' <Latency = 6> <II = 1> <Delay = 1.00> <Adapter> <Opcode : 'read' 'write' 'readreq' 'writereq' 'writeresp'>

State 10 <SV = 9> <Delay = 8.75>
ST_10 : Operation 39 [1/1] (8.75ns)   --->   "%table_addr_read = call i16 @_ssdm_op_Read.m_axi.i16P(i16* %table_addr)" [search.cpp:74]   --->   Operation 39 'read' 'table_addr_read' <Predicate = true> <Delay = 8.75> <Core = "m_axi">   --->   Core 9 'm_axi' <Latency = 6> <II = 1> <Delay = 1.00> <Adapter> <Opcode : 'read' 'write' 'readreq' 'writereq' 'writeresp'>

State 11 <SV = 10> <Delay = 5.01>
ST_11 : Operation 40 [1/1] (0.00ns)   --->   "call void (...)* @_ssdm_op_SpecInterface(i16* %table_r, [6 x i8]* @p_str14, i32 0, i32 0, [1 x i8]* @p_str1, i32 0, i32 483840, [10 x i8]* @p_str17, [6 x i8]* @p_str16, [1 x i8]* @p_str1, i32 16, i32 16, i32 16, i32 16, [1 x i8]* @p_str1, [1 x i8]* @p_str1)"   --->   Operation 40 'specinterface' <Predicate = true> <Delay = 0.00>
ST_11 : Operation 41 [1/1] (0.00ns)   --->   "%tmp_144 = call i4 @_ssdm_op_BitConcatenate.i4.i1.i3(i1 %tmp_143, i3 0)" [search.cpp:74]   --->   Operation 41 'bitconcatenate' 'tmp_144' <Predicate = true> <Delay = 0.00>
ST_11 : Operation 42 [1/1] (0.00ns)   --->   "%tmp_202 = zext i4 %tmp_144 to i16" [search.cpp:74]   --->   Operation 42 'zext' 'tmp_202' <Predicate = true> <Delay = 0.00>
ST_11 : Operation 43 [1/1] (3.98ns)   --->   "%table_load5 = lshr i16 %table_addr_read, %tmp_202" [search.cpp:74]   --->   Operation 43 'lshr' 'table_load5' <Predicate = true> <Delay = 3.98> <Core = "Shift">   --->   Core 28 'Shift' <Latency = 0> <II = 1> <Delay = 3.98> <FuncUnit> <Opcode : 'shl' 'lshr' 'ashr'> <InPorts = 2> <OutPorts = 1>
ST_11 : Operation 44 [1/1] (0.00ns)   --->   "%tmp_203 = call i4 @_ssdm_op_PartSelect.i4.i16.i32.i32(i16 %table_load5, i32 4, i32 7)" [search.cpp:73]   --->   Operation 44 'partselect' 'tmp_203' <Predicate = (tmp_141)> <Delay = 0.00>
ST_11 : Operation 45 [1/1] (0.00ns)   --->   "%tmp_145 = trunc i16 %table_load5 to i4" [search.cpp:73]   --->   Operation 45 'trunc' 'tmp_145' <Predicate = (!tmp_141)> <Delay = 0.00>
ST_11 : Operation 46 [1/1] (1.02ns)   --->   "%res = select i1 %tmp_141, i4 %tmp_203, i4 %tmp_145" [search.cpp:73]   --->   Operation 46 'select' 'res' <Predicate = true> <Delay = 1.02> <Core = "Sel">   --->   Core 26 'Sel' <Latency = 0> <II = 1> <Delay = 1.02> <FuncUnit> <Opcode : 'select'> <InPorts = 3> <OutPorts = 1>
ST_11 : Operation 47 [1/1] (0.00ns)   --->   "ret i4 %res" [search.cpp:78]   --->   Operation 47 'ret' <Predicate = true> <Delay = 0.00>


============================================================
+ Verbose Summary: Binding
============================================================
STG Binding: 
---------------- STG Properties BEGIN ----------------
- Is combinational: 0
- Is one-state seq: 0
- Is datapath-only: 0
- Is pipelined: 0
- Is top level: 0
Port [ Return ] is wired: 1; IO mode=ap_ctrl_hs:ce=0
Port [ table_r]:  wired=1; compound=1; hidden=0; nouse=0; global=0; static=0; extern=0; dir=0; type=4; pingpong=0; private_global=0; IO mode=m_axi:ce=0
Port [ table_offset]:  wired=1; compound=0; hidden=0; nouse=0; global=0; static=0; extern=0; dir=0; type=0; pingpong=0; private_global=0; IO mode=ap_none:ce=0
Port [ index]:  wired=1; compound=0; hidden=0; nouse=0; global=0; static=0; extern=0; dir=0; type=0; pingpong=0; private_global=0; IO mode=ap_none:ce=0
---------------- STG Properties END ------------------

---------------- Datapath Model BEGIN ----------------

<LifeTime>
<method=bitvector/>
index_read        (read          ) [ 000000000000]
tmp_141           (trunc         ) [ 001111111111]
tmp_142           (bitselect     ) [ 000000000000]
p_neg             (sub           ) [ 000000000000]
tmp_42            (partselect    ) [ 000000000000]
tmp_43            (sext          ) [ 000000000000]
p_lshr            (zext          ) [ 000000000000]
p_neg_t           (sub           ) [ 000000000000]
tmp_45            (partselect    ) [ 000000000000]
tmp_46            (sext          ) [ 000000000000]
p_lshr_f          (zext          ) [ 000000000000]
tmp_s             (select        ) [ 000000000000]
tmp               (partselect    ) [ 001000000000]
tmp_143           (trunc         ) [ 001111111111]
table_offset_read (read          ) [ 000000000000]
tmp_200           (sext          ) [ 000000000000]
tmp_201           (zext          ) [ 000000000000]
sext              (zext          ) [ 000000000000]
sum               (add           ) [ 000000000000]
table_addr        (getelementptr ) [ 000111111110]
table_load_req    (readreq       ) [ 000000000000]
table_addr_read   (read          ) [ 000000000001]
StgValue_40       (specinterface ) [ 000000000000]
tmp_144           (bitconcatenate) [ 000000000000]
tmp_202           (zext          ) [ 000000000000]
table_load5       (lshr          ) [ 000000000000]
tmp_203           (partselect    ) [ 000000000000]
tmp_145           (trunc         ) [ 000000000000]
res               (select        ) [ 000000000000]
StgValue_47       (ret           ) [ 000000000000]
</LifeTime>

<model>

<comp_list>
<comp id="0" class="1000" name="table_r">
<pin_list>
<pin id="1" dir="1" index="0" bw="1" slack="0"/>
</pin_list>
<bind>
<StgValue><ssdm name="table_r"/></StgValue>
</bind>
</comp>

<comp id="2" class="1000" name="table_offset">
<pin_list>
<pin id="3" dir="1" index="0" bw="1" slack="0"/>
</pin_list>
<bind>
<StgValue><ssdm name="table_offset"/></StgValue>
</bind>
</comp>

<comp id="4" class="1000" name="index">
<pin_list>
<pin id="5" dir="1" index="0" bw="1" slack="0"/>
</pin_list>
<bind>
<StgValue><ssdm name="index"/></StgValue>
</bind>
</comp>

<comp id="6" class="1001" name="const_6">
<pin_list>
<pin id="7" dir="1" index="0" bw="1" slack="0"/>
</pin_list>
<bind>
<StgValue><ssdm name="_ssdm_op_Read.ap_auto.i25"/></StgValue>
</bind>
</comp>

<comp id="8" class="1001" name="const_8">
<pin_list>
<pin id="9" dir="1" index="0" bw="1" slack="0"/>
</pin_list>
<bind>
<StgValue><ssdm name="_ssdm_op_BitSelect.i1.i25.i32"/></StgValue>
</bind>
</comp>

<comp id="10" class="1001" name="const_10">
<pin_list>
<pin id="11" dir="1" index="0" bw="1" slack="0"/>
</pin_list>
<bind>
<StgValue><ssdm name=""/></StgValue>
</bind>
</comp>

<comp id="12" class="1001" name="const_12">
<pin_list>
<pin id="13" dir="1" index="0" bw="1" slack="0"/>
</pin_list>
<bind>
<StgValue><ssdm name=""/></StgValue>
</bind>
</comp>

<comp id="14" class="1001" name="const_14">
<pin_list>
<pin id="15" dir="1" index="0" bw="1" slack="0"/>
</pin_list>
<bind>
<StgValue><ssdm name="_ssdm_op_PartSelect.i24.i25.i32.i32"/></StgValue>
</bind>
</comp>

<comp id="16" class="1001" name="const_16">
<pin_list>
<pin id="17" dir="1" index="0" bw="1" slack="0"/>
</pin_list>
<bind>
<StgValue><ssdm name=""/></StgValue>
</bind>
</comp>

<comp id="18" class="1001" name="const_18">
<pin_list>
<pin id="19" dir="1" index="0" bw="1" slack="0"/>
</pin_list>
<bind>
<StgValue><ssdm name=""/></StgValue>
</bind>
</comp>

<comp id="20" class="1001" name="const_20">
<pin_list>
<pin id="21" dir="1" index="0" bw="1" slack="0"/>
</pin_list>
<bind>
<StgValue><ssdm name="_ssdm_op_PartSelect.i31.i32.i32.i32"/></StgValue>
</bind>
</comp>

<comp id="22" class="1001" name="const_22">
<pin_list>
<pin id="23" dir="1" index="0" bw="1" slack="0"/>
</pin_list>
<bind>
<StgValue><ssdm name=""/></StgValue>
</bind>
</comp>

<comp id="24" class="1001" name="const_24">
<pin_list>
<pin id="25" dir="1" index="0" bw="1" slack="0"/>
</pin_list>
<bind>
<StgValue><ssdm name="_ssdm_op_Read.ap_auto.i31"/></StgValue>
</bind>
</comp>

<comp id="26" class="1001" name="const_26">
<pin_list>
<pin id="27" dir="1" index="0" bw="1" slack="0"/>
</pin_list>
<bind>
<StgValue><ssdm name="_ssdm_op_ReadReq.m_axi.i16P"/></StgValue>
</bind>
</comp>

<comp id="28" class="1001" name="const_28">
<pin_list>
<pin id="29" dir="1" index="0" bw="1" slack="0"/>
</pin_list>
<bind>
<StgValue><ssdm name="_ssdm_op_Read.m_axi.i16P"/></StgValue>
</bind>
</comp>

<comp id="30" class="1001" name="const_30">
<pin_list>
<pin id="31" dir="1" index="0" bw="1" slack="2147483647"/>
</pin_list>
<bind>
<StgValue><ssdm name="_ssdm_op_SpecInterface"/></StgValue>
</bind>
</comp>

<comp id="32" class="1001" name="const_32">
<pin_list>
<pin id="33" dir="1" index="0" bw="1" slack="2147483647"/>
</pin_list>
<bind>
<StgValue><ssdm name="p_str14"/></StgValue>
</bind>
</comp>

<comp id="34" class="1001" name="const_34">
<pin_list>
<pin id="35" dir="1" index="0" bw="1" slack="2147483647"/>
</pin_list>
<bind>
<StgValue><ssdm name="p_str1"/></StgValue>
</bind>
</comp>

<comp id="36" class="1001" name="const_36">
<pin_list>
<pin id="37" dir="1" index="0" bw="1" slack="2147483647"/>
</pin_list>
<bind>
<StgValue><ssdm name=""/></StgValue>
</bind>
</comp>

<comp id="38" class="1001" name="const_38">
<pin_list>
<pin id="39" dir="1" index="0" bw="1" slack="2147483647"/>
</pin_list>
<bind>
<StgValue><ssdm name="p_str17"/></StgValue>
</bind>
</comp>

<comp id="40" class="1001" name="const_40">
<pin_list>
<pin id="41" dir="1" index="0" bw="1" slack="2147483647"/>
</pin_list>
<bind>
<StgValue><ssdm name="p_str16"/></StgValue>
</bind>
</comp>

<comp id="42" class="1001" name="const_42">
<pin_list>
<pin id="43" dir="1" index="0" bw="1" slack="2147483647"/>
</pin_list>
<bind>
<StgValue><ssdm name=""/></StgValue>
</bind>
</comp>

<comp id="44" class="1001" name="const_44">
<pin_list>
<pin id="45" dir="1" index="0" bw="1" slack="0"/>
</pin_list>
<bind>
<StgValue><ssdm name="_ssdm_op_BitConcatenate.i4.i1.i3"/></StgValue>
</bind>
</comp>

<comp id="46" class="1001" name="const_46">
<pin_list>
<pin id="47" dir="1" index="0" bw="1" slack="0"/>
</pin_list>
<bind>
<StgValue><ssdm name=""/></StgValue>
</bind>
</comp>

<comp id="48" class="1001" name="const_48">
<pin_list>
<pin id="49" dir="1" index="0" bw="1" slack="0"/>
</pin_list>
<bind>
<StgValue><ssdm name="_ssdm_op_PartSelect.i4.i16.i32.i32"/></StgValue>
</bind>
</comp>

<comp id="50" class="1001" name="const_50">
<pin_list>
<pin id="51" dir="1" index="0" bw="1" slack="0"/>
</pin_list>
<bind>
<StgValue><ssdm name=""/></StgValue>
</bind>
</comp>

<comp id="52" class="1001" name="const_52">
<pin_list>
<pin id="53" dir="1" index="0" bw="1" slack="0"/>
</pin_list>
<bind>
<StgValue><ssdm name=""/></StgValue>
</bind>
</comp>

<comp id="54" class="1004" name="index_read_read_fu_54">
<pin_list>
<pin id="55" dir="0" index="0" bw="25" slack="0"/>
<pin id="56" dir="0" index="1" bw="25" slack="0"/>
<pin id="57" dir="1" index="2" bw="25" slack="0"/>
</pin_list>
<bind>
<opcode="read(1150) " fcode="read"/>
<opset="index_read/1 "/>
</bind>
</comp>

<comp id="60" class="1004" name="table_offset_read_read_fu_60">
<pin_list>
<pin id="61" dir="0" index="0" bw="31" slack="0"/>
<pin id="62" dir="0" index="1" bw="31" slack="0"/>
<pin id="63" dir="1" index="2" bw="31" slack="0"/>
</pin_list>
<bind>
<opcode="read(1150) " fcode="read"/>
<opset="table_offset_read/2 "/>
</bind>
</comp>

<comp id="66" class="1004" name="grp_readreq_fu_66">
<pin_list>
<pin id="67" dir="0" index="0" bw="1" slack="0"/>
<pin id="68" dir="0" index="1" bw="16" slack="1"/>
<pin id="69" dir="0" index="2" bw="1" slack="0"/>
<pin id="70" dir="1" index="3" bw="1" slack="2147483647"/>
</pin_list>
<bind>
<opcode="readreq(1154) " fcode="readreq"/>
<opset="table_load_req/3 "/>
</bind>
</comp>

<comp id="73" class="1004" name="table_addr_read_read_fu_73">
<pin_list>
<pin id="74" dir="0" index="0" bw="16" slack="0"/>
<pin id="75" dir="0" index="1" bw="16" slack="8"/>
<pin id="76" dir="1" index="2" bw="16" slack="1"/>
</pin_list>
<bind>
<opcode="read(1150) " fcode="read"/>
<opset="table_addr_read/10 "/>
</bind>
</comp>

<comp id="78" class="1004" name="tmp_141_fu_78">
<pin_list>
<pin id="79" dir="0" index="0" bw="25" slack="0"/>
<pin id="80" dir="1" index="1" bw="1" slack="10"/>
</pin_list>
<bind>
<opcode="trunc(33) " fcode="trunc"/>
<opset="tmp_141/1 "/>
</bind>
</comp>

<comp id="82" class="1004" name="tmp_142_fu_82">
<pin_list>
<pin id="83" dir="0" index="0" bw="1" slack="0"/>
<pin id="84" dir="0" index="1" bw="25" slack="0"/>
<pin id="85" dir="0" index="2" bw="6" slack="0"/>
<pin id="86" dir="1" index="3" bw="1" slack="0"/>
</pin_list>
<bind>
<opcode="bitselect(1000) " fcode="bitselect"/>
<opset="tmp_142/1 "/>
</bind>
</comp>

<comp id="90" class="1004" name="p_neg_fu_90">
<pin_list>
<pin id="91" dir="0" index="0" bw="1" slack="0"/>
<pin id="92" dir="0" index="1" bw="25" slack="0"/>
<pin id="93" dir="1" index="2" bw="25" slack="0"/>
</pin_list>
<bind>
<opcode="sub(10) " fcode="sub"/>
<opset="p_neg/1 "/>
</bind>
</comp>

<comp id="96" class="1004" name="tmp_42_fu_96">
<pin_list>
<pin id="97" dir="0" index="0" bw="24" slack="0"/>
<pin id="98" dir="0" index="1" bw="25" slack="0"/>
<pin id="99" dir="0" index="2" bw="1" slack="0"/>
<pin id="100" dir="0" index="3" bw="6" slack="0"/>
<pin id="101" dir="1" index="4" bw="24" slack="0"/>
</pin_list>
<bind>
<opcode="partselect(1002) " fcode="partselect"/>
<opset="tmp_42/1 "/>
</bind>
</comp>

<comp id="106" class="1004" name="tmp_43_fu_106">
<pin_list>
<pin id="107" dir="0" index="0" bw="24" slack="0"/>
<pin id="108" dir="1" index="1" bw="31" slack="0"/>
</pin_list>
<bind>
<opcode="sext(35) " fcode="sext"/>
<opset="tmp_43/1 "/>
</bind>
</comp>

<comp id="110" class="1004" name="p_lshr_fu_110">
<pin_list>
<pin id="111" dir="0" index="0" bw="24" slack="0"/>
<pin id="112" dir="1" index="1" bw="32" slack="0"/>
</pin_list>
<bind>
<opcode="zext(34) " fcode="zext"/>
<opset="p_lshr/1 "/>
</bind>
</comp>

<comp id="114" class="1004" name="p_neg_t_fu_114">
<pin_list>
<pin id="115" dir="0" index="0" bw="1" slack="0"/>
<pin id="116" dir="0" index="1" bw="31" slack="0"/>
<pin id="117" dir="1" index="2" bw="32" slack="0"/>
</pin_list>
<bind>
<opcode="sub(10) " fcode="sub"/>
<opset="p_neg_t/1 "/>
</bind>
</comp>

<comp id="120" class="1004" name="tmp_45_fu_120">
<pin_list>
<pin id="121" dir="0" index="0" bw="24" slack="0"/>
<pin id="122" dir="0" index="1" bw="25" slack="0"/>
<pin id="123" dir="0" index="2" bw="1" slack="0"/>
<pin id="124" dir="0" index="3" bw="6" slack="0"/>
<pin id="125" dir="1" index="4" bw="24" slack="0"/>
</pin_list>
<bind>
<opcode="partselect(1002) " fcode="partselect"/>
<opset="tmp_45/1 "/>
</bind>
</comp>

<comp id="130" class="1004" name="tmp_46_fu_130">
<pin_list>
<pin id="131" dir="0" index="0" bw="24" slack="0"/>
<pin id="132" dir="1" index="1" bw="31" slack="0"/>
</pin_list>
<bind>
<opcode="sext(35) " fcode="sext"/>
<opset="tmp_46/1 "/>
</bind>
</comp>

<comp id="134" class="1004" name="p_lshr_f_fu_134">
<pin_list>
<pin id="135" dir="0" index="0" bw="24" slack="0"/>
<pin id="136" dir="1" index="1" bw="32" slack="0"/>
</pin_list>
<bind>
<opcode="zext(34) " fcode="zext"/>
<opset="p_lshr_f/1 "/>
</bind>
</comp>

<comp id="138" class="1004" name="tmp_s_fu_138">
<pin_list>
<pin id="139" dir="0" index="0" bw="1" slack="0"/>
<pin id="140" dir="0" index="1" bw="32" slack="0"/>
<pin id="141" dir="0" index="2" bw="31" slack="0"/>
<pin id="142" dir="1" index="3" bw="32" slack="0"/>
</pin_list>
<bind>
<opcode="select(49) " fcode="select"/>
<opset="tmp_s/1 "/>
</bind>
</comp>

<comp id="146" class="1004" name="tmp_fu_146">
<pin_list>
<pin id="147" dir="0" index="0" bw="31" slack="0"/>
<pin id="148" dir="0" index="1" bw="32" slack="0"/>
<pin id="149" dir="0" index="2" bw="1" slack="0"/>
<pin id="150" dir="0" index="3" bw="6" slack="0"/>
<pin id="151" dir="1" index="4" bw="31" slack="1"/>
</pin_list>
<bind>
<opcode="partselect(1002) " fcode="partselect"/>
<opset="tmp/1 "/>
</bind>
</comp>

<comp id="156" class="1004" name="tmp_143_fu_156">
<pin_list>
<pin id="157" dir="0" index="0" bw="32" slack="0"/>
<pin id="158" dir="1" index="1" bw="1" slack="10"/>
</pin_list>
<bind>
<opcode="trunc(33) " fcode="trunc"/>
<opset="tmp_143/1 "/>
</bind>
</comp>

<comp id="160" class="1004" name="tmp_200_fu_160">
<pin_list>
<pin id="161" dir="0" index="0" bw="31" slack="1"/>
<pin id="162" dir="1" index="1" bw="63" slack="0"/>
</pin_list>
<bind>
<opcode="sext(35) " fcode="sext"/>
<opset="tmp_200/2 "/>
</bind>
</comp>

<comp id="163" class="1004" name="tmp_201_fu_163">
<pin_list>
<pin id="164" dir="0" index="0" bw="31" slack="0"/>
<pin id="165" dir="1" index="1" bw="64" slack="0"/>
</pin_list>
<bind>
<opcode="zext(34) " fcode="zext"/>
<opset="tmp_201/2 "/>
</bind>
</comp>

<comp id="167" class="1004" name="sext_fu_167">
<pin_list>
<pin id="168" dir="0" index="0" bw="31" slack="0"/>
<pin id="169" dir="1" index="1" bw="64" slack="0"/>
</pin_list>
<bind>
<opcode="zext(34) " fcode="zext"/>
<opset="sext/2 "/>
</bind>
</comp>

<comp id="171" class="1004" name="sum_fu_171">
<pin_list>
<pin id="172" dir="0" index="0" bw="63" slack="0"/>
<pin id="173" dir="0" index="1" bw="31" slack="0"/>
<pin id="174" dir="1" index="2" bw="64" slack="0"/>
</pin_list>
<bind>
<opcode="add(8) " fcode="add"/>
<opset="sum/2 "/>
</bind>
</comp>

<comp id="177" class="1004" name="table_addr_fu_177">
<pin_list>
<pin id="178" dir="0" index="0" bw="16" slack="0"/>
<pin id="179" dir="0" index="1" bw="64" slack="0"/>
<pin id="180" dir="1" index="2" bw="16" slack="1"/>
</pin_list>
<bind>
<opcode="getelementptr(29) " fcode="getelementptr"/>
<opset="table_addr/2 "/>
</bind>
</comp>

<comp id="183" class="1004" name="tmp_144_fu_183">
<pin_list>
<pin id="184" dir="0" index="0" bw="4" slack="0"/>
<pin id="185" dir="0" index="1" bw="1" slack="10"/>
<pin id="186" dir="0" index="2" bw="1" slack="0"/>
<pin id="187" dir="1" index="3" bw="4" slack="0"/>
</pin_list>
<bind>
<opcode="bitconcatenate(1004) " fcode="bitconcatenate"/>
<opset="tmp_144/11 "/>
</bind>
</comp>

<comp id="190" class="1004" name="tmp_202_fu_190">
<pin_list>
<pin id="191" dir="0" index="0" bw="4" slack="0"/>
<pin id="192" dir="1" index="1" bw="16" slack="0"/>
</pin_list>
<bind>
<opcode="zext(34) " fcode="zext"/>
<opset="tmp_202/11 "/>
</bind>
</comp>

<comp id="194" class="1004" name="table_load5_fu_194">
<pin_list>
<pin id="195" dir="0" index="0" bw="16" slack="1"/>
<pin id="196" dir="0" index="1" bw="4" slack="0"/>
<pin id="197" dir="1" index="2" bw="16" slack="0"/>
</pin_list>
<bind>
<opcode="lshr(21) " fcode="lshr"/>
<opset="table_load5/11 "/>
</bind>
</comp>

<comp id="199" class="1004" name="tmp_203_fu_199">
<pin_list>
<pin id="200" dir="0" index="0" bw="4" slack="0"/>
<pin id="201" dir="0" index="1" bw="16" slack="0"/>
<pin id="202" dir="0" index="2" bw="4" slack="0"/>
<pin id="203" dir="0" index="3" bw="4" slack="0"/>
<pin id="204" dir="1" index="4" bw="4" slack="0"/>
</pin_list>
<bind>
<opcode="partselect(1002) " fcode="partselect"/>
<opset="tmp_203/11 "/>
</bind>
</comp>

<comp id="209" class="1004" name="tmp_145_fu_209">
<pin_list>
<pin id="210" dir="0" index="0" bw="16" slack="0"/>
<pin id="211" dir="1" index="1" bw="4" slack="0"/>
</pin_list>
<bind>
<opcode="trunc(33) " fcode="trunc"/>
<opset="tmp_145/11 "/>
</bind>
</comp>

<comp id="213" class="1004" name="res_fu_213">
<pin_list>
<pin id="214" dir="0" index="0" bw="1" slack="10"/>
<pin id="215" dir="0" index="1" bw="4" slack="0"/>
<pin id="216" dir="0" index="2" bw="4" slack="0"/>
<pin id="217" dir="1" index="3" bw="4" slack="2147483647"/>
</pin_list>
<bind>
<opcode="select(49) " fcode="select"/>
<opset="res/11 "/>
</bind>
</comp>

<comp id="220" class="1005" name="tmp_141_reg_220">
<pin_list>
<pin id="221" dir="0" index="0" bw="1" slack="10"/>
<pin id="222" dir="1" index="1" bw="1" slack="10"/>
</pin_list>
<bind>
<opset="tmp_141 "/>
</bind>
</comp>

<comp id="225" class="1005" name="tmp_reg_225">
<pin_list>
<pin id="226" dir="0" index="0" bw="31" slack="1"/>
<pin id="227" dir="1" index="1" bw="31" slack="1"/>
</pin_list>
<bind>
<opset="tmp "/>
</bind>
</comp>

<comp id="230" class="1005" name="tmp_143_reg_230">
<pin_list>
<pin id="231" dir="0" index="0" bw="1" slack="10"/>
<pin id="232" dir="1" index="1" bw="1" slack="10"/>
</pin_list>
<bind>
<opset="tmp_143 "/>
</bind>
</comp>

<comp id="235" class="1005" name="table_addr_reg_235">
<pin_list>
<pin id="236" dir="0" index="0" bw="16" slack="1"/>
<pin id="237" dir="1" index="1" bw="16" slack="1"/>
</pin_list>
<bind>
<opset="table_addr "/>
</bind>
</comp>

<comp id="241" class="1005" name="table_addr_read_reg_241">
<pin_list>
<pin id="242" dir="0" index="0" bw="16" slack="1"/>
<pin id="243" dir="1" index="1" bw="16" slack="1"/>
</pin_list>
<bind>
<opset="table_addr_read "/>
</bind>
</comp>

</comp_list>

<net_list>
<net id="58"><net_src comp="6" pin="0"/><net_sink comp="54" pin=0"/></net>

<net id="59"><net_src comp="4" pin="0"/><net_sink comp="54" pin=1"/></net>

<net id="64"><net_src comp="24" pin="0"/><net_sink comp="60" pin=0"/></net>

<net id="65"><net_src comp="2" pin="0"/><net_sink comp="60" pin=1"/></net>

<net id="71"><net_src comp="26" pin="0"/><net_sink comp="66" pin=0"/></net>

<net id="72"><net_src comp="16" pin="0"/><net_sink comp="66" pin=2"/></net>

<net id="77"><net_src comp="28" pin="0"/><net_sink comp="73" pin=0"/></net>

<net id="81"><net_src comp="54" pin="2"/><net_sink comp="78" pin=0"/></net>

<net id="87"><net_src comp="8" pin="0"/><net_sink comp="82" pin=0"/></net>

<net id="88"><net_src comp="54" pin="2"/><net_sink comp="82" pin=1"/></net>

<net id="89"><net_src comp="10" pin="0"/><net_sink comp="82" pin=2"/></net>

<net id="94"><net_src comp="12" pin="0"/><net_sink comp="90" pin=0"/></net>

<net id="95"><net_src comp="54" pin="2"/><net_sink comp="90" pin=1"/></net>

<net id="102"><net_src comp="14" pin="0"/><net_sink comp="96" pin=0"/></net>

<net id="103"><net_src comp="90" pin="2"/><net_sink comp="96" pin=1"/></net>

<net id="104"><net_src comp="16" pin="0"/><net_sink comp="96" pin=2"/></net>

<net id="105"><net_src comp="10" pin="0"/><net_sink comp="96" pin=3"/></net>

<net id="109"><net_src comp="96" pin="4"/><net_sink comp="106" pin=0"/></net>

<net id="113"><net_src comp="106" pin="1"/><net_sink comp="110" pin=0"/></net>

<net id="118"><net_src comp="18" pin="0"/><net_sink comp="114" pin=0"/></net>

<net id="119"><net_src comp="110" pin="1"/><net_sink comp="114" pin=1"/></net>

<net id="126"><net_src comp="14" pin="0"/><net_sink comp="120" pin=0"/></net>

<net id="127"><net_src comp="54" pin="2"/><net_sink comp="120" pin=1"/></net>

<net id="128"><net_src comp="16" pin="0"/><net_sink comp="120" pin=2"/></net>

<net id="129"><net_src comp="10" pin="0"/><net_sink comp="120" pin=3"/></net>

<net id="133"><net_src comp="120" pin="4"/><net_sink comp="130" pin=0"/></net>

<net id="137"><net_src comp="130" pin="1"/><net_sink comp="134" pin=0"/></net>

<net id="143"><net_src comp="82" pin="3"/><net_sink comp="138" pin=0"/></net>

<net id="144"><net_src comp="114" pin="2"/><net_sink comp="138" pin=1"/></net>

<net id="145"><net_src comp="134" pin="1"/><net_sink comp="138" pin=2"/></net>

<net id="152"><net_src comp="20" pin="0"/><net_sink comp="146" pin=0"/></net>

<net id="153"><net_src comp="138" pin="3"/><net_sink comp="146" pin=1"/></net>

<net id="154"><net_src comp="16" pin="0"/><net_sink comp="146" pin=2"/></net>

<net id="155"><net_src comp="22" pin="0"/><net_sink comp="146" pin=3"/></net>

<net id="159"><net_src comp="138" pin="3"/><net_sink comp="156" pin=0"/></net>

<net id="166"><net_src comp="160" pin="1"/><net_sink comp="163" pin=0"/></net>

<net id="170"><net_src comp="60" pin="2"/><net_sink comp="167" pin=0"/></net>

<net id="175"><net_src comp="163" pin="1"/><net_sink comp="171" pin=0"/></net>

<net id="176"><net_src comp="167" pin="1"/><net_sink comp="171" pin=1"/></net>

<net id="181"><net_src comp="0" pin="0"/><net_sink comp="177" pin=0"/></net>

<net id="182"><net_src comp="171" pin="2"/><net_sink comp="177" pin=1"/></net>

<net id="188"><net_src comp="44" pin="0"/><net_sink comp="183" pin=0"/></net>

<net id="189"><net_src comp="46" pin="0"/><net_sink comp="183" pin=2"/></net>

<net id="193"><net_src comp="183" pin="3"/><net_sink comp="190" pin=0"/></net>

<net id="198"><net_src comp="190" pin="1"/><net_sink comp="194" pin=1"/></net>

<net id="205"><net_src comp="48" pin="0"/><net_sink comp="199" pin=0"/></net>

<net id="206"><net_src comp="194" pin="2"/><net_sink comp="199" pin=1"/></net>

<net id="207"><net_src comp="50" pin="0"/><net_sink comp="199" pin=2"/></net>

<net id="208"><net_src comp="52" pin="0"/><net_sink comp="199" pin=3"/></net>

<net id="212"><net_src comp="194" pin="2"/><net_sink comp="209" pin=0"/></net>

<net id="218"><net_src comp="199" pin="4"/><net_sink comp="213" pin=1"/></net>

<net id="219"><net_src comp="209" pin="1"/><net_sink comp="213" pin=2"/></net>

<net id="223"><net_src comp="78" pin="1"/><net_sink comp="220" pin=0"/></net>

<net id="224"><net_src comp="220" pin="1"/><net_sink comp="213" pin=0"/></net>

<net id="228"><net_src comp="146" pin="4"/><net_sink comp="225" pin=0"/></net>

<net id="229"><net_src comp="225" pin="1"/><net_sink comp="160" pin=0"/></net>

<net id="233"><net_src comp="156" pin="1"/><net_sink comp="230" pin=0"/></net>

<net id="234"><net_src comp="230" pin="1"/><net_sink comp="183" pin=1"/></net>

<net id="238"><net_src comp="177" pin="2"/><net_sink comp="235" pin=0"/></net>

<net id="239"><net_src comp="235" pin="1"/><net_sink comp="66" pin=1"/></net>

<net id="240"><net_src comp="235" pin="1"/><net_sink comp="73" pin=1"/></net>

<net id="244"><net_src comp="73" pin="2"/><net_sink comp="241" pin=0"/></net>

<net id="245"><net_src comp="241" pin="1"/><net_sink comp="194" pin=0"/></net>

</net_list>

</model> 
---------------- Datapath Model END ------------------

* FSMD analyzer results:
  - Output states:
 - Input state : 
	Port: getPruning.1 : table_r | {3 4 5 6 7 8 9 10 }
	Port: getPruning.1 : table_offset | {2 }
	Port: getPruning.1 : index | {1 }
  - Chain level:
	State 1
		tmp_42 : 1
		tmp_43 : 2
		p_lshr : 3
		p_neg_t : 4
		tmp_46 : 1
		p_lshr_f : 2
		tmp_s : 5
		tmp : 6
		tmp_143 : 6
	State 2
		tmp_201 : 1
		sum : 2
		table_addr : 3
	State 3
	State 4
	State 5
	State 6
	State 7
	State 8
	State 9
	State 10
	State 11
		tmp_202 : 1
		table_load5 : 2
		tmp_203 : 3
		tmp_145 : 3
		res : 4
		StgValue_47 : 5


============================================================
+ Verbose Summary: Datapath Resource usage 
============================================================

* Functional unit list:
|----------|------------------------------|---------|---------|
| Operation|        Functional Unit       |    FF   |   LUT   |
|----------|------------------------------|---------|---------|
|    sub   |          p_neg_fu_90         |    0    |    32   |
|          |        p_neg_t_fu_114        |    0    |    38   |
|----------|------------------------------|---------|---------|
|    add   |          sum_fu_171          |    0    |    70   |
|----------|------------------------------|---------|---------|
|  select  |         tmp_s_fu_138         |    0    |    32   |
|          |          res_fu_213          |    0    |    4    |
|----------|------------------------------|---------|---------|
|   lshr   |      table_load5_fu_194      |    0    |    35   |
|----------|------------------------------|---------|---------|
|          |     index_read_read_fu_54    |    0    |    0    |
|   read   | table_offset_read_read_fu_60 |    0    |    0    |
|          |  table_addr_read_read_fu_73  |    0    |    0    |
|----------|------------------------------|---------|---------|
|  readreq |       grp_readreq_fu_66      |    0    |    0    |
|----------|------------------------------|---------|---------|
|          |         tmp_141_fu_78        |    0    |    0    |
|   trunc  |        tmp_143_fu_156        |    0    |    0    |
|          |        tmp_145_fu_209        |    0    |    0    |
|----------|------------------------------|---------|---------|
| bitselect|         tmp_142_fu_82        |    0    |    0    |
|----------|------------------------------|---------|---------|
|          |         tmp_42_fu_96         |    0    |    0    |
|partselect|         tmp_45_fu_120        |    0    |    0    |
|          |          tmp_fu_146          |    0    |    0    |
|          |        tmp_203_fu_199        |    0    |    0    |
|----------|------------------------------|---------|---------|
|          |         tmp_43_fu_106        |    0    |    0    |
|   sext   |         tmp_46_fu_130        |    0    |    0    |
|          |        tmp_200_fu_160        |    0    |    0    |
|----------|------------------------------|---------|---------|
|          |         p_lshr_fu_110        |    0    |    0    |
|          |        p_lshr_f_fu_134       |    0    |    0    |
|   zext   |        tmp_201_fu_163        |    0    |    0    |
|          |          sext_fu_167         |    0    |    0    |
|          |        tmp_202_fu_190        |    0    |    0    |
|----------|------------------------------|---------|---------|
|bitconcatenate|        tmp_144_fu_183        |    0    |    0    |
|----------|------------------------------|---------|---------|
|   Total  |                              |    0    |   211   |
|----------|------------------------------|---------|---------|

Memories:
N/A

* Register list:
+-----------------------+--------+
|                       |   FF   |
+-----------------------+--------+
|table_addr_read_reg_241|   16   |
|   table_addr_reg_235  |   16   |
|    tmp_141_reg_220    |    1   |
|    tmp_143_reg_230    |    1   |
|      tmp_reg_225      |   31   |
+-----------------------+--------+
|         Total         |   65   |
+-----------------------+--------+

* Multiplexer (MUX) list: 
|--------|------|------|------|--------|
|  Comp  |  Pin | Size |  BW  | S x BW |
|--------|------|------|------|--------|
|  Total |      |      |      |    0   |
|--------|------|------|------|--------|



* Summary:
+-----------+--------+--------+
|           |   FF   |   LUT  |
+-----------+--------+--------+
|  Function |    0   |   211  |
|   Memory  |    -   |    -   |
|Multiplexer|    -   |    -   |
|  Register |   65   |    -   |
+-----------+--------+--------+
|   Total   |   65   |   211  |
+-----------+--------+--------+
