

================================================================
== Vivado HLS Report for 'getUBtoDF'
================================================================
* Date:           Thu Jul  4 02:07:04 2019

* Version:        2018.2 (Build 2258646 on Thu Jun 14 20:25:20 MDT 2018)
* Project:        kociembaHls
* Solution:       solution1
* Product family: zynq
* Target device:  xc7z020clg400-1


================================================================
== Performance Estimates
================================================================
+ Timing (ns): 
    * Summary: 
    +--------+-------+----------+------------+
    |  Clock | Target| Estimated| Uncertainty|
    +--------+-------+----------+------------+
    |ap_clk  |  10.00|     8.510|        1.25|
    +--------+-------+----------+------------+

+ Latency (clock cycles): 
    * Summary: 
    +-----+------+-----+------+---------+
    |   Latency  |  Interval  | Pipeline|
    | min |  max | min |  max |   Type  |
    +-----+------+-----+------+---------+
    |   46|  5530|   46|  5530|   none  |
    +-----+------+-----+------+---------+

    + Detail: 
        * Instance: 
        N/A

        * Loop: 
        +-----------------+-----+------+----------+-----------+-----------+--------+----------+
        |                 |   Latency  | Iteration|  Initiation Interval  |  Trip  |          |
        |    Loop Name    | min |  max |  Latency |  achieved |   target  |  Count | Pipelined|
        +-----------------+-----+------+----------+-----------+-----------+--------+----------+
        |- Loop 1         |   36|  5376|  3 ~ 448 |          -|          -|      12|    no    |
        | + Cnk_label1    |    0|   444|        37|          -|          -| 0 ~ 12 |    no    |
        |- Loop 2         |    8|   152|  4 ~ 76  |          -|          -|       2|    no    |
        | + Loop 2.1      |    0|    72|   2 ~ 6  |          -|          -| 0 ~ 12 |    no    |
        |  ++ Loop 2.1.1  |    0|     4|         2|          -|          -|  0 ~ 2 |    no    |
        +-----------------+-----+------+----------+-----------+-----------+--------+----------+

============================================================
+ Verbose Summary: Synthesis Manager
============================================================
InlineROM: 1
ExposeGlobal: 0
============================================================
+ Verbose Summary: CDFG Model
============================================================
IsTopModel: 0
ResetActiveHigh: 1
IsCombinational: 0
IsDatapathOnly: 0
HasWiredReturn: 1
HasMFsm: 0
HasVarLatency: 1
IsPipeline: 0
IsRtlPipelined: 0
IsInstanceOverlapped: 0
IsDontTouch: 0
HasImplIP: 0
IsGatedGlobalClock: 0


============================================================
+ Verbose Summary: Schedule
============================================================
* Number of FSM states : 47
* Pipeline : 0
* Dataflow Pipeline: 0

* FSM state transitions: 
1 --> 
	2  / true
2 --> 
	3  / (!exitcond)
	42  / (exitcond)
3 --> 
	41  / (!or_cond) | (tmp_i)
	4  / (or_cond & !tmp_i)
4 --> 
	5  / (!exitcond_i)
	41  / (exitcond_i)
5 --> 
	6  / true
6 --> 
	7  / true
7 --> 
	8  / true
8 --> 
	9  / true
9 --> 
	10  / true
10 --> 
	11  / true
11 --> 
	12  / true
12 --> 
	13  / true
13 --> 
	14  / true
14 --> 
	15  / true
15 --> 
	16  / true
16 --> 
	17  / true
17 --> 
	18  / true
18 --> 
	19  / true
19 --> 
	20  / true
20 --> 
	21  / true
21 --> 
	22  / true
22 --> 
	23  / true
23 --> 
	24  / true
24 --> 
	25  / true
25 --> 
	26  / true
26 --> 
	27  / true
27 --> 
	28  / true
28 --> 
	29  / true
29 --> 
	30  / true
30 --> 
	31  / true
31 --> 
	32  / true
32 --> 
	33  / true
33 --> 
	34  / true
34 --> 
	35  / true
35 --> 
	36  / true
36 --> 
	37  / true
37 --> 
	38  / true
38 --> 
	39  / true
39 --> 
	40  / true
40 --> 
	4  / true
41 --> 
	2  / true
42 --> 
	43  / (!tmp_184)
43 --> 
	46  / (tmp_188)
	44  / (!tmp_188)
44 --> 
	45  / (!exitcond1)
	43  / (exitcond1)
45 --> 
	44  / true
46 --> 
	47  / true
47 --> 
	42  / true

* FSM state operations: 

State 1 <SV = 0> <Delay = 1.76>
ST_1 : Operation 48 [1/1] (0.00ns)   --->   "%edge3_2_6 = alloca i4"   --->   Operation 48 'alloca' 'edge3_2_6' <Predicate = true> <Delay = 0.00>
ST_1 : Operation 49 [1/1] (0.00ns)   --->   "%edge3_2_7 = alloca i4"   --->   Operation 49 'alloca' 'edge3_2_7' <Predicate = true> <Delay = 0.00>
ST_1 : Operation 50 [1/1] (0.00ns)   --->   "%edge3_2_8 = alloca i4"   --->   Operation 50 'alloca' 'edge3_2_8' <Predicate = true> <Delay = 0.00>
ST_1 : Operation 51 [1/1] (0.00ns)   --->   "%a_1 = alloca i32"   --->   Operation 51 'alloca' 'a_1' <Predicate = true> <Delay = 0.00>
ST_1 : Operation 52 [1/1] (0.00ns)   --->   "%x = alloca i32"   --->   Operation 52 'alloca' 'x' <Predicate = true> <Delay = 0.00>
ST_1 : Operation 53 [1/1] (1.76ns)   --->   "store i32 0, i32* %x"   --->   Operation 53 'store' <Predicate = true> <Delay = 1.76>
ST_1 : Operation 54 [1/1] (1.76ns)   --->   "store i32 0, i32* %a_1"   --->   Operation 54 'store' <Predicate = true> <Delay = 1.76>
ST_1 : Operation 55 [1/1] (1.76ns)   --->   "store i4 0, i4* %edge3_2_8"   --->   Operation 55 'store' <Predicate = true> <Delay = 1.76>
ST_1 : Operation 56 [1/1] (1.76ns)   --->   "store i4 0, i4* %edge3_2_7"   --->   Operation 56 'store' <Predicate = true> <Delay = 1.76>
ST_1 : Operation 57 [1/1] (1.76ns)   --->   "store i4 0, i4* %edge3_2_6"   --->   Operation 57 'store' <Predicate = true> <Delay = 1.76>
ST_1 : Operation 58 [1/1] (1.76ns)   --->   "br label %.preheader4" [cubiecube.cpp:654]   --->   Operation 58 'br' <Predicate = true> <Delay = 1.76>

State 2 <SV = 1> <Delay = 2.32>
ST_2 : Operation 59 [1/1] (0.00ns)   --->   "%i = phi i4 [ 0, %.preheader4.preheader ], [ %j_10, %.preheader4.backedge ]"   --->   Operation 59 'phi' 'i' <Predicate = true> <Delay = 0.00>
ST_2 : Operation 60 [1/1] (0.00ns)   --->   "%edge3_2_6_load = load i4* %edge3_2_6"   --->   Operation 60 'load' 'edge3_2_6_load' <Predicate = true> <Delay = 0.00>
ST_2 : Operation 61 [1/1] (0.00ns)   --->   "%edge3_2_7_load = load i4* %edge3_2_7"   --->   Operation 61 'load' 'edge3_2_7_load' <Predicate = true> <Delay = 0.00>
ST_2 : Operation 62 [1/1] (0.00ns)   --->   "%edge3_2_8_load = load i4* %edge3_2_8"   --->   Operation 62 'load' 'edge3_2_8_load' <Predicate = true> <Delay = 0.00>
ST_2 : Operation 63 [1/1] (0.00ns)   --->   "%n_assign_cast4 = zext i4 %i to i32" [cubiecube.cpp:654]   --->   Operation 63 'zext' 'n_assign_cast4' <Predicate = true> <Delay = 0.00>
ST_2 : Operation 64 [1/1] (1.30ns)   --->   "%exitcond = icmp eq i4 %i, -4" [cubiecube.cpp:654]   --->   Operation 64 'icmp' 'exitcond' <Predicate = true> <Delay = 1.30> <Core = "Cmp">   --->   Core 25 'Cmp' <Latency = 0> <II = 1> <Delay = 0.95> <FuncUnit> <Opcode : 'icmp'> <InPorts = 2> <OutPorts = 1>
ST_2 : Operation 65 [1/1] (0.00ns)   --->   "call void (...)* @_ssdm_op_SpecLoopTripCount(i64 12, i64 12, i64 12)"   --->   Operation 65 'speclooptripcount' <Predicate = true> <Delay = 0.00>
ST_2 : Operation 66 [1/1] (1.73ns)   --->   "%j_10 = add i4 %i, 1" [cubiecube.cpp:654]   --->   Operation 66 'add' 'j_10' <Predicate = true> <Delay = 1.73> <Core = "AddSub">   --->   Core 14 'AddSub' <Latency = 0> <II = 1> <Delay = 2.07> <FuncUnit> <Opcode : 'add' 'sub'> <InPorts = 2> <OutPorts = 1>
ST_2 : Operation 67 [1/1] (0.00ns)   --->   "br i1 %exitcond, label %.preheader3.preheader, label %0" [cubiecube.cpp:654]   --->   Operation 67 'br' <Predicate = true> <Delay = 0.00>
ST_2 : Operation 68 [1/1] (0.00ns)   --->   "%tmp_s = zext i4 %i to i64" [cubiecube.cpp:655]   --->   Operation 68 'zext' 'tmp_s' <Predicate = (!exitcond)> <Delay = 0.00>
ST_2 : Operation 69 [1/1] (0.00ns)   --->   "%cubiecube_0_ep_addr = getelementptr [12 x i4]* %cubiecube_0_ep, i64 0, i64 %tmp_s" [cubiecube.cpp:655]   --->   Operation 69 'getelementptr' 'cubiecube_0_ep_addr' <Predicate = (!exitcond)> <Delay = 0.00>
ST_2 : Operation 70 [2/2] (2.32ns)   --->   "%edge3_0 = load i4* %cubiecube_0_ep_addr, align 1" [cubiecube.cpp:655]   --->   Operation 70 'load' 'edge3_0' <Predicate = (!exitcond)> <Delay = 2.32> <Core = "RAM">   --->   Core 37 'RAM' <Latency = 1> <II = 1> <Delay = 2.32> <Storage> <Opcode : 'load' 'store'> <Ports = 2> <Width = 4> <Depth = 12> <RAM>
ST_2 : Operation 71 [1/1] (0.00ns)   --->   "%temp = alloca i4"   --->   Operation 71 'alloca' 'temp' <Predicate = (exitcond)> <Delay = 0.00>
ST_2 : Operation 72 [1/1] (0.00ns)   --->   "%edge3_1_3 = alloca i4"   --->   Operation 72 'alloca' 'edge3_1_3' <Predicate = (exitcond)> <Delay = 0.00>
ST_2 : Operation 73 [1/1] (0.00ns)   --->   "%edge3_2_9 = alloca i4"   --->   Operation 73 'alloca' 'edge3_2_9' <Predicate = (exitcond)> <Delay = 0.00>
ST_2 : Operation 74 [1/1] (1.76ns)   --->   "store i4 %edge3_2_8_load, i4* %edge3_2_9"   --->   Operation 74 'store' <Predicate = (exitcond)> <Delay = 1.76>
ST_2 : Operation 75 [1/1] (1.76ns)   --->   "store i4 %edge3_2_7_load, i4* %edge3_1_3"   --->   Operation 75 'store' <Predicate = (exitcond)> <Delay = 1.76>
ST_2 : Operation 76 [1/1] (1.76ns)   --->   "store i4 %edge3_2_6_load, i4* %temp"   --->   Operation 76 'store' <Predicate = (exitcond)> <Delay = 1.76>
ST_2 : Operation 77 [1/1] (1.76ns)   --->   "br label %.preheader3" [cubiecube.cpp:660]   --->   Operation 77 'br' <Predicate = (exitcond)> <Delay = 1.76>

State 3 <SV = 2> <Delay = 7.65>
ST_3 : Operation 78 [1/2] (2.32ns)   --->   "%edge3_0 = load i4* %cubiecube_0_ep_addr, align 1" [cubiecube.cpp:655]   --->   Operation 78 'load' 'edge3_0' <Predicate = true> <Delay = 2.32> <Core = "RAM">   --->   Core 37 'RAM' <Latency = 1> <II = 1> <Delay = 2.32> <Storage> <Opcode : 'load' 'store'> <Ports = 2> <Width = 4> <Depth = 12> <RAM>
ST_3 : Operation 79 [1/1] (1.30ns)   --->   "%tmp_182 = icmp ugt i4 %edge3_0, 2" [cubiecube.cpp:655]   --->   Operation 79 'icmp' 'tmp_182' <Predicate = true> <Delay = 1.30> <Core = "Cmp">   --->   Core 25 'Cmp' <Latency = 0> <II = 1> <Delay = 0.95> <FuncUnit> <Opcode : 'icmp'> <InPorts = 2> <OutPorts = 1>
ST_3 : Operation 80 [1/1] (1.30ns)   --->   "%tmp_183 = icmp ult i4 %edge3_0, 6" [cubiecube.cpp:655]   --->   Operation 80 'icmp' 'tmp_183' <Predicate = true> <Delay = 1.30> <Core = "Cmp">   --->   Core 25 'Cmp' <Latency = 0> <II = 1> <Delay = 0.95> <FuncUnit> <Opcode : 'icmp'> <InPorts = 2> <OutPorts = 1>
ST_3 : Operation 81 [1/1] (0.97ns)   --->   "%or_cond = and i1 %tmp_182, %tmp_183" [cubiecube.cpp:655]   --->   Operation 81 'and' 'or_cond' <Predicate = true> <Delay = 0.97> <Core = "LogicGate">   --->   Core 27 'LogicGate' <Latency = 0> <II = 1> <Delay = 0.97> <FuncUnit> <Opcode : 'and' 'or' 'xor'> <InPorts = 2> <OutPorts = 1>
ST_3 : Operation 82 [1/1] (0.00ns)   --->   "br i1 %or_cond, label %1, label %.preheader4.backedge" [cubiecube.cpp:655]   --->   Operation 82 'br' <Predicate = true> <Delay = 0.00>
ST_3 : Operation 83 [1/1] (0.00ns)   --->   "%x_load = load i32* %x" [cubiecube.cpp:656]   --->   Operation 83 'load' 'x_load' <Predicate = (or_cond)> <Delay = 0.00>
ST_3 : Operation 84 [1/1] (2.55ns)   --->   "%x_4 = add nsw i32 %x_load, 1" [cubiecube.cpp:656]   --->   Operation 84 'add' 'x_4' <Predicate = (or_cond)> <Delay = 2.55> <Core = "AddSub">   --->   Core 14 'AddSub' <Latency = 0> <II = 1> <Delay = 2.07> <FuncUnit> <Opcode : 'add' 'sub'> <InPorts = 2> <OutPorts = 1>
ST_3 : Operation 85 [1/1] (2.47ns)   --->   "%tmp_i = icmp slt i32 %n_assign_cast4, %x_4" [cubiecube.cpp:196->cubiecube.cpp:656]   --->   Operation 85 'icmp' 'tmp_i' <Predicate = (or_cond)> <Delay = 2.47> <Core = "Cmp">   --->   Core 25 'Cmp' <Latency = 0> <II = 1> <Delay = 0.95> <FuncUnit> <Opcode : 'icmp'> <InPorts = 2> <OutPorts = 1>
ST_3 : Operation 86 [1/1] (1.76ns)   --->   "br i1 %tmp_i, label %Cnk.exit, label %2" [cubiecube.cpp:196->cubiecube.cpp:656]   --->   Operation 86 'br' <Predicate = (or_cond)> <Delay = 1.76>
ST_3 : Operation 87 [1/1] (0.00ns)   --->   "%p_lshr_f_i_cast = call i3 @_ssdm_op_PartSelect.i3.i4.i32.i32(i4 %i, i32 1, i32 3)" [cubiecube.cpp:198->cubiecube.cpp:656]   --->   Operation 87 'partselect' 'p_lshr_f_i_cast' <Predicate = (or_cond & !tmp_i)> <Delay = 0.00>
ST_3 : Operation 88 [1/1] (0.00ns)   --->   "%tmp_i_cast = zext i3 %p_lshr_f_i_cast to i32" [cubiecube.cpp:198->cubiecube.cpp:656]   --->   Operation 88 'zext' 'tmp_i_cast' <Predicate = (or_cond & !tmp_i)> <Delay = 0.00>
ST_3 : Operation 89 [1/1] (2.47ns)   --->   "%tmp_379_i = icmp slt i32 %tmp_i_cast, %x_4" [cubiecube.cpp:198->cubiecube.cpp:656]   --->   Operation 89 'icmp' 'tmp_379_i' <Predicate = (or_cond & !tmp_i)> <Delay = 2.47> <Core = "Cmp">   --->   Core 25 'Cmp' <Latency = 0> <II = 1> <Delay = 0.95> <FuncUnit> <Opcode : 'icmp'> <InPorts = 2> <OutPorts = 1>
ST_3 : Operation 90 [1/1] (2.55ns)   --->   "%k_assign_3 = sub nsw i32 %n_assign_cast4, %x_4" [cubiecube.cpp:199->cubiecube.cpp:656]   --->   Operation 90 'sub' 'k_assign_3' <Predicate = (or_cond & !tmp_i)> <Delay = 2.55> <Core = "AddSub">   --->   Core 14 'AddSub' <Latency = 0> <II = 1> <Delay = 2.07> <FuncUnit> <Opcode : 'add' 'sub'> <InPorts = 2> <OutPorts = 1>
ST_3 : Operation 91 [1/1] (0.00ns) (grouped into LUT with out node tmp_380_i)   --->   "%p_k_i = select i1 %tmp_379_i, i32 %k_assign_3, i32 %x_4" [cubiecube.cpp:198->cubiecube.cpp:656]   --->   Operation 91 'select' 'p_k_i' <Predicate = (or_cond & !tmp_i)> <Delay = 0.00> <Core = "Sel">   --->   Core 26 'Sel' <Latency = 0> <II = 1> <Delay = 1.02> <FuncUnit> <Opcode : 'select'> <InPorts = 3> <OutPorts = 1>
ST_3 : Operation 92 [1/1] (2.55ns) (out node of the LUT)   --->   "%tmp_380_i = add i32 %p_k_i, 1" [cubiecube.cpp:200->cubiecube.cpp:656]   --->   Operation 92 'add' 'tmp_380_i' <Predicate = (or_cond & !tmp_i)> <Delay = 2.55> <Core = "AddSub">   --->   Core 14 'AddSub' <Latency = 0> <II = 1> <Delay = 2.07> <FuncUnit> <Opcode : 'add' 'sub'> <InPorts = 2> <OutPorts = 1>
ST_3 : Operation 93 [1/1] (1.76ns)   --->   "br label %3" [cubiecube.cpp:200->cubiecube.cpp:656]   --->   Operation 93 'br' <Predicate = (or_cond & !tmp_i)> <Delay = 1.76>

State 4 <SV = 3> <Delay = 8.51>
ST_4 : Operation 94 [1/1] (0.00ns)   --->   "%j_i = phi i32 [ 1, %2 ], [ %j_9, %4 ]"   --->   Operation 94 'phi' 'j_i' <Predicate = true> <Delay = 0.00>
ST_4 : Operation 95 [1/1] (0.00ns)   --->   "%i_i = phi i32 [ %n_assign_cast4, %2 ], [ %i_28, %4 ]"   --->   Operation 95 'phi' 'i_i' <Predicate = true> <Delay = 0.00>
ST_4 : Operation 96 [1/1] (0.00ns)   --->   "%s_i = phi i32 [ 1, %2 ], [ %s_4, %4 ]"   --->   Operation 96 'phi' 's_i' <Predicate = true> <Delay = 0.00>
ST_4 : Operation 97 [1/1] (2.47ns)   --->   "%exitcond_i = icmp eq i32 %j_i, %tmp_380_i" [cubiecube.cpp:200->cubiecube.cpp:656]   --->   Operation 97 'icmp' 'exitcond_i' <Predicate = true> <Delay = 2.47> <Core = "Cmp">   --->   Core 25 'Cmp' <Latency = 0> <II = 1> <Delay = 0.95> <FuncUnit> <Opcode : 'icmp'> <InPorts = 2> <OutPorts = 1>
ST_4 : Operation 98 [1/1] (0.00ns)   --->   "br i1 %exitcond_i, label %Cnk.exit.loopexit, label %4" [cubiecube.cpp:200->cubiecube.cpp:656]   --->   Operation 98 'br' <Predicate = true> <Delay = 0.00>
ST_4 : Operation 99 [1/1] (8.51ns)   --->   "%s = mul nsw i32 %s_i, %i_i" [cubiecube.cpp:202->cubiecube.cpp:656]   --->   Operation 99 'mul' 's' <Predicate = (!exitcond_i)> <Delay = 8.51> <Core = "Mul">   --->   Core 16 'Mul' <Latency = 0> <II = 1> <Delay = 8.51> <FuncUnit> <Opcode : 'mul'> <InPorts = 2> <OutPorts = 1>
ST_4 : Operation 100 [1/1] (2.55ns)   --->   "%i_28 = add nsw i32 %i_i, -1" [cubiecube.cpp:200->cubiecube.cpp:656]   --->   Operation 100 'add' 'i_28' <Predicate = (!exitcond_i)> <Delay = 2.55> <Core = "AddSub">   --->   Core 14 'AddSub' <Latency = 0> <II = 1> <Delay = 2.07> <FuncUnit> <Opcode : 'add' 'sub'> <InPorts = 2> <OutPorts = 1>
ST_4 : Operation 101 [1/1] (1.76ns)   --->   "br label %Cnk.exit"   --->   Operation 101 'br' <Predicate = (exitcond_i)> <Delay = 1.76>

State 5 <SV = 4> <Delay = 4.13>
ST_5 : Operation 102 [36/36] (4.13ns)   --->   "%s_4 = sdiv i32 %s, %j_i" [cubiecube.cpp:203->cubiecube.cpp:656]   --->   Operation 102 'sdiv' 's_4' <Predicate = true> <Delay = 4.13> <Core = "DivnS_SEQ">   --->   Core 24 'DivnS_SEQ' <Latency = 35> <II = 32> <Delay = 4.13> <FuncUnit> <Opcode : 'sdiv' 'srem' 'udiv' 'urem'> <InPorts = 2> <OutPorts = 1>
ST_5 : Operation 103 [1/1] (2.55ns)   --->   "%j_9 = add nsw i32 %j_i, 1" [cubiecube.cpp:200->cubiecube.cpp:656]   --->   Operation 103 'add' 'j_9' <Predicate = true> <Delay = 2.55> <Core = "AddSub">   --->   Core 14 'AddSub' <Latency = 0> <II = 1> <Delay = 2.07> <FuncUnit> <Opcode : 'add' 'sub'> <InPorts = 2> <OutPorts = 1>

State 6 <SV = 5> <Delay = 4.13>
ST_6 : Operation 104 [35/36] (4.13ns)   --->   "%s_4 = sdiv i32 %s, %j_i" [cubiecube.cpp:203->cubiecube.cpp:656]   --->   Operation 104 'sdiv' 's_4' <Predicate = true> <Delay = 4.13> <Core = "DivnS_SEQ">   --->   Core 24 'DivnS_SEQ' <Latency = 35> <II = 32> <Delay = 4.13> <FuncUnit> <Opcode : 'sdiv' 'srem' 'udiv' 'urem'> <InPorts = 2> <OutPorts = 1>

State 7 <SV = 6> <Delay = 4.13>
ST_7 : Operation 105 [34/36] (4.13ns)   --->   "%s_4 = sdiv i32 %s, %j_i" [cubiecube.cpp:203->cubiecube.cpp:656]   --->   Operation 105 'sdiv' 's_4' <Predicate = true> <Delay = 4.13> <Core = "DivnS_SEQ">   --->   Core 24 'DivnS_SEQ' <Latency = 35> <II = 32> <Delay = 4.13> <FuncUnit> <Opcode : 'sdiv' 'srem' 'udiv' 'urem'> <InPorts = 2> <OutPorts = 1>

State 8 <SV = 7> <Delay = 4.13>
ST_8 : Operation 106 [33/36] (4.13ns)   --->   "%s_4 = sdiv i32 %s, %j_i" [cubiecube.cpp:203->cubiecube.cpp:656]   --->   Operation 106 'sdiv' 's_4' <Predicate = true> <Delay = 4.13> <Core = "DivnS_SEQ">   --->   Core 24 'DivnS_SEQ' <Latency = 35> <II = 32> <Delay = 4.13> <FuncUnit> <Opcode : 'sdiv' 'srem' 'udiv' 'urem'> <InPorts = 2> <OutPorts = 1>

State 9 <SV = 8> <Delay = 4.13>
ST_9 : Operation 107 [32/36] (4.13ns)   --->   "%s_4 = sdiv i32 %s, %j_i" [cubiecube.cpp:203->cubiecube.cpp:656]   --->   Operation 107 'sdiv' 's_4' <Predicate = true> <Delay = 4.13> <Core = "DivnS_SEQ">   --->   Core 24 'DivnS_SEQ' <Latency = 35> <II = 32> <Delay = 4.13> <FuncUnit> <Opcode : 'sdiv' 'srem' 'udiv' 'urem'> <InPorts = 2> <OutPorts = 1>

State 10 <SV = 9> <Delay = 4.13>
ST_10 : Operation 108 [31/36] (4.13ns)   --->   "%s_4 = sdiv i32 %s, %j_i" [cubiecube.cpp:203->cubiecube.cpp:656]   --->   Operation 108 'sdiv' 's_4' <Predicate = true> <Delay = 4.13> <Core = "DivnS_SEQ">   --->   Core 24 'DivnS_SEQ' <Latency = 35> <II = 32> <Delay = 4.13> <FuncUnit> <Opcode : 'sdiv' 'srem' 'udiv' 'urem'> <InPorts = 2> <OutPorts = 1>

State 11 <SV = 10> <Delay = 4.13>
ST_11 : Operation 109 [30/36] (4.13ns)   --->   "%s_4 = sdiv i32 %s, %j_i" [cubiecube.cpp:203->cubiecube.cpp:656]   --->   Operation 109 'sdiv' 's_4' <Predicate = true> <Delay = 4.13> <Core = "DivnS_SEQ">   --->   Core 24 'DivnS_SEQ' <Latency = 35> <II = 32> <Delay = 4.13> <FuncUnit> <Opcode : 'sdiv' 'srem' 'udiv' 'urem'> <InPorts = 2> <OutPorts = 1>

State 12 <SV = 11> <Delay = 4.13>
ST_12 : Operation 110 [29/36] (4.13ns)   --->   "%s_4 = sdiv i32 %s, %j_i" [cubiecube.cpp:203->cubiecube.cpp:656]   --->   Operation 110 'sdiv' 's_4' <Predicate = true> <Delay = 4.13> <Core = "DivnS_SEQ">   --->   Core 24 'DivnS_SEQ' <Latency = 35> <II = 32> <Delay = 4.13> <FuncUnit> <Opcode : 'sdiv' 'srem' 'udiv' 'urem'> <InPorts = 2> <OutPorts = 1>

State 13 <SV = 12> <Delay = 4.13>
ST_13 : Operation 111 [28/36] (4.13ns)   --->   "%s_4 = sdiv i32 %s, %j_i" [cubiecube.cpp:203->cubiecube.cpp:656]   --->   Operation 111 'sdiv' 's_4' <Predicate = true> <Delay = 4.13> <Core = "DivnS_SEQ">   --->   Core 24 'DivnS_SEQ' <Latency = 35> <II = 32> <Delay = 4.13> <FuncUnit> <Opcode : 'sdiv' 'srem' 'udiv' 'urem'> <InPorts = 2> <OutPorts = 1>

State 14 <SV = 13> <Delay = 4.13>
ST_14 : Operation 112 [27/36] (4.13ns)   --->   "%s_4 = sdiv i32 %s, %j_i" [cubiecube.cpp:203->cubiecube.cpp:656]   --->   Operation 112 'sdiv' 's_4' <Predicate = true> <Delay = 4.13> <Core = "DivnS_SEQ">   --->   Core 24 'DivnS_SEQ' <Latency = 35> <II = 32> <Delay = 4.13> <FuncUnit> <Opcode : 'sdiv' 'srem' 'udiv' 'urem'> <InPorts = 2> <OutPorts = 1>

State 15 <SV = 14> <Delay = 4.13>
ST_15 : Operation 113 [26/36] (4.13ns)   --->   "%s_4 = sdiv i32 %s, %j_i" [cubiecube.cpp:203->cubiecube.cpp:656]   --->   Operation 113 'sdiv' 's_4' <Predicate = true> <Delay = 4.13> <Core = "DivnS_SEQ">   --->   Core 24 'DivnS_SEQ' <Latency = 35> <II = 32> <Delay = 4.13> <FuncUnit> <Opcode : 'sdiv' 'srem' 'udiv' 'urem'> <InPorts = 2> <OutPorts = 1>

State 16 <SV = 15> <Delay = 4.13>
ST_16 : Operation 114 [25/36] (4.13ns)   --->   "%s_4 = sdiv i32 %s, %j_i" [cubiecube.cpp:203->cubiecube.cpp:656]   --->   Operation 114 'sdiv' 's_4' <Predicate = true> <Delay = 4.13> <Core = "DivnS_SEQ">   --->   Core 24 'DivnS_SEQ' <Latency = 35> <II = 32> <Delay = 4.13> <FuncUnit> <Opcode : 'sdiv' 'srem' 'udiv' 'urem'> <InPorts = 2> <OutPorts = 1>

State 17 <SV = 16> <Delay = 4.13>
ST_17 : Operation 115 [24/36] (4.13ns)   --->   "%s_4 = sdiv i32 %s, %j_i" [cubiecube.cpp:203->cubiecube.cpp:656]   --->   Operation 115 'sdiv' 's_4' <Predicate = true> <Delay = 4.13> <Core = "DivnS_SEQ">   --->   Core 24 'DivnS_SEQ' <Latency = 35> <II = 32> <Delay = 4.13> <FuncUnit> <Opcode : 'sdiv' 'srem' 'udiv' 'urem'> <InPorts = 2> <OutPorts = 1>

State 18 <SV = 17> <Delay = 4.13>
ST_18 : Operation 116 [23/36] (4.13ns)   --->   "%s_4 = sdiv i32 %s, %j_i" [cubiecube.cpp:203->cubiecube.cpp:656]   --->   Operation 116 'sdiv' 's_4' <Predicate = true> <Delay = 4.13> <Core = "DivnS_SEQ">   --->   Core 24 'DivnS_SEQ' <Latency = 35> <II = 32> <Delay = 4.13> <FuncUnit> <Opcode : 'sdiv' 'srem' 'udiv' 'urem'> <InPorts = 2> <OutPorts = 1>

State 19 <SV = 18> <Delay = 4.13>
ST_19 : Operation 117 [22/36] (4.13ns)   --->   "%s_4 = sdiv i32 %s, %j_i" [cubiecube.cpp:203->cubiecube.cpp:656]   --->   Operation 117 'sdiv' 's_4' <Predicate = true> <Delay = 4.13> <Core = "DivnS_SEQ">   --->   Core 24 'DivnS_SEQ' <Latency = 35> <II = 32> <Delay = 4.13> <FuncUnit> <Opcode : 'sdiv' 'srem' 'udiv' 'urem'> <InPorts = 2> <OutPorts = 1>

State 20 <SV = 19> <Delay = 4.13>
ST_20 : Operation 118 [21/36] (4.13ns)   --->   "%s_4 = sdiv i32 %s, %j_i" [cubiecube.cpp:203->cubiecube.cpp:656]   --->   Operation 118 'sdiv' 's_4' <Predicate = true> <Delay = 4.13> <Core = "DivnS_SEQ">   --->   Core 24 'DivnS_SEQ' <Latency = 35> <II = 32> <Delay = 4.13> <FuncUnit> <Opcode : 'sdiv' 'srem' 'udiv' 'urem'> <InPorts = 2> <OutPorts = 1>

State 21 <SV = 20> <Delay = 4.13>
ST_21 : Operation 119 [20/36] (4.13ns)   --->   "%s_4 = sdiv i32 %s, %j_i" [cubiecube.cpp:203->cubiecube.cpp:656]   --->   Operation 119 'sdiv' 's_4' <Predicate = true> <Delay = 4.13> <Core = "DivnS_SEQ">   --->   Core 24 'DivnS_SEQ' <Latency = 35> <II = 32> <Delay = 4.13> <FuncUnit> <Opcode : 'sdiv' 'srem' 'udiv' 'urem'> <InPorts = 2> <OutPorts = 1>

State 22 <SV = 21> <Delay = 4.13>
ST_22 : Operation 120 [19/36] (4.13ns)   --->   "%s_4 = sdiv i32 %s, %j_i" [cubiecube.cpp:203->cubiecube.cpp:656]   --->   Operation 120 'sdiv' 's_4' <Predicate = true> <Delay = 4.13> <Core = "DivnS_SEQ">   --->   Core 24 'DivnS_SEQ' <Latency = 35> <II = 32> <Delay = 4.13> <FuncUnit> <Opcode : 'sdiv' 'srem' 'udiv' 'urem'> <InPorts = 2> <OutPorts = 1>

State 23 <SV = 22> <Delay = 4.13>
ST_23 : Operation 121 [18/36] (4.13ns)   --->   "%s_4 = sdiv i32 %s, %j_i" [cubiecube.cpp:203->cubiecube.cpp:656]   --->   Operation 121 'sdiv' 's_4' <Predicate = true> <Delay = 4.13> <Core = "DivnS_SEQ">   --->   Core 24 'DivnS_SEQ' <Latency = 35> <II = 32> <Delay = 4.13> <FuncUnit> <Opcode : 'sdiv' 'srem' 'udiv' 'urem'> <InPorts = 2> <OutPorts = 1>

State 24 <SV = 23> <Delay = 4.13>
ST_24 : Operation 122 [17/36] (4.13ns)   --->   "%s_4 = sdiv i32 %s, %j_i" [cubiecube.cpp:203->cubiecube.cpp:656]   --->   Operation 122 'sdiv' 's_4' <Predicate = true> <Delay = 4.13> <Core = "DivnS_SEQ">   --->   Core 24 'DivnS_SEQ' <Latency = 35> <II = 32> <Delay = 4.13> <FuncUnit> <Opcode : 'sdiv' 'srem' 'udiv' 'urem'> <InPorts = 2> <OutPorts = 1>

State 25 <SV = 24> <Delay = 4.13>
ST_25 : Operation 123 [16/36] (4.13ns)   --->   "%s_4 = sdiv i32 %s, %j_i" [cubiecube.cpp:203->cubiecube.cpp:656]   --->   Operation 123 'sdiv' 's_4' <Predicate = true> <Delay = 4.13> <Core = "DivnS_SEQ">   --->   Core 24 'DivnS_SEQ' <Latency = 35> <II = 32> <Delay = 4.13> <FuncUnit> <Opcode : 'sdiv' 'srem' 'udiv' 'urem'> <InPorts = 2> <OutPorts = 1>

State 26 <SV = 25> <Delay = 4.13>
ST_26 : Operation 124 [15/36] (4.13ns)   --->   "%s_4 = sdiv i32 %s, %j_i" [cubiecube.cpp:203->cubiecube.cpp:656]   --->   Operation 124 'sdiv' 's_4' <Predicate = true> <Delay = 4.13> <Core = "DivnS_SEQ">   --->   Core 24 'DivnS_SEQ' <Latency = 35> <II = 32> <Delay = 4.13> <FuncUnit> <Opcode : 'sdiv' 'srem' 'udiv' 'urem'> <InPorts = 2> <OutPorts = 1>

State 27 <SV = 26> <Delay = 4.13>
ST_27 : Operation 125 [14/36] (4.13ns)   --->   "%s_4 = sdiv i32 %s, %j_i" [cubiecube.cpp:203->cubiecube.cpp:656]   --->   Operation 125 'sdiv' 's_4' <Predicate = true> <Delay = 4.13> <Core = "DivnS_SEQ">   --->   Core 24 'DivnS_SEQ' <Latency = 35> <II = 32> <Delay = 4.13> <FuncUnit> <Opcode : 'sdiv' 'srem' 'udiv' 'urem'> <InPorts = 2> <OutPorts = 1>

State 28 <SV = 27> <Delay = 4.13>
ST_28 : Operation 126 [13/36] (4.13ns)   --->   "%s_4 = sdiv i32 %s, %j_i" [cubiecube.cpp:203->cubiecube.cpp:656]   --->   Operation 126 'sdiv' 's_4' <Predicate = true> <Delay = 4.13> <Core = "DivnS_SEQ">   --->   Core 24 'DivnS_SEQ' <Latency = 35> <II = 32> <Delay = 4.13> <FuncUnit> <Opcode : 'sdiv' 'srem' 'udiv' 'urem'> <InPorts = 2> <OutPorts = 1>

State 29 <SV = 28> <Delay = 4.13>
ST_29 : Operation 127 [12/36] (4.13ns)   --->   "%s_4 = sdiv i32 %s, %j_i" [cubiecube.cpp:203->cubiecube.cpp:656]   --->   Operation 127 'sdiv' 's_4' <Predicate = true> <Delay = 4.13> <Core = "DivnS_SEQ">   --->   Core 24 'DivnS_SEQ' <Latency = 35> <II = 32> <Delay = 4.13> <FuncUnit> <Opcode : 'sdiv' 'srem' 'udiv' 'urem'> <InPorts = 2> <OutPorts = 1>

State 30 <SV = 29> <Delay = 4.13>
ST_30 : Operation 128 [11/36] (4.13ns)   --->   "%s_4 = sdiv i32 %s, %j_i" [cubiecube.cpp:203->cubiecube.cpp:656]   --->   Operation 128 'sdiv' 's_4' <Predicate = true> <Delay = 4.13> <Core = "DivnS_SEQ">   --->   Core 24 'DivnS_SEQ' <Latency = 35> <II = 32> <Delay = 4.13> <FuncUnit> <Opcode : 'sdiv' 'srem' 'udiv' 'urem'> <InPorts = 2> <OutPorts = 1>

State 31 <SV = 30> <Delay = 4.13>
ST_31 : Operation 129 [10/36] (4.13ns)   --->   "%s_4 = sdiv i32 %s, %j_i" [cubiecube.cpp:203->cubiecube.cpp:656]   --->   Operation 129 'sdiv' 's_4' <Predicate = true> <Delay = 4.13> <Core = "DivnS_SEQ">   --->   Core 24 'DivnS_SEQ' <Latency = 35> <II = 32> <Delay = 4.13> <FuncUnit> <Opcode : 'sdiv' 'srem' 'udiv' 'urem'> <InPorts = 2> <OutPorts = 1>

State 32 <SV = 31> <Delay = 4.13>
ST_32 : Operation 130 [9/36] (4.13ns)   --->   "%s_4 = sdiv i32 %s, %j_i" [cubiecube.cpp:203->cubiecube.cpp:656]   --->   Operation 130 'sdiv' 's_4' <Predicate = true> <Delay = 4.13> <Core = "DivnS_SEQ">   --->   Core 24 'DivnS_SEQ' <Latency = 35> <II = 32> <Delay = 4.13> <FuncUnit> <Opcode : 'sdiv' 'srem' 'udiv' 'urem'> <InPorts = 2> <OutPorts = 1>

State 33 <SV = 32> <Delay = 4.13>
ST_33 : Operation 131 [8/36] (4.13ns)   --->   "%s_4 = sdiv i32 %s, %j_i" [cubiecube.cpp:203->cubiecube.cpp:656]   --->   Operation 131 'sdiv' 's_4' <Predicate = true> <Delay = 4.13> <Core = "DivnS_SEQ">   --->   Core 24 'DivnS_SEQ' <Latency = 35> <II = 32> <Delay = 4.13> <FuncUnit> <Opcode : 'sdiv' 'srem' 'udiv' 'urem'> <InPorts = 2> <OutPorts = 1>

State 34 <SV = 33> <Delay = 4.13>
ST_34 : Operation 132 [7/36] (4.13ns)   --->   "%s_4 = sdiv i32 %s, %j_i" [cubiecube.cpp:203->cubiecube.cpp:656]   --->   Operation 132 'sdiv' 's_4' <Predicate = true> <Delay = 4.13> <Core = "DivnS_SEQ">   --->   Core 24 'DivnS_SEQ' <Latency = 35> <II = 32> <Delay = 4.13> <FuncUnit> <Opcode : 'sdiv' 'srem' 'udiv' 'urem'> <InPorts = 2> <OutPorts = 1>

State 35 <SV = 34> <Delay = 4.13>
ST_35 : Operation 133 [6/36] (4.13ns)   --->   "%s_4 = sdiv i32 %s, %j_i" [cubiecube.cpp:203->cubiecube.cpp:656]   --->   Operation 133 'sdiv' 's_4' <Predicate = true> <Delay = 4.13> <Core = "DivnS_SEQ">   --->   Core 24 'DivnS_SEQ' <Latency = 35> <II = 32> <Delay = 4.13> <FuncUnit> <Opcode : 'sdiv' 'srem' 'udiv' 'urem'> <InPorts = 2> <OutPorts = 1>

State 36 <SV = 35> <Delay = 4.13>
ST_36 : Operation 134 [5/36] (4.13ns)   --->   "%s_4 = sdiv i32 %s, %j_i" [cubiecube.cpp:203->cubiecube.cpp:656]   --->   Operation 134 'sdiv' 's_4' <Predicate = true> <Delay = 4.13> <Core = "DivnS_SEQ">   --->   Core 24 'DivnS_SEQ' <Latency = 35> <II = 32> <Delay = 4.13> <FuncUnit> <Opcode : 'sdiv' 'srem' 'udiv' 'urem'> <InPorts = 2> <OutPorts = 1>

State 37 <SV = 36> <Delay = 4.13>
ST_37 : Operation 135 [4/36] (4.13ns)   --->   "%s_4 = sdiv i32 %s, %j_i" [cubiecube.cpp:203->cubiecube.cpp:656]   --->   Operation 135 'sdiv' 's_4' <Predicate = true> <Delay = 4.13> <Core = "DivnS_SEQ">   --->   Core 24 'DivnS_SEQ' <Latency = 35> <II = 32> <Delay = 4.13> <FuncUnit> <Opcode : 'sdiv' 'srem' 'udiv' 'urem'> <InPorts = 2> <OutPorts = 1>

State 38 <SV = 37> <Delay = 4.13>
ST_38 : Operation 136 [3/36] (4.13ns)   --->   "%s_4 = sdiv i32 %s, %j_i" [cubiecube.cpp:203->cubiecube.cpp:656]   --->   Operation 136 'sdiv' 's_4' <Predicate = true> <Delay = 4.13> <Core = "DivnS_SEQ">   --->   Core 24 'DivnS_SEQ' <Latency = 35> <II = 32> <Delay = 4.13> <FuncUnit> <Opcode : 'sdiv' 'srem' 'udiv' 'urem'> <InPorts = 2> <OutPorts = 1>

State 39 <SV = 38> <Delay = 4.13>
ST_39 : Operation 137 [2/36] (4.13ns)   --->   "%s_4 = sdiv i32 %s, %j_i" [cubiecube.cpp:203->cubiecube.cpp:656]   --->   Operation 137 'sdiv' 's_4' <Predicate = true> <Delay = 4.13> <Core = "DivnS_SEQ">   --->   Core 24 'DivnS_SEQ' <Latency = 35> <II = 32> <Delay = 4.13> <FuncUnit> <Opcode : 'sdiv' 'srem' 'udiv' 'urem'> <InPorts = 2> <OutPorts = 1>

State 40 <SV = 39> <Delay = 4.13>
ST_40 : Operation 138 [1/1] (0.00ns)   --->   "call void (...)* @_ssdm_op_SpecLoopName([11 x i8]* @p_str30) nounwind" [cubiecube.cpp:200->cubiecube.cpp:656]   --->   Operation 138 'specloopname' <Predicate = true> <Delay = 0.00>
ST_40 : Operation 139 [1/1] (0.00ns)   --->   "%tmp_77_i = call i32 (...)* @_ssdm_op_SpecRegionBegin([11 x i8]* @p_str30) nounwind" [cubiecube.cpp:200->cubiecube.cpp:656]   --->   Operation 139 'specregionbegin' 'tmp_77_i' <Predicate = true> <Delay = 0.00>
ST_40 : Operation 140 [1/1] (0.00ns)   --->   "call void (...)* @_ssdm_op_SpecLoopTripCount(i32 0, i32 12, i32 6, [1 x i8]* @p_str131) nounwind" [cubiecube.cpp:201->cubiecube.cpp:656]   --->   Operation 140 'speclooptripcount' <Predicate = true> <Delay = 0.00>
ST_40 : Operation 141 [1/36] (4.13ns)   --->   "%s_4 = sdiv i32 %s, %j_i" [cubiecube.cpp:203->cubiecube.cpp:656]   --->   Operation 141 'sdiv' 's_4' <Predicate = true> <Delay = 4.13> <Core = "DivnS_SEQ">   --->   Core 24 'DivnS_SEQ' <Latency = 35> <II = 32> <Delay = 4.13> <FuncUnit> <Opcode : 'sdiv' 'srem' 'udiv' 'urem'> <InPorts = 2> <OutPorts = 1>
ST_40 : Operation 142 [1/1] (0.00ns)   --->   "%empty = call i32 (...)* @_ssdm_op_SpecRegionEnd([11 x i8]* @p_str30, i32 %tmp_77_i) nounwind" [cubiecube.cpp:204->cubiecube.cpp:656]   --->   Operation 142 'specregionend' 'empty' <Predicate = true> <Delay = 0.00>
ST_40 : Operation 143 [1/1] (0.00ns)   --->   "br label %3" [cubiecube.cpp:200->cubiecube.cpp:656]   --->   Operation 143 'br' <Predicate = true> <Delay = 0.00>

State 41 <SV = 4> <Delay = 4.32>
ST_41 : Operation 144 [1/1] (0.00ns) (grouped into LUT with out node a_3)   --->   "%p_0_i = phi i32 [ 0, %1 ], [ %s_i, %Cnk.exit.loopexit ]" [cubiecube.cpp:203->cubiecube.cpp:656]   --->   Operation 144 'phi' 'p_0_i' <Predicate = (or_cond)> <Delay = 0.00>
ST_41 : Operation 145 [1/1] (0.00ns)   --->   "%a_load_3 = load i32* %a_1" [cubiecube.cpp:656]   --->   Operation 145 'load' 'a_load_3' <Predicate = (or_cond)> <Delay = 0.00>
ST_41 : Operation 146 [1/1] (0.00ns)   --->   "%x_load_3 = load i32* %x"   --->   Operation 146 'load' 'x_load_3' <Predicate = (or_cond)> <Delay = 0.00>
ST_41 : Operation 147 [1/1] (2.55ns) (out node of the LUT)   --->   "%a_3 = add nsw i32 %p_0_i, %a_load_3" [cubiecube.cpp:656]   --->   Operation 147 'add' 'a_3' <Predicate = (or_cond)> <Delay = 2.55> <Core = "AddSub">   --->   Core 14 'AddSub' <Latency = 0> <II = 1> <Delay = 2.07> <FuncUnit> <Opcode : 'add' 'sub'> <InPorts = 2> <OutPorts = 1>
ST_41 : Operation 148 [1/1] (0.00ns)   --->   "%tmp_126 = trunc i32 %x_load_3 to i2"   --->   Operation 148 'trunc' 'tmp_126' <Predicate = (or_cond)> <Delay = 0.00>
ST_41 : Operation 149 [1/1] (1.13ns)   --->   "switch i2 %tmp_126, label %branch5 [
    i2 0, label %Cnk.exit..preheader4.backedge_crit_edge
    i2 1, label %branch4
  ]" [cubiecube.cpp:657]   --->   Operation 149 'switch' <Predicate = (or_cond)> <Delay = 1.13>
ST_41 : Operation 150 [1/1] (1.76ns)   --->   "store i32 %x_4, i32* %x" [cubiecube.cpp:194->cubiecube.cpp:656]   --->   Operation 150 'store' <Predicate = (or_cond & tmp_126 == 1)> <Delay = 1.76>
ST_41 : Operation 151 [1/1] (1.76ns)   --->   "store i32 %a_3, i32* %a_1" [cubiecube.cpp:656]   --->   Operation 151 'store' <Predicate = (or_cond & tmp_126 == 1)> <Delay = 1.76>
ST_41 : Operation 152 [1/1] (1.76ns)   --->   "store i4 %edge3_0, i4* %edge3_2_7" [cubiecube.cpp:657]   --->   Operation 152 'store' <Predicate = (or_cond & tmp_126 == 1)> <Delay = 1.76>
ST_41 : Operation 153 [1/1] (0.00ns)   --->   "br label %.preheader4.backedge" [cubiecube.cpp:657]   --->   Operation 153 'br' <Predicate = (or_cond & tmp_126 == 1)> <Delay = 0.00>
ST_41 : Operation 154 [1/1] (1.76ns)   --->   "store i32 %x_4, i32* %x" [cubiecube.cpp:657]   --->   Operation 154 'store' <Predicate = (or_cond & tmp_126 == 0)> <Delay = 1.76>
ST_41 : Operation 155 [1/1] (1.76ns)   --->   "store i32 %a_3, i32* %a_1" [cubiecube.cpp:656]   --->   Operation 155 'store' <Predicate = (or_cond & tmp_126 == 0)> <Delay = 1.76>
ST_41 : Operation 156 [1/1] (1.76ns)   --->   "store i4 %edge3_0, i4* %edge3_2_6" [cubiecube.cpp:657]   --->   Operation 156 'store' <Predicate = (or_cond & tmp_126 == 0)> <Delay = 1.76>
ST_41 : Operation 157 [1/1] (0.00ns)   --->   "br label %.preheader4.backedge" [cubiecube.cpp:657]   --->   Operation 157 'br' <Predicate = (or_cond & tmp_126 == 0)> <Delay = 0.00>
ST_41 : Operation 158 [1/1] (1.76ns)   --->   "store i32 %x_4, i32* %x" [cubiecube.cpp:194->cubiecube.cpp:656]   --->   Operation 158 'store' <Predicate = (or_cond & tmp_126 != 0 & tmp_126 != 1)> <Delay = 1.76>
ST_41 : Operation 159 [1/1] (1.76ns)   --->   "store i32 %a_3, i32* %a_1" [cubiecube.cpp:656]   --->   Operation 159 'store' <Predicate = (or_cond & tmp_126 != 0 & tmp_126 != 1)> <Delay = 1.76>
ST_41 : Operation 160 [1/1] (1.76ns)   --->   "store i4 %edge3_0, i4* %edge3_2_8" [cubiecube.cpp:657]   --->   Operation 160 'store' <Predicate = (or_cond & tmp_126 != 0 & tmp_126 != 1)> <Delay = 1.76>
ST_41 : Operation 161 [1/1] (0.00ns)   --->   "br label %.preheader4.backedge" [cubiecube.cpp:657]   --->   Operation 161 'br' <Predicate = (or_cond & tmp_126 != 0 & tmp_126 != 1)> <Delay = 0.00>
ST_41 : Operation 162 [1/1] (0.00ns)   --->   "br label %.preheader4"   --->   Operation 162 'br' <Predicate = true> <Delay = 0.00>

State 42 <SV = 2> <Delay = 4.62>
ST_42 : Operation 163 [1/1] (0.00ns)   --->   "%indvars_iv = phi i2 [ %indvars_iv_next, %7 ], [ -2, %.preheader3.preheader ]" [cubiecube.cpp:660]   --->   Operation 163 'phi' 'indvars_iv' <Predicate = true> <Delay = 0.00>
ST_42 : Operation 164 [1/1] (0.00ns)   --->   "%r_assign = phi i2 [ %j, %7 ], [ -2, %.preheader3.preheader ]"   --->   Operation 164 'phi' 'r_assign' <Predicate = true> <Delay = 0.00>
ST_42 : Operation 165 [1/1] (0.00ns)   --->   "%b = phi i32 [ %b_3, %7 ], [ 0, %.preheader3.preheader ]"   --->   Operation 165 'phi' 'b' <Predicate = true> <Delay = 0.00>
ST_42 : Operation 166 [1/1] (0.00ns)   --->   "%j_1_cast = zext i2 %r_assign to i3" [cubiecube.cpp:660]   --->   Operation 166 'zext' 'j_1_cast' <Predicate = true> <Delay = 0.00>
ST_42 : Operation 167 [1/1] (0.95ns)   --->   "%tmp_184 = icmp eq i2 %r_assign, 0" [cubiecube.cpp:660]   --->   Operation 167 'icmp' 'tmp_184' <Predicate = true> <Delay = 0.95> <Core = "Cmp">   --->   Core 25 'Cmp' <Latency = 0> <II = 1> <Delay = 0.95> <FuncUnit> <Opcode : 'icmp'> <InPorts = 2> <OutPorts = 1>
ST_42 : Operation 168 [1/1] (0.00ns)   --->   "call void (...)* @_ssdm_op_SpecLoopTripCount(i64 2, i64 2, i64 2)"   --->   Operation 168 'speclooptripcount' <Predicate = true> <Delay = 0.00>
ST_42 : Operation 169 [1/1] (0.00ns)   --->   "br i1 %tmp_184, label %8, label %.preheader.preheader" [cubiecube.cpp:660]   --->   Operation 169 'br' <Predicate = true> <Delay = 0.00>
ST_42 : Operation 170 [1/1] (1.65ns)   --->   "%tmp_187 = add i3 %j_1_cast, 3" [cubiecube.cpp:664]   --->   Operation 170 'add' 'tmp_187' <Predicate = (!tmp_184)> <Delay = 1.65> <Core = "AddSub">   --->   Core 14 'AddSub' <Latency = 0> <II = 1> <Delay = 2.07> <FuncUnit> <Opcode : 'add' 'sub'> <InPorts = 2> <OutPorts = 1>
ST_42 : Operation 171 [1/1] (0.00ns)   --->   "%tmp_225_cast = zext i3 %tmp_187 to i5" [cubiecube.cpp:664]   --->   Operation 171 'zext' 'tmp_225_cast' <Predicate = (!tmp_184)> <Delay = 0.00>
ST_42 : Operation 172 [1/1] (0.95ns)   --->   "%cond2 = icmp eq i2 %r_assign, 1" [cubiecube.cpp:664]   --->   Operation 172 'icmp' 'cond2' <Predicate = (!tmp_184)> <Delay = 0.95> <Core = "Cmp">   --->   Core 25 'Cmp' <Latency = 0> <II = 1> <Delay = 0.95> <FuncUnit> <Opcode : 'icmp'> <InPorts = 2> <OutPorts = 1>
ST_42 : Operation 173 [1/1] (1.76ns)   --->   "br label %.preheader" [cubiecube.cpp:664]   --->   Operation 173 'br' <Predicate = (!tmp_184)> <Delay = 1.76>
ST_42 : Operation 174 [1/1] (0.00ns)   --->   "%a_load = load i32* %a_1" [cubiecube.cpp:671]   --->   Operation 174 'load' 'a_load' <Predicate = (tmp_184)> <Delay = 0.00>
ST_42 : Operation 175 [1/1] (0.00ns) (grouped into LUT with out node tmp_185)   --->   "%tmp = shl i32 %a_load, 3" [cubiecube.cpp:671]   --->   Operation 175 'shl' 'tmp' <Predicate = (tmp_184)> <Delay = 0.00>
ST_42 : Operation 176 [1/1] (0.00ns) (grouped into LUT with out node tmp_185)   --->   "%tmp_123 = shl i32 %a_load, 1" [cubiecube.cpp:671]   --->   Operation 176 'shl' 'tmp_123' <Predicate = (tmp_184)> <Delay = 0.00>
ST_42 : Operation 177 [1/1] (2.55ns) (out node of the LUT)   --->   "%tmp_185 = sub i32 %tmp, %tmp_123" [cubiecube.cpp:671]   --->   Operation 177 'sub' 'tmp_185' <Predicate = (tmp_184)> <Delay = 2.55> <Core = "AddSub">   --->   Core 14 'AddSub' <Latency = 0> <II = 1> <Delay = 2.07> <FuncUnit> <Opcode : 'add' 'sub'> <InPorts = 2> <OutPorts = 1>
ST_42 : Operation 178 [1/1] (0.00ns)   --->   "%tmp_124 = trunc i32 %b to i16" [cubiecube.cpp:669]   --->   Operation 178 'trunc' 'tmp_124' <Predicate = (tmp_184)> <Delay = 0.00>
ST_42 : Operation 179 [1/1] (0.00ns)   --->   "%tmp_125 = trunc i32 %tmp_185 to i16" [cubiecube.cpp:671]   --->   Operation 179 'trunc' 'tmp_125' <Predicate = (tmp_184)> <Delay = 0.00>
ST_42 : Operation 180 [1/1] (2.07ns)   --->   "%tmp_186 = add i16 %tmp_125, %tmp_124" [cubiecube.cpp:671]   --->   Operation 180 'add' 'tmp_186' <Predicate = (tmp_184)> <Delay = 2.07> <Core = "AddSub">   --->   Core 14 'AddSub' <Latency = 0> <II = 1> <Delay = 2.07> <FuncUnit> <Opcode : 'add' 'sub'> <InPorts = 2> <OutPorts = 1>
ST_42 : Operation 181 [1/1] (0.00ns)   --->   "ret i16 %tmp_186" [cubiecube.cpp:671]   --->   Operation 181 'ret' <Predicate = (tmp_184)> <Delay = 0.00>

State 43 <SV = 3> <Delay = 2.55>
ST_43 : Operation 182 [1/1] (0.00ns)   --->   "%k = phi i32 [ 0, %.preheader.preheader ], [ %k_3, %rotateLeft_edge.1.exit ]"   --->   Operation 182 'phi' 'k' <Predicate = true> <Delay = 0.00>
ST_43 : Operation 183 [1/1] (0.00ns)   --->   "%edge3_1_3_load = load i4* %edge3_1_3"   --->   Operation 183 'load' 'edge3_1_3_load' <Predicate = true> <Delay = 0.00>
ST_43 : Operation 184 [1/1] (0.00ns)   --->   "%edge3_2_9_load = load i4* %edge3_2_9"   --->   Operation 184 'load' 'edge3_2_9_load' <Predicate = true> <Delay = 0.00>
ST_43 : Operation 185 [1/1] (0.00ns) (grouped into LUT with out node tmp_188)   --->   "%edge3_load_phi = select i1 %cond2, i4 %edge3_1_3_load, i4 %edge3_2_9_load" [cubiecube.cpp:664]   --->   Operation 185 'select' 'edge3_load_phi' <Predicate = true> <Delay = 0.00> <Core = "Sel">   --->   Core 26 'Sel' <Latency = 0> <II = 1> <Delay = 1.02> <FuncUnit> <Opcode : 'select'> <InPorts = 3> <OutPorts = 1>
ST_43 : Operation 186 [1/1] (0.00ns) (grouped into LUT with out node tmp_188)   --->   "%tmp_228_cast = zext i4 %edge3_load_phi to i5" [cubiecube.cpp:664]   --->   Operation 186 'zext' 'tmp_228_cast' <Predicate = true> <Delay = 0.00>
ST_43 : Operation 187 [1/1] (1.30ns) (out node of the LUT)   --->   "%tmp_188 = icmp eq i5 %tmp_228_cast, %tmp_225_cast" [cubiecube.cpp:664]   --->   Operation 187 'icmp' 'tmp_188' <Predicate = true> <Delay = 1.30> <Core = "Cmp">   --->   Core 25 'Cmp' <Latency = 0> <II = 1> <Delay = 0.95> <FuncUnit> <Opcode : 'icmp'> <InPorts = 2> <OutPorts = 1>
ST_43 : Operation 188 [1/1] (2.55ns)   --->   "%k_3 = add nsw i32 %k, 1" [cubiecube.cpp:667]   --->   Operation 188 'add' 'k_3' <Predicate = true> <Delay = 2.55> <Core = "AddSub">   --->   Core 14 'AddSub' <Latency = 0> <II = 1> <Delay = 2.07> <FuncUnit> <Opcode : 'add' 'sub'> <InPorts = 2> <OutPorts = 1>
ST_43 : Operation 189 [1/1] (0.00ns)   --->   "br i1 %tmp_188, label %7, label %5" [cubiecube.cpp:664]   --->   Operation 189 'br' <Predicate = true> <Delay = 0.00>
ST_43 : Operation 190 [1/1] (0.00ns)   --->   "%tmp_63 = call i32 (...)* @_ssdm_op_SpecRegionBegin([12 x i8]* @p_str939)" [cubiecube.cpp:664]   --->   Operation 190 'specregionbegin' 'tmp_63' <Predicate = (!tmp_188)> <Delay = 0.00>
ST_43 : Operation 191 [1/1] (0.00ns)   --->   "call void (...)* @_ssdm_op_SpecLoopTripCount(i32 0, i32 12, i32 6, [1 x i8]* @p_str131) nounwind" [cubiecube.cpp:665]   --->   Operation 191 'speclooptripcount' <Predicate = (!tmp_188)> <Delay = 0.00>
ST_43 : Operation 192 [1/1] (1.76ns)   --->   "br label %branch3.i" [cubiecube.cpp:238->cubiecube.cpp:666]   --->   Operation 192 'br' <Predicate = (!tmp_188)> <Delay = 1.76>
ST_43 : Operation 193 [1/1] (1.56ns)   --->   "%tmp_189 = add i2 %r_assign, 1" [cubiecube.cpp:669]   --->   Operation 193 'add' 'tmp_189' <Predicate = (tmp_188)> <Delay = 1.56> <Core = "AddSub">   --->   Core 14 'AddSub' <Latency = 0> <II = 1> <Delay = 2.07> <FuncUnit> <Opcode : 'add' 'sub'> <InPorts = 2> <OutPorts = 1>
ST_43 : Operation 194 [1/1] (1.56ns)   --->   "%j = add i2 %r_assign, -1" [cubiecube.cpp:660]   --->   Operation 194 'add' 'j' <Predicate = (tmp_188)> <Delay = 1.56> <Core = "AddSub">   --->   Core 14 'AddSub' <Latency = 0> <II = 1> <Delay = 2.07> <FuncUnit> <Opcode : 'add' 'sub'> <InPorts = 2> <OutPorts = 1>

State 44 <SV = 4> <Delay = 2.79>
ST_44 : Operation 195 [1/1] (0.00ns)   --->   "%arr2_i = phi i4 [ %edge3_2_9_load, %5 ], [ %arr2_i_be, %branch3.i.backedge ]" [cubiecube.cpp:241->cubiecube.cpp:666]   --->   Operation 195 'phi' 'arr2_i' <Predicate = true> <Delay = 0.00>
ST_44 : Operation 196 [1/1] (0.00ns)   --->   "%write_flag_i = phi i1 [ false, %5 ], [ %write_flag_i_be, %branch3.i.backedge ]"   --->   Operation 196 'phi' 'write_flag_i' <Predicate = true> <Delay = 0.00>
ST_44 : Operation 197 [1/1] (0.00ns)   --->   "%arr1_i = phi i4 [ %edge3_1_3_load, %5 ], [ %arr1_i_be, %branch3.i.backedge ]" [cubiecube.cpp:241->cubiecube.cpp:666]   --->   Operation 197 'phi' 'arr1_i' <Predicate = true> <Delay = 0.00>
ST_44 : Operation 198 [1/1] (0.00ns)   --->   "%arr_i = phi i4 [ undef, %5 ], [ %arr_i_be, %branch3.i.backedge ]" [cubiecube.cpp:241->cubiecube.cpp:666]   --->   Operation 198 'phi' 'arr_i' <Predicate = true> <Delay = 0.00>
ST_44 : Operation 199 [1/1] (0.00ns)   --->   "%i_i1 = phi i2 [ 0, %5 ], [ %i_29, %branch3.i.backedge ]"   --->   Operation 199 'phi' 'i_i1' <Predicate = true> <Delay = 0.00>
ST_44 : Operation 200 [1/1] (0.00ns)   --->   "call void (...)* @_ssdm_op_SpecLoopTripCount(i64 0, i64 2, i64 0)"   --->   Operation 200 'speclooptripcount' <Predicate = true> <Delay = 0.00>
ST_44 : Operation 201 [1/1] (0.95ns)   --->   "%exitcond1 = icmp eq i2 %i_i1, %indvars_iv" [cubiecube.cpp:238->cubiecube.cpp:666]   --->   Operation 201 'icmp' 'exitcond1' <Predicate = true> <Delay = 0.95> <Core = "Cmp">   --->   Core 25 'Cmp' <Latency = 0> <II = 1> <Delay = 0.95> <FuncUnit> <Opcode : 'icmp'> <InPorts = 2> <OutPorts = 1>
ST_44 : Operation 202 [1/1] (1.56ns)   --->   "%i_29 = add i2 %i_i1, 1" [cubiecube.cpp:241->cubiecube.cpp:666]   --->   Operation 202 'add' 'i_29' <Predicate = true> <Delay = 1.56> <Core = "AddSub">   --->   Core 14 'AddSub' <Latency = 0> <II = 1> <Delay = 2.07> <FuncUnit> <Opcode : 'add' 'sub'> <InPorts = 2> <OutPorts = 1>
ST_44 : Operation 203 [1/1] (0.00ns)   --->   "br i1 %exitcond1, label %rotateLeft_edge.1.exit, label %6" [cubiecube.cpp:238->cubiecube.cpp:666]   --->   Operation 203 'br' <Predicate = true> <Delay = 0.00>
ST_44 : Operation 204 [1/1] (0.95ns)   --->   "%cond_i = icmp eq i2 %i_i1, 0" [cubiecube.cpp:241->cubiecube.cpp:666]   --->   Operation 204 'icmp' 'cond_i' <Predicate = (!exitcond1)> <Delay = 0.95> <Core = "Cmp">   --->   Core 25 'Cmp' <Latency = 0> <II = 1> <Delay = 0.95> <FuncUnit> <Opcode : 'icmp'> <InPorts = 2> <OutPorts = 1>
ST_44 : Operation 205 [1/1] (1.02ns)   --->   "%arr_load_phi_i = select i1 %cond_i, i4 %arr1_i, i4 %arr2_i" [cubiecube.cpp:241->cubiecube.cpp:666]   --->   Operation 205 'select' 'arr_load_phi_i' <Predicate = (!exitcond1)> <Delay = 1.02> <Core = "Sel">   --->   Core 26 'Sel' <Latency = 0> <II = 1> <Delay = 1.02> <FuncUnit> <Opcode : 'select'> <InPorts = 3> <OutPorts = 1>
ST_44 : Operation 206 [1/1] (1.76ns)   --->   "switch i2 %i_i1, label %branch5.i [
    i2 0, label %branch3.i.backedge
    i2 1, label %branch4.i
  ]" [cubiecube.cpp:241->cubiecube.cpp:666]   --->   Operation 206 'switch' <Predicate = (!exitcond1)> <Delay = 1.76>
ST_44 : Operation 207 [1/1] (1.76ns)   --->   "br label %branch3.i.backedge" [cubiecube.cpp:241->cubiecube.cpp:666]   --->   Operation 207 'br' <Predicate = (!exitcond1 & i_i1 == 1)> <Delay = 1.76>
ST_44 : Operation 208 [1/1] (1.76ns)   --->   "br label %branch3.i.backedge" [cubiecube.cpp:241->cubiecube.cpp:666]   --->   Operation 208 'br' <Predicate = (!exitcond1 & i_i1 != 0 & i_i1 != 1)> <Delay = 1.76>
ST_44 : Operation 209 [1/1] (0.00ns)   --->   "%temp_load = load i4* %temp" [cubiecube.cpp:243->cubiecube.cpp:666]   --->   Operation 209 'load' 'temp_load' <Predicate = (exitcond1)> <Delay = 0.00>
ST_44 : Operation 210 [1/1] (1.02ns)   --->   "%edge3_2 = select i1 %cond2, i4 %arr2_i, i4 %temp_load" [cubiecube.cpp:664]   --->   Operation 210 'select' 'edge3_2' <Predicate = (exitcond1)> <Delay = 1.02> <Core = "Sel">   --->   Core 26 'Sel' <Latency = 0> <II = 1> <Delay = 1.02> <FuncUnit> <Opcode : 'select'> <InPorts = 3> <OutPorts = 1>
ST_44 : Operation 211 [1/1] (1.02ns)   --->   "%edge3_1 = select i1 %cond2, i4 %temp_load, i4 %arr1_i" [cubiecube.cpp:664]   --->   Operation 211 'select' 'edge3_1' <Predicate = (exitcond1)> <Delay = 1.02> <Core = "Sel">   --->   Core 26 'Sel' <Latency = 0> <II = 1> <Delay = 1.02> <FuncUnit> <Opcode : 'select'> <InPorts = 3> <OutPorts = 1>
ST_44 : Operation 212 [1/1] (1.02ns)   --->   "%edge3_0_2 = select i1 %write_flag_i, i4 %arr_i, i4 %temp_load" [cubiecube.cpp:243->cubiecube.cpp:666]   --->   Operation 212 'select' 'edge3_0_2' <Predicate = (exitcond1)> <Delay = 1.02> <Core = "Sel">   --->   Core 26 'Sel' <Latency = 0> <II = 1> <Delay = 1.02> <FuncUnit> <Opcode : 'select'> <InPorts = 3> <OutPorts = 1>
ST_44 : Operation 213 [1/1] (0.00ns)   --->   "%empty_39 = call i32 (...)* @_ssdm_op_SpecRegionEnd([12 x i8]* @p_str939, i32 %tmp_63)" [cubiecube.cpp:668]   --->   Operation 213 'specregionend' 'empty_39' <Predicate = (exitcond1)> <Delay = 0.00>
ST_44 : Operation 214 [1/1] (1.76ns)   --->   "store i4 %edge3_2, i4* %edge3_2_9" [cubiecube.cpp:666]   --->   Operation 214 'store' <Predicate = (exitcond1)> <Delay = 1.76>
ST_44 : Operation 215 [1/1] (1.76ns)   --->   "store i4 %edge3_1, i4* %edge3_1_3" [cubiecube.cpp:666]   --->   Operation 215 'store' <Predicate = (exitcond1)> <Delay = 1.76>
ST_44 : Operation 216 [1/1] (1.76ns)   --->   "store i4 %edge3_0_2, i4* %temp" [cubiecube.cpp:666]   --->   Operation 216 'store' <Predicate = (exitcond1)> <Delay = 1.76>
ST_44 : Operation 217 [1/1] (0.00ns)   --->   "br label %.preheader" [cubiecube.cpp:668]   --->   Operation 217 'br' <Predicate = (exitcond1)> <Delay = 0.00>

State 45 <SV = 5> <Delay = 0.00>
ST_45 : Operation 218 [1/1] (0.00ns)   --->   "%arr2_i_be = phi i4 [ %arr_load_phi_i, %branch5.i ], [ %arr2_i, %branch4.i ], [ %arr2_i, %6 ]" [cubiecube.cpp:241->cubiecube.cpp:666]   --->   Operation 218 'phi' 'arr2_i_be' <Predicate = true> <Delay = 0.00>
ST_45 : Operation 219 [1/1] (0.00ns)   --->   "%write_flag_i_be = phi i1 [ %write_flag_i, %branch5.i ], [ %write_flag_i, %branch4.i ], [ true, %6 ]"   --->   Operation 219 'phi' 'write_flag_i_be' <Predicate = true> <Delay = 0.00>
ST_45 : Operation 220 [1/1] (0.00ns)   --->   "%arr1_i_be = phi i4 [ %arr1_i, %branch5.i ], [ %arr_load_phi_i, %branch4.i ], [ %arr1_i, %6 ]" [cubiecube.cpp:241->cubiecube.cpp:666]   --->   Operation 220 'phi' 'arr1_i_be' <Predicate = true> <Delay = 0.00>
ST_45 : Operation 221 [1/1] (0.00ns)   --->   "%arr_i_be = phi i4 [ %arr_i, %branch5.i ], [ %arr_i, %branch4.i ], [ %arr_load_phi_i, %6 ]" [cubiecube.cpp:241->cubiecube.cpp:666]   --->   Operation 221 'phi' 'arr_i_be' <Predicate = true> <Delay = 0.00>
ST_45 : Operation 222 [1/1] (0.00ns)   --->   "br label %branch3.i"   --->   Operation 222 'br' <Predicate = true> <Delay = 0.00>

State 46 <SV = 4> <Delay = 8.51>
ST_46 : Operation 223 [1/1] (0.00ns)   --->   "%tmp_230_cast = zext i2 %tmp_189 to i32" [cubiecube.cpp:669]   --->   Operation 223 'zext' 'tmp_230_cast' <Predicate = true> <Delay = 0.00>
ST_46 : Operation 224 [1/1] (8.51ns)   --->   "%tmp_190 = mul nsw i32 %tmp_230_cast, %b" [cubiecube.cpp:669]   --->   Operation 224 'mul' 'tmp_190' <Predicate = true> <Delay = 8.51> <Core = "Mul">   --->   Core 16 'Mul' <Latency = 0> <II = 1> <Delay = 8.51> <FuncUnit> <Opcode : 'mul'> <InPorts = 2> <OutPorts = 1>
ST_46 : Operation 225 [1/1] (1.56ns)   --->   "%indvars_iv_next = add i2 %indvars_iv, -1" [cubiecube.cpp:660]   --->   Operation 225 'add' 'indvars_iv_next' <Predicate = true> <Delay = 1.56> <Core = "AddSub">   --->   Core 14 'AddSub' <Latency = 0> <II = 1> <Delay = 2.07> <FuncUnit> <Opcode : 'add' 'sub'> <InPorts = 2> <OutPorts = 1>

State 47 <SV = 5> <Delay = 2.55>
ST_47 : Operation 226 [1/1] (2.55ns)   --->   "%b_3 = add nsw i32 %k, %tmp_190" [cubiecube.cpp:669]   --->   Operation 226 'add' 'b_3' <Predicate = true> <Delay = 2.55> <Core = "AddSub">   --->   Core 14 'AddSub' <Latency = 0> <II = 1> <Delay = 2.07> <FuncUnit> <Opcode : 'add' 'sub'> <InPorts = 2> <OutPorts = 1>
ST_47 : Operation 227 [1/1] (0.00ns)   --->   "br label %.preheader3" [cubiecube.cpp:660]   --->   Operation 227 'br' <Predicate = true> <Delay = 0.00>


============================================================
+ Verbose Summary: Timing violations
============================================================
Target clock period: 10ns, clock uncertainty: 1.25ns.

 <State 1>: 1.77ns
The critical path consists of the following:
	'alloca' operation ('edge3[2]') [2]  (0 ns)
	'store' operation of constant 0 on local variable 'edge3[2]' [11]  (1.77 ns)

 <State 2>: 2.32ns
The critical path consists of the following:
	'phi' operation ('j') with incoming values : ('j', cubiecube.cpp:654) [14]  (0 ns)
	'getelementptr' operation ('cubiecube_0_ep_addr', cubiecube.cpp:655) [25]  (0 ns)
	'load' operation ('edge3[0]', cubiecube.cpp:655) on array 'cubiecube_0_ep' [26]  (2.32 ns)

 <State 3>: 7.66ns
The critical path consists of the following:
	'load' operation ('x_load', cubiecube.cpp:656) on local variable 'x' [32]  (0 ns)
	'add' operation ('k', cubiecube.cpp:656) [33]  (2.55 ns)
	'sub' operation ('k', cubiecube.cpp:199->cubiecube.cpp:656) [40]  (2.55 ns)
	'select' operation ('p_k_i', cubiecube.cpp:198->cubiecube.cpp:656) [41]  (0 ns)
	'add' operation ('tmp_380_i', cubiecube.cpp:200->cubiecube.cpp:656) [42]  (2.55 ns)

 <State 4>: 8.51ns
The critical path consists of the following:
	'phi' operation ('i') with incoming values : ('n_assign_cast4', cubiecube.cpp:654) ('i', cubiecube.cpp:200->cubiecube.cpp:656) [46]  (0 ns)
	'mul' operation ('s', cubiecube.cpp:202->cubiecube.cpp:656) [54]  (8.51 ns)

 <State 5>: 4.13ns
The critical path consists of the following:
	'sdiv' operation ('s', cubiecube.cpp:203->cubiecube.cpp:656) [55]  (4.13 ns)

 <State 6>: 4.13ns
The critical path consists of the following:
	'sdiv' operation ('s', cubiecube.cpp:203->cubiecube.cpp:656) [55]  (4.13 ns)

 <State 7>: 4.13ns
The critical path consists of the following:
	'sdiv' operation ('s', cubiecube.cpp:203->cubiecube.cpp:656) [55]  (4.13 ns)

 <State 8>: 4.13ns
The critical path consists of the following:
	'sdiv' operation ('s', cubiecube.cpp:203->cubiecube.cpp:656) [55]  (4.13 ns)

 <State 9>: 4.13ns
The critical path consists of the following:
	'sdiv' operation ('s', cubiecube.cpp:203->cubiecube.cpp:656) [55]  (4.13 ns)

 <State 10>: 4.13ns
The critical path consists of the following:
	'sdiv' operation ('s', cubiecube.cpp:203->cubiecube.cpp:656) [55]  (4.13 ns)

 <State 11>: 4.13ns
The critical path consists of the following:
	'sdiv' operation ('s', cubiecube.cpp:203->cubiecube.cpp:656) [55]  (4.13 ns)

 <State 12>: 4.13ns
The critical path consists of the following:
	'sdiv' operation ('s', cubiecube.cpp:203->cubiecube.cpp:656) [55]  (4.13 ns)

 <State 13>: 4.13ns
The critical path consists of the following:
	'sdiv' operation ('s', cubiecube.cpp:203->cubiecube.cpp:656) [55]  (4.13 ns)

 <State 14>: 4.13ns
The critical path consists of the following:
	'sdiv' operation ('s', cubiecube.cpp:203->cubiecube.cpp:656) [55]  (4.13 ns)

 <State 15>: 4.13ns
The critical path consists of the following:
	'sdiv' operation ('s', cubiecube.cpp:203->cubiecube.cpp:656) [55]  (4.13 ns)

 <State 16>: 4.13ns
The critical path consists of the following:
	'sdiv' operation ('s', cubiecube.cpp:203->cubiecube.cpp:656) [55]  (4.13 ns)

 <State 17>: 4.13ns
The critical path consists of the following:
	'sdiv' operation ('s', cubiecube.cpp:203->cubiecube.cpp:656) [55]  (4.13 ns)

 <State 18>: 4.13ns
The critical path consists of the following:
	'sdiv' operation ('s', cubiecube.cpp:203->cubiecube.cpp:656) [55]  (4.13 ns)

 <State 19>: 4.13ns
The critical path consists of the following:
	'sdiv' operation ('s', cubiecube.cpp:203->cubiecube.cpp:656) [55]  (4.13 ns)

 <State 20>: 4.13ns
The critical path consists of the following:
	'sdiv' operation ('s', cubiecube.cpp:203->cubiecube.cpp:656) [55]  (4.13 ns)

 <State 21>: 4.13ns
The critical path consists of the following:
	'sdiv' operation ('s', cubiecube.cpp:203->cubiecube.cpp:656) [55]  (4.13 ns)

 <State 22>: 4.13ns
The critical path consists of the following:
	'sdiv' operation ('s', cubiecube.cpp:203->cubiecube.cpp:656) [55]  (4.13 ns)

 <State 23>: 4.13ns
The critical path consists of the following:
	'sdiv' operation ('s', cubiecube.cpp:203->cubiecube.cpp:656) [55]  (4.13 ns)

 <State 24>: 4.13ns
The critical path consists of the following:
	'sdiv' operation ('s', cubiecube.cpp:203->cubiecube.cpp:656) [55]  (4.13 ns)

 <State 25>: 4.13ns
The critical path consists of the following:
	'sdiv' operation ('s', cubiecube.cpp:203->cubiecube.cpp:656) [55]  (4.13 ns)

 <State 26>: 4.13ns
The critical path consists of the following:
	'sdiv' operation ('s', cubiecube.cpp:203->cubiecube.cpp:656) [55]  (4.13 ns)

 <State 27>: 4.13ns
The critical path consists of the following:
	'sdiv' operation ('s', cubiecube.cpp:203->cubiecube.cpp:656) [55]  (4.13 ns)

 <State 28>: 4.13ns
The critical path consists of the following:
	'sdiv' operation ('s', cubiecube.cpp:203->cubiecube.cpp:656) [55]  (4.13 ns)

 <State 29>: 4.13ns
The critical path consists of the following:
	'sdiv' operation ('s', cubiecube.cpp:203->cubiecube.cpp:656) [55]  (4.13 ns)

 <State 30>: 4.13ns
The critical path consists of the following:
	'sdiv' operation ('s', cubiecube.cpp:203->cubiecube.cpp:656) [55]  (4.13 ns)

 <State 31>: 4.13ns
The critical path consists of the following:
	'sdiv' operation ('s', cubiecube.cpp:203->cubiecube.cpp:656) [55]  (4.13 ns)

 <State 32>: 4.13ns
The critical path consists of the following:
	'sdiv' operation ('s', cubiecube.cpp:203->cubiecube.cpp:656) [55]  (4.13 ns)

 <State 33>: 4.13ns
The critical path consists of the following:
	'sdiv' operation ('s', cubiecube.cpp:203->cubiecube.cpp:656) [55]  (4.13 ns)

 <State 34>: 4.13ns
The critical path consists of the following:
	'sdiv' operation ('s', cubiecube.cpp:203->cubiecube.cpp:656) [55]  (4.13 ns)

 <State 35>: 4.13ns
The critical path consists of the following:
	'sdiv' operation ('s', cubiecube.cpp:203->cubiecube.cpp:656) [55]  (4.13 ns)

 <State 36>: 4.13ns
The critical path consists of the following:
	'sdiv' operation ('s', cubiecube.cpp:203->cubiecube.cpp:656) [55]  (4.13 ns)

 <State 37>: 4.13ns
The critical path consists of the following:
	'sdiv' operation ('s', cubiecube.cpp:203->cubiecube.cpp:656) [55]  (4.13 ns)

 <State 38>: 4.13ns
The critical path consists of the following:
	'sdiv' operation ('s', cubiecube.cpp:203->cubiecube.cpp:656) [55]  (4.13 ns)

 <State 39>: 4.13ns
The critical path consists of the following:
	'sdiv' operation ('s', cubiecube.cpp:203->cubiecube.cpp:656) [55]  (4.13 ns)

 <State 40>: 4.13ns
The critical path consists of the following:
	'sdiv' operation ('s', cubiecube.cpp:203->cubiecube.cpp:656) [55]  (4.13 ns)

 <State 41>: 4.32ns
The critical path consists of the following:
	'phi' operation ('p_0_i', cubiecube.cpp:203->cubiecube.cpp:656) with incoming values : ('s', cubiecube.cpp:203->cubiecube.cpp:656) [63]  (0 ns)
	'add' operation ('a', cubiecube.cpp:656) [66]  (2.55 ns)
	'store' operation (cubiecube.cpp:656) of variable 'a', cubiecube.cpp:656 on local variable 'a' [71]  (1.77 ns)

 <State 42>: 4.63ns
The critical path consists of the following:
	'load' operation ('a_load', cubiecube.cpp:671) on local variable 'a' [163]  (0 ns)
	'shl' operation ('tmp', cubiecube.cpp:671) [164]  (0 ns)
	'sub' operation ('tmp_185', cubiecube.cpp:671) [166]  (2.55 ns)
	'add' operation ('tmp_186', cubiecube.cpp:671) [169]  (2.08 ns)

 <State 43>: 2.55ns
The critical path consists of the following:
	'phi' operation ('k') with incoming values : ('k', cubiecube.cpp:667) [108]  (0 ns)
	'add' operation ('k', cubiecube.cpp:667) [114]  (2.55 ns)

 <State 44>: 2.79ns
The critical path consists of the following:
	'phi' operation ('arr2_i', cubiecube.cpp:241->cubiecube.cpp:666) with incoming values : ('edge3_2_9_load') ('arr_load_phi_i', cubiecube.cpp:241->cubiecube.cpp:666) [121]  (0 ns)
	'select' operation ('edge3[2]', cubiecube.cpp:664) [146]  (1.02 ns)
	'store' operation (cubiecube.cpp:666) of variable 'edge3[2]', cubiecube.cpp:664 on local variable 'edge3[2]' [150]  (1.77 ns)

 <State 45>: 0ns
The critical path consists of the following:

 <State 46>: 8.51ns
The critical path consists of the following:
	'mul' operation ('tmp_190', cubiecube.cpp:669) [157]  (8.51 ns)

 <State 47>: 2.55ns
The critical path consists of the following:
	'add' operation ('b', cubiecube.cpp:669) [158]  (2.55 ns)


============================================================
+ Verbose Summary: Binding
============================================================
N/A
* FSMD analyzer results:
  - Output states:
 - Input state : 
  - Chain level:
	State 1
	State 2
	State 3
	State 4
	State 5
	State 6
	State 7
	State 8
	State 9
	State 10
	State 11
	State 12
	State 13
	State 14
	State 15
	State 16
	State 17
	State 18
	State 19
	State 20
	State 21
	State 22
	State 23
	State 24
	State 25
	State 26
	State 27
	State 28
	State 29
	State 30
	State 31
	State 32
	State 33
	State 34
	State 35
	State 36
	State 37
	State 38
	State 39
	State 40
	State 41
	State 42
	State 43
	State 44
	State 45
	State 46
	State 47


============================================================
+ Verbose Summary: Datapath Resource usage 
============================================================
N/A
