

================================================================
== Vivado HLS Report for 'getURFtoDLF'
================================================================
* Date:           Thu Jul  4 02:07:02 2019

* Version:        2018.2 (Build 2258646 on Thu Jun 14 20:25:20 MDT 2018)
* Project:        kociembaHls
* Solution:       solution1
* Product family: zynq
* Target device:  xc7z020clg400-1


================================================================
== Performance Estimates
================================================================
+ Timing (ns): 
    * Summary: 
    +--------+-------+----------+------------+
    |  Clock | Target| Estimated| Uncertainty|
    +--------+-------+----------+------------+
    |ap_clk  |  10.00|     8.510|        1.25|
    +--------+-------+----------+------------+

+ Latency (clock cycles): 
    * Summary: 
    +-----+------+-----+------+---------+
    |   Latency  |  Interval  | Pipeline|
    | min |  max | min |  max |   Type  |
    +-----+------+-----+------+---------+
    |   57|  4177|   57|  4177|   none  |
    +-----+------+-----+------+---------+

    + Detail: 
        * Instance: 
        N/A

        * Loop: 
        +-----------------+-----+------+----------+-----------+-----------+--------+----------+
        |                 |   Latency  | Iteration|  Initiation Interval  |  Trip  |          |
        |    Loop Name    | min |  max |  Latency |  achieved |   target  |  Count | Pipelined|
        +-----------------+-----+------+----------+-----------+-----------+--------+----------+
        |- Loop 1         |    4|     4|         1|          -|          -|       5|    no    |
        |- Loop 2         |   24|  3584|  3 ~ 448 |          -|          -|       8|    no    |
        | + Cnk_label1    |    0|   444|        37|          -|          -| 0 ~ 12 |    no    |
        |- Loop 3         |   25|   585|  5 ~ 117 |          -|          -|       5|    no    |
        | + Loop 3.1      |    1|   113|  6 ~ 14  |          -|          -|  0 ~ 8 |    no    |
        |  ++ Loop 3.1.1  |    2|    10|         2|          -|          -|  1 ~ 5 |    no    |
        +-----------------+-----+------+----------+-----------+-----------+--------+----------+

============================================================
+ Verbose Summary: Synthesis Manager
============================================================
InlineROM: 1
ExposeGlobal: 0
============================================================
+ Verbose Summary: CDFG Model
============================================================
IsTopModel: 0
ResetActiveHigh: 1
IsCombinational: 0
IsDatapathOnly: 0
HasWiredReturn: 1
HasMFsm: 0
HasVarLatency: 1
IsPipeline: 0
IsRtlPipelined: 0
IsInstanceOverlapped: 0
IsDontTouch: 0
HasImplIP: 0
IsGatedGlobalClock: 0


============================================================
+ Verbose Summary: Schedule
============================================================
* Number of FSM states : 51
* Pipeline : 0
* Dataflow Pipeline: 0

* FSM state transitions: 
1 --> 
	2  / true
2 --> 
	2  / (!tmp_s)
	3  / (tmp_s)
3 --> 
	4  / (!exitcond)
	43  / (exitcond)
4 --> 
	42  / (!tmp_173)
	5  / (tmp_173)
5 --> 
	6  / (!tmp_i & !exitcond_i)
	42  / (tmp_i) | (exitcond_i)
6 --> 
	7  / true
7 --> 
	8  / true
8 --> 
	9  / true
9 --> 
	10  / true
10 --> 
	11  / true
11 --> 
	12  / true
12 --> 
	13  / true
13 --> 
	14  / true
14 --> 
	15  / true
15 --> 
	16  / true
16 --> 
	17  / true
17 --> 
	18  / true
18 --> 
	19  / true
19 --> 
	20  / true
20 --> 
	21  / true
21 --> 
	22  / true
22 --> 
	23  / true
23 --> 
	24  / true
24 --> 
	25  / true
25 --> 
	26  / true
26 --> 
	27  / true
27 --> 
	28  / true
28 --> 
	29  / true
29 --> 
	30  / true
30 --> 
	31  / true
31 --> 
	32  / true
32 --> 
	33  / true
33 --> 
	34  / true
34 --> 
	35  / true
35 --> 
	36  / true
36 --> 
	37  / true
37 --> 
	38  / true
38 --> 
	39  / true
39 --> 
	40  / true
40 --> 
	41  / true
41 --> 
	5  / true
42 --> 
	3  / true
43 --> 
	51  / (tmp_174)
	44  / (!tmp_174)
44 --> 
	45  / true
45 --> 
	46  / (!tmp_178)
	49  / (tmp_178)
46 --> 
	47  / true
47 --> 
	48  / (!exitcond5)
	44  / (exitcond5)
48 --> 
	47  / true
49 --> 
	50  / true
50 --> 
	43  / true
51 --> 

* FSM state operations: 

State 1 <SV = 0> <Delay = 2.32>
ST_1 : Operation 52 [1/1] (0.00ns)   --->   "%corner6 = alloca [6 x i3], align 1" [cubiecube.cpp:491]   --->   Operation 52 'alloca' 'corner6' <Predicate = true> <Delay = 0.00> <Core = "RAM">   --->   Core 37 'RAM' <Latency = 1> <II = 1> <Delay = 2.32> <Storage> <Opcode : 'load' 'store'> <Ports = 2> <Width = 3> <Depth = 6> <RAM>
ST_1 : Operation 53 [1/1] (0.00ns)   --->   "%corner6_addr = getelementptr inbounds [6 x i3]* %corner6, i64 0, i64 0" [cubiecube.cpp:491]   --->   Operation 53 'getelementptr' 'corner6_addr' <Predicate = true> <Delay = 0.00>
ST_1 : Operation 54 [1/1] (2.32ns)   --->   "store i3 0, i3* %corner6_addr, align 1" [cubiecube.cpp:491]   --->   Operation 54 'store' <Predicate = true> <Delay = 2.32> <Core = "RAM">   --->   Core 37 'RAM' <Latency = 1> <II = 1> <Delay = 2.32> <Storage> <Opcode : 'load' 'store'> <Ports = 2> <Width = 3> <Depth = 6> <RAM>
ST_1 : Operation 55 [1/1] (1.76ns)   --->   "br label %._crit_edge" [cubiecube.cpp:491]   --->   Operation 55 'br' <Predicate = true> <Delay = 1.76>

State 2 <SV = 1> <Delay = 3.97>
ST_2 : Operation 56 [1/1] (0.00ns)   --->   "%p_rec = phi i3 [ 0, %0 ], [ %p_sum, %._crit_edge ]"   --->   Operation 56 'phi' 'p_rec' <Predicate = true> <Delay = 0.00>
ST_2 : Operation 57 [1/1] (1.65ns)   --->   "%p_sum = add i3 %p_rec, 1"   --->   Operation 57 'add' 'p_sum' <Predicate = true> <Delay = 1.65> <Core = "AddSub">   --->   Core 14 'AddSub' <Latency = 0> <II = 1> <Delay = 2.55> <FuncUnit> <Opcode : 'add' 'sub'> <InPorts = 2> <OutPorts = 1>
ST_2 : Operation 58 [1/1] (0.00ns)   --->   "%p_sum_cast = zext i3 %p_sum to i64"   --->   Operation 58 'zext' 'p_sum_cast' <Predicate = true> <Delay = 0.00>
ST_2 : Operation 59 [1/1] (0.00ns)   --->   "%corner6_addr_1 = getelementptr [6 x i3]* %corner6, i64 0, i64 %p_sum_cast"   --->   Operation 59 'getelementptr' 'corner6_addr_1' <Predicate = true> <Delay = 0.00>
ST_2 : Operation 60 [1/1] (2.32ns)   --->   "store i3 0, i3* %corner6_addr_1, align 1" [cubiecube.cpp:491]   --->   Operation 60 'store' <Predicate = true> <Delay = 2.32> <Core = "RAM">   --->   Core 37 'RAM' <Latency = 1> <II = 1> <Delay = 2.32> <Storage> <Opcode : 'load' 'store'> <Ports = 2> <Width = 3> <Depth = 6> <RAM>
ST_2 : Operation 61 [1/1] (1.13ns)   --->   "%tmp_s = icmp eq i3 %p_rec, -4" [cubiecube.cpp:491]   --->   Operation 61 'icmp' 'tmp_s' <Predicate = true> <Delay = 1.13> <Core = "Cmp">   --->   Core 25 'Cmp' <Latency = 0> <II = 1> <Delay = 1.13> <FuncUnit> <Opcode : 'icmp'> <InPorts = 2> <OutPorts = 1>
ST_2 : Operation 62 [1/1] (0.00ns)   --->   "call void (...)* @_ssdm_op_SpecLoopTripCount(i64 5, i64 5, i64 5)"   --->   Operation 62 'speclooptripcount' <Predicate = true> <Delay = 0.00>
ST_2 : Operation 63 [1/1] (0.00ns)   --->   "br i1 %tmp_s, label %.preheader4.preheader, label %._crit_edge" [cubiecube.cpp:491]   --->   Operation 63 'br' <Predicate = true> <Delay = 0.00>
ST_2 : Operation 64 [1/1] (0.00ns)   --->   "%a_1 = alloca i32"   --->   Operation 64 'alloca' 'a_1' <Predicate = (tmp_s)> <Delay = 0.00>
ST_2 : Operation 65 [1/1] (0.00ns)   --->   "%x = alloca i32"   --->   Operation 65 'alloca' 'x' <Predicate = (tmp_s)> <Delay = 0.00>
ST_2 : Operation 66 [1/1] (1.76ns)   --->   "store i32 0, i32* %x"   --->   Operation 66 'store' <Predicate = (tmp_s)> <Delay = 1.76>
ST_2 : Operation 67 [1/1] (1.76ns)   --->   "store i32 0, i32* %a_1"   --->   Operation 67 'store' <Predicate = (tmp_s)> <Delay = 1.76>
ST_2 : Operation 68 [1/1] (1.76ns)   --->   "br label %.preheader4" [cubiecube.cpp:493]   --->   Operation 68 'br' <Predicate = (tmp_s)> <Delay = 1.76>

State 3 <SV = 2> <Delay = 2.32>
ST_3 : Operation 69 [1/1] (0.00ns)   --->   "%i = phi i4 [ 0, %.preheader4.preheader ], [ %j_8, %.preheader4.backedge ]"   --->   Operation 69 'phi' 'i' <Predicate = true> <Delay = 0.00>
ST_3 : Operation 70 [1/1] (0.00ns)   --->   "%n_assign_cast3 = zext i4 %i to i32" [cubiecube.cpp:493]   --->   Operation 70 'zext' 'n_assign_cast3' <Predicate = true> <Delay = 0.00>
ST_3 : Operation 71 [1/1] (1.30ns)   --->   "%exitcond = icmp eq i4 %i, -8" [cubiecube.cpp:493]   --->   Operation 71 'icmp' 'exitcond' <Predicate = true> <Delay = 1.30> <Core = "Cmp">   --->   Core 25 'Cmp' <Latency = 0> <II = 1> <Delay = 1.13> <FuncUnit> <Opcode : 'icmp'> <InPorts = 2> <OutPorts = 1>
ST_3 : Operation 72 [1/1] (0.00ns)   --->   "call void (...)* @_ssdm_op_SpecLoopTripCount(i64 8, i64 8, i64 8)"   --->   Operation 72 'speclooptripcount' <Predicate = true> <Delay = 0.00>
ST_3 : Operation 73 [1/1] (1.73ns)   --->   "%j_8 = add i4 %i, 1" [cubiecube.cpp:493]   --->   Operation 73 'add' 'j_8' <Predicate = true> <Delay = 1.73> <Core = "AddSub">   --->   Core 14 'AddSub' <Latency = 0> <II = 1> <Delay = 2.55> <FuncUnit> <Opcode : 'add' 'sub'> <InPorts = 2> <OutPorts = 1>
ST_3 : Operation 74 [1/1] (0.00ns)   --->   "br i1 %exitcond, label %.preheader3.preheader, label %1" [cubiecube.cpp:493]   --->   Operation 74 'br' <Predicate = true> <Delay = 0.00>
ST_3 : Operation 75 [1/1] (0.00ns)   --->   "%tmp_172 = zext i4 %i to i64" [cubiecube.cpp:494]   --->   Operation 75 'zext' 'tmp_172' <Predicate = (!exitcond)> <Delay = 0.00>
ST_3 : Operation 76 [1/1] (0.00ns)   --->   "%cubiecube_0_cp_addr = getelementptr [8 x i3]* %cubiecube_0_cp, i64 0, i64 %tmp_172" [cubiecube.cpp:494]   --->   Operation 76 'getelementptr' 'cubiecube_0_cp_addr' <Predicate = (!exitcond)> <Delay = 0.00>
ST_3 : Operation 77 [2/2] (2.32ns)   --->   "%cubiecube_0_cp_load = load i3* %cubiecube_0_cp_addr, align 1" [cubiecube.cpp:494]   --->   Operation 77 'load' 'cubiecube_0_cp_load' <Predicate = (!exitcond)> <Delay = 2.32> <Core = "RAM">   --->   Core 37 'RAM' <Latency = 1> <II = 1> <Delay = 2.32> <Storage> <Opcode : 'load' 'store'> <Ports = 2> <Width = 3> <Depth = 6> <RAM>
ST_3 : Operation 78 [1/1] (1.76ns)   --->   "br label %.preheader3" [cubiecube.cpp:499]   --->   Operation 78 'br' <Predicate = (exitcond)> <Delay = 1.76>

State 4 <SV = 3> <Delay = 7.65>
ST_4 : Operation 79 [1/2] (2.32ns)   --->   "%cubiecube_0_cp_load = load i3* %cubiecube_0_cp_addr, align 1" [cubiecube.cpp:494]   --->   Operation 79 'load' 'cubiecube_0_cp_load' <Predicate = true> <Delay = 2.32> <Core = "RAM">   --->   Core 37 'RAM' <Latency = 1> <II = 1> <Delay = 2.32> <Storage> <Opcode : 'load' 'store'> <Ports = 2> <Width = 3> <Depth = 6> <RAM>
ST_4 : Operation 80 [1/1] (1.13ns)   --->   "%tmp_173 = icmp ult i3 %cubiecube_0_cp_load, -2" [cubiecube.cpp:494]   --->   Operation 80 'icmp' 'tmp_173' <Predicate = true> <Delay = 1.13> <Core = "Cmp">   --->   Core 25 'Cmp' <Latency = 0> <II = 1> <Delay = 1.13> <FuncUnit> <Opcode : 'icmp'> <InPorts = 2> <OutPorts = 1>
ST_4 : Operation 81 [1/1] (0.00ns)   --->   "br i1 %tmp_173, label %2, label %.preheader4.backedge" [cubiecube.cpp:494]   --->   Operation 81 'br' <Predicate = true> <Delay = 0.00>
ST_4 : Operation 82 [1/1] (0.00ns)   --->   "%x_load = load i32* %x" [cubiecube.cpp:495]   --->   Operation 82 'load' 'x_load' <Predicate = (tmp_173)> <Delay = 0.00>
ST_4 : Operation 83 [1/1] (2.55ns)   --->   "%x_3 = add nsw i32 %x_load, 1" [cubiecube.cpp:495]   --->   Operation 83 'add' 'x_3' <Predicate = (tmp_173)> <Delay = 2.55> <Core = "AddSub">   --->   Core 14 'AddSub' <Latency = 0> <II = 1> <Delay = 2.55> <FuncUnit> <Opcode : 'add' 'sub'> <InPorts = 2> <OutPorts = 1>
ST_4 : Operation 84 [1/1] (2.47ns)   --->   "%tmp_i = icmp slt i32 %n_assign_cast3, %x_3" [cubiecube.cpp:196->cubiecube.cpp:495]   --->   Operation 84 'icmp' 'tmp_i' <Predicate = (tmp_173)> <Delay = 2.47> <Core = "Cmp">   --->   Core 25 'Cmp' <Latency = 0> <II = 1> <Delay = 1.13> <FuncUnit> <Opcode : 'icmp'> <InPorts = 2> <OutPorts = 1>
ST_4 : Operation 85 [1/1] (1.76ns)   --->   "br i1 %tmp_i, label %Cnk.exit, label %3" [cubiecube.cpp:196->cubiecube.cpp:495]   --->   Operation 85 'br' <Predicate = (tmp_173)> <Delay = 1.76>
ST_4 : Operation 86 [1/1] (0.00ns)   --->   "%p_lshr_f_i_cast = call i2 @_ssdm_op_PartSelect.i2.i4.i32.i32(i4 %i, i32 1, i32 2)" [cubiecube.cpp:198->cubiecube.cpp:495]   --->   Operation 86 'partselect' 'p_lshr_f_i_cast' <Predicate = (tmp_173 & !tmp_i)> <Delay = 0.00>
ST_4 : Operation 87 [1/1] (0.00ns)   --->   "%tmp_i_cast = zext i2 %p_lshr_f_i_cast to i32" [cubiecube.cpp:198->cubiecube.cpp:495]   --->   Operation 87 'zext' 'tmp_i_cast' <Predicate = (tmp_173 & !tmp_i)> <Delay = 0.00>
ST_4 : Operation 88 [1/1] (2.47ns)   --->   "%tmp_379_i = icmp slt i32 %tmp_i_cast, %x_3" [cubiecube.cpp:198->cubiecube.cpp:495]   --->   Operation 88 'icmp' 'tmp_379_i' <Predicate = (tmp_173 & !tmp_i)> <Delay = 2.47> <Core = "Cmp">   --->   Core 25 'Cmp' <Latency = 0> <II = 1> <Delay = 1.13> <FuncUnit> <Opcode : 'icmp'> <InPorts = 2> <OutPorts = 1>
ST_4 : Operation 89 [1/1] (2.55ns)   --->   "%k_assign_2 = sub nsw i32 %n_assign_cast3, %x_3" [cubiecube.cpp:199->cubiecube.cpp:495]   --->   Operation 89 'sub' 'k_assign_2' <Predicate = (tmp_173 & !tmp_i)> <Delay = 2.55> <Core = "AddSub">   --->   Core 14 'AddSub' <Latency = 0> <II = 1> <Delay = 2.55> <FuncUnit> <Opcode : 'add' 'sub'> <InPorts = 2> <OutPorts = 1>
ST_4 : Operation 90 [1/1] (0.00ns) (grouped into LUT with out node tmp_380_i)   --->   "%p_k_i = select i1 %tmp_379_i, i32 %k_assign_2, i32 %x_3" [cubiecube.cpp:198->cubiecube.cpp:495]   --->   Operation 90 'select' 'p_k_i' <Predicate = (tmp_173 & !tmp_i)> <Delay = 0.00> <Core = "Sel">   --->   Core 26 'Sel' <Latency = 0> <II = 1> <Delay = 0.69> <FuncUnit> <Opcode : 'select'> <InPorts = 3> <OutPorts = 1>
ST_4 : Operation 91 [1/1] (2.55ns) (out node of the LUT)   --->   "%tmp_380_i = add i32 %p_k_i, 1" [cubiecube.cpp:200->cubiecube.cpp:495]   --->   Operation 91 'add' 'tmp_380_i' <Predicate = (tmp_173 & !tmp_i)> <Delay = 2.55> <Core = "AddSub">   --->   Core 14 'AddSub' <Latency = 0> <II = 1> <Delay = 2.55> <FuncUnit> <Opcode : 'add' 'sub'> <InPorts = 2> <OutPorts = 1>
ST_4 : Operation 92 [1/1] (1.76ns)   --->   "br label %4" [cubiecube.cpp:200->cubiecube.cpp:495]   --->   Operation 92 'br' <Predicate = (tmp_173 & !tmp_i)> <Delay = 1.76>

State 5 <SV = 4> <Delay = 8.51>
ST_5 : Operation 93 [1/1] (0.00ns)   --->   "%j_i = phi i32 [ 1, %3 ], [ %j_7, %5 ]"   --->   Operation 93 'phi' 'j_i' <Predicate = (!tmp_i)> <Delay = 0.00>
ST_5 : Operation 94 [1/1] (0.00ns)   --->   "%i_i = phi i32 [ %n_assign_cast3, %3 ], [ %i_26, %5 ]"   --->   Operation 94 'phi' 'i_i' <Predicate = (!tmp_i)> <Delay = 0.00>
ST_5 : Operation 95 [1/1] (0.00ns)   --->   "%s_i = phi i32 [ 1, %3 ], [ %s_3, %5 ]"   --->   Operation 95 'phi' 's_i' <Predicate = (!tmp_i)> <Delay = 0.00>
ST_5 : Operation 96 [1/1] (2.47ns)   --->   "%exitcond_i = icmp eq i32 %j_i, %tmp_380_i" [cubiecube.cpp:200->cubiecube.cpp:495]   --->   Operation 96 'icmp' 'exitcond_i' <Predicate = (!tmp_i)> <Delay = 2.47> <Core = "Cmp">   --->   Core 25 'Cmp' <Latency = 0> <II = 1> <Delay = 1.13> <FuncUnit> <Opcode : 'icmp'> <InPorts = 2> <OutPorts = 1>
ST_5 : Operation 97 [1/1] (0.00ns)   --->   "br i1 %exitcond_i, label %Cnk.exit.loopexit, label %5" [cubiecube.cpp:200->cubiecube.cpp:495]   --->   Operation 97 'br' <Predicate = (!tmp_i)> <Delay = 0.00>
ST_5 : Operation 98 [1/1] (8.51ns)   --->   "%s = mul nsw i32 %s_i, %i_i" [cubiecube.cpp:202->cubiecube.cpp:495]   --->   Operation 98 'mul' 's' <Predicate = (!tmp_i & !exitcond_i)> <Delay = 8.51> <Core = "Mul">   --->   Core 16 'Mul' <Latency = 0> <II = 1> <Delay = 8.51> <FuncUnit> <Opcode : 'mul'> <InPorts = 2> <OutPorts = 1>
ST_5 : Operation 99 [1/1] (2.55ns)   --->   "%i_26 = add nsw i32 %i_i, -1" [cubiecube.cpp:200->cubiecube.cpp:495]   --->   Operation 99 'add' 'i_26' <Predicate = (!tmp_i & !exitcond_i)> <Delay = 2.55> <Core = "AddSub">   --->   Core 14 'AddSub' <Latency = 0> <II = 1> <Delay = 2.55> <FuncUnit> <Opcode : 'add' 'sub'> <InPorts = 2> <OutPorts = 1>
ST_5 : Operation 100 [1/1] (1.76ns)   --->   "br label %Cnk.exit"   --->   Operation 100 'br' <Predicate = (!tmp_i & exitcond_i)> <Delay = 1.76>
ST_5 : Operation 101 [1/1] (0.00ns)   --->   "%x_load_2 = load i32* %x" [cubiecube.cpp:496]   --->   Operation 101 'load' 'x_load_2' <Predicate = (tmp_i) | (exitcond_i)> <Delay = 0.00>
ST_5 : Operation 102 [1/1] (0.00ns)   --->   "%tmp_181 = sext i32 %x_load_2 to i64" [cubiecube.cpp:496]   --->   Operation 102 'sext' 'tmp_181' <Predicate = (tmp_i) | (exitcond_i)> <Delay = 0.00>
ST_5 : Operation 103 [1/1] (0.00ns)   --->   "%corner6_addr_3 = getelementptr inbounds [6 x i3]* %corner6, i64 0, i64 %tmp_181" [cubiecube.cpp:496]   --->   Operation 103 'getelementptr' 'corner6_addr_3' <Predicate = (tmp_i) | (exitcond_i)> <Delay = 0.00>
ST_5 : Operation 104 [1/1] (2.32ns)   --->   "store i3 %cubiecube_0_cp_load, i3* %corner6_addr_3, align 1" [cubiecube.cpp:496]   --->   Operation 104 'store' <Predicate = (tmp_i) | (exitcond_i)> <Delay = 2.32> <Core = "RAM">   --->   Core 37 'RAM' <Latency = 1> <II = 1> <Delay = 2.32> <Storage> <Opcode : 'load' 'store'> <Ports = 2> <Width = 3> <Depth = 6> <RAM>
ST_5 : Operation 105 [1/1] (1.76ns)   --->   "store i32 %x_3, i32* %x" [cubiecube.cpp:496]   --->   Operation 105 'store' <Predicate = (tmp_i) | (exitcond_i)> <Delay = 1.76>

State 6 <SV = 5> <Delay = 4.13>
ST_6 : Operation 106 [36/36] (4.13ns)   --->   "%s_3 = sdiv i32 %s, %j_i" [cubiecube.cpp:203->cubiecube.cpp:495]   --->   Operation 106 'sdiv' 's_3' <Predicate = true> <Delay = 4.13> <Core = "DivnS_SEQ">   --->   Core 24 'DivnS_SEQ' <Latency = 35> <II = 32> <Delay = 4.13> <FuncUnit> <Opcode : 'sdiv' 'srem' 'udiv' 'urem'> <InPorts = 2> <OutPorts = 1>
ST_6 : Operation 107 [1/1] (2.55ns)   --->   "%j_7 = add nsw i32 %j_i, 1" [cubiecube.cpp:200->cubiecube.cpp:495]   --->   Operation 107 'add' 'j_7' <Predicate = true> <Delay = 2.55> <Core = "AddSub">   --->   Core 14 'AddSub' <Latency = 0> <II = 1> <Delay = 2.55> <FuncUnit> <Opcode : 'add' 'sub'> <InPorts = 2> <OutPorts = 1>

State 7 <SV = 6> <Delay = 4.13>
ST_7 : Operation 108 [35/36] (4.13ns)   --->   "%s_3 = sdiv i32 %s, %j_i" [cubiecube.cpp:203->cubiecube.cpp:495]   --->   Operation 108 'sdiv' 's_3' <Predicate = true> <Delay = 4.13> <Core = "DivnS_SEQ">   --->   Core 24 'DivnS_SEQ' <Latency = 35> <II = 32> <Delay = 4.13> <FuncUnit> <Opcode : 'sdiv' 'srem' 'udiv' 'urem'> <InPorts = 2> <OutPorts = 1>

State 8 <SV = 7> <Delay = 4.13>
ST_8 : Operation 109 [34/36] (4.13ns)   --->   "%s_3 = sdiv i32 %s, %j_i" [cubiecube.cpp:203->cubiecube.cpp:495]   --->   Operation 109 'sdiv' 's_3' <Predicate = true> <Delay = 4.13> <Core = "DivnS_SEQ">   --->   Core 24 'DivnS_SEQ' <Latency = 35> <II = 32> <Delay = 4.13> <FuncUnit> <Opcode : 'sdiv' 'srem' 'udiv' 'urem'> <InPorts = 2> <OutPorts = 1>

State 9 <SV = 8> <Delay = 4.13>
ST_9 : Operation 110 [33/36] (4.13ns)   --->   "%s_3 = sdiv i32 %s, %j_i" [cubiecube.cpp:203->cubiecube.cpp:495]   --->   Operation 110 'sdiv' 's_3' <Predicate = true> <Delay = 4.13> <Core = "DivnS_SEQ">   --->   Core 24 'DivnS_SEQ' <Latency = 35> <II = 32> <Delay = 4.13> <FuncUnit> <Opcode : 'sdiv' 'srem' 'udiv' 'urem'> <InPorts = 2> <OutPorts = 1>

State 10 <SV = 9> <Delay = 4.13>
ST_10 : Operation 111 [32/36] (4.13ns)   --->   "%s_3 = sdiv i32 %s, %j_i" [cubiecube.cpp:203->cubiecube.cpp:495]   --->   Operation 111 'sdiv' 's_3' <Predicate = true> <Delay = 4.13> <Core = "DivnS_SEQ">   --->   Core 24 'DivnS_SEQ' <Latency = 35> <II = 32> <Delay = 4.13> <FuncUnit> <Opcode : 'sdiv' 'srem' 'udiv' 'urem'> <InPorts = 2> <OutPorts = 1>

State 11 <SV = 10> <Delay = 4.13>
ST_11 : Operation 112 [31/36] (4.13ns)   --->   "%s_3 = sdiv i32 %s, %j_i" [cubiecube.cpp:203->cubiecube.cpp:495]   --->   Operation 112 'sdiv' 's_3' <Predicate = true> <Delay = 4.13> <Core = "DivnS_SEQ">   --->   Core 24 'DivnS_SEQ' <Latency = 35> <II = 32> <Delay = 4.13> <FuncUnit> <Opcode : 'sdiv' 'srem' 'udiv' 'urem'> <InPorts = 2> <OutPorts = 1>

State 12 <SV = 11> <Delay = 4.13>
ST_12 : Operation 113 [30/36] (4.13ns)   --->   "%s_3 = sdiv i32 %s, %j_i" [cubiecube.cpp:203->cubiecube.cpp:495]   --->   Operation 113 'sdiv' 's_3' <Predicate = true> <Delay = 4.13> <Core = "DivnS_SEQ">   --->   Core 24 'DivnS_SEQ' <Latency = 35> <II = 32> <Delay = 4.13> <FuncUnit> <Opcode : 'sdiv' 'srem' 'udiv' 'urem'> <InPorts = 2> <OutPorts = 1>

State 13 <SV = 12> <Delay = 4.13>
ST_13 : Operation 114 [29/36] (4.13ns)   --->   "%s_3 = sdiv i32 %s, %j_i" [cubiecube.cpp:203->cubiecube.cpp:495]   --->   Operation 114 'sdiv' 's_3' <Predicate = true> <Delay = 4.13> <Core = "DivnS_SEQ">   --->   Core 24 'DivnS_SEQ' <Latency = 35> <II = 32> <Delay = 4.13> <FuncUnit> <Opcode : 'sdiv' 'srem' 'udiv' 'urem'> <InPorts = 2> <OutPorts = 1>

State 14 <SV = 13> <Delay = 4.13>
ST_14 : Operation 115 [28/36] (4.13ns)   --->   "%s_3 = sdiv i32 %s, %j_i" [cubiecube.cpp:203->cubiecube.cpp:495]   --->   Operation 115 'sdiv' 's_3' <Predicate = true> <Delay = 4.13> <Core = "DivnS_SEQ">   --->   Core 24 'DivnS_SEQ' <Latency = 35> <II = 32> <Delay = 4.13> <FuncUnit> <Opcode : 'sdiv' 'srem' 'udiv' 'urem'> <InPorts = 2> <OutPorts = 1>

State 15 <SV = 14> <Delay = 4.13>
ST_15 : Operation 116 [27/36] (4.13ns)   --->   "%s_3 = sdiv i32 %s, %j_i" [cubiecube.cpp:203->cubiecube.cpp:495]   --->   Operation 116 'sdiv' 's_3' <Predicate = true> <Delay = 4.13> <Core = "DivnS_SEQ">   --->   Core 24 'DivnS_SEQ' <Latency = 35> <II = 32> <Delay = 4.13> <FuncUnit> <Opcode : 'sdiv' 'srem' 'udiv' 'urem'> <InPorts = 2> <OutPorts = 1>

State 16 <SV = 15> <Delay = 4.13>
ST_16 : Operation 117 [26/36] (4.13ns)   --->   "%s_3 = sdiv i32 %s, %j_i" [cubiecube.cpp:203->cubiecube.cpp:495]   --->   Operation 117 'sdiv' 's_3' <Predicate = true> <Delay = 4.13> <Core = "DivnS_SEQ">   --->   Core 24 'DivnS_SEQ' <Latency = 35> <II = 32> <Delay = 4.13> <FuncUnit> <Opcode : 'sdiv' 'srem' 'udiv' 'urem'> <InPorts = 2> <OutPorts = 1>

State 17 <SV = 16> <Delay = 4.13>
ST_17 : Operation 118 [25/36] (4.13ns)   --->   "%s_3 = sdiv i32 %s, %j_i" [cubiecube.cpp:203->cubiecube.cpp:495]   --->   Operation 118 'sdiv' 's_3' <Predicate = true> <Delay = 4.13> <Core = "DivnS_SEQ">   --->   Core 24 'DivnS_SEQ' <Latency = 35> <II = 32> <Delay = 4.13> <FuncUnit> <Opcode : 'sdiv' 'srem' 'udiv' 'urem'> <InPorts = 2> <OutPorts = 1>

State 18 <SV = 17> <Delay = 4.13>
ST_18 : Operation 119 [24/36] (4.13ns)   --->   "%s_3 = sdiv i32 %s, %j_i" [cubiecube.cpp:203->cubiecube.cpp:495]   --->   Operation 119 'sdiv' 's_3' <Predicate = true> <Delay = 4.13> <Core = "DivnS_SEQ">   --->   Core 24 'DivnS_SEQ' <Latency = 35> <II = 32> <Delay = 4.13> <FuncUnit> <Opcode : 'sdiv' 'srem' 'udiv' 'urem'> <InPorts = 2> <OutPorts = 1>

State 19 <SV = 18> <Delay = 4.13>
ST_19 : Operation 120 [23/36] (4.13ns)   --->   "%s_3 = sdiv i32 %s, %j_i" [cubiecube.cpp:203->cubiecube.cpp:495]   --->   Operation 120 'sdiv' 's_3' <Predicate = true> <Delay = 4.13> <Core = "DivnS_SEQ">   --->   Core 24 'DivnS_SEQ' <Latency = 35> <II = 32> <Delay = 4.13> <FuncUnit> <Opcode : 'sdiv' 'srem' 'udiv' 'urem'> <InPorts = 2> <OutPorts = 1>

State 20 <SV = 19> <Delay = 4.13>
ST_20 : Operation 121 [22/36] (4.13ns)   --->   "%s_3 = sdiv i32 %s, %j_i" [cubiecube.cpp:203->cubiecube.cpp:495]   --->   Operation 121 'sdiv' 's_3' <Predicate = true> <Delay = 4.13> <Core = "DivnS_SEQ">   --->   Core 24 'DivnS_SEQ' <Latency = 35> <II = 32> <Delay = 4.13> <FuncUnit> <Opcode : 'sdiv' 'srem' 'udiv' 'urem'> <InPorts = 2> <OutPorts = 1>

State 21 <SV = 20> <Delay = 4.13>
ST_21 : Operation 122 [21/36] (4.13ns)   --->   "%s_3 = sdiv i32 %s, %j_i" [cubiecube.cpp:203->cubiecube.cpp:495]   --->   Operation 122 'sdiv' 's_3' <Predicate = true> <Delay = 4.13> <Core = "DivnS_SEQ">   --->   Core 24 'DivnS_SEQ' <Latency = 35> <II = 32> <Delay = 4.13> <FuncUnit> <Opcode : 'sdiv' 'srem' 'udiv' 'urem'> <InPorts = 2> <OutPorts = 1>

State 22 <SV = 21> <Delay = 4.13>
ST_22 : Operation 123 [20/36] (4.13ns)   --->   "%s_3 = sdiv i32 %s, %j_i" [cubiecube.cpp:203->cubiecube.cpp:495]   --->   Operation 123 'sdiv' 's_3' <Predicate = true> <Delay = 4.13> <Core = "DivnS_SEQ">   --->   Core 24 'DivnS_SEQ' <Latency = 35> <II = 32> <Delay = 4.13> <FuncUnit> <Opcode : 'sdiv' 'srem' 'udiv' 'urem'> <InPorts = 2> <OutPorts = 1>

State 23 <SV = 22> <Delay = 4.13>
ST_23 : Operation 124 [19/36] (4.13ns)   --->   "%s_3 = sdiv i32 %s, %j_i" [cubiecube.cpp:203->cubiecube.cpp:495]   --->   Operation 124 'sdiv' 's_3' <Predicate = true> <Delay = 4.13> <Core = "DivnS_SEQ">   --->   Core 24 'DivnS_SEQ' <Latency = 35> <II = 32> <Delay = 4.13> <FuncUnit> <Opcode : 'sdiv' 'srem' 'udiv' 'urem'> <InPorts = 2> <OutPorts = 1>

State 24 <SV = 23> <Delay = 4.13>
ST_24 : Operation 125 [18/36] (4.13ns)   --->   "%s_3 = sdiv i32 %s, %j_i" [cubiecube.cpp:203->cubiecube.cpp:495]   --->   Operation 125 'sdiv' 's_3' <Predicate = true> <Delay = 4.13> <Core = "DivnS_SEQ">   --->   Core 24 'DivnS_SEQ' <Latency = 35> <II = 32> <Delay = 4.13> <FuncUnit> <Opcode : 'sdiv' 'srem' 'udiv' 'urem'> <InPorts = 2> <OutPorts = 1>

State 25 <SV = 24> <Delay = 4.13>
ST_25 : Operation 126 [17/36] (4.13ns)   --->   "%s_3 = sdiv i32 %s, %j_i" [cubiecube.cpp:203->cubiecube.cpp:495]   --->   Operation 126 'sdiv' 's_3' <Predicate = true> <Delay = 4.13> <Core = "DivnS_SEQ">   --->   Core 24 'DivnS_SEQ' <Latency = 35> <II = 32> <Delay = 4.13> <FuncUnit> <Opcode : 'sdiv' 'srem' 'udiv' 'urem'> <InPorts = 2> <OutPorts = 1>

State 26 <SV = 25> <Delay = 4.13>
ST_26 : Operation 127 [16/36] (4.13ns)   --->   "%s_3 = sdiv i32 %s, %j_i" [cubiecube.cpp:203->cubiecube.cpp:495]   --->   Operation 127 'sdiv' 's_3' <Predicate = true> <Delay = 4.13> <Core = "DivnS_SEQ">   --->   Core 24 'DivnS_SEQ' <Latency = 35> <II = 32> <Delay = 4.13> <FuncUnit> <Opcode : 'sdiv' 'srem' 'udiv' 'urem'> <InPorts = 2> <OutPorts = 1>

State 27 <SV = 26> <Delay = 4.13>
ST_27 : Operation 128 [15/36] (4.13ns)   --->   "%s_3 = sdiv i32 %s, %j_i" [cubiecube.cpp:203->cubiecube.cpp:495]   --->   Operation 128 'sdiv' 's_3' <Predicate = true> <Delay = 4.13> <Core = "DivnS_SEQ">   --->   Core 24 'DivnS_SEQ' <Latency = 35> <II = 32> <Delay = 4.13> <FuncUnit> <Opcode : 'sdiv' 'srem' 'udiv' 'urem'> <InPorts = 2> <OutPorts = 1>

State 28 <SV = 27> <Delay = 4.13>
ST_28 : Operation 129 [14/36] (4.13ns)   --->   "%s_3 = sdiv i32 %s, %j_i" [cubiecube.cpp:203->cubiecube.cpp:495]   --->   Operation 129 'sdiv' 's_3' <Predicate = true> <Delay = 4.13> <Core = "DivnS_SEQ">   --->   Core 24 'DivnS_SEQ' <Latency = 35> <II = 32> <Delay = 4.13> <FuncUnit> <Opcode : 'sdiv' 'srem' 'udiv' 'urem'> <InPorts = 2> <OutPorts = 1>

State 29 <SV = 28> <Delay = 4.13>
ST_29 : Operation 130 [13/36] (4.13ns)   --->   "%s_3 = sdiv i32 %s, %j_i" [cubiecube.cpp:203->cubiecube.cpp:495]   --->   Operation 130 'sdiv' 's_3' <Predicate = true> <Delay = 4.13> <Core = "DivnS_SEQ">   --->   Core 24 'DivnS_SEQ' <Latency = 35> <II = 32> <Delay = 4.13> <FuncUnit> <Opcode : 'sdiv' 'srem' 'udiv' 'urem'> <InPorts = 2> <OutPorts = 1>

State 30 <SV = 29> <Delay = 4.13>
ST_30 : Operation 131 [12/36] (4.13ns)   --->   "%s_3 = sdiv i32 %s, %j_i" [cubiecube.cpp:203->cubiecube.cpp:495]   --->   Operation 131 'sdiv' 's_3' <Predicate = true> <Delay = 4.13> <Core = "DivnS_SEQ">   --->   Core 24 'DivnS_SEQ' <Latency = 35> <II = 32> <Delay = 4.13> <FuncUnit> <Opcode : 'sdiv' 'srem' 'udiv' 'urem'> <InPorts = 2> <OutPorts = 1>

State 31 <SV = 30> <Delay = 4.13>
ST_31 : Operation 132 [11/36] (4.13ns)   --->   "%s_3 = sdiv i32 %s, %j_i" [cubiecube.cpp:203->cubiecube.cpp:495]   --->   Operation 132 'sdiv' 's_3' <Predicate = true> <Delay = 4.13> <Core = "DivnS_SEQ">   --->   Core 24 'DivnS_SEQ' <Latency = 35> <II = 32> <Delay = 4.13> <FuncUnit> <Opcode : 'sdiv' 'srem' 'udiv' 'urem'> <InPorts = 2> <OutPorts = 1>

State 32 <SV = 31> <Delay = 4.13>
ST_32 : Operation 133 [10/36] (4.13ns)   --->   "%s_3 = sdiv i32 %s, %j_i" [cubiecube.cpp:203->cubiecube.cpp:495]   --->   Operation 133 'sdiv' 's_3' <Predicate = true> <Delay = 4.13> <Core = "DivnS_SEQ">   --->   Core 24 'DivnS_SEQ' <Latency = 35> <II = 32> <Delay = 4.13> <FuncUnit> <Opcode : 'sdiv' 'srem' 'udiv' 'urem'> <InPorts = 2> <OutPorts = 1>

State 33 <SV = 32> <Delay = 4.13>
ST_33 : Operation 134 [9/36] (4.13ns)   --->   "%s_3 = sdiv i32 %s, %j_i" [cubiecube.cpp:203->cubiecube.cpp:495]   --->   Operation 134 'sdiv' 's_3' <Predicate = true> <Delay = 4.13> <Core = "DivnS_SEQ">   --->   Core 24 'DivnS_SEQ' <Latency = 35> <II = 32> <Delay = 4.13> <FuncUnit> <Opcode : 'sdiv' 'srem' 'udiv' 'urem'> <InPorts = 2> <OutPorts = 1>

State 34 <SV = 33> <Delay = 4.13>
ST_34 : Operation 135 [8/36] (4.13ns)   --->   "%s_3 = sdiv i32 %s, %j_i" [cubiecube.cpp:203->cubiecube.cpp:495]   --->   Operation 135 'sdiv' 's_3' <Predicate = true> <Delay = 4.13> <Core = "DivnS_SEQ">   --->   Core 24 'DivnS_SEQ' <Latency = 35> <II = 32> <Delay = 4.13> <FuncUnit> <Opcode : 'sdiv' 'srem' 'udiv' 'urem'> <InPorts = 2> <OutPorts = 1>

State 35 <SV = 34> <Delay = 4.13>
ST_35 : Operation 136 [7/36] (4.13ns)   --->   "%s_3 = sdiv i32 %s, %j_i" [cubiecube.cpp:203->cubiecube.cpp:495]   --->   Operation 136 'sdiv' 's_3' <Predicate = true> <Delay = 4.13> <Core = "DivnS_SEQ">   --->   Core 24 'DivnS_SEQ' <Latency = 35> <II = 32> <Delay = 4.13> <FuncUnit> <Opcode : 'sdiv' 'srem' 'udiv' 'urem'> <InPorts = 2> <OutPorts = 1>

State 36 <SV = 35> <Delay = 4.13>
ST_36 : Operation 137 [6/36] (4.13ns)   --->   "%s_3 = sdiv i32 %s, %j_i" [cubiecube.cpp:203->cubiecube.cpp:495]   --->   Operation 137 'sdiv' 's_3' <Predicate = true> <Delay = 4.13> <Core = "DivnS_SEQ">   --->   Core 24 'DivnS_SEQ' <Latency = 35> <II = 32> <Delay = 4.13> <FuncUnit> <Opcode : 'sdiv' 'srem' 'udiv' 'urem'> <InPorts = 2> <OutPorts = 1>

State 37 <SV = 36> <Delay = 4.13>
ST_37 : Operation 138 [5/36] (4.13ns)   --->   "%s_3 = sdiv i32 %s, %j_i" [cubiecube.cpp:203->cubiecube.cpp:495]   --->   Operation 138 'sdiv' 's_3' <Predicate = true> <Delay = 4.13> <Core = "DivnS_SEQ">   --->   Core 24 'DivnS_SEQ' <Latency = 35> <II = 32> <Delay = 4.13> <FuncUnit> <Opcode : 'sdiv' 'srem' 'udiv' 'urem'> <InPorts = 2> <OutPorts = 1>

State 38 <SV = 37> <Delay = 4.13>
ST_38 : Operation 139 [4/36] (4.13ns)   --->   "%s_3 = sdiv i32 %s, %j_i" [cubiecube.cpp:203->cubiecube.cpp:495]   --->   Operation 139 'sdiv' 's_3' <Predicate = true> <Delay = 4.13> <Core = "DivnS_SEQ">   --->   Core 24 'DivnS_SEQ' <Latency = 35> <II = 32> <Delay = 4.13> <FuncUnit> <Opcode : 'sdiv' 'srem' 'udiv' 'urem'> <InPorts = 2> <OutPorts = 1>

State 39 <SV = 38> <Delay = 4.13>
ST_39 : Operation 140 [3/36] (4.13ns)   --->   "%s_3 = sdiv i32 %s, %j_i" [cubiecube.cpp:203->cubiecube.cpp:495]   --->   Operation 140 'sdiv' 's_3' <Predicate = true> <Delay = 4.13> <Core = "DivnS_SEQ">   --->   Core 24 'DivnS_SEQ' <Latency = 35> <II = 32> <Delay = 4.13> <FuncUnit> <Opcode : 'sdiv' 'srem' 'udiv' 'urem'> <InPorts = 2> <OutPorts = 1>

State 40 <SV = 39> <Delay = 4.13>
ST_40 : Operation 141 [2/36] (4.13ns)   --->   "%s_3 = sdiv i32 %s, %j_i" [cubiecube.cpp:203->cubiecube.cpp:495]   --->   Operation 141 'sdiv' 's_3' <Predicate = true> <Delay = 4.13> <Core = "DivnS_SEQ">   --->   Core 24 'DivnS_SEQ' <Latency = 35> <II = 32> <Delay = 4.13> <FuncUnit> <Opcode : 'sdiv' 'srem' 'udiv' 'urem'> <InPorts = 2> <OutPorts = 1>

State 41 <SV = 40> <Delay = 4.13>
ST_41 : Operation 142 [1/1] (0.00ns)   --->   "call void (...)* @_ssdm_op_SpecLoopName([11 x i8]* @p_str30) nounwind" [cubiecube.cpp:200->cubiecube.cpp:495]   --->   Operation 142 'specloopname' <Predicate = true> <Delay = 0.00>
ST_41 : Operation 143 [1/1] (0.00ns)   --->   "%tmp_77_i = call i32 (...)* @_ssdm_op_SpecRegionBegin([11 x i8]* @p_str30) nounwind" [cubiecube.cpp:200->cubiecube.cpp:495]   --->   Operation 143 'specregionbegin' 'tmp_77_i' <Predicate = true> <Delay = 0.00>
ST_41 : Operation 144 [1/1] (0.00ns)   --->   "call void (...)* @_ssdm_op_SpecLoopTripCount(i32 0, i32 12, i32 6, [1 x i8]* @p_str131) nounwind" [cubiecube.cpp:201->cubiecube.cpp:495]   --->   Operation 144 'speclooptripcount' <Predicate = true> <Delay = 0.00>
ST_41 : Operation 145 [1/36] (4.13ns)   --->   "%s_3 = sdiv i32 %s, %j_i" [cubiecube.cpp:203->cubiecube.cpp:495]   --->   Operation 145 'sdiv' 's_3' <Predicate = true> <Delay = 4.13> <Core = "DivnS_SEQ">   --->   Core 24 'DivnS_SEQ' <Latency = 35> <II = 32> <Delay = 4.13> <FuncUnit> <Opcode : 'sdiv' 'srem' 'udiv' 'urem'> <InPorts = 2> <OutPorts = 1>
ST_41 : Operation 146 [1/1] (0.00ns)   --->   "%empty = call i32 (...)* @_ssdm_op_SpecRegionEnd([11 x i8]* @p_str30, i32 %tmp_77_i) nounwind" [cubiecube.cpp:204->cubiecube.cpp:495]   --->   Operation 146 'specregionend' 'empty' <Predicate = true> <Delay = 0.00>
ST_41 : Operation 147 [1/1] (0.00ns)   --->   "br label %4" [cubiecube.cpp:200->cubiecube.cpp:495]   --->   Operation 147 'br' <Predicate = true> <Delay = 0.00>

State 42 <SV = 5> <Delay = 4.32>
ST_42 : Operation 148 [1/1] (0.00ns) (grouped into LUT with out node a_2)   --->   "%p_0_i = phi i32 [ 0, %2 ], [ %s_i, %Cnk.exit.loopexit ]" [cubiecube.cpp:203->cubiecube.cpp:495]   --->   Operation 148 'phi' 'p_0_i' <Predicate = (tmp_173)> <Delay = 0.00>
ST_42 : Operation 149 [1/1] (0.00ns)   --->   "%a_load_2 = load i32* %a_1" [cubiecube.cpp:495]   --->   Operation 149 'load' 'a_load_2' <Predicate = (tmp_173)> <Delay = 0.00>
ST_42 : Operation 150 [1/1] (2.55ns) (out node of the LUT)   --->   "%a_2 = add nsw i32 %p_0_i, %a_load_2" [cubiecube.cpp:495]   --->   Operation 150 'add' 'a_2' <Predicate = (tmp_173)> <Delay = 2.55> <Core = "AddSub">   --->   Core 14 'AddSub' <Latency = 0> <II = 1> <Delay = 2.55> <FuncUnit> <Opcode : 'add' 'sub'> <InPorts = 2> <OutPorts = 1>
ST_42 : Operation 151 [1/1] (1.76ns)   --->   "store i32 %a_2, i32* %a_1" [cubiecube.cpp:495]   --->   Operation 151 'store' <Predicate = (tmp_173)> <Delay = 1.76>
ST_42 : Operation 152 [1/1] (0.00ns)   --->   "br label %.preheader4.backedge" [cubiecube.cpp:497]   --->   Operation 152 'br' <Predicate = (tmp_173)> <Delay = 0.00>
ST_42 : Operation 153 [1/1] (0.00ns)   --->   "br label %.preheader4"   --->   Operation 153 'br' <Predicate = true> <Delay = 0.00>

State 43 <SV = 3> <Delay = 8.51>
ST_43 : Operation 154 [1/1] (0.00ns)   --->   "%r_assign = phi i3 [ %j, %9 ], [ -3, %.preheader3.preheader ]"   --->   Operation 154 'phi' 'r_assign' <Predicate = true> <Delay = 0.00>
ST_43 : Operation 155 [1/1] (0.00ns)   --->   "%b = phi i32 [ %b_2, %9 ], [ 0, %.preheader3.preheader ]"   --->   Operation 155 'phi' 'b' <Predicate = true> <Delay = 0.00>
ST_43 : Operation 156 [1/1] (1.13ns)   --->   "%tmp_174 = icmp eq i3 %r_assign, 0" [cubiecube.cpp:499]   --->   Operation 156 'icmp' 'tmp_174' <Predicate = true> <Delay = 1.13> <Core = "Cmp">   --->   Core 25 'Cmp' <Latency = 0> <II = 1> <Delay = 1.13> <FuncUnit> <Opcode : 'icmp'> <InPorts = 2> <OutPorts = 1>
ST_43 : Operation 157 [1/1] (0.00ns)   --->   "call void (...)* @_ssdm_op_SpecLoopTripCount(i64 5, i64 5, i64 5)"   --->   Operation 157 'speclooptripcount' <Predicate = true> <Delay = 0.00>
ST_43 : Operation 158 [1/1] (0.00ns)   --->   "br i1 %tmp_174, label %10, label %.preheader.preheader" [cubiecube.cpp:499]   --->   Operation 158 'br' <Predicate = true> <Delay = 0.00>
ST_43 : Operation 159 [1/1] (0.00ns)   --->   "%tmp_177 = zext i3 %r_assign to i64" [cubiecube.cpp:503]   --->   Operation 159 'zext' 'tmp_177' <Predicate = (!tmp_174)> <Delay = 0.00>
ST_43 : Operation 160 [1/1] (0.00ns)   --->   "%corner6_addr_2 = getelementptr inbounds [6 x i3]* %corner6, i64 0, i64 %tmp_177" [cubiecube.cpp:503]   --->   Operation 160 'getelementptr' 'corner6_addr_2' <Predicate = (!tmp_174)> <Delay = 0.00>
ST_43 : Operation 161 [1/1] (1.76ns)   --->   "br label %.preheader" [cubiecube.cpp:503]   --->   Operation 161 'br' <Predicate = (!tmp_174)> <Delay = 1.76>
ST_43 : Operation 162 [1/1] (0.00ns)   --->   "%a_load = load i32* %a_1" [cubiecube.cpp:510]   --->   Operation 162 'load' 'a_load' <Predicate = (tmp_174)> <Delay = 0.00>
ST_43 : Operation 163 [1/1] (8.51ns)   --->   "%tmp_175 = mul nsw i32 720, %a_load" [cubiecube.cpp:510]   --->   Operation 163 'mul' 'tmp_175' <Predicate = (tmp_174)> <Delay = 8.51> <Core = "Mul">   --->   Core 16 'Mul' <Latency = 0> <II = 1> <Delay = 8.51> <FuncUnit> <Opcode : 'mul'> <InPorts = 2> <OutPorts = 1>

State 44 <SV = 4> <Delay = 2.32>
ST_44 : Operation 164 [2/2] (2.32ns)   --->   "%corner6_load = load i3* %corner6_addr_2, align 1" [cubiecube.cpp:503]   --->   Operation 164 'load' 'corner6_load' <Predicate = true> <Delay = 2.32> <Core = "RAM">   --->   Core 37 'RAM' <Latency = 1> <II = 1> <Delay = 2.32> <Storage> <Opcode : 'load' 'store'> <Ports = 2> <Width = 3> <Depth = 6> <RAM>

State 45 <SV = 5> <Delay = 3.45>
ST_45 : Operation 165 [1/1] (0.00ns)   --->   "%k = phi i32 [ %k_2, %rotateLeft_corner.exit ], [ 0, %.preheader.preheader ]"   --->   Operation 165 'phi' 'k' <Predicate = true> <Delay = 0.00>
ST_45 : Operation 166 [1/2] (2.32ns)   --->   "%corner6_load = load i3* %corner6_addr_2, align 1" [cubiecube.cpp:503]   --->   Operation 166 'load' 'corner6_load' <Predicate = true> <Delay = 2.32> <Core = "RAM">   --->   Core 37 'RAM' <Latency = 1> <II = 1> <Delay = 2.32> <Storage> <Opcode : 'load' 'store'> <Ports = 2> <Width = 3> <Depth = 6> <RAM>
ST_45 : Operation 167 [1/1] (1.13ns)   --->   "%tmp_178 = icmp eq i3 %corner6_load, %r_assign" [cubiecube.cpp:503]   --->   Operation 167 'icmp' 'tmp_178' <Predicate = true> <Delay = 1.13> <Core = "Cmp">   --->   Core 25 'Cmp' <Latency = 0> <II = 1> <Delay = 1.13> <FuncUnit> <Opcode : 'icmp'> <InPorts = 2> <OutPorts = 1>
ST_45 : Operation 168 [1/1] (2.55ns)   --->   "%k_2 = add nsw i32 %k, 1" [cubiecube.cpp:506]   --->   Operation 168 'add' 'k_2' <Predicate = true> <Delay = 2.55> <Core = "AddSub">   --->   Core 14 'AddSub' <Latency = 0> <II = 1> <Delay = 2.55> <FuncUnit> <Opcode : 'add' 'sub'> <InPorts = 2> <OutPorts = 1>
ST_45 : Operation 169 [1/1] (0.00ns)   --->   "br i1 %tmp_178, label %9, label %6" [cubiecube.cpp:503]   --->   Operation 169 'br' <Predicate = true> <Delay = 0.00>
ST_45 : Operation 170 [2/2] (2.32ns)   --->   "%temp = load i3* %corner6_addr, align 1" [cubiecube.cpp:212->cubiecube.cpp:505]   --->   Operation 170 'load' 'temp' <Predicate = (!tmp_178)> <Delay = 2.32> <Core = "RAM">   --->   Core 37 'RAM' <Latency = 1> <II = 1> <Delay = 2.32> <Storage> <Opcode : 'load' 'store'> <Ports = 2> <Width = 3> <Depth = 6> <RAM>
ST_45 : Operation 171 [1/1] (1.65ns)   --->   "%tmp_179 = add i3 %r_assign, 1" [cubiecube.cpp:508]   --->   Operation 171 'add' 'tmp_179' <Predicate = (tmp_178)> <Delay = 1.65> <Core = "AddSub">   --->   Core 14 'AddSub' <Latency = 0> <II = 1> <Delay = 2.55> <FuncUnit> <Opcode : 'add' 'sub'> <InPorts = 2> <OutPorts = 1>

State 46 <SV = 6> <Delay = 2.32>
ST_46 : Operation 172 [1/1] (0.00ns)   --->   "%tmp_60 = call i32 (...)* @_ssdm_op_SpecRegionBegin([12 x i8]* @p_str636)" [cubiecube.cpp:503]   --->   Operation 172 'specregionbegin' 'tmp_60' <Predicate = true> <Delay = 0.00>
ST_46 : Operation 173 [1/1] (0.00ns)   --->   "call void (...)* @_ssdm_op_SpecLoopTripCount(i32 0, i32 8, i32 4, [1 x i8]* @p_str131) nounwind" [cubiecube.cpp:504]   --->   Operation 173 'speclooptripcount' <Predicate = true> <Delay = 0.00>
ST_46 : Operation 174 [1/2] (2.32ns)   --->   "%temp = load i3* %corner6_addr, align 1" [cubiecube.cpp:212->cubiecube.cpp:505]   --->   Operation 174 'load' 'temp' <Predicate = true> <Delay = 2.32> <Core = "RAM">   --->   Core 37 'RAM' <Latency = 1> <II = 1> <Delay = 2.32> <Storage> <Opcode : 'load' 'store'> <Ports = 2> <Width = 3> <Depth = 6> <RAM>
ST_46 : Operation 175 [1/1] (1.76ns)   --->   "br label %7" [cubiecube.cpp:213->cubiecube.cpp:505]   --->   Operation 175 'br' <Predicate = true> <Delay = 1.76>

State 47 <SV = 7> <Delay = 3.97>
ST_47 : Operation 176 [1/1] (0.00ns)   --->   "%i_i2 = phi i3 [ 0, %6 ], [ %i_27, %8 ]"   --->   Operation 176 'phi' 'i_i2' <Predicate = true> <Delay = 0.00>
ST_47 : Operation 177 [1/1] (0.00ns)   --->   "call void (...)* @_ssdm_op_SpecLoopTripCount(i64 1, i64 5, i64 4)"   --->   Operation 177 'speclooptripcount' <Predicate = true> <Delay = 0.00>
ST_47 : Operation 178 [1/1] (1.13ns)   --->   "%exitcond5 = icmp eq i3 %i_i2, %r_assign" [cubiecube.cpp:213->cubiecube.cpp:505]   --->   Operation 178 'icmp' 'exitcond5' <Predicate = true> <Delay = 1.13> <Core = "Cmp">   --->   Core 25 'Cmp' <Latency = 0> <II = 1> <Delay = 1.13> <FuncUnit> <Opcode : 'icmp'> <InPorts = 2> <OutPorts = 1>
ST_47 : Operation 179 [1/1] (1.65ns)   --->   "%i_27 = add i3 %i_i2, 1" [cubiecube.cpp:216->cubiecube.cpp:505]   --->   Operation 179 'add' 'i_27' <Predicate = true> <Delay = 1.65> <Core = "AddSub">   --->   Core 14 'AddSub' <Latency = 0> <II = 1> <Delay = 2.55> <FuncUnit> <Opcode : 'add' 'sub'> <InPorts = 2> <OutPorts = 1>
ST_47 : Operation 180 [1/1] (0.00ns)   --->   "br i1 %exitcond5, label %rotateLeft_corner.exit, label %8" [cubiecube.cpp:213->cubiecube.cpp:505]   --->   Operation 180 'br' <Predicate = true> <Delay = 0.00>
ST_47 : Operation 181 [1/1] (0.00ns)   --->   "%tmp_i4 = zext i3 %i_27 to i64" [cubiecube.cpp:216->cubiecube.cpp:505]   --->   Operation 181 'zext' 'tmp_i4' <Predicate = (!exitcond5)> <Delay = 0.00>
ST_47 : Operation 182 [1/1] (0.00ns)   --->   "%corner6_addr_4 = getelementptr [6 x i3]* %corner6, i64 0, i64 %tmp_i4" [cubiecube.cpp:216->cubiecube.cpp:505]   --->   Operation 182 'getelementptr' 'corner6_addr_4' <Predicate = (!exitcond5)> <Delay = 0.00>
ST_47 : Operation 183 [2/2] (2.32ns)   --->   "%corner6_load_2 = load i3* %corner6_addr_4, align 1" [cubiecube.cpp:216->cubiecube.cpp:505]   --->   Operation 183 'load' 'corner6_load_2' <Predicate = (!exitcond5)> <Delay = 2.32> <Core = "RAM">   --->   Core 37 'RAM' <Latency = 1> <II = 1> <Delay = 2.32> <Storage> <Opcode : 'load' 'store'> <Ports = 2> <Width = 3> <Depth = 6> <RAM>
ST_47 : Operation 184 [1/1] (2.32ns)   --->   "store i3 %temp, i3* %corner6_addr_2, align 1" [cubiecube.cpp:217->cubiecube.cpp:505]   --->   Operation 184 'store' <Predicate = (exitcond5)> <Delay = 2.32> <Core = "RAM">   --->   Core 37 'RAM' <Latency = 1> <II = 1> <Delay = 2.32> <Storage> <Opcode : 'load' 'store'> <Ports = 2> <Width = 3> <Depth = 6> <RAM>
ST_47 : Operation 185 [1/1] (0.00ns)   --->   "%empty_38 = call i32 (...)* @_ssdm_op_SpecRegionEnd([12 x i8]* @p_str636, i32 %tmp_60)" [cubiecube.cpp:507]   --->   Operation 185 'specregionend' 'empty_38' <Predicate = (exitcond5)> <Delay = 0.00>
ST_47 : Operation 186 [1/1] (0.00ns)   --->   "br label %.preheader" [cubiecube.cpp:507]   --->   Operation 186 'br' <Predicate = (exitcond5)> <Delay = 0.00>

State 48 <SV = 8> <Delay = 4.64>
ST_48 : Operation 187 [1/2] (2.32ns)   --->   "%corner6_load_2 = load i3* %corner6_addr_4, align 1" [cubiecube.cpp:216->cubiecube.cpp:505]   --->   Operation 187 'load' 'corner6_load_2' <Predicate = true> <Delay = 2.32> <Core = "RAM">   --->   Core 37 'RAM' <Latency = 1> <II = 1> <Delay = 2.32> <Storage> <Opcode : 'load' 'store'> <Ports = 2> <Width = 3> <Depth = 6> <RAM>
ST_48 : Operation 188 [1/1] (0.00ns)   --->   "%tmp_110_i = zext i3 %i_i2 to i64" [cubiecube.cpp:216->cubiecube.cpp:505]   --->   Operation 188 'zext' 'tmp_110_i' <Predicate = true> <Delay = 0.00>
ST_48 : Operation 189 [1/1] (0.00ns)   --->   "%corner6_addr_5 = getelementptr [6 x i3]* %corner6, i64 0, i64 %tmp_110_i" [cubiecube.cpp:216->cubiecube.cpp:505]   --->   Operation 189 'getelementptr' 'corner6_addr_5' <Predicate = true> <Delay = 0.00>
ST_48 : Operation 190 [1/1] (2.32ns)   --->   "store i3 %corner6_load_2, i3* %corner6_addr_5, align 1" [cubiecube.cpp:216->cubiecube.cpp:505]   --->   Operation 190 'store' <Predicate = true> <Delay = 2.32> <Core = "RAM">   --->   Core 37 'RAM' <Latency = 1> <II = 1> <Delay = 2.32> <Storage> <Opcode : 'load' 'store'> <Ports = 2> <Width = 3> <Depth = 6> <RAM>
ST_48 : Operation 191 [1/1] (0.00ns)   --->   "br label %7" [cubiecube.cpp:213->cubiecube.cpp:505]   --->   Operation 191 'br' <Predicate = true> <Delay = 0.00>

State 49 <SV = 6> <Delay = 8.51>
ST_49 : Operation 192 [1/1] (0.00ns)   --->   "%tmp_219_cast = zext i3 %tmp_179 to i32" [cubiecube.cpp:508]   --->   Operation 192 'zext' 'tmp_219_cast' <Predicate = true> <Delay = 0.00>
ST_49 : Operation 193 [1/1] (8.51ns)   --->   "%tmp_180 = mul nsw i32 %tmp_219_cast, %b" [cubiecube.cpp:508]   --->   Operation 193 'mul' 'tmp_180' <Predicate = true> <Delay = 8.51> <Core = "Mul">   --->   Core 16 'Mul' <Latency = 0> <II = 1> <Delay = 8.51> <FuncUnit> <Opcode : 'mul'> <InPorts = 2> <OutPorts = 1>

State 50 <SV = 7> <Delay = 2.55>
ST_50 : Operation 194 [1/1] (2.55ns)   --->   "%b_2 = add nsw i32 %k, %tmp_180" [cubiecube.cpp:508]   --->   Operation 194 'add' 'b_2' <Predicate = true> <Delay = 2.55> <Core = "AddSub">   --->   Core 14 'AddSub' <Latency = 0> <II = 1> <Delay = 2.55> <FuncUnit> <Opcode : 'add' 'sub'> <InPorts = 2> <OutPorts = 1>
ST_50 : Operation 195 [1/1] (1.65ns)   --->   "%j = add i3 %r_assign, -1" [cubiecube.cpp:499]   --->   Operation 195 'add' 'j' <Predicate = true> <Delay = 1.65> <Core = "AddSub">   --->   Core 14 'AddSub' <Latency = 0> <II = 1> <Delay = 2.55> <FuncUnit> <Opcode : 'add' 'sub'> <InPorts = 2> <OutPorts = 1>
ST_50 : Operation 196 [1/1] (0.00ns)   --->   "br label %.preheader3" [cubiecube.cpp:499]   --->   Operation 196 'br' <Predicate = true> <Delay = 0.00>

State 51 <SV = 4> <Delay = 2.55>
ST_51 : Operation 197 [1/1] (2.55ns)   --->   "%tmp_176 = add nsw i32 %b, %tmp_175" [cubiecube.cpp:510]   --->   Operation 197 'add' 'tmp_176' <Predicate = true> <Delay = 2.55> <Core = "AddSub">   --->   Core 14 'AddSub' <Latency = 0> <II = 1> <Delay = 2.55> <FuncUnit> <Opcode : 'add' 'sub'> <InPorts = 2> <OutPorts = 1>
ST_51 : Operation 198 [1/1] (0.00ns)   --->   "%tmp = trunc i32 %tmp_176 to i16" [cubiecube.cpp:510]   --->   Operation 198 'trunc' 'tmp' <Predicate = true> <Delay = 0.00>
ST_51 : Operation 199 [1/1] (0.00ns)   --->   "ret i16 %tmp" [cubiecube.cpp:510]   --->   Operation 199 'ret' <Predicate = true> <Delay = 0.00>


============================================================
+ Verbose Summary: Timing violations
============================================================
Target clock period: 10ns, clock uncertainty: 1.25ns.

 <State 1>: 2.32ns
The critical path consists of the following:
	'alloca' operation ('corner6', cubiecube.cpp:491) [2]  (0 ns)
	'getelementptr' operation ('corner6_addr', cubiecube.cpp:491) [3]  (0 ns)
	'store' operation (cubiecube.cpp:491) of constant 0 on array 'corner6', cubiecube.cpp:491 [4]  (2.32 ns)

 <State 2>: 3.97ns
The critical path consists of the following:
	'phi' operation ('p_rec') with incoming values : ('p_sum') [7]  (0 ns)
	'add' operation ('p_sum') [8]  (1.65 ns)
	'getelementptr' operation ('corner6_addr_1') [10]  (0 ns)
	'store' operation (cubiecube.cpp:491) of constant 0 on array 'corner6', cubiecube.cpp:491 [11]  (2.32 ns)

 <State 3>: 2.32ns
The critical path consists of the following:
	'phi' operation ('j') with incoming values : ('j', cubiecube.cpp:493) [22]  (0 ns)
	'getelementptr' operation ('cubiecube_0_cp_addr', cubiecube.cpp:494) [30]  (0 ns)
	'load' operation ('cubiecube_0_cp_load', cubiecube.cpp:494) on array 'cubiecube_0_cp' [31]  (2.32 ns)

 <State 4>: 7.66ns
The critical path consists of the following:
	'load' operation ('x_load', cubiecube.cpp:495) on local variable 'x' [35]  (0 ns)
	'add' operation ('k', cubiecube.cpp:495) [36]  (2.55 ns)
	'sub' operation ('k', cubiecube.cpp:199->cubiecube.cpp:495) [43]  (2.55 ns)
	'select' operation ('p_k_i', cubiecube.cpp:198->cubiecube.cpp:495) [44]  (0 ns)
	'add' operation ('tmp_380_i', cubiecube.cpp:200->cubiecube.cpp:495) [45]  (2.55 ns)

 <State 5>: 8.51ns
The critical path consists of the following:
	'phi' operation ('i') with incoming values : ('n_assign_cast3', cubiecube.cpp:493) ('i', cubiecube.cpp:200->cubiecube.cpp:495) [49]  (0 ns)
	'mul' operation ('s', cubiecube.cpp:202->cubiecube.cpp:495) [57]  (8.51 ns)

 <State 6>: 4.13ns
The critical path consists of the following:
	'sdiv' operation ('s', cubiecube.cpp:203->cubiecube.cpp:495) [58]  (4.13 ns)

 <State 7>: 4.13ns
The critical path consists of the following:
	'sdiv' operation ('s', cubiecube.cpp:203->cubiecube.cpp:495) [58]  (4.13 ns)

 <State 8>: 4.13ns
The critical path consists of the following:
	'sdiv' operation ('s', cubiecube.cpp:203->cubiecube.cpp:495) [58]  (4.13 ns)

 <State 9>: 4.13ns
The critical path consists of the following:
	'sdiv' operation ('s', cubiecube.cpp:203->cubiecube.cpp:495) [58]  (4.13 ns)

 <State 10>: 4.13ns
The critical path consists of the following:
	'sdiv' operation ('s', cubiecube.cpp:203->cubiecube.cpp:495) [58]  (4.13 ns)

 <State 11>: 4.13ns
The critical path consists of the following:
	'sdiv' operation ('s', cubiecube.cpp:203->cubiecube.cpp:495) [58]  (4.13 ns)

 <State 12>: 4.13ns
The critical path consists of the following:
	'sdiv' operation ('s', cubiecube.cpp:203->cubiecube.cpp:495) [58]  (4.13 ns)

 <State 13>: 4.13ns
The critical path consists of the following:
	'sdiv' operation ('s', cubiecube.cpp:203->cubiecube.cpp:495) [58]  (4.13 ns)

 <State 14>: 4.13ns
The critical path consists of the following:
	'sdiv' operation ('s', cubiecube.cpp:203->cubiecube.cpp:495) [58]  (4.13 ns)

 <State 15>: 4.13ns
The critical path consists of the following:
	'sdiv' operation ('s', cubiecube.cpp:203->cubiecube.cpp:495) [58]  (4.13 ns)

 <State 16>: 4.13ns
The critical path consists of the following:
	'sdiv' operation ('s', cubiecube.cpp:203->cubiecube.cpp:495) [58]  (4.13 ns)

 <State 17>: 4.13ns
The critical path consists of the following:
	'sdiv' operation ('s', cubiecube.cpp:203->cubiecube.cpp:495) [58]  (4.13 ns)

 <State 18>: 4.13ns
The critical path consists of the following:
	'sdiv' operation ('s', cubiecube.cpp:203->cubiecube.cpp:495) [58]  (4.13 ns)

 <State 19>: 4.13ns
The critical path consists of the following:
	'sdiv' operation ('s', cubiecube.cpp:203->cubiecube.cpp:495) [58]  (4.13 ns)

 <State 20>: 4.13ns
The critical path consists of the following:
	'sdiv' operation ('s', cubiecube.cpp:203->cubiecube.cpp:495) [58]  (4.13 ns)

 <State 21>: 4.13ns
The critical path consists of the following:
	'sdiv' operation ('s', cubiecube.cpp:203->cubiecube.cpp:495) [58]  (4.13 ns)

 <State 22>: 4.13ns
The critical path consists of the following:
	'sdiv' operation ('s', cubiecube.cpp:203->cubiecube.cpp:495) [58]  (4.13 ns)

 <State 23>: 4.13ns
The critical path consists of the following:
	'sdiv' operation ('s', cubiecube.cpp:203->cubiecube.cpp:495) [58]  (4.13 ns)

 <State 24>: 4.13ns
The critical path consists of the following:
	'sdiv' operation ('s', cubiecube.cpp:203->cubiecube.cpp:495) [58]  (4.13 ns)

 <State 25>: 4.13ns
The critical path consists of the following:
	'sdiv' operation ('s', cubiecube.cpp:203->cubiecube.cpp:495) [58]  (4.13 ns)

 <State 26>: 4.13ns
The critical path consists of the following:
	'sdiv' operation ('s', cubiecube.cpp:203->cubiecube.cpp:495) [58]  (4.13 ns)

 <State 27>: 4.13ns
The critical path consists of the following:
	'sdiv' operation ('s', cubiecube.cpp:203->cubiecube.cpp:495) [58]  (4.13 ns)

 <State 28>: 4.13ns
The critical path consists of the following:
	'sdiv' operation ('s', cubiecube.cpp:203->cubiecube.cpp:495) [58]  (4.13 ns)

 <State 29>: 4.13ns
The critical path consists of the following:
	'sdiv' operation ('s', cubiecube.cpp:203->cubiecube.cpp:495) [58]  (4.13 ns)

 <State 30>: 4.13ns
The critical path consists of the following:
	'sdiv' operation ('s', cubiecube.cpp:203->cubiecube.cpp:495) [58]  (4.13 ns)

 <State 31>: 4.13ns
The critical path consists of the following:
	'sdiv' operation ('s', cubiecube.cpp:203->cubiecube.cpp:495) [58]  (4.13 ns)

 <State 32>: 4.13ns
The critical path consists of the following:
	'sdiv' operation ('s', cubiecube.cpp:203->cubiecube.cpp:495) [58]  (4.13 ns)

 <State 33>: 4.13ns
The critical path consists of the following:
	'sdiv' operation ('s', cubiecube.cpp:203->cubiecube.cpp:495) [58]  (4.13 ns)

 <State 34>: 4.13ns
The critical path consists of the following:
	'sdiv' operation ('s', cubiecube.cpp:203->cubiecube.cpp:495) [58]  (4.13 ns)

 <State 35>: 4.13ns
The critical path consists of the following:
	'sdiv' operation ('s', cubiecube.cpp:203->cubiecube.cpp:495) [58]  (4.13 ns)

 <State 36>: 4.13ns
The critical path consists of the following:
	'sdiv' operation ('s', cubiecube.cpp:203->cubiecube.cpp:495) [58]  (4.13 ns)

 <State 37>: 4.13ns
The critical path consists of the following:
	'sdiv' operation ('s', cubiecube.cpp:203->cubiecube.cpp:495) [58]  (4.13 ns)

 <State 38>: 4.13ns
The critical path consists of the following:
	'sdiv' operation ('s', cubiecube.cpp:203->cubiecube.cpp:495) [58]  (4.13 ns)

 <State 39>: 4.13ns
The critical path consists of the following:
	'sdiv' operation ('s', cubiecube.cpp:203->cubiecube.cpp:495) [58]  (4.13 ns)

 <State 40>: 4.13ns
The critical path consists of the following:
	'sdiv' operation ('s', cubiecube.cpp:203->cubiecube.cpp:495) [58]  (4.13 ns)

 <State 41>: 4.13ns
The critical path consists of the following:
	'sdiv' operation ('s', cubiecube.cpp:203->cubiecube.cpp:495) [58]  (4.13 ns)

 <State 42>: 4.32ns
The critical path consists of the following:
	'phi' operation ('p_0_i', cubiecube.cpp:203->cubiecube.cpp:495) with incoming values : ('s', cubiecube.cpp:203->cubiecube.cpp:495) [66]  (0 ns)
	'add' operation ('a', cubiecube.cpp:495) [69]  (2.55 ns)
	'store' operation (cubiecube.cpp:495) of variable 'a', cubiecube.cpp:495 on local variable 'a' [74]  (1.77 ns)

 <State 43>: 8.51ns
The critical path consists of the following:
	'load' operation ('a_load', cubiecube.cpp:510) on local variable 'a' [127]  (0 ns)
	'mul' operation ('tmp_175', cubiecube.cpp:510) [128]  (8.51 ns)

 <State 44>: 2.32ns
The critical path consists of the following:
	'load' operation ('corner6_load', cubiecube.cpp:503) on array 'corner6', cubiecube.cpp:491 [92]  (2.32 ns)

 <State 45>: 3.45ns
The critical path consists of the following:
	'load' operation ('corner6_load', cubiecube.cpp:503) on array 'corner6', cubiecube.cpp:491 [92]  (2.32 ns)
	'icmp' operation ('tmp_178', cubiecube.cpp:503) [93]  (1.13 ns)

 <State 46>: 2.32ns
The critical path consists of the following:
	'load' operation ('temp', cubiecube.cpp:212->cubiecube.cpp:505) on array 'corner6', cubiecube.cpp:491 [99]  (2.32 ns)

 <State 47>: 3.97ns
The critical path consists of the following:
	'phi' operation ('i') with incoming values : ('i', cubiecube.cpp:216->cubiecube.cpp:505) [102]  (0 ns)
	'add' operation ('i', cubiecube.cpp:216->cubiecube.cpp:505) [105]  (1.65 ns)
	'getelementptr' operation ('corner6_addr_4', cubiecube.cpp:216->cubiecube.cpp:505) [109]  (0 ns)
	'load' operation ('corner6_load_2', cubiecube.cpp:216->cubiecube.cpp:505) on array 'corner6', cubiecube.cpp:491 [110]  (2.32 ns)

 <State 48>: 4.64ns
The critical path consists of the following:
	'load' operation ('corner6_load_2', cubiecube.cpp:216->cubiecube.cpp:505) on array 'corner6', cubiecube.cpp:491 [110]  (2.32 ns)
	'store' operation (cubiecube.cpp:216->cubiecube.cpp:505) of variable 'corner6_load_2', cubiecube.cpp:216->cubiecube.cpp:505 on array 'corner6', cubiecube.cpp:491 [113]  (2.32 ns)

 <State 49>: 8.51ns
The critical path consists of the following:
	'mul' operation ('tmp_180', cubiecube.cpp:508) [122]  (8.51 ns)

 <State 50>: 2.55ns
The critical path consists of the following:
	'add' operation ('b', cubiecube.cpp:508) [123]  (2.55 ns)

 <State 51>: 2.55ns
The critical path consists of the following:
	'add' operation ('tmp_176', cubiecube.cpp:510) [129]  (2.55 ns)


============================================================
+ Verbose Summary: Binding
============================================================
N/A
* FSMD analyzer results:
  - Output states:
 - Input state : 
  - Chain level:
	State 1
	State 2
	State 3
	State 4
	State 5
	State 6
	State 7
	State 8
	State 9
	State 10
	State 11
	State 12
	State 13
	State 14
	State 15
	State 16
	State 17
	State 18
	State 19
	State 20
	State 21
	State 22
	State 23
	State 24
	State 25
	State 26
	State 27
	State 28
	State 29
	State 30
	State 31
	State 32
	State 33
	State 34
	State 35
	State 36
	State 37
	State 38
	State 39
	State 40
	State 41
	State 42
	State 43
	State 44
	State 45
	State 46
	State 47
	State 48
	State 49
	State 50
	State 51


============================================================
+ Verbose Summary: Datapath Resource usage 
============================================================
N/A
