

================================================================
== Vivado HLS Report for 'getURtoUL'
================================================================
* Date:           Thu Jul  4 02:07:03 2019

* Version:        2018.2 (Build 2258646 on Thu Jun 14 20:25:20 MDT 2018)
* Project:        kociembaHls
* Solution:       solution1
* Product family: zynq
* Target device:  xc7z020clg400-1


================================================================
== Performance Estimates
================================================================
+ Timing (ns): 
    * Summary: 
    +--------+-------+----------+------------+
    |  Clock | Target| Estimated| Uncertainty|
    +--------+-------+----------+------------+
    |ap_clk  |  10.00|     8.510|        1.25|
    +--------+-------+----------+------------+

+ Latency (clock cycles): 
    * Summary: 
    +-----+------+-----+------+---------+
    |   Latency  |  Interval  | Pipeline|
    | min |  max | min |  max |   Type  |
    +-----+------+-----+------+---------+
    |   46|  5530|   46|  5530|   none  |
    +-----+------+-----+------+---------+

    + Detail: 
        * Instance: 
        N/A

        * Loop: 
        +-----------------+-----+------+----------+-----------+-----------+--------+----------+
        |                 |   Latency  | Iteration|  Initiation Interval  |  Trip  |          |
        |    Loop Name    | min |  max |  Latency |  achieved |   target  |  Count | Pipelined|
        +-----------------+-----+------+----------+-----------+-----------+--------+----------+
        |- Loop 1         |   36|  5376|  3 ~ 448 |          -|          -|      12|    no    |
        | + Cnk_label1    |    0|   444|        37|          -|          -| 0 ~ 12 |    no    |
        |- Loop 2         |    8|   152|  4 ~ 76  |          -|          -|       2|    no    |
        | + Loop 2.1      |    0|    72|   2 ~ 6  |          -|          -| 0 ~ 12 |    no    |
        |  ++ Loop 2.1.1  |    0|     4|         2|          -|          -|  0 ~ 2 |    no    |
        +-----------------+-----+------+----------+-----------+-----------+--------+----------+

============================================================
+ Verbose Summary: Synthesis Manager
============================================================
InlineROM: 1
ExposeGlobal: 0
============================================================
+ Verbose Summary: CDFG Model
============================================================
IsTopModel: 0
ResetActiveHigh: 1
IsCombinational: 0
IsDatapathOnly: 0
HasWiredReturn: 1
HasMFsm: 0
HasVarLatency: 1
IsPipeline: 0
IsRtlPipelined: 0
IsInstanceOverlapped: 0
IsDontTouch: 0
HasImplIP: 0
IsGatedGlobalClock: 0


============================================================
+ Verbose Summary: Schedule
============================================================
* Number of FSM states : 47
* Pipeline : 0
* Dataflow Pipeline: 0

* FSM state transitions: 
1 --> 
	2  / true
2 --> 
	3  / (!exitcond)
	42  / (exitcond)
3 --> 
	41  / (!tmp_159) | (tmp_i)
	4  / (tmp_159 & !tmp_i)
4 --> 
	5  / (!exitcond_i)
	41  / (exitcond_i)
5 --> 
	6  / true
6 --> 
	7  / true
7 --> 
	8  / true
8 --> 
	9  / true
9 --> 
	10  / true
10 --> 
	11  / true
11 --> 
	12  / true
12 --> 
	13  / true
13 --> 
	14  / true
14 --> 
	15  / true
15 --> 
	16  / true
16 --> 
	17  / true
17 --> 
	18  / true
18 --> 
	19  / true
19 --> 
	20  / true
20 --> 
	21  / true
21 --> 
	22  / true
22 --> 
	23  / true
23 --> 
	24  / true
24 --> 
	25  / true
25 --> 
	26  / true
26 --> 
	27  / true
27 --> 
	28  / true
28 --> 
	29  / true
29 --> 
	30  / true
30 --> 
	31  / true
31 --> 
	32  / true
32 --> 
	33  / true
33 --> 
	34  / true
34 --> 
	35  / true
35 --> 
	36  / true
36 --> 
	37  / true
37 --> 
	38  / true
38 --> 
	39  / true
39 --> 
	40  / true
40 --> 
	4  / true
41 --> 
	2  / true
42 --> 
	43  / (!tmp_160)
43 --> 
	46  / (tmp_163)
	44  / (!tmp_163)
44 --> 
	45  / (!exitcond1)
	43  / (exitcond1)
45 --> 
	44  / true
46 --> 
	47  / true
47 --> 
	42  / true

* FSM state operations: 

State 1 <SV = 0> <Delay = 1.76>
ST_1 : Operation 48 [1/1] (0.00ns)   --->   "%edge3_2_1 = alloca i4"   --->   Operation 48 'alloca' 'edge3_2_1' <Predicate = true> <Delay = 0.00>
ST_1 : Operation 49 [1/1] (0.00ns)   --->   "%edge3_2_2 = alloca i4"   --->   Operation 49 'alloca' 'edge3_2_2' <Predicate = true> <Delay = 0.00>
ST_1 : Operation 50 [1/1] (0.00ns)   --->   "%edge3_2_3 = alloca i4"   --->   Operation 50 'alloca' 'edge3_2_3' <Predicate = true> <Delay = 0.00>
ST_1 : Operation 51 [1/1] (0.00ns)   --->   "%a_1_1 = alloca i32"   --->   Operation 51 'alloca' 'a_1_1' <Predicate = true> <Delay = 0.00>
ST_1 : Operation 52 [1/1] (0.00ns)   --->   "%x = alloca i32"   --->   Operation 52 'alloca' 'x' <Predicate = true> <Delay = 0.00>
ST_1 : Operation 53 [1/1] (1.76ns)   --->   "store i32 0, i32* %x"   --->   Operation 53 'store' <Predicate = true> <Delay = 1.76>
ST_1 : Operation 54 [1/1] (1.76ns)   --->   "store i32 0, i32* %a_1_1"   --->   Operation 54 'store' <Predicate = true> <Delay = 1.76>
ST_1 : Operation 55 [1/1] (1.76ns)   --->   "store i4 0, i4* %edge3_2_3"   --->   Operation 55 'store' <Predicate = true> <Delay = 1.76>
ST_1 : Operation 56 [1/1] (1.76ns)   --->   "store i4 0, i4* %edge3_2_2"   --->   Operation 56 'store' <Predicate = true> <Delay = 1.76>
ST_1 : Operation 57 [1/1] (1.76ns)   --->   "store i4 0, i4* %edge3_2_1"   --->   Operation 57 'store' <Predicate = true> <Delay = 1.76>
ST_1 : Operation 58 [1/1] (1.76ns)   --->   "br label %.preheader4" [cubiecube.cpp:604]   --->   Operation 58 'br' <Predicate = true> <Delay = 1.76>

State 2 <SV = 1> <Delay = 2.32>
ST_2 : Operation 59 [1/1] (0.00ns)   --->   "%i = phi i4 [ 0, %.preheader4.preheader ], [ %j_4, %.preheader4.backedge ]"   --->   Operation 59 'phi' 'i' <Predicate = true> <Delay = 0.00>
ST_2 : Operation 60 [1/1] (0.00ns)   --->   "%edge3_2_1_load = load i4* %edge3_2_1"   --->   Operation 60 'load' 'edge3_2_1_load' <Predicate = true> <Delay = 0.00>
ST_2 : Operation 61 [1/1] (0.00ns)   --->   "%edge3_2_2_load = load i4* %edge3_2_2"   --->   Operation 61 'load' 'edge3_2_2_load' <Predicate = true> <Delay = 0.00>
ST_2 : Operation 62 [1/1] (0.00ns)   --->   "%edge3_2_3_load = load i4* %edge3_2_3"   --->   Operation 62 'load' 'edge3_2_3_load' <Predicate = true> <Delay = 0.00>
ST_2 : Operation 63 [1/1] (0.00ns)   --->   "%n_assign_cast5 = zext i4 %i to i32" [cubiecube.cpp:604]   --->   Operation 63 'zext' 'n_assign_cast5' <Predicate = true> <Delay = 0.00>
ST_2 : Operation 64 [1/1] (1.30ns)   --->   "%exitcond = icmp eq i4 %i, -4" [cubiecube.cpp:604]   --->   Operation 64 'icmp' 'exitcond' <Predicate = true> <Delay = 1.30> <Core = "Cmp">   --->   Core 25 'Cmp' <Latency = 0> <II = 1> <Delay = 0.95> <FuncUnit> <Opcode : 'icmp'> <InPorts = 2> <OutPorts = 1>
ST_2 : Operation 65 [1/1] (0.00ns)   --->   "call void (...)* @_ssdm_op_SpecLoopTripCount(i64 12, i64 12, i64 12)"   --->   Operation 65 'speclooptripcount' <Predicate = true> <Delay = 0.00>
ST_2 : Operation 66 [1/1] (1.73ns)   --->   "%j_4 = add i4 %i, 1" [cubiecube.cpp:604]   --->   Operation 66 'add' 'j_4' <Predicate = true> <Delay = 1.73> <Core = "AddSub">   --->   Core 14 'AddSub' <Latency = 0> <II = 1> <Delay = 2.07> <FuncUnit> <Opcode : 'add' 'sub'> <InPorts = 2> <OutPorts = 1>
ST_2 : Operation 67 [1/1] (0.00ns)   --->   "br i1 %exitcond, label %.preheader3.preheader, label %0" [cubiecube.cpp:604]   --->   Operation 67 'br' <Predicate = true> <Delay = 0.00>
ST_2 : Operation 68 [1/1] (0.00ns)   --->   "%tmp_s = zext i4 %i to i64" [cubiecube.cpp:605]   --->   Operation 68 'zext' 'tmp_s' <Predicate = (!exitcond)> <Delay = 0.00>
ST_2 : Operation 69 [1/1] (0.00ns)   --->   "%cubiecube_0_ep_addr = getelementptr [12 x i4]* %cubiecube_0_ep, i64 0, i64 %tmp_s" [cubiecube.cpp:605]   --->   Operation 69 'getelementptr' 'cubiecube_0_ep_addr' <Predicate = (!exitcond)> <Delay = 0.00>
ST_2 : Operation 70 [2/2] (2.32ns)   --->   "%edge3_0 = load i4* %cubiecube_0_ep_addr, align 1" [cubiecube.cpp:605]   --->   Operation 70 'load' 'edge3_0' <Predicate = (!exitcond)> <Delay = 2.32> <Core = "RAM">   --->   Core 37 'RAM' <Latency = 1> <II = 1> <Delay = 2.32> <Storage> <Opcode : 'load' 'store'> <Ports = 2> <Width = 4> <Depth = 12> <RAM>
ST_2 : Operation 71 [1/1] (0.00ns)   --->   "%temp = alloca i4"   --->   Operation 71 'alloca' 'temp' <Predicate = (exitcond)> <Delay = 0.00>
ST_2 : Operation 72 [1/1] (0.00ns)   --->   "%edge3_1_1 = alloca i4"   --->   Operation 72 'alloca' 'edge3_1_1' <Predicate = (exitcond)> <Delay = 0.00>
ST_2 : Operation 73 [1/1] (0.00ns)   --->   "%edge3_2_4 = alloca i4"   --->   Operation 73 'alloca' 'edge3_2_4' <Predicate = (exitcond)> <Delay = 0.00>
ST_2 : Operation 74 [1/1] (1.76ns)   --->   "store i4 %edge3_2_3_load, i4* %edge3_2_4"   --->   Operation 74 'store' <Predicate = (exitcond)> <Delay = 1.76>
ST_2 : Operation 75 [1/1] (1.76ns)   --->   "store i4 %edge3_2_2_load, i4* %edge3_1_1"   --->   Operation 75 'store' <Predicate = (exitcond)> <Delay = 1.76>
ST_2 : Operation 76 [1/1] (1.76ns)   --->   "store i4 %edge3_2_1_load, i4* %temp"   --->   Operation 76 'store' <Predicate = (exitcond)> <Delay = 1.76>
ST_2 : Operation 77 [1/1] (1.76ns)   --->   "br label %.preheader3" [cubiecube.cpp:610]   --->   Operation 77 'br' <Predicate = (exitcond)> <Delay = 1.76>

State 3 <SV = 2> <Delay = 7.65>
ST_3 : Operation 78 [1/2] (2.32ns)   --->   "%edge3_0 = load i4* %cubiecube_0_ep_addr, align 1" [cubiecube.cpp:605]   --->   Operation 78 'load' 'edge3_0' <Predicate = true> <Delay = 2.32> <Core = "RAM">   --->   Core 37 'RAM' <Latency = 1> <II = 1> <Delay = 2.32> <Storage> <Opcode : 'load' 'store'> <Ports = 2> <Width = 4> <Depth = 12> <RAM>
ST_3 : Operation 79 [1/1] (1.30ns)   --->   "%tmp_159 = icmp ult i4 %edge3_0, 3" [cubiecube.cpp:605]   --->   Operation 79 'icmp' 'tmp_159' <Predicate = true> <Delay = 1.30> <Core = "Cmp">   --->   Core 25 'Cmp' <Latency = 0> <II = 1> <Delay = 0.95> <FuncUnit> <Opcode : 'icmp'> <InPorts = 2> <OutPorts = 1>
ST_3 : Operation 80 [1/1] (0.00ns)   --->   "br i1 %tmp_159, label %1, label %.preheader4.backedge" [cubiecube.cpp:605]   --->   Operation 80 'br' <Predicate = true> <Delay = 0.00>
ST_3 : Operation 81 [1/1] (0.00ns)   --->   "%x_load = load i32* %x" [cubiecube.cpp:606]   --->   Operation 81 'load' 'x_load' <Predicate = (tmp_159)> <Delay = 0.00>
ST_3 : Operation 82 [1/1] (2.55ns)   --->   "%x_1 = add nsw i32 %x_load, 1" [cubiecube.cpp:606]   --->   Operation 82 'add' 'x_1' <Predicate = (tmp_159)> <Delay = 2.55> <Core = "AddSub">   --->   Core 14 'AddSub' <Latency = 0> <II = 1> <Delay = 2.07> <FuncUnit> <Opcode : 'add' 'sub'> <InPorts = 2> <OutPorts = 1>
ST_3 : Operation 83 [1/1] (2.47ns)   --->   "%tmp_i = icmp slt i32 %n_assign_cast5, %x_1" [cubiecube.cpp:196->cubiecube.cpp:606]   --->   Operation 83 'icmp' 'tmp_i' <Predicate = (tmp_159)> <Delay = 2.47> <Core = "Cmp">   --->   Core 25 'Cmp' <Latency = 0> <II = 1> <Delay = 0.95> <FuncUnit> <Opcode : 'icmp'> <InPorts = 2> <OutPorts = 1>
ST_3 : Operation 84 [1/1] (1.76ns)   --->   "br i1 %tmp_i, label %Cnk.exit, label %2" [cubiecube.cpp:196->cubiecube.cpp:606]   --->   Operation 84 'br' <Predicate = (tmp_159)> <Delay = 1.76>
ST_3 : Operation 85 [1/1] (0.00ns)   --->   "%p_lshr_f_i_cast = call i3 @_ssdm_op_PartSelect.i3.i4.i32.i32(i4 %i, i32 1, i32 3)" [cubiecube.cpp:198->cubiecube.cpp:606]   --->   Operation 85 'partselect' 'p_lshr_f_i_cast' <Predicate = (tmp_159 & !tmp_i)> <Delay = 0.00>
ST_3 : Operation 86 [1/1] (0.00ns)   --->   "%tmp_i_cast = zext i3 %p_lshr_f_i_cast to i32" [cubiecube.cpp:198->cubiecube.cpp:606]   --->   Operation 86 'zext' 'tmp_i_cast' <Predicate = (tmp_159 & !tmp_i)> <Delay = 0.00>
ST_3 : Operation 87 [1/1] (2.47ns)   --->   "%tmp_379_i = icmp slt i32 %tmp_i_cast, %x_1" [cubiecube.cpp:198->cubiecube.cpp:606]   --->   Operation 87 'icmp' 'tmp_379_i' <Predicate = (tmp_159 & !tmp_i)> <Delay = 2.47> <Core = "Cmp">   --->   Core 25 'Cmp' <Latency = 0> <II = 1> <Delay = 0.95> <FuncUnit> <Opcode : 'icmp'> <InPorts = 2> <OutPorts = 1>
ST_3 : Operation 88 [1/1] (2.55ns)   --->   "%k_assign_1 = sub nsw i32 %n_assign_cast5, %x_1" [cubiecube.cpp:199->cubiecube.cpp:606]   --->   Operation 88 'sub' 'k_assign_1' <Predicate = (tmp_159 & !tmp_i)> <Delay = 2.55> <Core = "AddSub">   --->   Core 14 'AddSub' <Latency = 0> <II = 1> <Delay = 2.07> <FuncUnit> <Opcode : 'add' 'sub'> <InPorts = 2> <OutPorts = 1>
ST_3 : Operation 89 [1/1] (0.00ns) (grouped into LUT with out node tmp_380_i)   --->   "%p_k_i = select i1 %tmp_379_i, i32 %k_assign_1, i32 %x_1" [cubiecube.cpp:198->cubiecube.cpp:606]   --->   Operation 89 'select' 'p_k_i' <Predicate = (tmp_159 & !tmp_i)> <Delay = 0.00> <Core = "Sel">   --->   Core 26 'Sel' <Latency = 0> <II = 1> <Delay = 1.02> <FuncUnit> <Opcode : 'select'> <InPorts = 3> <OutPorts = 1>
ST_3 : Operation 90 [1/1] (2.55ns) (out node of the LUT)   --->   "%tmp_380_i = add i32 %p_k_i, 1" [cubiecube.cpp:200->cubiecube.cpp:606]   --->   Operation 90 'add' 'tmp_380_i' <Predicate = (tmp_159 & !tmp_i)> <Delay = 2.55> <Core = "AddSub">   --->   Core 14 'AddSub' <Latency = 0> <II = 1> <Delay = 2.07> <FuncUnit> <Opcode : 'add' 'sub'> <InPorts = 2> <OutPorts = 1>
ST_3 : Operation 91 [1/1] (1.76ns)   --->   "br label %3" [cubiecube.cpp:200->cubiecube.cpp:606]   --->   Operation 91 'br' <Predicate = (tmp_159 & !tmp_i)> <Delay = 1.76>

State 4 <SV = 3> <Delay = 8.51>
ST_4 : Operation 92 [1/1] (0.00ns)   --->   "%j_i = phi i32 [ 1, %2 ], [ %j_3, %4 ]"   --->   Operation 92 'phi' 'j_i' <Predicate = true> <Delay = 0.00>
ST_4 : Operation 93 [1/1] (0.00ns)   --->   "%i_i = phi i32 [ %n_assign_cast5, %2 ], [ %i_24, %4 ]"   --->   Operation 93 'phi' 'i_i' <Predicate = true> <Delay = 0.00>
ST_4 : Operation 94 [1/1] (0.00ns)   --->   "%s_i = phi i32 [ 1, %2 ], [ %s_2, %4 ]"   --->   Operation 94 'phi' 's_i' <Predicate = true> <Delay = 0.00>
ST_4 : Operation 95 [1/1] (2.47ns)   --->   "%exitcond_i = icmp eq i32 %j_i, %tmp_380_i" [cubiecube.cpp:200->cubiecube.cpp:606]   --->   Operation 95 'icmp' 'exitcond_i' <Predicate = true> <Delay = 2.47> <Core = "Cmp">   --->   Core 25 'Cmp' <Latency = 0> <II = 1> <Delay = 0.95> <FuncUnit> <Opcode : 'icmp'> <InPorts = 2> <OutPorts = 1>
ST_4 : Operation 96 [1/1] (0.00ns)   --->   "br i1 %exitcond_i, label %Cnk.exit.loopexit, label %4" [cubiecube.cpp:200->cubiecube.cpp:606]   --->   Operation 96 'br' <Predicate = true> <Delay = 0.00>
ST_4 : Operation 97 [1/1] (8.51ns)   --->   "%s = mul nsw i32 %s_i, %i_i" [cubiecube.cpp:202->cubiecube.cpp:606]   --->   Operation 97 'mul' 's' <Predicate = (!exitcond_i)> <Delay = 8.51> <Core = "Mul">   --->   Core 16 'Mul' <Latency = 0> <II = 1> <Delay = 8.51> <FuncUnit> <Opcode : 'mul'> <InPorts = 2> <OutPorts = 1>
ST_4 : Operation 98 [1/1] (2.55ns)   --->   "%i_24 = add nsw i32 %i_i, -1" [cubiecube.cpp:200->cubiecube.cpp:606]   --->   Operation 98 'add' 'i_24' <Predicate = (!exitcond_i)> <Delay = 2.55> <Core = "AddSub">   --->   Core 14 'AddSub' <Latency = 0> <II = 1> <Delay = 2.07> <FuncUnit> <Opcode : 'add' 'sub'> <InPorts = 2> <OutPorts = 1>
ST_4 : Operation 99 [1/1] (1.76ns)   --->   "br label %Cnk.exit"   --->   Operation 99 'br' <Predicate = (exitcond_i)> <Delay = 1.76>

State 5 <SV = 4> <Delay = 4.13>
ST_5 : Operation 100 [36/36] (4.13ns)   --->   "%s_2 = sdiv i32 %s, %j_i" [cubiecube.cpp:203->cubiecube.cpp:606]   --->   Operation 100 'sdiv' 's_2' <Predicate = true> <Delay = 4.13> <Core = "DivnS_SEQ">   --->   Core 24 'DivnS_SEQ' <Latency = 35> <II = 32> <Delay = 4.13> <FuncUnit> <Opcode : 'sdiv' 'srem' 'udiv' 'urem'> <InPorts = 2> <OutPorts = 1>
ST_5 : Operation 101 [1/1] (2.55ns)   --->   "%j_3 = add nsw i32 %j_i, 1" [cubiecube.cpp:200->cubiecube.cpp:606]   --->   Operation 101 'add' 'j_3' <Predicate = true> <Delay = 2.55> <Core = "AddSub">   --->   Core 14 'AddSub' <Latency = 0> <II = 1> <Delay = 2.07> <FuncUnit> <Opcode : 'add' 'sub'> <InPorts = 2> <OutPorts = 1>

State 6 <SV = 5> <Delay = 4.13>
ST_6 : Operation 102 [35/36] (4.13ns)   --->   "%s_2 = sdiv i32 %s, %j_i" [cubiecube.cpp:203->cubiecube.cpp:606]   --->   Operation 102 'sdiv' 's_2' <Predicate = true> <Delay = 4.13> <Core = "DivnS_SEQ">   --->   Core 24 'DivnS_SEQ' <Latency = 35> <II = 32> <Delay = 4.13> <FuncUnit> <Opcode : 'sdiv' 'srem' 'udiv' 'urem'> <InPorts = 2> <OutPorts = 1>

State 7 <SV = 6> <Delay = 4.13>
ST_7 : Operation 103 [34/36] (4.13ns)   --->   "%s_2 = sdiv i32 %s, %j_i" [cubiecube.cpp:203->cubiecube.cpp:606]   --->   Operation 103 'sdiv' 's_2' <Predicate = true> <Delay = 4.13> <Core = "DivnS_SEQ">   --->   Core 24 'DivnS_SEQ' <Latency = 35> <II = 32> <Delay = 4.13> <FuncUnit> <Opcode : 'sdiv' 'srem' 'udiv' 'urem'> <InPorts = 2> <OutPorts = 1>

State 8 <SV = 7> <Delay = 4.13>
ST_8 : Operation 104 [33/36] (4.13ns)   --->   "%s_2 = sdiv i32 %s, %j_i" [cubiecube.cpp:203->cubiecube.cpp:606]   --->   Operation 104 'sdiv' 's_2' <Predicate = true> <Delay = 4.13> <Core = "DivnS_SEQ">   --->   Core 24 'DivnS_SEQ' <Latency = 35> <II = 32> <Delay = 4.13> <FuncUnit> <Opcode : 'sdiv' 'srem' 'udiv' 'urem'> <InPorts = 2> <OutPorts = 1>

State 9 <SV = 8> <Delay = 4.13>
ST_9 : Operation 105 [32/36] (4.13ns)   --->   "%s_2 = sdiv i32 %s, %j_i" [cubiecube.cpp:203->cubiecube.cpp:606]   --->   Operation 105 'sdiv' 's_2' <Predicate = true> <Delay = 4.13> <Core = "DivnS_SEQ">   --->   Core 24 'DivnS_SEQ' <Latency = 35> <II = 32> <Delay = 4.13> <FuncUnit> <Opcode : 'sdiv' 'srem' 'udiv' 'urem'> <InPorts = 2> <OutPorts = 1>

State 10 <SV = 9> <Delay = 4.13>
ST_10 : Operation 106 [31/36] (4.13ns)   --->   "%s_2 = sdiv i32 %s, %j_i" [cubiecube.cpp:203->cubiecube.cpp:606]   --->   Operation 106 'sdiv' 's_2' <Predicate = true> <Delay = 4.13> <Core = "DivnS_SEQ">   --->   Core 24 'DivnS_SEQ' <Latency = 35> <II = 32> <Delay = 4.13> <FuncUnit> <Opcode : 'sdiv' 'srem' 'udiv' 'urem'> <InPorts = 2> <OutPorts = 1>

State 11 <SV = 10> <Delay = 4.13>
ST_11 : Operation 107 [30/36] (4.13ns)   --->   "%s_2 = sdiv i32 %s, %j_i" [cubiecube.cpp:203->cubiecube.cpp:606]   --->   Operation 107 'sdiv' 's_2' <Predicate = true> <Delay = 4.13> <Core = "DivnS_SEQ">   --->   Core 24 'DivnS_SEQ' <Latency = 35> <II = 32> <Delay = 4.13> <FuncUnit> <Opcode : 'sdiv' 'srem' 'udiv' 'urem'> <InPorts = 2> <OutPorts = 1>

State 12 <SV = 11> <Delay = 4.13>
ST_12 : Operation 108 [29/36] (4.13ns)   --->   "%s_2 = sdiv i32 %s, %j_i" [cubiecube.cpp:203->cubiecube.cpp:606]   --->   Operation 108 'sdiv' 's_2' <Predicate = true> <Delay = 4.13> <Core = "DivnS_SEQ">   --->   Core 24 'DivnS_SEQ' <Latency = 35> <II = 32> <Delay = 4.13> <FuncUnit> <Opcode : 'sdiv' 'srem' 'udiv' 'urem'> <InPorts = 2> <OutPorts = 1>

State 13 <SV = 12> <Delay = 4.13>
ST_13 : Operation 109 [28/36] (4.13ns)   --->   "%s_2 = sdiv i32 %s, %j_i" [cubiecube.cpp:203->cubiecube.cpp:606]   --->   Operation 109 'sdiv' 's_2' <Predicate = true> <Delay = 4.13> <Core = "DivnS_SEQ">   --->   Core 24 'DivnS_SEQ' <Latency = 35> <II = 32> <Delay = 4.13> <FuncUnit> <Opcode : 'sdiv' 'srem' 'udiv' 'urem'> <InPorts = 2> <OutPorts = 1>

State 14 <SV = 13> <Delay = 4.13>
ST_14 : Operation 110 [27/36] (4.13ns)   --->   "%s_2 = sdiv i32 %s, %j_i" [cubiecube.cpp:203->cubiecube.cpp:606]   --->   Operation 110 'sdiv' 's_2' <Predicate = true> <Delay = 4.13> <Core = "DivnS_SEQ">   --->   Core 24 'DivnS_SEQ' <Latency = 35> <II = 32> <Delay = 4.13> <FuncUnit> <Opcode : 'sdiv' 'srem' 'udiv' 'urem'> <InPorts = 2> <OutPorts = 1>

State 15 <SV = 14> <Delay = 4.13>
ST_15 : Operation 111 [26/36] (4.13ns)   --->   "%s_2 = sdiv i32 %s, %j_i" [cubiecube.cpp:203->cubiecube.cpp:606]   --->   Operation 111 'sdiv' 's_2' <Predicate = true> <Delay = 4.13> <Core = "DivnS_SEQ">   --->   Core 24 'DivnS_SEQ' <Latency = 35> <II = 32> <Delay = 4.13> <FuncUnit> <Opcode : 'sdiv' 'srem' 'udiv' 'urem'> <InPorts = 2> <OutPorts = 1>

State 16 <SV = 15> <Delay = 4.13>
ST_16 : Operation 112 [25/36] (4.13ns)   --->   "%s_2 = sdiv i32 %s, %j_i" [cubiecube.cpp:203->cubiecube.cpp:606]   --->   Operation 112 'sdiv' 's_2' <Predicate = true> <Delay = 4.13> <Core = "DivnS_SEQ">   --->   Core 24 'DivnS_SEQ' <Latency = 35> <II = 32> <Delay = 4.13> <FuncUnit> <Opcode : 'sdiv' 'srem' 'udiv' 'urem'> <InPorts = 2> <OutPorts = 1>

State 17 <SV = 16> <Delay = 4.13>
ST_17 : Operation 113 [24/36] (4.13ns)   --->   "%s_2 = sdiv i32 %s, %j_i" [cubiecube.cpp:203->cubiecube.cpp:606]   --->   Operation 113 'sdiv' 's_2' <Predicate = true> <Delay = 4.13> <Core = "DivnS_SEQ">   --->   Core 24 'DivnS_SEQ' <Latency = 35> <II = 32> <Delay = 4.13> <FuncUnit> <Opcode : 'sdiv' 'srem' 'udiv' 'urem'> <InPorts = 2> <OutPorts = 1>

State 18 <SV = 17> <Delay = 4.13>
ST_18 : Operation 114 [23/36] (4.13ns)   --->   "%s_2 = sdiv i32 %s, %j_i" [cubiecube.cpp:203->cubiecube.cpp:606]   --->   Operation 114 'sdiv' 's_2' <Predicate = true> <Delay = 4.13> <Core = "DivnS_SEQ">   --->   Core 24 'DivnS_SEQ' <Latency = 35> <II = 32> <Delay = 4.13> <FuncUnit> <Opcode : 'sdiv' 'srem' 'udiv' 'urem'> <InPorts = 2> <OutPorts = 1>

State 19 <SV = 18> <Delay = 4.13>
ST_19 : Operation 115 [22/36] (4.13ns)   --->   "%s_2 = sdiv i32 %s, %j_i" [cubiecube.cpp:203->cubiecube.cpp:606]   --->   Operation 115 'sdiv' 's_2' <Predicate = true> <Delay = 4.13> <Core = "DivnS_SEQ">   --->   Core 24 'DivnS_SEQ' <Latency = 35> <II = 32> <Delay = 4.13> <FuncUnit> <Opcode : 'sdiv' 'srem' 'udiv' 'urem'> <InPorts = 2> <OutPorts = 1>

State 20 <SV = 19> <Delay = 4.13>
ST_20 : Operation 116 [21/36] (4.13ns)   --->   "%s_2 = sdiv i32 %s, %j_i" [cubiecube.cpp:203->cubiecube.cpp:606]   --->   Operation 116 'sdiv' 's_2' <Predicate = true> <Delay = 4.13> <Core = "DivnS_SEQ">   --->   Core 24 'DivnS_SEQ' <Latency = 35> <II = 32> <Delay = 4.13> <FuncUnit> <Opcode : 'sdiv' 'srem' 'udiv' 'urem'> <InPorts = 2> <OutPorts = 1>

State 21 <SV = 20> <Delay = 4.13>
ST_21 : Operation 117 [20/36] (4.13ns)   --->   "%s_2 = sdiv i32 %s, %j_i" [cubiecube.cpp:203->cubiecube.cpp:606]   --->   Operation 117 'sdiv' 's_2' <Predicate = true> <Delay = 4.13> <Core = "DivnS_SEQ">   --->   Core 24 'DivnS_SEQ' <Latency = 35> <II = 32> <Delay = 4.13> <FuncUnit> <Opcode : 'sdiv' 'srem' 'udiv' 'urem'> <InPorts = 2> <OutPorts = 1>

State 22 <SV = 21> <Delay = 4.13>
ST_22 : Operation 118 [19/36] (4.13ns)   --->   "%s_2 = sdiv i32 %s, %j_i" [cubiecube.cpp:203->cubiecube.cpp:606]   --->   Operation 118 'sdiv' 's_2' <Predicate = true> <Delay = 4.13> <Core = "DivnS_SEQ">   --->   Core 24 'DivnS_SEQ' <Latency = 35> <II = 32> <Delay = 4.13> <FuncUnit> <Opcode : 'sdiv' 'srem' 'udiv' 'urem'> <InPorts = 2> <OutPorts = 1>

State 23 <SV = 22> <Delay = 4.13>
ST_23 : Operation 119 [18/36] (4.13ns)   --->   "%s_2 = sdiv i32 %s, %j_i" [cubiecube.cpp:203->cubiecube.cpp:606]   --->   Operation 119 'sdiv' 's_2' <Predicate = true> <Delay = 4.13> <Core = "DivnS_SEQ">   --->   Core 24 'DivnS_SEQ' <Latency = 35> <II = 32> <Delay = 4.13> <FuncUnit> <Opcode : 'sdiv' 'srem' 'udiv' 'urem'> <InPorts = 2> <OutPorts = 1>

State 24 <SV = 23> <Delay = 4.13>
ST_24 : Operation 120 [17/36] (4.13ns)   --->   "%s_2 = sdiv i32 %s, %j_i" [cubiecube.cpp:203->cubiecube.cpp:606]   --->   Operation 120 'sdiv' 's_2' <Predicate = true> <Delay = 4.13> <Core = "DivnS_SEQ">   --->   Core 24 'DivnS_SEQ' <Latency = 35> <II = 32> <Delay = 4.13> <FuncUnit> <Opcode : 'sdiv' 'srem' 'udiv' 'urem'> <InPorts = 2> <OutPorts = 1>

State 25 <SV = 24> <Delay = 4.13>
ST_25 : Operation 121 [16/36] (4.13ns)   --->   "%s_2 = sdiv i32 %s, %j_i" [cubiecube.cpp:203->cubiecube.cpp:606]   --->   Operation 121 'sdiv' 's_2' <Predicate = true> <Delay = 4.13> <Core = "DivnS_SEQ">   --->   Core 24 'DivnS_SEQ' <Latency = 35> <II = 32> <Delay = 4.13> <FuncUnit> <Opcode : 'sdiv' 'srem' 'udiv' 'urem'> <InPorts = 2> <OutPorts = 1>

State 26 <SV = 25> <Delay = 4.13>
ST_26 : Operation 122 [15/36] (4.13ns)   --->   "%s_2 = sdiv i32 %s, %j_i" [cubiecube.cpp:203->cubiecube.cpp:606]   --->   Operation 122 'sdiv' 's_2' <Predicate = true> <Delay = 4.13> <Core = "DivnS_SEQ">   --->   Core 24 'DivnS_SEQ' <Latency = 35> <II = 32> <Delay = 4.13> <FuncUnit> <Opcode : 'sdiv' 'srem' 'udiv' 'urem'> <InPorts = 2> <OutPorts = 1>

State 27 <SV = 26> <Delay = 4.13>
ST_27 : Operation 123 [14/36] (4.13ns)   --->   "%s_2 = sdiv i32 %s, %j_i" [cubiecube.cpp:203->cubiecube.cpp:606]   --->   Operation 123 'sdiv' 's_2' <Predicate = true> <Delay = 4.13> <Core = "DivnS_SEQ">   --->   Core 24 'DivnS_SEQ' <Latency = 35> <II = 32> <Delay = 4.13> <FuncUnit> <Opcode : 'sdiv' 'srem' 'udiv' 'urem'> <InPorts = 2> <OutPorts = 1>

State 28 <SV = 27> <Delay = 4.13>
ST_28 : Operation 124 [13/36] (4.13ns)   --->   "%s_2 = sdiv i32 %s, %j_i" [cubiecube.cpp:203->cubiecube.cpp:606]   --->   Operation 124 'sdiv' 's_2' <Predicate = true> <Delay = 4.13> <Core = "DivnS_SEQ">   --->   Core 24 'DivnS_SEQ' <Latency = 35> <II = 32> <Delay = 4.13> <FuncUnit> <Opcode : 'sdiv' 'srem' 'udiv' 'urem'> <InPorts = 2> <OutPorts = 1>

State 29 <SV = 28> <Delay = 4.13>
ST_29 : Operation 125 [12/36] (4.13ns)   --->   "%s_2 = sdiv i32 %s, %j_i" [cubiecube.cpp:203->cubiecube.cpp:606]   --->   Operation 125 'sdiv' 's_2' <Predicate = true> <Delay = 4.13> <Core = "DivnS_SEQ">   --->   Core 24 'DivnS_SEQ' <Latency = 35> <II = 32> <Delay = 4.13> <FuncUnit> <Opcode : 'sdiv' 'srem' 'udiv' 'urem'> <InPorts = 2> <OutPorts = 1>

State 30 <SV = 29> <Delay = 4.13>
ST_30 : Operation 126 [11/36] (4.13ns)   --->   "%s_2 = sdiv i32 %s, %j_i" [cubiecube.cpp:203->cubiecube.cpp:606]   --->   Operation 126 'sdiv' 's_2' <Predicate = true> <Delay = 4.13> <Core = "DivnS_SEQ">   --->   Core 24 'DivnS_SEQ' <Latency = 35> <II = 32> <Delay = 4.13> <FuncUnit> <Opcode : 'sdiv' 'srem' 'udiv' 'urem'> <InPorts = 2> <OutPorts = 1>

State 31 <SV = 30> <Delay = 4.13>
ST_31 : Operation 127 [10/36] (4.13ns)   --->   "%s_2 = sdiv i32 %s, %j_i" [cubiecube.cpp:203->cubiecube.cpp:606]   --->   Operation 127 'sdiv' 's_2' <Predicate = true> <Delay = 4.13> <Core = "DivnS_SEQ">   --->   Core 24 'DivnS_SEQ' <Latency = 35> <II = 32> <Delay = 4.13> <FuncUnit> <Opcode : 'sdiv' 'srem' 'udiv' 'urem'> <InPorts = 2> <OutPorts = 1>

State 32 <SV = 31> <Delay = 4.13>
ST_32 : Operation 128 [9/36] (4.13ns)   --->   "%s_2 = sdiv i32 %s, %j_i" [cubiecube.cpp:203->cubiecube.cpp:606]   --->   Operation 128 'sdiv' 's_2' <Predicate = true> <Delay = 4.13> <Core = "DivnS_SEQ">   --->   Core 24 'DivnS_SEQ' <Latency = 35> <II = 32> <Delay = 4.13> <FuncUnit> <Opcode : 'sdiv' 'srem' 'udiv' 'urem'> <InPorts = 2> <OutPorts = 1>

State 33 <SV = 32> <Delay = 4.13>
ST_33 : Operation 129 [8/36] (4.13ns)   --->   "%s_2 = sdiv i32 %s, %j_i" [cubiecube.cpp:203->cubiecube.cpp:606]   --->   Operation 129 'sdiv' 's_2' <Predicate = true> <Delay = 4.13> <Core = "DivnS_SEQ">   --->   Core 24 'DivnS_SEQ' <Latency = 35> <II = 32> <Delay = 4.13> <FuncUnit> <Opcode : 'sdiv' 'srem' 'udiv' 'urem'> <InPorts = 2> <OutPorts = 1>

State 34 <SV = 33> <Delay = 4.13>
ST_34 : Operation 130 [7/36] (4.13ns)   --->   "%s_2 = sdiv i32 %s, %j_i" [cubiecube.cpp:203->cubiecube.cpp:606]   --->   Operation 130 'sdiv' 's_2' <Predicate = true> <Delay = 4.13> <Core = "DivnS_SEQ">   --->   Core 24 'DivnS_SEQ' <Latency = 35> <II = 32> <Delay = 4.13> <FuncUnit> <Opcode : 'sdiv' 'srem' 'udiv' 'urem'> <InPorts = 2> <OutPorts = 1>

State 35 <SV = 34> <Delay = 4.13>
ST_35 : Operation 131 [6/36] (4.13ns)   --->   "%s_2 = sdiv i32 %s, %j_i" [cubiecube.cpp:203->cubiecube.cpp:606]   --->   Operation 131 'sdiv' 's_2' <Predicate = true> <Delay = 4.13> <Core = "DivnS_SEQ">   --->   Core 24 'DivnS_SEQ' <Latency = 35> <II = 32> <Delay = 4.13> <FuncUnit> <Opcode : 'sdiv' 'srem' 'udiv' 'urem'> <InPorts = 2> <OutPorts = 1>

State 36 <SV = 35> <Delay = 4.13>
ST_36 : Operation 132 [5/36] (4.13ns)   --->   "%s_2 = sdiv i32 %s, %j_i" [cubiecube.cpp:203->cubiecube.cpp:606]   --->   Operation 132 'sdiv' 's_2' <Predicate = true> <Delay = 4.13> <Core = "DivnS_SEQ">   --->   Core 24 'DivnS_SEQ' <Latency = 35> <II = 32> <Delay = 4.13> <FuncUnit> <Opcode : 'sdiv' 'srem' 'udiv' 'urem'> <InPorts = 2> <OutPorts = 1>

State 37 <SV = 36> <Delay = 4.13>
ST_37 : Operation 133 [4/36] (4.13ns)   --->   "%s_2 = sdiv i32 %s, %j_i" [cubiecube.cpp:203->cubiecube.cpp:606]   --->   Operation 133 'sdiv' 's_2' <Predicate = true> <Delay = 4.13> <Core = "DivnS_SEQ">   --->   Core 24 'DivnS_SEQ' <Latency = 35> <II = 32> <Delay = 4.13> <FuncUnit> <Opcode : 'sdiv' 'srem' 'udiv' 'urem'> <InPorts = 2> <OutPorts = 1>

State 38 <SV = 37> <Delay = 4.13>
ST_38 : Operation 134 [3/36] (4.13ns)   --->   "%s_2 = sdiv i32 %s, %j_i" [cubiecube.cpp:203->cubiecube.cpp:606]   --->   Operation 134 'sdiv' 's_2' <Predicate = true> <Delay = 4.13> <Core = "DivnS_SEQ">   --->   Core 24 'DivnS_SEQ' <Latency = 35> <II = 32> <Delay = 4.13> <FuncUnit> <Opcode : 'sdiv' 'srem' 'udiv' 'urem'> <InPorts = 2> <OutPorts = 1>

State 39 <SV = 38> <Delay = 4.13>
ST_39 : Operation 135 [2/36] (4.13ns)   --->   "%s_2 = sdiv i32 %s, %j_i" [cubiecube.cpp:203->cubiecube.cpp:606]   --->   Operation 135 'sdiv' 's_2' <Predicate = true> <Delay = 4.13> <Core = "DivnS_SEQ">   --->   Core 24 'DivnS_SEQ' <Latency = 35> <II = 32> <Delay = 4.13> <FuncUnit> <Opcode : 'sdiv' 'srem' 'udiv' 'urem'> <InPorts = 2> <OutPorts = 1>

State 40 <SV = 39> <Delay = 4.13>
ST_40 : Operation 136 [1/1] (0.00ns)   --->   "call void (...)* @_ssdm_op_SpecLoopName([11 x i8]* @p_str30) nounwind" [cubiecube.cpp:200->cubiecube.cpp:606]   --->   Operation 136 'specloopname' <Predicate = true> <Delay = 0.00>
ST_40 : Operation 137 [1/1] (0.00ns)   --->   "%tmp_77_i = call i32 (...)* @_ssdm_op_SpecRegionBegin([11 x i8]* @p_str30) nounwind" [cubiecube.cpp:200->cubiecube.cpp:606]   --->   Operation 137 'specregionbegin' 'tmp_77_i' <Predicate = true> <Delay = 0.00>
ST_40 : Operation 138 [1/1] (0.00ns)   --->   "call void (...)* @_ssdm_op_SpecLoopTripCount(i32 0, i32 12, i32 6, [1 x i8]* @p_str131) nounwind" [cubiecube.cpp:201->cubiecube.cpp:606]   --->   Operation 138 'speclooptripcount' <Predicate = true> <Delay = 0.00>
ST_40 : Operation 139 [1/36] (4.13ns)   --->   "%s_2 = sdiv i32 %s, %j_i" [cubiecube.cpp:203->cubiecube.cpp:606]   --->   Operation 139 'sdiv' 's_2' <Predicate = true> <Delay = 4.13> <Core = "DivnS_SEQ">   --->   Core 24 'DivnS_SEQ' <Latency = 35> <II = 32> <Delay = 4.13> <FuncUnit> <Opcode : 'sdiv' 'srem' 'udiv' 'urem'> <InPorts = 2> <OutPorts = 1>
ST_40 : Operation 140 [1/1] (0.00ns)   --->   "%empty = call i32 (...)* @_ssdm_op_SpecRegionEnd([11 x i8]* @p_str30, i32 %tmp_77_i) nounwind" [cubiecube.cpp:204->cubiecube.cpp:606]   --->   Operation 140 'specregionend' 'empty' <Predicate = true> <Delay = 0.00>
ST_40 : Operation 141 [1/1] (0.00ns)   --->   "br label %3" [cubiecube.cpp:200->cubiecube.cpp:606]   --->   Operation 141 'br' <Predicate = true> <Delay = 0.00>

State 41 <SV = 4> <Delay = 4.32>
ST_41 : Operation 142 [1/1] (0.00ns) (grouped into LUT with out node a_1)   --->   "%p_0_i = phi i32 [ 0, %1 ], [ %s_i, %Cnk.exit.loopexit ]" [cubiecube.cpp:203->cubiecube.cpp:606]   --->   Operation 142 'phi' 'p_0_i' <Predicate = (tmp_159)> <Delay = 0.00>
ST_41 : Operation 143 [1/1] (0.00ns)   --->   "%a_load_1 = load i32* %a_1_1" [cubiecube.cpp:606]   --->   Operation 143 'load' 'a_load_1' <Predicate = (tmp_159)> <Delay = 0.00>
ST_41 : Operation 144 [1/1] (0.00ns)   --->   "%x_load_1 = load i32* %x"   --->   Operation 144 'load' 'x_load_1' <Predicate = (tmp_159)> <Delay = 0.00>
ST_41 : Operation 145 [1/1] (2.55ns) (out node of the LUT)   --->   "%a_1 = add nsw i32 %p_0_i, %a_load_1" [cubiecube.cpp:606]   --->   Operation 145 'add' 'a_1' <Predicate = (tmp_159)> <Delay = 2.55> <Core = "AddSub">   --->   Core 14 'AddSub' <Latency = 0> <II = 1> <Delay = 2.07> <FuncUnit> <Opcode : 'add' 'sub'> <InPorts = 2> <OutPorts = 1>
ST_41 : Operation 146 [1/1] (0.00ns)   --->   "%tmp_122 = trunc i32 %x_load_1 to i2"   --->   Operation 146 'trunc' 'tmp_122' <Predicate = (tmp_159)> <Delay = 0.00>
ST_41 : Operation 147 [1/1] (1.13ns)   --->   "switch i2 %tmp_122, label %branch5 [
    i2 0, label %Cnk.exit..preheader4.backedge_crit_edge
    i2 1, label %branch4
  ]" [cubiecube.cpp:607]   --->   Operation 147 'switch' <Predicate = (tmp_159)> <Delay = 1.13>
ST_41 : Operation 148 [1/1] (1.76ns)   --->   "store i32 %x_1, i32* %x" [cubiecube.cpp:194->cubiecube.cpp:606]   --->   Operation 148 'store' <Predicate = (tmp_159 & tmp_122 == 1)> <Delay = 1.76>
ST_41 : Operation 149 [1/1] (1.76ns)   --->   "store i32 %a_1, i32* %a_1_1" [cubiecube.cpp:606]   --->   Operation 149 'store' <Predicate = (tmp_159 & tmp_122 == 1)> <Delay = 1.76>
ST_41 : Operation 150 [1/1] (1.76ns)   --->   "store i4 %edge3_0, i4* %edge3_2_2" [cubiecube.cpp:607]   --->   Operation 150 'store' <Predicate = (tmp_159 & tmp_122 == 1)> <Delay = 1.76>
ST_41 : Operation 151 [1/1] (0.00ns)   --->   "br label %.preheader4.backedge" [cubiecube.cpp:607]   --->   Operation 151 'br' <Predicate = (tmp_159 & tmp_122 == 1)> <Delay = 0.00>
ST_41 : Operation 152 [1/1] (1.76ns)   --->   "store i32 %x_1, i32* %x" [cubiecube.cpp:607]   --->   Operation 152 'store' <Predicate = (tmp_159 & tmp_122 == 0)> <Delay = 1.76>
ST_41 : Operation 153 [1/1] (1.76ns)   --->   "store i32 %a_1, i32* %a_1_1" [cubiecube.cpp:606]   --->   Operation 153 'store' <Predicate = (tmp_159 & tmp_122 == 0)> <Delay = 1.76>
ST_41 : Operation 154 [1/1] (1.76ns)   --->   "store i4 %edge3_0, i4* %edge3_2_1" [cubiecube.cpp:607]   --->   Operation 154 'store' <Predicate = (tmp_159 & tmp_122 == 0)> <Delay = 1.76>
ST_41 : Operation 155 [1/1] (0.00ns)   --->   "br label %.preheader4.backedge" [cubiecube.cpp:607]   --->   Operation 155 'br' <Predicate = (tmp_159 & tmp_122 == 0)> <Delay = 0.00>
ST_41 : Operation 156 [1/1] (1.76ns)   --->   "store i32 %x_1, i32* %x" [cubiecube.cpp:194->cubiecube.cpp:606]   --->   Operation 156 'store' <Predicate = (tmp_159 & tmp_122 != 0 & tmp_122 != 1)> <Delay = 1.76>
ST_41 : Operation 157 [1/1] (1.76ns)   --->   "store i32 %a_1, i32* %a_1_1" [cubiecube.cpp:606]   --->   Operation 157 'store' <Predicate = (tmp_159 & tmp_122 != 0 & tmp_122 != 1)> <Delay = 1.76>
ST_41 : Operation 158 [1/1] (1.76ns)   --->   "store i4 %edge3_0, i4* %edge3_2_3" [cubiecube.cpp:607]   --->   Operation 158 'store' <Predicate = (tmp_159 & tmp_122 != 0 & tmp_122 != 1)> <Delay = 1.76>
ST_41 : Operation 159 [1/1] (0.00ns)   --->   "br label %.preheader4.backedge" [cubiecube.cpp:607]   --->   Operation 159 'br' <Predicate = (tmp_159 & tmp_122 != 0 & tmp_122 != 1)> <Delay = 0.00>
ST_41 : Operation 160 [1/1] (0.00ns)   --->   "br label %.preheader4"   --->   Operation 160 'br' <Predicate = true> <Delay = 0.00>

State 42 <SV = 2> <Delay = 4.62>
ST_42 : Operation 161 [1/1] (0.00ns)   --->   "%indvars_iv = phi i2 [ %indvars_iv_next, %7 ], [ -2, %.preheader3.preheader ]" [cubiecube.cpp:610]   --->   Operation 161 'phi' 'indvars_iv' <Predicate = true> <Delay = 0.00>
ST_42 : Operation 162 [1/1] (0.00ns)   --->   "%r_assign = phi i2 [ %j, %7 ], [ -2, %.preheader3.preheader ]"   --->   Operation 162 'phi' 'r_assign' <Predicate = true> <Delay = 0.00>
ST_42 : Operation 163 [1/1] (0.00ns)   --->   "%b = phi i32 [ %b_1, %7 ], [ 0, %.preheader3.preheader ]"   --->   Operation 163 'phi' 'b' <Predicate = true> <Delay = 0.00>
ST_42 : Operation 164 [1/1] (0.00ns)   --->   "%j_1_cast4 = zext i2 %r_assign to i5" [cubiecube.cpp:610]   --->   Operation 164 'zext' 'j_1_cast4' <Predicate = true> <Delay = 0.00>
ST_42 : Operation 165 [1/1] (0.95ns)   --->   "%tmp_160 = icmp eq i2 %r_assign, 0" [cubiecube.cpp:610]   --->   Operation 165 'icmp' 'tmp_160' <Predicate = true> <Delay = 0.95> <Core = "Cmp">   --->   Core 25 'Cmp' <Latency = 0> <II = 1> <Delay = 0.95> <FuncUnit> <Opcode : 'icmp'> <InPorts = 2> <OutPorts = 1>
ST_42 : Operation 166 [1/1] (0.00ns)   --->   "call void (...)* @_ssdm_op_SpecLoopTripCount(i64 2, i64 2, i64 2)"   --->   Operation 166 'speclooptripcount' <Predicate = true> <Delay = 0.00>
ST_42 : Operation 167 [1/1] (0.00ns)   --->   "br i1 %tmp_160, label %8, label %.preheader.preheader" [cubiecube.cpp:610]   --->   Operation 167 'br' <Predicate = true> <Delay = 0.00>
ST_42 : Operation 168 [1/1] (0.95ns)   --->   "%cond1 = icmp eq i2 %r_assign, 1" [cubiecube.cpp:614]   --->   Operation 168 'icmp' 'cond1' <Predicate = (!tmp_160)> <Delay = 0.95> <Core = "Cmp">   --->   Core 25 'Cmp' <Latency = 0> <II = 1> <Delay = 0.95> <FuncUnit> <Opcode : 'icmp'> <InPorts = 2> <OutPorts = 1>
ST_42 : Operation 169 [1/1] (1.76ns)   --->   "br label %.preheader" [cubiecube.cpp:614]   --->   Operation 169 'br' <Predicate = (!tmp_160)> <Delay = 1.76>
ST_42 : Operation 170 [1/1] (0.00ns)   --->   "%a_load = load i32* %a_1_1" [cubiecube.cpp:621]   --->   Operation 170 'load' 'a_load' <Predicate = (tmp_160)> <Delay = 0.00>
ST_42 : Operation 171 [1/1] (0.00ns) (grouped into LUT with out node tmp_161)   --->   "%tmp = shl i32 %a_load, 3" [cubiecube.cpp:621]   --->   Operation 171 'shl' 'tmp' <Predicate = (tmp_160)> <Delay = 0.00>
ST_42 : Operation 172 [1/1] (0.00ns) (grouped into LUT with out node tmp_161)   --->   "%tmp_119 = shl i32 %a_load, 1" [cubiecube.cpp:621]   --->   Operation 172 'shl' 'tmp_119' <Predicate = (tmp_160)> <Delay = 0.00>
ST_42 : Operation 173 [1/1] (2.55ns) (out node of the LUT)   --->   "%tmp_161 = sub i32 %tmp, %tmp_119" [cubiecube.cpp:621]   --->   Operation 173 'sub' 'tmp_161' <Predicate = (tmp_160)> <Delay = 2.55> <Core = "AddSub">   --->   Core 14 'AddSub' <Latency = 0> <II = 1> <Delay = 2.07> <FuncUnit> <Opcode : 'add' 'sub'> <InPorts = 2> <OutPorts = 1>
ST_42 : Operation 174 [1/1] (0.00ns)   --->   "%tmp_120 = trunc i32 %b to i16" [cubiecube.cpp:619]   --->   Operation 174 'trunc' 'tmp_120' <Predicate = (tmp_160)> <Delay = 0.00>
ST_42 : Operation 175 [1/1] (0.00ns)   --->   "%tmp_121 = trunc i32 %tmp_161 to i16" [cubiecube.cpp:621]   --->   Operation 175 'trunc' 'tmp_121' <Predicate = (tmp_160)> <Delay = 0.00>
ST_42 : Operation 176 [1/1] (2.07ns)   --->   "%tmp_162 = add i16 %tmp_121, %tmp_120" [cubiecube.cpp:621]   --->   Operation 176 'add' 'tmp_162' <Predicate = (tmp_160)> <Delay = 2.07> <Core = "AddSub">   --->   Core 14 'AddSub' <Latency = 0> <II = 1> <Delay = 2.07> <FuncUnit> <Opcode : 'add' 'sub'> <InPorts = 2> <OutPorts = 1>
ST_42 : Operation 177 [1/1] (0.00ns)   --->   "ret i16 %tmp_162" [cubiecube.cpp:621]   --->   Operation 177 'ret' <Predicate = (tmp_160)> <Delay = 0.00>

State 43 <SV = 3> <Delay = 2.55>
ST_43 : Operation 178 [1/1] (0.00ns)   --->   "%k = phi i32 [ 0, %.preheader.preheader ], [ %k_1, %rotateLeft_edge.1.exit ]"   --->   Operation 178 'phi' 'k' <Predicate = true> <Delay = 0.00>
ST_43 : Operation 179 [1/1] (0.00ns)   --->   "%edge3_1_1_load = load i4* %edge3_1_1"   --->   Operation 179 'load' 'edge3_1_1_load' <Predicate = true> <Delay = 0.00>
ST_43 : Operation 180 [1/1] (0.00ns)   --->   "%edge3_2_4_load = load i4* %edge3_2_4"   --->   Operation 180 'load' 'edge3_2_4_load' <Predicate = true> <Delay = 0.00>
ST_43 : Operation 181 [1/1] (0.00ns) (grouped into LUT with out node tmp_163)   --->   "%edge3_load_phi = select i1 %cond1, i4 %edge3_1_1_load, i4 %edge3_2_4_load" [cubiecube.cpp:614]   --->   Operation 181 'select' 'edge3_load_phi' <Predicate = true> <Delay = 0.00> <Core = "Sel">   --->   Core 26 'Sel' <Latency = 0> <II = 1> <Delay = 1.02> <FuncUnit> <Opcode : 'select'> <InPorts = 3> <OutPorts = 1>
ST_43 : Operation 182 [1/1] (0.00ns) (grouped into LUT with out node tmp_163)   --->   "%tmp_199_cast = zext i4 %edge3_load_phi to i5" [cubiecube.cpp:614]   --->   Operation 182 'zext' 'tmp_199_cast' <Predicate = true> <Delay = 0.00>
ST_43 : Operation 183 [1/1] (1.30ns) (out node of the LUT)   --->   "%tmp_163 = icmp eq i5 %tmp_199_cast, %j_1_cast4" [cubiecube.cpp:614]   --->   Operation 183 'icmp' 'tmp_163' <Predicate = true> <Delay = 1.30> <Core = "Cmp">   --->   Core 25 'Cmp' <Latency = 0> <II = 1> <Delay = 0.95> <FuncUnit> <Opcode : 'icmp'> <InPorts = 2> <OutPorts = 1>
ST_43 : Operation 184 [1/1] (2.55ns)   --->   "%k_1 = add nsw i32 %k, 1" [cubiecube.cpp:617]   --->   Operation 184 'add' 'k_1' <Predicate = true> <Delay = 2.55> <Core = "AddSub">   --->   Core 14 'AddSub' <Latency = 0> <II = 1> <Delay = 2.07> <FuncUnit> <Opcode : 'add' 'sub'> <InPorts = 2> <OutPorts = 1>
ST_43 : Operation 185 [1/1] (0.00ns)   --->   "br i1 %tmp_163, label %7, label %5" [cubiecube.cpp:614]   --->   Operation 185 'br' <Predicate = true> <Delay = 0.00>
ST_43 : Operation 186 [1/1] (0.00ns)   --->   "%tmp_58 = call i32 (...)* @_ssdm_op_SpecRegionBegin([12 x i8]* @p_str838)" [cubiecube.cpp:614]   --->   Operation 186 'specregionbegin' 'tmp_58' <Predicate = (!tmp_163)> <Delay = 0.00>
ST_43 : Operation 187 [1/1] (0.00ns)   --->   "call void (...)* @_ssdm_op_SpecLoopTripCount(i32 0, i32 12, i32 6, [1 x i8]* @p_str131) nounwind" [cubiecube.cpp:615]   --->   Operation 187 'speclooptripcount' <Predicate = (!tmp_163)> <Delay = 0.00>
ST_43 : Operation 188 [1/1] (1.76ns)   --->   "br label %branch3.i" [cubiecube.cpp:238->cubiecube.cpp:616]   --->   Operation 188 'br' <Predicate = (!tmp_163)> <Delay = 1.76>
ST_43 : Operation 189 [1/1] (1.56ns)   --->   "%tmp_164 = add i2 %r_assign, 1" [cubiecube.cpp:619]   --->   Operation 189 'add' 'tmp_164' <Predicate = (tmp_163)> <Delay = 1.56> <Core = "AddSub">   --->   Core 14 'AddSub' <Latency = 0> <II = 1> <Delay = 2.07> <FuncUnit> <Opcode : 'add' 'sub'> <InPorts = 2> <OutPorts = 1>
ST_43 : Operation 190 [1/1] (1.56ns)   --->   "%j = add i2 %r_assign, -1" [cubiecube.cpp:610]   --->   Operation 190 'add' 'j' <Predicate = (tmp_163)> <Delay = 1.56> <Core = "AddSub">   --->   Core 14 'AddSub' <Latency = 0> <II = 1> <Delay = 2.07> <FuncUnit> <Opcode : 'add' 'sub'> <InPorts = 2> <OutPorts = 1>

State 44 <SV = 4> <Delay = 2.79>
ST_44 : Operation 191 [1/1] (0.00ns)   --->   "%arr2_i = phi i4 [ %edge3_2_4_load, %5 ], [ %arr2_i_be, %branch3.i.backedge ]" [cubiecube.cpp:241->cubiecube.cpp:616]   --->   Operation 191 'phi' 'arr2_i' <Predicate = true> <Delay = 0.00>
ST_44 : Operation 192 [1/1] (0.00ns)   --->   "%write_flag_i = phi i1 [ false, %5 ], [ %write_flag_i_be, %branch3.i.backedge ]"   --->   Operation 192 'phi' 'write_flag_i' <Predicate = true> <Delay = 0.00>
ST_44 : Operation 193 [1/1] (0.00ns)   --->   "%arr1_i = phi i4 [ %edge3_1_1_load, %5 ], [ %arr1_i_be, %branch3.i.backedge ]" [cubiecube.cpp:241->cubiecube.cpp:616]   --->   Operation 193 'phi' 'arr1_i' <Predicate = true> <Delay = 0.00>
ST_44 : Operation 194 [1/1] (0.00ns)   --->   "%arr_i = phi i4 [ undef, %5 ], [ %arr_i_be, %branch3.i.backedge ]" [cubiecube.cpp:241->cubiecube.cpp:616]   --->   Operation 194 'phi' 'arr_i' <Predicate = true> <Delay = 0.00>
ST_44 : Operation 195 [1/1] (0.00ns)   --->   "%i_i1 = phi i2 [ 0, %5 ], [ %i_25, %branch3.i.backedge ]"   --->   Operation 195 'phi' 'i_i1' <Predicate = true> <Delay = 0.00>
ST_44 : Operation 196 [1/1] (0.00ns)   --->   "call void (...)* @_ssdm_op_SpecLoopTripCount(i64 0, i64 2, i64 0)"   --->   Operation 196 'speclooptripcount' <Predicate = true> <Delay = 0.00>
ST_44 : Operation 197 [1/1] (0.95ns)   --->   "%exitcond1 = icmp eq i2 %i_i1, %indvars_iv" [cubiecube.cpp:238->cubiecube.cpp:616]   --->   Operation 197 'icmp' 'exitcond1' <Predicate = true> <Delay = 0.95> <Core = "Cmp">   --->   Core 25 'Cmp' <Latency = 0> <II = 1> <Delay = 0.95> <FuncUnit> <Opcode : 'icmp'> <InPorts = 2> <OutPorts = 1>
ST_44 : Operation 198 [1/1] (1.56ns)   --->   "%i_25 = add i2 %i_i1, 1" [cubiecube.cpp:241->cubiecube.cpp:616]   --->   Operation 198 'add' 'i_25' <Predicate = true> <Delay = 1.56> <Core = "AddSub">   --->   Core 14 'AddSub' <Latency = 0> <II = 1> <Delay = 2.07> <FuncUnit> <Opcode : 'add' 'sub'> <InPorts = 2> <OutPorts = 1>
ST_44 : Operation 199 [1/1] (0.00ns)   --->   "br i1 %exitcond1, label %rotateLeft_edge.1.exit, label %6" [cubiecube.cpp:238->cubiecube.cpp:616]   --->   Operation 199 'br' <Predicate = true> <Delay = 0.00>
ST_44 : Operation 200 [1/1] (0.95ns)   --->   "%cond_i = icmp eq i2 %i_i1, 0" [cubiecube.cpp:241->cubiecube.cpp:616]   --->   Operation 200 'icmp' 'cond_i' <Predicate = (!exitcond1)> <Delay = 0.95> <Core = "Cmp">   --->   Core 25 'Cmp' <Latency = 0> <II = 1> <Delay = 0.95> <FuncUnit> <Opcode : 'icmp'> <InPorts = 2> <OutPorts = 1>
ST_44 : Operation 201 [1/1] (1.02ns)   --->   "%arr_load_phi_i = select i1 %cond_i, i4 %arr1_i, i4 %arr2_i" [cubiecube.cpp:241->cubiecube.cpp:616]   --->   Operation 201 'select' 'arr_load_phi_i' <Predicate = (!exitcond1)> <Delay = 1.02> <Core = "Sel">   --->   Core 26 'Sel' <Latency = 0> <II = 1> <Delay = 1.02> <FuncUnit> <Opcode : 'select'> <InPorts = 3> <OutPorts = 1>
ST_44 : Operation 202 [1/1] (1.76ns)   --->   "switch i2 %i_i1, label %branch5.i [
    i2 0, label %branch3.i.backedge
    i2 1, label %branch4.i
  ]" [cubiecube.cpp:241->cubiecube.cpp:616]   --->   Operation 202 'switch' <Predicate = (!exitcond1)> <Delay = 1.76>
ST_44 : Operation 203 [1/1] (1.76ns)   --->   "br label %branch3.i.backedge" [cubiecube.cpp:241->cubiecube.cpp:616]   --->   Operation 203 'br' <Predicate = (!exitcond1 & i_i1 == 1)> <Delay = 1.76>
ST_44 : Operation 204 [1/1] (1.76ns)   --->   "br label %branch3.i.backedge" [cubiecube.cpp:241->cubiecube.cpp:616]   --->   Operation 204 'br' <Predicate = (!exitcond1 & i_i1 != 0 & i_i1 != 1)> <Delay = 1.76>
ST_44 : Operation 205 [1/1] (0.00ns)   --->   "%temp_load = load i4* %temp" [cubiecube.cpp:243->cubiecube.cpp:616]   --->   Operation 205 'load' 'temp_load' <Predicate = (exitcond1)> <Delay = 0.00>
ST_44 : Operation 206 [1/1] (1.02ns)   --->   "%edge3_2 = select i1 %cond1, i4 %arr2_i, i4 %temp_load" [cubiecube.cpp:614]   --->   Operation 206 'select' 'edge3_2' <Predicate = (exitcond1)> <Delay = 1.02> <Core = "Sel">   --->   Core 26 'Sel' <Latency = 0> <II = 1> <Delay = 1.02> <FuncUnit> <Opcode : 'select'> <InPorts = 3> <OutPorts = 1>
ST_44 : Operation 207 [1/1] (1.02ns)   --->   "%edge3_1 = select i1 %cond1, i4 %temp_load, i4 %arr1_i" [cubiecube.cpp:614]   --->   Operation 207 'select' 'edge3_1' <Predicate = (exitcond1)> <Delay = 1.02> <Core = "Sel">   --->   Core 26 'Sel' <Latency = 0> <II = 1> <Delay = 1.02> <FuncUnit> <Opcode : 'select'> <InPorts = 3> <OutPorts = 1>
ST_44 : Operation 208 [1/1] (1.02ns)   --->   "%edge3_0_1 = select i1 %write_flag_i, i4 %arr_i, i4 %temp_load" [cubiecube.cpp:243->cubiecube.cpp:616]   --->   Operation 208 'select' 'edge3_0_1' <Predicate = (exitcond1)> <Delay = 1.02> <Core = "Sel">   --->   Core 26 'Sel' <Latency = 0> <II = 1> <Delay = 1.02> <FuncUnit> <Opcode : 'select'> <InPorts = 3> <OutPorts = 1>
ST_44 : Operation 209 [1/1] (0.00ns)   --->   "%empty_37 = call i32 (...)* @_ssdm_op_SpecRegionEnd([12 x i8]* @p_str838, i32 %tmp_58)" [cubiecube.cpp:618]   --->   Operation 209 'specregionend' 'empty_37' <Predicate = (exitcond1)> <Delay = 0.00>
ST_44 : Operation 210 [1/1] (1.76ns)   --->   "store i4 %edge3_2, i4* %edge3_2_4" [cubiecube.cpp:616]   --->   Operation 210 'store' <Predicate = (exitcond1)> <Delay = 1.76>
ST_44 : Operation 211 [1/1] (1.76ns)   --->   "store i4 %edge3_1, i4* %edge3_1_1" [cubiecube.cpp:616]   --->   Operation 211 'store' <Predicate = (exitcond1)> <Delay = 1.76>
ST_44 : Operation 212 [1/1] (1.76ns)   --->   "store i4 %edge3_0_1, i4* %temp" [cubiecube.cpp:616]   --->   Operation 212 'store' <Predicate = (exitcond1)> <Delay = 1.76>
ST_44 : Operation 213 [1/1] (0.00ns)   --->   "br label %.preheader" [cubiecube.cpp:618]   --->   Operation 213 'br' <Predicate = (exitcond1)> <Delay = 0.00>

State 45 <SV = 5> <Delay = 0.00>
ST_45 : Operation 214 [1/1] (0.00ns)   --->   "%arr2_i_be = phi i4 [ %arr_load_phi_i, %branch5.i ], [ %arr2_i, %branch4.i ], [ %arr2_i, %6 ]" [cubiecube.cpp:241->cubiecube.cpp:616]   --->   Operation 214 'phi' 'arr2_i_be' <Predicate = true> <Delay = 0.00>
ST_45 : Operation 215 [1/1] (0.00ns)   --->   "%write_flag_i_be = phi i1 [ %write_flag_i, %branch5.i ], [ %write_flag_i, %branch4.i ], [ true, %6 ]"   --->   Operation 215 'phi' 'write_flag_i_be' <Predicate = true> <Delay = 0.00>
ST_45 : Operation 216 [1/1] (0.00ns)   --->   "%arr1_i_be = phi i4 [ %arr1_i, %branch5.i ], [ %arr_load_phi_i, %branch4.i ], [ %arr1_i, %6 ]" [cubiecube.cpp:241->cubiecube.cpp:616]   --->   Operation 216 'phi' 'arr1_i_be' <Predicate = true> <Delay = 0.00>
ST_45 : Operation 217 [1/1] (0.00ns)   --->   "%arr_i_be = phi i4 [ %arr_i, %branch5.i ], [ %arr_i, %branch4.i ], [ %arr_load_phi_i, %6 ]" [cubiecube.cpp:241->cubiecube.cpp:616]   --->   Operation 217 'phi' 'arr_i_be' <Predicate = true> <Delay = 0.00>
ST_45 : Operation 218 [1/1] (0.00ns)   --->   "br label %branch3.i"   --->   Operation 218 'br' <Predicate = true> <Delay = 0.00>

State 46 <SV = 4> <Delay = 8.51>
ST_46 : Operation 219 [1/1] (0.00ns)   --->   "%tmp_201_cast = zext i2 %tmp_164 to i32" [cubiecube.cpp:619]   --->   Operation 219 'zext' 'tmp_201_cast' <Predicate = true> <Delay = 0.00>
ST_46 : Operation 220 [1/1] (8.51ns)   --->   "%tmp_165 = mul nsw i32 %tmp_201_cast, %b" [cubiecube.cpp:619]   --->   Operation 220 'mul' 'tmp_165' <Predicate = true> <Delay = 8.51> <Core = "Mul">   --->   Core 16 'Mul' <Latency = 0> <II = 1> <Delay = 8.51> <FuncUnit> <Opcode : 'mul'> <InPorts = 2> <OutPorts = 1>
ST_46 : Operation 221 [1/1] (1.56ns)   --->   "%indvars_iv_next = add i2 %indvars_iv, -1" [cubiecube.cpp:610]   --->   Operation 221 'add' 'indvars_iv_next' <Predicate = true> <Delay = 1.56> <Core = "AddSub">   --->   Core 14 'AddSub' <Latency = 0> <II = 1> <Delay = 2.07> <FuncUnit> <Opcode : 'add' 'sub'> <InPorts = 2> <OutPorts = 1>

State 47 <SV = 5> <Delay = 2.55>
ST_47 : Operation 222 [1/1] (2.55ns)   --->   "%b_1 = add nsw i32 %k, %tmp_165" [cubiecube.cpp:619]   --->   Operation 222 'add' 'b_1' <Predicate = true> <Delay = 2.55> <Core = "AddSub">   --->   Core 14 'AddSub' <Latency = 0> <II = 1> <Delay = 2.07> <FuncUnit> <Opcode : 'add' 'sub'> <InPorts = 2> <OutPorts = 1>
ST_47 : Operation 223 [1/1] (0.00ns)   --->   "br label %.preheader3" [cubiecube.cpp:610]   --->   Operation 223 'br' <Predicate = true> <Delay = 0.00>


============================================================
+ Verbose Summary: Timing violations
============================================================
Target clock period: 10ns, clock uncertainty: 1.25ns.

 <State 1>: 1.77ns
The critical path consists of the following:
	'alloca' operation ('edge3[2]') [2]  (0 ns)
	'store' operation of constant 0 on local variable 'edge3[2]' [11]  (1.77 ns)

 <State 2>: 2.32ns
The critical path consists of the following:
	'phi' operation ('j') with incoming values : ('j', cubiecube.cpp:604) [14]  (0 ns)
	'getelementptr' operation ('cubiecube_0_ep_addr', cubiecube.cpp:605) [25]  (0 ns)
	'load' operation ('edge3[0]', cubiecube.cpp:605) on array 'cubiecube_0_ep' [26]  (2.32 ns)

 <State 3>: 7.66ns
The critical path consists of the following:
	'load' operation ('x_load', cubiecube.cpp:606) on local variable 'x' [30]  (0 ns)
	'add' operation ('k', cubiecube.cpp:606) [31]  (2.55 ns)
	'sub' operation ('k', cubiecube.cpp:199->cubiecube.cpp:606) [38]  (2.55 ns)
	'select' operation ('p_k_i', cubiecube.cpp:198->cubiecube.cpp:606) [39]  (0 ns)
	'add' operation ('tmp_380_i', cubiecube.cpp:200->cubiecube.cpp:606) [40]  (2.55 ns)

 <State 4>: 8.51ns
The critical path consists of the following:
	'phi' operation ('i') with incoming values : ('n_assign_cast5', cubiecube.cpp:604) ('i', cubiecube.cpp:200->cubiecube.cpp:606) [44]  (0 ns)
	'mul' operation ('s', cubiecube.cpp:202->cubiecube.cpp:606) [52]  (8.51 ns)

 <State 5>: 4.13ns
The critical path consists of the following:
	'sdiv' operation ('s', cubiecube.cpp:203->cubiecube.cpp:606) [53]  (4.13 ns)

 <State 6>: 4.13ns
The critical path consists of the following:
	'sdiv' operation ('s', cubiecube.cpp:203->cubiecube.cpp:606) [53]  (4.13 ns)

 <State 7>: 4.13ns
The critical path consists of the following:
	'sdiv' operation ('s', cubiecube.cpp:203->cubiecube.cpp:606) [53]  (4.13 ns)

 <State 8>: 4.13ns
The critical path consists of the following:
	'sdiv' operation ('s', cubiecube.cpp:203->cubiecube.cpp:606) [53]  (4.13 ns)

 <State 9>: 4.13ns
The critical path consists of the following:
	'sdiv' operation ('s', cubiecube.cpp:203->cubiecube.cpp:606) [53]  (4.13 ns)

 <State 10>: 4.13ns
The critical path consists of the following:
	'sdiv' operation ('s', cubiecube.cpp:203->cubiecube.cpp:606) [53]  (4.13 ns)

 <State 11>: 4.13ns
The critical path consists of the following:
	'sdiv' operation ('s', cubiecube.cpp:203->cubiecube.cpp:606) [53]  (4.13 ns)

 <State 12>: 4.13ns
The critical path consists of the following:
	'sdiv' operation ('s', cubiecube.cpp:203->cubiecube.cpp:606) [53]  (4.13 ns)

 <State 13>: 4.13ns
The critical path consists of the following:
	'sdiv' operation ('s', cubiecube.cpp:203->cubiecube.cpp:606) [53]  (4.13 ns)

 <State 14>: 4.13ns
The critical path consists of the following:
	'sdiv' operation ('s', cubiecube.cpp:203->cubiecube.cpp:606) [53]  (4.13 ns)

 <State 15>: 4.13ns
The critical path consists of the following:
	'sdiv' operation ('s', cubiecube.cpp:203->cubiecube.cpp:606) [53]  (4.13 ns)

 <State 16>: 4.13ns
The critical path consists of the following:
	'sdiv' operation ('s', cubiecube.cpp:203->cubiecube.cpp:606) [53]  (4.13 ns)

 <State 17>: 4.13ns
The critical path consists of the following:
	'sdiv' operation ('s', cubiecube.cpp:203->cubiecube.cpp:606) [53]  (4.13 ns)

 <State 18>: 4.13ns
The critical path consists of the following:
	'sdiv' operation ('s', cubiecube.cpp:203->cubiecube.cpp:606) [53]  (4.13 ns)

 <State 19>: 4.13ns
The critical path consists of the following:
	'sdiv' operation ('s', cubiecube.cpp:203->cubiecube.cpp:606) [53]  (4.13 ns)

 <State 20>: 4.13ns
The critical path consists of the following:
	'sdiv' operation ('s', cubiecube.cpp:203->cubiecube.cpp:606) [53]  (4.13 ns)

 <State 21>: 4.13ns
The critical path consists of the following:
	'sdiv' operation ('s', cubiecube.cpp:203->cubiecube.cpp:606) [53]  (4.13 ns)

 <State 22>: 4.13ns
The critical path consists of the following:
	'sdiv' operation ('s', cubiecube.cpp:203->cubiecube.cpp:606) [53]  (4.13 ns)

 <State 23>: 4.13ns
The critical path consists of the following:
	'sdiv' operation ('s', cubiecube.cpp:203->cubiecube.cpp:606) [53]  (4.13 ns)

 <State 24>: 4.13ns
The critical path consists of the following:
	'sdiv' operation ('s', cubiecube.cpp:203->cubiecube.cpp:606) [53]  (4.13 ns)

 <State 25>: 4.13ns
The critical path consists of the following:
	'sdiv' operation ('s', cubiecube.cpp:203->cubiecube.cpp:606) [53]  (4.13 ns)

 <State 26>: 4.13ns
The critical path consists of the following:
	'sdiv' operation ('s', cubiecube.cpp:203->cubiecube.cpp:606) [53]  (4.13 ns)

 <State 27>: 4.13ns
The critical path consists of the following:
	'sdiv' operation ('s', cubiecube.cpp:203->cubiecube.cpp:606) [53]  (4.13 ns)

 <State 28>: 4.13ns
The critical path consists of the following:
	'sdiv' operation ('s', cubiecube.cpp:203->cubiecube.cpp:606) [53]  (4.13 ns)

 <State 29>: 4.13ns
The critical path consists of the following:
	'sdiv' operation ('s', cubiecube.cpp:203->cubiecube.cpp:606) [53]  (4.13 ns)

 <State 30>: 4.13ns
The critical path consists of the following:
	'sdiv' operation ('s', cubiecube.cpp:203->cubiecube.cpp:606) [53]  (4.13 ns)

 <State 31>: 4.13ns
The critical path consists of the following:
	'sdiv' operation ('s', cubiecube.cpp:203->cubiecube.cpp:606) [53]  (4.13 ns)

 <State 32>: 4.13ns
The critical path consists of the following:
	'sdiv' operation ('s', cubiecube.cpp:203->cubiecube.cpp:606) [53]  (4.13 ns)

 <State 33>: 4.13ns
The critical path consists of the following:
	'sdiv' operation ('s', cubiecube.cpp:203->cubiecube.cpp:606) [53]  (4.13 ns)

 <State 34>: 4.13ns
The critical path consists of the following:
	'sdiv' operation ('s', cubiecube.cpp:203->cubiecube.cpp:606) [53]  (4.13 ns)

 <State 35>: 4.13ns
The critical path consists of the following:
	'sdiv' operation ('s', cubiecube.cpp:203->cubiecube.cpp:606) [53]  (4.13 ns)

 <State 36>: 4.13ns
The critical path consists of the following:
	'sdiv' operation ('s', cubiecube.cpp:203->cubiecube.cpp:606) [53]  (4.13 ns)

 <State 37>: 4.13ns
The critical path consists of the following:
	'sdiv' operation ('s', cubiecube.cpp:203->cubiecube.cpp:606) [53]  (4.13 ns)

 <State 38>: 4.13ns
The critical path consists of the following:
	'sdiv' operation ('s', cubiecube.cpp:203->cubiecube.cpp:606) [53]  (4.13 ns)

 <State 39>: 4.13ns
The critical path consists of the following:
	'sdiv' operation ('s', cubiecube.cpp:203->cubiecube.cpp:606) [53]  (4.13 ns)

 <State 40>: 4.13ns
The critical path consists of the following:
	'sdiv' operation ('s', cubiecube.cpp:203->cubiecube.cpp:606) [53]  (4.13 ns)

 <State 41>: 4.32ns
The critical path consists of the following:
	'phi' operation ('p_0_i', cubiecube.cpp:203->cubiecube.cpp:606) with incoming values : ('s', cubiecube.cpp:203->cubiecube.cpp:606) [61]  (0 ns)
	'add' operation ('a', cubiecube.cpp:606) [64]  (2.55 ns)
	'store' operation (cubiecube.cpp:606) of variable 'a', cubiecube.cpp:606 on local variable 'a' [69]  (1.77 ns)

 <State 42>: 4.63ns
The critical path consists of the following:
	'load' operation ('a_load', cubiecube.cpp:621) on local variable 'a' [159]  (0 ns)
	'shl' operation ('tmp', cubiecube.cpp:621) [160]  (0 ns)
	'sub' operation ('tmp_161', cubiecube.cpp:621) [162]  (2.55 ns)
	'add' operation ('tmp_162', cubiecube.cpp:621) [165]  (2.08 ns)

 <State 43>: 2.55ns
The critical path consists of the following:
	'phi' operation ('k') with incoming values : ('k', cubiecube.cpp:617) [104]  (0 ns)
	'add' operation ('k', cubiecube.cpp:617) [110]  (2.55 ns)

 <State 44>: 2.79ns
The critical path consists of the following:
	'phi' operation ('arr2_i', cubiecube.cpp:241->cubiecube.cpp:616) with incoming values : ('edge3_2_4_load') ('arr_load_phi_i', cubiecube.cpp:241->cubiecube.cpp:616) [117]  (0 ns)
	'select' operation ('edge3[2]', cubiecube.cpp:614) [142]  (1.02 ns)
	'store' operation (cubiecube.cpp:616) of variable 'edge3[2]', cubiecube.cpp:614 on local variable 'edge3[2]' [146]  (1.77 ns)

 <State 45>: 0ns
The critical path consists of the following:

 <State 46>: 8.51ns
The critical path consists of the following:
	'mul' operation ('tmp_165', cubiecube.cpp:619) [153]  (8.51 ns)

 <State 47>: 2.55ns
The critical path consists of the following:
	'add' operation ('b', cubiecube.cpp:619) [154]  (2.55 ns)


============================================================
+ Verbose Summary: Binding
============================================================
N/A
* FSMD analyzer results:
  - Output states:
 - Input state : 
  - Chain level:
	State 1
	State 2
	State 3
	State 4
	State 5
	State 6
	State 7
	State 8
	State 9
	State 10
	State 11
	State 12
	State 13
	State 14
	State 15
	State 16
	State 17
	State 18
	State 19
	State 20
	State 21
	State 22
	State 23
	State 24
	State 25
	State 26
	State 27
	State 28
	State 29
	State 30
	State 31
	State 32
	State 33
	State 34
	State 35
	State 36
	State 37
	State 38
	State 39
	State 40
	State 41
	State 42
	State 43
	State 44
	State 45
	State 46
	State 47


============================================================
+ Verbose Summary: Datapath Resource usage 
============================================================
N/A
