

================================================================
== Vivado HLS Report for 'get_facecube_fromstr'
================================================================
* Date:           Sat Mar  9 22:55:21 2019

* Version:        2018.2 (Build 2258646 on Thu Jun 14 20:25:20 MDT 2018)
* Project:        kociemba
* Solution:       solution1
* Product family: zynq
* Target device:  xc7z020clg400-1


================================================================
== Performance Estimates
================================================================
+ Timing (ns): 
    * Summary: 
    +--------+-------+----------+------------+
    |  Clock | Target| Estimated| Uncertainty|
    +--------+-------+----------+------------+
    |ap_clk  |  12.00|     3.624|        1.50|
    +--------+-------+----------+------------+

+ Latency (clock cycles): 
    * Summary: 
    +-----+-----+-----+-----+---------+
    |  Latency  |  Interval | Pipeline|
    | min | max | min | max |   Type  |
    +-----+-----+-----+-----+---------+
    |  109|  109|  109|  109|   none  |
    +-----+-----+-----+-----+---------+

    + Detail: 
        * Instance: 
        N/A

        * Loop: 
        +----------+-----+-----+----------+-----------+-----------+------+----------+
        |          |  Latency  | Iteration|  Initiation Interval  | Trip |          |
        | Loop Name| min | max |  Latency |  achieved |   target  | Count| Pipelined|
        +----------+-----+-----+----------+-----------+-----------+------+----------+
        |- Loop 1  |  108|  108|         2|          -|          -|    54|    no    |
        +----------+-----+-----+----------+-----------+-----------+------+----------+



================================================================
== Utilization Estimates
================================================================
* Summary: 
+-----------------+---------+-------+--------+-------+
|       Name      | BRAM_18K| DSP48E|   FF   |  LUT  |
+-----------------+---------+-------+--------+-------+
|DSP              |        -|      -|       -|      -|
|Expression       |        -|      -|       0|     26|
|FIFO             |        -|      -|       -|      -|
|Instance         |        -|      -|       -|      -|
|Memory           |        -|      -|       -|      -|
|Multiplexer      |        -|      -|       -|    106|
|Register         |        -|      -|      21|      -|
+-----------------+---------+-------+--------+-------+
|Total            |        0|      0|      21|    132|
+-----------------+---------+-------+--------+-------+
|Available        |      280|    220|  106400|  53200|
+-----------------+---------+-------+--------+-------+
|Utilization (%)  |        0|      0|   ~0   |   ~0  |
+-----------------+---------+-------+--------+-------+

+ Detail: 
    * Instance: 
    N/A

    * DSP48: 
    N/A

    * Memory: 
    N/A

    * FIFO: 
    N/A

    * Expression: 
    +--------------------+----------+-------+---+----+------------+------------+
    |    Variable Name   | Operation| DSP48E| FF| LUT| Bitwidth P0| Bitwidth P1|
    +--------------------+----------+-------+---+----+------------+------------+
    |i_16_fu_137_p2      |     +    |      0|  0|  15|           6|           1|
    |exitcond_fu_131_p2  |   icmp   |      0|  0|  11|           6|           5|
    +--------------------+----------+-------+---+----+------------+------------+
    |Total               |          |      0|  0|  26|          12|           6|
    +--------------------+----------+-------+---+----+------------+------------+

    * Multiplexer: 
    +------------------+----+-----------+-----+-----------+
    |       Name       | LUT| Input Size| Bits| Total Bits|
    +------------------+----+-----------+-----+-----------+
    |ap_NS_fsm         |  21|          4|    1|          4|
    |i_reg_120         |   9|          2|    6|         12|
    |res_f_0_address0  |  38|          7|    6|         42|
    |res_f_0_d0        |  38|          7|    3|         21|
    +------------------+----+-----------+-----+-----------+
    |Total             | 106|         20|   16|         79|
    +------------------+----+-----------+-----+-----------+

    * Register: 
    +--------------+---+----+-----+-----------+
    |     Name     | FF| LUT| Bits| Const Bits|
    +--------------+---+----+-----+-----------+
    |ap_CS_fsm     |  3|   0|    3|          0|
    |i_16_reg_151  |  6|   0|    6|          0|
    |i_reg_120     |  6|   0|    6|          0|
    |tmp_reg_156   |  6|   0|   64|         58|
    +--------------+---+----+-----+-----------+
    |Total         | 21|   0|   79|         58|
    +--------------+---+----+-----+-----------+



================================================================
== Interface
================================================================
* Summary: 
+---------------------+-----+-----+------------+----------------------+--------------+
|      RTL Ports      | Dir | Bits|  Protocol  |     Source Object    |    C Type    |
+---------------------+-----+-----+------------+----------------------+--------------+
|ap_clk               |  in |    1| ap_ctrl_hs | get_facecube_fromstr | return value |
|ap_rst               |  in |    1| ap_ctrl_hs | get_facecube_fromstr | return value |
|ap_start             |  in |    1| ap_ctrl_hs | get_facecube_fromstr | return value |
|ap_done              | out |    1| ap_ctrl_hs | get_facecube_fromstr | return value |
|ap_idle              | out |    1| ap_ctrl_hs | get_facecube_fromstr | return value |
|ap_ready             | out |    1| ap_ctrl_hs | get_facecube_fromstr | return value |
|cubeString_address0  | out |    6|  ap_memory |      cubeString      |     array    |
|cubeString_ce0       | out |    1|  ap_memory |      cubeString      |     array    |
|cubeString_q0        |  in |    8|  ap_memory |      cubeString      |     array    |
|res_f_0_address0     | out |    6|  ap_memory |        res_f_0       |     array    |
|res_f_0_ce0          | out |    1|  ap_memory |        res_f_0       |     array    |
|res_f_0_we0          | out |    1|  ap_memory |        res_f_0       |     array    |
|res_f_0_d0           | out |    3|  ap_memory |        res_f_0       |     array    |
+---------------------+-----+-----+------------+----------------------+--------------+

