

================================================================
== Vivado HLS Report for 'get_coordcube'
================================================================
* Date:           Sat Mar  9 22:55:32 2019

* Version:        2018.2 (Build 2258646 on Thu Jun 14 20:25:20 MDT 2018)
* Project:        kociemba
* Solution:       solution1
* Product family: zynq
* Target device:  xc7z020clg400-1


================================================================
== Performance Estimates
================================================================
+ Timing (ns): 
    * Summary: 
    +--------+-------+----------+------------+
    |  Clock | Target| Estimated| Uncertainty|
    +--------+-------+----------+------------+
    |ap_clk  |  12.00|    10.160|        1.50|
    +--------+-------+----------+------------+

+ Latency (clock cycles): 
    * Summary: 
    +-----+-----+-----+-----+---------+
    |  Latency  |  Interval | Pipeline|
    | min | max | min | max |   Type  |
    +-----+-----+-----+-----+---------+
    |    ?|    ?|    ?|    ?|   none  |
    +-----+-----+-----+-----+---------+

    + Detail: 
        * Instance: 
        +------------------------+-------------+-----+-----+-----+-----+---------+
        |                        |             |  Latency  |  Interval | Pipeline|
        |        Instance        |    Module   | min | max | min | max |   Type  |
        +------------------------+-------------+-----+-----+-----+-----+---------+
        |grp_getFRtoBR_fu_189    |getFRtoBR    |    ?|    ?|    ?|    ?|   none  |
        |grp_getUBtoDF_fu_195    |getUBtoDF    |    ?|    ?|    ?|    ?|   none  |
        |grp_getURtoUL_fu_201    |getURtoUL    |    ?|    ?|    ?|    ?|   none  |
        |grp_getURFtoDLF_fu_207  |getURFtoDLF  |    ?|    ?|    ?|    ?|   none  |
        |grp_getURtoDF_fu_213    |getURtoDF    |    ?|    ?|    ?|    ?|   none  |
        +------------------------+-------------+-----+-----+-----+-----+---------+

        * Loop: 
        +-------------+-----+-----+----------+-----------+-----------+-------+----------+
        |             |  Latency  | Iteration|  Initiation Interval  |  Trip |          |
        |  Loop Name  | min | max |  Latency |  achieved |   target  | Count | Pipelined|
        +-------------+-----+-----+----------+-----------+-----------+-------+----------+
        |- Loop 1     |   14|   14|         2|          -|          -|      7|    no    |
        |- Loop 2     |   22|   22|         2|          -|          -|     11|    no    |
        |- Loop 3     |   35|  119|  5 ~ 17  |          -|          -|      7|    no    |
        | + Loop 3.1  |    2|   14|         2|          -|          -| 1 ~ 7 |    no    |
        +-------------+-----+-----+----------+-----------+-----------+-------+----------+



================================================================
== Utilization Estimates
================================================================
* Summary: 
+-----------------+---------+-------+--------+-------+
|       Name      | BRAM_18K| DSP48E|   FF   |  LUT  |
+-----------------+---------+-------+--------+-------+
|DSP              |        -|      -|       -|      -|
|Expression       |        -|      -|       0|    271|
|FIFO             |        -|      -|       -|      -|
|Instance         |        0|     27|    4169|   6056|
|Memory           |        -|      -|       -|      -|
|Multiplexer      |        -|      -|       -|    238|
|Register         |        -|      -|     131|      -|
+-----------------+---------+-------+--------+-------+
|Total            |        0|     27|    4300|   6565|
+-----------------+---------+-------+--------+-------+
|Available        |      280|    220|  106400|  53200|
+-----------------+---------+-------+--------+-------+
|Utilization (%)  |        0|     12|       4|     12|
+-----------------+---------+-------+--------+-------+

+ Detail: 
    * Instance: 
    +------------------------+-------------+---------+-------+------+------+
    |        Instance        |    Module   | BRAM_18K| DSP48E|  FF  |  LUT |
    +------------------------+-------------+---------+-------+------+------+
    |grp_getFRtoBR_fu_189    |getFRtoBR    |        0|      6|  1029|  1669|
    |grp_getUBtoDF_fu_195    |getUBtoDF    |        0|      6|  1032|  1429|
    |grp_getURFtoDLF_fu_207  |getURFtoDLF  |        0|      9|   997|  1247|
    |grp_getURtoDF_fu_213    |getURtoDF    |        0|      0|    80|   305|
    |grp_getURtoUL_fu_201    |getURtoUL    |        0|      6|  1031|  1406|
    +------------------------+-------------+---------+-------+------+------+
    |Total                   |             |        0|     27|  4169|  6056|
    +------------------------+-------------+---------+-------+------+------+

    * DSP48: 
    N/A

    * Memory: 
    N/A

    * FIFO: 
    N/A

    * Expression: 
    +----------------------------------+----------+-------+---+----+------------+------------+
    |           Variable Name          | Operation| DSP48E| FF| LUT| Bitwidth P0| Bitwidth P1|
    +----------------------------------+----------+-------+---+----+------------+------------+
    |i_17_fu_273_p2                    |     +    |      0|  0|  13|           4|           1|
    |i_18_fu_342_p2                    |     +    |      0|  0|  12|           3|           2|
    |i_fu_228_p2                       |     +    |      0|  0|  12|           3|           1|
    |j_fu_321_p2                       |     +    |      0|  0|  13|           4|           2|
    |ret_fu_261_p2                     |     +    |      0|  0|  32|          16|          16|
    |s_fu_353_p2                       |     +    |      0|  0|  39|          32|           1|
    |tmp_261_fu_420_p2                 |     -    |      0|  0|  23|           1|          16|
    |tmp_i_fu_251_p2                   |     -    |      0|  0|  32|          16|          16|
    |exitcond_i3_fu_267_p2             |   icmp   |      0|  0|   9|           4|           4|
    |exitcond_i_fu_222_p2              |   icmp   |      0|  0|   9|           3|           2|
    |tmp_360_i_fu_331_p2               |   icmp   |      0|  0|   9|           4|           1|
    |tmp_362_i_fu_348_p2               |   icmp   |      0|  0|   9|           3|           3|
    |tmp_i7_fu_310_p2                  |   icmp   |      0|  0|   9|           3|           1|
    |ap_block_state10_on_subcall_done  |    or    |      0|  0|   2|           1|           1|
    |p_s_1_i_fu_359_p3                 |  select  |      0|  0|  32|           1|          32|
    |result_parity_0                   |  select  |      0|  0|  16|           1|          16|
    +----------------------------------+----------+-------+---+----+------------+------------+
    |Total                             |          |      0|  0| 271|          99|         115|
    +----------------------------------+----------+-------+---+----+------------+------------+

    * Multiplexer: 
    +-------------------------+----+-----------+-----+-----------+
    |           Name          | LUT| Input Size| Bits| Total Bits|
    +-------------------------+----+-----------+-----+-----------+
    |ap_NS_fsm                |  85|         17|    1|         17|
    |cubiecube_0_cp_address0  |  21|          4|    3|         12|
    |cubiecube_0_cp_ce0       |  15|          3|    1|          3|
    |cubiecube_0_ep_address0  |  27|          5|    4|         20|
    |cubiecube_0_ep_ce0       |  27|          5|    1|          5|
    |i_i1_reg_146             |   9|          2|    4|          8|
    |i_i6_reg_168             |   9|          2|    3|          6|
    |i_i_reg_135              |   9|          2|    3|          6|
    |j_0_in_i_reg_180         |   9|          2|    4|          8|
    |ret_i2_reg_157           |   9|          2|   16|         32|
    |ret_i_reg_123            |   9|          2|   16|         32|
    |s_i_fu_72                |   9|          2|   32|         64|
    +-------------------------+----+-----------+-----+-----------+
    |Total                    | 238|         48|   88|        213|
    +-------------------------+----+-----------+-----+-----------+

    * Register: 
    +-------------------------------------+----+----+-----+-----------+
    |                 Name                | FF | LUT| Bits| Const Bits|
    +-------------------------------------+----+----+-----+-----------+
    |ap_CS_fsm                            |  16|   0|   16|          0|
    |cubiecube_0_cp_load_reg_509          |   3|   0|    3|          0|
    |grp_getFRtoBR_fu_189_ap_start_reg    |   1|   0|    1|          0|
    |grp_getUBtoDF_fu_195_ap_start_reg    |   1|   0|    1|          0|
    |grp_getURFtoDLF_fu_207_ap_start_reg  |   1|   0|    1|          0|
    |grp_getURtoDF_fu_213_ap_start_reg    |   1|   0|    1|          0|
    |grp_getURtoUL_fu_201_ap_start_reg    |   1|   0|    1|          0|
    |i_17_reg_469                         |   4|   0|    4|          0|
    |i_i1_reg_146                         |   4|   0|    4|          0|
    |i_i6_cast_reg_496                    |   3|   0|    4|          1|
    |i_i6_reg_168                         |   3|   0|    3|          0|
    |i_i_reg_135                          |   3|   0|    3|          0|
    |i_reg_451                            |   3|   0|    3|          0|
    |j_0_in_i_reg_180                     |   4|   0|    4|          0|
    |j_reg_514                            |   4|   0|    4|          0|
    |ret_i2_reg_157                       |  16|   0|   16|          0|
    |ret_i_reg_123                        |  16|   0|   16|          0|
    |s_i_fu_72                            |  32|   0|   32|          0|
    |tmp_256_reg_479                      |  15|   0|   15|          0|
    +-------------------------------------+----+----+-----+-----------+
    |Total                                | 131|   0|  132|          1|
    +-------------------------------------+----+----+-----+-----------+



================================================================
== Interface
================================================================
* Summary: 
+--------------------------+-----+-----+------------+-------------------+--------------+
|         RTL Ports        | Dir | Bits|  Protocol  |   Source Object   |    C Type    |
+--------------------------+-----+-----+------------+-------------------+--------------+
|ap_clk                    |  in |    1| ap_ctrl_hs |   get_coordcube   | return value |
|ap_rst                    |  in |    1| ap_ctrl_hs |   get_coordcube   | return value |
|ap_start                  |  in |    1| ap_ctrl_hs |   get_coordcube   | return value |
|ap_done                   | out |    1| ap_ctrl_hs |   get_coordcube   | return value |
|ap_idle                   | out |    1| ap_ctrl_hs |   get_coordcube   | return value |
|ap_ready                  | out |    1| ap_ctrl_hs |   get_coordcube   | return value |
|cubiecube_0_cp_address0   | out |    3|  ap_memory |   cubiecube_0_cp  |     array    |
|cubiecube_0_cp_ce0        | out |    1|  ap_memory |   cubiecube_0_cp  |     array    |
|cubiecube_0_cp_q0         |  in |    3|  ap_memory |   cubiecube_0_cp  |     array    |
|cubiecube_0_co_address0   | out |    3|  ap_memory |   cubiecube_0_co  |     array    |
|cubiecube_0_co_ce0        | out |    1|  ap_memory |   cubiecube_0_co  |     array    |
|cubiecube_0_co_q0         |  in |    2|  ap_memory |   cubiecube_0_co  |     array    |
|cubiecube_0_ep_address0   | out |    4|  ap_memory |   cubiecube_0_ep  |     array    |
|cubiecube_0_ep_ce0        | out |    1|  ap_memory |   cubiecube_0_ep  |     array    |
|cubiecube_0_ep_q0         |  in |    4|  ap_memory |   cubiecube_0_ep  |     array    |
|cubiecube_0_eo_address0   | out |    4|  ap_memory |   cubiecube_0_eo  |     array    |
|cubiecube_0_eo_ce0        | out |    1|  ap_memory |   cubiecube_0_eo  |     array    |
|cubiecube_0_eo_q0         |  in |    1|  ap_memory |   cubiecube_0_eo  |     array    |
|result_twist_0            | out |   16|   ap_vld   |   result_twist_0  |    pointer   |
|result_twist_0_ap_vld     | out |    1|   ap_vld   |   result_twist_0  |    pointer   |
|result_flip_0             | out |   16|   ap_vld   |   result_flip_0   |    pointer   |
|result_flip_0_ap_vld      | out |    1|   ap_vld   |   result_flip_0   |    pointer   |
|result_parity_0           | out |   16|   ap_vld   |  result_parity_0  |    pointer   |
|result_parity_0_ap_vld    | out |    1|   ap_vld   |  result_parity_0  |    pointer   |
|result_FRtoBR_0           | out |   16|   ap_vld   |  result_FRtoBR_0  |    pointer   |
|result_FRtoBR_0_ap_vld    | out |    1|   ap_vld   |  result_FRtoBR_0  |    pointer   |
|result_URFtoDLF_0         | out |   16|   ap_vld   | result_URFtoDLF_0 |    pointer   |
|result_URFtoDLF_0_ap_vld  | out |    1|   ap_vld   | result_URFtoDLF_0 |    pointer   |
|result_URtoUL_0           | out |   16|   ap_vld   |  result_URtoUL_0  |    pointer   |
|result_URtoUL_0_ap_vld    | out |    1|   ap_vld   |  result_URtoUL_0  |    pointer   |
|result_UBtoDF_0           | out |   16|   ap_vld   |  result_UBtoDF_0  |    pointer   |
|result_UBtoDF_0_ap_vld    | out |    1|   ap_vld   |  result_UBtoDF_0  |    pointer   |
+--------------------------+-----+-----+------------+-------------------+--------------+

