

================================================================
== Vivado HLS Report for 'getFRtoBR'
================================================================
* Date:           Sat Mar  9 22:55:25 2019

* Version:        2018.2 (Build 2258646 on Thu Jun 14 20:25:20 MDT 2018)
* Project:        kociemba
* Solution:       solution1
* Product family: zynq
* Target device:  xc7z020clg400-1


================================================================
== Performance Estimates
================================================================
+ Timing (ns): 
    * Summary: 
    +--------+-------+----------+------------+
    |  Clock | Target| Estimated| Uncertainty|
    +--------+-------+----------+------------+
    |ap_clk  |  12.00|    10.075|        1.50|
    +--------+-------+----------+------------+

+ Latency (clock cycles): 
    * Summary: 
    +-----+-----+-----+-----+---------+
    |  Latency  |  Interval | Pipeline|
    | min | max | min | max |   Type  |
    +-----+-----+-----+-----+---------+
    |    ?|    ?|    ?|    ?|   none  |
    +-----+-----+-----+-----+---------+

    + Detail: 
        * Instance: 
        N/A

        * Loop: 
        +-----------------+-----+-----+----------+-----------+-----------+-------+----------+
        |                 |  Latency  | Iteration|  Initiation Interval  |  Trip |          |
        |    Loop Name    | min | max |  Latency |  achieved |   target  | Count | Pipelined|
        +-----------------+-----+-----+----------+-----------+-----------+-------+----------+
        |- memset_edge4   |    3|    3|         1|          -|          -|      4|    no    |
        |- Loop 2         |    ?|    ?|         ?|          -|          -|     12|    no    |
        | + Loop 2.1      |    ?|    ?|        37|          -|          -|      ?|    no    |
        |- Loop 3         |    ?|    ?|         ?|          -|          -|      3|    no    |
        | + Loop 3.1      |    ?|    ?|   2 ~ 8  |          -|          -|      ?|    no    |
        |  ++ Loop 3.1.1  |    0|    6|         2|          -|          -| 0 ~ 3 |    no    |
        +-----------------+-----+-----+----------+-----------+-----------+-------+----------+



================================================================
== Utilization Estimates
================================================================
* Summary: 
+-----------------+---------+-------+--------+-------+
|       Name      | BRAM_18K| DSP48E|   FF   |  LUT  |
+-----------------+---------+-------+--------+-------+
|DSP              |        -|      -|       -|      -|
|Expression       |        -|      6|       0|    778|
|FIFO             |        -|      -|       -|      -|
|Instance         |        -|      -|     394|    448|
|Memory           |        -|      -|       -|      -|
|Multiplexer      |        -|      -|       -|    443|
|Register         |        -|      -|     635|      -|
+-----------------+---------+-------+--------+-------+
|Total            |        0|      6|    1029|   1669|
+-----------------+---------+-------+--------+-------+
|Available        |      280|    220|  106400|  53200|
+-----------------+---------+-------+--------+-------+
|Utilization (%)  |        0|      2|   ~0   |      3|
+-----------------+---------+-------+--------+-------+

+ Detail: 
    * Instance: 
    +--------------------------+----------------------+---------+-------+-----+-----+
    |         Instance         |        Module        | BRAM_18K| DSP48E|  FF | LUT |
    +--------------------------+----------------------+---------+-------+-----+-----+
    |solution_mux_42_1lbW_U29  |solution_mux_42_1lbW  |        0|      0|    0|   21|
    |solution_mux_42_4jbC_U23  |solution_mux_42_4jbC  |        0|      0|    0|   21|
    |solution_mux_42_4jbC_U24  |solution_mux_42_4jbC  |        0|      0|    0|   21|
    |solution_mux_42_4jbC_U25  |solution_mux_42_4jbC  |        0|      0|    0|   21|
    |solution_mux_42_4jbC_U26  |solution_mux_42_4jbC  |        0|      0|    0|   21|
    |solution_mux_42_4jbC_U28  |solution_mux_42_4jbC  |        0|      0|    0|   21|
    |solution_mux_42_4jbC_U30  |solution_mux_42_4jbC  |        0|      0|    0|   21|
    |solution_mux_42_4jbC_U31  |solution_mux_42_4jbC  |        0|      0|    0|   21|
    |solution_mux_42_4jbC_U32  |solution_mux_42_4jbC  |        0|      0|    0|   21|
    |solution_mux_42_4jbC_U33  |solution_mux_42_4jbC  |        0|      0|    0|   21|
    |solution_sdiv_32nkbM_U27  |solution_sdiv_32nkbM  |        0|      0|  394|  238|
    +--------------------------+----------------------+---------+-------+-----+-----+
    |Total                     |                      |        0|      0|  394|  448|
    +--------------------------+----------------------+---------+-------+-----+-----+

    * DSP48: 
    N/A

    * Memory: 
    N/A

    * FIFO: 
    N/A

    * Expression: 
    +----------------------+----------+-------+---+----+------------+------------+
    |     Variable Name    | Operation| DSP48E| FF| LUT| Bitwidth P0| Bitwidth P1|
    +----------------------+----------+-------+---+----+------------+------------+
    |s_fu_716_p2           |     *    |      3|  0|  20|          32|          32|
    |tmp_292_fu_878_p2     |     *    |      3|  0|  20|           3|          32|
    |a_4_fu_739_p2         |     +    |      0|  0|  39|          32|          32|
    |b_4_fu_1036_p2        |     +    |      0|  0|  39|          32|          32|
    |i_25_fu_722_p2        |     +    |      0|  0|  39|          32|           2|
    |i_26_fu_890_p2        |     +    |      0|  0|  10|           2|           1|
    |indvarinc_fu_344_p2   |     +    |      0|  0|  10|           2|           1|
    |j_13_fu_1041_p2       |     +    |      0|  0|  10|           2|           2|
    |j_15_fu_733_p2        |     +    |      0|  0|  39|          32|           1|
    |j_16_fu_772_p2        |     +    |      0|  0|  15|           5|           2|
    |k_4_fu_858_p2         |     +    |      0|  0|  39|          32|           1|
    |tmp_287_fu_830_p2     |     +    |      0|  0|  23|          16|          16|
    |tmp_291_fu_868_p2     |     +    |      0|  0|  12|           3|           1|
    |tmp_364_i_fu_705_p2   |     +    |      0|  0|  39|          32|           1|
    |x_5_fu_659_p2         |     +    |      0|  0|  39|          32|           1|
    |i_fu_649_p2           |     -    |      0|  0|  15|           4|           5|
    |k_assign_4_fu_691_p2  |     -    |      0|  0|  39|          32|          32|
    |tmp_285_fu_816_p2     |     -    |      0|  0|  39|          32|          32|
    |exitcond_fu_884_p2    |   icmp   |      0|  0|   8|           2|           2|
    |exitcond_i_fu_711_p2  |   icmp   |      0|  0|  18|          32|          32|
    |sel_tmp2_i_fu_798_p2  |   icmp   |      0|  0|   8|           2|           1|
    |sel_tmp_i_fu_792_p2   |   icmp   |      0|  0|   9|           2|           3|
    |tmp_284_fu_778_p2     |   icmp   |      0|  0|   8|           2|           1|
    |tmp_289_fu_853_p2     |   icmp   |      0|  0|   9|           4|           4|
    |tmp_328_fu_511_p2     |   icmp   |      0|  0|   9|           4|           2|
    |tmp_329_fu_517_p2     |   icmp   |      0|  0|   9|           4|           3|
    |tmp_331_fu_529_p2     |   icmp   |      0|  0|   9|           4|           3|
    |tmp_333_fu_541_p2     |   icmp   |      0|  0|   9|           4|           4|
    |tmp_335_fu_553_p2     |   icmp   |      0|  0|   9|           4|           3|
    |tmp_337_fu_565_p2     |   icmp   |      0|  0|   9|           4|           3|
    |tmp_339_fu_577_p2     |   icmp   |      0|  0|   9|           4|           3|
    |tmp_341_fu_589_p2     |   icmp   |      0|  0|   9|           4|           3|
    |tmp_343_fu_601_p2     |   icmp   |      0|  0|   9|           4|           2|
    |tmp_345_fu_613_p2     |   icmp   |      0|  0|   9|           4|           2|
    |tmp_347_fu_625_p2     |   icmp   |      0|  0|   9|           4|           1|
    |tmp_349_fu_637_p2     |   icmp   |      0|  0|   9|           4|           1|
    |tmp_363_i_fu_685_p2   |   icmp   |      0|  0|  18|          32|          32|
    |tmp_i_fu_665_p2       |   icmp   |      0|  0|  18|          32|          32|
    |tmp_s_fu_406_p2       |   icmp   |      0|  0|   8|           2|           2|
    |tmp_330_fu_523_p2     |    or    |      0|  0|   2|           1|           1|
    |tmp_332_fu_535_p2     |    or    |      0|  0|   2|           1|           1|
    |tmp_334_fu_547_p2     |    or    |      0|  0|   2|           1|           1|
    |tmp_336_fu_559_p2     |    or    |      0|  0|   2|           1|           1|
    |tmp_338_fu_571_p2     |    or    |      0|  0|   2|           1|           1|
    |tmp_340_fu_583_p2     |    or    |      0|  0|   2|           1|           1|
    |tmp_342_fu_595_p2     |    or    |      0|  0|   2|           1|           1|
    |tmp_344_fu_607_p2     |    or    |      0|  0|   2|           1|           1|
    |tmp_346_fu_619_p2     |    or    |      0|  0|   2|           1|           1|
    |tmp_348_fu_631_p2     |    or    |      0|  0|   2|           1|           1|
    |tmp_350_fu_643_p2     |    or    |      0|  0|   2|           1|           1|
    |edge4_0_fu_948_p3     |  select  |      0|  0|   4|           1|           4|
    |edge4_1_80_fu_941_p3  |  select  |      0|  0|   4|           1|           4|
    |edge4_2_78_fu_920_p3  |  select  |      0|  0|   4|           1|           4|
    |edge4_3_79_fu_934_p3  |  select  |      0|  0|   4|           1|           4|
    |newSel4_fu_913_p3     |  select  |      0|  0|   4|           1|           4|
    |newSel_fu_927_p3      |  select  |      0|  0|   4|           1|           4|
    |p_k_i_fu_697_p3       |  select  |      0|  0|  32|           1|          32|
    |tmp_369_t_fu_750_p2   |    xor   |      0|  0|   2|           2|           2|
    +----------------------+----------+-------+---+----+------------+------------+
    |Total                 |          |      6|  0| 778|         535|         434|
    +----------------------+----------+-------+---+----+------------+------------+

    * Multiplexer: 
    +------------------------+-----+-----------+-----+-----------+
    |          Name          | LUT | Input Size| Bits| Total Bits|
    +------------------------+-----+-----------+-----+-----------+
    |a_fu_114                |    9|          2|   32|         64|
    |ap_NS_fsm               |  209|         48|    1|         48|
    |ap_return               |    9|          2|   16|         32|
    |arr4_i_reg_266          |    9|          2|    4|          8|
    |arr_load_phi_i_reg_300  |   15|          3|    4|         12|
    |b_reg_231               |    9|          2|   32|         64|
    |edge4_0_5_fu_122        |    9|          2|    4|          8|
    |edge4_1_5_fu_126        |    9|          2|    4|          8|
    |edge4_2_5_fu_130        |   15|          3|    4|         12|
    |edge4_3_1_74_fu_98      |    9|          2|    4|          8|
    |edge4_3_2_fu_102        |    9|          2|    4|          8|
    |edge4_3_3_fu_106        |    9|          2|    4|          8|
    |edge4_3_4_fu_110        |    9|          2|    4|          8|
    |edge4_3_5_fu_134        |   15|          3|    4|         12|
    |i_i1_reg_288            |    9|          2|    2|          4|
    |i_i_reg_186             |    9|          2|   32|         64|
    |indvars_iv_reg_219      |    9|          2|    2|          4|
    |invdar_reg_151          |    9|          2|    2|          4|
    |j_i_reg_174             |    9|          2|   32|         64|
    |j_reg_162               |    9|          2|    5|         10|
    |k_reg_243               |    9|          2|   32|         64|
    |p_0_i_reg_207           |    9|          2|   32|         64|
    |s_i_reg_195             |    9|          2|   32|         64|
    |write_flag_i_reg_255    |    9|          2|    1|          2|
    |x_fu_118                |    9|          2|   32|         64|
    +------------------------+-----+-----------+-----+-----------+
    |Total                   |  443|         99|  325|        708|
    +------------------------+-----+-----------+-----+-----------+

    * Register: 
    +---------------------------+----+----+-----+-----------+
    |            Name           | FF | LUT| Bits| Const Bits|
    +---------------------------+----+----+-----+-----------+
    |a_fu_114                   |  32|   0|   32|          0|
    |ap_CS_fsm                  |  47|   0|   47|          0|
    |ap_return_preg             |  16|   0|   16|          0|
    |arr4_i_reg_266             |   4|   0|    4|          0|
    |arr_i_reg_276              |   4|   0|    4|          0|
    |arr_load_phi_i_reg_300     |   4|   0|    4|          0|
    |b_reg_231                  |  32|   0|   32|          0|
    |edge4_0_2_reg_1159         |   4|   0|    4|          0|
    |edge4_0_5_fu_122           |   4|   0|    4|          0|
    |edge4_1_5_fu_126           |   4|   0|    4|          0|
    |edge4_1_fu_86              |   4|   0|    4|          0|
    |edge4_2_5_fu_130           |   4|   0|    4|          0|
    |edge4_2_5_load_1_reg_1259  |   4|   0|    4|          0|
    |edge4_2_fu_90              |   4|   0|    4|          0|
    |edge4_3_1_74_fu_98         |   4|   0|    4|          0|
    |edge4_3_2_fu_102           |   4|   0|    4|          0|
    |edge4_3_3_fu_106           |   4|   0|    4|          0|
    |edge4_3_4_fu_110           |   4|   0|    4|          0|
    |edge4_3_5_fu_134           |   4|   0|    4|          0|
    |edge4_3_5_load_1_reg_1267  |   4|   0|    4|          0|
    |edge4_3_fu_94              |   4|   0|    4|          0|
    |edge4_fu_82                |   4|   0|    4|          0|
    |i_25_reg_1197              |  32|   0|   32|          0|
    |i_26_reg_1278              |   2|   0|    2|          0|
    |i_i1_reg_288               |   2|   0|    2|          0|
    |i_i_reg_186                |  32|   0|   32|          0|
    |indvars_iv_reg_219         |   2|   0|    2|          0|
    |invdar_reg_151             |   2|   0|    2|          0|
    |j_15_reg_1202              |  32|   0|   32|          0|
    |j_i_reg_174                |  32|   0|   32|          0|
    |j_reg_162                  |   5|   0|    5|          0|
    |k_4_reg_1249               |  32|   0|   32|          0|
    |k_reg_243                  |  32|   0|   32|          0|
    |p_0_i_reg_207              |  32|   0|   32|          0|
    |s_i_reg_195                |  32|   0|   32|          0|
    |s_reg_1192                 |  32|   0|   32|          0|
    |sel_tmp2_i_reg_1234        |   1|   0|    1|          0|
    |sel_tmp_i_reg_1228         |   1|   0|    1|          0|
    |tmp_288_reg_1223           |   2|   0|    4|          2|
    |tmp_292_reg_1254           |  32|   0|   32|          0|
    |tmp_350_reg_1167           |   1|   0|    1|          0|
    |tmp_364_i_reg_1184         |  32|   0|   32|          0|
    |write_flag_be_i_reg_1283   |   1|   0|    1|          0|
    |write_flag_i_reg_255       |   1|   0|    1|          0|
    |x_5_reg_1176               |  32|   0|   32|          0|
    |x_fu_118                   |  32|   0|   32|          0|
    +---------------------------+----+----+-----+-----------+
    |Total                      | 635|   0|  637|          2|
    +---------------------------+----+----+-----+-----------+



================================================================
== Interface
================================================================
* Summary: 
+-------------------------+-----+-----+------------+----------------+--------------+
|        RTL Ports        | Dir | Bits|  Protocol  |  Source Object |    C Type    |
+-------------------------+-----+-----+------------+----------------+--------------+
|ap_clk                   |  in |    1| ap_ctrl_hs |    getFRtoBR   | return value |
|ap_rst                   |  in |    1| ap_ctrl_hs |    getFRtoBR   | return value |
|ap_start                 |  in |    1| ap_ctrl_hs |    getFRtoBR   | return value |
|ap_done                  | out |    1| ap_ctrl_hs |    getFRtoBR   | return value |
|ap_idle                  | out |    1| ap_ctrl_hs |    getFRtoBR   | return value |
|ap_ready                 | out |    1| ap_ctrl_hs |    getFRtoBR   | return value |
|ap_return                | out |   16| ap_ctrl_hs |    getFRtoBR   | return value |
|cubiecube_0_ep_address0  | out |    4|  ap_memory | cubiecube_0_ep |     array    |
|cubiecube_0_ep_ce0       | out |    1|  ap_memory | cubiecube_0_ep |     array    |
|cubiecube_0_ep_q0        |  in |    4|  ap_memory | cubiecube_0_ep |     array    |
+-------------------------+-----+-----+------------+----------------+--------------+

