

================================================================
== Vivado HLS Report for 'getURtoDF'
================================================================
* Date:           Sat Mar  9 22:55:31 2019

* Version:        2018.2 (Build 2258646 on Thu Jun 14 20:25:20 MDT 2018)
* Project:        kociemba
* Solution:       solution1
* Product family: zynq
* Target device:  xc7z020clg400-1


================================================================
== Performance Estimates
================================================================
+ Timing (ns): 
    * Summary: 
    +--------+-------+----------+------------+
    |  Clock | Target| Estimated| Uncertainty|
    +--------+-------+----------+------------+
    |ap_clk  |  12.00|     4.644|        1.50|
    +--------+-------+----------+------------+

+ Latency (clock cycles): 
    * Summary: 
    +-----+-----+-----+-----+---------+
    |  Latency  |  Interval | Pipeline|
    | min | max | min | max |   Type  |
    +-----+-----+-----+-----+---------+
    |    ?|    ?|    ?|    ?|   none  |
    +-----+-----+-----+-----+---------+

    + Detail: 
        * Instance: 
        N/A

        * Loop: 
        +-----------------+-----+-----+----------+-----------+-----------+-------+----------+
        |                 |  Latency  | Iteration|  Initiation Interval  |  Trip |          |
        |    Loop Name    | min | max |  Latency |  achieved |   target  | Count | Pipelined|
        +-----------------+-----+-----+----------+-----------+-----------+-------+----------+
        |- memset_edge6   |    5|    5|         1|          -|          -|      6|    no    |
        |- Loop 2         |   24|   24|         2|          -|          -|     12|    no    |
        |- Loop 3         |    ?|    ?|         ?|          -|          -|      5|    no    |
        | + Loop 3.1      |    ?|    ?|  6 ~ 14  |          -|          -|      ?|    no    |
        |  ++ Loop 3.1.1  |    2|   10|         2|          -|          -| 1 ~ 5 |    no    |
        +-----------------+-----+-----+----------+-----------+-----------+-------+----------+



================================================================
== Utilization Estimates
================================================================
* Summary: 
+-----------------+---------+-------+--------+-------+
|       Name      | BRAM_18K| DSP48E|   FF   |  LUT  |
+-----------------+---------+-------+--------+-------+
|DSP              |        -|      -|       -|      -|
|Expression       |        -|      -|       0|    144|
|FIFO             |        -|      -|       -|      -|
|Instance         |        -|      -|       -|      -|
|Memory           |        0|      -|       8|      1|
|Multiplexer      |        -|      -|       -|    160|
|Register         |        -|      -|      72|      -|
+-----------------+---------+-------+--------+-------+
|Total            |        0|      0|      80|    305|
+-----------------+---------+-------+--------+-------+
|Available        |      280|    220|  106400|  53200|
+-----------------+---------+-------+--------+-------+
|Utilization (%)  |        0|      0|   ~0   |   ~0  |
+-----------------+---------+-------+--------+-------+

+ Detail: 
    * Instance: 
    N/A

    * DSP48: 
    N/A

    * Memory: 
    +---------+-----------------+---------+---+----+------+-----+------+-------------+
    |  Memory |      Module     | BRAM_18K| FF| LUT| Words| Bits| Banks| W*Bits*Banks|
    +---------+-----------------+---------+---+----+------+-----+------+-------------+
    |edge6_U  |getURtoDF_edge6  |        0|  8|   1|     6|    4|     1|           24|
    +---------+-----------------+---------+---+----+------+-----+------+-------------+
    |Total    |                 |        0|  8|   1|     6|    4|     1|           24|
    +---------+-----------------+---------+---+----+------+-----+------+-------------+

    * FIFO: 
    N/A

    * Expression: 
    +---------------------+----------+-------+---+----+------------+------------+
    |    Variable Name    | Operation| DSP48E| FF| LUT| Bitwidth P0| Bitwidth P1|
    +---------------------+----------+-------+---+----+------------+------------+
    |i_fu_254_p2          |     +    |      0|  0|  12|           3|           1|
    |indvarinc_fu_154_p2  |     +    |      0|  0|  12|           3|           1|
    |j_6_fu_182_p2        |     +    |      0|  0|  13|           4|           1|
    |j_7_fu_242_p2        |     +    |      0|  0|  12|           3|           2|
    |x_2_fu_202_p2        |     +    |      0|  0|  39|          32|           1|
    |exitcond1_fu_248_p2  |   icmp   |      0|  0|   9|           3|           3|
    |exitcond_fu_176_p2   |   icmp   |      0|  0|   9|           4|           4|
    |tmp_252_fu_193_p2    |   icmp   |      0|  0|   9|           4|           3|
    |tmp_253_fu_222_p2    |   icmp   |      0|  0|   9|           3|           1|
    |tmp_256_fu_237_p2    |   icmp   |      0|  0|  11|           5|           5|
    |tmp_s_fu_165_p2      |   icmp   |      0|  0|   9|           3|           3|
    +---------------------+----------+-------+---+----+------------+------------+
    |Total                |          |      0|  0| 144|          67|          25|
    +---------------------+----------+-------+---+----+------------+------------+

    * Multiplexer: 
    +------------------+----+-----------+-----+-----------+
    |       Name       | LUT| Input Size| Bits| Total Bits|
    +------------------+----+-----------+-----+-----------+
    |ap_NS_fsm         |  50|         11|    1|         11|
    |edge6_address0    |  38|          7|    3|         21|
    |edge6_d0          |  27|          5|    4|         20|
    |i_i_reg_142       |   9|          2|    3|          6|
    |invdar_reg_108    |   9|          2|    3|          6|
    |j_reg_119         |   9|          2|    4|          8|
    |r_assign_reg_130  |   9|          2|    3|          6|
    |x_fu_42           |   9|          2|   32|         64|
    +------------------+----+-----------+-----+-----------+
    |Total             | 160|         33|   53|        142|
    +------------------+----+-----------+-----+-----------+

    * Register: 
    +------------------------+----+----+-----+-----------+
    |          Name          | FF | LUT| Bits| Const Bits|
    +------------------------+----+----+-----+-----------+
    |ap_CS_fsm               |  10|   0|   10|          0|
    |edge6_addr_1_reg_314    |   3|   0|    3|          0|
    |i_i_reg_142             |   3|   0|    3|          0|
    |i_reg_335               |   3|   0|    3|          0|
    |invdar_reg_108          |   3|   0|    3|          0|
    |j_6_reg_288             |   4|   0|    4|          0|
    |j_reg_119               |   4|   0|    4|          0|
    |r_assign_cast3_reg_306  |   3|   0|    5|          2|
    |r_assign_reg_130        |   3|   0|    3|          0|
    |temp_reg_327            |   4|   0|    4|          0|
    |x_fu_42                 |  32|   0|   32|          0|
    +------------------------+----+----+-----+-----------+
    |Total                   |  72|   0|   74|          2|
    +------------------------+----+----+-----+-----------+



================================================================
== Interface
================================================================
* Summary: 
+-------------------------+-----+-----+------------+----------------+--------------+
|        RTL Ports        | Dir | Bits|  Protocol  |  Source Object |    C Type    |
+-------------------------+-----+-----+------------+----------------+--------------+
|ap_clk                   |  in |    1| ap_ctrl_hs |    getURtoDF   | return value |
|ap_rst                   |  in |    1| ap_ctrl_hs |    getURtoDF   | return value |
|ap_start                 |  in |    1| ap_ctrl_hs |    getURtoDF   | return value |
|ap_done                  | out |    1| ap_ctrl_hs |    getURtoDF   | return value |
|ap_idle                  | out |    1| ap_ctrl_hs |    getURtoDF   | return value |
|ap_ready                 | out |    1| ap_ctrl_hs |    getURtoDF   | return value |
|cubiecube_0_ep_address0  | out |    4|  ap_memory | cubiecube_0_ep |     array    |
|cubiecube_0_ep_ce0       | out |    1|  ap_memory | cubiecube_0_ep |     array    |
|cubiecube_0_ep_q0        |  in |    4|  ap_memory | cubiecube_0_ep |     array    |
+-------------------------+-----+-----+------------+----------------+--------------+

