

================================================================
== Vivado HLS Report for 'getUBtoDF'
================================================================
* Date:           Sat Mar  9 22:55:29 2019

* Version:        2018.2 (Build 2258646 on Thu Jun 14 20:25:20 MDT 2018)
* Project:        kociemba
* Solution:       solution1
* Product family: zynq
* Target device:  xc7z020clg400-1


================================================================
== Performance Estimates
================================================================
+ Timing (ns): 
    * Summary: 
    +--------+-------+----------+------------+
    |  Clock | Target| Estimated| Uncertainty|
    +--------+-------+----------+------------+
    |ap_clk  |  12.00|    10.075|        1.50|
    +--------+-------+----------+------------+

+ Latency (clock cycles): 
    * Summary: 
    +-----+-----+-----+-----+---------+
    |  Latency  |  Interval | Pipeline|
    | min | max | min | max |   Type  |
    +-----+-----+-----+-----+---------+
    |    ?|    ?|    ?|    ?|   none  |
    +-----+-----+-----+-----+---------+

    + Detail: 
        * Instance: 
        N/A

        * Loop: 
        +-----------------+-----+-----+----------+-----------+-----------+-------+----------+
        |                 |  Latency  | Iteration|  Initiation Interval  |  Trip |          |
        |    Loop Name    | min | max |  Latency |  achieved |   target  | Count | Pipelined|
        +-----------------+-----+-----+----------+-----------+-----------+-------+----------+
        |- memset_edge3   |    2|    2|         1|          -|          -|      3|    no    |
        |- Loop 2         |    ?|    ?|         ?|          -|          -|     12|    no    |
        | + Loop 2.1      |    ?|    ?|        37|          -|          -|      ?|    no    |
        |- Loop 3         |    ?|    ?|         ?|          -|          -|      2|    no    |
        | + Loop 3.1      |    ?|    ?|   2 ~ 6  |          -|          -|      ?|    no    |
        |  ++ Loop 3.1.1  |    0|    4|         2|          -|          -| 0 ~ 2 |    no    |
        +-----------------+-----+-----+----------+-----------+-----------+-------+----------+



================================================================
== Utilization Estimates
================================================================
* Summary: 
+-----------------+---------+-------+--------+-------+
|       Name      | BRAM_18K| DSP48E|   FF   |  LUT  |
+-----------------+---------+-------+--------+-------+
|DSP              |        -|      -|       -|      -|
|Expression       |        -|      6|       0|    676|
|FIFO             |        -|      -|       -|      -|
|Instance         |        -|      -|     394|    301|
|Memory           |        -|      -|       -|      -|
|Multiplexer      |        -|      -|       -|    452|
|Register         |        -|      -|     638|      -|
+-----------------+---------+-------+--------+-------+
|Total            |        0|      6|    1032|   1429|
+-----------------+---------+-------+--------+-------+
|Available        |      280|    220|  106400|  53200|
+-----------------+---------+-------+--------+-------+
|Utilization (%)  |        0|      2|   ~0   |      2|
+-----------------+---------+-------+--------+-------+

+ Detail: 
    * Instance: 
    +--------------------------+----------------------+---------+-------+-----+-----+
    |         Instance         |        Module        | BRAM_18K| DSP48E|  FF | LUT |
    +--------------------------+----------------------+---------+-------+-----+-----+
    |solution_mux_42_4jbC_U46  |solution_mux_42_4jbC  |        0|      0|    0|   21|
    |solution_mux_42_4jbC_U47  |solution_mux_42_4jbC  |        0|      0|    0|   21|
    |solution_mux_42_4jbC_U48  |solution_mux_42_4jbC  |        0|      0|    0|   21|
    |solution_sdiv_32nkbM_U49  |solution_sdiv_32nkbM  |        0|      0|  394|  238|
    +--------------------------+----------------------+---------+-------+-----+-----+
    |Total                     |                      |        0|      0|  394|  301|
    +--------------------------+----------------------+---------+-------+-----+-----+

    * DSP48: 
    N/A

    * Memory: 
    N/A

    * FIFO: 
    N/A

    * Expression: 
    +---------------------------+----------+-------+---+----+------------+------------+
    |       Variable Name       | Operation| DSP48E| FF| LUT| Bitwidth P0| Bitwidth P1|
    +---------------------------+----------+-------+---+----+------------+------------+
    |s_fu_579_p2                |     *    |      3|  0|  20|          32|          32|
    |tmp_278_fu_721_p2          |     *    |      3|  0|  20|           2|          32|
    |a_3_fu_602_p2              |     +    |      0|  0|  39|          32|          32|
    |b_3_fu_799_p2              |     +    |      0|  0|  39|          32|          32|
    |i_23_fu_585_p2             |     +    |      0|  0|  39|          32|           2|
    |i_24_fu_739_p2             |     +    |      0|  0|  10|           2|           1|
    |indvarinc_fu_367_p2        |     +    |      0|  0|  10|           2|           1|
    |indvars_iv_next_fu_804_p2  |     +    |      0|  0|  10|           2|           2|
    |j_11_fu_480_p2             |     +    |      0|  0|  13|           4|           1|
    |j_12_fu_596_p2             |     +    |      0|  0|  39|          32|           1|
    |j_fu_727_p2                |     +    |      0|  0|  10|           2|           2|
    |k_3_fu_705_p2              |     +    |      0|  0|  39|          32|           1|
    |tmp_274_fu_677_p2          |     +    |      0|  0|  23|          16|          16|
    |tmp_275_fu_635_p2          |     +    |      0|  0|  12|           3|           2|
    |tmp_277_fu_711_p2          |     +    |      0|  0|  10|           2|           1|
    |tmp_364_i_fu_568_p2        |     +    |      0|  0|  39|          32|           1|
    |x_4_fu_524_p2              |     +    |      0|  0|  39|          32|           1|
    |k_assign_3_fu_555_p2       |     -    |      0|  0|  39|          32|          32|
    |tmp_272_fu_663_p2          |     -    |      0|  0|  39|          32|          32|
    |or_cond_fu_518_p2          |    and   |      0|  0|   2|           1|           1|
    |cond_fu_645_p2             |   icmp   |      0|  0|   8|           2|           1|
    |cond_i_fu_745_p2           |   icmp   |      0|  0|   8|           2|           1|
    |exitcond1_fu_733_p2        |   icmp   |      0|  0|   8|           2|           2|
    |exitcond_fu_474_p2         |   icmp   |      0|  0|   9|           4|           4|
    |exitcond_i_fu_574_p2       |   icmp   |      0|  0|  18|          32|          32|
    |tmp_268_fu_506_p2          |   icmp   |      0|  0|   9|           4|           2|
    |tmp_269_fu_512_p2          |   icmp   |      0|  0|   9|           4|           3|
    |tmp_270_fu_629_p2          |   icmp   |      0|  0|   8|           2|           1|
    |tmp_276_fu_700_p2          |   icmp   |      0|  0|  11|           5|           5|
    |tmp_363_i_fu_549_p2        |   icmp   |      0|  0|  18|          32|          32|
    |tmp_i_fu_530_p2            |   icmp   |      0|  0|  18|          32|          32|
    |tmp_s_fu_415_p2            |   icmp   |      0|  0|   9|           2|           3|
    |arr_load_phi_i_fu_751_p3   |  select  |      0|  0|   4|           1|           4|
    |edge3_0_2_fu_776_p3        |  select  |      0|  0|   4|           1|           4|
    |edge3_1_72_fu_769_p3       |  select  |      0|  0|   4|           1|           4|
    |edge3_2_71_fu_762_p3       |  select  |      0|  0|   4|           1|           4|
    |edge3_load_phi_fu_689_p3   |  select  |      0|  0|   4|           1|           4|
    |p_k_i_fu_560_p3            |  select  |      0|  0|  32|           1|          32|
    +---------------------------+----------+-------+---+----+------------+------------+
    |Total                      |          |      6|  0| 676|         485|         395|
    +---------------------------+----------+-------+---+----+------------+------------+

    * Multiplexer: 
    +-------------------------+-----+-----------+-----+-----------+
    |           Name          | LUT | Input Size| Bits| Total Bits|
    +-------------------------+-----+-----------+-----+-----------+
    |a_fu_78                  |    9|          2|   32|         64|
    |ap_NS_fsm                |  209|         48|    1|         48|
    |ap_return                |    9|          2|   16|         32|
    |arr1_i_be_reg_314        |    9|          2|    4|          8|
    |arr1_i_reg_249           |    9|          2|    4|          8|
    |arr2_i_be_reg_282        |    9|          2|    4|          8|
    |arr2_i_reg_227           |    9|          2|    4|          8|
    |arr_i_be_reg_329         |    9|          2|    4|          8|
    |b_reg_203                |    9|          2|   32|         64|
    |edge3_1_3_fu_90          |    9|          2|    4|          8|
    |edge3_2_6_fu_66          |    9|          2|    4|          8|
    |edge3_2_7_fu_70          |    9|          2|    4|          8|
    |edge3_2_8_fu_74          |    9|          2|    4|          8|
    |edge3_2_9_fu_94          |    9|          2|    4|          8|
    |i_i1_reg_271             |    9|          2|    2|          4|
    |i_i_reg_146              |    9|          2|   32|         64|
    |i_reg_122                |    9|          2|    4|          8|
    |indvars_iv_reg_179       |    9|          2|    2|          4|
    |invdar_reg_111           |    9|          2|    2|          4|
    |j_i_reg_134              |    9|          2|   32|         64|
    |k_reg_215                |    9|          2|   32|         64|
    |p_0_i_reg_167            |    9|          2|   32|         64|
    |r_assign_reg_191         |    9|          2|    2|          4|
    |s_i_reg_155              |    9|          2|   32|         64|
    |temp_fu_86               |    9|          2|    4|          8|
    |write_flag_i_be_reg_297  |    9|          2|    1|          2|
    |write_flag_i_reg_237     |    9|          2|    1|          2|
    |x_fu_82                  |    9|          2|   32|         64|
    +-------------------------+-----+-----------+-----+-----------+
    |Total                    |  452|        102|  331|        708|
    +-------------------------+-----+-----------+-----+-----------+

    * Register: 
    +-------------------------+----+----+-----+-----------+
    |           Name          | FF | LUT| Bits| Const Bits|
    +-------------------------+----+----+-----+-----------+
    |a_fu_78                  |  32|   0|   32|          0|
    |ap_CS_fsm                |  47|   0|   47|          0|
    |ap_return_preg           |  16|   0|   16|          0|
    |arr1_i_be_reg_314        |   4|   0|    4|          0|
    |arr1_i_reg_249           |   4|   0|    4|          0|
    |arr2_i_be_reg_282        |   4|   0|    4|          0|
    |arr2_i_reg_227           |   4|   0|    4|          0|
    |arr_i_be_reg_329         |   4|   0|    4|          0|
    |arr_i_reg_259            |   4|   0|    4|          0|
    |b_reg_203                |  32|   0|   32|          0|
    |cond_reg_970             |   1|   0|    1|          0|
    |edge3_0_reg_912          |   4|   0|    4|          0|
    |edge3_1_3_fu_90          |   4|   0|    4|          0|
    |edge3_1_fu_58            |   4|   0|    4|          0|
    |edge3_2_6_fu_66          |   4|   0|    4|          0|
    |edge3_2_7_fu_70          |   4|   0|    4|          0|
    |edge3_2_8_fu_74          |   4|   0|    4|          0|
    |edge3_2_9_fu_94          |   4|   0|    4|          0|
    |edge3_2_fu_62            |   4|   0|    4|          0|
    |edge3_fu_54              |   4|   0|    4|          0|
    |i_23_reg_944             |  32|   0|   32|          0|
    |i_24_reg_1008            |   2|   0|    2|          0|
    |i_i1_reg_271             |   2|   0|    2|          0|
    |i_i_reg_146              |  32|   0|   32|          0|
    |i_reg_122                |   4|   0|    4|          0|
    |indvars_iv_reg_179       |   2|   0|    2|          0|
    |invdar_reg_111           |   2|   0|    2|          0|
    |j_11_reg_881             |   4|   0|    4|          0|
    |j_12_reg_949             |  32|   0|   32|          0|
    |j_i_reg_134              |  32|   0|   32|          0|
    |j_reg_1000               |   2|   0|    2|          0|
    |k_3_reg_990              |  32|   0|   32|          0|
    |k_reg_215                |  32|   0|   32|          0|
    |n_assign_cast5_reg_871   |   4|   0|   32|         28|
    |or_cond_reg_919          |   1|   0|    1|          0|
    |p_0_i_reg_167            |  32|   0|   32|          0|
    |r_assign_reg_191         |   2|   0|    2|          0|
    |s_i_reg_155              |  32|   0|   32|          0|
    |s_reg_939                |  32|   0|   32|          0|
    |temp_fu_86               |   4|   0|    4|          0|
    |tmp_278_reg_995          |  32|   0|   32|          0|
    |tmp_311_cast_reg_965     |   3|   0|    5|          2|
    |tmp_364_i_reg_931        |  32|   0|   32|          0|
    |write_flag_i_be_reg_297  |   1|   0|    1|          0|
    |write_flag_i_reg_237     |   1|   0|    1|          0|
    |x_4_reg_923              |  32|   0|   32|          0|
    |x_fu_82                  |  32|   0|   32|          0|
    +-------------------------+----+----+-----+-----------+
    |Total                    | 638|   0|  668|         30|
    +-------------------------+----+----+-----+-----------+



================================================================
== Interface
================================================================
* Summary: 
+-------------------------+-----+-----+------------+----------------+--------------+
|        RTL Ports        | Dir | Bits|  Protocol  |  Source Object |    C Type    |
+-------------------------+-----+-----+------------+----------------+--------------+
|ap_clk                   |  in |    1| ap_ctrl_hs |    getUBtoDF   | return value |
|ap_rst                   |  in |    1| ap_ctrl_hs |    getUBtoDF   | return value |
|ap_start                 |  in |    1| ap_ctrl_hs |    getUBtoDF   | return value |
|ap_done                  | out |    1| ap_ctrl_hs |    getUBtoDF   | return value |
|ap_idle                  | out |    1| ap_ctrl_hs |    getUBtoDF   | return value |
|ap_ready                 | out |    1| ap_ctrl_hs |    getUBtoDF   | return value |
|ap_return                | out |   16| ap_ctrl_hs |    getUBtoDF   | return value |
|cubiecube_0_ep_address0  | out |    4|  ap_memory | cubiecube_0_ep |     array    |
|cubiecube_0_ep_ce0       | out |    1|  ap_memory | cubiecube_0_ep |     array    |
|cubiecube_0_ep_q0        |  in |    4|  ap_memory | cubiecube_0_ep |     array    |
+-------------------------+-----+-----+------------+----------------+--------------+

