

================================================================
== Vivado HLS Report for 'getURtoUL'
================================================================
* Date:           Sat Mar  9 22:55:28 2019

* Version:        2018.2 (Build 2258646 on Thu Jun 14 20:25:20 MDT 2018)
* Project:        kociemba
* Solution:       solution1
* Product family: zynq
* Target device:  xc7z020clg400-1


================================================================
== Performance Estimates
================================================================
+ Timing (ns): 
    * Summary: 
    +--------+-------+----------+------------+
    |  Clock | Target| Estimated| Uncertainty|
    +--------+-------+----------+------------+
    |ap_clk  |  12.00|    10.075|        1.50|
    +--------+-------+----------+------------+

+ Latency (clock cycles): 
    * Summary: 
    +-----+-----+-----+-----+---------+
    |  Latency  |  Interval | Pipeline|
    | min | max | min | max |   Type  |
    +-----+-----+-----+-----+---------+
    |    ?|    ?|    ?|    ?|   none  |
    +-----+-----+-----+-----+---------+

    + Detail: 
        * Instance: 
        N/A

        * Loop: 
        +-----------------+-----+-----+----------+-----------+-----------+-------+----------+
        |                 |  Latency  | Iteration|  Initiation Interval  |  Trip |          |
        |    Loop Name    | min | max |  Latency |  achieved |   target  | Count | Pipelined|
        +-----------------+-----+-----+----------+-----------+-----------+-------+----------+
        |- memset_edge3   |    2|    2|         1|          -|          -|      3|    no    |
        |- Loop 2         |    ?|    ?|         ?|          -|          -|     12|    no    |
        | + Loop 2.1      |    ?|    ?|        37|          -|          -|      ?|    no    |
        |- Loop 3         |    ?|    ?|         ?|          -|          -|      2|    no    |
        | + Loop 3.1      |    ?|    ?|   2 ~ 6  |          -|          -|      ?|    no    |
        |  ++ Loop 3.1.1  |    0|    4|         2|          -|          -| 0 ~ 2 |    no    |
        +-----------------+-----+-----+----------+-----------+-----------+-------+----------+



================================================================
== Utilization Estimates
================================================================
* Summary: 
+-----------------+---------+-------+--------+-------+
|       Name      | BRAM_18K| DSP48E|   FF   |  LUT  |
+-----------------+---------+-------+--------+-------+
|DSP              |        -|      -|       -|      -|
|Expression       |        -|      6|       0|    653|
|FIFO             |        -|      -|       -|      -|
|Instance         |        -|      -|     394|    301|
|Memory           |        -|      -|       -|      -|
|Multiplexer      |        -|      -|       -|    452|
|Register         |        -|      -|     637|      -|
+-----------------+---------+-------+--------+-------+
|Total            |        0|      6|    1031|   1406|
+-----------------+---------+-------+--------+-------+
|Available        |      280|    220|  106400|  53200|
+-----------------+---------+-------+--------+-------+
|Utilization (%)  |        0|      2|   ~0   |      2|
+-----------------+---------+-------+--------+-------+

+ Detail: 
    * Instance: 
    +--------------------------+----------------------+---------+-------+-----+-----+
    |         Instance         |        Module        | BRAM_18K| DSP48E|  FF | LUT |
    +--------------------------+----------------------+---------+-------+-----+-----+
    |solution_mux_42_4jbC_U41  |solution_mux_42_4jbC  |        0|      0|    0|   21|
    |solution_mux_42_4jbC_U42  |solution_mux_42_4jbC  |        0|      0|    0|   21|
    |solution_mux_42_4jbC_U43  |solution_mux_42_4jbC  |        0|      0|    0|   21|
    |solution_sdiv_32nkbM_U44  |solution_sdiv_32nkbM  |        0|      0|  394|  238|
    +--------------------------+----------------------+---------+-------+-----+-----+
    |Total                     |                      |        0|      0|  394|  301|
    +--------------------------+----------------------+---------+-------+-----+-----+

    * DSP48: 
    N/A

    * Memory: 
    N/A

    * FIFO: 
    N/A

    * Expression: 
    +---------------------------+----------+-------+---+----+------------+------------+
    |       Variable Name       | Operation| DSP48E| FF| LUT| Bitwidth P0| Bitwidth P1|
    +---------------------------+----------+-------+---+----+------------+------------+
    |s_fu_563_p2                |     *    |      3|  0|  20|          32|          32|
    |tmp_250_fu_695_p2          |     *    |      3|  0|  20|           2|          32|
    |a_1_fu_586_p2              |     +    |      0|  0|  39|          32|          32|
    |b_1_fu_773_p2              |     +    |      0|  0|  39|          32|          32|
    |i_19_fu_569_p2             |     +    |      0|  0|  39|          32|           2|
    |i_20_fu_713_p2             |     +    |      0|  0|  10|           2|           1|
    |indvarinc_fu_363_p2        |     +    |      0|  0|  10|           2|           1|
    |indvars_iv_next_fu_778_p2  |     +    |      0|  0|  10|           2|           2|
    |j_4_fu_476_p2              |     +    |      0|  0|  13|           4|           1|
    |j_5_fu_580_p2              |     +    |      0|  0|  39|          32|           1|
    |j_fu_701_p2                |     +    |      0|  0|  10|           2|           2|
    |k_1_fu_679_p2              |     +    |      0|  0|  39|          32|           1|
    |tmp_247_fu_651_p2          |     +    |      0|  0|  23|          16|          16|
    |tmp_249_fu_685_p2          |     +    |      0|  0|  10|           2|           1|
    |tmp_364_i_fu_552_p2        |     +    |      0|  0|  39|          32|           1|
    |x_1_fu_508_p2              |     +    |      0|  0|  39|          32|           1|
    |k_assign_1_fu_539_p2       |     -    |      0|  0|  39|          32|          32|
    |tmp_245_fu_637_p2          |     -    |      0|  0|  39|          32|          32|
    |cond_fu_619_p2             |   icmp   |      0|  0|   8|           2|           1|
    |cond_i_fu_719_p2           |   icmp   |      0|  0|   8|           2|           1|
    |exitcond1_fu_707_p2        |   icmp   |      0|  0|   8|           2|           2|
    |exitcond_fu_470_p2         |   icmp   |      0|  0|   9|           4|           4|
    |exitcond_i_fu_558_p2       |   icmp   |      0|  0|  18|          32|          32|
    |tmp_243_fu_502_p2          |   icmp   |      0|  0|   9|           4|           2|
    |tmp_244_fu_613_p2          |   icmp   |      0|  0|   8|           2|           1|
    |tmp_248_fu_674_p2          |   icmp   |      0|  0|  11|           5|           5|
    |tmp_363_i_fu_533_p2        |   icmp   |      0|  0|  18|          32|          32|
    |tmp_i_fu_514_p2            |   icmp   |      0|  0|  18|          32|          32|
    |tmp_s_fu_411_p2            |   icmp   |      0|  0|   9|           2|           3|
    |arr_load_phi_i_fu_725_p3   |  select  |      0|  0|   4|           1|           4|
    |edge3_0_1_58_fu_750_p3     |  select  |      0|  0|   4|           1|           4|
    |edge3_1_57_fu_743_p3       |  select  |      0|  0|   4|           1|           4|
    |edge3_2_56_fu_736_p3       |  select  |      0|  0|   4|           1|           4|
    |edge3_load_phi_fu_663_p3   |  select  |      0|  0|   4|           1|           4|
    |p_k_i_fu_544_p3            |  select  |      0|  0|  32|           1|          32|
    +---------------------------+----------+-------+---+----+------------+------------+
    |Total                      |          |      6|  0| 653|         477|         389|
    +---------------------------+----------+-------+---+----+------------+------------+

    * Multiplexer: 
    +-------------------------+-----+-----------+-----+-----------+
    |           Name          | LUT | Input Size| Bits| Total Bits|
    +-------------------------+-----+-----------+-----+-----------+
    |a_fu_74                  |    9|          2|   32|         64|
    |ap_NS_fsm                |  209|         48|    1|         48|
    |ap_return                |    9|          2|   16|         32|
    |arr1_i_be_reg_310        |    9|          2|    4|          8|
    |arr1_i_reg_245           |    9|          2|    4|          8|
    |arr2_i_be_reg_278        |    9|          2|    4|          8|
    |arr2_i_reg_223           |    9|          2|    4|          8|
    |arr_i_be_reg_325         |    9|          2|    4|          8|
    |b_reg_199                |    9|          2|   32|         64|
    |edge3_1_1_53_fu_86       |    9|          2|    4|          8|
    |edge3_2_1_51_fu_62       |    9|          2|    4|          8|
    |edge3_2_2_fu_66          |    9|          2|    4|          8|
    |edge3_2_3_fu_70          |    9|          2|    4|          8|
    |edge3_2_4_fu_90          |    9|          2|    4|          8|
    |i_i1_reg_267             |    9|          2|    2|          4|
    |i_i_reg_142              |    9|          2|   32|         64|
    |i_reg_118                |    9|          2|    4|          8|
    |indvars_iv_reg_175       |    9|          2|    2|          4|
    |invdar_reg_107           |    9|          2|    2|          4|
    |j_i_reg_130              |    9|          2|   32|         64|
    |k_reg_211                |    9|          2|   32|         64|
    |p_0_i_reg_163            |    9|          2|   32|         64|
    |r_assign_reg_187         |    9|          2|    2|          4|
    |s_i_reg_151              |    9|          2|   32|         64|
    |temp_fu_82               |    9|          2|    4|          8|
    |write_flag_i_be_reg_293  |    9|          2|    1|          2|
    |write_flag_i_reg_233     |    9|          2|    1|          2|
    |x_fu_78                  |    9|          2|   32|         64|
    +-------------------------+-----+-----------+-----+-----------+
    |Total                    |  452|        102|  331|        708|
    +-------------------------+-----+-----------+-----+-----------+

    * Register: 
    +-------------------------+----+----+-----+-----------+
    |           Name          | FF | LUT| Bits| Const Bits|
    +-------------------------+----+----+-----+-----------+
    |a_fu_74                  |  32|   0|   32|          0|
    |ap_CS_fsm                |  47|   0|   47|          0|
    |ap_return_preg           |  16|   0|   16|          0|
    |arr1_i_be_reg_310        |   4|   0|    4|          0|
    |arr1_i_reg_245           |   4|   0|    4|          0|
    |arr2_i_be_reg_278        |   4|   0|    4|          0|
    |arr2_i_reg_223           |   4|   0|    4|          0|
    |arr_i_be_reg_325         |   4|   0|    4|          0|
    |arr_i_reg_255            |   4|   0|    4|          0|
    |b_reg_199                |  32|   0|   32|          0|
    |cond_reg_944             |   1|   0|    1|          0|
    |edge3_0_reg_886          |   4|   0|    4|          0|
    |edge3_1_1_53_fu_86       |   4|   0|    4|          0|
    |edge3_1_fu_54            |   4|   0|    4|          0|
    |edge3_2_1_51_fu_62       |   4|   0|    4|          0|
    |edge3_2_2_fu_66          |   4|   0|    4|          0|
    |edge3_2_3_fu_70          |   4|   0|    4|          0|
    |edge3_2_4_fu_90          |   4|   0|    4|          0|
    |edge3_2_fu_58            |   4|   0|    4|          0|
    |edge3_fu_50              |   4|   0|    4|          0|
    |i_19_reg_918             |  32|   0|   32|          0|
    |i_20_reg_982             |   2|   0|    2|          0|
    |i_i1_reg_267             |   2|   0|    2|          0|
    |i_i_reg_142              |  32|   0|   32|          0|
    |i_reg_118                |   4|   0|    4|          0|
    |indvars_iv_reg_175       |   2|   0|    2|          0|
    |invdar_reg_107           |   2|   0|    2|          0|
    |j_1_cast5_reg_936        |   2|   0|    5|          3|
    |j_4_reg_855              |   4|   0|    4|          0|
    |j_5_reg_923              |  32|   0|   32|          0|
    |j_i_reg_130              |  32|   0|   32|          0|
    |j_reg_974                |   2|   0|    2|          0|
    |k_1_reg_964              |  32|   0|   32|          0|
    |k_reg_211                |  32|   0|   32|          0|
    |n_assign_cast6_reg_845   |   4|   0|   32|         28|
    |p_0_i_reg_163            |  32|   0|   32|          0|
    |r_assign_reg_187         |   2|   0|    2|          0|
    |s_i_reg_151              |  32|   0|   32|          0|
    |s_reg_913                |  32|   0|   32|          0|
    |temp_fu_82               |   4|   0|    4|          0|
    |tmp_243_reg_893          |   1|   0|    1|          0|
    |tmp_250_reg_969          |  32|   0|   32|          0|
    |tmp_364_i_reg_905        |  32|   0|   32|          0|
    |write_flag_i_be_reg_293  |   1|   0|    1|          0|
    |write_flag_i_reg_233     |   1|   0|    1|          0|
    |x_1_reg_897              |  32|   0|   32|          0|
    |x_fu_78                  |  32|   0|   32|          0|
    +-------------------------+----+----+-----+-----------+
    |Total                    | 637|   0|  668|         31|
    +-------------------------+----+----+-----+-----------+



================================================================
== Interface
================================================================
* Summary: 
+-------------------------+-----+-----+------------+----------------+--------------+
|        RTL Ports        | Dir | Bits|  Protocol  |  Source Object |    C Type    |
+-------------------------+-----+-----+------------+----------------+--------------+
|ap_clk                   |  in |    1| ap_ctrl_hs |    getURtoUL   | return value |
|ap_rst                   |  in |    1| ap_ctrl_hs |    getURtoUL   | return value |
|ap_start                 |  in |    1| ap_ctrl_hs |    getURtoUL   | return value |
|ap_done                  | out |    1| ap_ctrl_hs |    getURtoUL   | return value |
|ap_idle                  | out |    1| ap_ctrl_hs |    getURtoUL   | return value |
|ap_ready                 | out |    1| ap_ctrl_hs |    getURtoUL   | return value |
|ap_return                | out |   16| ap_ctrl_hs |    getURtoUL   | return value |
|cubiecube_0_ep_address0  | out |    4|  ap_memory | cubiecube_0_ep |     array    |
|cubiecube_0_ep_ce0       | out |    1|  ap_memory | cubiecube_0_ep |     array    |
|cubiecube_0_ep_q0        |  in |    4|  ap_memory | cubiecube_0_ep |     array    |
+-------------------------+-----+-----+------------+----------------+--------------+

