

================================================================
== Vivado HLS Report for 'solutionToString'
================================================================
* Date:           Sat Mar  9 22:55:40 2019

* Version:        2018.2 (Build 2258646 on Thu Jun 14 20:25:20 MDT 2018)
* Project:        kociemba
* Solution:       solution1
* Product family: zynq
* Target device:  xc7z020clg400-1


================================================================
== Performance Estimates
================================================================
+ Timing (ns): 
    * Summary: 
    +--------+-------+----------+------------+
    |  Clock | Target| Estimated| Uncertainty|
    +--------+-------+----------+------------+
    |ap_clk  |  12.00|     6.689|        1.50|
    +--------+-------+----------+------------+

+ Latency (clock cycles): 
    * Summary: 
    +-----+-----+-----+-----+---------+
    |  Latency  |  Interval | Pipeline|
    | min | max | min | max |   Type  |
    +-----+-----+-----+-----+---------+
    |    ?|    ?|    ?|    ?|   none  |
    +-----+-----+-----+-----+---------+

    + Detail: 
        * Instance: 
        N/A

        * Loop: 
        +----------+-----+-----+----------+-----------+-----------+------+----------+
        |          |  Latency  | Iteration|  Initiation Interval  | Trip |          |
        | Loop Name| min | max |  Latency |  achieved |   target  | Count| Pipelined|
        +----------+-----+-----+----------+-----------+-----------+------+----------+
        |- Loop 1  |    ?|    ?|         3|          -|          -|     ?|    no    |
        +----------+-----+-----+----------+-----------+-----------+------+----------+



================================================================
== Utilization Estimates
================================================================
* Summary: 
+-----------------+---------+-------+--------+-------+
|       Name      | BRAM_18K| DSP48E|   FF   |  LUT  |
+-----------------+---------+-------+--------+-------+
|DSP              |        -|      -|       -|      -|
|Expression       |        -|      -|       0|    134|
|FIFO             |        -|      -|       -|      -|
|Instance         |        -|      -|       -|      -|
|Memory           |        -|      -|       -|      -|
|Multiplexer      |        -|      -|       -|     75|
|Register         |        -|      -|     161|      -|
+-----------------+---------+-------+--------+-------+
|Total            |        0|      0|     161|    209|
+-----------------+---------+-------+--------+-------+
|Available        |      280|    220|  106400|  53200|
+-----------------+---------+-------+--------+-------+
|Utilization (%)  |        0|      0|   ~0   |   ~0  |
+-----------------+---------+-------+--------+-------+

+ Detail: 
    * Instance: 
    N/A

    * DSP48: 
    N/A

    * Memory: 
    N/A

    * FIFO: 
    N/A

    * Expression: 
    +--------------------+----------+-------+---+----+------------+------------+
    |    Variable Name   | Operation| DSP48E| FF| LUT| Bitwidth P0| Bitwidth P1|
    +--------------------+----------+-------+---+----+------------+------------+
    |encode_3_fu_169_p2  |     +    |      0|  0|  39|          32|           3|
    |encode_4_fu_162_p2  |     +    |      0|  0|  39|          32|           4|
    |i_13_fu_151_p2      |     +    |      0|  0|  38|          31|           1|
    |tmp_fu_146_p2       |   icmp   |      0|  0|  18|          32|          32|
    +--------------------+----------+-------+---+----+------------+------------+
    |Total               |          |      0|  0| 134|         127|          40|
    +--------------------+----------+-------+---+----+------------+------------+

    * Multiplexer: 
    +-----------------------------------+----+-----------+-----+-----------+
    |                Name               | LUT| Input Size| Bits| Total Bits|
    +-----------------------------------+----+-----------+-----+-----------+
    |ap_NS_fsm                          |  27|          5|    1|          5|
    |ap_phi_mux_encode_2_phi_fu_132_p6  |  21|          4|   32|        128|
    |encode_1_reg_108                   |   9|          2|   32|         64|
    |encode_reg_85                      |   9|          2|   32|         64|
    |i_reg_97                           |   9|          2|   31|         62|
    +-----------------------------------+----+-----------+-----+-----------+
    |Total                              |  75|         15|  128|        323|
    +-----------------------------------+----+-----------+-----+-----------+

    * Register: 
    +------------------+----+----+-----+-----------+
    |       Name       | FF | LUT| Bits| Const Bits|
    +------------------+----+----+-----+-----------+
    |ap_CS_fsm         |   4|   0|    4|          0|
    |encode_1_reg_108  |  32|   0|   32|          0|
    |encode_reg_85     |  32|   0|   32|          0|
    |i_13_reg_189      |  31|   0|   31|          0|
    |i_reg_97          |  31|   0|   31|          0|
    |tmp_s_reg_194     |  31|   0|   64|         33|
    +------------------+----+----+-----+-----------+
    |Total             | 161|   0|  194|         33|
    +------------------+----+----+-----+-----------+



================================================================
== Interface
================================================================
* Summary: 
+-----------------------+-----+-----+------------+------------------+--------------+
|       RTL Ports       | Dir | Bits|  Protocol  |   Source Object  |    C Type    |
+-----------------------+-----+-----+------------+------------------+--------------+
|ap_clk                 |  in |    1| ap_ctrl_hs | solutionToString | return value |
|ap_rst                 |  in |    1| ap_ctrl_hs | solutionToString | return value |
|ap_start               |  in |    1| ap_ctrl_hs | solutionToString | return value |
|ap_done                | out |    1| ap_ctrl_hs | solutionToString | return value |
|ap_idle                | out |    1| ap_ctrl_hs | solutionToString | return value |
|ap_ready               | out |    1| ap_ctrl_hs | solutionToString | return value |
|search_0_ax_address0   | out |    5|  ap_memory |    search_0_ax   |     array    |
|search_0_ax_ce0        | out |    1|  ap_memory |    search_0_ax   |     array    |
|search_0_ax_q0         |  in |   32|  ap_memory |    search_0_ax   |     array    |
|search_0_po_address0   | out |    5|  ap_memory |    search_0_po   |     array    |
|search_0_po_ce0        | out |    1|  ap_memory |    search_0_po   |     array    |
|search_0_po_q0         |  in |   32|  ap_memory |    search_0_po   |     array    |
|length_r               |  in |   32|   ap_none  |     length_r     |    scalar    |
|encode_array_address0  | out |    5|  ap_memory |   encode_array   |     array    |
|encode_array_ce0       | out |    1|  ap_memory |   encode_array   |     array    |
|encode_array_we0       | out |    1|  ap_memory |   encode_array   |     array    |
|encode_array_d0        | out |    8|  ap_memory |   encode_array   |     array    |
+-----------------------+-----+-----+------------+------------------+--------------+

