
*** Running vivado
    with args -log solution.vdi -applog -m64 -product Vivado -messageDb vivado.pb -mode batch -source solution.tcl -notrace


****** Vivado v2018.2 (64-bit)
  **** SW Build 2258646 on Thu Jun 14 20:03:12 MDT 2018
  **** IP Build 2256618 on Thu Jun 14 22:10:49 MDT 2018
    ** Copyright 1986-2018 Xilinx, Inc. All Rights Reserved.

source solution.tcl -notrace
Command: open_checkpoint C:/Users/jinyee/FYP/RubikCube/190309Kociemba/kociemba/solution1/impl/verilog/project.runs/impl_1/solution.dcp

Starting open_checkpoint Task

Time (s): cpu = 00:00:00 ; elapsed = 00:00:00.089 . Memory (MB): peak = 226.242 ; gain = 0.000
INFO: [Netlist 29-17] Analyzing 1813 Unisim elements for replacement
INFO: [Netlist 29-28] Unisim Transformation completed in 0 CPU seconds
INFO: [Project 1-479] Netlist was created with Vivado 2018.2
INFO: [Device 21-403] Loading part xc7z020clg400-1
INFO: [Project 1-570] Preparing netlist for logic optimization
INFO: [Timing 38-478] Restoring timing data from binary archive.
INFO: [Timing 38-479] Binary timing data restore complete.
INFO: [Project 1-856] Restoring constraints from binary archive.
INFO: [Project 1-853] Binary constraint restore complete.
INFO: [Project 1-111] Unisim Transformation Summary:
  A total of 634 instances were transformed.
  RAM16X1D => RAM32X1D (RAMD32, RAMD32): 6 instances
  RAM16X1S => RAM32X1S (RAMS32): 625 instances
  RAM32X1D => RAM32X1D (RAMD32, RAMD32): 3 instances

INFO: [Project 1-604] Checkpoint was created with Vivado v2018.2 (64-bit) build 2258646
open_checkpoint: Time (s): cpu = 00:00:34 ; elapsed = 00:00:56 . Memory (MB): peak = 1192.305 ; gain = 974.559
Command: opt_design
Attempting to get a license for feature 'Implementation' and/or device 'xc7z020'
INFO: [Common 17-349] Got license for feature 'Implementation' and/or device 'xc7z020'
Running DRC as a precondition to command opt_design

Starting DRC Task
INFO: [DRC 23-27] Running DRC with 2 threads
INFO: [Project 1-461] DRC finished with 0 Errors
INFO: [Project 1-462] Please refer to the DRC report (report_drc) for more information.

Time (s): cpu = 00:00:03 ; elapsed = 00:00:03 . Memory (MB): peak = 1192.305 ; gain = 0.000

Starting Cache Timing Information Task
Ending Cache Timing Information Task | Checksum: 1958a560d

Time (s): cpu = 00:00:00 ; elapsed = 00:00:00.359 . Memory (MB): peak = 1192.305 ; gain = 0.000

Starting Logic Optimization Task

Phase 1 Retarget
INFO: [Opt 31-138] Pushed 0 inverter(s) to 0 load pin(s).
INFO: [Opt 31-49] Retargeted 0 cell(s).
Phase 1 Retarget | Checksum: 106309612

Time (s): cpu = 00:00:02 ; elapsed = 00:00:03 . Memory (MB): peak = 1192.305 ; gain = 0.000
INFO: [Opt 31-389] Phase Retarget created 0 cells and removed 0 cells

Phase 2 Constant propagation
INFO: [Opt 31-138] Pushed 0 inverter(s) to 0 load pin(s).
Phase 2 Constant propagation | Checksum: 16e56915a

Time (s): cpu = 00:00:03 ; elapsed = 00:00:04 . Memory (MB): peak = 1192.305 ; gain = 0.000
INFO: [Opt 31-389] Phase Constant propagation created 0 cells and removed 3 cells

Phase 3 Sweep
Phase 3 Sweep | Checksum: daee9cdf

Time (s): cpu = 00:00:04 ; elapsed = 00:00:05 . Memory (MB): peak = 1192.305 ; gain = 0.000
INFO: [Opt 31-389] Phase Sweep created 0 cells and removed 0 cells

Phase 4 BUFG optimization
Phase 4 BUFG optimization | Checksum: daee9cdf

Time (s): cpu = 00:00:04 ; elapsed = 00:00:05 . Memory (MB): peak = 1192.305 ; gain = 0.000
INFO: [Opt 31-662] Phase BUFG optimization created 0 cells of which 0 are BUFGs and removed 0 cells.

Phase 5 Shift Register Optimization
Phase 5 Shift Register Optimization | Checksum: 16ea5c69f

Time (s): cpu = 00:00:06 ; elapsed = 00:00:07 . Memory (MB): peak = 1192.305 ; gain = 0.000
INFO: [Opt 31-389] Phase Shift Register Optimization created 0 cells and removed 0 cells

Phase 6 Post Processing Netlist
Phase 6 Post Processing Netlist | Checksum: 16ea5c69f

Time (s): cpu = 00:00:06 ; elapsed = 00:00:08 . Memory (MB): peak = 1192.305 ; gain = 0.000
INFO: [Opt 31-389] Phase Post Processing Netlist created 0 cells and removed 0 cells

Starting Connectivity Check Task

Time (s): cpu = 00:00:00 ; elapsed = 00:00:00.062 . Memory (MB): peak = 1192.305 ; gain = 0.000
Ending Logic Optimization Task | Checksum: 16ea5c69f

Time (s): cpu = 00:00:06 ; elapsed = 00:00:08 . Memory (MB): peak = 1192.305 ; gain = 0.000

Starting Power Optimization Task
INFO: [Pwropt 34-132] Skipping clock gating for clocks with a period < 2.00 ns.
INFO: [Pwropt 34-9] Applying IDT optimizations ...
INFO: [Pwropt 34-10] Applying ODC optimizations ...
INFO: [Timing 38-35] Done setting XDC timing constraints.
WARNING: [Timing 38-242] The property HD.CLK_SRC of clock port "ap_clk" is not set. In out-of-context mode, this prevents timing estimation for clock delay/skew
Resolution: Set the HD.CLK_SRC property of the out-of-context port to the location of the clock buffer instance in the top-level design
INFO: [Physopt 32-619] Estimated Timing Summary | WNS=0.189 | TNS=0.000 |
Running Vector-less Activity Propagation...

Finished Running Vector-less Activity Propagation


Starting PowerOpt Patch Enables Task
INFO: [Pwropt 34-162] WRITE_MODE attribute of 0 BRAM(s) out of a total of 5 has been updated to save power. Run report_power_opt to get a complete listing of the BRAMs updated.
INFO: [Pwropt 34-201] Structural ODC has moved 0 WE to EN ports
Number of BRAM Ports augmented: 1 newly gated: 1 Total Ports: 10
Ending PowerOpt Patch Enables Task | Checksum: 147f4d9ba

Time (s): cpu = 00:00:00 ; elapsed = 00:00:03 . Memory (MB): peak = 1451.227 ; gain = 0.000
Ending Power Optimization Task | Checksum: 147f4d9ba

Time (s): cpu = 00:00:22 ; elapsed = 00:00:29 . Memory (MB): peak = 1451.227 ; gain = 258.922

Starting Final Cleanup Task
Ending Final Cleanup Task | Checksum: 147f4d9ba

Time (s): cpu = 00:00:00 ; elapsed = 00:00:00 . Memory (MB): peak = 1451.227 ; gain = 0.000
INFO: [Common 17-83] Releasing license: Implementation
32 Infos, 1 Warnings, 0 Critical Warnings and 0 Errors encountered.
opt_design completed successfully
opt_design: Time (s): cpu = 00:00:32 ; elapsed = 00:00:42 . Memory (MB): peak = 1451.227 ; gain = 258.922
INFO: [Timing 38-35] Done setting XDC timing constraints.
INFO: [Timing 38-480] Writing timing data to binary archive.
INFO: [Common 17-1381] The checkpoint 'C:/Users/jinyee/FYP/RubikCube/190309Kociemba/kociemba/solution1/impl/verilog/project.runs/impl_1/solution_opt.dcp' has been generated.
write_checkpoint: Time (s): cpu = 00:00:09 ; elapsed = 00:00:09 . Memory (MB): peak = 1451.227 ; gain = 0.000
INFO: [runtcl-4] Executing : report_drc -file solution_drc_opted.rpt -pb solution_drc_opted.pb -rpx solution_drc_opted.rpx
Command: report_drc -file solution_drc_opted.rpt -pb solution_drc_opted.pb -rpx solution_drc_opted.rpx
INFO: [IP_Flow 19-234] Refreshing IP repositories
INFO: [IP_Flow 19-1704] No user IP repositories specified
INFO: [IP_Flow 19-2313] Loaded Vivado IP repository 'C:/Xilinx/Vivado/2018.2/data/ip'.
INFO: [DRC 23-27] Running DRC with 2 threads
INFO: [Coretcl 2-168] The results of DRC are in file C:/Users/jinyee/FYP/RubikCube/190309Kociemba/kociemba/solution1/impl/verilog/project.runs/impl_1/solution_drc_opted.rpt.
report_drc completed successfully
report_drc: Time (s): cpu = 00:00:13 ; elapsed = 00:00:41 . Memory (MB): peak = 1451.227 ; gain = 0.000
Command: place_design
Attempting to get a license for feature 'Implementation' and/or device 'xc7z020'
INFO: [Common 17-349] Got license for feature 'Implementation' and/or device 'xc7z020'
INFO: [DRC 23-27] Running DRC with 2 threads
INFO: [Vivado_Tcl 4-198] DRC finished with 0 Errors
INFO: [Vivado_Tcl 4-199] Please refer to the DRC report (report_drc) for more information.
Running DRC as a precondition to command place_design
INFO: [DRC 23-27] Running DRC with 2 threads
INFO: [Vivado_Tcl 4-198] DRC finished with 0 Errors
INFO: [Vivado_Tcl 4-199] Please refer to the DRC report (report_drc) for more information.

Starting Placer Task
INFO: [Place 30-611] Multithreading enabled for place_design using a maximum of 2 CPUs

Phase 1 Placer Initialization

Phase 1.1 Placer Initialization Netlist Sorting
Netlist sorting complete. Time (s): cpu = 00:00:00 ; elapsed = 00:00:00.074 . Memory (MB): peak = 1451.227 ; gain = 0.000
Phase 1.1 Placer Initialization Netlist Sorting | Checksum: fb707a03

Time (s): cpu = 00:00:00 ; elapsed = 00:00:00.791 . Memory (MB): peak = 1451.227 ; gain = 0.000
INFO: [Opt 31-138] Pushed 0 inverter(s) to 0 load pin(s).
Netlist sorting complete. Time (s): cpu = 00:00:00 ; elapsed = 00:00:00.032 . Memory (MB): peak = 1451.227 ; gain = 0.000

Phase 1.2 IO Placement/ Clock Placement/ Build Placer Device
INFO: [Timing 38-35] Done setting XDC timing constraints.
Phase 1.2 IO Placement/ Clock Placement/ Build Placer Device | Checksum: f201e0d3

Time (s): cpu = 00:00:11 ; elapsed = 00:00:12 . Memory (MB): peak = 1451.227 ; gain = 0.000

Phase 1.3 Build Placer Netlist Model
Phase 1.3 Build Placer Netlist Model | Checksum: 1a1cac758

Time (s): cpu = 00:00:22 ; elapsed = 00:00:21 . Memory (MB): peak = 1451.227 ; gain = 0.000

Phase 1.4 Constrain Clocks/Macros
Phase 1.4 Constrain Clocks/Macros | Checksum: 1a1cac758

Time (s): cpu = 00:00:22 ; elapsed = 00:00:21 . Memory (MB): peak = 1451.227 ; gain = 0.000
Phase 1 Placer Initialization | Checksum: 1a1cac758

Time (s): cpu = 00:00:22 ; elapsed = 00:00:21 . Memory (MB): peak = 1451.227 ; gain = 0.000

Phase 2 Global Placement

Phase 2.1 Floorplanning
Phase 2.1 Floorplanning | Checksum: 1397ee7ce

Time (s): cpu = 00:00:24 ; elapsed = 00:00:23 . Memory (MB): peak = 1451.227 ; gain = 0.000

Phase 2.2 Physical Synthesis In Placer
INFO: [Physopt 32-65] No nets found for high-fanout optimization.
INFO: [Physopt 32-232] Optimized 0 net. Created 0 new instance.
INFO: [Physopt 32-775] End 1 Pass. Optimized 0 net or cell. Created 0 new cell, deleted 0 existing cell and moved 0 existing cell
Netlist sorting complete. Time (s): cpu = 00:00:00 ; elapsed = 00:00:00.033 . Memory (MB): peak = 1451.227 ; gain = 0.000

Summary of Physical Synthesis Optimizations
============================================


-----------------------------------------------------------------------------------------------------------------------------
|  Optimization       |  Added Cells  |  Removed Cells  |  Optimized Cells/Nets  |  Dont Touch  |  Iterations  |  Elapsed   |
-----------------------------------------------------------------------------------------------------------------------------
|  Very High Fanout   |            0  |              0  |                     0  |           0  |           1  |  00:00:00  |
|  Total              |            0  |              0  |                     0  |           0  |           1  |  00:00:00  |
-----------------------------------------------------------------------------------------------------------------------------


Phase 2.2 Physical Synthesis In Placer | Checksum: 29cd3966a

Time (s): cpu = 00:00:59 ; elapsed = 00:00:51 . Memory (MB): peak = 1451.227 ; gain = 0.000
Phase 2 Global Placement | Checksum: 25b91552c

Time (s): cpu = 00:01:00 ; elapsed = 00:00:52 . Memory (MB): peak = 1451.227 ; gain = 0.000

Phase 3 Detail Placement

Phase 3.1 Commit Multi Column Macros
Phase 3.1 Commit Multi Column Macros | Checksum: 25b91552c

Time (s): cpu = 00:01:00 ; elapsed = 00:00:52 . Memory (MB): peak = 1451.227 ; gain = 0.000

Phase 3.2 Commit Most Macros & LUTRAMs
Phase 3.2 Commit Most Macros & LUTRAMs | Checksum: 237098409

Time (s): cpu = 00:01:07 ; elapsed = 00:00:57 . Memory (MB): peak = 1451.227 ; gain = 0.000

Phase 3.3 Area Swap Optimization
Phase 3.3 Area Swap Optimization | Checksum: 2a14e8ac0

Time (s): cpu = 00:01:08 ; elapsed = 00:00:57 . Memory (MB): peak = 1451.227 ; gain = 0.000

Phase 3.4 Pipeline Register Optimization
Phase 3.4 Pipeline Register Optimization | Checksum: 21eafc640

Time (s): cpu = 00:01:08 ; elapsed = 00:00:57 . Memory (MB): peak = 1451.227 ; gain = 0.000

Phase 3.5 Timing Path Optimizer
Phase 3.5 Timing Path Optimizer | Checksum: 21eafc640

Time (s): cpu = 00:01:08 ; elapsed = 00:00:57 . Memory (MB): peak = 1451.227 ; gain = 0.000

Phase 3.6 Fast Optimization
Phase 3.6 Fast Optimization | Checksum: 266c9d165

Time (s): cpu = 00:01:10 ; elapsed = 00:01:00 . Memory (MB): peak = 1451.227 ; gain = 0.000

Phase 3.7 Small Shape Detail Placement
Phase 3.7 Small Shape Detail Placement | Checksum: 246807ba7

Time (s): cpu = 00:01:16 ; elapsed = 00:01:06 . Memory (MB): peak = 1451.227 ; gain = 0.000

Phase 3.8 Re-assign LUT pins
Phase 3.8 Re-assign LUT pins | Checksum: 2939fe6b7

Time (s): cpu = 00:01:17 ; elapsed = 00:01:07 . Memory (MB): peak = 1451.227 ; gain = 0.000

Phase 3.9 Pipeline Register Optimization
Phase 3.9 Pipeline Register Optimization | Checksum: 2939fe6b7

Time (s): cpu = 00:01:17 ; elapsed = 00:01:08 . Memory (MB): peak = 1451.227 ; gain = 0.000
Phase 3 Detail Placement | Checksum: 2939fe6b7

Time (s): cpu = 00:01:17 ; elapsed = 00:01:08 . Memory (MB): peak = 1451.227 ; gain = 0.000

Phase 4 Post Placement Optimization and Clean-Up

Phase 4.1 Post Commit Optimization
INFO: [Timing 38-35] Done setting XDC timing constraints.

Phase 4.1.1 Post Placement Optimization
Post Placement Optimization Initialization | Checksum: 214482bb6

Phase 4.1.1.1 BUFG Insertion
INFO: [Place 46-33] Processed net solution_CTRL_BUS_s_axi_U/ap_rst_n_inv, BUFG insertion was skipped due to placement/routing conflicts.
INFO: [Place 46-31] BUFG insertion identified 1 candidate nets, 0 success, 1 skipped for placement/routing, 0 skipped for timing, 0 skipped for netlist change reason.
Phase 4.1.1.1 BUFG Insertion | Checksum: 214482bb6

Time (s): cpu = 00:01:26 ; elapsed = 00:01:17 . Memory (MB): peak = 1451.227 ; gain = 0.000
INFO: [Place 30-746] Post Placement Timing Summary WNS=0.608. For the most accurate timing information please run report_timing.
Phase 4.1.1 Post Placement Optimization | Checksum: 194953ea2

Time (s): cpu = 00:01:26 ; elapsed = 00:01:17 . Memory (MB): peak = 1451.227 ; gain = 0.000
Phase 4.1 Post Commit Optimization | Checksum: 194953ea2

Time (s): cpu = 00:01:27 ; elapsed = 00:01:17 . Memory (MB): peak = 1451.227 ; gain = 0.000

Phase 4.2 Post Placement Cleanup
Phase 4.2 Post Placement Cleanup | Checksum: 194953ea2

Time (s): cpu = 00:01:27 ; elapsed = 00:01:17 . Memory (MB): peak = 1451.227 ; gain = 0.000

Phase 4.3 Placer Reporting
Phase 4.3 Placer Reporting | Checksum: 194953ea2

Time (s): cpu = 00:01:27 ; elapsed = 00:01:18 . Memory (MB): peak = 1451.227 ; gain = 0.000

Phase 4.4 Final Placement Cleanup
Phase 4.4 Final Placement Cleanup | Checksum: 1c723527d

Time (s): cpu = 00:01:27 ; elapsed = 00:01:18 . Memory (MB): peak = 1451.227 ; gain = 0.000
Phase 4 Post Placement Optimization and Clean-Up | Checksum: 1c723527d

Time (s): cpu = 00:01:27 ; elapsed = 00:01:18 . Memory (MB): peak = 1451.227 ; gain = 0.000
Ending Placer Task | Checksum: 18a5b3624

Time (s): cpu = 00:01:27 ; elapsed = 00:01:19 . Memory (MB): peak = 1451.227 ; gain = 0.000
INFO: [Common 17-83] Releasing license: Implementation
59 Infos, 1 Warnings, 0 Critical Warnings and 0 Errors encountered.
place_design completed successfully
place_design: Time (s): cpu = 00:01:36 ; elapsed = 00:01:24 . Memory (MB): peak = 1451.227 ; gain = 0.000
INFO: [Timing 38-480] Writing timing data to binary archive.
Writing placer database...
Writing XDEF routing.
Writing XDEF routing logical nets.
Writing XDEF routing special nets.
Write XDEF Complete: Time (s): cpu = 00:00:10 ; elapsed = 00:00:07 . Memory (MB): peak = 1451.227 ; gain = 0.000
INFO: [Common 17-1381] The checkpoint 'C:/Users/jinyee/FYP/RubikCube/190309Kociemba/kociemba/solution1/impl/verilog/project.runs/impl_1/solution_placed.dcp' has been generated.
write_checkpoint: Time (s): cpu = 00:00:12 ; elapsed = 00:00:10 . Memory (MB): peak = 1451.227 ; gain = 0.000
INFO: [runtcl-4] Executing : report_io -file solution_io_placed.rpt
report_io: Time (s): cpu = 00:00:00 ; elapsed = 00:00:00.485 . Memory (MB): peak = 1451.227 ; gain = 0.000
INFO: [runtcl-4] Executing : report_utilization -file solution_utilization_placed.rpt -pb solution_utilization_placed.pb
report_utilization: Time (s): cpu = 00:00:00 ; elapsed = 00:00:00.643 . Memory (MB): peak = 1451.227 ; gain = 0.000
INFO: [runtcl-4] Executing : report_control_sets -verbose -file solution_control_sets_placed.rpt
report_control_sets: Time (s): cpu = 00:00:00 ; elapsed = 00:00:00.185 . Memory (MB): peak = 1451.227 ; gain = 0.000
Command: phys_opt_design
Attempting to get a license for feature 'Implementation' and/or device 'xc7z020'
INFO: [Common 17-349] Got license for feature 'Implementation' and/or device 'xc7z020'
INFO: [Vivado_Tcl 4-383] Design worst setup slack (WNS) is greater than or equal to 0.250 ns. Skipping all physical synthesis optimizations.
INFO: [Vivado_Tcl 4-232] No setup violation found. The netlist was not modified.
INFO: [Common 17-83] Releasing license: Implementation
68 Infos, 1 Warnings, 0 Critical Warnings and 0 Errors encountered.
phys_opt_design completed successfully
INFO: [Timing 38-480] Writing timing data to binary archive.
Writing placer database...
Writing XDEF routing.
Writing XDEF routing logical nets.
Writing XDEF routing special nets.
Write XDEF Complete: Time (s): cpu = 00:00:09 ; elapsed = 00:00:04 . Memory (MB): peak = 1451.227 ; gain = 0.000
INFO: [Common 17-1381] The checkpoint 'C:/Users/jinyee/FYP/RubikCube/190309Kociemba/kociemba/solution1/impl/verilog/project.runs/impl_1/solution_physopt.dcp' has been generated.
write_checkpoint: Time (s): cpu = 00:00:11 ; elapsed = 00:00:06 . Memory (MB): peak = 1451.227 ; gain = 0.000
Command: route_design
Attempting to get a license for feature 'Implementation' and/or device 'xc7z020'
INFO: [Common 17-349] Got license for feature 'Implementation' and/or device 'xc7z020'
Running DRC as a precondition to command route_design
INFO: [DRC 23-27] Running DRC with 2 threads
INFO: [Vivado_Tcl 4-198] DRC finished with 0 Errors
INFO: [Vivado_Tcl 4-199] Please refer to the DRC report (report_drc) for more information.


Starting Routing Task
INFO: [Route 35-254] Multithreading enabled for route_design using a maximum of 2 CPUs
Checksum: PlaceDB: b1448250 ConstDB: 0 ShapeSum: d916b3d4 RouteDB: 0

Phase 1 Build RT Design
WARNING: [Route 35-197] Clock port "ap_clk" does not have an associated HD.CLK_SRC. Without this constraint, timing analysis may not be accurate and upstream checks cannot be done to ensure correct clock placement.
WARNING: [Route 35-198] Port "m_axi_CTRL_BUS_RDATA[15]" does not have an associated HD.PARTPIN_LOCS, which will prevent the partial routing of the signal "m_axi_CTRL_BUS_RDATA[15]". Without this partial route, timing analysis to/from this port will not be accurate, and no routing information for this port can be exported.
WARNING: [Route 35-198] Port "m_axi_CTRL_BUS_RDATA[14]" does not have an associated HD.PARTPIN_LOCS, which will prevent the partial routing of the signal "m_axi_CTRL_BUS_RDATA[14]". Without this partial route, timing analysis to/from this port will not be accurate, and no routing information for this port can be exported.
WARNING: [Route 35-198] Port "m_axi_CTRL_BUS_RDATA[13]" does not have an associated HD.PARTPIN_LOCS, which will prevent the partial routing of the signal "m_axi_CTRL_BUS_RDATA[13]". Without this partial route, timing analysis to/from this port will not be accurate, and no routing information for this port can be exported.
WARNING: [Route 35-198] Port "m_axi_CTRL_BUS_RDATA[12]" does not have an associated HD.PARTPIN_LOCS, which will prevent the partial routing of the signal "m_axi_CTRL_BUS_RDATA[12]". Without this partial route, timing analysis to/from this port will not be accurate, and no routing information for this port can be exported.
WARNING: [Route 35-198] Port "m_axi_CTRL_BUS_RDATA[11]" does not have an associated HD.PARTPIN_LOCS, which will prevent the partial routing of the signal "m_axi_CTRL_BUS_RDATA[11]". Without this partial route, timing analysis to/from this port will not be accurate, and no routing information for this port can be exported.
WARNING: [Route 35-198] Port "m_axi_CTRL_BUS_RDATA[10]" does not have an associated HD.PARTPIN_LOCS, which will prevent the partial routing of the signal "m_axi_CTRL_BUS_RDATA[10]". Without this partial route, timing analysis to/from this port will not be accurate, and no routing information for this port can be exported.
WARNING: [Route 35-198] Port "m_axi_CTRL_BUS_RDATA[9]" does not have an associated HD.PARTPIN_LOCS, which will prevent the partial routing of the signal "m_axi_CTRL_BUS_RDATA[9]". Without this partial route, timing analysis to/from this port will not be accurate, and no routing information for this port can be exported.
WARNING: [Route 35-198] Port "m_axi_CTRL_BUS_RDATA[8]" does not have an associated HD.PARTPIN_LOCS, which will prevent the partial routing of the signal "m_axi_CTRL_BUS_RDATA[8]". Without this partial route, timing analysis to/from this port will not be accurate, and no routing information for this port can be exported.
WARNING: [Route 35-198] Port "m_axi_CTRL_BUS_RDATA[7]" does not have an associated HD.PARTPIN_LOCS, which will prevent the partial routing of the signal "m_axi_CTRL_BUS_RDATA[7]". Without this partial route, timing analysis to/from this port will not be accurate, and no routing information for this port can be exported.
WARNING: [Route 35-198] Port "m_axi_CTRL_BUS_RDATA[6]" does not have an associated HD.PARTPIN_LOCS, which will prevent the partial routing of the signal "m_axi_CTRL_BUS_RDATA[6]". Without this partial route, timing analysis to/from this port will not be accurate, and no routing information for this port can be exported.
WARNING: [Route 35-198] Port "m_axi_CTRL_BUS_RDATA[5]" does not have an associated HD.PARTPIN_LOCS, which will prevent the partial routing of the signal "m_axi_CTRL_BUS_RDATA[5]". Without this partial route, timing analysis to/from this port will not be accurate, and no routing information for this port can be exported.
WARNING: [Route 35-198] Port "m_axi_CTRL_BUS_RDATA[4]" does not have an associated HD.PARTPIN_LOCS, which will prevent the partial routing of the signal "m_axi_CTRL_BUS_RDATA[4]". Without this partial route, timing analysis to/from this port will not be accurate, and no routing information for this port can be exported.
WARNING: [Route 35-198] Port "m_axi_CTRL_BUS_RDATA[3]" does not have an associated HD.PARTPIN_LOCS, which will prevent the partial routing of the signal "m_axi_CTRL_BUS_RDATA[3]". Without this partial route, timing analysis to/from this port will not be accurate, and no routing information for this port can be exported.
WARNING: [Route 35-198] Port "m_axi_CTRL_BUS_RDATA[2]" does not have an associated HD.PARTPIN_LOCS, which will prevent the partial routing of the signal "m_axi_CTRL_BUS_RDATA[2]". Without this partial route, timing analysis to/from this port will not be accurate, and no routing information for this port can be exported.
WARNING: [Route 35-198] Port "m_axi_CTRL_BUS_RDATA[1]" does not have an associated HD.PARTPIN_LOCS, which will prevent the partial routing of the signal "m_axi_CTRL_BUS_RDATA[1]". Without this partial route, timing analysis to/from this port will not be accurate, and no routing information for this port can be exported.
WARNING: [Route 35-198] Port "m_axi_CTRL_BUS_RDATA[0]" does not have an associated HD.PARTPIN_LOCS, which will prevent the partial routing of the signal "m_axi_CTRL_BUS_RDATA[0]". Without this partial route, timing analysis to/from this port will not be accurate, and no routing information for this port can be exported.
WARNING: [Route 35-198] Port "m_axi_CTRL_BUS_RDATA[31]" does not have an associated HD.PARTPIN_LOCS, which will prevent the partial routing of the signal "m_axi_CTRL_BUS_RDATA[31]". Without this partial route, timing analysis to/from this port will not be accurate, and no routing information for this port can be exported.
WARNING: [Route 35-198] Port "m_axi_CTRL_BUS_RDATA[30]" does not have an associated HD.PARTPIN_LOCS, which will prevent the partial routing of the signal "m_axi_CTRL_BUS_RDATA[30]". Without this partial route, timing analysis to/from this port will not be accurate, and no routing information for this port can be exported.
WARNING: [Route 35-198] Port "m_axi_CTRL_BUS_RDATA[29]" does not have an associated HD.PARTPIN_LOCS, which will prevent the partial routing of the signal "m_axi_CTRL_BUS_RDATA[29]". Without this partial route, timing analysis to/from this port will not be accurate, and no routing information for this port can be exported.
WARNING: [Route 35-198] Port "m_axi_CTRL_BUS_RDATA[28]" does not have an associated HD.PARTPIN_LOCS, which will prevent the partial routing of the signal "m_axi_CTRL_BUS_RDATA[28]". Without this partial route, timing analysis to/from this port will not be accurate, and no routing information for this port can be exported.
WARNING: [Route 35-198] Port "m_axi_CTRL_BUS_RDATA[27]" does not have an associated HD.PARTPIN_LOCS, which will prevent the partial routing of the signal "m_axi_CTRL_BUS_RDATA[27]". Without this partial route, timing analysis to/from this port will not be accurate, and no routing information for this port can be exported.
WARNING: [Route 35-198] Port "m_axi_CTRL_BUS_RDATA[26]" does not have an associated HD.PARTPIN_LOCS, which will prevent the partial routing of the signal "m_axi_CTRL_BUS_RDATA[26]". Without this partial route, timing analysis to/from this port will not be accurate, and no routing information for this port can be exported.
WARNING: [Route 35-198] Port "m_axi_CTRL_BUS_RDATA[25]" does not have an associated HD.PARTPIN_LOCS, which will prevent the partial routing of the signal "m_axi_CTRL_BUS_RDATA[25]". Without this partial route, timing analysis to/from this port will not be accurate, and no routing information for this port can be exported.
WARNING: [Route 35-198] Port "m_axi_CTRL_BUS_RDATA[24]" does not have an associated HD.PARTPIN_LOCS, which will prevent the partial routing of the signal "m_axi_CTRL_BUS_RDATA[24]". Without this partial route, timing analysis to/from this port will not be accurate, and no routing information for this port can be exported.
WARNING: [Route 35-198] Port "m_axi_CTRL_BUS_RDATA[23]" does not have an associated HD.PARTPIN_LOCS, which will prevent the partial routing of the signal "m_axi_CTRL_BUS_RDATA[23]". Without this partial route, timing analysis to/from this port will not be accurate, and no routing information for this port can be exported.
WARNING: [Route 35-198] Port "m_axi_CTRL_BUS_RDATA[22]" does not have an associated HD.PARTPIN_LOCS, which will prevent the partial routing of the signal "m_axi_CTRL_BUS_RDATA[22]". Without this partial route, timing analysis to/from this port will not be accurate, and no routing information for this port can be exported.
WARNING: [Route 35-198] Port "m_axi_CTRL_BUS_RDATA[21]" does not have an associated HD.PARTPIN_LOCS, which will prevent the partial routing of the signal "m_axi_CTRL_BUS_RDATA[21]". Without this partial route, timing analysis to/from this port will not be accurate, and no routing information for this port can be exported.
WARNING: [Route 35-198] Port "m_axi_CTRL_BUS_RDATA[20]" does not have an associated HD.PARTPIN_LOCS, which will prevent the partial routing of the signal "m_axi_CTRL_BUS_RDATA[20]". Without this partial route, timing analysis to/from this port will not be accurate, and no routing information for this port can be exported.
WARNING: [Route 35-198] Port "m_axi_CTRL_BUS_RDATA[19]" does not have an associated HD.PARTPIN_LOCS, which will prevent the partial routing of the signal "m_axi_CTRL_BUS_RDATA[19]". Without this partial route, timing analysis to/from this port will not be accurate, and no routing information for this port can be exported.
WARNING: [Route 35-198] Port "m_axi_CTRL_BUS_RDATA[18]" does not have an associated HD.PARTPIN_LOCS, which will prevent the partial routing of the signal "m_axi_CTRL_BUS_RDATA[18]". Without this partial route, timing analysis to/from this port will not be accurate, and no routing information for this port can be exported.
WARNING: [Route 35-198] Port "m_axi_CTRL_BUS_RDATA[17]" does not have an associated HD.PARTPIN_LOCS, which will prevent the partial routing of the signal "m_axi_CTRL_BUS_RDATA[17]". Without this partial route, timing analysis to/from this port will not be accurate, and no routing information for this port can be exported.
WARNING: [Route 35-198] Port "m_axi_CTRL_BUS_RDATA[16]" does not have an associated HD.PARTPIN_LOCS, which will prevent the partial routing of the signal "m_axi_CTRL_BUS_RDATA[16]". Without this partial route, timing analysis to/from this port will not be accurate, and no routing information for this port can be exported.
WARNING: [Route 35-198] Port "m_axi_CTRL_BUS_RRESP[1]" does not have an associated HD.PARTPIN_LOCS, which will prevent the partial routing of the signal "m_axi_CTRL_BUS_RRESP[1]". Without this partial route, timing analysis to/from this port will not be accurate, and no routing information for this port can be exported.
WARNING: [Route 35-198] Port "m_axi_CTRL_BUS_RRESP[0]" does not have an associated HD.PARTPIN_LOCS, which will prevent the partial routing of the signal "m_axi_CTRL_BUS_RRESP[0]". Without this partial route, timing analysis to/from this port will not be accurate, and no routing information for this port can be exported.
WARNING: [Route 35-198] Port "m_axi_CTRL_BUS_RLAST" does not have an associated HD.PARTPIN_LOCS, which will prevent the partial routing of the signal "m_axi_CTRL_BUS_RLAST". Without this partial route, timing analysis to/from this port will not be accurate, and no routing information for this port can be exported.
WARNING: [Route 35-198] Port "m_axi_CTRL_BUS_RVALID" does not have an associated HD.PARTPIN_LOCS, which will prevent the partial routing of the signal "m_axi_CTRL_BUS_RVALID". Without this partial route, timing analysis to/from this port will not be accurate, and no routing information for this port can be exported.
WARNING: [Route 35-198] Port "s_axi_CTRL_BUS_WDATA[31]" does not have an associated HD.PARTPIN_LOCS, which will prevent the partial routing of the signal "s_axi_CTRL_BUS_WDATA[31]". Without this partial route, timing analysis to/from this port will not be accurate, and no routing information for this port can be exported.
WARNING: [Route 35-198] Port "s_axi_CTRL_BUS_WDATA[30]" does not have an associated HD.PARTPIN_LOCS, which will prevent the partial routing of the signal "s_axi_CTRL_BUS_WDATA[30]". Without this partial route, timing analysis to/from this port will not be accurate, and no routing information for this port can be exported.
WARNING: [Route 35-198] Port "s_axi_CTRL_BUS_WDATA[29]" does not have an associated HD.PARTPIN_LOCS, which will prevent the partial routing of the signal "s_axi_CTRL_BUS_WDATA[29]". Without this partial route, timing analysis to/from this port will not be accurate, and no routing information for this port can be exported.
WARNING: [Route 35-198] Port "s_axi_CTRL_BUS_WDATA[28]" does not have an associated HD.PARTPIN_LOCS, which will prevent the partial routing of the signal "s_axi_CTRL_BUS_WDATA[28]". Without this partial route, timing analysis to/from this port will not be accurate, and no routing information for this port can be exported.
WARNING: [Route 35-198] Port "s_axi_CTRL_BUS_WDATA[27]" does not have an associated HD.PARTPIN_LOCS, which will prevent the partial routing of the signal "s_axi_CTRL_BUS_WDATA[27]". Without this partial route, timing analysis to/from this port will not be accurate, and no routing information for this port can be exported.
WARNING: [Route 35-198] Port "s_axi_CTRL_BUS_WDATA[26]" does not have an associated HD.PARTPIN_LOCS, which will prevent the partial routing of the signal "s_axi_CTRL_BUS_WDATA[26]". Without this partial route, timing analysis to/from this port will not be accurate, and no routing information for this port can be exported.
WARNING: [Route 35-198] Port "s_axi_CTRL_BUS_WDATA[25]" does not have an associated HD.PARTPIN_LOCS, which will prevent the partial routing of the signal "s_axi_CTRL_BUS_WDATA[25]". Without this partial route, timing analysis to/from this port will not be accurate, and no routing information for this port can be exported.
WARNING: [Route 35-198] Port "s_axi_CTRL_BUS_WDATA[24]" does not have an associated HD.PARTPIN_LOCS, which will prevent the partial routing of the signal "s_axi_CTRL_BUS_WDATA[24]". Without this partial route, timing analysis to/from this port will not be accurate, and no routing information for this port can be exported.
WARNING: [Route 35-198] Port "s_axi_CTRL_BUS_WDATA[23]" does not have an associated HD.PARTPIN_LOCS, which will prevent the partial routing of the signal "s_axi_CTRL_BUS_WDATA[23]". Without this partial route, timing analysis to/from this port will not be accurate, and no routing information for this port can be exported.
WARNING: [Route 35-198] Port "s_axi_CTRL_BUS_WDATA[22]" does not have an associated HD.PARTPIN_LOCS, which will prevent the partial routing of the signal "s_axi_CTRL_BUS_WDATA[22]". Without this partial route, timing analysis to/from this port will not be accurate, and no routing information for this port can be exported.
WARNING: [Route 35-198] Port "s_axi_CTRL_BUS_WDATA[21]" does not have an associated HD.PARTPIN_LOCS, which will prevent the partial routing of the signal "s_axi_CTRL_BUS_WDATA[21]". Without this partial route, timing analysis to/from this port will not be accurate, and no routing information for this port can be exported.
WARNING: [Route 35-198] Port "s_axi_CTRL_BUS_WDATA[20]" does not have an associated HD.PARTPIN_LOCS, which will prevent the partial routing of the signal "s_axi_CTRL_BUS_WDATA[20]". Without this partial route, timing analysis to/from this port will not be accurate, and no routing information for this port can be exported.
WARNING: [Route 35-198] Port "s_axi_CTRL_BUS_WDATA[19]" does not have an associated HD.PARTPIN_LOCS, which will prevent the partial routing of the signal "s_axi_CTRL_BUS_WDATA[19]". Without this partial route, timing analysis to/from this port will not be accurate, and no routing information for this port can be exported.
WARNING: [Route 35-198] Port "s_axi_CTRL_BUS_WDATA[18]" does not have an associated HD.PARTPIN_LOCS, which will prevent the partial routing of the signal "s_axi_CTRL_BUS_WDATA[18]". Without this partial route, timing analysis to/from this port will not be accurate, and no routing information for this port can be exported.
WARNING: [Route 35-198] Port "s_axi_CTRL_BUS_WDATA[17]" does not have an associated HD.PARTPIN_LOCS, which will prevent the partial routing of the signal "s_axi_CTRL_BUS_WDATA[17]". Without this partial route, timing analysis to/from this port will not be accurate, and no routing information for this port can be exported.
WARNING: [Route 35-198] Port "s_axi_CTRL_BUS_WDATA[16]" does not have an associated HD.PARTPIN_LOCS, which will prevent the partial routing of the signal "s_axi_CTRL_BUS_WDATA[16]". Without this partial route, timing analysis to/from this port will not be accurate, and no routing information for this port can be exported.
WARNING: [Route 35-198] Port "s_axi_CTRL_BUS_WDATA[15]" does not have an associated HD.PARTPIN_LOCS, which will prevent the partial routing of the signal "s_axi_CTRL_BUS_WDATA[15]". Without this partial route, timing analysis to/from this port will not be accurate, and no routing information for this port can be exported.
WARNING: [Route 35-198] Port "s_axi_CTRL_BUS_WDATA[14]" does not have an associated HD.PARTPIN_LOCS, which will prevent the partial routing of the signal "s_axi_CTRL_BUS_WDATA[14]". Without this partial route, timing analysis to/from this port will not be accurate, and no routing information for this port can be exported.
WARNING: [Route 35-198] Port "s_axi_CTRL_BUS_WDATA[13]" does not have an associated HD.PARTPIN_LOCS, which will prevent the partial routing of the signal "s_axi_CTRL_BUS_WDATA[13]". Without this partial route, timing analysis to/from this port will not be accurate, and no routing information for this port can be exported.
WARNING: [Route 35-198] Port "s_axi_CTRL_BUS_WDATA[12]" does not have an associated HD.PARTPIN_LOCS, which will prevent the partial routing of the signal "s_axi_CTRL_BUS_WDATA[12]". Without this partial route, timing analysis to/from this port will not be accurate, and no routing information for this port can be exported.
WARNING: [Route 35-198] Port "s_axi_CTRL_BUS_WDATA[11]" does not have an associated HD.PARTPIN_LOCS, which will prevent the partial routing of the signal "s_axi_CTRL_BUS_WDATA[11]". Without this partial route, timing analysis to/from this port will not be accurate, and no routing information for this port can be exported.
WARNING: [Route 35-198] Port "s_axi_CTRL_BUS_WDATA[10]" does not have an associated HD.PARTPIN_LOCS, which will prevent the partial routing of the signal "s_axi_CTRL_BUS_WDATA[10]". Without this partial route, timing analysis to/from this port will not be accurate, and no routing information for this port can be exported.
WARNING: [Route 35-198] Port "s_axi_CTRL_BUS_WDATA[9]" does not have an associated HD.PARTPIN_LOCS, which will prevent the partial routing of the signal "s_axi_CTRL_BUS_WDATA[9]". Without this partial route, timing analysis to/from this port will not be accurate, and no routing information for this port can be exported.
WARNING: [Route 35-198] Port "s_axi_CTRL_BUS_WDATA[8]" does not have an associated HD.PARTPIN_LOCS, which will prevent the partial routing of the signal "s_axi_CTRL_BUS_WDATA[8]". Without this partial route, timing analysis to/from this port will not be accurate, and no routing information for this port can be exported.
WARNING: [Route 35-198] Port "s_axi_CTRL_BUS_WDATA[7]" does not have an associated HD.PARTPIN_LOCS, which will prevent the partial routing of the signal "s_axi_CTRL_BUS_WDATA[7]". Without this partial route, timing analysis to/from this port will not be accurate, and no routing information for this port can be exported.
WARNING: [Route 35-198] Port "s_axi_CTRL_BUS_WDATA[6]" does not have an associated HD.PARTPIN_LOCS, which will prevent the partial routing of the signal "s_axi_CTRL_BUS_WDATA[6]". Without this partial route, timing analysis to/from this port will not be accurate, and no routing information for this port can be exported.
WARNING: [Route 35-198] Port "s_axi_CTRL_BUS_WDATA[5]" does not have an associated HD.PARTPIN_LOCS, which will prevent the partial routing of the signal "s_axi_CTRL_BUS_WDATA[5]". Without this partial route, timing analysis to/from this port will not be accurate, and no routing information for this port can be exported.
WARNING: [Route 35-198] Port "s_axi_CTRL_BUS_WDATA[4]" does not have an associated HD.PARTPIN_LOCS, which will prevent the partial routing of the signal "s_axi_CTRL_BUS_WDATA[4]". Without this partial route, timing analysis to/from this port will not be accurate, and no routing information for this port can be exported.
WARNING: [Route 35-198] Port "s_axi_CTRL_BUS_WDATA[3]" does not have an associated HD.PARTPIN_LOCS, which will prevent the partial routing of the signal "s_axi_CTRL_BUS_WDATA[3]". Without this partial route, timing analysis to/from this port will not be accurate, and no routing information for this port can be exported.
WARNING: [Route 35-198] Port "s_axi_CTRL_BUS_WDATA[2]" does not have an associated HD.PARTPIN_LOCS, which will prevent the partial routing of the signal "s_axi_CTRL_BUS_WDATA[2]". Without this partial route, timing analysis to/from this port will not be accurate, and no routing information for this port can be exported.
WARNING: [Route 35-198] Port "s_axi_CTRL_BUS_WDATA[1]" does not have an associated HD.PARTPIN_LOCS, which will prevent the partial routing of the signal "s_axi_CTRL_BUS_WDATA[1]". Without this partial route, timing analysis to/from this port will not be accurate, and no routing information for this port can be exported.
WARNING: [Route 35-198] Port "s_axi_CTRL_BUS_WDATA[0]" does not have an associated HD.PARTPIN_LOCS, which will prevent the partial routing of the signal "s_axi_CTRL_BUS_WDATA[0]". Without this partial route, timing analysis to/from this port will not be accurate, and no routing information for this port can be exported.
WARNING: [Route 35-198] Port "ap_rst_n" does not have an associated HD.PARTPIN_LOCS, which will prevent the partial routing of the signal "ap_rst_n". Without this partial route, timing analysis to/from this port will not be accurate, and no routing information for this port can be exported.
WARNING: [Route 35-198] Port "m_axi_CTRL_BUS_ARREADY" does not have an associated HD.PARTPIN_LOCS, which will prevent the partial routing of the signal "m_axi_CTRL_BUS_ARREADY". Without this partial route, timing analysis to/from this port will not be accurate, and no routing information for this port can be exported.
WARNING: [Route 35-198] Port "s_axi_CTRL_BUS_WSTRB[1]" does not have an associated HD.PARTPIN_LOCS, which will prevent the partial routing of the signal "s_axi_CTRL_BUS_WSTRB[1]". Without this partial route, timing analysis to/from this port will not be accurate, and no routing information for this port can be exported.
WARNING: [Route 35-198] Port "s_axi_CTRL_BUS_ARADDR[6]" does not have an associated HD.PARTPIN_LOCS, which will prevent the partial routing of the signal "s_axi_CTRL_BUS_ARADDR[6]". Without this partial route, timing analysis to/from this port will not be accurate, and no routing information for this port can be exported.
WARNING: [Route 35-198] Port "s_axi_CTRL_BUS_ARADDR[7]" does not have an associated HD.PARTPIN_LOCS, which will prevent the partial routing of the signal "s_axi_CTRL_BUS_ARADDR[7]". Without this partial route, timing analysis to/from this port will not be accurate, and no routing information for this port can be exported.
WARNING: [Route 35-198] Port "s_axi_CTRL_BUS_WSTRB[2]" does not have an associated HD.PARTPIN_LOCS, which will prevent the partial routing of the signal "s_axi_CTRL_BUS_WSTRB[2]". Without this partial route, timing analysis to/from this port will not be accurate, and no routing information for this port can be exported.
WARNING: [Route 35-198] Port "s_axi_CTRL_BUS_WSTRB[3]" does not have an associated HD.PARTPIN_LOCS, which will prevent the partial routing of the signal "s_axi_CTRL_BUS_WSTRB[3]". Without this partial route, timing analysis to/from this port will not be accurate, and no routing information for this port can be exported.
WARNING: [Route 35-198] Port "s_axi_CTRL_BUS_ARADDR[5]" does not have an associated HD.PARTPIN_LOCS, which will prevent the partial routing of the signal "s_axi_CTRL_BUS_ARADDR[5]". Without this partial route, timing analysis to/from this port will not be accurate, and no routing information for this port can be exported.
WARNING: [Route 35-198] Port "s_axi_CTRL_BUS_ARADDR[4]" does not have an associated HD.PARTPIN_LOCS, which will prevent the partial routing of the signal "s_axi_CTRL_BUS_ARADDR[4]". Without this partial route, timing analysis to/from this port will not be accurate, and no routing information for this port can be exported.
WARNING: [Route 35-198] Port "s_axi_CTRL_BUS_ARADDR[3]" does not have an associated HD.PARTPIN_LOCS, which will prevent the partial routing of the signal "s_axi_CTRL_BUS_ARADDR[3]". Without this partial route, timing analysis to/from this port will not be accurate, and no routing information for this port can be exported.
WARNING: [Route 35-198] Port "s_axi_CTRL_BUS_WSTRB[0]" does not have an associated HD.PARTPIN_LOCS, which will prevent the partial routing of the signal "s_axi_CTRL_BUS_WSTRB[0]". Without this partial route, timing analysis to/from this port will not be accurate, and no routing information for this port can be exported.
WARNING: [Route 35-198] Port "s_axi_CTRL_BUS_ARVALID" does not have an associated HD.PARTPIN_LOCS, which will prevent the partial routing of the signal "s_axi_CTRL_BUS_ARVALID". Without this partial route, timing analysis to/from this port will not be accurate, and no routing information for this port can be exported.
WARNING: [Route 35-198] Port "s_axi_CTRL_BUS_WVALID" does not have an associated HD.PARTPIN_LOCS, which will prevent the partial routing of the signal "s_axi_CTRL_BUS_WVALID". Without this partial route, timing analysis to/from this port will not be accurate, and no routing information for this port can be exported.
WARNING: [Route 35-198] Port "s_axi_CTRL_BUS_RREADY" does not have an associated HD.PARTPIN_LOCS, which will prevent the partial routing of the signal "s_axi_CTRL_BUS_RREADY". Without this partial route, timing analysis to/from this port will not be accurate, and no routing information for this port can be exported.
WARNING: [Route 35-198] Port "s_axi_CTRL_BUS_ARADDR[2]" does not have an associated HD.PARTPIN_LOCS, which will prevent the partial routing of the signal "s_axi_CTRL_BUS_ARADDR[2]". Without this partial route, timing analysis to/from this port will not be accurate, and no routing information for this port can be exported.
WARNING: [Route 35-198] Port "s_axi_CTRL_BUS_AWADDR[2]" does not have an associated HD.PARTPIN_LOCS, which will prevent the partial routing of the signal "s_axi_CTRL_BUS_AWADDR[2]". Without this partial route, timing analysis to/from this port will not be accurate, and no routing information for this port can be exported.
WARNING: [Route 35-198] Port "s_axi_CTRL_BUS_AWADDR[5]" does not have an associated HD.PARTPIN_LOCS, which will prevent the partial routing of the signal "s_axi_CTRL_BUS_AWADDR[5]". Without this partial route, timing analysis to/from this port will not be accurate, and no routing information for this port can be exported.
WARNING: [Route 35-198] Port "s_axi_CTRL_BUS_AWADDR[7]" does not have an associated HD.PARTPIN_LOCS, which will prevent the partial routing of the signal "s_axi_CTRL_BUS_AWADDR[7]". Without this partial route, timing analysis to/from this port will not be accurate, and no routing information for this port can be exported.
WARNING: [Route 35-198] Port "s_axi_CTRL_BUS_AWADDR[6]" does not have an associated HD.PARTPIN_LOCS, which will prevent the partial routing of the signal "s_axi_CTRL_BUS_AWADDR[6]". Without this partial route, timing analysis to/from this port will not be accurate, and no routing information for this port can be exported.
WARNING: [Route 35-198] Port "s_axi_CTRL_BUS_AWADDR[3]" does not have an associated HD.PARTPIN_LOCS, which will prevent the partial routing of the signal "s_axi_CTRL_BUS_AWADDR[3]". Without this partial route, timing analysis to/from this port will not be accurate, and no routing information for this port can be exported.
WARNING: [Route 35-198] Port "s_axi_CTRL_BUS_AWADDR[4]" does not have an associated HD.PARTPIN_LOCS, which will prevent the partial routing of the signal "s_axi_CTRL_BUS_AWADDR[4]". Without this partial route, timing analysis to/from this port will not be accurate, and no routing information for this port can be exported.
WARNING: [Route 35-198] Port "s_axi_CTRL_BUS_ARADDR[1]" does not have an associated HD.PARTPIN_LOCS, which will prevent the partial routing of the signal "s_axi_CTRL_BUS_ARADDR[1]". Without this partial route, timing analysis to/from this port will not be accurate, and no routing information for this port can be exported.
WARNING: [Route 35-198] Port "s_axi_CTRL_BUS_ARADDR[0]" does not have an associated HD.PARTPIN_LOCS, which will prevent the partial routing of the signal "s_axi_CTRL_BUS_ARADDR[0]". Without this partial route, timing analysis to/from this port will not be accurate, and no routing information for this port can be exported.
WARNING: [Route 35-198] Port "s_axi_CTRL_BUS_AWVALID" does not have an associated HD.PARTPIN_LOCS, which will prevent the partial routing of the signal "s_axi_CTRL_BUS_AWVALID". Without this partial route, timing analysis to/from this port will not be accurate, and no routing information for this port can be exported.
WARNING: [Route 35-198] Port "s_axi_CTRL_BUS_BREADY" does not have an associated HD.PARTPIN_LOCS, which will prevent the partial routing of the signal "s_axi_CTRL_BUS_BREADY". Without this partial route, timing analysis to/from this port will not be accurate, and no routing information for this port can be exported.
WARNING: [Route 35-198] Port "s_axi_CTRL_BUS_AWADDR[0]" does not have an associated HD.PARTPIN_LOCS, which will prevent the partial routing of the signal "s_axi_CTRL_BUS_AWADDR[0]". Without this partial route, timing analysis to/from this port will not be accurate, and no routing information for this port can be exported.
WARNING: [Route 35-198] Port "s_axi_CTRL_BUS_AWADDR[1]" does not have an associated HD.PARTPIN_LOCS, which will prevent the partial routing of the signal "s_axi_CTRL_BUS_AWADDR[1]". Without this partial route, timing analysis to/from this port will not be accurate, and no routing information for this port can be exported.
Phase 1 Build RT Design | Checksum: 13650449c

Time (s): cpu = 00:00:54 ; elapsed = 00:00:55 . Memory (MB): peak = 1451.227 ; gain = 0.000
Post Restoration Checksum: NetGraph: 4d1b4623 NumContArr: e934fe79 Constraints: 0 Timing: 0

Phase 2 Router Initialization

Phase 2.1 Create Timer
Phase 2.1 Create Timer | Checksum: 13650449c

Time (s): cpu = 00:00:55 ; elapsed = 00:00:57 . Memory (MB): peak = 1451.227 ; gain = 0.000

Phase 2.2 Fix Topology Constraints
Phase 2.2 Fix Topology Constraints | Checksum: 13650449c

Time (s): cpu = 00:00:55 ; elapsed = 00:00:58 . Memory (MB): peak = 1451.227 ; gain = 0.000

Phase 2.3 Pre Route Cleanup
Phase 2.3 Pre Route Cleanup | Checksum: 13650449c

Time (s): cpu = 00:00:55 ; elapsed = 00:00:58 . Memory (MB): peak = 1451.227 ; gain = 0.000
 Number of Nodes with overlaps = 0

Phase 2.4 Update Timing
Phase 2.4 Update Timing | Checksum: 1e612fc59

Time (s): cpu = 00:01:04 ; elapsed = 00:01:04 . Memory (MB): peak = 1451.227 ; gain = 0.000
INFO: [Route 35-416] Intermediate Timing Summary | WNS=0.860  | TNS=0.000  | WHS=0.094  | THS=0.000  |

Phase 2 Router Initialization | Checksum: 13f75540e

Time (s): cpu = 00:01:10 ; elapsed = 00:01:08 . Memory (MB): peak = 1504.199 ; gain = 52.973

Phase 3 Initial Routing
Phase 3 Initial Routing | Checksum: 101fa580e

Time (s): cpu = 00:01:15 ; elapsed = 00:01:11 . Memory (MB): peak = 1504.199 ; gain = 52.973

Phase 4 Rip-up And Reroute

Phase 4.1 Global Iteration 0
 Number of Nodes with overlaps = 1231
 Number of Nodes with overlaps = 138
 Number of Nodes with overlaps = 51
 Number of Nodes with overlaps = 24
 Number of Nodes with overlaps = 6
 Number of Nodes with overlaps = 2
 Number of Nodes with overlaps = 1
 Number of Nodes with overlaps = 0
INFO: [Route 35-416] Intermediate Timing Summary | WNS=0.540  | TNS=0.000  | WHS=N/A    | THS=N/A    |

Phase 4.1 Global Iteration 0 | Checksum: 22190dd40

Time (s): cpu = 00:01:37 ; elapsed = 00:01:25 . Memory (MB): peak = 1504.199 ; gain = 52.973
Phase 4 Rip-up And Reroute | Checksum: 22190dd40

Time (s): cpu = 00:01:37 ; elapsed = 00:01:26 . Memory (MB): peak = 1504.199 ; gain = 52.973

Phase 5 Delay and Skew Optimization

Phase 5.1 Delay CleanUp
Phase 5.1 Delay CleanUp | Checksum: 22190dd40

Time (s): cpu = 00:01:37 ; elapsed = 00:01:26 . Memory (MB): peak = 1504.199 ; gain = 52.973

Phase 5.2 Clock Skew Optimization
Phase 5.2 Clock Skew Optimization | Checksum: 22190dd40

Time (s): cpu = 00:01:37 ; elapsed = 00:01:26 . Memory (MB): peak = 1504.199 ; gain = 52.973
Phase 5 Delay and Skew Optimization | Checksum: 22190dd40

Time (s): cpu = 00:01:38 ; elapsed = 00:01:26 . Memory (MB): peak = 1504.199 ; gain = 52.973

Phase 6 Post Hold Fix

Phase 6.1 Hold Fix Iter

Phase 6.1.1 Update Timing
Phase 6.1.1 Update Timing | Checksum: 17d200231

Time (s): cpu = 00:01:39 ; elapsed = 00:01:27 . Memory (MB): peak = 1504.199 ; gain = 52.973
INFO: [Route 35-416] Intermediate Timing Summary | WNS=0.540  | TNS=0.000  | WHS=0.097  | THS=0.000  |

Phase 6.1 Hold Fix Iter | Checksum: 17d200231

Time (s): cpu = 00:01:39 ; elapsed = 00:01:27 . Memory (MB): peak = 1504.199 ; gain = 52.973
Phase 6 Post Hold Fix | Checksum: 17d200231

Time (s): cpu = 00:01:39 ; elapsed = 00:01:27 . Memory (MB): peak = 1504.199 ; gain = 52.973

Phase 7 Route finalize

Router Utilization Summary
  Global Vertical Routing Utilization    = 2.63234 %
  Global Horizontal Routing Utilization  = 3.64816 %
  Routable Net Status*
  *Does not include unroutable nets such as driverless and loadless.
  Run report_route_status for detailed report.
  Number of Failed Nets               = 0
  Number of Unrouted Nets             = 0
  Number of Partially Routed Nets     = 0
  Number of Node Overlaps             = 0

Phase 7 Route finalize | Checksum: 24ea99e78

Time (s): cpu = 00:01:40 ; elapsed = 00:01:27 . Memory (MB): peak = 1504.199 ; gain = 52.973

Phase 8 Verifying routed nets

 Verification completed successfully
Phase 8 Verifying routed nets | Checksum: 24ea99e78

Time (s): cpu = 00:01:40 ; elapsed = 00:01:27 . Memory (MB): peak = 1504.199 ; gain = 52.973

Phase 9 Depositing Routes
Phase 9 Depositing Routes | Checksum: 27d9b8871

Time (s): cpu = 00:01:42 ; elapsed = 00:01:30 . Memory (MB): peak = 1504.199 ; gain = 52.973

Phase 10 Post Router Timing
INFO: [Route 35-57] Estimated Timing Summary | WNS=0.540  | TNS=0.000  | WHS=0.097  | THS=0.000  |

INFO: [Route 35-327] The final timing numbers are based on the router estimated timing analysis. For a complete and accurate timing signoff, please run report_timing_summary.
Phase 10 Post Router Timing | Checksum: 27d9b8871

Time (s): cpu = 00:01:42 ; elapsed = 00:01:30 . Memory (MB): peak = 1504.199 ; gain = 52.973
INFO: [Route 35-16] Router Completed Successfully

Time (s): cpu = 00:01:42 ; elapsed = 00:01:30 . Memory (MB): peak = 1504.199 ; gain = 52.973

Routing Is Done.
INFO: [Common 17-83] Releasing license: Implementation
82 Infos, 97 Warnings, 0 Critical Warnings and 0 Errors encountered.
route_design completed successfully
route_design: Time (s): cpu = 00:01:51 ; elapsed = 00:01:36 . Memory (MB): peak = 1504.199 ; gain = 52.973
INFO: [Timing 38-480] Writing timing data to binary archive.
Writing placer database...
Writing XDEF routing.
Writing XDEF routing logical nets.
Writing XDEF routing special nets.
Write XDEF Complete: Time (s): cpu = 00:00:11 ; elapsed = 00:00:06 . Memory (MB): peak = 1504.199 ; gain = 0.000
INFO: [Common 17-1381] The checkpoint 'C:/Users/jinyee/FYP/RubikCube/190309Kociemba/kociemba/solution1/impl/verilog/project.runs/impl_1/solution_routed.dcp' has been generated.
write_checkpoint: Time (s): cpu = 00:00:13 ; elapsed = 00:00:09 . Memory (MB): peak = 1504.199 ; gain = 0.000
INFO: [runtcl-4] Executing : report_drc -file solution_drc_routed.rpt -pb solution_drc_routed.pb -rpx solution_drc_routed.rpx
Command: report_drc -file solution_drc_routed.rpt -pb solution_drc_routed.pb -rpx solution_drc_routed.rpx
INFO: [DRC 23-27] Running DRC with 2 threads
INFO: [Coretcl 2-168] The results of DRC are in file C:/Users/jinyee/FYP/RubikCube/190309Kociemba/kociemba/solution1/impl/verilog/project.runs/impl_1/solution_drc_routed.rpt.
report_drc completed successfully
report_drc: Time (s): cpu = 00:00:15 ; elapsed = 00:00:09 . Memory (MB): peak = 1504.199 ; gain = 0.000
INFO: [runtcl-4] Executing : report_methodology -file solution_methodology_drc_routed.rpt -pb solution_methodology_drc_routed.pb -rpx solution_methodology_drc_routed.rpx
Command: report_methodology -file solution_methodology_drc_routed.rpt -pb solution_methodology_drc_routed.pb -rpx solution_methodology_drc_routed.rpx
INFO: [Timing 38-35] Done setting XDC timing constraints.
INFO: [Timing 38-35] Done setting XDC timing constraints.
WARNING: [Timing 38-242] The property HD.CLK_SRC of clock port "ap_clk" is not set. In out-of-context mode, this prevents timing estimation for clock delay/skew
Resolution: Set the HD.CLK_SRC property of the out-of-context port to the location of the clock buffer instance in the top-level design
INFO: [DRC 23-133] Running Methodology with 2 threads
INFO: [Coretcl 2-1520] The results of Report Methodology are in file C:/Users/jinyee/FYP/RubikCube/190309Kociemba/kociemba/solution1/impl/verilog/project.runs/impl_1/solution_methodology_drc_routed.rpt.
report_methodology completed successfully
report_methodology: Time (s): cpu = 00:00:20 ; elapsed = 00:00:13 . Memory (MB): peak = 1536.293 ; gain = 32.094
INFO: [runtcl-4] Executing : report_power -file solution_power_routed.rpt -pb solution_power_summary_routed.pb -rpx solution_power_routed.rpx
Command: report_power -file solution_power_routed.rpt -pb solution_power_summary_routed.pb -rpx solution_power_routed.rpx
INFO: [Timing 38-35] Done setting XDC timing constraints.
Running Vector-less Activity Propagation...

Finished Running Vector-less Activity Propagation
94 Infos, 98 Warnings, 0 Critical Warnings and 0 Errors encountered.
report_power completed successfully
report_power: Time (s): cpu = 00:00:13 ; elapsed = 00:00:09 . Memory (MB): peak = 1567.750 ; gain = 31.457
INFO: [runtcl-4] Executing : report_route_status -file solution_route_status.rpt -pb solution_route_status.pb
INFO: [runtcl-4] Executing : report_timing_summary -max_paths 10 -file solution_timing_summary_routed.rpt -pb solution_timing_summary_routed.pb -rpx solution_timing_summary_routed.rpx -warn_on_violation 
INFO: [Timing 38-91] UpdateTimingParams: Speed grade: -1, Delay Type: min_max, Timing Stage: Requireds.
INFO: [Timing 38-191] Multithreading enabled for timing update using a maximum of 2 CPUs
INFO: [runtcl-4] Executing : report_incremental_reuse -file solution_incremental_reuse_routed.rpt
INFO: [Vivado_Tcl 4-545] No incremental reuse to report, no incremental placement and routing data was found.
INFO: [runtcl-4] Executing : report_clock_utilization -file solution_clock_utilization_routed.rpt
INFO: [runtcl-4] Executing : report_bus_skew -warn_on_violation -file solution_bus_skew_routed.rpt -pb solution_bus_skew_routed.pb -rpx solution_bus_skew_routed.rpx
INFO: [Timing 38-91] UpdateTimingParams: Speed grade: -1, Delay Type: min_max, Timing Stage: Requireds.
INFO: [Timing 38-191] Multithreading enabled for timing update using a maximum of 2 CPUs
INFO: [Common 17-206] Exiting Vivado at Sat Mar  9 23:38:44 2019...
