Copyright 1986-2018 Xilinx, Inc. All Rights Reserved.
--------------------------------------------------------------------------------------------------------------------------------------------------------------
| Tool Version : Vivado v.2018.2 (win64) Build 2258646 Thu Jun 14 20:03:12 MDT 2018
| Date         : Sat Mar  9 23:38:27 2019
| Host         : NGJINYEE running 64-bit major release  (build 9200)
| Command      : report_methodology -file solution_methodology_drc_routed.rpt -pb solution_methodology_drc_routed.pb -rpx solution_methodology_drc_routed.rpx
| Design       : solution
| Device       : xc7z020clg400-1
| Speed File   : -1
| Design State : Routed
--------------------------------------------------------------------------------------------------------------------------------------------------------------

Report Methodology

Table of Contents
-----------------
1. REPORT SUMMARY
2. REPORT DETAILS

1. REPORT SUMMARY
-----------------
            Netlist: netlist
          Floorplan: checkpoint_solution
      Design limits: <entire design considered>
             Max violations: <unlimited>
             Violations found: 175
+-----------+----------+-------------------------------+------------+
| Rule      | Severity | Description                   | Violations |
+-----------+----------+-------------------------------+------------+
| TIMING-18 | Warning  | Missing input or output delay | 175        |
+-----------+----------+-------------------------------+------------+

2. REPORT DETAILS
-----------------
TIMING-18#1 Warning
Missing input or output delay  
An input delay is missing on ap_rst_n relative to clock(s) ap_clk
Related violations: <none>

TIMING-18#2 Warning
Missing input or output delay  
An input delay is missing on m_axi_CTRL_BUS_ARREADY relative to clock(s) ap_clk
Related violations: <none>

TIMING-18#3 Warning
Missing input or output delay  
An input delay is missing on m_axi_CTRL_BUS_RDATA[0] relative to clock(s) ap_clk
Related violations: <none>

TIMING-18#4 Warning
Missing input or output delay  
An input delay is missing on m_axi_CTRL_BUS_RDATA[10] relative to clock(s) ap_clk
Related violations: <none>

TIMING-18#5 Warning
Missing input or output delay  
An input delay is missing on m_axi_CTRL_BUS_RDATA[11] relative to clock(s) ap_clk
Related violations: <none>

TIMING-18#6 Warning
Missing input or output delay  
An input delay is missing on m_axi_CTRL_BUS_RDATA[12] relative to clock(s) ap_clk
Related violations: <none>

TIMING-18#7 Warning
Missing input or output delay  
An input delay is missing on m_axi_CTRL_BUS_RDATA[13] relative to clock(s) ap_clk
Related violations: <none>

TIMING-18#8 Warning
Missing input or output delay  
An input delay is missing on m_axi_CTRL_BUS_RDATA[14] relative to clock(s) ap_clk
Related violations: <none>

TIMING-18#9 Warning
Missing input or output delay  
An input delay is missing on m_axi_CTRL_BUS_RDATA[15] relative to clock(s) ap_clk
Related violations: <none>

TIMING-18#10 Warning
Missing input or output delay  
An input delay is missing on m_axi_CTRL_BUS_RDATA[16] relative to clock(s) ap_clk
Related violations: <none>

TIMING-18#11 Warning
Missing input or output delay  
An input delay is missing on m_axi_CTRL_BUS_RDATA[17] relative to clock(s) ap_clk
Related violations: <none>

TIMING-18#12 Warning
Missing input or output delay  
An input delay is missing on m_axi_CTRL_BUS_RDATA[18] relative to clock(s) ap_clk
Related violations: <none>

TIMING-18#13 Warning
Missing input or output delay  
An input delay is missing on m_axi_CTRL_BUS_RDATA[19] relative to clock(s) ap_clk
Related violations: <none>

TIMING-18#14 Warning
Missing input or output delay  
An input delay is missing on m_axi_CTRL_BUS_RDATA[1] relative to clock(s) ap_clk
Related violations: <none>

TIMING-18#15 Warning
Missing input or output delay  
An input delay is missing on m_axi_CTRL_BUS_RDATA[20] relative to clock(s) ap_clk
Related violations: <none>

TIMING-18#16 Warning
Missing input or output delay  
An input delay is missing on m_axi_CTRL_BUS_RDATA[21] relative to clock(s) ap_clk
Related violations: <none>

TIMING-18#17 Warning
Missing input or output delay  
An input delay is missing on m_axi_CTRL_BUS_RDATA[22] relative to clock(s) ap_clk
Related violations: <none>

TIMING-18#18 Warning
Missing input or output delay  
An input delay is missing on m_axi_CTRL_BUS_RDATA[23] relative to clock(s) ap_clk
Related violations: <none>

TIMING-18#19 Warning
Missing input or output delay  
An input delay is missing on m_axi_CTRL_BUS_RDATA[24] relative to clock(s) ap_clk
Related violations: <none>

TIMING-18#20 Warning
Missing input or output delay  
An input delay is missing on m_axi_CTRL_BUS_RDATA[25] relative to clock(s) ap_clk
Related violations: <none>

TIMING-18#21 Warning
Missing input or output delay  
An input delay is missing on m_axi_CTRL_BUS_RDATA[26] relative to clock(s) ap_clk
Related violations: <none>

TIMING-18#22 Warning
Missing input or output delay  
An input delay is missing on m_axi_CTRL_BUS_RDATA[27] relative to clock(s) ap_clk
Related violations: <none>

TIMING-18#23 Warning
Missing input or output delay  
An input delay is missing on m_axi_CTRL_BUS_RDATA[28] relative to clock(s) ap_clk
Related violations: <none>

TIMING-18#24 Warning
Missing input or output delay  
An input delay is missing on m_axi_CTRL_BUS_RDATA[29] relative to clock(s) ap_clk
Related violations: <none>

TIMING-18#25 Warning
Missing input or output delay  
An input delay is missing on m_axi_CTRL_BUS_RDATA[2] relative to clock(s) ap_clk
Related violations: <none>

TIMING-18#26 Warning
Missing input or output delay  
An input delay is missing on m_axi_CTRL_BUS_RDATA[30] relative to clock(s) ap_clk
Related violations: <none>

TIMING-18#27 Warning
Missing input or output delay  
An input delay is missing on m_axi_CTRL_BUS_RDATA[31] relative to clock(s) ap_clk
Related violations: <none>

TIMING-18#28 Warning
Missing input or output delay  
An input delay is missing on m_axi_CTRL_BUS_RDATA[3] relative to clock(s) ap_clk
Related violations: <none>

TIMING-18#29 Warning
Missing input or output delay  
An input delay is missing on m_axi_CTRL_BUS_RDATA[4] relative to clock(s) ap_clk
Related violations: <none>

TIMING-18#30 Warning
Missing input or output delay  
An input delay is missing on m_axi_CTRL_BUS_RDATA[5] relative to clock(s) ap_clk
Related violations: <none>

TIMING-18#31 Warning
Missing input or output delay  
An input delay is missing on m_axi_CTRL_BUS_RDATA[6] relative to clock(s) ap_clk
Related violations: <none>

TIMING-18#32 Warning
Missing input or output delay  
An input delay is missing on m_axi_CTRL_BUS_RDATA[7] relative to clock(s) ap_clk
Related violations: <none>

TIMING-18#33 Warning
Missing input or output delay  
An input delay is missing on m_axi_CTRL_BUS_RDATA[8] relative to clock(s) ap_clk
Related violations: <none>

TIMING-18#34 Warning
Missing input or output delay  
An input delay is missing on m_axi_CTRL_BUS_RDATA[9] relative to clock(s) ap_clk
Related violations: <none>

TIMING-18#35 Warning
Missing input or output delay  
An input delay is missing on m_axi_CTRL_BUS_RLAST relative to clock(s) ap_clk
Related violations: <none>

TIMING-18#36 Warning
Missing input or output delay  
An input delay is missing on m_axi_CTRL_BUS_RRESP[0] relative to clock(s) ap_clk
Related violations: <none>

TIMING-18#37 Warning
Missing input or output delay  
An input delay is missing on m_axi_CTRL_BUS_RRESP[1] relative to clock(s) ap_clk
Related violations: <none>

TIMING-18#38 Warning
Missing input or output delay  
An input delay is missing on m_axi_CTRL_BUS_RVALID relative to clock(s) ap_clk
Related violations: <none>

TIMING-18#39 Warning
Missing input or output delay  
An input delay is missing on s_axi_CTRL_BUS_ARADDR[0] relative to clock(s) ap_clk
Related violations: <none>

TIMING-18#40 Warning
Missing input or output delay  
An input delay is missing on s_axi_CTRL_BUS_ARADDR[1] relative to clock(s) ap_clk
Related violations: <none>

TIMING-18#41 Warning
Missing input or output delay  
An input delay is missing on s_axi_CTRL_BUS_ARADDR[2] relative to clock(s) ap_clk
Related violations: <none>

TIMING-18#42 Warning
Missing input or output delay  
An input delay is missing on s_axi_CTRL_BUS_ARADDR[3] relative to clock(s) ap_clk
Related violations: <none>

TIMING-18#43 Warning
Missing input or output delay  
An input delay is missing on s_axi_CTRL_BUS_ARADDR[4] relative to clock(s) ap_clk
Related violations: <none>

TIMING-18#44 Warning
Missing input or output delay  
An input delay is missing on s_axi_CTRL_BUS_ARADDR[5] relative to clock(s) ap_clk
Related violations: <none>

TIMING-18#45 Warning
Missing input or output delay  
An input delay is missing on s_axi_CTRL_BUS_ARADDR[6] relative to clock(s) ap_clk
Related violations: <none>

TIMING-18#46 Warning
Missing input or output delay  
An input delay is missing on s_axi_CTRL_BUS_ARADDR[7] relative to clock(s) ap_clk
Related violations: <none>

TIMING-18#47 Warning
Missing input or output delay  
An input delay is missing on s_axi_CTRL_BUS_ARVALID relative to clock(s) ap_clk
Related violations: <none>

TIMING-18#48 Warning
Missing input or output delay  
An input delay is missing on s_axi_CTRL_BUS_AWADDR[0] relative to clock(s) ap_clk
Related violations: <none>

TIMING-18#49 Warning
Missing input or output delay  
An input delay is missing on s_axi_CTRL_BUS_AWADDR[1] relative to clock(s) ap_clk
Related violations: <none>

TIMING-18#50 Warning
Missing input or output delay  
An input delay is missing on s_axi_CTRL_BUS_AWADDR[2] relative to clock(s) ap_clk
Related violations: <none>

TIMING-18#51 Warning
Missing input or output delay  
An input delay is missing on s_axi_CTRL_BUS_AWADDR[3] relative to clock(s) ap_clk
Related violations: <none>

TIMING-18#52 Warning
Missing input or output delay  
An input delay is missing on s_axi_CTRL_BUS_AWADDR[4] relative to clock(s) ap_clk
Related violations: <none>

TIMING-18#53 Warning
Missing input or output delay  
An input delay is missing on s_axi_CTRL_BUS_AWADDR[5] relative to clock(s) ap_clk
Related violations: <none>

TIMING-18#54 Warning
Missing input or output delay  
An input delay is missing on s_axi_CTRL_BUS_AWADDR[6] relative to clock(s) ap_clk
Related violations: <none>

TIMING-18#55 Warning
Missing input or output delay  
An input delay is missing on s_axi_CTRL_BUS_AWADDR[7] relative to clock(s) ap_clk
Related violations: <none>

TIMING-18#56 Warning
Missing input or output delay  
An input delay is missing on s_axi_CTRL_BUS_AWVALID relative to clock(s) ap_clk
Related violations: <none>

TIMING-18#57 Warning
Missing input or output delay  
An input delay is missing on s_axi_CTRL_BUS_BREADY relative to clock(s) ap_clk
Related violations: <none>

TIMING-18#58 Warning
Missing input or output delay  
An input delay is missing on s_axi_CTRL_BUS_RREADY relative to clock(s) ap_clk
Related violations: <none>

TIMING-18#59 Warning
Missing input or output delay  
An input delay is missing on s_axi_CTRL_BUS_WDATA[0] relative to clock(s) ap_clk
Related violations: <none>

TIMING-18#60 Warning
Missing input or output delay  
An input delay is missing on s_axi_CTRL_BUS_WDATA[10] relative to clock(s) ap_clk
Related violations: <none>

TIMING-18#61 Warning
Missing input or output delay  
An input delay is missing on s_axi_CTRL_BUS_WDATA[11] relative to clock(s) ap_clk
Related violations: <none>

TIMING-18#62 Warning
Missing input or output delay  
An input delay is missing on s_axi_CTRL_BUS_WDATA[12] relative to clock(s) ap_clk
Related violations: <none>

TIMING-18#63 Warning
Missing input or output delay  
An input delay is missing on s_axi_CTRL_BUS_WDATA[13] relative to clock(s) ap_clk
Related violations: <none>

TIMING-18#64 Warning
Missing input or output delay  
An input delay is missing on s_axi_CTRL_BUS_WDATA[14] relative to clock(s) ap_clk
Related violations: <none>

TIMING-18#65 Warning
Missing input or output delay  
An input delay is missing on s_axi_CTRL_BUS_WDATA[15] relative to clock(s) ap_clk
Related violations: <none>

TIMING-18#66 Warning
Missing input or output delay  
An input delay is missing on s_axi_CTRL_BUS_WDATA[16] relative to clock(s) ap_clk
Related violations: <none>

TIMING-18#67 Warning
Missing input or output delay  
An input delay is missing on s_axi_CTRL_BUS_WDATA[17] relative to clock(s) ap_clk
Related violations: <none>

TIMING-18#68 Warning
Missing input or output delay  
An input delay is missing on s_axi_CTRL_BUS_WDATA[18] relative to clock(s) ap_clk
Related violations: <none>

TIMING-18#69 Warning
Missing input or output delay  
An input delay is missing on s_axi_CTRL_BUS_WDATA[19] relative to clock(s) ap_clk
Related violations: <none>

TIMING-18#70 Warning
Missing input or output delay  
An input delay is missing on s_axi_CTRL_BUS_WDATA[1] relative to clock(s) ap_clk
Related violations: <none>

TIMING-18#71 Warning
Missing input or output delay  
An input delay is missing on s_axi_CTRL_BUS_WDATA[20] relative to clock(s) ap_clk
Related violations: <none>

TIMING-18#72 Warning
Missing input or output delay  
An input delay is missing on s_axi_CTRL_BUS_WDATA[21] relative to clock(s) ap_clk
Related violations: <none>

TIMING-18#73 Warning
Missing input or output delay  
An input delay is missing on s_axi_CTRL_BUS_WDATA[22] relative to clock(s) ap_clk
Related violations: <none>

TIMING-18#74 Warning
Missing input or output delay  
An input delay is missing on s_axi_CTRL_BUS_WDATA[23] relative to clock(s) ap_clk
Related violations: <none>

TIMING-18#75 Warning
Missing input or output delay  
An input delay is missing on s_axi_CTRL_BUS_WDATA[24] relative to clock(s) ap_clk
Related violations: <none>

TIMING-18#76 Warning
Missing input or output delay  
An input delay is missing on s_axi_CTRL_BUS_WDATA[25] relative to clock(s) ap_clk
Related violations: <none>

TIMING-18#77 Warning
Missing input or output delay  
An input delay is missing on s_axi_CTRL_BUS_WDATA[26] relative to clock(s) ap_clk
Related violations: <none>

TIMING-18#78 Warning
Missing input or output delay  
An input delay is missing on s_axi_CTRL_BUS_WDATA[27] relative to clock(s) ap_clk
Related violations: <none>

TIMING-18#79 Warning
Missing input or output delay  
An input delay is missing on s_axi_CTRL_BUS_WDATA[28] relative to clock(s) ap_clk
Related violations: <none>

TIMING-18#80 Warning
Missing input or output delay  
An input delay is missing on s_axi_CTRL_BUS_WDATA[29] relative to clock(s) ap_clk
Related violations: <none>

TIMING-18#81 Warning
Missing input or output delay  
An input delay is missing on s_axi_CTRL_BUS_WDATA[2] relative to clock(s) ap_clk
Related violations: <none>

TIMING-18#82 Warning
Missing input or output delay  
An input delay is missing on s_axi_CTRL_BUS_WDATA[30] relative to clock(s) ap_clk
Related violations: <none>

TIMING-18#83 Warning
Missing input or output delay  
An input delay is missing on s_axi_CTRL_BUS_WDATA[31] relative to clock(s) ap_clk
Related violations: <none>

TIMING-18#84 Warning
Missing input or output delay  
An input delay is missing on s_axi_CTRL_BUS_WDATA[3] relative to clock(s) ap_clk
Related violations: <none>

TIMING-18#85 Warning
Missing input or output delay  
An input delay is missing on s_axi_CTRL_BUS_WDATA[4] relative to clock(s) ap_clk
Related violations: <none>

TIMING-18#86 Warning
Missing input or output delay  
An input delay is missing on s_axi_CTRL_BUS_WDATA[5] relative to clock(s) ap_clk
Related violations: <none>

TIMING-18#87 Warning
Missing input or output delay  
An input delay is missing on s_axi_CTRL_BUS_WDATA[6] relative to clock(s) ap_clk
Related violations: <none>

TIMING-18#88 Warning
Missing input or output delay  
An input delay is missing on s_axi_CTRL_BUS_WDATA[7] relative to clock(s) ap_clk
Related violations: <none>

TIMING-18#89 Warning
Missing input or output delay  
An input delay is missing on s_axi_CTRL_BUS_WDATA[8] relative to clock(s) ap_clk
Related violations: <none>

TIMING-18#90 Warning
Missing input or output delay  
An input delay is missing on s_axi_CTRL_BUS_WDATA[9] relative to clock(s) ap_clk
Related violations: <none>

TIMING-18#91 Warning
Missing input or output delay  
An input delay is missing on s_axi_CTRL_BUS_WSTRB[0] relative to clock(s) ap_clk
Related violations: <none>

TIMING-18#92 Warning
Missing input or output delay  
An input delay is missing on s_axi_CTRL_BUS_WSTRB[1] relative to clock(s) ap_clk
Related violations: <none>

TIMING-18#93 Warning
Missing input or output delay  
An input delay is missing on s_axi_CTRL_BUS_WSTRB[2] relative to clock(s) ap_clk
Related violations: <none>

TIMING-18#94 Warning
Missing input or output delay  
An input delay is missing on s_axi_CTRL_BUS_WSTRB[3] relative to clock(s) ap_clk
Related violations: <none>

TIMING-18#95 Warning
Missing input or output delay  
An input delay is missing on s_axi_CTRL_BUS_WVALID relative to clock(s) ap_clk
Related violations: <none>

TIMING-18#96 Warning
Missing input or output delay  
An output delay is missing on interrupt relative to clock(s) ap_clk
Related violations: <none>

TIMING-18#97 Warning
Missing input or output delay  
An output delay is missing on m_axi_CTRL_BUS_ARADDR[0] relative to clock(s) ap_clk
Related violations: <none>

TIMING-18#98 Warning
Missing input or output delay  
An output delay is missing on m_axi_CTRL_BUS_ARADDR[10] relative to clock(s) ap_clk
Related violations: <none>

TIMING-18#99 Warning
Missing input or output delay  
An output delay is missing on m_axi_CTRL_BUS_ARADDR[11] relative to clock(s) ap_clk
Related violations: <none>

TIMING-18#100 Warning
Missing input or output delay  
An output delay is missing on m_axi_CTRL_BUS_ARADDR[12] relative to clock(s) ap_clk
Related violations: <none>

TIMING-18#101 Warning
Missing input or output delay  
An output delay is missing on m_axi_CTRL_BUS_ARADDR[13] relative to clock(s) ap_clk
Related violations: <none>

TIMING-18#102 Warning
Missing input or output delay  
An output delay is missing on m_axi_CTRL_BUS_ARADDR[14] relative to clock(s) ap_clk
Related violations: <none>

TIMING-18#103 Warning
Missing input or output delay  
An output delay is missing on m_axi_CTRL_BUS_ARADDR[15] relative to clock(s) ap_clk
Related violations: <none>

TIMING-18#104 Warning
Missing input or output delay  
An output delay is missing on m_axi_CTRL_BUS_ARADDR[16] relative to clock(s) ap_clk
Related violations: <none>

TIMING-18#105 Warning
Missing input or output delay  
An output delay is missing on m_axi_CTRL_BUS_ARADDR[17] relative to clock(s) ap_clk
Related violations: <none>

TIMING-18#106 Warning
Missing input or output delay  
An output delay is missing on m_axi_CTRL_BUS_ARADDR[18] relative to clock(s) ap_clk
Related violations: <none>

TIMING-18#107 Warning
Missing input or output delay  
An output delay is missing on m_axi_CTRL_BUS_ARADDR[19] relative to clock(s) ap_clk
Related violations: <none>

TIMING-18#108 Warning
Missing input or output delay  
An output delay is missing on m_axi_CTRL_BUS_ARADDR[1] relative to clock(s) ap_clk
Related violations: <none>

TIMING-18#109 Warning
Missing input or output delay  
An output delay is missing on m_axi_CTRL_BUS_ARADDR[20] relative to clock(s) ap_clk
Related violations: <none>

TIMING-18#110 Warning
Missing input or output delay  
An output delay is missing on m_axi_CTRL_BUS_ARADDR[21] relative to clock(s) ap_clk
Related violations: <none>

TIMING-18#111 Warning
Missing input or output delay  
An output delay is missing on m_axi_CTRL_BUS_ARADDR[22] relative to clock(s) ap_clk
Related violations: <none>

TIMING-18#112 Warning
Missing input or output delay  
An output delay is missing on m_axi_CTRL_BUS_ARADDR[23] relative to clock(s) ap_clk
Related violations: <none>

TIMING-18#113 Warning
Missing input or output delay  
An output delay is missing on m_axi_CTRL_BUS_ARADDR[24] relative to clock(s) ap_clk
Related violations: <none>

TIMING-18#114 Warning
Missing input or output delay  
An output delay is missing on m_axi_CTRL_BUS_ARADDR[25] relative to clock(s) ap_clk
Related violations: <none>

TIMING-18#115 Warning
Missing input or output delay  
An output delay is missing on m_axi_CTRL_BUS_ARADDR[26] relative to clock(s) ap_clk
Related violations: <none>

TIMING-18#116 Warning
Missing input or output delay  
An output delay is missing on m_axi_CTRL_BUS_ARADDR[27] relative to clock(s) ap_clk
Related violations: <none>

TIMING-18#117 Warning
Missing input or output delay  
An output delay is missing on m_axi_CTRL_BUS_ARADDR[28] relative to clock(s) ap_clk
Related violations: <none>

TIMING-18#118 Warning
Missing input or output delay  
An output delay is missing on m_axi_CTRL_BUS_ARADDR[29] relative to clock(s) ap_clk
Related violations: <none>

TIMING-18#119 Warning
Missing input or output delay  
An output delay is missing on m_axi_CTRL_BUS_ARADDR[2] relative to clock(s) ap_clk
Related violations: <none>

TIMING-18#120 Warning
Missing input or output delay  
An output delay is missing on m_axi_CTRL_BUS_ARADDR[30] relative to clock(s) ap_clk
Related violations: <none>

TIMING-18#121 Warning
Missing input or output delay  
An output delay is missing on m_axi_CTRL_BUS_ARADDR[31] relative to clock(s) ap_clk
Related violations: <none>

TIMING-18#122 Warning
Missing input or output delay  
An output delay is missing on m_axi_CTRL_BUS_ARADDR[3] relative to clock(s) ap_clk
Related violations: <none>

TIMING-18#123 Warning
Missing input or output delay  
An output delay is missing on m_axi_CTRL_BUS_ARADDR[4] relative to clock(s) ap_clk
Related violations: <none>

TIMING-18#124 Warning
Missing input or output delay  
An output delay is missing on m_axi_CTRL_BUS_ARADDR[5] relative to clock(s) ap_clk
Related violations: <none>

TIMING-18#125 Warning
Missing input or output delay  
An output delay is missing on m_axi_CTRL_BUS_ARADDR[6] relative to clock(s) ap_clk
Related violations: <none>

TIMING-18#126 Warning
Missing input or output delay  
An output delay is missing on m_axi_CTRL_BUS_ARADDR[7] relative to clock(s) ap_clk
Related violations: <none>

TIMING-18#127 Warning
Missing input or output delay  
An output delay is missing on m_axi_CTRL_BUS_ARADDR[8] relative to clock(s) ap_clk
Related violations: <none>

TIMING-18#128 Warning
Missing input or output delay  
An output delay is missing on m_axi_CTRL_BUS_ARADDR[9] relative to clock(s) ap_clk
Related violations: <none>

TIMING-18#129 Warning
Missing input or output delay  
An output delay is missing on m_axi_CTRL_BUS_ARLEN[0] relative to clock(s) ap_clk
Related violations: <none>

TIMING-18#130 Warning
Missing input or output delay  
An output delay is missing on m_axi_CTRL_BUS_ARLEN[1] relative to clock(s) ap_clk
Related violations: <none>

TIMING-18#131 Warning
Missing input or output delay  
An output delay is missing on m_axi_CTRL_BUS_ARLEN[2] relative to clock(s) ap_clk
Related violations: <none>

TIMING-18#132 Warning
Missing input or output delay  
An output delay is missing on m_axi_CTRL_BUS_ARLEN[3] relative to clock(s) ap_clk
Related violations: <none>

TIMING-18#133 Warning
Missing input or output delay  
An output delay is missing on m_axi_CTRL_BUS_ARLEN[4] relative to clock(s) ap_clk
Related violations: <none>

TIMING-18#134 Warning
Missing input or output delay  
An output delay is missing on m_axi_CTRL_BUS_ARLEN[5] relative to clock(s) ap_clk
Related violations: <none>

TIMING-18#135 Warning
Missing input or output delay  
An output delay is missing on m_axi_CTRL_BUS_ARLEN[6] relative to clock(s) ap_clk
Related violations: <none>

TIMING-18#136 Warning
Missing input or output delay  
An output delay is missing on m_axi_CTRL_BUS_ARLEN[7] relative to clock(s) ap_clk
Related violations: <none>

TIMING-18#137 Warning
Missing input or output delay  
An output delay is missing on m_axi_CTRL_BUS_ARVALID relative to clock(s) ap_clk
Related violations: <none>

TIMING-18#138 Warning
Missing input or output delay  
An output delay is missing on m_axi_CTRL_BUS_RREADY relative to clock(s) ap_clk
Related violations: <none>

TIMING-18#139 Warning
Missing input or output delay  
An output delay is missing on s_axi_CTRL_BUS_ARREADY relative to clock(s) ap_clk
Related violations: <none>

TIMING-18#140 Warning
Missing input or output delay  
An output delay is missing on s_axi_CTRL_BUS_AWREADY relative to clock(s) ap_clk
Related violations: <none>

TIMING-18#141 Warning
Missing input or output delay  
An output delay is missing on s_axi_CTRL_BUS_BVALID relative to clock(s) ap_clk
Related violations: <none>

TIMING-18#142 Warning
Missing input or output delay  
An output delay is missing on s_axi_CTRL_BUS_RDATA[0] relative to clock(s) ap_clk
Related violations: <none>

TIMING-18#143 Warning
Missing input or output delay  
An output delay is missing on s_axi_CTRL_BUS_RDATA[10] relative to clock(s) ap_clk
Related violations: <none>

TIMING-18#144 Warning
Missing input or output delay  
An output delay is missing on s_axi_CTRL_BUS_RDATA[11] relative to clock(s) ap_clk
Related violations: <none>

TIMING-18#145 Warning
Missing input or output delay  
An output delay is missing on s_axi_CTRL_BUS_RDATA[12] relative to clock(s) ap_clk
Related violations: <none>

TIMING-18#146 Warning
Missing input or output delay  
An output delay is missing on s_axi_CTRL_BUS_RDATA[13] relative to clock(s) ap_clk
Related violations: <none>

TIMING-18#147 Warning
Missing input or output delay  
An output delay is missing on s_axi_CTRL_BUS_RDATA[14] relative to clock(s) ap_clk
Related violations: <none>

TIMING-18#148 Warning
Missing input or output delay  
An output delay is missing on s_axi_CTRL_BUS_RDATA[15] relative to clock(s) ap_clk
Related violations: <none>

TIMING-18#149 Warning
Missing input or output delay  
An output delay is missing on s_axi_CTRL_BUS_RDATA[16] relative to clock(s) ap_clk
Related violations: <none>

TIMING-18#150 Warning
Missing input or output delay  
An output delay is missing on s_axi_CTRL_BUS_RDATA[17] relative to clock(s) ap_clk
Related violations: <none>

TIMING-18#151 Warning
Missing input or output delay  
An output delay is missing on s_axi_CTRL_BUS_RDATA[18] relative to clock(s) ap_clk
Related violations: <none>

TIMING-18#152 Warning
Missing input or output delay  
An output delay is missing on s_axi_CTRL_BUS_RDATA[19] relative to clock(s) ap_clk
Related violations: <none>

TIMING-18#153 Warning
Missing input or output delay  
An output delay is missing on s_axi_CTRL_BUS_RDATA[1] relative to clock(s) ap_clk
Related violations: <none>

TIMING-18#154 Warning
Missing input or output delay  
An output delay is missing on s_axi_CTRL_BUS_RDATA[20] relative to clock(s) ap_clk
Related violations: <none>

TIMING-18#155 Warning
Missing input or output delay  
An output delay is missing on s_axi_CTRL_BUS_RDATA[21] relative to clock(s) ap_clk
Related violations: <none>

TIMING-18#156 Warning
Missing input or output delay  
An output delay is missing on s_axi_CTRL_BUS_RDATA[22] relative to clock(s) ap_clk
Related violations: <none>

TIMING-18#157 Warning
Missing input or output delay  
An output delay is missing on s_axi_CTRL_BUS_RDATA[23] relative to clock(s) ap_clk
Related violations: <none>

TIMING-18#158 Warning
Missing input or output delay  
An output delay is missing on s_axi_CTRL_BUS_RDATA[24] relative to clock(s) ap_clk
Related violations: <none>

TIMING-18#159 Warning
Missing input or output delay  
An output delay is missing on s_axi_CTRL_BUS_RDATA[25] relative to clock(s) ap_clk
Related violations: <none>

TIMING-18#160 Warning
Missing input or output delay  
An output delay is missing on s_axi_CTRL_BUS_RDATA[26] relative to clock(s) ap_clk
Related violations: <none>

TIMING-18#161 Warning
Missing input or output delay  
An output delay is missing on s_axi_CTRL_BUS_RDATA[27] relative to clock(s) ap_clk
Related violations: <none>

TIMING-18#162 Warning
Missing input or output delay  
An output delay is missing on s_axi_CTRL_BUS_RDATA[28] relative to clock(s) ap_clk
Related violations: <none>

TIMING-18#163 Warning
Missing input or output delay  
An output delay is missing on s_axi_CTRL_BUS_RDATA[29] relative to clock(s) ap_clk
Related violations: <none>

TIMING-18#164 Warning
Missing input or output delay  
An output delay is missing on s_axi_CTRL_BUS_RDATA[2] relative to clock(s) ap_clk
Related violations: <none>

TIMING-18#165 Warning
Missing input or output delay  
An output delay is missing on s_axi_CTRL_BUS_RDATA[30] relative to clock(s) ap_clk
Related violations: <none>

TIMING-18#166 Warning
Missing input or output delay  
An output delay is missing on s_axi_CTRL_BUS_RDATA[31] relative to clock(s) ap_clk
Related violations: <none>

TIMING-18#167 Warning
Missing input or output delay  
An output delay is missing on s_axi_CTRL_BUS_RDATA[3] relative to clock(s) ap_clk
Related violations: <none>

TIMING-18#168 Warning
Missing input or output delay  
An output delay is missing on s_axi_CTRL_BUS_RDATA[4] relative to clock(s) ap_clk
Related violations: <none>

TIMING-18#169 Warning
Missing input or output delay  
An output delay is missing on s_axi_CTRL_BUS_RDATA[5] relative to clock(s) ap_clk
Related violations: <none>

TIMING-18#170 Warning
Missing input or output delay  
An output delay is missing on s_axi_CTRL_BUS_RDATA[6] relative to clock(s) ap_clk
Related violations: <none>

TIMING-18#171 Warning
Missing input or output delay  
An output delay is missing on s_axi_CTRL_BUS_RDATA[7] relative to clock(s) ap_clk
Related violations: <none>

TIMING-18#172 Warning
Missing input or output delay  
An output delay is missing on s_axi_CTRL_BUS_RDATA[8] relative to clock(s) ap_clk
Related violations: <none>

TIMING-18#173 Warning
Missing input or output delay  
An output delay is missing on s_axi_CTRL_BUS_RDATA[9] relative to clock(s) ap_clk
Related violations: <none>

TIMING-18#174 Warning
Missing input or output delay  
An output delay is missing on s_axi_CTRL_BUS_RVALID relative to clock(s) ap_clk
Related violations: <none>

TIMING-18#175 Warning
Missing input or output delay  
An output delay is missing on s_axi_CTRL_BUS_WREADY relative to clock(s) ap_clk
Related violations: <none>


