Copyright 1986-2018 Xilinx, Inc. All Rights Reserved.
------------------------------------------------------------------------------------
| Tool Version : Vivado v.2018.2 (win64) Build 2258646 Thu Jun 14 20:03:12 MDT 2018
| Date         : Fri Jan  4 20:32:03 2019
| Host         : NGJINYEE running 64-bit major release  (build 9200)
| Command      : report_timing -file ./report/solveCube_timing_synth.rpt
| Design       : solveCube
| Device       : 7z020-clg400
| Speed File   : -1  PRODUCTION 1.11 2014-09-11
------------------------------------------------------------------------------------

Timing Report

Slack (VIOLATED) :        -0.013ns  (required time - arrival time)
  Source:                 grp_solveStage1_fu_332/tmp_51_reg_92_reg[0]/C
                            (rising edge-triggered cell FDRE clocked by ap_clk  {rise@0.000ns fall@6.000ns period=12.000ns})
  Destination:            grp_solveStage1_fu_332/grp_turnCube_fu_60/cubieTemp_V_U/turnCube_cubieTembkb_ram_U/q0_reg[0]/D
                            (rising edge-triggered cell FDRE clocked by ap_clk  {rise@0.000ns fall@6.000ns period=12.000ns})
  Path Group:             ap_clk
  Path Type:              Setup (Max at Slow Process Corner)
  Requirement:            12.000ns  (ap_clk rise@12.000ns - ap_clk rise@0.000ns)
  Data Path Delay:        12.006ns  (logic 2.301ns (19.165%)  route 9.705ns (80.835%))
  Logic Levels:           13  (LUT3=1 LUT4=2 LUT5=3 LUT6=6 RAMD32=1)
  Clock Path Skew:        -0.049ns (DCD - SCD + CPR)
    Destination Clock Delay (DCD):    0.924ns = ( 12.924 - 12.000 ) 
    Source Clock Delay      (SCD):    0.973ns
    Clock Pessimism Removal (CPR):    0.000ns
  Clock Uncertainty:      0.035ns  ((TSJ^2 + TIJ^2)^1/2 + DJ) / 2 + PE
    Total System Jitter     (TSJ):    0.071ns
    Total Input Jitter      (TIJ):    0.000ns
    Discrete Jitter          (DJ):    0.000ns
    Phase Error              (PE):    0.000ns

    Location             Delay type                Incr(ns)  Path(ns)    Netlist Resource(s)
  -------------------------------------------------------------------    -------------------
                         (clock ap_clk rise edge)     0.000     0.000 r  
                                                      0.000     0.000 r  ap_clk (IN)
                         net (fo=2743, unset)         0.973     0.973    grp_solveStage1_fu_332/ap_clk
                         FDRE                                         r  grp_solveStage1_fu_332/tmp_51_reg_92_reg[0]/C
  -------------------------------------------------------------------    -------------------
                         FDRE (Prop_fdre_C_Q)         0.518     1.491 r  grp_solveStage1_fu_332/tmp_51_reg_92_reg[0]/Q
                         net (fo=3, unplaced)         0.824     2.315    grp_solveStage1_fu_332/tmp_51_reg_92_reg[0]_0
                         LUT5 (Prop_lut5_I0_O)        0.295     2.610 r  grp_solveStage1_fu_332/ap_CS_fsm[75]_i_2/O
                         net (fo=3, unplaced)         0.467     3.077    grp_solveStage1_fu_332/ap_CS_fsm[75]_i_2_n_0
                         LUT4 (Prop_lut4_I3_O)        0.124     3.201 f  grp_solveStage1_fu_332/ram_reg_0_31_0_0_i_173__0/O
                         net (fo=11, unplaced)        0.495     3.696    grp_solveStage1_fu_332/ram_reg_0_31_0_0_i_173__0_n_0
                         LUT6 (Prop_lut6_I0_O)        0.124     3.820 f  grp_solveStage1_fu_332/ram_reg_0_31_0_0_i_160__1/O
                         net (fo=42, unplaced)        0.980     4.800    grp_solveStage1_fu_332/ram_reg_0_31_0_0_i_160__1_n_0
                         LUT6 (Prop_lut6_I0_O)        0.124     4.924 r  grp_solveStage1_fu_332/ram_reg_0_31_0_0_i_93__3/O
                         net (fo=64, unplaced)        0.990     5.914    grp_solveStage1_fu_332/grp_turnCube_fu_60/cubieTemp_V_U/turnCube_cubieTembkb_ram_U/ap_CS_fsm_reg[46]
                         LUT6 (Prop_lut6_I1_O)        0.124     6.038 f  grp_solveStage1_fu_332/grp_turnCube_fu_60/cubieTemp_V_U/turnCube_cubieTembkb_ram_U/ram_reg_0_31_0_0_i_130__1/O
                         net (fo=3, unplaced)         0.920     6.958    grp_solveStage1_fu_332/grp_turnCube_fu_60/cubieTemp_V_U/turnCube_cubieTembkb_ram_U/ram_reg_0_31_0_0_i_130__1_n_0
                         LUT3 (Prop_lut3_I0_O)        0.124     7.082 f  grp_solveStage1_fu_332/grp_turnCube_fu_60/cubieTemp_V_U/turnCube_cubieTembkb_ram_U/ram_reg_0_31_0_0_i_103__1/O
                         net (fo=4, unplaced)         0.926     8.008    grp_solveStage1_fu_332/grp_turnCube_fu_60/cubieTemp_V_U/turnCube_cubieTembkb_ram_U/ram_reg_0_31_0_0_i_103__1_n_0
                         LUT4 (Prop_lut4_I0_O)        0.124     8.132 f  grp_solveStage1_fu_332/grp_turnCube_fu_60/cubieTemp_V_U/turnCube_cubieTembkb_ram_U/ram_reg_0_31_0_0_i_69__2/O
                         net (fo=2, unplaced)         0.676     8.808    grp_solveStage1_fu_332/grp_turnCube_fu_60/cubieTemp_V_U/turnCube_cubieTembkb_ram_U/ram_reg_0_31_0_0_i_69__2_n_0
                         LUT6 (Prop_lut6_I2_O)        0.124     8.932 f  grp_solveStage1_fu_332/grp_turnCube_fu_60/cubieTemp_V_U/turnCube_cubieTembkb_ram_U/ram_reg_0_31_0_0_i_117__0/O
                         net (fo=1, unplaced)         0.449     9.381    grp_solveStage1_fu_332/grp_turnCube_fu_60/cubieTemp_V_U/turnCube_cubieTembkb_ram_U/ram_reg_0_31_0_0_i_117__0_n_0
                         LUT6 (Prop_lut6_I0_O)        0.124     9.505 f  grp_solveStage1_fu_332/grp_turnCube_fu_60/cubieTemp_V_U/turnCube_cubieTembkb_ram_U/ram_reg_0_31_0_0_i_29__6/O
                         net (fo=1, unplaced)         0.449     9.954    grp_solveStage1_fu_332/grp_turnCube_fu_60/cubieTemp_V_U/turnCube_cubieTembkb_ram_U/ram_reg_0_31_0_0_i_29__6_n_0
                         LUT6 (Prop_lut6_I0_O)        0.124    10.078 r  grp_solveStage1_fu_332/grp_turnCube_fu_60/cubieTemp_V_U/turnCube_cubieTembkb_ram_U/ram_reg_0_31_0_0_i_5__8/O
                         net (fo=27, unplaced)        0.969    11.047    grp_turnCube_fu_60/cubieTemp_V_U/turnCube_cubieTembkb_ram_U/ram_reg_0_15_0_0__0/A3
                         RAMD32 (Prop_ramd32_RADR3_O)
                                                      0.124    11.171 r  grp_turnCube_fu_60/cubieTemp_V_U/turnCube_cubieTembkb_ram_U/ram_reg_0_15_0_0__0/SP/O
                         net (fo=1, unplaced)         1.111    12.282    grp_solveStage1_fu_332/grp_turnCube_fu_60/ram_reg_7
                         LUT5 (Prop_lut5_I0_O)        0.124    12.406 r  grp_solveStage1_fu_332/grp_turnCube_fu_60/__16/q0[0]_i_2/O
                         net (fo=1, unplaced)         0.449    12.855    grp_solveStage1_fu_332/grp_turnCube_fu_60/cubieTemp_V_U/turnCube_cubieTembkb_ram_U/q00[0]
                         LUT5 (Prop_lut5_I2_O)        0.124    12.979 r  grp_solveStage1_fu_332/grp_turnCube_fu_60/cubieTemp_V_U/turnCube_cubieTembkb_ram_U/q0[0]_i_1__5/O
                         net (fo=1, unplaced)         0.000    12.979    grp_solveStage1_fu_332/grp_turnCube_fu_60/cubieTemp_V_U/turnCube_cubieTembkb_ram_U/q0[0]_i_1__5_n_0
                         FDRE                                         r  grp_solveStage1_fu_332/grp_turnCube_fu_60/cubieTemp_V_U/turnCube_cubieTembkb_ram_U/q0_reg[0]/D
  -------------------------------------------------------------------    -------------------

                         (clock ap_clk rise edge)    12.000    12.000 r  
                                                      0.000    12.000 r  ap_clk (IN)
                         net (fo=2743, unset)         0.924    12.924    grp_solveStage1_fu_332/grp_turnCube_fu_60/cubieTemp_V_U/turnCube_cubieTembkb_ram_U/ap_clk
                         FDRE                                         r  grp_solveStage1_fu_332/grp_turnCube_fu_60/cubieTemp_V_U/turnCube_cubieTembkb_ram_U/q0_reg[0]/C
                         clock pessimism              0.000    12.924    
                         clock uncertainty           -0.035    12.889    
                         FDRE (Setup_fdre_C_D)        0.077    12.966    grp_solveStage1_fu_332/grp_turnCube_fu_60/cubieTemp_V_U/turnCube_cubieTembkb_ram_U/q0_reg[0]
  -------------------------------------------------------------------
                         required time                         12.966    
                         arrival time                         -12.979    
  -------------------------------------------------------------------
                         slack                                 -0.013    




