

================================================================
== Vivado HLS Report for 'findCorner'
================================================================
* Date:           Fri Jan  4 20:12:45 2019

* Version:        2018.2 (Build 2258646 on Thu Jun 14 20:25:20 MDT 2018)
* Project:        Rubik_Cube_Layer_All
* Solution:       solution1
* Product family: zynq
* Target device:  xc7z020clg400-1


================================================================
== Performance Estimates
================================================================
+ Timing (ns): 
    * Summary: 
    +--------+-------+----------+------------+
    |  Clock | Target| Estimated| Uncertainty|
    +--------+-------+----------+------------+
    |ap_clk  |  12.00|     5.500|        1.50|
    +--------+-------+----------+------------+

+ Latency (clock cycles): 
    * Summary: 
    +-----+-----+-----+-----+---------+
    |  Latency  |  Interval | Pipeline|
    | min | max | min | max |   Type  |
    +-----+-----+-----+-----+---------+
    |   12|   12|   12|   12|   none  |
    +-----+-----+-----+-----+---------+

    + Detail: 
        * Instance: 
        N/A

        * Loop: 
        N/A



================================================================
== Utilization Estimates
================================================================
* Summary: 
+-----------------+---------+-------+--------+-------+
|       Name      | BRAM_18K| DSP48E|   FF   |  LUT  |
+-----------------+---------+-------+--------+-------+
|DSP              |        -|      -|       -|      -|
|Expression       |        -|      -|       0|    265|
|FIFO             |        -|      -|       -|      -|
|Instance         |        -|      -|       -|      -|
|Memory           |        -|      -|       -|      -|
|Multiplexer      |        -|      -|       -|    189|
|Register         |        -|      -|      43|      -|
+-----------------+---------+-------+--------+-------+
|Total            |        0|      0|      43|    454|
+-----------------+---------+-------+--------+-------+
|Available        |      280|    220|  106400|  53200|
+-----------------+---------+-------+--------+-------+
|Utilization (%)  |        0|      0|   ~0   |   ~0  |
+-----------------+---------+-------+--------+-------+

+ Detail: 
    * Instance: 
    N/A

    * DSP48: 
    N/A

    * Memory: 
    N/A

    * FIFO: 
    N/A

    * Expression: 
    +----------------------------+----------+-------+---+----+------------+------------+
    |        Variable Name       | Operation| DSP48E| FF| LUT| Bitwidth P0| Bitwidth P1|
    +----------------------------+----------+-------+---+----+------------+------------+
    |agg_result_V_fu_231_p2      |    and   |      0|  0|   2|           1|           1|
    |sel_tmp10_fu_322_p2         |    and   |      0|  0|   2|           1|           1|
    |sel_tmp12_fu_438_p2         |    and   |      0|  0|   2|           1|           1|
    |sel_tmp13_fu_512_p2         |    and   |      0|  0|   2|           1|           1|
    |sel_tmp14_fu_549_p2         |    and   |      0|  0|   2|           1|           1|
    |sel_tmp15_fu_627_p2         |    and   |      0|  0|   2|           1|           1|
    |sel_tmp2_fu_225_p2          |    and   |      0|  0|   2|           1|           1|
    |sel_tmp6_fu_284_p2          |    and   |      0|  0|   2|           1|           1|
    |sel_tmp_fu_400_p2           |    and   |      0|  0|   2|           1|           1|
    |grp_fu_117_p2               |   icmp   |      0|  0|   9|           3|           1|
    |grp_fu_123_p2               |   icmp   |      0|  0|   9|           3|           3|
    |grp_fu_129_p2               |   icmp   |      0|  0|   9|           3|           3|
    |grp_fu_135_p2               |   icmp   |      0|  0|   9|           3|           1|
    |grp_fu_141_p2               |   icmp   |      0|  0|   9|           3|           3|
    |grp_fu_146_p2               |   icmp   |      0|  0|   9|           3|           3|
    |grp_fu_156_p2               |   icmp   |      0|  0|   9|           3|           1|
    |grp_fu_162_p2               |   icmp   |      0|  0|   9|           3|           3|
    |grp_fu_168_p2               |   icmp   |      0|  0|   9|           3|           3|
    |tmp_132_fu_186_p2           |   icmp   |      0|  0|   9|           3|           1|
    |tmp_133_fu_191_p2           |   icmp   |      0|  0|   9|           3|           3|
    |tmp_134_fu_196_p2           |   icmp   |      0|  0|   9|           3|           3|
    |or_cond11_fu_270_p2         |    or    |      0|  0|   2|           1|           1|
    |or_cond13_fu_304_p2         |    or    |      0|  0|   2|           1|           1|
    |or_cond15_fu_316_p2         |    or    |      0|  0|   2|           1|           1|
    |or_cond17_fu_334_p2         |    or    |      0|  0|   2|           1|           1|
    |or_cond19_fu_362_p2         |    or    |      0|  0|   2|           1|           1|
    |or_cond1_fu_180_p2          |    or    |      0|  0|   2|           1|           1|
    |or_cond21_fu_374_p2         |    or    |      0|  0|   2|           1|           1|
    |or_cond23_fu_386_p2         |    or    |      0|  0|   2|           1|           1|
    |or_cond24_fu_432_p2         |    or    |      0|  0|   2|           1|           1|
    |or_cond25_fu_450_p2         |    or    |      0|  0|   2|           1|           1|
    |or_cond26_fu_475_p2         |    or    |      0|  0|   2|           1|           1|
    |or_cond27_fu_487_p2         |    or    |      0|  0|   2|           1|           1|
    |or_cond28_fu_499_p2         |    or    |      0|  0|   2|           1|           1|
    |or_cond29_fu_531_p2         |    or    |      0|  0|   2|           1|           1|
    |or_cond30_fu_543_p2         |    or    |      0|  0|   2|           1|           1|
    |or_cond31_fu_561_p2         |    or    |      0|  0|   2|           1|           1|
    |or_cond32_fu_589_p2         |    or    |      0|  0|   2|           1|           1|
    |or_cond33_fu_601_p2         |    or    |      0|  0|   2|           1|           1|
    |or_cond34_fu_613_p2         |    or    |      0|  0|   2|           1|           1|
    |or_cond3_fu_207_p2          |    or    |      0|  0|   2|           1|           1|
    |or_cond5_fu_219_p2          |    or    |      0|  0|   2|           1|           1|
    |or_cond7_fu_246_p2          |    or    |      0|  0|   2|           1|           1|
    |or_cond9_fu_258_p2          |    or    |      0|  0|   2|           1|           1|
    |or_cond_fu_420_p2           |    or    |      0|  0|   2|           1|           1|
    |tmp10_fu_356_p2             |    or    |      0|  0|   2|           1|           1|
    |tmp11_fu_368_p2             |    or    |      0|  0|   2|           1|           1|
    |tmp12_fu_380_p2             |    or    |      0|  0|   2|           1|           1|
    |tmp13_fu_414_p2             |    or    |      0|  0|   2|           1|           1|
    |tmp14_fu_426_p2             |    or    |      0|  0|   2|           1|           1|
    |tmp15_fu_444_p2             |    or    |      0|  0|   2|           1|           1|
    |tmp16_fu_469_p2             |    or    |      0|  0|   2|           1|           1|
    |tmp17_fu_481_p2             |    or    |      0|  0|   2|           1|           1|
    |tmp18_fu_493_p2             |    or    |      0|  0|   2|           1|           1|
    |tmp19_fu_525_p2             |    or    |      0|  0|   2|           1|           1|
    |tmp1_fu_174_p2              |    or    |      0|  0|   2|           1|           1|
    |tmp20_fu_537_p2             |    or    |      0|  0|   2|           1|           1|
    |tmp21_fu_555_p2             |    or    |      0|  0|   2|           1|           1|
    |tmp22_fu_583_p2             |    or    |      0|  0|   2|           1|           1|
    |tmp23_fu_595_p2             |    or    |      0|  0|   2|           1|           1|
    |tmp24_fu_607_p2             |    or    |      0|  0|   2|           1|           1|
    |tmp2_fu_201_p2              |    or    |      0|  0|   2|           1|           1|
    |tmp3_fu_213_p2              |    or    |      0|  0|   2|           1|           1|
    |tmp4_fu_240_p2              |    or    |      0|  0|   2|           1|           1|
    |tmp5_fu_252_p2              |    or    |      0|  0|   2|           1|           1|
    |tmp6_fu_264_p2              |    or    |      0|  0|   2|           1|           1|
    |tmp7_fu_298_p2              |    or    |      0|  0|   2|           1|           1|
    |tmp8_fu_310_p2              |    or    |      0|  0|   2|           1|           1|
    |tmp9_fu_328_p2              |    or    |      0|  0|   2|           1|           1|
    |UnifiedRetVal_fu_633_p3     |  select  |      0|  0|   4|           1|           4|
    |agg_result_V_1_fu_290_p3    |  select  |      0|  0|   2|           1|           2|
    |agg_result_V_2_fu_347_p3    |  select  |      0|  0|   2|           1|           2|
    |agg_result_V_3_fu_406_p3    |  select  |      0|  0|   3|           1|           3|
    |agg_result_V_4_fu_463_p3    |  select  |      0|  0|   3|           1|           3|
    |agg_result_V_5_fu_518_p3    |  select  |      0|  0|   3|           1|           3|
    |agg_result_V_6_fu_574_p3    |  select  |      0|  0|   3|           1|           3|
    |p_agg_result_V_1_fu_340_p3  |  select  |      0|  0|   2|           1|           2|
    |p_agg_result_V_2_fu_392_p3  |  select  |      0|  0|   4|           1|           4|
    |p_agg_result_V_3_fu_456_p3  |  select  |      0|  0|   3|           1|           3|
    |p_agg_result_V_4_fu_505_p3  |  select  |      0|  0|   3|           1|           3|
    |p_agg_result_V_5_fu_567_p3  |  select  |      0|  0|   3|           1|           2|
    |p_agg_result_V_6_fu_619_p3  |  select  |      0|  0|   5|           1|           5|
    |p_agg_result_V_fu_276_p3    |  select  |      0|  0|   3|           1|           3|
    +----------------------------+----------+-------+---+----+------------+------------+
    |Total                       |          |      0|  0| 265|         107|         127|
    +----------------------------+----------+-------+---+----+------------+------------+

    * Multiplexer: 
    +-----------------------+----+-----------+-----+-----------+
    |          Name         | LUT| Input Size| Bits| Total Bits|
    +-----------------------+----+-----------+-----+-----------+
    |ap_NS_fsm              |  59|         14|    1|         14|
    |ap_return              |   9|          2|    4|          8|
    |cubieColor_V_address0  |  56|         13|    6|         78|
    |cubieColor_V_address1  |  56|         13|    6|         78|
    |reg_151                |   9|          2|    3|          6|
    +-----------------------+----+-----------+-----+-----------+
    |Total                  | 189|         44|   20|        184|
    +-----------------------+----+-----------+-----+-----------+

    * Register: 
    +-------------------------------+----+----+-----+-----------+
    |              Name             | FF | LUT| Bits| Const Bits|
    +-------------------------------+----+----+-----+-----------+
    |agg_result_V_1_reg_667         |   2|   0|    2|          0|
    |agg_result_V_2_reg_678         |   2|   0|    2|          0|
    |agg_result_V_3_reg_683         |   3|   0|    3|          0|
    |agg_result_V_4_reg_694         |   3|   0|    3|          0|
    |agg_result_V_5_reg_700         |   3|   0|    3|          0|
    |agg_result_V_6_reg_711         |   3|   0|    3|          0|
    |agg_result_V_reg_662           |   1|   0|    1|          0|
    |ap_CS_fsm                      |  13|   0|   13|          0|
    |ap_return_preg                 |   4|   0|    4|          0|
    |cubieColor_V_load_108_reg_641  |   3|   0|    3|          0|
    |reg_151                        |   3|   0|    3|          0|
    |sel_tmp10_reg_673              |   1|   0|    1|          0|
    |sel_tmp12_reg_689              |   1|   0|    1|          0|
    |sel_tmp14_reg_706              |   1|   0|    1|          0|
    +-------------------------------+----+----+-----+-----------+
    |Total                          |  43|   0|   43|          0|
    +-------------------------------+----+----+-----+-----------+



================================================================
== Interface
================================================================
* Summary: 
+-----------------------+-----+-----+------------+--------------+--------------+
|       RTL Ports       | Dir | Bits|  Protocol  | Source Object|    C Type    |
+-----------------------+-----+-----+------------+--------------+--------------+
|ap_clk                 |  in |    1| ap_ctrl_hs |  findCorner  | return value |
|ap_rst                 |  in |    1| ap_ctrl_hs |  findCorner  | return value |
|ap_start               |  in |    1| ap_ctrl_hs |  findCorner  | return value |
|ap_done                | out |    1| ap_ctrl_hs |  findCorner  | return value |
|ap_idle                | out |    1| ap_ctrl_hs |  findCorner  | return value |
|ap_ready               | out |    1| ap_ctrl_hs |  findCorner  | return value |
|ap_return              | out |    4| ap_ctrl_hs |  findCorner  | return value |
|sCC_V                  |  in |    3|   ap_none  |     sCC_V    |    scalar    |
|tCC_V                  |  in |    3|   ap_none  |     tCC_V    |    scalar    |
|cubieColor_V_address0  | out |    6|  ap_memory | cubieColor_V |     array    |
|cubieColor_V_ce0       | out |    1|  ap_memory | cubieColor_V |     array    |
|cubieColor_V_q0        |  in |    3|  ap_memory | cubieColor_V |     array    |
|cubieColor_V_address1  | out |    6|  ap_memory | cubieColor_V |     array    |
|cubieColor_V_ce1       | out |    1|  ap_memory | cubieColor_V |     array    |
|cubieColor_V_q1        |  in |    3|  ap_memory | cubieColor_V |     array    |
+-----------------------+-----+-----+------------+--------------+--------------+

