

================================================================
== Vivado HLS Report for 'rotateCubeHorizontal'
================================================================
* Date:           Fri Jan  4 20:12:42 2019

* Version:        2018.2 (Build 2258646 on Thu Jun 14 20:25:20 MDT 2018)
* Project:        Rubik_Cube_Layer_All
* Solution:       solution1
* Product family: zynq
* Target device:  xc7z020clg400-1


================================================================
== Performance Estimates
================================================================
+ Timing (ns): 
    * Summary: 
    +--------+-------+----------+------------+
    |  Clock | Target| Estimated| Uncertainty|
    +--------+-------+----------+------------+
    |ap_clk  |  12.00|     6.106|        1.50|
    +--------+-------+----------+------------+

+ Latency (clock cycles): 
    * Summary: 
    +-----+-----+-----+-----+---------+
    |  Latency  |  Interval | Pipeline|
    | min | max | min | max |   Type  |
    +-----+-----+-----+-----+---------+
    |  148|  148|  148|  148|   none  |
    +-----+-----+-----+-----+---------+

    + Detail: 
        * Instance: 
        N/A

        * Loop: 
        +----------------------------------+-----+-----+----------+-----------+-----------+------+----------+
        |                                  |  Latency  | Iteration|  Initiation Interval  | Trip |          |
        |             Loop Name            | min | max |  Latency |  achieved |   target  | Count| Pipelined|
        +----------------------------------+-----+-----+----------+-----------+-----------+------+----------+
        |- rotateCubeHorizontal_label1     |  120|  120|        20|          -|          -|     6|    no    |
        | + rotateCubeHorizontal_label1.1  |   18|   18|         2|          -|          -|     9|    no    |
        +----------------------------------+-----+-----+----------+-----------+-----------+------+----------+



================================================================
== Utilization Estimates
================================================================
* Summary: 
+-----------------+---------+-------+--------+-------+
|       Name      | BRAM_18K| DSP48E|   FF   |  LUT  |
+-----------------+---------+-------+--------+-------+
|DSP              |        -|      -|       -|      -|
|Expression       |        -|      -|       0|    103|
|FIFO             |        -|      -|       -|      -|
|Instance         |        -|      -|       -|      -|
|Memory           |        0|      -|       6|      3|
|Multiplexer      |        -|      -|       -|    696|
|Register         |        -|      -|      59|      -|
+-----------------+---------+-------+--------+-------+
|Total            |        0|      0|      65|    802|
+-----------------+---------+-------+--------+-------+
|Available        |      280|    220|  106400|  53200|
+-----------------+---------+-------+--------+-------+
|Utilization (%)  |        0|      0|   ~0   |      1|
+-----------------+---------+-------+--------+-------+

+ Detail: 
    * Instance: 
    N/A

    * DSP48: 
    N/A

    * Memory: 
    +---------------+----------------------+---------+---+----+------+-----+------+-------------+
    |     Memory    |        Module        | BRAM_18K| FF| LUT| Words| Bits| Banks| W*Bits*Banks|
    +---------------+----------------------+---------+---+----+------+-----+------+-------------+
    |cubieTemp_V_U  |turnCube_cubieTembkb  |        0|  6|   3|    54|    3|     1|          162|
    +---------------+----------------------+---------+---+----+------+-----+------+-------------+
    |Total          |                      |        0|  6|   3|    54|    3|     1|          162|
    +---------------+----------------------+---------+---+----+------+-----+------+-------------+

    * FIFO: 
    N/A

    * Expression: 
    +--------------------------------+----------+-------+---+----+------------+------------+
    |          Variable Name         | Operation| DSP48E| FF| LUT| Bitwidth P0| Bitwidth P1|
    +--------------------------------+----------+-------+---+----+------------+------------+
    |i_V_fu_851_p2                   |     +    |      0|  0|  12|           3|           1|
    |j_V_fu_885_p2                   |     +    |      0|  0|  13|           4|           1|
    |moveCounter_V_assign_fu_818_p2  |     +    |      0|  0|  15|           8|           1|
    |r_V_fu_834_p2                   |     +    |      0|  0|  15|           9|           2|
    |tmp_12_fu_873_p2                |     +    |      0|  0|  15|           7|           7|
    |tmp_13_fu_895_p2                |     +    |      0|  0|  15|           7|           7|
    |tmp_64_fu_845_p2                |   icmp   |      0|  0|   9|           3|           3|
    |tmp_65_fu_879_p2                |   icmp   |      0|  0|   9|           4|           4|
    +--------------------------------+----------+-------+---+----+------------+------------+
    |Total                           |          |      0|  0| 103|          45|          26|
    +--------------------------------+----------+-------+---+----+------------+------------+

    * Multiplexer: 
    +-----------------------+-----+-----------+-----+-----------+
    |          Name         | LUT | Input Size| Bits| Total Bits|
    +-----------------------+-----+-----------+-----+-----------+
    |ap_NS_fsm              |  145|         32|    1|         32|
    |cubieColor_V_address0  |  133|         29|    6|        174|
    |cubieColor_V_address1  |  129|         28|    6|        168|
    |cubieTemp_V_address0   |  133|         29|    6|        174|
    |cubieTemp_V_address1   |  129|         28|    6|        168|
    |moveCounter_V_o        |    9|          2|    8|         16|
    |p_4_reg_803            |    9|          2|    4|          8|
    |p_s_reg_792            |    9|          2|    3|          6|
    +-----------------------+-----+-----------+-----+-----------+
    |Total                  |  696|        152|   40|        746|
    +-----------------------+-----+-----------+-----+-----------+

    * Register: 
    +----------------------+----+----+-----+-----------+
    |         Name         | FF | LUT| Bits| Const Bits|
    +----------------------+----+----+-----+-----------+
    |ap_CS_fsm             |  31|   0|   31|          0|
    |i_V_reg_1178          |   3|   0|    3|          0|
    |j_V_reg_1191          |   4|   0|    4|          0|
    |p_4_reg_803           |   4|   0|    4|          0|
    |p_s_reg_792           |   3|   0|    3|          0|
    |tmp_12_reg_1183       |   7|   0|    7|          0|
    |tmp_13_cast_reg_1196  |   7|   0|   64|         57|
    +----------------------+----+----+-----+-----------+
    |Total                 |  59|   0|  116|         57|
    +----------------------+----+----+-----+-----------+



================================================================
== Interface
================================================================
* Summary: 
+------------------------+-----+-----+------------+----------------------+--------------+
|        RTL Ports       | Dir | Bits|  Protocol  |     Source Object    |    C Type    |
+------------------------+-----+-----+------------+----------------------+--------------+
|ap_clk                  |  in |    1| ap_ctrl_hs | rotateCubeHorizontal | return value |
|ap_rst                  |  in |    1| ap_ctrl_hs | rotateCubeHorizontal | return value |
|ap_start                |  in |    1| ap_ctrl_hs | rotateCubeHorizontal | return value |
|ap_done                 | out |    1| ap_ctrl_hs | rotateCubeHorizontal | return value |
|ap_idle                 | out |    1| ap_ctrl_hs | rotateCubeHorizontal | return value |
|ap_ready                | out |    1| ap_ctrl_hs | rotateCubeHorizontal | return value |
|moveCounter_V_i         |  in |    8|   ap_ovld  |     moveCounter_V    |    pointer   |
|moveCounter_V_o         | out |    8|   ap_ovld  |     moveCounter_V    |    pointer   |
|moveCounter_V_o_ap_vld  | out |    1|   ap_ovld  |     moveCounter_V    |    pointer   |
|moves_V_address0        | out |    8|  ap_memory |        moves_V       |     array    |
|moves_V_ce0             | out |    1|  ap_memory |        moves_V       |     array    |
|moves_V_we0             | out |    1|  ap_memory |        moves_V       |     array    |
|moves_V_d0              | out |    4|  ap_memory |        moves_V       |     array    |
|cubieColor_V_address0   | out |    6|  ap_memory |     cubieColor_V     |     array    |
|cubieColor_V_ce0        | out |    1|  ap_memory |     cubieColor_V     |     array    |
|cubieColor_V_we0        | out |    1|  ap_memory |     cubieColor_V     |     array    |
|cubieColor_V_d0         | out |    3|  ap_memory |     cubieColor_V     |     array    |
|cubieColor_V_q0         |  in |    3|  ap_memory |     cubieColor_V     |     array    |
|cubieColor_V_address1   | out |    6|  ap_memory |     cubieColor_V     |     array    |
|cubieColor_V_ce1        | out |    1|  ap_memory |     cubieColor_V     |     array    |
|cubieColor_V_we1        | out |    1|  ap_memory |     cubieColor_V     |     array    |
|cubieColor_V_d1         | out |    3|  ap_memory |     cubieColor_V     |     array    |
+------------------------+-----+-----+------------+----------------------+--------------+

