

================================================================
== Vivado HLS Report for 'solveStage3a'
================================================================
* Date:           Fri Jan  4 20:12:52 2019

* Version:        2018.2 (Build 2258646 on Thu Jun 14 20:25:20 MDT 2018)
* Project:        Rubik_Cube_Layer_All
* Solution:       solution1
* Product family: zynq
* Target device:  xc7z020clg400-1


================================================================
== Performance Estimates
================================================================
+ Timing (ns): 
    * Summary: 
    +--------+-------+----------+------------+
    |  Clock | Target| Estimated| Uncertainty|
    +--------+-------+----------+------------+
    |ap_clk  |  12.00|     6.648|        1.50|
    +--------+-------+----------+------------+

+ Latency (clock cycles): 
    * Summary: 
    +-----+-----+-----+-----+---------+
    |  Latency  |  Interval | Pipeline|
    | min | max | min | max |   Type  |
    +-----+-----+-----+-----+---------+
    |    ?|    ?|    ?|    ?|   none  |
    +-----+-----+-----+-----+---------+

    + Detail: 
        * Instance: 
        +--------------------+----------+-----+-----+-----+-----+---------+
        |                    |          |  Latency  |  Interval | Pipeline|
        |      Instance      |  Module  | min | max | min | max |   Type  |
        +--------------------+----------+-----+-----+-----+-----+---------+
        |grp_turnCube_fu_72  |turnCube  |  122|  132|  122|  132|   none  |
        +--------------------+----------+-----+-----+-----+-----+---------+

        * Loop: 
        +----------+-----+-----+-----------+-----------+-----------+------+----------+
        |          |  Latency  | Iteration |  Initiation Interval  | Trip |          |
        | Loop Name| min | max |  Latency  |  achieved |   target  | Count| Pipelined|
        +----------+-----+-----+-----------+-----------+-----------+------+----------+
        |- Loop 1  |    ?|    ?| 15 ~ 9679 |          -|          -|     ?|    no    |
        +----------+-----+-----+-----------+-----------+-----------+------+----------+



================================================================
== Utilization Estimates
================================================================
* Summary: 
+-----------------+---------+-------+--------+-------+
|       Name      | BRAM_18K| DSP48E|   FF   |  LUT  |
+-----------------+---------+-------+--------+-------+
|DSP              |        -|      -|       -|      -|
|Expression       |        -|      -|       0|    131|
|FIFO             |        -|      -|       -|      -|
|Instance         |        0|      -|      49|   1074|
|Memory           |        -|      -|       -|      -|
|Multiplexer      |        -|      -|       -|    998|
|Register         |        -|      -|     210|      -|
+-----------------+---------+-------+--------+-------+
|Total            |        0|      0|     259|   2203|
+-----------------+---------+-------+--------+-------+
|Available        |      280|    220|  106400|  53200|
+-----------------+---------+-------+--------+-------+
|Utilization (%)  |        0|      0|   ~0   |      4|
+-----------------+---------+-------+--------+-------+

+ Detail: 
    * Instance: 
    +--------------------+----------+---------+-------+----+------+
    |      Instance      |  Module  | BRAM_18K| DSP48E| FF |  LUT |
    +--------------------+----------+---------+-------+----+------+
    |grp_turnCube_fu_72  |turnCube  |        0|      0|  49|  1074|
    +--------------------+----------+---------+-------+----+------+
    |Total               |          |        0|      0|  49|  1074|
    +--------------------+----------+---------+-------+----+------+

    * DSP48: 
    N/A

    * Memory: 
    N/A

    * FIFO: 
    N/A

    * Expression: 
    +-----------------------------------+----------+-------+---+----+------------+------------+
    |           Variable Name           | Operation| DSP48E| FF| LUT| Bitwidth P0| Bitwidth P1|
    +-----------------------------------+----------+-------+---+----+------------+------------+
    |ap_block_state115_on_subcall_done  |    and   |      0|  0|   2|           1|           1|
    |ap_block_state135_on_subcall_done  |    and   |      0|  0|   2|           1|           1|
    |ap_block_state156_on_subcall_done  |    and   |      0|  0|   2|           1|           1|
    |ap_block_state176_on_subcall_done  |    and   |      0|  0|   2|           1|           1|
    |ap_block_state35_on_subcall_done   |    and   |      0|  0|   2|           1|           1|
    |ap_block_state57_on_subcall_done   |    and   |      0|  0|   2|           1|           1|
    |ap_block_state76_on_subcall_done   |    and   |      0|  0|   2|           1|           1|
    |ap_block_state94_on_subcall_done   |    and   |      0|  0|   2|           1|           1|
    |ap_predicate_op290_call_state57    |    and   |      0|  0|   2|           1|           1|
    |ap_predicate_op343_call_state94    |    and   |      0|  0|   2|           1|           1|
    |ap_predicate_op400_call_state135   |    and   |      0|  0|   2|           1|           1|
    |ap_predicate_op457_call_state176   |    and   |      0|  0|   2|           1|           1|
    |grp_fu_91_p2                       |   icmp   |      0|  0|   9|           3|           3|
    |grp_fu_96_p2                       |   icmp   |      0|  0|   9|           3|           3|
    |tmp_28_fu_113_p2                   |   icmp   |      0|  0|   9|           3|           3|
    |tmp_30_fu_124_p2                   |   icmp   |      0|  0|   9|           3|           3|
    |tmp_31_fu_129_p2                   |   icmp   |      0|  0|   9|           3|           3|
    |tmp_33_fu_140_p2                   |   icmp   |      0|  0|   9|           3|           3|
    |tmp_34_fu_145_p2                   |   icmp   |      0|  0|   9|           3|           3|
    |tmp_36_fu_156_p2                   |   icmp   |      0|  0|   9|           3|           3|
    |tmp_37_fu_161_p2                   |   icmp   |      0|  0|   9|           3|           3|
    |tmp_fu_102_p2                      |   icmp   |      0|  0|   9|           3|           3|
    |tmp_s_fu_108_p2                    |   icmp   |      0|  0|   9|           3|           3|
    |or_cond2_fu_134_p2                 |    or    |      0|  0|   2|           1|           1|
    |or_cond3_fu_150_p2                 |    or    |      0|  0|   2|           1|           1|
    |or_cond4_fu_166_p2                 |    or    |      0|  0|   2|           1|           1|
    |or_cond_fu_118_p2                  |    or    |      0|  0|   2|           1|           1|
    +-----------------------------------+----------+-------+---+----+------------+------------+
    |Total                              |          |      0|  0| 131|          49|          49|
    +-----------------------------------+----------+-------+---+----+------------+------------+

    * Multiplexer: 
    +---------------------------+-----+-----------+-----+-----------+
    |            Name           | LUT | Input Size| Bits| Total Bits|
    +---------------------------+-----+-----------+-----+-----------+
    |ap_NS_fsm                  |  773|        177|    1|        177|
    |cubieColor_V_address0      |   47|         10|    6|         60|
    |cubieColor_V_address1      |   50|         11|    6|         66|
    |cubieColor_V_ce0           |   15|          3|    1|          3|
    |cubieColor_V_ce1           |   15|          3|    1|          3|
    |cubieColor_V_we0           |    9|          2|    1|          2|
    |cubieColor_V_we1           |    9|          2|    1|          2|
    |grp_turnCube_fu_72_turn_V  |   44|          9|    4|         36|
    |moveCounter_V_o            |    9|          2|    8|         16|
    |moveCounter_V_o_ap_vld     |    9|          2|    1|          2|
    |moves_V_ce0                |    9|          2|    1|          2|
    |moves_V_we0                |    9|          2|    1|          2|
    +---------------------------+-----+-----------+-----+-----------+
    |Total                      |  998|        225|   32|        371|
    +---------------------------+-----+-----------+-----+-----------+

    * Register: 
    +---------------------------------+-----+----+-----+-----------+
    |               Name              |  FF | LUT| Bits| Const Bits|
    +---------------------------------+-----+----+-----+-----------+
    |ap_CS_fsm                        |  176|   0|  176|          0|
    |cubieColor_V_load_31_reg_172     |    3|   0|    3|          0|
    |cubieColor_V_load_32_reg_181     |    3|   0|    3|          0|
    |cubieColor_V_load_36_reg_195     |    3|   0|    3|          0|
    |cubieColor_V_load_40_reg_209     |    3|   0|    3|          0|
    |cubieColor_V_load_44_reg_223     |    3|   0|    3|          0|
    |grp_turnCube_fu_72_ap_start_reg  |    1|   0|    1|          0|
    |or_cond2_reg_201                 |    1|   0|    1|          0|
    |or_cond3_reg_215                 |    1|   0|    1|          0|
    |or_cond_reg_187                  |    1|   0|    1|          0|
    |tmp_29_reg_191                   |    1|   0|    1|          0|
    |tmp_32_reg_205                   |    1|   0|    1|          0|
    |tmp_35_reg_219                   |    1|   0|    1|          0|
    |tmp_38_reg_232                   |    1|   0|    1|          0|
    |tmp_39_reg_236                   |    1|   0|    1|          0|
    |tmp_40_reg_240                   |    1|   0|    1|          0|
    |tmp_41_reg_244                   |    1|   0|    1|          0|
    |tmp_42_reg_248                   |    1|   0|    1|          0|
    |tmp_43_reg_252                   |    1|   0|    1|          0|
    |tmp_44_reg_256                   |    1|   0|    1|          0|
    |tmp_45_reg_260                   |    1|   0|    1|          0|
    |tmp_46_reg_264                   |    1|   0|    1|          0|
    |tmp_47_reg_268                   |    1|   0|    1|          0|
    |tmp_48_reg_272                   |    1|   0|    1|          0|
    |tmp_reg_177                      |    1|   0|    1|          0|
    +---------------------------------+-----+----+-----+-----------+
    |Total                            |  210|   0|  210|          0|
    +---------------------------------+-----+----+-----+-----------+



================================================================
== Interface
================================================================
* Summary: 
+------------------------+-----+-----+------------+---------------+--------------+
|        RTL Ports       | Dir | Bits|  Protocol  | Source Object |    C Type    |
+------------------------+-----+-----+------------+---------------+--------------+
|ap_clk                  |  in |    1| ap_ctrl_hs |  solveStage3a | return value |
|ap_rst                  |  in |    1| ap_ctrl_hs |  solveStage3a | return value |
|ap_start                |  in |    1| ap_ctrl_hs |  solveStage3a | return value |
|ap_done                 | out |    1| ap_ctrl_hs |  solveStage3a | return value |
|ap_idle                 | out |    1| ap_ctrl_hs |  solveStage3a | return value |
|ap_ready                | out |    1| ap_ctrl_hs |  solveStage3a | return value |
|moveCounter_V_i         |  in |    8|   ap_ovld  | moveCounter_V |    pointer   |
|moveCounter_V_o         | out |    8|   ap_ovld  | moveCounter_V |    pointer   |
|moveCounter_V_o_ap_vld  | out |    1|   ap_ovld  | moveCounter_V |    pointer   |
|moves_V_address0        | out |    8|  ap_memory |    moves_V    |     array    |
|moves_V_ce0             | out |    1|  ap_memory |    moves_V    |     array    |
|moves_V_we0             | out |    1|  ap_memory |    moves_V    |     array    |
|moves_V_d0              | out |    4|  ap_memory |    moves_V    |     array    |
|cubieColor_V_address0   | out |    6|  ap_memory |  cubieColor_V |     array    |
|cubieColor_V_ce0        | out |    1|  ap_memory |  cubieColor_V |     array    |
|cubieColor_V_we0        | out |    1|  ap_memory |  cubieColor_V |     array    |
|cubieColor_V_d0         | out |    3|  ap_memory |  cubieColor_V |     array    |
|cubieColor_V_q0         |  in |    3|  ap_memory |  cubieColor_V |     array    |
|cubieColor_V_address1   | out |    6|  ap_memory |  cubieColor_V |     array    |
|cubieColor_V_ce1        | out |    1|  ap_memory |  cubieColor_V |     array    |
|cubieColor_V_we1        | out |    1|  ap_memory |  cubieColor_V |     array    |
|cubieColor_V_d1         | out |    3|  ap_memory |  cubieColor_V |     array    |
|cubieColor_V_q1         |  in |    3|  ap_memory |  cubieColor_V |     array    |
+------------------------+-----+-----+------------+---------------+--------------+

