

================================================================
== Vivado HLS Report for 'solveStage5b'
================================================================
* Date:           Fri Jan  4 20:13:09 2019

* Version:        2018.2 (Build 2258646 on Thu Jun 14 20:25:20 MDT 2018)
* Project:        Rubik_Cube_Layer_All
* Solution:       solution1
* Product family: zynq
* Target device:  xc7z020clg400-1


================================================================
== Performance Estimates
================================================================
+ Timing (ns): 
    * Summary: 
    +--------+-------+----------+------------+
    |  Clock | Target| Estimated| Uncertainty|
    +--------+-------+----------+------------+
    |ap_clk  |  12.00|     7.256|        1.50|
    +--------+-------+----------+------------+

+ Latency (clock cycles): 
    * Summary: 
    +------+------+------+------+---------+
    |   Latency   |   Interval  | Pipeline|
    |  min |  max |  min |  max |   Type  |
    +------+------+------+------+---------+
    |  1517|  2124|  1517|  2124|   none  |
    +------+------+------+------+---------+

    + Detail: 
        * Instance: 
        +--------------------------------+----------------------+-----+-----+-----+-----+---------+
        |                                |                      |  Latency  |  Interval | Pipeline|
        |            Instance            |        Module        | min | max | min | max |   Type  |
        +--------------------------------+----------------------+-----+-----+-----+-----+---------+
        |grp_turnCube_fu_47              |turnCube              |  122|  132|  122|  132|   none  |
        |grp_rotateCubeHorizontal_fu_65  |rotateCubeHorizontal  |  148|  148|  148|  148|   none  |
        |grp_edgeCorrect_fu_75           |edgeCorrect           |   11|   11|   11|   11|   none  |
        +--------------------------------+----------------------+-----+-----+-----+-----+---------+

        * Loop: 
        N/A



================================================================
== Utilization Estimates
================================================================
* Summary: 
+-----------------+---------+-------+--------+-------+
|       Name      | BRAM_18K| DSP48E|   FF   |  LUT  |
+-----------------+---------+-------+--------+-------+
|DSP              |        -|      -|       -|      -|
|Expression       |        -|      -|       0|     25|
|FIFO             |        -|      -|       -|      -|
|Instance         |        0|      -|     151|   2260|
|Memory           |        -|      -|       -|      -|
|Multiplexer      |        -|      -|       -|    759|
|Register         |        -|      -|     107|      -|
+-----------------+---------+-------+--------+-------+
|Total            |        0|      0|     258|   3044|
+-----------------+---------+-------+--------+-------+
|Available        |      280|    220|  106400|  53200|
+-----------------+---------+-------+--------+-------+
|Utilization (%)  |        0|      0|   ~0   |      5|
+-----------------+---------+-------+--------+-------+

+ Detail: 
    * Instance: 
    +--------------------------------+----------------------+---------+-------+----+------+
    |            Instance            |        Module        | BRAM_18K| DSP48E| FF |  LUT |
    +--------------------------------+----------------------+---------+-------+----+------+
    |grp_edgeCorrect_fu_75           |edgeCorrect           |        0|      0|  37|   384|
    |grp_rotateCubeHorizontal_fu_65  |rotateCubeHorizontal  |        0|      0|  65|   802|
    |grp_turnCube_fu_47              |turnCube              |        0|      0|  49|  1074|
    +--------------------------------+----------------------+---------+-------+----+------+
    |Total                           |                      |        0|      0| 151|  2260|
    +--------------------------------+----------------------+---------+-------+----+------+

    * DSP48: 
    N/A

    * Memory: 
    N/A

    * FIFO: 
    N/A

    * Expression: 
    +----------------------------------+----------+-------+---+----+------------+------------+
    |           Variable Name          | Operation| DSP48E| FF| LUT| Bitwidth P0| Bitwidth P1|
    +----------------------------------+----------+-------+---+----+------------+------------+
    |ap_block_state40_on_subcall_done  |    and   |      0|  0|   2|           1|           1|
    |ap_block_state42_on_subcall_done  |    and   |      0|  0|   2|           1|           1|
    |ap_block_state48_on_subcall_done  |    and   |      0|  0|   2|           1|           1|
    |ap_predicate_op145_call_state40   |    and   |      0|  0|   2|           1|           1|
    |ap_predicate_op160_call_state48   |    and   |      0|  0|   2|           1|           1|
    |tmp_fu_86_p2                      |   icmp   |      0|  0|   9|           3|           3|
    |ap_block_state78_on_subcall_done  |    or    |      0|  0|   2|           1|           1|
    |ap_predicate_op197_call_state78   |    or    |      0|  0|   2|           1|           1|
    |ap_predicate_op199_call_state78   |    or    |      0|  0|   2|           1|           1|
    +----------------------------------+----------+-------+---+----+------------+------------+
    |Total                             |          |      0|  0|  25|          11|          11|
    +----------------------------------+----------+-------+---+----+------------+------------+

    * Multiplexer: 
    +------------------------------+-----+-----------+-----+-----------+
    |             Name             | LUT | Input Size| Bits| Total Bits|
    +------------------------------+-----+-----------+-----+-----------+
    |ap_NS_fsm                     |  433|         98|    1|         98|
    |cubieColor_V_address0         |   27|          5|    6|         30|
    |cubieColor_V_address1         |   27|          5|    6|         30|
    |cubieColor_V_ce0              |   27|          5|    1|          5|
    |cubieColor_V_ce1              |   27|          5|    1|          5|
    |cubieColor_V_d0               |   15|          3|    3|          9|
    |cubieColor_V_d1               |   15|          3|    3|          9|
    |cubieColor_V_we0              |   15|          3|    1|          3|
    |cubieColor_V_we1              |   15|          3|    1|          3|
    |grp_edgeCorrect_fu_75_edge_V  |   27|          5|    4|         20|
    |grp_turnCube_fu_47_turn_V     |   41|          8|    4|         32|
    |moveCounter_V_o               |   15|          3|    8|         24|
    |moveCounter_V_o_ap_vld        |   15|          3|    1|          3|
    |moves_V_address0              |   15|          3|    8|         24|
    |moves_V_ce0                   |   15|          3|    1|          3|
    |moves_V_d0                    |   15|          3|    4|         12|
    |moves_V_we0                   |   15|          3|    1|          3|
    +------------------------------+-----+-----------+-----+-----------+
    |Total                         |  759|        161|   54|        313|
    +------------------------------+-----+-----------+-----+-----------+

    * Register: 
    +---------------------------------------------+----+----+-----+-----------+
    |                     Name                    | FF | LUT| Bits| Const Bits|
    +---------------------------------------------+----+----+-----+-----------+
    |ap_CS_fsm                                    |  97|   0|   97|          0|
    |grp_edgeCorrect_fu_75_ap_start_reg           |   1|   0|    1|          0|
    |grp_rotateCubeHorizontal_fu_65_ap_start_reg  |   1|   0|    1|          0|
    |grp_turnCube_fu_47_ap_start_reg              |   1|   0|    1|          0|
    |p_0_reg_108                                  |   1|   0|    1|          0|
    |p_3_reg_104                                  |   1|   0|    1|          0|
    |p_4_reg_96                                   |   1|   0|    1|          0|
    |p_5_reg_116                                  |   1|   0|    1|          0|
    |p_8_reg_100                                  |   1|   0|    1|          0|
    |p_s_reg_92                                   |   1|   0|    1|          0|
    |tmp_reg_124                                  |   1|   0|    1|          0|
    +---------------------------------------------+----+----+-----+-----------+
    |Total                                        | 107|   0|  107|          0|
    +---------------------------------------------+----+----+-----+-----------+



================================================================
== Interface
================================================================
* Summary: 
+------------------------+-----+-----+------------+---------------+--------------+
|        RTL Ports       | Dir | Bits|  Protocol  | Source Object |    C Type    |
+------------------------+-----+-----+------------+---------------+--------------+
|ap_clk                  |  in |    1| ap_ctrl_hs |  solveStage5b | return value |
|ap_rst                  |  in |    1| ap_ctrl_hs |  solveStage5b | return value |
|ap_start                |  in |    1| ap_ctrl_hs |  solveStage5b | return value |
|ap_done                 | out |    1| ap_ctrl_hs |  solveStage5b | return value |
|ap_idle                 | out |    1| ap_ctrl_hs |  solveStage5b | return value |
|ap_ready                | out |    1| ap_ctrl_hs |  solveStage5b | return value |
|cubieColor_V_address0   | out |    6|  ap_memory |  cubieColor_V |     array    |
|cubieColor_V_ce0        | out |    1|  ap_memory |  cubieColor_V |     array    |
|cubieColor_V_we0        | out |    1|  ap_memory |  cubieColor_V |     array    |
|cubieColor_V_d0         | out |    3|  ap_memory |  cubieColor_V |     array    |
|cubieColor_V_q0         |  in |    3|  ap_memory |  cubieColor_V |     array    |
|cubieColor_V_address1   | out |    6|  ap_memory |  cubieColor_V |     array    |
|cubieColor_V_ce1        | out |    1|  ap_memory |  cubieColor_V |     array    |
|cubieColor_V_we1        | out |    1|  ap_memory |  cubieColor_V |     array    |
|cubieColor_V_d1         | out |    3|  ap_memory |  cubieColor_V |     array    |
|cubieColor_V_q1         |  in |    3|  ap_memory |  cubieColor_V |     array    |
|moveCounter_V_i         |  in |    8|   ap_ovld  | moveCounter_V |    pointer   |
|moveCounter_V_o         | out |    8|   ap_ovld  | moveCounter_V |    pointer   |
|moveCounter_V_o_ap_vld  | out |    1|   ap_ovld  | moveCounter_V |    pointer   |
|moves_V_address0        | out |    8|  ap_memory |    moves_V    |     array    |
|moves_V_ce0             | out |    1|  ap_memory |    moves_V    |     array    |
|moves_V_we0             | out |    1|  ap_memory |    moves_V    |     array    |
|moves_V_d0              | out |    4|  ap_memory |    moves_V    |     array    |
+------------------------+-----+-----+------------+---------------+--------------+

