

================================================================
== Vivado HLS Report for 'solveStage5a'
================================================================
* Date:           Fri Jan  4 20:13:06 2019

* Version:        2018.2 (Build 2258646 on Thu Jun 14 20:25:20 MDT 2018)
* Project:        Rubik_Cube_Layer_All
* Solution:       solution1
* Product family: zynq
* Target device:  xc7z020clg400-1


================================================================
== Performance Estimates
================================================================
+ Timing (ns): 
    * Summary: 
    +--------+-------+----------+------------+
    |  Clock | Target| Estimated| Uncertainty|
    +--------+-------+----------+------------+
    |ap_clk  |  12.00|     6.106|        1.50|
    +--------+-------+----------+------------+

+ Latency (clock cycles): 
    * Summary: 
    +------+------+------+------+---------+
    |   Latency   |   Interval  | Pipeline|
    |  min |  max |  min |  max |   Type  |
    +------+------+------+------+---------+
    |  1634|  2231|  1634|  2231|   none  |
    +------+------+------+------+---------+

    + Detail: 
        * Instance: 
        +--------------------------------+----------------------+-----+-----+-----+-----+---------+
        |                                |                      |  Latency  |  Interval | Pipeline|
        |            Instance            |        Module        | min | max | min | max |   Type  |
        +--------------------------------+----------------------+-----+-----+-----+-----+---------+
        |grp_turnCube_fu_32              |turnCube              |  122|  132|  122|  132|   none  |
        |grp_rotateCubeHorizontal_fu_49  |rotateCubeHorizontal  |  148|  148|  148|  148|   none  |
        |grp_cornerCorrect_fu_59         |cornerCorrect         |    8|    8|    8|    8|   none  |
        +--------------------------------+----------------------+-----+-----+-----+-----+---------+

        * Loop: 
        N/A



================================================================
== Utilization Estimates
================================================================
* Summary: 
+-----------------+---------+-------+--------+-------+
|       Name      | BRAM_18K| DSP48E|   FF   |  LUT  |
+-----------------+---------+-------+--------+-------+
|DSP              |        -|      -|       -|      -|
|Expression       |        -|      -|       0|     14|
|FIFO             |        -|      -|       -|      -|
|Instance         |        0|      -|     142|   2171|
|Memory           |        -|      -|       -|      -|
|Multiplexer      |        -|      -|       -|    528|
|Register         |        -|      -|      61|      -|
+-----------------+---------+-------+--------+-------+
|Total            |        0|      0|     203|   2713|
+-----------------+---------+-------+--------+-------+
|Available        |      280|    220|  106400|  53200|
+-----------------+---------+-------+--------+-------+
|Utilization (%)  |        0|      0|   ~0   |      5|
+-----------------+---------+-------+--------+-------+

+ Detail: 
    * Instance: 
    +--------------------------------+----------------------+---------+-------+----+------+
    |            Instance            |        Module        | BRAM_18K| DSP48E| FF |  LUT |
    +--------------------------------+----------------------+---------+-------+----+------+
    |grp_cornerCorrect_fu_59         |cornerCorrect         |        0|      0|  28|   295|
    |grp_rotateCubeHorizontal_fu_49  |rotateCubeHorizontal  |        0|      0|  65|   802|
    |grp_turnCube_fu_32              |turnCube              |        0|      0|  49|  1074|
    +--------------------------------+----------------------+---------+-------+----+------+
    |Total                           |                      |        0|      0| 142|  2171|
    +--------------------------------+----------------------+---------+-------+----+------+

    * DSP48: 
    N/A

    * Memory: 
    N/A

    * FIFO: 
    N/A

    * Expression: 
    +----------------------------------+----------+-------+---+----+------------+------------+
    |           Variable Name          | Operation| DSP48E| FF| LUT| Bitwidth P0| Bitwidth P1|
    +----------------------------------+----------+-------+---+----+------------+------------+
    |ap_block_state14_on_subcall_done  |    and   |      0|  0|   2|           1|           1|
    |ap_block_state22_on_subcall_done  |    and   |      0|  0|   2|           1|           1|
    |ap_block_state24_on_subcall_done  |    and   |      0|  0|   2|           1|           1|
    |ap_block_state8_on_subcall_done   |    and   |      0|  0|   2|           1|           1|
    |ap_predicate_op63_call_state8     |    and   |      0|  0|   2|           1|           1|
    |ap_predicate_op71_call_state14    |    and   |      0|  0|   2|           1|           1|
    |ap_predicate_op85_call_state22    |    and   |      0|  0|   2|           1|           1|
    +----------------------------------+----------+-------+---+----+------------+------------+
    |Total                             |          |      0|  0|  14|           7|           7|
    +----------------------------------+----------+-------+---+----+------------+------------+

    * Multiplexer: 
    +----------------------------------+-----+-----------+-----+-----------+
    |               Name               | LUT | Input Size| Bits| Total Bits|
    +----------------------------------+-----+-----------+-----+-----------+
    |ap_NS_fsm                         |  229|         53|    1|         53|
    |cubieColor_V_address0             |   21|          4|    6|         24|
    |cubieColor_V_address1             |   21|          4|    6|         24|
    |cubieColor_V_ce0                  |   21|          4|    1|          4|
    |cubieColor_V_ce1                  |   21|          4|    1|          4|
    |cubieColor_V_d0                   |   15|          3|    3|          9|
    |cubieColor_V_d1                   |   15|          3|    3|          9|
    |cubieColor_V_we0                  |   15|          3|    1|          3|
    |cubieColor_V_we1                  |   15|          3|    1|          3|
    |grp_cornerCorrect_fu_59_corner_V  |   27|          5|    3|         15|
    |grp_turnCube_fu_32_turn_V         |   38|          7|    4|         28|
    |moveCounter_V_o                   |   15|          3|    8|         24|
    |moveCounter_V_o_ap_vld            |   15|          3|    1|          3|
    |moves_V_address0                  |   15|          3|    8|         24|
    |moves_V_ce0                       |   15|          3|    1|          3|
    |moves_V_d0                        |   15|          3|    4|         12|
    |moves_V_we0                       |   15|          3|    1|          3|
    +----------------------------------+-----+-----------+-----+-----------+
    |Total                             |  528|        111|   53|        245|
    +----------------------------------+-----+-----------+-----+-----------+

    * Register: 
    +---------------------------------------------+----+----+-----+-----------+
    |                     Name                    | FF | LUT| Bits| Const Bits|
    +---------------------------------------------+----+----+-----+-----------+
    |ap_CS_fsm                                    |  52|   0|   52|          0|
    |grp_cornerCorrect_fu_59_ap_start_reg         |   1|   0|    1|          0|
    |grp_rotateCubeHorizontal_fu_49_ap_start_reg  |   1|   0|    1|          0|
    |grp_turnCube_fu_32_ap_start_reg              |   1|   0|    1|          0|
    |p_0_reg_90                                   |   1|   0|    1|          0|
    |p_1_reg_86                                   |   1|   0|    1|          0|
    |p_3_reg_78                                   |   1|   0|    1|          0|
    |p_5_reg_82                                   |   1|   0|    1|          0|
    |p_8_reg_74                                   |   1|   0|    1|          0|
    |p_s_reg_70                                   |   1|   0|    1|          0|
    +---------------------------------------------+----+----+-----+-----------+
    |Total                                        |  61|   0|   61|          0|
    +---------------------------------------------+----+----+-----+-----------+



================================================================
== Interface
================================================================
* Summary: 
+------------------------+-----+-----+------------+---------------+--------------+
|        RTL Ports       | Dir | Bits|  Protocol  | Source Object |    C Type    |
+------------------------+-----+-----+------------+---------------+--------------+
|ap_clk                  |  in |    1| ap_ctrl_hs |  solveStage5a | return value |
|ap_rst                  |  in |    1| ap_ctrl_hs |  solveStage5a | return value |
|ap_start                |  in |    1| ap_ctrl_hs |  solveStage5a | return value |
|ap_done                 | out |    1| ap_ctrl_hs |  solveStage5a | return value |
|ap_idle                 | out |    1| ap_ctrl_hs |  solveStage5a | return value |
|ap_ready                | out |    1| ap_ctrl_hs |  solveStage5a | return value |
|cubieColor_V_address0   | out |    6|  ap_memory |  cubieColor_V |     array    |
|cubieColor_V_ce0        | out |    1|  ap_memory |  cubieColor_V |     array    |
|cubieColor_V_we0        | out |    1|  ap_memory |  cubieColor_V |     array    |
|cubieColor_V_d0         | out |    3|  ap_memory |  cubieColor_V |     array    |
|cubieColor_V_q0         |  in |    3|  ap_memory |  cubieColor_V |     array    |
|cubieColor_V_address1   | out |    6|  ap_memory |  cubieColor_V |     array    |
|cubieColor_V_ce1        | out |    1|  ap_memory |  cubieColor_V |     array    |
|cubieColor_V_we1        | out |    1|  ap_memory |  cubieColor_V |     array    |
|cubieColor_V_d1         | out |    3|  ap_memory |  cubieColor_V |     array    |
|cubieColor_V_q1         |  in |    3|  ap_memory |  cubieColor_V |     array    |
|moveCounter_V_i         |  in |    8|   ap_ovld  | moveCounter_V |    pointer   |
|moveCounter_V_o         | out |    8|   ap_ovld  | moveCounter_V |    pointer   |
|moveCounter_V_o_ap_vld  | out |    1|   ap_ovld  | moveCounter_V |    pointer   |
|moves_V_address0        | out |    8|  ap_memory |    moves_V    |     array    |
|moves_V_ce0             | out |    1|  ap_memory |    moves_V    |     array    |
|moves_V_we0             | out |    1|  ap_memory |    moves_V    |     array    |
|moves_V_d0              | out |    4|  ap_memory |    moves_V    |     array    |
+------------------------+-----+-----+------------+---------------+--------------+

