

================================================================
== Vivado HLS Report for 'solveStage4a'
================================================================
* Date:           Fri Jan  4 20:13:01 2019

* Version:        2018.2 (Build 2258646 on Thu Jun 14 20:25:20 MDT 2018)
* Project:        Rubik_Cube_Layer_All
* Solution:       solution1
* Product family: zynq
* Target device:  xc7z020clg400-1


================================================================
== Performance Estimates
================================================================
+ Timing (ns): 
    * Summary: 
    +--------+-------+----------+------------+
    |  Clock | Target| Estimated| Uncertainty|
    +--------+-------+----------+------------+
    |ap_clk  |  12.00|     6.665|        1.50|
    +--------+-------+----------+------------+

+ Latency (clock cycles): 
    * Summary: 
    +-----+------+-----+------+---------+
    |   Latency  |  Interval  | Pipeline|
    | min |  max | min |  max |   Type  |
    +-----+------+-----+------+---------+
    |   13|  3023|   13|  3023|   none  |
    +-----+------+-----+------+---------+

    + Detail: 
        * Instance: 
        +--------------------------------+----------------------+-----+-----+-----+-----+---------+
        |                                |                      |  Latency  |  Interval | Pipeline|
        |            Instance            |        Module        | min | max | min | max |   Type  |
        +--------------------------------+----------------------+-----+-----+-----+-----+---------+
        |grp_turnCube_fu_61              |turnCube              |  122|  132|  122|  132|   none  |
        |grp_rotateCubeHorizontal_fu_78  |rotateCubeHorizontal  |  148|  148|  148|  148|   none  |
        +--------------------------------+----------------------+-----+-----+-----+-----+---------+

        * Loop: 
        N/A



================================================================
== Utilization Estimates
================================================================
* Summary: 
+-----------------+---------+-------+--------+-------+
|       Name      | BRAM_18K| DSP48E|   FF   |  LUT  |
+-----------------+---------+-------+--------+-------+
|DSP              |        -|      -|       -|      -|
|Expression       |        -|      -|       0|    135|
|FIFO             |        -|      -|       -|      -|
|Instance         |        0|      -|     114|   1876|
|Memory           |        -|      -|       -|      -|
|Multiplexer      |        -|      -|       -|    609|
|Register         |        -|      -|      84|      -|
+-----------------+---------+-------+--------+-------+
|Total            |        0|      0|     198|   2620|
+-----------------+---------+-------+--------+-------+
|Available        |      280|    220|  106400|  53200|
+-----------------+---------+-------+--------+-------+
|Utilization (%)  |        0|      0|   ~0   |      4|
+-----------------+---------+-------+--------+-------+

+ Detail: 
    * Instance: 
    +--------------------------------+----------------------+---------+-------+----+------+
    |            Instance            |        Module        | BRAM_18K| DSP48E| FF |  LUT |
    +--------------------------------+----------------------+---------+-------+----+------+
    |grp_rotateCubeHorizontal_fu_78  |rotateCubeHorizontal  |        0|      0|  65|   802|
    |grp_turnCube_fu_61              |turnCube              |        0|      0|  49|  1074|
    +--------------------------------+----------------------+---------+-------+----+------+
    |Total                           |                      |        0|      0| 114|  1876|
    +--------------------------------+----------------------+---------+-------+----+------+

    * DSP48: 
    N/A

    * Memory: 
    N/A

    * FIFO: 
    N/A

    * Expression: 
    +----------------------------------+----------+-------+---+----+------------+------------+
    |           Variable Name          | Operation| DSP48E| FF| LUT| Bitwidth P0| Bitwidth P1|
    +----------------------------------+----------+-------+---+----+------------+------------+
    |ap_block_state16_on_subcall_done  |    and   |      0|  0|   2|           1|           1|
    |ap_block_state23_on_subcall_done  |    and   |      0|  0|   2|           1|           1|
    |ap_block_state27_on_subcall_done  |    and   |      0|  0|   2|           1|           1|
    |ap_block_state45_on_subcall_done  |    and   |      0|  0|   2|           1|           1|
    |ap_block_state63_on_subcall_done  |    and   |      0|  0|   2|           1|           1|
    |or_cond1_fu_222_p2                |    and   |      0|  0|   2|           1|           1|
    |or_cond8_fu_164_p2                |    and   |      0|  0|   2|           1|           1|
    |grp_fu_118_p2                     |   icmp   |      0|  0|   9|           3|           3|
    |grp_fu_88_p2                      |   icmp   |      0|  0|   9|           3|           3|
    |grp_fu_93_p2                      |   icmp   |      0|  0|   9|           3|           3|
    |grp_fu_98_p2                      |   icmp   |      0|  0|   9|           3|           3|
    |notlhs_fu_187_p2                  |   icmp   |      0|  0|   9|           3|           3|
    |notrhs_fu_193_p2                  |   icmp   |      0|  0|   9|           3|           3|
    |tmp_18_fu_140_p2                  |   icmp   |      0|  0|   9|           3|           3|
    |tmp_20_fu_146_p2                  |   icmp   |      0|  0|   9|           3|           3|
    |tmp_21_fu_152_p2                  |   icmp   |      0|  0|   9|           3|           3|
    |tmp_23_fu_158_p2                  |   icmp   |      0|  0|   9|           3|           3|
    |tmp_27_fu_216_p2                  |   icmp   |      0|  0|   9|           3|           3|
    |ap_predicate_op144_call_state45   |    or    |      0|  0|   2|           1|           1|
    |ap_predicate_op189_call_state63   |    or    |      0|  0|   2|           1|           1|
    |brmerge1_fu_210_p2                |    or    |      0|  0|   2|           1|           1|
    |or_cond7_fu_134_p2                |    or    |      0|  0|   2|           1|           1|
    |or_cond_fu_181_p2                 |    or    |      0|  0|   2|           1|           1|
    |tmp2_fu_124_p2                    |    or    |      0|  0|   2|           1|           1|
    |tmp3_fu_128_p2                    |    or    |      0|  0|   2|           1|           1|
    |tmp4_fu_175_p2                    |    or    |      0|  0|   2|           1|           1|
    |tmp5_fu_199_p2                    |    or    |      0|  0|   2|           1|           1|
    |tmp6_fu_205_p2                    |    or    |      0|  0|   2|           1|           1|
    |or_cond75_not_fu_169_p2           |    xor   |      0|  0|   2|           1|           2|
    +----------------------------------+----------+-------+---+----+------------+------------+
    |Total                             |          |      0|  0| 135|          51|          52|
    +----------------------------------+----------+-------+---+----+------------+------------+

    * Multiplexer: 
    +---------------------------+-----+-----------+-----+-----------+
    |            Name           | LUT | Input Size| Bits| Total Bits|
    +---------------------------+-----+-----------+-----+-----------+
    |ap_NS_fsm                  |  273|         64|    1|         64|
    |cubieColor_V_address0      |   38|          7|    6|         42|
    |cubieColor_V_address1      |   41|          8|    6|         48|
    |cubieColor_V_ce0           |   21|          4|    1|          4|
    |cubieColor_V_ce1           |   21|          4|    1|          4|
    |cubieColor_V_d0            |   15|          3|    3|          9|
    |cubieColor_V_d1            |   15|          3|    3|          9|
    |cubieColor_V_we0           |   15|          3|    1|          3|
    |cubieColor_V_we1           |   15|          3|    1|          3|
    |grp_turnCube_fu_61_turn_V  |   38|          7|    4|         28|
    |moveCounter_V_o            |   15|          3|    8|         24|
    |moveCounter_V_o_ap_vld     |   15|          3|    1|          3|
    |moves_V_address0           |   15|          3|    8|         24|
    |moves_V_ce0                |   15|          3|    1|          3|
    |moves_V_d0                 |   15|          3|    4|         12|
    |moves_V_we0                |   15|          3|    1|          3|
    |reg_103                    |    9|          2|    3|          6|
    |reg_112                    |    9|          2|    3|          6|
    |tmp_26_reg_52              |    9|          2|    3|          6|
    +---------------------------+-----+-----------+-----+-----------+
    |Total                      |  609|        130|   59|        301|
    +---------------------------+-----+-----------+-----+-----------+

    * Register: 
    +---------------------------------------------+----+----+-----+-----------+
    |                     Name                    | FF | LUT| Bits| Const Bits|
    +---------------------------------------------+----+----+-----+-----------+
    |ap_CS_fsm                                    |  63|   0|   63|          0|
    |brmerge1_reg_271                             |   1|   0|    1|          0|
    |grp_rotateCubeHorizontal_fu_78_ap_start_reg  |   1|   0|    1|          0|
    |grp_turnCube_fu_61_ap_start_reg              |   1|   0|    1|          0|
    |or_cond7_reg_237                             |   1|   0|    1|          0|
    |or_cond_reg_267                              |   1|   0|    1|          0|
    |reg_103                                      |   3|   0|    3|          0|
    |reg_112                                      |   3|   0|    3|          0|
    |tmp_17_reg_241                               |   1|   0|    1|          0|
    |tmp_18_reg_245                               |   1|   0|    1|          0|
    |tmp_20_reg_252                               |   1|   0|    1|          0|
    |tmp_21_reg_256                               |   1|   0|    1|          0|
    |tmp_22_reg_260                               |   1|   0|    1|          0|
    |tmp_26_reg_52                                |   3|   0|    3|          0|
    |tmp_reg_227                                  |   1|   0|    1|          0|
    |tmp_s_reg_232                                |   1|   0|    1|          0|
    +---------------------------------------------+----+----+-----+-----------+
    |Total                                        |  84|   0|   84|          0|
    +---------------------------------------------+----+----+-----+-----------+



================================================================
== Interface
================================================================
* Summary: 
+------------------------+-----+-----+------------+---------------+--------------+
|        RTL Ports       | Dir | Bits|  Protocol  | Source Object |    C Type    |
+------------------------+-----+-----+------------+---------------+--------------+
|ap_clk                  |  in |    1| ap_ctrl_hs |  solveStage4a | return value |
|ap_rst                  |  in |    1| ap_ctrl_hs |  solveStage4a | return value |
|ap_start                |  in |    1| ap_ctrl_hs |  solveStage4a | return value |
|ap_done                 | out |    1| ap_ctrl_hs |  solveStage4a | return value |
|ap_idle                 | out |    1| ap_ctrl_hs |  solveStage4a | return value |
|ap_ready                | out |    1| ap_ctrl_hs |  solveStage4a | return value |
|moveCounter_V_i         |  in |    8|   ap_ovld  | moveCounter_V |    pointer   |
|moveCounter_V_o         | out |    8|   ap_ovld  | moveCounter_V |    pointer   |
|moveCounter_V_o_ap_vld  | out |    1|   ap_ovld  | moveCounter_V |    pointer   |
|moves_V_address0        | out |    8|  ap_memory |    moves_V    |     array    |
|moves_V_ce0             | out |    1|  ap_memory |    moves_V    |     array    |
|moves_V_we0             | out |    1|  ap_memory |    moves_V    |     array    |
|moves_V_d0              | out |    4|  ap_memory |    moves_V    |     array    |
|cubieColor_V_address0   | out |    6|  ap_memory |  cubieColor_V |     array    |
|cubieColor_V_ce0        | out |    1|  ap_memory |  cubieColor_V |     array    |
|cubieColor_V_we0        | out |    1|  ap_memory |  cubieColor_V |     array    |
|cubieColor_V_d0         | out |    3|  ap_memory |  cubieColor_V |     array    |
|cubieColor_V_q0         |  in |    3|  ap_memory |  cubieColor_V |     array    |
|cubieColor_V_address1   | out |    6|  ap_memory |  cubieColor_V |     array    |
|cubieColor_V_ce1        | out |    1|  ap_memory |  cubieColor_V |     array    |
|cubieColor_V_we1        | out |    1|  ap_memory |  cubieColor_V |     array    |
|cubieColor_V_d1         | out |    3|  ap_memory |  cubieColor_V |     array    |
|cubieColor_V_q1         |  in |    3|  ap_memory |  cubieColor_V |     array    |
+------------------------+-----+-----+------------+---------------+--------------+

