

================================================================
== Vivado HLS Report for 'solveStage4b'
================================================================
* Date:           Fri Jan  4 20:13:05 2019

* Version:        2018.2 (Build 2258646 on Thu Jun 14 20:25:20 MDT 2018)
* Project:        Rubik_Cube_Layer_All
* Solution:       solution1
* Product family: zynq
* Target device:  xc7z020clg400-1


================================================================
== Performance Estimates
================================================================
+ Timing (ns): 
    * Summary: 
    +--------+-------+----------+------------+
    |  Clock | Target| Estimated| Uncertainty|
    +--------+-------+----------+------------+
    |ap_clk  |  12.00|     6.200|        1.50|
    +--------+-------+----------+------------+

+ Latency (clock cycles): 
    * Summary: 
    +-----+-----+-----+-----+---------+
    |  Latency  |  Interval | Pipeline|
    | min | max | min | max |   Type  |
    +-----+-----+-----+-----+---------+
    |    ?|    ?|    ?|    ?|   none  |
    +-----+-----+-----+-----+---------+

    + Detail: 
        * Instance: 
        +--------------------------------+----------------------+-----+-----+-----+-----+---------+
        |                                |                      |  Latency  |  Interval | Pipeline|
        |            Instance            |        Module        | min | max | min | max |   Type  |
        +--------------------------------+----------------------+-----+-----+-----+-----+---------+
        |grp_turnCube_fu_71              |turnCube              |  122|  132|  122|  132|   none  |
        |grp_rotateCubeHorizontal_fu_85  |rotateCubeHorizontal  |  148|  148|  148|  148|   none  |
        +--------------------------------+----------------------+-----+-----+-----+-----+---------+

        * Loop: 
        +----------+-----+-----+----------+-----------+-----------+------+----------+
        |          |  Latency  | Iteration|  Initiation Interval  | Trip |          |
        | Loop Name| min | max |  Latency |  achieved |   target  | Count| Pipelined|
        +----------+-----+-----+----------+-----------+-----------+------+----------+
        |- Loop 1  |    ?|    ?|       152|          -|          -|     ?|    no    |
        |- Loop 2  |    ?|    ?|       152|          -|          -|     ?|    no    |
        |- Loop 3  |    ?|    ?|       152|          -|          -|     ?|    no    |
        +----------+-----+-----+----------+-----------+-----------+------+----------+



================================================================
== Utilization Estimates
================================================================
* Summary: 
+-----------------+---------+-------+--------+-------+
|       Name      | BRAM_18K| DSP48E|   FF   |  LUT  |
+-----------------+---------+-------+--------+-------+
|DSP              |        -|      -|       -|      -|
|Expression       |        -|      -|       0|     92|
|FIFO             |        -|      -|       -|      -|
|Instance         |        0|      -|     114|   1876|
|Memory           |        -|      -|       -|      -|
|Multiplexer      |        -|      -|       -|    638|
|Register         |        -|      -|      90|      -|
+-----------------+---------+-------+--------+-------+
|Total            |        0|      0|     204|   2606|
+-----------------+---------+-------+--------+-------+
|Available        |      280|    220|  106400|  53200|
+-----------------+---------+-------+--------+-------+
|Utilization (%)  |        0|      0|   ~0   |      4|
+-----------------+---------+-------+--------+-------+

+ Detail: 
    * Instance: 
    +--------------------------------+----------------------+---------+-------+----+------+
    |            Instance            |        Module        | BRAM_18K| DSP48E| FF |  LUT |
    +--------------------------------+----------------------+---------+-------+----+------+
    |grp_rotateCubeHorizontal_fu_85  |rotateCubeHorizontal  |        0|      0|  65|   802|
    |grp_turnCube_fu_71              |turnCube              |        0|      0|  49|  1074|
    +--------------------------------+----------------------+---------+-------+----+------+
    |Total                           |                      |        0|      0| 114|  1876|
    +--------------------------------+----------------------+---------+-------+----+------+

    * DSP48: 
    N/A

    * Memory: 
    N/A

    * FIFO: 
    N/A

    * Expression: 
    +-------------------------+----------+-------+---+----+------------+------------+
    |      Variable Name      | Operation| DSP48E| FF| LUT| Bitwidth P0| Bitwidth P1|
    +-------------------------+----------+-------+---+----+------------+------------+
    |or_cond2_fu_132_p2       |    and   |      0|  0|   2|           1|           1|
    |or_cond7_fu_116_p2       |    and   |      0|  0|   2|           1|           1|
    |or_cond8_fu_126_p2       |    and   |      0|  0|   2|           1|           1|
    |grp_fu_101_p2            |   icmp   |      0|  0|   9|           3|           3|
    |grp_fu_106_p2            |   icmp   |      0|  0|   9|           3|           3|
    |grp_fu_110_p2            |   icmp   |      0|  0|   9|           3|           3|
    |grp_fu_95_p2             |   icmp   |      0|  0|   9|           3|           3|
    |tmp_11_fu_143_p2         |   icmp   |      0|  0|   9|           3|           3|
    |tmp_1_fu_165_p2          |   icmp   |      0|  0|   9|           3|           3|
    |tmp_6_fu_122_p2          |   icmp   |      0|  0|   9|           3|           3|
    |tmp_8_fu_175_p2          |   icmp   |      0|  0|   9|           3|           3|
    |demorgan_fu_180_p2       |    or    |      0|  0|   2|           1|           1|
    |or_cond3_fu_148_p2       |    or    |      0|  0|   2|           1|           1|
    |or_cond5_fu_160_p2       |    or    |      0|  0|   2|           1|           1|
    |or_cond9_fu_170_p2       |    or    |      0|  0|   2|           1|           1|
    |or_cond_fu_186_p2        |    or    |      0|  0|   2|           1|           1|
    |tmp2_fu_154_p2           |    or    |      0|  0|   2|           1|           1|
    |or_cond11_not_fu_137_p2  |    xor   |      0|  0|   2|           1|           2|
    +-------------------------+----------+-------+---+----+------------+------------+
    |Total                    |          |      0|  0|  92|          34|          35|
    +-------------------------+----------+-------+---+----+------------+------------+

    * Multiplexer: 
    +----------------------------+-----+-----------+-----+-----------+
    |            Name            | LUT | Input Size| Bits| Total Bits|
    +----------------------------+-----+-----------+-----+-----------+
    |ap_NS_fsm                   |  313|         70|    1|         70|
    |cubieColor_V_address0       |   44|          9|    6|         54|
    |cubieColor_V_address1       |   38|          7|    6|         42|
    |cubieColor_V_ce0            |   21|          4|    1|          4|
    |cubieColor_V_ce1            |   21|          4|    1|          4|
    |cubieColor_V_d0             |   15|          3|    3|          9|
    |cubieColor_V_d1             |   15|          3|    3|          9|
    |cubieColor_V_load_s_reg_60  |   15|          3|    3|          9|
    |cubieColor_V_we0            |   15|          3|    1|          3|
    |cubieColor_V_we1            |   15|          3|    1|          3|
    |grp_fu_95_p0                |   15|          3|    3|          9|
    |grp_turnCube_fu_71_turn_V   |   21|          4|    4|         16|
    |moveCounter_V_o             |   15|          3|    8|         24|
    |moveCounter_V_o_ap_vld      |   15|          3|    1|          3|
    |moves_V_address0            |   15|          3|    8|         24|
    |moves_V_ce0                 |   15|          3|    1|          3|
    |moves_V_d0                  |   15|          3|    4|         12|
    |moves_V_we0                 |   15|          3|    1|          3|
    +----------------------------+-----+-----------+-----+-----------+
    |Total                       |  638|        134|   56|        301|
    +----------------------------+-----+-----------+-----+-----------+

    * Register: 
    +---------------------------------------------+----+----+-----+-----------+
    |                     Name                    | FF | LUT| Bits| Const Bits|
    +---------------------------------------------+----+----+-----+-----------+
    |ap_CS_fsm                                    |  69|   0|   69|          0|
    |cubieColor_V_load_2_reg_51                   |   3|   0|    3|          0|
    |cubieColor_V_load_5_reg_214                  |   3|   0|    3|          0|
    |cubieColor_V_load_reg_191                    |   3|   0|    3|          0|
    |cubieColor_V_load_s_reg_60                   |   3|   0|    3|          0|
    |grp_rotateCubeHorizontal_fu_85_ap_start_reg  |   1|   0|    1|          0|
    |grp_turnCube_fu_71_ap_start_reg              |   1|   0|    1|          0|
    |or_cond7_reg_232                             |   1|   0|    1|          0|
    |or_cond8_reg_241                             |   1|   0|    1|          0|
    |or_cond_reg_261                              |   1|   0|    1|          0|
    |tmp_2_reg_222                                |   1|   0|    1|          0|
    |tmp_9_reg_257                                |   1|   0|    1|          0|
    |tmp_reg_203                                  |   1|   0|    1|          0|
    |tmp_s_reg_207                                |   1|   0|    1|          0|
    +---------------------------------------------+----+----+-----+-----------+
    |Total                                        |  90|   0|   90|          0|
    +---------------------------------------------+----+----+-----+-----------+



================================================================
== Interface
================================================================
* Summary: 
+------------------------+-----+-----+------------+---------------+--------------+
|        RTL Ports       | Dir | Bits|  Protocol  | Source Object |    C Type    |
+------------------------+-----+-----+------------+---------------+--------------+
|ap_clk                  |  in |    1| ap_ctrl_hs |  solveStage4b | return value |
|ap_rst                  |  in |    1| ap_ctrl_hs |  solveStage4b | return value |
|ap_start                |  in |    1| ap_ctrl_hs |  solveStage4b | return value |
|ap_done                 | out |    1| ap_ctrl_hs |  solveStage4b | return value |
|ap_idle                 | out |    1| ap_ctrl_hs |  solveStage4b | return value |
|ap_ready                | out |    1| ap_ctrl_hs |  solveStage4b | return value |
|moveCounter_V_i         |  in |    8|   ap_ovld  | moveCounter_V |    pointer   |
|moveCounter_V_o         | out |    8|   ap_ovld  | moveCounter_V |    pointer   |
|moveCounter_V_o_ap_vld  | out |    1|   ap_ovld  | moveCounter_V |    pointer   |
|moves_V_address0        | out |    8|  ap_memory |    moves_V    |     array    |
|moves_V_ce0             | out |    1|  ap_memory |    moves_V    |     array    |
|moves_V_we0             | out |    1|  ap_memory |    moves_V    |     array    |
|moves_V_d0              | out |    4|  ap_memory |    moves_V    |     array    |
|cubieColor_V_address0   | out |    6|  ap_memory |  cubieColor_V |     array    |
|cubieColor_V_ce0        | out |    1|  ap_memory |  cubieColor_V |     array    |
|cubieColor_V_we0        | out |    1|  ap_memory |  cubieColor_V |     array    |
|cubieColor_V_d0         | out |    3|  ap_memory |  cubieColor_V |     array    |
|cubieColor_V_q0         |  in |    3|  ap_memory |  cubieColor_V |     array    |
|cubieColor_V_address1   | out |    6|  ap_memory |  cubieColor_V |     array    |
|cubieColor_V_ce1        | out |    1|  ap_memory |  cubieColor_V |     array    |
|cubieColor_V_we1        | out |    1|  ap_memory |  cubieColor_V |     array    |
|cubieColor_V_d1         | out |    3|  ap_memory |  cubieColor_V |     array    |
|cubieColor_V_q1         |  in |    3|  ap_memory |  cubieColor_V |     array    |
+------------------------+-----+-----+------------+---------------+--------------+

