

================================================================
== Vivado HLS Report for 'blockP2'
================================================================
* Date:           Thu Jul  4 02:09:05 2019

* Version:        2018.2 (Build 2258646 on Thu Jun 14 20:25:20 MDT 2018)
* Project:        kociembaHls
* Solution:       solution1
* Product family: zynq
* Target device:  xc7z020clg400-1


================================================================
== Performance Estimates
================================================================
+ Timing (ns): 
    * Summary: 
    +--------+-------+----------+------------+
    |  Clock | Target| Estimated| Uncertainty|
    +--------+-------+----------+------------+
    |ap_clk  |  10.00|     8.902|        1.25|
    +--------+-------+----------+------------+

+ Latency (clock cycles): 
    * Summary: 
    +-----+------------+-----+------------+---------+
    |      Latency     |     Interval     | Pipeline|
    | min |     max    | min |     max    |   Type  |
    +-----+------------+-----+------------+---------+
    |    6|  2110722008|    6|  2110722008|   none  |
    +-----+------------+-----+------------+---------+

    + Detail: 
        * Instance: 
        +-------------------+--------+-----+---------+-----+---------+---------+
        |                   |        |    Latency    |    Interval   | Pipeline|
        |      Instance     | Module | min |   max   | min |   max   |   Type  |
        +-------------------+--------+-----+---------+-----+---------+---------+
        |grp_phase2_fu_967  |phase2  |   16|  2110716|   16|  2110716|   none  |
        +-------------------+--------+-----+---------+-----+---------+---------+

        * Loop: 
        +----------+-----+------------+--------------+-----------+-----------+----------+----------+
        |          |      Latency     |   Iteration  |  Initiation Interval  |   Trip   |          |
        | Loop Name| min |     max    |    Latency   |  achieved |   target  |   Count  | Pipelined|
        +----------+-----+------------+--------------+-----------+-----------+----------+----------+
        |- Loop 1  |    4|  2110722005| 19 ~ 2110722 |          -|          -| 0 ~ 1000 |    no    |
        |- Loop 2  |    0|           0|             2|          -|          -|         0|    no    |
        +----------+-----+------------+--------------+-----------+-----------+----------+----------+



================================================================
== Utilization Estimates
================================================================
* Summary: 
+-----------------+---------+-------+--------+-------+
|       Name      | BRAM_18K| DSP48E|   FF   |  LUT  |
+-----------------+---------+-------+--------+-------+
|DSP              |        -|      -|       -|      -|
|Expression       |        -|      0|       0|    305|
|FIFO             |        -|      -|       -|      -|
|Instance         |        1|      1|    3097|   6327|
|Memory           |        0|      -|      16|      4|
|Multiplexer      |        -|      -|       -|    545|
|Register         |        -|      -|     116|      -|
+-----------------+---------+-------+--------+-------+
|Total            |        1|      1|    3229|   7181|
+-----------------+---------+-------+--------+-------+
|Available        |      280|    220|  106400|  53200|
+-----------------+---------+-------+--------+-------+
|Utilization (%)  |    ~0   |   ~0  |       3|     13|
+-----------------+---------+-------+--------+-------+

+ Detail: 
    * Instance: 
    +-------------------+--------+---------+-------+------+------+
    |      Instance     | Module | BRAM_18K| DSP48E|  FF  |  LUT |
    +-------------------+--------+---------+-------+------+------+
    |grp_phase2_fu_967  |phase2  |        1|      1|  3097|  6327|
    +-------------------+--------+---------+-------+------+------+
    |Total              |        |        1|      1|  3097|  6327|
    +-------------------+--------+---------+-------+------+------+

    * DSP48: 
    N/A

    * Memory: 
    +----------------+----------------------+---------+----+----+------+-----+------+-------------+
    |     Memory     |        Module        | BRAM_18K| FF | LUT| Words| Bits| Banks| W*Bits*Banks|
    +----------------+----------------------+---------+----+----+------+-----+------+-------------+
    |search_sol_i_U  |blockP2_search_soudo  |        0|  16|   4|    31|    8|     1|          248|
    +----------------+----------------------+---------+----+----+------+-----+------+-------------+
    |Total           |                      |        0|  16|   4|    31|    8|     1|          248|
    +----------------+----------------------+---------+----+----+------+-----+------+-------------+

    * FIFO: 
    N/A

    * Expression: 
    +----------------------------+----------+-------+---+----+------------+------------+
    |        Variable Name       | Operation| DSP48E| FF| LUT| Bitwidth P0| Bitwidth P1|
    +----------------------------+----------+-------+---+----+------------+------------+
    |mul9_fu_1148_p2             |     *    |      0|  0|  51|           9|           8|
    |mul_fu_1180_p2              |     *    |      0|  0|  51|           9|           8|
    |i_fu_1337_p2                |     +    |      0|  0|  15|           7|           1|
    |tmp_214_fu_1123_p2          |     +    |      0|  0|  15|           2|           9|
    |tmp_219_fu_1312_p2          |     +    |      0|  0|  15|           7|           2|
    |neg_mul2_fu_1208_p2         |     -    |      0|  0|  24|           1|          17|
    |neg_mul_fu_1258_p2          |     -    |      0|  0|  24|           1|          17|
    |neg_ti2_fu_1241_p2          |     -    |      0|  0|  15|           1|           7|
    |neg_ti_fu_1291_p2           |     -    |      0|  0|  15|           1|           7|
    |tmp_1_nbreadreq_fu_816_p42  |    and   |      0|  0|   2|           1|           1|
    |tmp_217_fu_1139_p2          |   icmp   |      0|  0|  11|           8|           8|
    |tmp_218_fu_1308_p2          |   icmp   |      0|  0|  11|           7|           7|
    |tmp_220_fu_1317_p2          |   icmp   |      0|  0|  11|           7|           7|
    |tmp_i_fu_1332_p2            |   icmp   |      0|  0|  11|           8|           8|
    |or_cond_fu_1322_p2          |    or    |      0|  0|   2|           1|           1|
    |p_v1_fu_1280_p3             |  select  |      0|  0|   9|           1|           9|
    |p_v_fu_1230_p3              |  select  |      0|  0|   9|           1|           9|
    |tmp_223_fu_1251_p3          |  select  |      0|  0|   7|           1|           7|
    |tmp_226_fu_1301_p3          |  select  |      0|  0|   7|           1|           7|
    +----------------------------+----------+-------+---+----+------------+------------+
    |Total                       |          |      0|  0| 305|          74|         140|
    +----------------------------+----------+-------+---+----+------------+------------+

    * Multiplexer: 
    +------------------------------+----+-----------+-----+-----------+
    |             Name             | LUT| Input Size| Bits| Total Bits|
    +------------------------------+----+-----------+-----+-----------+
    |P2Buffer_V_FRtoBR_read        |   9|          2|    1|          2|
    |P2Buffer_V_URFtoDLF_read      |   9|          2|    1|          2|
    |P2Buffer_V_URtoDF_read        |   9|          2|    1|          2|
    |P2Buffer_V_depthPhas_read     |   9|          2|    1|          2|
    |P2Buffer_V_flip_read          |   9|          2|    1|          2|
    |P2Buffer_V_i_0_read           |   9|          2|    1|          2|
    |P2Buffer_V_i_10_read          |   9|          2|    1|          2|
    |P2Buffer_V_i_11_read          |   9|          2|    1|          2|
    |P2Buffer_V_i_12_read          |   9|          2|    1|          2|
    |P2Buffer_V_i_13_read          |   9|          2|    1|          2|
    |P2Buffer_V_i_14_read          |   9|          2|    1|          2|
    |P2Buffer_V_i_15_read          |   9|          2|    1|          2|
    |P2Buffer_V_i_16_read          |   9|          2|    1|          2|
    |P2Buffer_V_i_17_read          |   9|          2|    1|          2|
    |P2Buffer_V_i_18_read          |   9|          2|    1|          2|
    |P2Buffer_V_i_19_read          |   9|          2|    1|          2|
    |P2Buffer_V_i_1_read           |   9|          2|    1|          2|
    |P2Buffer_V_i_20_read          |   9|          2|    1|          2|
    |P2Buffer_V_i_21_read          |   9|          2|    1|          2|
    |P2Buffer_V_i_22_read          |   9|          2|    1|          2|
    |P2Buffer_V_i_23_read          |   9|          2|    1|          2|
    |P2Buffer_V_i_24_read          |   9|          2|    1|          2|
    |P2Buffer_V_i_25_read          |   9|          2|    1|          2|
    |P2Buffer_V_i_26_read          |   9|          2|    1|          2|
    |P2Buffer_V_i_27_read          |   9|          2|    1|          2|
    |P2Buffer_V_i_28_read          |   9|          2|    1|          2|
    |P2Buffer_V_i_29_read          |   9|          2|    1|          2|
    |P2Buffer_V_i_2_read           |   9|          2|    1|          2|
    |P2Buffer_V_i_30_read          |   9|          2|    1|          2|
    |P2Buffer_V_i_3_read           |   9|          2|    1|          2|
    |P2Buffer_V_i_4_read           |   9|          2|    1|          2|
    |P2Buffer_V_i_5_read           |   9|          2|    1|          2|
    |P2Buffer_V_i_6_read           |   9|          2|    1|          2|
    |P2Buffer_V_i_7_read           |   9|          2|    1|          2|
    |P2Buffer_V_i_8_read           |   9|          2|    1|          2|
    |P2Buffer_V_i_9_read           |   9|          2|    1|          2|
    |P2Buffer_V_n_read             |   9|          2|    1|          2|
    |P2Buffer_V_parity_read        |   9|          2|    1|          2|
    |P2Buffer_V_slice_read         |   9|          2|    1|          2|
    |P2Buffer_V_twist_read         |   9|          2|    1|          2|
    |a                             |  15|          3|   32|         96|
    |a_ap_vld                      |  15|          3|    1|          3|
    |ap_NS_fsm                     |  47|         10|    1|         10|
    |i_i_reg_956                   |   9|          2|    7|         14|
    |m_axi_FRtoBR_Move2_ARVALID    |   9|          2|    1|          2|
    |m_axi_FRtoBR_Move2_RREADY     |   9|          2|    1|          2|
    |m_axi_URFtoDLF_Move2_ARVALID  |   9|          2|    1|          2|
    |m_axi_URFtoDLF_Move2_RREADY   |   9|          2|    1|          2|
    |m_axi_URtoDF_Move2_ARVALID    |   9|          2|    1|          2|
    |m_axi_URtoDF_Move2_RREADY     |   9|          2|    1|          2|
    |search_sol_i_address0         |  21|          4|    5|         20|
    |search_sol_i_ce0              |  15|          3|    1|          3|
    |search_sol_i_we0              |   9|          2|    1|          2|
    +------------------------------+----+-----------+-----+-----------+
    |Total                         | 545|        119|   94|        240|
    +------------------------------+----+-----------+-----+-----------+

    * Register: 
    +--------------------------------+----+----+-----+-----------+
    |              Name              | FF | LUT| Bits| Const Bits|
    +--------------------------------+----+----+-----+-----------+
    |ap_CS_fsm                       |   9|   0|    9|          0|
    |grp_phase2_fu_967_ap_start_reg  |   1|   0|    1|          0|
    |i_i_reg_956                     |   7|   0|    7|          0|
    |i_reg_1503                      |   7|   0|    7|          0|
    |or_cond_reg_1493                |   1|   0|    1|          0|
    |s_reg_1424                      |   8|   0|    8|          0|
    |search_sol_depthPhas            |   8|   0|    8|          0|
    |tmp_180_reg_1431                |   1|   0|    1|          0|
    |tmp_181_reg_1449                |  17|   0|   17|          0|
    |tmp_182_reg_1454                |   1|   0|    1|          0|
    |tmp_184_reg_1460                |   8|   0|    8|          0|
    |tmp_187_reg_1465                |  17|   0|   17|          0|
    |tmp_188_reg_1470                |   1|   0|    1|          0|
    |tmp_190_reg_1476                |   8|   0|    8|          0|
    |tmp_217_reg_1445                |   1|   0|    1|          0|
    |tmp_223_reg_1481                |   7|   0|    7|          0|
    |tmp_226_reg_1487                |   7|   0|    7|          0|
    |tmp_i_45_reg_1508               |   7|   0|   64|         57|
    +--------------------------------+----+----+-----+-----------+
    |Total                           | 116|   0|  173|         57|
    +--------------------------------+----+----+-----+-----------+



================================================================
== Interface
================================================================
* Summary: 
+------------------------------------+-----+-----+------------+------------------------------------+--------------+
|              RTL Ports             | Dir | Bits|  Protocol  |            Source Object           |    C Type    |
+------------------------------------+-----+-----+------------+------------------------------------+--------------+
|ap_clk                              |  in |    1| ap_ctrl_hs |               blockP2              | return value |
|ap_rst                              |  in |    1| ap_ctrl_hs |               blockP2              | return value |
|ap_start                            |  in |    1| ap_ctrl_hs |               blockP2              | return value |
|ap_done                             | out |    1| ap_ctrl_hs |               blockP2              | return value |
|ap_idle                             | out |    1| ap_ctrl_hs |               blockP2              | return value |
|ap_ready                            | out |    1| ap_ctrl_hs |               blockP2              | return value |
|URFtoDLF                            |  in |   16|   ap_none  |              URFtoDLF              |    scalar    |
|FRtoBR                              |  in |   16|   ap_none  |               FRtoBR               |    scalar    |
|parity                              |  in |    1|   ap_none  |               parity               |    scalar    |
|URtoUL                              |  in |   16|   ap_none  |               URtoUL               |    scalar    |
|UBtoDF                              |  in |   16|   ap_none  |               UBtoDF               |    scalar    |
|P3Buffer_0_parity_address0          | out |   10|  ap_memory |          P3Buffer_0_parity         |     array    |
|P3Buffer_0_parity_ce0               | out |    1|  ap_memory |          P3Buffer_0_parity         |     array    |
|P3Buffer_0_parity_we0               | out |    1|  ap_memory |          P3Buffer_0_parity         |     array    |
|P3Buffer_0_parity_d0                | out |    1|  ap_memory |          P3Buffer_0_parity         |     array    |
|P3Buffer_0_parity_q0                |  in |    1|  ap_memory |          P3Buffer_0_parity         |     array    |
|P3Buffer_0_URFtoDLF_address0        | out |   10|  ap_memory |         P3Buffer_0_URFtoDLF        |     array    |
|P3Buffer_0_URFtoDLF_ce0             | out |    1|  ap_memory |         P3Buffer_0_URFtoDLF        |     array    |
|P3Buffer_0_URFtoDLF_we0             | out |    1|  ap_memory |         P3Buffer_0_URFtoDLF        |     array    |
|P3Buffer_0_URFtoDLF_d0              | out |   16|  ap_memory |         P3Buffer_0_URFtoDLF        |     array    |
|P3Buffer_0_URFtoDLF_q0              |  in |   16|  ap_memory |         P3Buffer_0_URFtoDLF        |     array    |
|P3Buffer_0_FRtoBR_address0          | out |   10|  ap_memory |          P3Buffer_0_FRtoBR         |     array    |
|P3Buffer_0_FRtoBR_ce0               | out |    1|  ap_memory |          P3Buffer_0_FRtoBR         |     array    |
|P3Buffer_0_FRtoBR_we0               | out |    1|  ap_memory |          P3Buffer_0_FRtoBR         |     array    |
|P3Buffer_0_FRtoBR_d0                | out |   16|  ap_memory |          P3Buffer_0_FRtoBR         |     array    |
|P3Buffer_0_FRtoBR_q0                |  in |   16|  ap_memory |          P3Buffer_0_FRtoBR         |     array    |
|P3Buffer_0_URtoDF_address0          | out |   10|  ap_memory |          P3Buffer_0_URtoDF         |     array    |
|P3Buffer_0_URtoDF_ce0               | out |    1|  ap_memory |          P3Buffer_0_URtoDF         |     array    |
|P3Buffer_0_URtoDF_we0               | out |    1|  ap_memory |          P3Buffer_0_URtoDF         |     array    |
|P3Buffer_0_URtoDF_d0                | out |   16|  ap_memory |          P3Buffer_0_URtoDF         |     array    |
|P3Buffer_0_URtoDF_q0                |  in |   16|  ap_memory |          P3Buffer_0_URtoDF         |     array    |
|P3Buffer_0_n_address0               | out |   10|  ap_memory |            P3Buffer_0_n            |     array    |
|P3Buffer_0_n_ce0                    | out |    1|  ap_memory |            P3Buffer_0_n            |     array    |
|P3Buffer_0_n_we0                    | out |    1|  ap_memory |            P3Buffer_0_n            |     array    |
|P3Buffer_0_n_d0                     | out |    8|  ap_memory |            P3Buffer_0_n            |     array    |
|P3Buffer_0_n_q0                     |  in |    8|  ap_memory |            P3Buffer_0_n            |     array    |
|P3Buffer_0_i_address0               | out |   15|  ap_memory |            P3Buffer_0_i            |     array    |
|P3Buffer_0_i_ce0                    | out |    1|  ap_memory |            P3Buffer_0_i            |     array    |
|P3Buffer_0_i_we0                    | out |    1|  ap_memory |            P3Buffer_0_i            |     array    |
|P3Buffer_0_i_d0                     | out |    8|  ap_memory |            P3Buffer_0_i            |     array    |
|P3Buffer_0_i_q0                     |  in |    8|  ap_memory |            P3Buffer_0_i            |     array    |
|P3Buffer_0_i_address1               | out |   15|  ap_memory |            P3Buffer_0_i            |     array    |
|P3Buffer_0_i_ce1                    | out |    1|  ap_memory |            P3Buffer_0_i            |     array    |
|P3Buffer_0_i_we1                    | out |    1|  ap_memory |            P3Buffer_0_i            |     array    |
|P3Buffer_0_i_d1                     | out |    8|  ap_memory |            P3Buffer_0_i            |     array    |
|P3Buffer_0_i_q1                     |  in |    8|  ap_memory |            P3Buffer_0_i            |     array    |
|maxDepth                            |  in |    8|   ap_none  |              maxDepth              |    scalar    |
|encode_length                       | out |    8|   ap_vld   |            encode_length           |    pointer   |
|encode_length_ap_vld                | out |    1|   ap_vld   |            encode_length           |    pointer   |
|encode_array_address0               | out |    5|  ap_memory |            encode_array            |     array    |
|encode_array_ce0                    | out |    1|  ap_memory |            encode_array            |     array    |
|encode_array_we0                    | out |    1|  ap_memory |            encode_array            |     array    |
|encode_array_d0                     | out |    8|  ap_memory |            encode_array            |     array    |
|m_axi_FRtoBR_Move2_AWVALID          | out |    1|    m_axi   |            FRtoBR_Move2            |    pointer   |
|m_axi_FRtoBR_Move2_AWREADY          |  in |    1|    m_axi   |            FRtoBR_Move2            |    pointer   |
|m_axi_FRtoBR_Move2_AWADDR           | out |   32|    m_axi   |            FRtoBR_Move2            |    pointer   |
|m_axi_FRtoBR_Move2_AWID             | out |    1|    m_axi   |            FRtoBR_Move2            |    pointer   |
|m_axi_FRtoBR_Move2_AWLEN            | out |   32|    m_axi   |            FRtoBR_Move2            |    pointer   |
|m_axi_FRtoBR_Move2_AWSIZE           | out |    3|    m_axi   |            FRtoBR_Move2            |    pointer   |
|m_axi_FRtoBR_Move2_AWBURST          | out |    2|    m_axi   |            FRtoBR_Move2            |    pointer   |
|m_axi_FRtoBR_Move2_AWLOCK           | out |    2|    m_axi   |            FRtoBR_Move2            |    pointer   |
|m_axi_FRtoBR_Move2_AWCACHE          | out |    4|    m_axi   |            FRtoBR_Move2            |    pointer   |
|m_axi_FRtoBR_Move2_AWPROT           | out |    3|    m_axi   |            FRtoBR_Move2            |    pointer   |
|m_axi_FRtoBR_Move2_AWQOS            | out |    4|    m_axi   |            FRtoBR_Move2            |    pointer   |
|m_axi_FRtoBR_Move2_AWREGION         | out |    4|    m_axi   |            FRtoBR_Move2            |    pointer   |
|m_axi_FRtoBR_Move2_AWUSER           | out |    1|    m_axi   |            FRtoBR_Move2            |    pointer   |
|m_axi_FRtoBR_Move2_WVALID           | out |    1|    m_axi   |            FRtoBR_Move2            |    pointer   |
|m_axi_FRtoBR_Move2_WREADY           |  in |    1|    m_axi   |            FRtoBR_Move2            |    pointer   |
|m_axi_FRtoBR_Move2_WDATA            | out |   16|    m_axi   |            FRtoBR_Move2            |    pointer   |
|m_axi_FRtoBR_Move2_WSTRB            | out |    2|    m_axi   |            FRtoBR_Move2            |    pointer   |
|m_axi_FRtoBR_Move2_WLAST            | out |    1|    m_axi   |            FRtoBR_Move2            |    pointer   |
|m_axi_FRtoBR_Move2_WID              | out |    1|    m_axi   |            FRtoBR_Move2            |    pointer   |
|m_axi_FRtoBR_Move2_WUSER            | out |    1|    m_axi   |            FRtoBR_Move2            |    pointer   |
|m_axi_FRtoBR_Move2_ARVALID          | out |    1|    m_axi   |            FRtoBR_Move2            |    pointer   |
|m_axi_FRtoBR_Move2_ARREADY          |  in |    1|    m_axi   |            FRtoBR_Move2            |    pointer   |
|m_axi_FRtoBR_Move2_ARADDR           | out |   32|    m_axi   |            FRtoBR_Move2            |    pointer   |
|m_axi_FRtoBR_Move2_ARID             | out |    1|    m_axi   |            FRtoBR_Move2            |    pointer   |
|m_axi_FRtoBR_Move2_ARLEN            | out |   32|    m_axi   |            FRtoBR_Move2            |    pointer   |
|m_axi_FRtoBR_Move2_ARSIZE           | out |    3|    m_axi   |            FRtoBR_Move2            |    pointer   |
|m_axi_FRtoBR_Move2_ARBURST          | out |    2|    m_axi   |            FRtoBR_Move2            |    pointer   |
|m_axi_FRtoBR_Move2_ARLOCK           | out |    2|    m_axi   |            FRtoBR_Move2            |    pointer   |
|m_axi_FRtoBR_Move2_ARCACHE          | out |    4|    m_axi   |            FRtoBR_Move2            |    pointer   |
|m_axi_FRtoBR_Move2_ARPROT           | out |    3|    m_axi   |            FRtoBR_Move2            |    pointer   |
|m_axi_FRtoBR_Move2_ARQOS            | out |    4|    m_axi   |            FRtoBR_Move2            |    pointer   |
|m_axi_FRtoBR_Move2_ARREGION         | out |    4|    m_axi   |            FRtoBR_Move2            |    pointer   |
|m_axi_FRtoBR_Move2_ARUSER           | out |    1|    m_axi   |            FRtoBR_Move2            |    pointer   |
|m_axi_FRtoBR_Move2_RVALID           |  in |    1|    m_axi   |            FRtoBR_Move2            |    pointer   |
|m_axi_FRtoBR_Move2_RREADY           | out |    1|    m_axi   |            FRtoBR_Move2            |    pointer   |
|m_axi_FRtoBR_Move2_RDATA            |  in |   16|    m_axi   |            FRtoBR_Move2            |    pointer   |
|m_axi_FRtoBR_Move2_RLAST            |  in |    1|    m_axi   |            FRtoBR_Move2            |    pointer   |
|m_axi_FRtoBR_Move2_RID              |  in |    1|    m_axi   |            FRtoBR_Move2            |    pointer   |
|m_axi_FRtoBR_Move2_RUSER            |  in |    1|    m_axi   |            FRtoBR_Move2            |    pointer   |
|m_axi_FRtoBR_Move2_RRESP            |  in |    2|    m_axi   |            FRtoBR_Move2            |    pointer   |
|m_axi_FRtoBR_Move2_BVALID           |  in |    1|    m_axi   |            FRtoBR_Move2            |    pointer   |
|m_axi_FRtoBR_Move2_BREADY           | out |    1|    m_axi   |            FRtoBR_Move2            |    pointer   |
|m_axi_FRtoBR_Move2_BRESP            |  in |    2|    m_axi   |            FRtoBR_Move2            |    pointer   |
|m_axi_FRtoBR_Move2_BID              |  in |    1|    m_axi   |            FRtoBR_Move2            |    pointer   |
|m_axi_FRtoBR_Move2_BUSER            |  in |    1|    m_axi   |            FRtoBR_Move2            |    pointer   |
|FRtoBR_Move2_offset                 |  in |   31|   ap_none  |         FRtoBR_Move2_offset        |    scalar    |
|m_axi_URFtoDLF_Move2_AWVALID        | out |    1|    m_axi   |           URFtoDLF_Move2           |    pointer   |
|m_axi_URFtoDLF_Move2_AWREADY        |  in |    1|    m_axi   |           URFtoDLF_Move2           |    pointer   |
|m_axi_URFtoDLF_Move2_AWADDR         | out |   32|    m_axi   |           URFtoDLF_Move2           |    pointer   |
|m_axi_URFtoDLF_Move2_AWID           | out |    1|    m_axi   |           URFtoDLF_Move2           |    pointer   |
|m_axi_URFtoDLF_Move2_AWLEN          | out |   32|    m_axi   |           URFtoDLF_Move2           |    pointer   |
|m_axi_URFtoDLF_Move2_AWSIZE         | out |    3|    m_axi   |           URFtoDLF_Move2           |    pointer   |
|m_axi_URFtoDLF_Move2_AWBURST        | out |    2|    m_axi   |           URFtoDLF_Move2           |    pointer   |
|m_axi_URFtoDLF_Move2_AWLOCK         | out |    2|    m_axi   |           URFtoDLF_Move2           |    pointer   |
|m_axi_URFtoDLF_Move2_AWCACHE        | out |    4|    m_axi   |           URFtoDLF_Move2           |    pointer   |
|m_axi_URFtoDLF_Move2_AWPROT         | out |    3|    m_axi   |           URFtoDLF_Move2           |    pointer   |
|m_axi_URFtoDLF_Move2_AWQOS          | out |    4|    m_axi   |           URFtoDLF_Move2           |    pointer   |
|m_axi_URFtoDLF_Move2_AWREGION       | out |    4|    m_axi   |           URFtoDLF_Move2           |    pointer   |
|m_axi_URFtoDLF_Move2_AWUSER         | out |    1|    m_axi   |           URFtoDLF_Move2           |    pointer   |
|m_axi_URFtoDLF_Move2_WVALID         | out |    1|    m_axi   |           URFtoDLF_Move2           |    pointer   |
|m_axi_URFtoDLF_Move2_WREADY         |  in |    1|    m_axi   |           URFtoDLF_Move2           |    pointer   |
|m_axi_URFtoDLF_Move2_WDATA          | out |   16|    m_axi   |           URFtoDLF_Move2           |    pointer   |
|m_axi_URFtoDLF_Move2_WSTRB          | out |    2|    m_axi   |           URFtoDLF_Move2           |    pointer   |
|m_axi_URFtoDLF_Move2_WLAST          | out |    1|    m_axi   |           URFtoDLF_Move2           |    pointer   |
|m_axi_URFtoDLF_Move2_WID            | out |    1|    m_axi   |           URFtoDLF_Move2           |    pointer   |
|m_axi_URFtoDLF_Move2_WUSER          | out |    1|    m_axi   |           URFtoDLF_Move2           |    pointer   |
|m_axi_URFtoDLF_Move2_ARVALID        | out |    1|    m_axi   |           URFtoDLF_Move2           |    pointer   |
|m_axi_URFtoDLF_Move2_ARREADY        |  in |    1|    m_axi   |           URFtoDLF_Move2           |    pointer   |
|m_axi_URFtoDLF_Move2_ARADDR         | out |   32|    m_axi   |           URFtoDLF_Move2           |    pointer   |
|m_axi_URFtoDLF_Move2_ARID           | out |    1|    m_axi   |           URFtoDLF_Move2           |    pointer   |
|m_axi_URFtoDLF_Move2_ARLEN          | out |   32|    m_axi   |           URFtoDLF_Move2           |    pointer   |
|m_axi_URFtoDLF_Move2_ARSIZE         | out |    3|    m_axi   |           URFtoDLF_Move2           |    pointer   |
|m_axi_URFtoDLF_Move2_ARBURST        | out |    2|    m_axi   |           URFtoDLF_Move2           |    pointer   |
|m_axi_URFtoDLF_Move2_ARLOCK         | out |    2|    m_axi   |           URFtoDLF_Move2           |    pointer   |
|m_axi_URFtoDLF_Move2_ARCACHE        | out |    4|    m_axi   |           URFtoDLF_Move2           |    pointer   |
|m_axi_URFtoDLF_Move2_ARPROT         | out |    3|    m_axi   |           URFtoDLF_Move2           |    pointer   |
|m_axi_URFtoDLF_Move2_ARQOS          | out |    4|    m_axi   |           URFtoDLF_Move2           |    pointer   |
|m_axi_URFtoDLF_Move2_ARREGION       | out |    4|    m_axi   |           URFtoDLF_Move2           |    pointer   |
|m_axi_URFtoDLF_Move2_ARUSER         | out |    1|    m_axi   |           URFtoDLF_Move2           |    pointer   |
|m_axi_URFtoDLF_Move2_RVALID         |  in |    1|    m_axi   |           URFtoDLF_Move2           |    pointer   |
|m_axi_URFtoDLF_Move2_RREADY         | out |    1|    m_axi   |           URFtoDLF_Move2           |    pointer   |
|m_axi_URFtoDLF_Move2_RDATA          |  in |   16|    m_axi   |           URFtoDLF_Move2           |    pointer   |
|m_axi_URFtoDLF_Move2_RLAST          |  in |    1|    m_axi   |           URFtoDLF_Move2           |    pointer   |
|m_axi_URFtoDLF_Move2_RID            |  in |    1|    m_axi   |           URFtoDLF_Move2           |    pointer   |
|m_axi_URFtoDLF_Move2_RUSER          |  in |    1|    m_axi   |           URFtoDLF_Move2           |    pointer   |
|m_axi_URFtoDLF_Move2_RRESP          |  in |    2|    m_axi   |           URFtoDLF_Move2           |    pointer   |
|m_axi_URFtoDLF_Move2_BVALID         |  in |    1|    m_axi   |           URFtoDLF_Move2           |    pointer   |
|m_axi_URFtoDLF_Move2_BREADY         | out |    1|    m_axi   |           URFtoDLF_Move2           |    pointer   |
|m_axi_URFtoDLF_Move2_BRESP          |  in |    2|    m_axi   |           URFtoDLF_Move2           |    pointer   |
|m_axi_URFtoDLF_Move2_BID            |  in |    1|    m_axi   |           URFtoDLF_Move2           |    pointer   |
|m_axi_URFtoDLF_Move2_BUSER          |  in |    1|    m_axi   |           URFtoDLF_Move2           |    pointer   |
|URFtoDLF_Move2_offset               |  in |   31|   ap_none  |        URFtoDLF_Move2_offset       |    scalar    |
|m_axi_URtoDF_Move2_AWVALID          | out |    1|    m_axi   |            URtoDF_Move2            |    pointer   |
|m_axi_URtoDF_Move2_AWREADY          |  in |    1|    m_axi   |            URtoDF_Move2            |    pointer   |
|m_axi_URtoDF_Move2_AWADDR           | out |   32|    m_axi   |            URtoDF_Move2            |    pointer   |
|m_axi_URtoDF_Move2_AWID             | out |    1|    m_axi   |            URtoDF_Move2            |    pointer   |
|m_axi_URtoDF_Move2_AWLEN            | out |   32|    m_axi   |            URtoDF_Move2            |    pointer   |
|m_axi_URtoDF_Move2_AWSIZE           | out |    3|    m_axi   |            URtoDF_Move2            |    pointer   |
|m_axi_URtoDF_Move2_AWBURST          | out |    2|    m_axi   |            URtoDF_Move2            |    pointer   |
|m_axi_URtoDF_Move2_AWLOCK           | out |    2|    m_axi   |            URtoDF_Move2            |    pointer   |
|m_axi_URtoDF_Move2_AWCACHE          | out |    4|    m_axi   |            URtoDF_Move2            |    pointer   |
|m_axi_URtoDF_Move2_AWPROT           | out |    3|    m_axi   |            URtoDF_Move2            |    pointer   |
|m_axi_URtoDF_Move2_AWQOS            | out |    4|    m_axi   |            URtoDF_Move2            |    pointer   |
|m_axi_URtoDF_Move2_AWREGION         | out |    4|    m_axi   |            URtoDF_Move2            |    pointer   |
|m_axi_URtoDF_Move2_AWUSER           | out |    1|    m_axi   |            URtoDF_Move2            |    pointer   |
|m_axi_URtoDF_Move2_WVALID           | out |    1|    m_axi   |            URtoDF_Move2            |    pointer   |
|m_axi_URtoDF_Move2_WREADY           |  in |    1|    m_axi   |            URtoDF_Move2            |    pointer   |
|m_axi_URtoDF_Move2_WDATA            | out |   16|    m_axi   |            URtoDF_Move2            |    pointer   |
|m_axi_URtoDF_Move2_WSTRB            | out |    2|    m_axi   |            URtoDF_Move2            |    pointer   |
|m_axi_URtoDF_Move2_WLAST            | out |    1|    m_axi   |            URtoDF_Move2            |    pointer   |
|m_axi_URtoDF_Move2_WID              | out |    1|    m_axi   |            URtoDF_Move2            |    pointer   |
|m_axi_URtoDF_Move2_WUSER            | out |    1|    m_axi   |            URtoDF_Move2            |    pointer   |
|m_axi_URtoDF_Move2_ARVALID          | out |    1|    m_axi   |            URtoDF_Move2            |    pointer   |
|m_axi_URtoDF_Move2_ARREADY          |  in |    1|    m_axi   |            URtoDF_Move2            |    pointer   |
|m_axi_URtoDF_Move2_ARADDR           | out |   32|    m_axi   |            URtoDF_Move2            |    pointer   |
|m_axi_URtoDF_Move2_ARID             | out |    1|    m_axi   |            URtoDF_Move2            |    pointer   |
|m_axi_URtoDF_Move2_ARLEN            | out |   32|    m_axi   |            URtoDF_Move2            |    pointer   |
|m_axi_URtoDF_Move2_ARSIZE           | out |    3|    m_axi   |            URtoDF_Move2            |    pointer   |
|m_axi_URtoDF_Move2_ARBURST          | out |    2|    m_axi   |            URtoDF_Move2            |    pointer   |
|m_axi_URtoDF_Move2_ARLOCK           | out |    2|    m_axi   |            URtoDF_Move2            |    pointer   |
|m_axi_URtoDF_Move2_ARCACHE          | out |    4|    m_axi   |            URtoDF_Move2            |    pointer   |
|m_axi_URtoDF_Move2_ARPROT           | out |    3|    m_axi   |            URtoDF_Move2            |    pointer   |
|m_axi_URtoDF_Move2_ARQOS            | out |    4|    m_axi   |            URtoDF_Move2            |    pointer   |
|m_axi_URtoDF_Move2_ARREGION         | out |    4|    m_axi   |            URtoDF_Move2            |    pointer   |
|m_axi_URtoDF_Move2_ARUSER           | out |    1|    m_axi   |            URtoDF_Move2            |    pointer   |
|m_axi_URtoDF_Move2_RVALID           |  in |    1|    m_axi   |            URtoDF_Move2            |    pointer   |
|m_axi_URtoDF_Move2_RREADY           | out |    1|    m_axi   |            URtoDF_Move2            |    pointer   |
|m_axi_URtoDF_Move2_RDATA            |  in |   16|    m_axi   |            URtoDF_Move2            |    pointer   |
|m_axi_URtoDF_Move2_RLAST            |  in |    1|    m_axi   |            URtoDF_Move2            |    pointer   |
|m_axi_URtoDF_Move2_RID              |  in |    1|    m_axi   |            URtoDF_Move2            |    pointer   |
|m_axi_URtoDF_Move2_RUSER            |  in |    1|    m_axi   |            URtoDF_Move2            |    pointer   |
|m_axi_URtoDF_Move2_RRESP            |  in |    2|    m_axi   |            URtoDF_Move2            |    pointer   |
|m_axi_URtoDF_Move2_BVALID           |  in |    1|    m_axi   |            URtoDF_Move2            |    pointer   |
|m_axi_URtoDF_Move2_BREADY           | out |    1|    m_axi   |            URtoDF_Move2            |    pointer   |
|m_axi_URtoDF_Move2_BRESP            |  in |    2|    m_axi   |            URtoDF_Move2            |    pointer   |
|m_axi_URtoDF_Move2_BID              |  in |    1|    m_axi   |            URtoDF_Move2            |    pointer   |
|m_axi_URtoDF_Move2_BUSER            |  in |    1|    m_axi   |            URtoDF_Move2            |    pointer   |
|URtoDF_Move2_offset                 |  in |   31|   ap_none  |         URtoDF_Move2_offset        |    scalar    |
|URtoUL_Move2_offset                 |  in |   31|   ap_none  |         URtoUL_Move2_offset        |    scalar    |
|UBtoDF_Move2_offset                 |  in |   31|   ap_none  |         UBtoDF_Move2_offset        |    scalar    |
|MergeURtoULandUBtoDF2_offset        |  in |   31|   ap_none  |    MergeURtoULandUBtoDF2_offset    |    scalar    |
|Slice_URFtoDLF_Parity_Prun2_offset  |  in |   31|   ap_none  | Slice_URFtoDLF_Parity_Prun2_offset |    scalar    |
|Slice_URtoDF_Parity_Prun2_offset    |  in |   31|   ap_none  |  Slice_URtoDF_Parity_Prun2_offset  |    scalar    |
|P2Buffer_V_flip_dout                |  in |   16|   ap_fifo  |           P2Buffer_V_flip          |    pointer   |
|P2Buffer_V_flip_empty_n             |  in |    1|   ap_fifo  |           P2Buffer_V_flip          |    pointer   |
|P2Buffer_V_flip_read                | out |    1|   ap_fifo  |           P2Buffer_V_flip          |    pointer   |
|P2Buffer_V_twist_dout               |  in |   16|   ap_fifo  |          P2Buffer_V_twist          |    pointer   |
|P2Buffer_V_twist_empty_n            |  in |    1|   ap_fifo  |          P2Buffer_V_twist          |    pointer   |
|P2Buffer_V_twist_read               | out |    1|   ap_fifo  |          P2Buffer_V_twist          |    pointer   |
|P2Buffer_V_slice_dout               |  in |   16|   ap_fifo  |          P2Buffer_V_slice          |    pointer   |
|P2Buffer_V_slice_empty_n            |  in |    1|   ap_fifo  |          P2Buffer_V_slice          |    pointer   |
|P2Buffer_V_slice_read               | out |    1|   ap_fifo  |          P2Buffer_V_slice          |    pointer   |
|P2Buffer_V_parity_dout              |  in |    1|   ap_fifo  |          P2Buffer_V_parity         |    pointer   |
|P2Buffer_V_parity_empty_n           |  in |    1|   ap_fifo  |          P2Buffer_V_parity         |    pointer   |
|P2Buffer_V_parity_read              | out |    1|   ap_fifo  |          P2Buffer_V_parity         |    pointer   |
|P2Buffer_V_URFtoDLF_dout            |  in |   16|   ap_fifo  |         P2Buffer_V_URFtoDLF        |    pointer   |
|P2Buffer_V_URFtoDLF_empty_n         |  in |    1|   ap_fifo  |         P2Buffer_V_URFtoDLF        |    pointer   |
|P2Buffer_V_URFtoDLF_read            | out |    1|   ap_fifo  |         P2Buffer_V_URFtoDLF        |    pointer   |
|P2Buffer_V_FRtoBR_dout              |  in |   16|   ap_fifo  |          P2Buffer_V_FRtoBR         |    pointer   |
|P2Buffer_V_FRtoBR_empty_n           |  in |    1|   ap_fifo  |          P2Buffer_V_FRtoBR         |    pointer   |
|P2Buffer_V_FRtoBR_read              | out |    1|   ap_fifo  |          P2Buffer_V_FRtoBR         |    pointer   |
|P2Buffer_V_URtoDF_dout              |  in |   16|   ap_fifo  |          P2Buffer_V_URtoDF         |    pointer   |
|P2Buffer_V_URtoDF_empty_n           |  in |    1|   ap_fifo  |          P2Buffer_V_URtoDF         |    pointer   |
|P2Buffer_V_URtoDF_read              | out |    1|   ap_fifo  |          P2Buffer_V_URtoDF         |    pointer   |
|P2Buffer_V_depthPhas_dout           |  in |    8|   ap_fifo  |        P2Buffer_V_depthPhas        |    pointer   |
|P2Buffer_V_depthPhas_empty_n        |  in |    1|   ap_fifo  |        P2Buffer_V_depthPhas        |    pointer   |
|P2Buffer_V_depthPhas_read           | out |    1|   ap_fifo  |        P2Buffer_V_depthPhas        |    pointer   |
|P2Buffer_V_n_dout                   |  in |    8|   ap_fifo  |            P2Buffer_V_n            |    pointer   |
|P2Buffer_V_n_empty_n                |  in |    1|   ap_fifo  |            P2Buffer_V_n            |    pointer   |
|P2Buffer_V_n_read                   | out |    1|   ap_fifo  |            P2Buffer_V_n            |    pointer   |
|P2Buffer_V_i_0_dout                 |  in |    8|   ap_fifo  |           P2Buffer_V_i_0           |    pointer   |
|P2Buffer_V_i_0_empty_n              |  in |    1|   ap_fifo  |           P2Buffer_V_i_0           |    pointer   |
|P2Buffer_V_i_0_read                 | out |    1|   ap_fifo  |           P2Buffer_V_i_0           |    pointer   |
|P2Buffer_V_i_1_dout                 |  in |    8|   ap_fifo  |           P2Buffer_V_i_1           |    pointer   |
|P2Buffer_V_i_1_empty_n              |  in |    1|   ap_fifo  |           P2Buffer_V_i_1           |    pointer   |
|P2Buffer_V_i_1_read                 | out |    1|   ap_fifo  |           P2Buffer_V_i_1           |    pointer   |
|P2Buffer_V_i_2_dout                 |  in |    8|   ap_fifo  |           P2Buffer_V_i_2           |    pointer   |
|P2Buffer_V_i_2_empty_n              |  in |    1|   ap_fifo  |           P2Buffer_V_i_2           |    pointer   |
|P2Buffer_V_i_2_read                 | out |    1|   ap_fifo  |           P2Buffer_V_i_2           |    pointer   |
|P2Buffer_V_i_3_dout                 |  in |    8|   ap_fifo  |           P2Buffer_V_i_3           |    pointer   |
|P2Buffer_V_i_3_empty_n              |  in |    1|   ap_fifo  |           P2Buffer_V_i_3           |    pointer   |
|P2Buffer_V_i_3_read                 | out |    1|   ap_fifo  |           P2Buffer_V_i_3           |    pointer   |
|P2Buffer_V_i_4_dout                 |  in |    8|   ap_fifo  |           P2Buffer_V_i_4           |    pointer   |
|P2Buffer_V_i_4_empty_n              |  in |    1|   ap_fifo  |           P2Buffer_V_i_4           |    pointer   |
|P2Buffer_V_i_4_read                 | out |    1|   ap_fifo  |           P2Buffer_V_i_4           |    pointer   |
|P2Buffer_V_i_5_dout                 |  in |    8|   ap_fifo  |           P2Buffer_V_i_5           |    pointer   |
|P2Buffer_V_i_5_empty_n              |  in |    1|   ap_fifo  |           P2Buffer_V_i_5           |    pointer   |
|P2Buffer_V_i_5_read                 | out |    1|   ap_fifo  |           P2Buffer_V_i_5           |    pointer   |
|P2Buffer_V_i_6_dout                 |  in |    8|   ap_fifo  |           P2Buffer_V_i_6           |    pointer   |
|P2Buffer_V_i_6_empty_n              |  in |    1|   ap_fifo  |           P2Buffer_V_i_6           |    pointer   |
|P2Buffer_V_i_6_read                 | out |    1|   ap_fifo  |           P2Buffer_V_i_6           |    pointer   |
|P2Buffer_V_i_7_dout                 |  in |    8|   ap_fifo  |           P2Buffer_V_i_7           |    pointer   |
|P2Buffer_V_i_7_empty_n              |  in |    1|   ap_fifo  |           P2Buffer_V_i_7           |    pointer   |
|P2Buffer_V_i_7_read                 | out |    1|   ap_fifo  |           P2Buffer_V_i_7           |    pointer   |
|P2Buffer_V_i_8_dout                 |  in |    8|   ap_fifo  |           P2Buffer_V_i_8           |    pointer   |
|P2Buffer_V_i_8_empty_n              |  in |    1|   ap_fifo  |           P2Buffer_V_i_8           |    pointer   |
|P2Buffer_V_i_8_read                 | out |    1|   ap_fifo  |           P2Buffer_V_i_8           |    pointer   |
|P2Buffer_V_i_9_dout                 |  in |    8|   ap_fifo  |           P2Buffer_V_i_9           |    pointer   |
|P2Buffer_V_i_9_empty_n              |  in |    1|   ap_fifo  |           P2Buffer_V_i_9           |    pointer   |
|P2Buffer_V_i_9_read                 | out |    1|   ap_fifo  |           P2Buffer_V_i_9           |    pointer   |
|P2Buffer_V_i_10_dout                |  in |    8|   ap_fifo  |           P2Buffer_V_i_10          |    pointer   |
|P2Buffer_V_i_10_empty_n             |  in |    1|   ap_fifo  |           P2Buffer_V_i_10          |    pointer   |
|P2Buffer_V_i_10_read                | out |    1|   ap_fifo  |           P2Buffer_V_i_10          |    pointer   |
|P2Buffer_V_i_11_dout                |  in |    8|   ap_fifo  |           P2Buffer_V_i_11          |    pointer   |
|P2Buffer_V_i_11_empty_n             |  in |    1|   ap_fifo  |           P2Buffer_V_i_11          |    pointer   |
|P2Buffer_V_i_11_read                | out |    1|   ap_fifo  |           P2Buffer_V_i_11          |    pointer   |
|P2Buffer_V_i_12_dout                |  in |    8|   ap_fifo  |           P2Buffer_V_i_12          |    pointer   |
|P2Buffer_V_i_12_empty_n             |  in |    1|   ap_fifo  |           P2Buffer_V_i_12          |    pointer   |
|P2Buffer_V_i_12_read                | out |    1|   ap_fifo  |           P2Buffer_V_i_12          |    pointer   |
|P2Buffer_V_i_13_dout                |  in |    8|   ap_fifo  |           P2Buffer_V_i_13          |    pointer   |
|P2Buffer_V_i_13_empty_n             |  in |    1|   ap_fifo  |           P2Buffer_V_i_13          |    pointer   |
|P2Buffer_V_i_13_read                | out |    1|   ap_fifo  |           P2Buffer_V_i_13          |    pointer   |
|P2Buffer_V_i_14_dout                |  in |    8|   ap_fifo  |           P2Buffer_V_i_14          |    pointer   |
|P2Buffer_V_i_14_empty_n             |  in |    1|   ap_fifo  |           P2Buffer_V_i_14          |    pointer   |
|P2Buffer_V_i_14_read                | out |    1|   ap_fifo  |           P2Buffer_V_i_14          |    pointer   |
|P2Buffer_V_i_15_dout                |  in |    8|   ap_fifo  |           P2Buffer_V_i_15          |    pointer   |
|P2Buffer_V_i_15_empty_n             |  in |    1|   ap_fifo  |           P2Buffer_V_i_15          |    pointer   |
|P2Buffer_V_i_15_read                | out |    1|   ap_fifo  |           P2Buffer_V_i_15          |    pointer   |
|P2Buffer_V_i_16_dout                |  in |    8|   ap_fifo  |           P2Buffer_V_i_16          |    pointer   |
|P2Buffer_V_i_16_empty_n             |  in |    1|   ap_fifo  |           P2Buffer_V_i_16          |    pointer   |
|P2Buffer_V_i_16_read                | out |    1|   ap_fifo  |           P2Buffer_V_i_16          |    pointer   |
|P2Buffer_V_i_17_dout                |  in |    8|   ap_fifo  |           P2Buffer_V_i_17          |    pointer   |
|P2Buffer_V_i_17_empty_n             |  in |    1|   ap_fifo  |           P2Buffer_V_i_17          |    pointer   |
|P2Buffer_V_i_17_read                | out |    1|   ap_fifo  |           P2Buffer_V_i_17          |    pointer   |
|P2Buffer_V_i_18_dout                |  in |    8|   ap_fifo  |           P2Buffer_V_i_18          |    pointer   |
|P2Buffer_V_i_18_empty_n             |  in |    1|   ap_fifo  |           P2Buffer_V_i_18          |    pointer   |
|P2Buffer_V_i_18_read                | out |    1|   ap_fifo  |           P2Buffer_V_i_18          |    pointer   |
|P2Buffer_V_i_19_dout                |  in |    8|   ap_fifo  |           P2Buffer_V_i_19          |    pointer   |
|P2Buffer_V_i_19_empty_n             |  in |    1|   ap_fifo  |           P2Buffer_V_i_19          |    pointer   |
|P2Buffer_V_i_19_read                | out |    1|   ap_fifo  |           P2Buffer_V_i_19          |    pointer   |
|P2Buffer_V_i_20_dout                |  in |    8|   ap_fifo  |           P2Buffer_V_i_20          |    pointer   |
|P2Buffer_V_i_20_empty_n             |  in |    1|   ap_fifo  |           P2Buffer_V_i_20          |    pointer   |
|P2Buffer_V_i_20_read                | out |    1|   ap_fifo  |           P2Buffer_V_i_20          |    pointer   |
|P2Buffer_V_i_21_dout                |  in |    8|   ap_fifo  |           P2Buffer_V_i_21          |    pointer   |
|P2Buffer_V_i_21_empty_n             |  in |    1|   ap_fifo  |           P2Buffer_V_i_21          |    pointer   |
|P2Buffer_V_i_21_read                | out |    1|   ap_fifo  |           P2Buffer_V_i_21          |    pointer   |
|P2Buffer_V_i_22_dout                |  in |    8|   ap_fifo  |           P2Buffer_V_i_22          |    pointer   |
|P2Buffer_V_i_22_empty_n             |  in |    1|   ap_fifo  |           P2Buffer_V_i_22          |    pointer   |
|P2Buffer_V_i_22_read                | out |    1|   ap_fifo  |           P2Buffer_V_i_22          |    pointer   |
|P2Buffer_V_i_23_dout                |  in |    8|   ap_fifo  |           P2Buffer_V_i_23          |    pointer   |
|P2Buffer_V_i_23_empty_n             |  in |    1|   ap_fifo  |           P2Buffer_V_i_23          |    pointer   |
|P2Buffer_V_i_23_read                | out |    1|   ap_fifo  |           P2Buffer_V_i_23          |    pointer   |
|P2Buffer_V_i_24_dout                |  in |    8|   ap_fifo  |           P2Buffer_V_i_24          |    pointer   |
|P2Buffer_V_i_24_empty_n             |  in |    1|   ap_fifo  |           P2Buffer_V_i_24          |    pointer   |
|P2Buffer_V_i_24_read                | out |    1|   ap_fifo  |           P2Buffer_V_i_24          |    pointer   |
|P2Buffer_V_i_25_dout                |  in |    8|   ap_fifo  |           P2Buffer_V_i_25          |    pointer   |
|P2Buffer_V_i_25_empty_n             |  in |    1|   ap_fifo  |           P2Buffer_V_i_25          |    pointer   |
|P2Buffer_V_i_25_read                | out |    1|   ap_fifo  |           P2Buffer_V_i_25          |    pointer   |
|P2Buffer_V_i_26_dout                |  in |    8|   ap_fifo  |           P2Buffer_V_i_26          |    pointer   |
|P2Buffer_V_i_26_empty_n             |  in |    1|   ap_fifo  |           P2Buffer_V_i_26          |    pointer   |
|P2Buffer_V_i_26_read                | out |    1|   ap_fifo  |           P2Buffer_V_i_26          |    pointer   |
|P2Buffer_V_i_27_dout                |  in |    8|   ap_fifo  |           P2Buffer_V_i_27          |    pointer   |
|P2Buffer_V_i_27_empty_n             |  in |    1|   ap_fifo  |           P2Buffer_V_i_27          |    pointer   |
|P2Buffer_V_i_27_read                | out |    1|   ap_fifo  |           P2Buffer_V_i_27          |    pointer   |
|P2Buffer_V_i_28_dout                |  in |    8|   ap_fifo  |           P2Buffer_V_i_28          |    pointer   |
|P2Buffer_V_i_28_empty_n             |  in |    1|   ap_fifo  |           P2Buffer_V_i_28          |    pointer   |
|P2Buffer_V_i_28_read                | out |    1|   ap_fifo  |           P2Buffer_V_i_28          |    pointer   |
|P2Buffer_V_i_29_dout                |  in |    8|   ap_fifo  |           P2Buffer_V_i_29          |    pointer   |
|P2Buffer_V_i_29_empty_n             |  in |    1|   ap_fifo  |           P2Buffer_V_i_29          |    pointer   |
|P2Buffer_V_i_29_read                | out |    1|   ap_fifo  |           P2Buffer_V_i_29          |    pointer   |
|P2Buffer_V_i_30_dout                |  in |    8|   ap_fifo  |           P2Buffer_V_i_30          |    pointer   |
|P2Buffer_V_i_30_empty_n             |  in |    1|   ap_fifo  |           P2Buffer_V_i_30          |    pointer   |
|P2Buffer_V_i_30_read                | out |    1|   ap_fifo  |           P2Buffer_V_i_30          |    pointer   |
|a                                   | out |   32|   ap_vld   |                  a                 |    pointer   |
|a_ap_vld                            | out |    1|   ap_vld   |                  a                 |    pointer   |
+------------------------------------+-----+-----+------------+------------------------------------+--------------+

