

================================================================
== Vivado HLS Report for 'getFRtoBR'
================================================================
* Date:           Thu Jul  4 02:08:30 2019

* Version:        2018.2 (Build 2258646 on Thu Jun 14 20:25:20 MDT 2018)
* Project:        kociembaHls
* Solution:       solution1
* Product family: zynq
* Target device:  xc7z020clg400-1


================================================================
== Performance Estimates
================================================================
+ Timing (ns): 
    * Summary: 
    +--------+-------+----------+------------+
    |  Clock | Target| Estimated| Uncertainty|
    +--------+-------+----------+------------+
    |ap_clk  |  10.00|     8.510|        1.25|
    +--------+-------+----------+------------+

+ Latency (clock cycles): 
    * Summary: 
    +-----+------+-----+------+---------+
    |   Latency  |  Interval  | Pipeline|
    | min |  max | min |  max |   Type  |
    +-----+------+-----+------+---------+
    |   53|  5681|   53|  5681|   none  |
    +-----+------+-----+------+---------+

    + Detail: 
        * Instance: 
        N/A

        * Loop: 
        +-----------------+-----+------+----------+-----------+-----------+--------+----------+
        |                 |   Latency  | Iteration|  Initiation Interval  |  Trip  |          |
        |    Loop Name    | min |  max |  Latency |  achieved |   target  |  Count | Pipelined|
        +-----------------+-----+------+----------+-----------+-----------+--------+----------+
        |- Loop 1         |    2|     2|         1|          -|          -|       3|    no    |
        |- Loop 2         |   36|  5376|  3 ~ 448 |          -|          -|      12|    no    |
        | + Cnk_label1    |    0|   444|        37|          -|          -| 0 ~ 12 |    no    |
        |- Loop 3         |   12|   300|  4 ~ 100 |          -|          -|       3|    no    |
        | + Loop 3.1      |    0|    96|   2 ~ 8  |          -|          -| 0 ~ 12 |    no    |
        |  ++ Loop 3.1.1  |    0|     6|         2|          -|          -|  0 ~ 3 |    no    |
        +-----------------+-----+------+----------+-----------+-----------+--------+----------+



================================================================
== Utilization Estimates
================================================================
* Summary: 
+-----------------+---------+-------+--------+-------+
|       Name      | BRAM_18K| DSP48E|   FF   |  LUT  |
+-----------------+---------+-------+--------+-------+
|DSP              |        -|      -|       -|      -|
|Expression       |        -|      6|       0|    779|
|FIFO             |        -|      -|       -|      -|
|Instance         |        -|      -|     394|    427|
|Memory           |        -|      -|       -|      -|
|Multiplexer      |        -|      -|       -|    447|
|Register         |        -|      -|     637|      -|
+-----------------+---------+-------+--------+-------+
|Total            |        0|      6|    1031|   1653|
+-----------------+---------+-------+--------+-------+
|Available        |      280|    220|  106400|  53200|
+-----------------+---------+-------+--------+-------+
|Utilization (%)  |        0|      2|   ~0   |      3|
+-----------------+---------+-------+--------+-------+

+ Detail: 
    * Instance: 
    +--------------------------+----------------------+---------+-------+-----+-----+
    |         Instance         |        Module        | BRAM_18K| DSP48E|  FF | LUT |
    +--------------------------+----------------------+---------+-------+-----+-----+
    |solution_mux_42_1lbW_U29  |solution_mux_42_1lbW  |        0|      0|    0|   21|
    |solution_mux_42_4jbC_U24  |solution_mux_42_4jbC  |        0|      0|    0|   21|
    |solution_mux_42_4jbC_U25  |solution_mux_42_4jbC  |        0|      0|    0|   21|
    |solution_mux_42_4jbC_U26  |solution_mux_42_4jbC  |        0|      0|    0|   21|
    |solution_mux_42_4jbC_U28  |solution_mux_42_4jbC  |        0|      0|    0|   21|
    |solution_mux_42_4jbC_U30  |solution_mux_42_4jbC  |        0|      0|    0|   21|
    |solution_mux_42_4jbC_U31  |solution_mux_42_4jbC  |        0|      0|    0|   21|
    |solution_mux_42_4jbC_U32  |solution_mux_42_4jbC  |        0|      0|    0|   21|
    |solution_mux_42_4jbC_U33  |solution_mux_42_4jbC  |        0|      0|    0|   21|
    |solution_sdiv_32nkbM_U27  |solution_sdiv_32nkbM  |        0|      0|  394|  238|
    +--------------------------+----------------------+---------+-------+-----+-----+
    |Total                     |                      |        0|      0|  394|  427|
    +--------------------------+----------------------+---------+-------+-----+-----+

    * DSP48: 
    N/A

    * Memory: 
    N/A

    * FIFO: 
    N/A

    * Expression: 
    +----------------------+----------+-------+---+----+------------+------------+
    |     Variable Name    | Operation| DSP48E| FF| LUT| Bitwidth P0| Bitwidth P1|
    +----------------------+----------+-------+---+----+------------+------------+
    |s_fu_700_p2           |     *    |      3|  0|  20|          32|          32|
    |tmp_204_fu_1013_p2    |     *    |      3|  0|  20|           3|          32|
    |a_4_fu_723_p2         |     +    |      0|  0|  39|          32|          32|
    |b_4_fu_1025_p2        |     +    |      0|  0|  39|          32|          32|
    |i_30_fu_706_p2        |     +    |      0|  0|  39|          32|           2|
    |i_31_fu_864_p2        |     +    |      0|  0|  10|           2|           1|
    |j_12_fu_1019_p2       |     +    |      0|  0|  10|           2|           2|
    |j_14_fu_717_p2        |     +    |      0|  0|  39|          32|           1|
    |j_15_fu_756_p2        |     +    |      0|  0|  15|           5|           2|
    |k_4_fu_842_p2         |     +    |      0|  0|  39|          32|           1|
    |p_sum_fu_347_p2       |     +    |      0|  0|  10|           2|           1|
    |tmp_200_fu_814_p2     |     +    |      0|  0|  23|          16|          16|
    |tmp_203_fu_852_p2     |     +    |      0|  0|  12|           3|           1|
    |tmp_380_i_fu_689_p2   |     +    |      0|  0|  39|          32|           1|
    |x_5_fu_643_p2         |     +    |      0|  0|  39|          32|           1|
    |i_fu_633_p2           |     -    |      0|  0|  15|           4|           5|
    |k_assign_4_fu_675_p2  |     -    |      0|  0|  39|          32|          32|
    |tmp_199_fu_800_p2     |     -    |      0|  0|  39|          32|          32|
    |exitcond_fu_858_p2    |   icmp   |      0|  0|   8|           2|           2|
    |exitcond_i_fu_695_p2  |   icmp   |      0|  0|  18|          32|          32|
    |sel_tmp2_i_fu_782_p2  |   icmp   |      0|  0|   8|           2|           1|
    |sel_tmp_i_fu_776_p2   |   icmp   |      0|  0|   9|           2|           3|
    |tmp_151_fu_495_p2     |   icmp   |      0|  0|   9|           4|           2|
    |tmp_152_fu_501_p2     |   icmp   |      0|  0|   9|           4|           3|
    |tmp_154_fu_513_p2     |   icmp   |      0|  0|   9|           4|           3|
    |tmp_156_fu_525_p2     |   icmp   |      0|  0|   9|           4|           4|
    |tmp_158_fu_537_p2     |   icmp   |      0|  0|   9|           4|           3|
    |tmp_160_fu_549_p2     |   icmp   |      0|  0|   9|           4|           3|
    |tmp_162_fu_561_p2     |   icmp   |      0|  0|   9|           4|           3|
    |tmp_164_fu_573_p2     |   icmp   |      0|  0|   9|           4|           3|
    |tmp_166_fu_585_p2     |   icmp   |      0|  0|   9|           4|           2|
    |tmp_168_fu_597_p2     |   icmp   |      0|  0|   9|           4|           2|
    |tmp_170_fu_609_p2     |   icmp   |      0|  0|   9|           4|           1|
    |tmp_172_fu_621_p2     |   icmp   |      0|  0|   9|           4|           1|
    |tmp_198_fu_762_p2     |   icmp   |      0|  0|   8|           2|           1|
    |tmp_202_fu_837_p2     |   icmp   |      0|  0|   9|           4|           4|
    |tmp_379_i_fu_669_p2   |   icmp   |      0|  0|  18|          32|          32|
    |tmp_i_fu_649_p2       |   icmp   |      0|  0|  18|          32|          32|
    |tmp_s_fu_395_p2       |   icmp   |      0|  0|   9|           2|           3|
    |tmp_153_fu_507_p2     |    or    |      0|  0|   2|           1|           1|
    |tmp_155_fu_519_p2     |    or    |      0|  0|   2|           1|           1|
    |tmp_157_fu_531_p2     |    or    |      0|  0|   2|           1|           1|
    |tmp_159_fu_543_p2     |    or    |      0|  0|   2|           1|           1|
    |tmp_161_fu_555_p2     |    or    |      0|  0|   2|           1|           1|
    |tmp_163_fu_567_p2     |    or    |      0|  0|   2|           1|           1|
    |tmp_165_fu_579_p2     |    or    |      0|  0|   2|           1|           1|
    |tmp_167_fu_591_p2     |    or    |      0|  0|   2|           1|           1|
    |tmp_169_fu_603_p2     |    or    |      0|  0|   2|           1|           1|
    |tmp_171_fu_615_p2     |    or    |      0|  0|   2|           1|           1|
    |tmp_173_fu_627_p2     |    or    |      0|  0|   2|           1|           1|
    |edge4_0_fu_922_p3     |  select  |      0|  0|   4|           1|           4|
    |edge4_1_43_fu_915_p3  |  select  |      0|  0|   4|           1|           4|
    |edge4_2_41_fu_894_p3  |  select  |      0|  0|   4|           1|           4|
    |edge4_3_42_fu_908_p3  |  select  |      0|  0|   4|           1|           4|
    |newSel3_fu_887_p3     |  select  |      0|  0|   4|           1|           4|
    |newSel9_fu_901_p3     |  select  |      0|  0|   4|           1|           4|
    |p_k_i_fu_681_p3       |  select  |      0|  0|  32|           1|          32|
    |tmp_315_t_fu_734_p2   |    xor   |      0|  0|   2|           2|           2|
    +----------------------+----------+-------+---+----+------------+------------+
    |Total                 |          |      6|  0| 779|         535|         435|
    +----------------------+----------+-------+---+----+------------+------------+

    * Multiplexer: 
    +------------------------+-----+-----------+-----+-----------+
    |          Name          | LUT | Input Size| Bits| Total Bits|
    +------------------------+-----+-----------+-----+-----------+
    |a_1_fu_120              |    9|          2|   32|         64|
    |ap_NS_fsm               |  213|         49|    1|         49|
    |ap_return               |    9|          2|   16|         32|
    |arr4_i_reg_272          |    9|          2|    4|          8|
    |arr_load_phi_i_reg_306  |   15|          3|    4|         12|
    |b_reg_237               |    9|          2|   32|         64|
    |edge4_1_5_fu_132        |    9|          2|    4|          8|
    |edge4_2_5_fu_136        |   15|          3|    4|         12|
    |edge4_3_1_40_fu_104     |    9|          2|    4|          8|
    |edge4_3_2_fu_108        |    9|          2|    4|          8|
    |edge4_3_3_fu_112        |    9|          2|    4|          8|
    |edge4_3_4_fu_116        |    9|          2|    4|          8|
    |edge4_3_5_fu_140        |   15|          3|    4|         12|
    |i_i1_reg_294            |    9|          2|    2|          4|
    |i_i_reg_192             |    9|          2|   32|         64|
    |indvars_iv_reg_225      |    9|          2|    2|          4|
    |j_i_reg_180             |    9|          2|   32|         64|
    |j_reg_168               |    9|          2|    5|         10|
    |k_reg_249               |    9|          2|   32|         64|
    |p_0_i_reg_213           |    9|          2|   32|         64|
    |p_rec_reg_157           |    9|          2|    2|          4|
    |s_i_reg_201             |    9|          2|   32|         64|
    |temp_fu_128             |    9|          2|    4|          8|
    |write_flag_i_reg_261    |    9|          2|    1|          2|
    |x_fu_124                |    9|          2|   32|         64|
    +------------------------+-----+-----------+-----+-----------+
    |Total                   |  447|        100|  325|        709|
    +------------------------+-----+-----------+-----+-----------+

    * Register: 
    +---------------------------+----+----+-----+-----------+
    |            Name           | FF | LUT| Bits| Const Bits|
    +---------------------------+----+----+-----+-----------+
    |a_1_fu_120                 |  32|   0|   32|          0|
    |ap_CS_fsm                  |  48|   0|   48|          0|
    |ap_return_preg             |  16|   0|   16|          0|
    |arr4_i_reg_272             |   4|   0|    4|          0|
    |arr_i_reg_282              |   4|   0|    4|          0|
    |arr_load_phi_i_reg_306     |   4|   0|    4|          0|
    |b_reg_237                  |  32|   0|   32|          0|
    |edge4_0_2_reg_1136         |   4|   0|    4|          0|
    |edge4_1_5_fu_132           |   4|   0|    4|          0|
    |edge4_1_fu_92              |   4|   0|    4|          0|
    |edge4_2_5_fu_136           |   4|   0|    4|          0|
    |edge4_2_5_load_1_reg_1236  |   4|   0|    4|          0|
    |edge4_2_fu_96              |   4|   0|    4|          0|
    |edge4_3_1_40_fu_104        |   4|   0|    4|          0|
    |edge4_3_2_fu_108           |   4|   0|    4|          0|
    |edge4_3_3_fu_112           |   4|   0|    4|          0|
    |edge4_3_4_fu_116           |   4|   0|    4|          0|
    |edge4_3_5_fu_140           |   4|   0|    4|          0|
    |edge4_3_5_load_1_reg_1244  |   4|   0|    4|          0|
    |edge4_3_fu_100             |   4|   0|    4|          0|
    |i_30_reg_1174              |  32|   0|   32|          0|
    |i_31_reg_1255              |   2|   0|    2|          0|
    |i_i1_reg_294               |   2|   0|    2|          0|
    |i_i_reg_192                |  32|   0|   32|          0|
    |indvars_iv_reg_225         |   2|   0|    2|          0|
    |j_12_reg_1280              |   2|   0|    2|          0|
    |j_14_reg_1179              |  32|   0|   32|          0|
    |j_i_reg_180                |  32|   0|   32|          0|
    |j_reg_168                  |   5|   0|    5|          0|
    |k_4_reg_1226               |  32|   0|   32|          0|
    |k_reg_249                  |  32|   0|   32|          0|
    |p_0_i_reg_213              |  32|   0|   32|          0|
    |p_rec_reg_157              |   2|   0|    2|          0|
    |s_i_reg_201                |  32|   0|   32|          0|
    |s_reg_1169                 |  32|   0|   32|          0|
    |sel_tmp2_i_reg_1211        |   1|   0|    1|          0|
    |sel_tmp_i_reg_1205         |   1|   0|    1|          0|
    |temp_fu_128                |   4|   0|    4|          0|
    |tmp_173_reg_1144           |   1|   0|    1|          0|
    |tmp_201_reg_1200           |   2|   0|    4|          2|
    |tmp_203_reg_1231           |   3|   0|    3|          0|
    |tmp_204_reg_1275           |  32|   0|   32|          0|
    |tmp_380_i_reg_1161         |  32|   0|   32|          0|
    |write_flag_1_i_reg_1260    |   1|   0|    1|          0|
    |write_flag_i_reg_261       |   1|   0|    1|          0|
    |x_5_reg_1153               |  32|   0|   32|          0|
    |x_fu_124                   |  32|   0|   32|          0|
    +---------------------------+----+----+-----+-----------+
    |Total                      | 637|   0|  639|          2|
    +---------------------------+----+----+-----+-----------+



================================================================
== Interface
================================================================
* Summary: 
+-------------------------+-----+-----+------------+----------------+--------------+
|        RTL Ports        | Dir | Bits|  Protocol  |  Source Object |    C Type    |
+-------------------------+-----+-----+------------+----------------+--------------+
|ap_clk                   |  in |    1| ap_ctrl_hs |    getFRtoBR   | return value |
|ap_rst                   |  in |    1| ap_ctrl_hs |    getFRtoBR   | return value |
|ap_start                 |  in |    1| ap_ctrl_hs |    getFRtoBR   | return value |
|ap_done                  | out |    1| ap_ctrl_hs |    getFRtoBR   | return value |
|ap_idle                  | out |    1| ap_ctrl_hs |    getFRtoBR   | return value |
|ap_ready                 | out |    1| ap_ctrl_hs |    getFRtoBR   | return value |
|ap_return                | out |   16| ap_ctrl_hs |    getFRtoBR   | return value |
|cubiecube_0_ep_address0  | out |    4|  ap_memory | cubiecube_0_ep |     array    |
|cubiecube_0_ep_ce0       | out |    1|  ap_memory | cubiecube_0_ep |     array    |
|cubiecube_0_ep_q0        |  in |    4|  ap_memory | cubiecube_0_ep |     array    |
+-------------------------+-----+-----+------------+----------------+--------------+

