

================================================================
== Vivado HLS Report for 'getURFtoDLF'
================================================================
* Date:           Thu Jul  4 02:08:32 2019

* Version:        2018.2 (Build 2258646 on Thu Jun 14 20:25:20 MDT 2018)
* Project:        kociembaHls
* Solution:       solution1
* Product family: zynq
* Target device:  xc7z020clg400-1


================================================================
== Performance Estimates
================================================================
+ Timing (ns): 
    * Summary: 
    +--------+-------+----------+------------+
    |  Clock | Target| Estimated| Uncertainty|
    +--------+-------+----------+------------+
    |ap_clk  |  10.00|     8.510|        1.25|
    +--------+-------+----------+------------+

+ Latency (clock cycles): 
    * Summary: 
    +-----+------+-----+------+---------+
    |   Latency  |  Interval  | Pipeline|
    | min |  max | min |  max |   Type  |
    +-----+------+-----+------+---------+
    |   57|  4177|   57|  4177|   none  |
    +-----+------+-----+------+---------+

    + Detail: 
        * Instance: 
        N/A

        * Loop: 
        +-----------------+-----+------+----------+-----------+-----------+--------+----------+
        |                 |   Latency  | Iteration|  Initiation Interval  |  Trip  |          |
        |    Loop Name    | min |  max |  Latency |  achieved |   target  |  Count | Pipelined|
        +-----------------+-----+------+----------+-----------+-----------+--------+----------+
        |- Loop 1         |    4|     4|         1|          -|          -|       5|    no    |
        |- Loop 2         |   24|  3584|  3 ~ 448 |          -|          -|       8|    no    |
        | + Cnk_label1    |    0|   444|        37|          -|          -| 0 ~ 12 |    no    |
        |- Loop 3         |   25|   585|  5 ~ 117 |          -|          -|       5|    no    |
        | + Loop 3.1      |    1|   113|  6 ~ 14  |          -|          -|  0 ~ 8 |    no    |
        |  ++ Loop 3.1.1  |    2|    10|         2|          -|          -|  1 ~ 5 |    no    |
        +-----------------+-----+------+----------+-----------+-----------+--------+----------+



================================================================
== Utilization Estimates
================================================================
* Summary: 
+-----------------+---------+-------+--------+-------+
|       Name      | BRAM_18K| DSP48E|   FF   |  LUT  |
+-----------------+---------+-------+--------+-------+
|DSP              |        -|      -|       -|      -|
|Expression       |        -|      9|       0|    614|
|FIFO             |        -|      -|       -|      -|
|Instance         |        -|      -|     394|    238|
|Memory           |        0|      -|       6|      1|
|Multiplexer      |        -|      -|       -|    401|
|Register         |        -|      -|     601|      -|
+-----------------+---------+-------+--------+-------+
|Total            |        0|      9|    1001|   1254|
+-----------------+---------+-------+--------+-------+
|Available        |      280|    220|  106400|  53200|
+-----------------+---------+-------+--------+-------+
|Utilization (%)  |        0|      4|   ~0   |      2|
+-----------------+---------+-------+--------+-------+

+ Detail: 
    * Instance: 
    +--------------------------+----------------------+---------+-------+-----+-----+
    |         Instance         |        Module        | BRAM_18K| DSP48E|  FF | LUT |
    +--------------------------+----------------------+---------+-------+-----+-----+
    |solution_sdiv_32nkbM_U38  |solution_sdiv_32nkbM  |        0|      0|  394|  238|
    +--------------------------+----------------------+---------+-------+-----+-----+
    |Total                     |                      |        0|      0|  394|  238|
    +--------------------------+----------------------+---------+-------+-----+-----+

    * DSP48: 
    N/A

    * Memory: 
    +-----------+---------------------+---------+---+----+------+-----+------+-------------+
    |   Memory  |        Module       | BRAM_18K| FF| LUT| Words| Bits| Banks| W*Bits*Banks|
    +-----------+---------------------+---------+---+----+------+-----+------+-------------+
    |corner6_U  |getURFtoDLF_corner6  |        0|  6|   1|     6|    3|     1|           18|
    +-----------+---------------------+---------+---+----+------+-----+------+-------------+
    |Total      |                     |        0|  6|   1|     6|    3|     1|           18|
    +-----------+---------------------+---------+---+----+------+-----+------+-------------+

    * FIFO: 
    N/A

    * Expression: 
    +----------------------+----------+-------+---+----+------------+------------+
    |     Variable Name    | Operation| DSP48E| FF| LUT| Bitwidth P0| Bitwidth P1|
    +----------------------+----------+-------+---+----+------------+------------+
    |s_fu_370_p2           |     *    |      3|  0|  20|          32|          32|
    |tmp_175_fu_424_p2     |     *    |      3|  0|  20|          10|          32|
    |tmp_180_fu_473_p2     |     *    |      3|  0|  20|           3|          32|
    |a_2_fu_402_p2         |     +    |      0|  0|  39|          32|          32|
    |b_2_fu_479_p2         |     +    |      0|  0|  39|          32|          32|
    |i_26_fu_376_p2        |     +    |      0|  0|  39|          32|           2|
    |i_27_fu_454_p2        |     +    |      0|  0|  12|           3|           1|
    |j_7_fu_396_p2         |     +    |      0|  0|  39|          32|           1|
    |j_8_fu_298_p2         |     +    |      0|  0|  13|           4|           1|
    |j_fu_484_p2           |     +    |      0|  0|  12|           3|           2|
    |k_2_fu_436_p2         |     +    |      0|  0|  39|          32|           1|
    |p_sum_fu_261_p2       |     +    |      0|  0|  12|           3|           1|
    |tmp_176_fu_490_p2     |     +    |      0|  0|  39|          32|          32|
    |tmp_179_fu_442_p2     |     +    |      0|  0|  12|           3|           1|
    |tmp_380_i_fu_359_p2   |     +    |      0|  0|  39|          32|           1|
    |x_3_fu_315_p2         |     +    |      0|  0|  39|          32|           1|
    |k_assign_2_fu_346_p2  |     -    |      0|  0|  39|          32|          32|
    |exitcond5_fu_448_p2   |   icmp   |      0|  0|   9|           3|           3|
    |exitcond_fu_292_p2    |   icmp   |      0|  0|  11|           4|           5|
    |exitcond_i_fu_365_p2  |   icmp   |      0|  0|  18|          32|          32|
    |tmp_173_fu_309_p2     |   icmp   |      0|  0|   9|           3|           3|
    |tmp_174_fu_413_p2     |   icmp   |      0|  0|   9|           3|           1|
    |tmp_178_fu_430_p2     |   icmp   |      0|  0|   9|           3|           3|
    |tmp_379_i_fu_340_p2   |   icmp   |      0|  0|  18|          32|          32|
    |tmp_i_fu_321_p2       |   icmp   |      0|  0|  18|          32|          32|
    |tmp_s_fu_272_p2       |   icmp   |      0|  0|   9|           3|           4|
    |p_k_i_fu_351_p3       |  select  |      0|  0|  32|           1|          32|
    +----------------------+----------+-------+---+----+------------+------------+
    |Total                 |          |      9|  0| 614|         465|         383|
    +----------------------+----------+-------+---+----+------------+------------+

    * Multiplexer: 
    +------------------+-----+-----------+-----+-----------+
    |       Name       | LUT | Input Size| Bits| Total Bits|
    +------------------+-----+-----------+-----+-----------+
    |a_1_fu_68         |    9|          2|   32|         64|
    |ap_NS_fsm         |  225|         52|    1|         52|
    |b_reg_219         |    9|          2|   32|         64|
    |corner6_address0  |   41|          8|    3|         24|
    |corner6_d0        |   27|          5|    3|         15|
    |i_i2_reg_243      |    9|          2|    3|          6|
    |i_i_reg_174       |    9|          2|   32|         64|
    |i_reg_150         |    9|          2|    4|          8|
    |j_i_reg_162       |    9|          2|   32|         64|
    |k_reg_231         |    9|          2|   32|         64|
    |p_0_i_reg_195     |    9|          2|   32|         64|
    |p_rec_reg_139     |    9|          2|    3|          6|
    |r_assign_reg_207  |    9|          2|    3|          6|
    |s_i_reg_183       |    9|          2|   32|         64|
    |x_fu_72           |    9|          2|   32|         64|
    +------------------+-----+-----------+-----+-----------+
    |Total             |  401|         89|  276|        629|
    +------------------+-----+-----------+-----+-----------+

    * Register: 
    +-----------------------------+----+----+-----+-----------+
    |             Name            | FF | LUT| Bits| Const Bits|
    +-----------------------------+----+----+-----+-----------+
    |a_1_fu_68                    |  32|   0|   32|          0|
    |ap_CS_fsm                    |  51|   0|   51|          0|
    |b_reg_219                    |  32|   0|   32|          0|
    |corner6_addr_2_reg_595       |   3|   0|    3|          0|
    |cubiecube_0_cp_load_reg_546  |   3|   0|    3|          0|
    |i_26_reg_577                 |  32|   0|   32|          0|
    |i_27_reg_626                 |   3|   0|    3|          0|
    |i_i2_reg_243                 |   3|   0|    3|          0|
    |i_i_reg_174                  |  32|   0|   32|          0|
    |i_reg_150                    |   4|   0|    4|          0|
    |j_7_reg_582                  |  32|   0|   32|          0|
    |j_8_reg_536                  |   4|   0|    4|          0|
    |j_i_reg_162                  |  32|   0|   32|          0|
    |k_2_reg_608                  |  32|   0|   32|          0|
    |k_reg_231                    |  32|   0|   32|          0|
    |n_assign_cast3_reg_526       |   4|   0|   32|         28|
    |p_0_i_reg_195                |  32|   0|   32|          0|
    |p_rec_reg_139                |   3|   0|    3|          0|
    |r_assign_reg_207             |   3|   0|    3|          0|
    |s_i_reg_183                  |  32|   0|   32|          0|
    |s_reg_572                    |  32|   0|   32|          0|
    |temp_reg_618                 |   3|   0|    3|          0|
    |tmp_173_reg_551              |   1|   0|    1|          0|
    |tmp_175_reg_600              |  32|   0|   32|          0|
    |tmp_179_reg_613              |   3|   0|    3|          0|
    |tmp_180_reg_636              |  32|   0|   32|          0|
    |tmp_380_i_reg_564            |  32|   0|   32|          0|
    |tmp_i_reg_560                |   1|   0|    1|          0|
    |x_3_reg_555                  |  32|   0|   32|          0|
    |x_fu_72                      |  32|   0|   32|          0|
    +-----------------------------+----+----+-----+-----------+
    |Total                        | 601|   0|  629|         28|
    +-----------------------------+----+----+-----+-----------+



================================================================
== Interface
================================================================
* Summary: 
+-------------------------+-----+-----+------------+----------------+--------------+
|        RTL Ports        | Dir | Bits|  Protocol  |  Source Object |    C Type    |
+-------------------------+-----+-----+------------+----------------+--------------+
|ap_clk                   |  in |    1| ap_ctrl_hs |   getURFtoDLF  | return value |
|ap_rst                   |  in |    1| ap_ctrl_hs |   getURFtoDLF  | return value |
|ap_start                 |  in |    1| ap_ctrl_hs |   getURFtoDLF  | return value |
|ap_done                  | out |    1| ap_ctrl_hs |   getURFtoDLF  | return value |
|ap_idle                  | out |    1| ap_ctrl_hs |   getURFtoDLF  | return value |
|ap_ready                 | out |    1| ap_ctrl_hs |   getURFtoDLF  | return value |
|ap_return                | out |   16| ap_ctrl_hs |   getURFtoDLF  | return value |
|cubiecube_0_cp_address0  | out |    3|  ap_memory | cubiecube_0_cp |     array    |
|cubiecube_0_cp_ce0       | out |    1|  ap_memory | cubiecube_0_cp |     array    |
|cubiecube_0_cp_q0        |  in |    3|  ap_memory | cubiecube_0_cp |     array    |
+-------------------------+-----+-----+------------+----------------+--------------+

