

================================================================
== Vivado HLS Report for 'getUBtoDF'
================================================================
* Date:           Thu Jul  4 02:08:33 2019

* Version:        2018.2 (Build 2258646 on Thu Jun 14 20:25:20 MDT 2018)
* Project:        kociembaHls
* Solution:       solution1
* Product family: zynq
* Target device:  xc7z020clg400-1


================================================================
== Performance Estimates
================================================================
+ Timing (ns): 
    * Summary: 
    +--------+-------+----------+------------+
    |  Clock | Target| Estimated| Uncertainty|
    +--------+-------+----------+------------+
    |ap_clk  |  10.00|     8.510|        1.25|
    +--------+-------+----------+------------+

+ Latency (clock cycles): 
    * Summary: 
    +-----+------+-----+------+---------+
    |   Latency  |  Interval  | Pipeline|
    | min |  max | min |  max |   Type  |
    +-----+------+-----+------+---------+
    |   46|  5530|   46|  5530|   none  |
    +-----+------+-----+------+---------+

    + Detail: 
        * Instance: 
        N/A

        * Loop: 
        +-----------------+-----+------+----------+-----------+-----------+--------+----------+
        |                 |   Latency  | Iteration|  Initiation Interval  |  Trip  |          |
        |    Loop Name    | min |  max |  Latency |  achieved |   target  |  Count | Pipelined|
        +-----------------+-----+------+----------+-----------+-----------+--------+----------+
        |- Loop 1         |   36|  5376|  3 ~ 448 |          -|          -|      12|    no    |
        | + Cnk_label1    |    0|   444|        37|          -|          -| 0 ~ 12 |    no    |
        |- Loop 2         |    8|   152|  4 ~ 76  |          -|          -|       2|    no    |
        | + Loop 2.1      |    0|    72|   2 ~ 6  |          -|          -| 0 ~ 12 |    no    |
        |  ++ Loop 2.1.1  |    0|     4|         2|          -|          -|  0 ~ 2 |    no    |
        +-----------------+-----+------+----------+-----------+-----------+--------+----------+



================================================================
== Utilization Estimates
================================================================
* Summary: 
+-----------------+---------+-------+--------+-------+
|       Name      | BRAM_18K| DSP48E|   FF   |  LUT  |
+-----------------+---------+-------+--------+-------+
|DSP              |        -|      -|       -|      -|
|Expression       |        -|      6|       0|    657|
|FIFO             |        -|      -|       -|      -|
|Instance         |        -|      -|     394|    238|
|Memory           |        -|      -|       -|      -|
|Multiplexer      |        -|      -|       -|    443|
|Register         |        -|      -|     628|      -|
+-----------------+---------+-------+--------+-------+
|Total            |        0|      6|    1022|   1338|
+-----------------+---------+-------+--------+-------+
|Available        |      280|    220|  106400|  53200|
+-----------------+---------+-------+--------+-------+
|Utilization (%)  |        0|      2|   ~0   |      2|
+-----------------+---------+-------+--------+-------+

+ Detail: 
    * Instance: 
    +--------------------------+----------------------+---------+-------+-----+-----+
    |         Instance         |        Module        | BRAM_18K| DSP48E|  FF | LUT |
    +--------------------------+----------------------+---------+-------+-----+-----+
    |solution_sdiv_32nkbM_U43  |solution_sdiv_32nkbM  |        0|      0|  394|  238|
    +--------------------------+----------------------+---------+-------+-----+-----+
    |Total                     |                      |        0|      0|  394|  238|
    +--------------------------+----------------------+---------+-------+-----+-----+

    * DSP48: 
    N/A

    * Memory: 
    N/A

    * FIFO: 
    N/A

    * Expression: 
    +---------------------------+----------+-------+---+----+------------+------------+
    |       Variable Name       | Operation| DSP48E| FF| LUT| Bitwidth P0| Bitwidth P1|
    +---------------------------+----------+-------+---+----+------------+------------+
    |s_fu_486_p2                |     *    |      3|  0|  20|          32|          32|
    |tmp_190_fu_699_p2          |     *    |      3|  0|  20|           2|          32|
    |a_3_fu_509_p2              |     +    |      0|  0|  39|          32|          32|
    |b_3_fu_711_p2              |     +    |      0|  0|  39|          32|          32|
    |i_28_fu_492_p2             |     +    |      0|  0|  39|          32|           2|
    |i_29_fu_636_p2             |     +    |      0|  0|  10|           2|           1|
    |indvars_iv_next_fu_705_p2  |     +    |      0|  0|  10|           2|           2|
    |j_10_fu_387_p2             |     +    |      0|  0|  13|           4|           1|
    |j_9_fu_503_p2              |     +    |      0|  0|  39|          32|           1|
    |j_fu_624_p2                |     +    |      0|  0|  10|           2|           2|
    |k_3_fu_612_p2              |     +    |      0|  0|  39|          32|           1|
    |tmp_186_fu_584_p2          |     +    |      0|  0|  23|          16|          16|
    |tmp_187_fu_542_p2          |     +    |      0|  0|  12|           3|           2|
    |tmp_189_fu_618_p2          |     +    |      0|  0|  10|           2|           1|
    |tmp_380_i_fu_475_p2        |     +    |      0|  0|  39|          32|           1|
    |x_4_fu_431_p2              |     +    |      0|  0|  39|          32|           1|
    |k_assign_3_fu_462_p2       |     -    |      0|  0|  39|          32|          32|
    |tmp_185_fu_570_p2          |     -    |      0|  0|  39|          32|          32|
    |or_cond_fu_425_p2          |    and   |      0|  0|   2|           1|           1|
    |cond2_fu_552_p2            |   icmp   |      0|  0|   8|           2|           1|
    |cond_i_fu_642_p2           |   icmp   |      0|  0|   8|           2|           1|
    |exitcond1_fu_630_p2        |   icmp   |      0|  0|   8|           2|           2|
    |exitcond_fu_381_p2         |   icmp   |      0|  0|   9|           4|           4|
    |exitcond_i_fu_481_p2       |   icmp   |      0|  0|  18|          32|          32|
    |tmp_182_fu_413_p2          |   icmp   |      0|  0|   9|           4|           2|
    |tmp_183_fu_419_p2          |   icmp   |      0|  0|   9|           4|           3|
    |tmp_184_fu_536_p2          |   icmp   |      0|  0|   8|           2|           1|
    |tmp_188_fu_607_p2          |   icmp   |      0|  0|  11|           5|           5|
    |tmp_379_i_fu_456_p2        |   icmp   |      0|  0|  18|          32|          32|
    |tmp_i_fu_437_p2            |   icmp   |      0|  0|  18|          32|          32|
    |arr_load_phi_i_fu_648_p3   |  select  |      0|  0|   4|           1|           4|
    |edge3_0_2_fu_673_p3        |  select  |      0|  0|   4|           1|           4|
    |edge3_1_fu_666_p3          |  select  |      0|  0|   4|           1|           4|
    |edge3_2_fu_659_p3          |  select  |      0|  0|   4|           1|           4|
    |edge3_load_phi_fu_596_p3   |  select  |      0|  0|   4|           1|           4|
    |p_k_i_fu_467_p3            |  select  |      0|  0|  32|           1|          32|
    +---------------------------+----------+-------+---+----+------------+------------+
    |Total                      |          |      6|  0| 657|         481|         391|
    +---------------------------+----------+-------+---+----+------------+------------+

    * Multiplexer: 
    +-------------------------+-----+-----------+-----+-----------+
    |           Name          | LUT | Input Size| Bits| Total Bits|
    +-------------------------+-----+-----------+-----+-----------+
    |a_1_fu_74                |    9|          2|   32|         64|
    |ap_NS_fsm                |  209|         48|    1|         48|
    |ap_return                |    9|          2|   16|         32|
    |arr1_i_be_reg_299        |    9|          2|    4|          8|
    |arr1_i_reg_234           |    9|          2|    4|          8|
    |arr2_i_be_reg_267        |    9|          2|    4|          8|
    |arr2_i_reg_212           |    9|          2|    4|          8|
    |arr_i_be_reg_314         |    9|          2|    4|          8|
    |b_reg_188                |    9|          2|   32|         64|
    |edge3_1_3_fu_86          |    9|          2|    4|          8|
    |edge3_2_6_fu_62          |    9|          2|    4|          8|
    |edge3_2_7_fu_66          |    9|          2|    4|          8|
    |edge3_2_8_fu_70          |    9|          2|    4|          8|
    |edge3_2_9_fu_90          |    9|          2|    4|          8|
    |i_i1_reg_256             |    9|          2|    2|          4|
    |i_i_reg_131              |    9|          2|   32|         64|
    |i_reg_107                |    9|          2|    4|          8|
    |indvars_iv_reg_164       |    9|          2|    2|          4|
    |j_i_reg_119              |    9|          2|   32|         64|
    |k_reg_200                |    9|          2|   32|         64|
    |p_0_i_reg_152            |    9|          2|   32|         64|
    |r_assign_reg_176         |    9|          2|    2|          4|
    |s_i_reg_140              |    9|          2|   32|         64|
    |temp_fu_82               |    9|          2|    4|          8|
    |write_flag_i_be_reg_282  |    9|          2|    1|          2|
    |write_flag_i_reg_222     |    9|          2|    1|          2|
    |x_fu_78                  |    9|          2|   32|         64|
    +-------------------------+-----+-----------+-----+-----------+
    |Total                    |  443|        100|  329|        704|
    +-------------------------+-----+-----------+-----+-----------+

    * Register: 
    +-------------------------+----+----+-----+-----------+
    |           Name          | FF | LUT| Bits| Const Bits|
    +-------------------------+----+----+-----+-----------+
    |a_1_fu_74                |  32|   0|   32|          0|
    |ap_CS_fsm                |  47|   0|   47|          0|
    |ap_return_preg           |  16|   0|   16|          0|
    |arr1_i_be_reg_299        |   4|   0|    4|          0|
    |arr1_i_reg_234           |   4|   0|    4|          0|
    |arr2_i_be_reg_267        |   4|   0|    4|          0|
    |arr2_i_reg_212           |   4|   0|    4|          0|
    |arr_i_be_reg_314         |   4|   0|    4|          0|
    |arr_i_reg_244            |   4|   0|    4|          0|
    |b_reg_188                |  32|   0|   32|          0|
    |cond2_reg_850            |   1|   0|    1|          0|
    |edge3_0_reg_792          |   4|   0|    4|          0|
    |edge3_1_3_fu_86          |   4|   0|    4|          0|
    |edge3_2_6_fu_62          |   4|   0|    4|          0|
    |edge3_2_7_fu_66          |   4|   0|    4|          0|
    |edge3_2_8_fu_70          |   4|   0|    4|          0|
    |edge3_2_9_fu_90          |   4|   0|    4|          0|
    |i_28_reg_824             |  32|   0|   32|          0|
    |i_29_reg_888             |   2|   0|    2|          0|
    |i_i1_reg_256             |   2|   0|    2|          0|
    |i_i_reg_131              |  32|   0|   32|          0|
    |i_reg_107                |   4|   0|    4|          0|
    |indvars_iv_next_reg_905  |   2|   0|    2|          0|
    |indvars_iv_reg_164       |   2|   0|    2|          0|
    |j_10_reg_761             |   4|   0|    4|          0|
    |j_9_reg_829              |  32|   0|   32|          0|
    |j_i_reg_119              |  32|   0|   32|          0|
    |j_reg_880                |   2|   0|    2|          0|
    |k_3_reg_870              |  32|   0|   32|          0|
    |k_reg_200                |  32|   0|   32|          0|
    |n_assign_cast4_reg_751   |   4|   0|   32|         28|
    |or_cond_reg_799          |   1|   0|    1|          0|
    |p_0_i_reg_152            |  32|   0|   32|          0|
    |r_assign_reg_176         |   2|   0|    2|          0|
    |s_i_reg_140              |  32|   0|   32|          0|
    |s_reg_819                |  32|   0|   32|          0|
    |temp_fu_82               |   4|   0|    4|          0|
    |tmp_189_reg_875          |   2|   0|    2|          0|
    |tmp_190_reg_900          |  32|   0|   32|          0|
    |tmp_225_cast_reg_845     |   3|   0|    5|          2|
    |tmp_380_i_reg_811        |  32|   0|   32|          0|
    |write_flag_i_be_reg_282  |   1|   0|    1|          0|
    |write_flag_i_reg_222     |   1|   0|    1|          0|
    |x_4_reg_803              |  32|   0|   32|          0|
    |x_fu_78                  |  32|   0|   32|          0|
    +-------------------------+----+----+-----+-----------+
    |Total                    | 628|   0|  658|         30|
    +-------------------------+----+----+-----+-----------+



================================================================
== Interface
================================================================
* Summary: 
+-------------------------+-----+-----+------------+----------------+--------------+
|        RTL Ports        | Dir | Bits|  Protocol  |  Source Object |    C Type    |
+-------------------------+-----+-----+------------+----------------+--------------+
|ap_clk                   |  in |    1| ap_ctrl_hs |    getUBtoDF   | return value |
|ap_rst                   |  in |    1| ap_ctrl_hs |    getUBtoDF   | return value |
|ap_start                 |  in |    1| ap_ctrl_hs |    getUBtoDF   | return value |
|ap_done                  | out |    1| ap_ctrl_hs |    getUBtoDF   | return value |
|ap_idle                  | out |    1| ap_ctrl_hs |    getUBtoDF   | return value |
|ap_ready                 | out |    1| ap_ctrl_hs |    getUBtoDF   | return value |
|ap_return                | out |   16| ap_ctrl_hs |    getUBtoDF   | return value |
|cubiecube_0_ep_address0  | out |    4|  ap_memory | cubiecube_0_ep |     array    |
|cubiecube_0_ep_ce0       | out |    1|  ap_memory | cubiecube_0_ep |     array    |
|cubiecube_0_ep_q0        |  in |    4|  ap_memory | cubiecube_0_ep |     array    |
+-------------------------+-----+-----+------------+----------------+--------------+

