

================================================================
== Vivado HLS Report for 'P2'
================================================================
* Date:           Thu Jul  4 02:09:01 2019

* Version:        2018.2 (Build 2258646 on Thu Jun 14 20:25:20 MDT 2018)
* Project:        kociembaHls
* Solution:       solution1
* Product family: zynq
* Target device:  xc7z020clg400-1


================================================================
== Performance Estimates
================================================================
+ Timing (ns): 
    * Summary: 
    +--------+-------+----------+------------+
    |  Clock | Target| Estimated| Uncertainty|
    +--------+-------+----------+------------+
    |ap_clk  |  10.00|     8.750|        1.25|
    +--------+-------+----------+------------+

+ Latency (clock cycles): 
    * Summary: 
    +-----+-----+-----+-----+---------+
    |  Latency  |  Interval | Pipeline|
    | min | max | min | max |   Type  |
    +-----+-----+-----+-----+---------+
    |  151|  209|  151|  209|   none  |
    +-----+-----+-----+-----+---------+

    + Detail: 
        * Instance: 
        N/A

        * Loop: 
        +----------+-----+-----+----------+-----------+-----------+------+----------+
        |          |  Latency  | Iteration|  Initiation Interval  | Trip |          |
        | Loop Name| min | max |  Latency |  achieved |   target  | Count| Pipelined|
        +----------+-----+-----+----------+-----------+-----------+------+----------+
        |- Loop 1  |   15|   15|         3|          -|          -|     5|    no    |
        |- Loop 2  |   36|   36|         2|          -|          -|    18|    no    |
        |- Loop 3  |  124|  124|        26|         11|          1|    10|    yes   |
        |- Loop 4  |   15|   15|         3|          -|          -|     5|    no    |
        +----------+-----+-----+----------+-----------+-----------+------+----------+



================================================================
== Utilization Estimates
================================================================
* Summary: 
+-----------------+---------+-------+--------+-------+
|       Name      | BRAM_18K| DSP48E|   FF   |  LUT  |
+-----------------+---------+-------+--------+-------+
|DSP              |        -|      -|       -|      -|
|Expression       |        -|      -|       0|   1821|
|FIFO             |        -|      -|       -|      -|
|Instance         |        -|      -|       -|      -|
|Memory           |        0|      -|     118|     22|
|Multiplexer      |        -|      -|       -|    789|
|Register         |        0|      -|    1581|     64|
+-----------------+---------+-------+--------+-------+
|Total            |        0|      0|    1699|   2696|
+-----------------+---------+-------+--------+-------+
|Available        |      280|    220|  106400|  53200|
+-----------------+---------+-------+--------+-------+
|Utilization (%)  |        0|      0|       1|      5|
+-----------------+---------+-------+--------+-------+

+ Detail: 
    * Instance: 
    N/A

    * DSP48: 
    N/A

    * Memory: 
    +------------------+----------------------+---------+----+----+------+-----+------+-------------+
    |      Memory      |        Module        | BRAM_18K| FF | LUT| Words| Bits| Banks| W*Bits*Banks|
    +------------------+----------------------+---------+----+----+------+-----+------+-------------+
    |label3_0_U        |P2_label3_0           |        0|   3|   1|    10|    3|     1|           30|
    |label3_1_U        |P2_label3_1           |        0|   2|   1|    10|    2|     1|           20|
    |parityMove_U      |P2_parityMove         |        0|   1|   1|    36|    1|     1|           36|
    |search_0_i_U      |parallel_v2_searcpcA  |        0|  16|   4|    31|    8|     1|          248|
    |URFtoDLF_Move3_U  |parallel_v2_twistmb6  |        0|  32|   5|    18|   16|     1|          288|
    |FRtoBR_Move3_2_U  |parallel_v2_twistmb6  |        0|  32|   5|    18|   16|     1|          288|
    |URtoDF_Move3_U    |parallel_v2_twistmb6  |        0|  32|   5|    18|   16|     1|          288|
    +------------------+----------------------+---------+----+----+------+-----+------+-------------+
    |Total             |                      |        0| 118|  22|   141|   62|     7|         1198|
    +------------------+----------------------+---------+----+----+------+-----+------+-------------+

    * FIFO: 
    N/A

    * Expression: 
    +------------------------------------+----------+-------+---+----+------------+------------+
    |            Variable Name           | Operation| DSP48E| FF| LUT| Bitwidth P0| Bitwidth P1|
    +------------------------------------+----------+-------+---+----+------------+------------+
    |i1_1_fu_2089_p2                     |     +    |      0|  0|  15|           9|           9|
    |i1_1_i_fu_1208_p2                   |     +    |      0|  0|  15|           9|           2|
    |i1_2_fu_932_p2                      |     +    |      0|  0|  15|           9|           9|
    |i1_2_i_fu_1228_p2                   |     +    |      0|  0|  15|           9|           3|
    |i1_3_i_fu_1248_p2                   |     +    |      0|  0|  15|           9|           3|
    |i1_4_i_fu_1268_p2                   |     +    |      0|  0|  15|           9|           4|
    |i2_1_fu_2094_p2                     |     +    |      0|  0|  15|           9|           9|
    |i2_1_i_fu_1213_p2                   |     +    |      0|  0|  15|           9|           2|
    |i2_2_fu_937_p2                      |     +    |      0|  0|  15|           9|           9|
    |i2_2_i_fu_1233_p2                   |     +    |      0|  0|  15|           9|           3|
    |i2_3_i_fu_1253_p2                   |     +    |      0|  0|  15|           9|           3|
    |i2_4_i_fu_1273_p2                   |     +    |      0|  0|  15|           9|           4|
    |i_32_fu_914_p2                      |     +    |      0|  0|  12|           3|           1|
    |i_33_fu_1153_p2                     |     +    |      0|  0|  15|           5|           1|
    |i_34_fu_2071_p2                     |     +    |      0|  0|  12|           3|           1|
    |i_35_fu_1416_p2                     |     +    |      0|  0|  13|           4|           1|
    |mv_fu_1478_p2                       |     +    |      0|  0|   8|           6|           6|
    |n_3_fu_1164_p2                      |     +    |      0|  0|  15|           8|           1|
    |p_op_fu_1379_p2                     |     +    |      0|  0|  39|          32|           2|
    |s_4_fu_1302_p2                      |     +    |      0|  0|  15|           8|           8|
    |start_assign_fu_892_p2              |     +    |      0|  0|  15|           2|           8|
    |sum4_fu_1700_p2                     |     +    |      0|  0|  71|          64|          64|
    |sum5_fu_1085_p2                     |     +    |      0|  0|  40|          33|          33|
    |sum6_fu_1760_p2                     |     +    |      0|  0|  71|          64|          64|
    |sum9_fu_1123_p2                     |     +    |      0|  0|  40|          33|          33|
    |sum_fu_1104_p2                      |     +    |      0|  0|  40|          33|          33|
    |tmp4_fu_1472_p2                     |     +    |      0|  0|   8|           2|           6|
    |tmp5_fu_2060_p2                     |     +    |      0|  0|  15|           9|           2|
    |tmp_228_fu_946_p2                   |     +    |      0|  0|  23|          16|          16|
    |tmp_230_fu_960_p2                   |     +    |      0|  0|  23|          16|          16|
    |tmp_231_fu_1173_p2                  |     +    |      0|  0|  15|           9|           2|
    |tmp_234_fu_1312_p2                  |     +    |      0|  0|  15|           9|           9|
    |tmp_237_fu_1338_p2                  |     +    |      0|  0|  15|           9|           3|
    |tmp_241_fu_1404_p2                  |     +    |      0|  0|  13|           4|           2|
    |tmp_247_fu_1493_p2                  |     +    |      0|  0|  15|           7|           7|
    |tmp_249_fu_1537_p2                  |     +    |      0|  0|   8|          22|          22|
    |tmp_251_fu_1585_p2                  |     +    |      0|  0|   8|          22|          22|
    |tmp_267_fu_1921_p2                  |     +    |      0|  0|  39|           1|          32|
    |tmp_278_fu_1911_p2                  |     +    |      0|  0|  23|          16|          16|
    |tmp_279_fu_1946_p2                  |     +    |      0|  0|  23|          16|          16|
    |tmp_280_fu_1965_p2                  |     +    |      0|  0|  23|          16|          16|
    |tmp_281_fu_1974_p2                  |     +    |      0|  0|  23|          16|          16|
    |tmp_282_fu_1983_p2                  |     +    |      0|  0|  23|          16|          16|
    |tmp_283_fu_1992_p2                  |     +    |      0|  0|  23|          16|          16|
    |tmp_284_fu_2001_p2                  |     +    |      0|  0|  23|          16|          16|
    |tmp_285_fu_2010_p2                  |     +    |      0|  0|  23|          16|          16|
    |tmp_286_fu_2019_p2                  |     +    |      0|  0|  23|          16|          16|
    |tmp_287_fu_2028_p2                  |     +    |      0|  0|  23|          16|          16|
    |tmp_288_fu_2037_p2                  |     +    |      0|  0|  23|          16|          16|
    |tmp_59_fu_1044_p2                   |     +    |      0|  0|  28|          21|          21|
    |tmp_62_i_fu_902_p2                  |     +    |      0|  0|  15|           1|           9|
    |tmp_64_fu_1058_p2                   |     +    |      0|  0|  28|          21|          21|
    |tmp_69_fu_1072_p2                   |     +    |      0|  0|  28|          21|          21|
    |p_neg1_fu_1635_p2                   |     -    |      0|  0|  31|           1|          24|
    |p_neg_fu_1611_p2                    |     -    |      0|  0|  31|           1|          24|
    |p_neg_t1_fu_1718_p2                 |     -    |      0|  0|  39|           1|          32|
    |p_neg_t_fu_1658_p2                  |     -    |      0|  0|  39|           1|          32|
    |tmp_227_fu_886_p2                   |     -    |      0|  0|  23|          16|          16|
    |tmp_235_fu_1322_p2                  |     -    |      0|  0|  14|          10|          10|
    |tmp_245_fu_1466_p2                  |     -    |      0|  0|  15|           6|           6|
    |tmp_248_fu_1527_p2                  |     -    |      0|  0|   8|          22|          22|
    |tmp_250_fu_1579_p2                  |     -    |      0|  0|   8|          22|          22|
    |tmp_277_fu_1905_p2                  |     -    |      0|  0|  23|          16|          16|
    |ap_block_pp0_stage1_11001           |    and   |      0|  0|   2|           1|           1|
    |ap_block_pp0_stage5_11001           |    and   |      0|  0|   2|           1|           1|
    |ap_condition_1130                   |    and   |      0|  0|   2|           1|           1|
    |ap_predicate_op180_read_state13     |    and   |      0|  0|   2|           1|           1|
    |exitcond2_fu_1398_p2                |   icmp   |      0|  0|   9|           4|           4|
    |exitcond3_fu_1147_p2                |   icmp   |      0|  0|  11|           5|           5|
    |exitcond_fu_2065_p2                 |   icmp   |      0|  0|   9|           3|           3|
    |exitcond_i_fu_908_p2                |   icmp   |      0|  0|   9|           3|           3|
    |tmp_226_fu_981_p2                   |   icmp   |      0|  0|  13|          16|          16|
    |tmp_233_fu_1291_p2                  |   icmp   |      0|  0|  11|           8|           8|
    |tmp_238_fu_1374_p2                  |   icmp   |      0|  0|  18|          32|           1|
    |tmp_240_fu_2054_p2                  |   icmp   |      0|  0|  11|           8|           1|
    |tmp_243_fu_1434_p2                  |   icmp   |      0|  0|  11|           8|           8|
    |tmp_244_fu_1443_p2                  |   icmp   |      0|  0|  13|           9|           9|
    |tmp_259_fu_1845_p2                  |   icmp   |      0|  0|   9|           4|           4|
    |tmp_260_fu_1857_p2                  |   icmp   |      0|  0|   9|           4|           1|
    |tmp_264_fu_1875_p2                  |   icmp   |      0|  0|  13|          10|          10|
    |tmp_268_fu_1927_p2                  |   icmp   |      0|  0|  18|          32|          10|
    |tmp_269_fu_1941_p2                  |   icmp   |      0|  0|  18|          32|          32|
    |Slice_URFtoDLF_Parit_8_fu_1819_p2   |   lshr   |      0|  0|  35|          16|          16|
    |Slice_URtoDF_Parity_5_fu_1782_p2    |   lshr   |      0|  0|  35|          16|          16|
    |ap_block_state13                    |    or    |      0|  0|   2|           1|           1|
    |ap_block_state26_io                 |    or    |      0|  0|   2|           1|           1|
    |ap_block_state33_pp0_stage1_iter1   |    or    |      0|  0|   2|           1|           1|
    |ap_block_state6_io                  |    or    |      0|  0|   2|           1|           1|
    |ap_predicate_op377_readreq_state26  |    or    |      0|  0|   2|           1|           1|
    |ap_predicate_op391_read_state33     |    or    |      0|  0|   2|           1|           1|
    |or_cond_fu_1448_p2                  |    or    |      0|  0|   2|           1|           1|
    |a_1_fu_1801_p3                      |  select  |      0|  0|   4|           1|           4|
    |b_fu_1838_p3                        |  select  |      0|  0|   4|           1|           4|
    |minDistPhase2_fu_1850_p3            |  select  |      0|  0|   4|           1|           4|
    |p_s_fu_1933_p3                      |  select  |      0|  0|  32|           1|           1|
    |tmp_239_fu_1384_p3                  |  select  |      0|  0|  32|           1|          10|
    |tmp_253_fu_1671_p3                  |  select  |      0|  0|  32|           1|          32|
    |tmp_257_fu_1731_p3                  |  select  |      0|  0|  32|           1|          32|
    |tmp_271_cast_fu_1295_p3             |  select  |      0|  0|   5|           1|           5|
    |tmp_378_s_fu_1955_p3                |  select  |      0|  0|  32|           1|          32|
    |ap_enable_pp0                       |    xor   |      0|  0|   2|           1|           2|
    |ap_enable_reg_pp0_iter1             |    xor   |      0|  0|   2|           2|           1|
    +------------------------------------+----------+-------+---+----+------------+------------+
    |Total                               |          |      0|  0|1821|        1101|        1192|
    +------------------------------------+----------+-------+---+----+------------+------------+

    * Multiplexer: 
    +---------------------------------------------+-----+-----------+-----+-----------+
    |                     Name                    | LUT | Input Size| Bits| Total Bits|
    +---------------------------------------------+-----+-----------+-----+-----------+
    |FRtoBR_Move2_blk_n_AR                        |    9|          2|    1|          2|
    |FRtoBR_Move2_blk_n_R                         |    9|          2|    1|          2|
    |FRtoBR_Move3_2_address0                      |   15|          3|    5|         15|
    |P3Buffer_0_FRtoBR_address0                   |   15|          3|   10|         30|
    |P3Buffer_0_URFtoDLF_address0                 |   15|          3|   10|         30|
    |P3Buffer_0_URtoDF_address0                   |   15|          3|   10|         30|
    |P3Buffer_0_i_address0                        |   41|          8|   15|        120|
    |P3Buffer_0_i_address1                        |   38|          7|   15|        105|
    |P3Buffer_0_i_d0                              |   38|          7|    8|         56|
    |P3Buffer_0_i_d1                              |   33|          6|    8|         48|
    |P3Buffer_0_n_address0                        |   15|          3|   10|         30|
    |P3Buffer_0_parity_address0                   |   15|          3|   10|         30|
    |P3Start_fu_228                               |    9|          2|   32|         64|
    |URFtoDLF_Move2_blk_n_AR                      |    9|          2|    1|          2|
    |URFtoDLF_Move2_blk_n_R                       |    9|          2|    1|          2|
    |URFtoDLF_Move3_address0                      |   15|          3|    5|         15|
    |URtoDF_Move2_blk_n_AR                        |    9|          2|    1|          2|
    |URtoDF_Move2_blk_n_R                         |    9|          2|    1|          2|
    |URtoDF_Move3_address0                        |   15|          3|    5|         15|
    |ap_NS_fsm                                    |  161|         36|    1|         36|
    |ap_enable_reg_pp0_iter1                      |    9|          2|    1|          2|
    |ap_enable_reg_pp0_iter2                      |    9|          2|    1|          2|
    |ap_phi_mux_i1_phi_fu_837_p4                  |    9|          2|    4|          8|
    |ap_sig_ioackin_m_axi_FRtoBR_Move2_ARREADY    |    9|          2|    1|          2|
    |ap_sig_ioackin_m_axi_URFtoDLF_Move2_ARREADY  |    9|          2|    1|          2|
    |ap_sig_ioackin_m_axi_URtoDF_Move2_ARREADY    |    9|          2|    1|          2|
    |i1_reg_833                                   |    9|          2|    4|          8|
    |i2_reg_844                                   |    9|          2|    3|          6|
    |i_i_reg_810                                  |    9|          2|    3|          6|
    |i_reg_821                                    |    9|          2|    5|         10|
    |m_axi_URFtoDLF_Move2_ARADDR                  |   15|          3|   32|         96|
    |m_axi_URFtoDLF_Move2_ARLEN                   |   15|          3|   32|         96|
    |m_axi_URtoDF_Move2_ARADDR                    |   15|          3|   32|         96|
    |m_axi_URtoDF_Move2_ARLEN                     |   15|          3|   32|         96|
    |s_fu_224                                     |    9|          2|    8|         16|
    |search_0_i_address0                          |   44|          9|    5|         45|
    |search_0_i_address1                          |   41|          8|    5|         40|
    |search_0_i_d0                                |   15|          3|    8|         24|
    |search_sol_i_address0                        |   21|          4|    5|         20|
    |search_sol_i_d0                              |   15|          3|    8|         24|
    +---------------------------------------------+-----+-----------+-----+-----------+
    |Total                                        |  789|        163|  341|       1237|
    +---------------------------------------------+-----+-----------+-----+-----------+

    * Register: 
    +---------------------------------------------+----+----+-----+-----------+
    |                     Name                    | FF | LUT| Bits| Const Bits|
    +---------------------------------------------+----+----+-----+-----------+
    |FRtoBR_Move2_addr_re_reg_2339                |  16|   0|   16|          0|
    |FRtoBR_Move2_addr_reg_2309                   |  32|   0|   32|          0|
    |FRtoBR_reg_2689                              |  16|   0|   16|          0|
    |FRtoBR_reg_2689_pp0_iter1_reg                |  16|   0|   16|          0|
    |P3Buffer_0_i_load_1_reg_2321                 |   8|   0|    8|          0|
    |P3Start_fu_228                               |  32|   0|   32|          0|
    |Slice_URFtoDLF_Parit_12_reg_2303             |  32|   0|   32|          0|
    |Slice_URFtoDLF_Parit_14_reg_2334             |  16|   0|   16|          0|
    |Slice_URFtoDLF_Parit_15_reg_2752             |  32|   0|   32|          0|
    |Slice_URFtoDLF_Parit_17_reg_2763             |  16|   0|   16|          0|
    |Slice_URtoDF_Parity_10_reg_2741              |  32|   0|   32|          0|
    |Slice_URtoDF_Parity_12_reg_2758              |  16|   0|   16|          0|
    |Slice_URtoDF_Parity_7_reg_2315               |  32|   0|   32|          0|
    |Slice_URtoDF_Parity_9_reg_2344               |  16|   0|   16|          0|
    |URFtoDLF_reg_2684                            |  16|   0|   16|          0|
    |URFtoDLF_reg_2684_pp0_iter1_reg              |  16|   0|   16|          0|
    |URtoDF_reg_2701                              |  16|   0|   16|          0|
    |URtoDF_reg_2701_pp0_iter1_reg                |  16|   0|   16|          0|
    |a_1_reg_2768                                 |   4|   0|    4|          0|
    |ap_CS_fsm                                    |  35|   0|   35|          0|
    |ap_enable_reg_pp0_iter0                      |   1|   0|    1|          0|
    |ap_enable_reg_pp0_iter1                      |   1|   0|    1|          0|
    |ap_enable_reg_pp0_iter2                      |   1|   0|    1|          0|
    |ap_reg_ioackin_m_axi_FRtoBR_Move2_ARREADY    |   1|   0|    1|          0|
    |ap_reg_ioackin_m_axi_URFtoDLF_Move2_ARREADY  |   1|   0|    1|          0|
    |ap_reg_ioackin_m_axi_URtoDF_Move2_ARREADY    |   1|   0|    1|          0|
    |axOld_reg_2383                               |   8|   0|    8|          0|
    |exitcond2_reg_2634                           |   1|   0|    1|          0|
    |i1_1_i_reg_2409                              |   9|   0|    9|          0|
    |i1_2_i_reg_2439                              |   9|   0|    9|          0|
    |i1_2_reg_2274                                |   9|   0|    9|          0|
    |i1_3_i_reg_2469                              |   9|   0|    9|          0|
    |i1_4_i_reg_2499                              |   9|   0|    9|          0|
    |i1_reg_833                                   |   4|   0|    4|          0|
    |i2_1_i_reg_2414                              |   9|   0|    9|          0|
    |i2_1_reg_2833                                |   9|   0|    9|          0|
    |i2_2_i_reg_2444                              |   9|   0|    9|          0|
    |i2_2_reg_2279                                |   9|   0|    9|          0|
    |i2_3_i_reg_2474                              |   9|   0|    9|          0|
    |i2_4_i_reg_2504                              |   9|   0|    9|          0|
    |i2_reg_844                                   |   3|   0|    3|          0|
    |iSol_s_fu_220                                |   8|   0|    8|          0|
    |i_32_reg_2269                                |   3|   0|    3|          0|
    |i_33_reg_2329                                |   5|   0|    5|          0|
    |i_34_reg_2828                                |   3|   0|    3|          0|
    |i_35_reg_2648                                |   4|   0|    4|          0|
    |i_i_reg_810                                  |   3|   0|    3|          0|
    |i_reg_821                                    |   5|   0|    5|          0|
    |minDistPhase2_reg_2774                       |   4|   0|    4|          0|
    |mv_reg_2657                                  |   6|   0|    6|          0|
    |nOld                                         |  32|   0|   32|          0|
    |n_3_reg_2369                                 |   8|   0|    8|          0|
    |n_reg_2210                                   |   8|   0|    8|          0|
    |or_cond_reg_2653                             |   1|   0|    1|          0|
    |p_s_reg_2801                                 |  32|   0|   32|          0|
    |parityOld_reg_2221                           |   1|   0|    1|          0|
    |parity_reg_2694                              |   1|   0|    1|          0|
    |parity_reg_2694_pp0_iter1_reg                |   1|   0|    1|          0|
    |s_4_reg_2528                                 |   8|   0|    8|          0|
    |s_fu_224                                     |   8|   0|    8|          0|
    |search_0_FRtoBR_reg_2234                     |  16|   0|   16|          0|
    |search_0_URFtoDLF_reg_2226                   |  16|   0|   16|          0|
    |search_0_URtoDF_reg_2240                     |  16|   0|   16|          0|
    |search_0_i_load_10_reg_2494                  |   8|   0|    8|          0|
    |search_0_i_load_11_reg_2604                  |   8|   0|    8|          0|
    |search_0_i_load_12_reg_2614                  |   8|   0|    8|          0|
    |search_0_i_load_4_reg_2404                   |   8|   0|    8|          0|
    |search_0_i_load_5_reg_2429                   |   8|   0|    8|          0|
    |search_0_i_load_6_reg_2434                   |   8|   0|    8|          0|
    |search_0_i_load_7_reg_2459                   |   8|   0|    8|          0|
    |search_0_i_load_8_reg_2464                   |   8|   0|    8|          0|
    |search_0_i_load_9_reg_2489                   |   8|   0|    8|          0|
    |search_0_i_load_reg_2399                     |   8|   0|    8|          0|
    |search_sol_i_addr_reg_2549                   |   5|   0|    5|          0|
    |sext5_reg_2624                               |  31|   0|   64|         33|
    |sext6_reg_2629                               |  31|   0|   64|         33|
    |start_assign_reg_2215                        |   8|   0|    8|          0|
    |tmp5_reg_2820                                |   9|   0|    9|          0|
    |tmp_196_reg_2716                             |   1|   0|    1|          0|
    |tmp_197_reg_2721                             |  23|   0|   23|          0|
    |tmp_198_reg_2736                             |   1|   0|    1|          0|
    |tmp_201_reg_2726                             |   1|   0|    1|          0|
    |tmp_202_reg_2731                             |  23|   0|   23|          0|
    |tmp_203_reg_2747                             |   1|   0|    1|          0|
    |tmp_226_reg_2299                             |   1|   0|    1|          0|
    |tmp_227_reg_2135                             |  16|   0|   16|          0|
    |tmp_233_reg_2519                             |   1|   0|    1|          0|
    |tmp_235_reg_2539                             |  10|   0|   10|          0|
    |tmp_237_reg_2554                             |   9|   0|    9|          0|
    |tmp_239_reg_2619                             |  32|   0|   32|          0|
    |tmp_240_cast_reg_2544                        |  16|   0|   16|          0|
    |tmp_240_reg_2816                             |   1|   0|    1|          0|
    |tmp_249_reg_2706                             |  22|   0|   22|          0|
    |tmp_251_reg_2711                             |  22|   0|   22|          0|
    |tmp_260_reg_2779                             |   1|   0|    1|          0|
    |tmp_262_reg_2838                             |  64|   0|   64|          0|
    |tmp_263_reg_2848                             |  64|   0|   64|          0|
    |tmp_264_reg_2783                             |   1|   0|    1|          0|
    |tmp_269_reg_2806                             |   1|   0|    1|          0|
    |tmp_271_cast_reg_2523                        |   2|   0|    7|          5|
    |tmp_277_reg_2787                             |  16|   0|   16|          0|
    |tmp_288_reg_2811                             |  16|   0|   16|          0|
    |tmp_292_cast_reg_2533                        |   9|   0|    9|          0|
    |tmp_61_1_i_cast_reg_2569                     |  16|   0|   16|          0|
    |tmp_61_2_i_cast_reg_2579                     |  16|   0|   16|          0|
    |tmp_61_3_i_cast_reg_2589                     |  16|   0|   16|          0|
    |tmp_61_4_i_cast_reg_2599                     |  16|   0|   16|          0|
    |tmp_61_i4_cast_reg_2559                      |  16|   0|   16|          0|
    |tmp_62_1_i_cast_reg_2574                     |  16|   0|   16|          0|
    |tmp_62_2_i_cast_reg_2584                     |  16|   0|   16|          0|
    |tmp_62_3_i_cast_reg_2594                     |  16|   0|   16|          0|
    |tmp_62_4_i_cast_reg_2609                     |  16|   0|   16|          0|
    |tmp_62_i8_cast_reg_2564                      |  16|   0|   16|          0|
    |tmp_62_i_reg_2259                            |   9|   0|    9|          0|
    |tmp_i_cast_reg_2246                          |   9|   0|    9|          0|
    |tmp_s_reg_2294                               |  32|   0|   32|          0|
    |mv_reg_2657                                  |  64|  32|    6|          0|
    |or_cond_reg_2653                             |  64|  32|    1|          0|
    +---------------------------------------------+----+----+-----+-----------+
    |Total                                        |1581|  64| 1531|         71|
    +---------------------------------------------+----+----+-----+-----------+



================================================================
== Interface
================================================================
* Summary: 
+------------------------------------+-----+-----+------------+------------------------------------+--------------+
|              RTL Ports             | Dir | Bits|  Protocol  |            Source Object           |    C Type    |
+------------------------------------+-----+-----+------------+------------------------------------+--------------+
|ap_clk                              |  in |    1| ap_ctrl_hs |                 P2                 | return value |
|ap_rst                              |  in |    1| ap_ctrl_hs |                 P2                 | return value |
|ap_start                            |  in |    1| ap_ctrl_hs |                 P2                 | return value |
|ap_done                             | out |    1| ap_ctrl_hs |                 P2                 | return value |
|ap_idle                             | out |    1| ap_ctrl_hs |                 P2                 | return value |
|ap_ready                            | out |    1| ap_ctrl_hs |                 P2                 | return value |
|ap_return_0                         | out |   32| ap_ctrl_hs |                 P2                 | return value |
|ap_return_1                         | out |   32| ap_ctrl_hs |                 P2                 | return value |
|P3Buffer_0_parity_address0          | out |   10|  ap_memory |          P3Buffer_0_parity         |     array    |
|P3Buffer_0_parity_ce0               | out |    1|  ap_memory |          P3Buffer_0_parity         |     array    |
|P3Buffer_0_parity_we0               | out |    1|  ap_memory |          P3Buffer_0_parity         |     array    |
|P3Buffer_0_parity_d0                | out |    1|  ap_memory |          P3Buffer_0_parity         |     array    |
|P3Buffer_0_parity_q0                |  in |    1|  ap_memory |          P3Buffer_0_parity         |     array    |
|P3Buffer_0_URFtoDLF_address0        | out |   10|  ap_memory |         P3Buffer_0_URFtoDLF        |     array    |
|P3Buffer_0_URFtoDLF_ce0             | out |    1|  ap_memory |         P3Buffer_0_URFtoDLF        |     array    |
|P3Buffer_0_URFtoDLF_we0             | out |    1|  ap_memory |         P3Buffer_0_URFtoDLF        |     array    |
|P3Buffer_0_URFtoDLF_d0              | out |   16|  ap_memory |         P3Buffer_0_URFtoDLF        |     array    |
|P3Buffer_0_URFtoDLF_q0              |  in |   16|  ap_memory |         P3Buffer_0_URFtoDLF        |     array    |
|P3Buffer_0_FRtoBR_address0          | out |   10|  ap_memory |          P3Buffer_0_FRtoBR         |     array    |
|P3Buffer_0_FRtoBR_ce0               | out |    1|  ap_memory |          P3Buffer_0_FRtoBR         |     array    |
|P3Buffer_0_FRtoBR_we0               | out |    1|  ap_memory |          P3Buffer_0_FRtoBR         |     array    |
|P3Buffer_0_FRtoBR_d0                | out |   16|  ap_memory |          P3Buffer_0_FRtoBR         |     array    |
|P3Buffer_0_FRtoBR_q0                |  in |   16|  ap_memory |          P3Buffer_0_FRtoBR         |     array    |
|P3Buffer_0_URtoDF_address0          | out |   10|  ap_memory |          P3Buffer_0_URtoDF         |     array    |
|P3Buffer_0_URtoDF_ce0               | out |    1|  ap_memory |          P3Buffer_0_URtoDF         |     array    |
|P3Buffer_0_URtoDF_we0               | out |    1|  ap_memory |          P3Buffer_0_URtoDF         |     array    |
|P3Buffer_0_URtoDF_d0                | out |   16|  ap_memory |          P3Buffer_0_URtoDF         |     array    |
|P3Buffer_0_URtoDF_q0                |  in |   16|  ap_memory |          P3Buffer_0_URtoDF         |     array    |
|P3Buffer_0_n_address0               | out |   10|  ap_memory |            P3Buffer_0_n            |     array    |
|P3Buffer_0_n_ce0                    | out |    1|  ap_memory |            P3Buffer_0_n            |     array    |
|P3Buffer_0_n_we0                    | out |    1|  ap_memory |            P3Buffer_0_n            |     array    |
|P3Buffer_0_n_d0                     | out |    8|  ap_memory |            P3Buffer_0_n            |     array    |
|P3Buffer_0_n_q0                     |  in |    8|  ap_memory |            P3Buffer_0_n            |     array    |
|P3Buffer_0_i_address0               | out |   15|  ap_memory |            P3Buffer_0_i            |     array    |
|P3Buffer_0_i_ce0                    | out |    1|  ap_memory |            P3Buffer_0_i            |     array    |
|P3Buffer_0_i_we0                    | out |    1|  ap_memory |            P3Buffer_0_i            |     array    |
|P3Buffer_0_i_d0                     | out |    8|  ap_memory |            P3Buffer_0_i            |     array    |
|P3Buffer_0_i_q0                     |  in |    8|  ap_memory |            P3Buffer_0_i            |     array    |
|P3Buffer_0_i_address1               | out |   15|  ap_memory |            P3Buffer_0_i            |     array    |
|P3Buffer_0_i_ce1                    | out |    1|  ap_memory |            P3Buffer_0_i            |     array    |
|P3Buffer_0_i_we1                    | out |    1|  ap_memory |            P3Buffer_0_i            |     array    |
|P3Buffer_0_i_d1                     | out |    8|  ap_memory |            P3Buffer_0_i            |     array    |
|P3Buffer_0_i_q1                     |  in |    8|  ap_memory |            P3Buffer_0_i            |     array    |
|P3Start_read                        |  in |   32|   ap_none  |            P3Start_read            |    scalar    |
|P3End_read                          |  in |   32|   ap_none  |             P3End_read             |    scalar    |
|depthPhase1                         |  in |    8|   ap_none  |             depthPhase1            |    scalar    |
|depthPhase2                         |  in |    8|   ap_none  |             depthPhase2            |    scalar    |
|m_axi_FRtoBR_Move2_AWVALID          | out |    1|    m_axi   |            FRtoBR_Move2            |    pointer   |
|m_axi_FRtoBR_Move2_AWREADY          |  in |    1|    m_axi   |            FRtoBR_Move2            |    pointer   |
|m_axi_FRtoBR_Move2_AWADDR           | out |   32|    m_axi   |            FRtoBR_Move2            |    pointer   |
|m_axi_FRtoBR_Move2_AWID             | out |    1|    m_axi   |            FRtoBR_Move2            |    pointer   |
|m_axi_FRtoBR_Move2_AWLEN            | out |   32|    m_axi   |            FRtoBR_Move2            |    pointer   |
|m_axi_FRtoBR_Move2_AWSIZE           | out |    3|    m_axi   |            FRtoBR_Move2            |    pointer   |
|m_axi_FRtoBR_Move2_AWBURST          | out |    2|    m_axi   |            FRtoBR_Move2            |    pointer   |
|m_axi_FRtoBR_Move2_AWLOCK           | out |    2|    m_axi   |            FRtoBR_Move2            |    pointer   |
|m_axi_FRtoBR_Move2_AWCACHE          | out |    4|    m_axi   |            FRtoBR_Move2            |    pointer   |
|m_axi_FRtoBR_Move2_AWPROT           | out |    3|    m_axi   |            FRtoBR_Move2            |    pointer   |
|m_axi_FRtoBR_Move2_AWQOS            | out |    4|    m_axi   |            FRtoBR_Move2            |    pointer   |
|m_axi_FRtoBR_Move2_AWREGION         | out |    4|    m_axi   |            FRtoBR_Move2            |    pointer   |
|m_axi_FRtoBR_Move2_AWUSER           | out |    1|    m_axi   |            FRtoBR_Move2            |    pointer   |
|m_axi_FRtoBR_Move2_WVALID           | out |    1|    m_axi   |            FRtoBR_Move2            |    pointer   |
|m_axi_FRtoBR_Move2_WREADY           |  in |    1|    m_axi   |            FRtoBR_Move2            |    pointer   |
|m_axi_FRtoBR_Move2_WDATA            | out |   16|    m_axi   |            FRtoBR_Move2            |    pointer   |
|m_axi_FRtoBR_Move2_WSTRB            | out |    2|    m_axi   |            FRtoBR_Move2            |    pointer   |
|m_axi_FRtoBR_Move2_WLAST            | out |    1|    m_axi   |            FRtoBR_Move2            |    pointer   |
|m_axi_FRtoBR_Move2_WID              | out |    1|    m_axi   |            FRtoBR_Move2            |    pointer   |
|m_axi_FRtoBR_Move2_WUSER            | out |    1|    m_axi   |            FRtoBR_Move2            |    pointer   |
|m_axi_FRtoBR_Move2_ARVALID          | out |    1|    m_axi   |            FRtoBR_Move2            |    pointer   |
|m_axi_FRtoBR_Move2_ARREADY          |  in |    1|    m_axi   |            FRtoBR_Move2            |    pointer   |
|m_axi_FRtoBR_Move2_ARADDR           | out |   32|    m_axi   |            FRtoBR_Move2            |    pointer   |
|m_axi_FRtoBR_Move2_ARID             | out |    1|    m_axi   |            FRtoBR_Move2            |    pointer   |
|m_axi_FRtoBR_Move2_ARLEN            | out |   32|    m_axi   |            FRtoBR_Move2            |    pointer   |
|m_axi_FRtoBR_Move2_ARSIZE           | out |    3|    m_axi   |            FRtoBR_Move2            |    pointer   |
|m_axi_FRtoBR_Move2_ARBURST          | out |    2|    m_axi   |            FRtoBR_Move2            |    pointer   |
|m_axi_FRtoBR_Move2_ARLOCK           | out |    2|    m_axi   |            FRtoBR_Move2            |    pointer   |
|m_axi_FRtoBR_Move2_ARCACHE          | out |    4|    m_axi   |            FRtoBR_Move2            |    pointer   |
|m_axi_FRtoBR_Move2_ARPROT           | out |    3|    m_axi   |            FRtoBR_Move2            |    pointer   |
|m_axi_FRtoBR_Move2_ARQOS            | out |    4|    m_axi   |            FRtoBR_Move2            |    pointer   |
|m_axi_FRtoBR_Move2_ARREGION         | out |    4|    m_axi   |            FRtoBR_Move2            |    pointer   |
|m_axi_FRtoBR_Move2_ARUSER           | out |    1|    m_axi   |            FRtoBR_Move2            |    pointer   |
|m_axi_FRtoBR_Move2_RVALID           |  in |    1|    m_axi   |            FRtoBR_Move2            |    pointer   |
|m_axi_FRtoBR_Move2_RREADY           | out |    1|    m_axi   |            FRtoBR_Move2            |    pointer   |
|m_axi_FRtoBR_Move2_RDATA            |  in |   16|    m_axi   |            FRtoBR_Move2            |    pointer   |
|m_axi_FRtoBR_Move2_RLAST            |  in |    1|    m_axi   |            FRtoBR_Move2            |    pointer   |
|m_axi_FRtoBR_Move2_RID              |  in |    1|    m_axi   |            FRtoBR_Move2            |    pointer   |
|m_axi_FRtoBR_Move2_RUSER            |  in |    1|    m_axi   |            FRtoBR_Move2            |    pointer   |
|m_axi_FRtoBR_Move2_RRESP            |  in |    2|    m_axi   |            FRtoBR_Move2            |    pointer   |
|m_axi_FRtoBR_Move2_BVALID           |  in |    1|    m_axi   |            FRtoBR_Move2            |    pointer   |
|m_axi_FRtoBR_Move2_BREADY           | out |    1|    m_axi   |            FRtoBR_Move2            |    pointer   |
|m_axi_FRtoBR_Move2_BRESP            |  in |    2|    m_axi   |            FRtoBR_Move2            |    pointer   |
|m_axi_FRtoBR_Move2_BID              |  in |    1|    m_axi   |            FRtoBR_Move2            |    pointer   |
|m_axi_FRtoBR_Move2_BUSER            |  in |    1|    m_axi   |            FRtoBR_Move2            |    pointer   |
|FRtoBR_Move2_offset                 |  in |   31|   ap_none  |         FRtoBR_Move2_offset        |    scalar    |
|m_axi_URFtoDLF_Move2_AWVALID        | out |    1|    m_axi   |           URFtoDLF_Move2           |    pointer   |
|m_axi_URFtoDLF_Move2_AWREADY        |  in |    1|    m_axi   |           URFtoDLF_Move2           |    pointer   |
|m_axi_URFtoDLF_Move2_AWADDR         | out |   32|    m_axi   |           URFtoDLF_Move2           |    pointer   |
|m_axi_URFtoDLF_Move2_AWID           | out |    1|    m_axi   |           URFtoDLF_Move2           |    pointer   |
|m_axi_URFtoDLF_Move2_AWLEN          | out |   32|    m_axi   |           URFtoDLF_Move2           |    pointer   |
|m_axi_URFtoDLF_Move2_AWSIZE         | out |    3|    m_axi   |           URFtoDLF_Move2           |    pointer   |
|m_axi_URFtoDLF_Move2_AWBURST        | out |    2|    m_axi   |           URFtoDLF_Move2           |    pointer   |
|m_axi_URFtoDLF_Move2_AWLOCK         | out |    2|    m_axi   |           URFtoDLF_Move2           |    pointer   |
|m_axi_URFtoDLF_Move2_AWCACHE        | out |    4|    m_axi   |           URFtoDLF_Move2           |    pointer   |
|m_axi_URFtoDLF_Move2_AWPROT         | out |    3|    m_axi   |           URFtoDLF_Move2           |    pointer   |
|m_axi_URFtoDLF_Move2_AWQOS          | out |    4|    m_axi   |           URFtoDLF_Move2           |    pointer   |
|m_axi_URFtoDLF_Move2_AWREGION       | out |    4|    m_axi   |           URFtoDLF_Move2           |    pointer   |
|m_axi_URFtoDLF_Move2_AWUSER         | out |    1|    m_axi   |           URFtoDLF_Move2           |    pointer   |
|m_axi_URFtoDLF_Move2_WVALID         | out |    1|    m_axi   |           URFtoDLF_Move2           |    pointer   |
|m_axi_URFtoDLF_Move2_WREADY         |  in |    1|    m_axi   |           URFtoDLF_Move2           |    pointer   |
|m_axi_URFtoDLF_Move2_WDATA          | out |   16|    m_axi   |           URFtoDLF_Move2           |    pointer   |
|m_axi_URFtoDLF_Move2_WSTRB          | out |    2|    m_axi   |           URFtoDLF_Move2           |    pointer   |
|m_axi_URFtoDLF_Move2_WLAST          | out |    1|    m_axi   |           URFtoDLF_Move2           |    pointer   |
|m_axi_URFtoDLF_Move2_WID            | out |    1|    m_axi   |           URFtoDLF_Move2           |    pointer   |
|m_axi_URFtoDLF_Move2_WUSER          | out |    1|    m_axi   |           URFtoDLF_Move2           |    pointer   |
|m_axi_URFtoDLF_Move2_ARVALID        | out |    1|    m_axi   |           URFtoDLF_Move2           |    pointer   |
|m_axi_URFtoDLF_Move2_ARREADY        |  in |    1|    m_axi   |           URFtoDLF_Move2           |    pointer   |
|m_axi_URFtoDLF_Move2_ARADDR         | out |   32|    m_axi   |           URFtoDLF_Move2           |    pointer   |
|m_axi_URFtoDLF_Move2_ARID           | out |    1|    m_axi   |           URFtoDLF_Move2           |    pointer   |
|m_axi_URFtoDLF_Move2_ARLEN          | out |   32|    m_axi   |           URFtoDLF_Move2           |    pointer   |
|m_axi_URFtoDLF_Move2_ARSIZE         | out |    3|    m_axi   |           URFtoDLF_Move2           |    pointer   |
|m_axi_URFtoDLF_Move2_ARBURST        | out |    2|    m_axi   |           URFtoDLF_Move2           |    pointer   |
|m_axi_URFtoDLF_Move2_ARLOCK         | out |    2|    m_axi   |           URFtoDLF_Move2           |    pointer   |
|m_axi_URFtoDLF_Move2_ARCACHE        | out |    4|    m_axi   |           URFtoDLF_Move2           |    pointer   |
|m_axi_URFtoDLF_Move2_ARPROT         | out |    3|    m_axi   |           URFtoDLF_Move2           |    pointer   |
|m_axi_URFtoDLF_Move2_ARQOS          | out |    4|    m_axi   |           URFtoDLF_Move2           |    pointer   |
|m_axi_URFtoDLF_Move2_ARREGION       | out |    4|    m_axi   |           URFtoDLF_Move2           |    pointer   |
|m_axi_URFtoDLF_Move2_ARUSER         | out |    1|    m_axi   |           URFtoDLF_Move2           |    pointer   |
|m_axi_URFtoDLF_Move2_RVALID         |  in |    1|    m_axi   |           URFtoDLF_Move2           |    pointer   |
|m_axi_URFtoDLF_Move2_RREADY         | out |    1|    m_axi   |           URFtoDLF_Move2           |    pointer   |
|m_axi_URFtoDLF_Move2_RDATA          |  in |   16|    m_axi   |           URFtoDLF_Move2           |    pointer   |
|m_axi_URFtoDLF_Move2_RLAST          |  in |    1|    m_axi   |           URFtoDLF_Move2           |    pointer   |
|m_axi_URFtoDLF_Move2_RID            |  in |    1|    m_axi   |           URFtoDLF_Move2           |    pointer   |
|m_axi_URFtoDLF_Move2_RUSER          |  in |    1|    m_axi   |           URFtoDLF_Move2           |    pointer   |
|m_axi_URFtoDLF_Move2_RRESP          |  in |    2|    m_axi   |           URFtoDLF_Move2           |    pointer   |
|m_axi_URFtoDLF_Move2_BVALID         |  in |    1|    m_axi   |           URFtoDLF_Move2           |    pointer   |
|m_axi_URFtoDLF_Move2_BREADY         | out |    1|    m_axi   |           URFtoDLF_Move2           |    pointer   |
|m_axi_URFtoDLF_Move2_BRESP          |  in |    2|    m_axi   |           URFtoDLF_Move2           |    pointer   |
|m_axi_URFtoDLF_Move2_BID            |  in |    1|    m_axi   |           URFtoDLF_Move2           |    pointer   |
|m_axi_URFtoDLF_Move2_BUSER          |  in |    1|    m_axi   |           URFtoDLF_Move2           |    pointer   |
|URFtoDLF_Move2_offset               |  in |   31|   ap_none  |        URFtoDLF_Move2_offset       |    scalar    |
|m_axi_URtoDF_Move2_AWVALID          | out |    1|    m_axi   |            URtoDF_Move2            |    pointer   |
|m_axi_URtoDF_Move2_AWREADY          |  in |    1|    m_axi   |            URtoDF_Move2            |    pointer   |
|m_axi_URtoDF_Move2_AWADDR           | out |   32|    m_axi   |            URtoDF_Move2            |    pointer   |
|m_axi_URtoDF_Move2_AWID             | out |    1|    m_axi   |            URtoDF_Move2            |    pointer   |
|m_axi_URtoDF_Move2_AWLEN            | out |   32|    m_axi   |            URtoDF_Move2            |    pointer   |
|m_axi_URtoDF_Move2_AWSIZE           | out |    3|    m_axi   |            URtoDF_Move2            |    pointer   |
|m_axi_URtoDF_Move2_AWBURST          | out |    2|    m_axi   |            URtoDF_Move2            |    pointer   |
|m_axi_URtoDF_Move2_AWLOCK           | out |    2|    m_axi   |            URtoDF_Move2            |    pointer   |
|m_axi_URtoDF_Move2_AWCACHE          | out |    4|    m_axi   |            URtoDF_Move2            |    pointer   |
|m_axi_URtoDF_Move2_AWPROT           | out |    3|    m_axi   |            URtoDF_Move2            |    pointer   |
|m_axi_URtoDF_Move2_AWQOS            | out |    4|    m_axi   |            URtoDF_Move2            |    pointer   |
|m_axi_URtoDF_Move2_AWREGION         | out |    4|    m_axi   |            URtoDF_Move2            |    pointer   |
|m_axi_URtoDF_Move2_AWUSER           | out |    1|    m_axi   |            URtoDF_Move2            |    pointer   |
|m_axi_URtoDF_Move2_WVALID           | out |    1|    m_axi   |            URtoDF_Move2            |    pointer   |
|m_axi_URtoDF_Move2_WREADY           |  in |    1|    m_axi   |            URtoDF_Move2            |    pointer   |
|m_axi_URtoDF_Move2_WDATA            | out |   16|    m_axi   |            URtoDF_Move2            |    pointer   |
|m_axi_URtoDF_Move2_WSTRB            | out |    2|    m_axi   |            URtoDF_Move2            |    pointer   |
|m_axi_URtoDF_Move2_WLAST            | out |    1|    m_axi   |            URtoDF_Move2            |    pointer   |
|m_axi_URtoDF_Move2_WID              | out |    1|    m_axi   |            URtoDF_Move2            |    pointer   |
|m_axi_URtoDF_Move2_WUSER            | out |    1|    m_axi   |            URtoDF_Move2            |    pointer   |
|m_axi_URtoDF_Move2_ARVALID          | out |    1|    m_axi   |            URtoDF_Move2            |    pointer   |
|m_axi_URtoDF_Move2_ARREADY          |  in |    1|    m_axi   |            URtoDF_Move2            |    pointer   |
|m_axi_URtoDF_Move2_ARADDR           | out |   32|    m_axi   |            URtoDF_Move2            |    pointer   |
|m_axi_URtoDF_Move2_ARID             | out |    1|    m_axi   |            URtoDF_Move2            |    pointer   |
|m_axi_URtoDF_Move2_ARLEN            | out |   32|    m_axi   |            URtoDF_Move2            |    pointer   |
|m_axi_URtoDF_Move2_ARSIZE           | out |    3|    m_axi   |            URtoDF_Move2            |    pointer   |
|m_axi_URtoDF_Move2_ARBURST          | out |    2|    m_axi   |            URtoDF_Move2            |    pointer   |
|m_axi_URtoDF_Move2_ARLOCK           | out |    2|    m_axi   |            URtoDF_Move2            |    pointer   |
|m_axi_URtoDF_Move2_ARCACHE          | out |    4|    m_axi   |            URtoDF_Move2            |    pointer   |
|m_axi_URtoDF_Move2_ARPROT           | out |    3|    m_axi   |            URtoDF_Move2            |    pointer   |
|m_axi_URtoDF_Move2_ARQOS            | out |    4|    m_axi   |            URtoDF_Move2            |    pointer   |
|m_axi_URtoDF_Move2_ARREGION         | out |    4|    m_axi   |            URtoDF_Move2            |    pointer   |
|m_axi_URtoDF_Move2_ARUSER           | out |    1|    m_axi   |            URtoDF_Move2            |    pointer   |
|m_axi_URtoDF_Move2_RVALID           |  in |    1|    m_axi   |            URtoDF_Move2            |    pointer   |
|m_axi_URtoDF_Move2_RREADY           | out |    1|    m_axi   |            URtoDF_Move2            |    pointer   |
|m_axi_URtoDF_Move2_RDATA            |  in |   16|    m_axi   |            URtoDF_Move2            |    pointer   |
|m_axi_URtoDF_Move2_RLAST            |  in |    1|    m_axi   |            URtoDF_Move2            |    pointer   |
|m_axi_URtoDF_Move2_RID              |  in |    1|    m_axi   |            URtoDF_Move2            |    pointer   |
|m_axi_URtoDF_Move2_RUSER            |  in |    1|    m_axi   |            URtoDF_Move2            |    pointer   |
|m_axi_URtoDF_Move2_RRESP            |  in |    2|    m_axi   |            URtoDF_Move2            |    pointer   |
|m_axi_URtoDF_Move2_BVALID           |  in |    1|    m_axi   |            URtoDF_Move2            |    pointer   |
|m_axi_URtoDF_Move2_BREADY           | out |    1|    m_axi   |            URtoDF_Move2            |    pointer   |
|m_axi_URtoDF_Move2_BRESP            |  in |    2|    m_axi   |            URtoDF_Move2            |    pointer   |
|m_axi_URtoDF_Move2_BID              |  in |    1|    m_axi   |            URtoDF_Move2            |    pointer   |
|m_axi_URtoDF_Move2_BUSER            |  in |    1|    m_axi   |            URtoDF_Move2            |    pointer   |
|URtoDF_Move2_offset                 |  in |   31|   ap_none  |         URtoDF_Move2_offset        |    scalar    |
|Slice_URFtoDLF_Parity_Prun2_offset  |  in |   31|   ap_none  | Slice_URFtoDLF_Parity_Prun2_offset |    scalar    |
|Slice_URtoDF_Parity_Prun2_offset    |  in |   31|   ap_none  |  Slice_URtoDF_Parity_Prun2_offset  |    scalar    |
|search_sol_depthPhas                | out |    8|   ap_vld   |        search_sol_depthPhas        |    pointer   |
|search_sol_depthPhas_ap_vld         | out |    1|   ap_vld   |        search_sol_depthPhas        |    pointer   |
|search_sol_i_address0               | out |    5|  ap_memory |            search_sol_i            |     array    |
|search_sol_i_ce0                    | out |    1|  ap_memory |            search_sol_i            |     array    |
|search_sol_i_we0                    | out |    1|  ap_memory |            search_sol_i            |     array    |
|search_sol_i_d0                     | out |    8|  ap_memory |            search_sol_i            |     array    |
+------------------------------------+-----+-----+------------+------------------------------------+--------------+

