

================================================================
== Vivado HLS Report for 'getFRtoBR'
================================================================
* Date:           Sat Mar  9 22:55:02 2019

* Version:        2018.2 (Build 2258646 on Thu Jun 14 20:25:20 MDT 2018)
* Project:        kociemba
* Solution:       solution1
* Product family: zynq
* Target device:  xc7z020clg400-1


================================================================
== Performance Estimates
================================================================
+ Timing (ns): 
    * Summary: 
    +--------+-------+----------+------------+
    |  Clock | Target| Estimated| Uncertainty|
    +--------+-------+----------+------------+
    |ap_clk  |  12.00|    10.075|        1.50|
    +--------+-------+----------+------------+

+ Latency (clock cycles): 
    * Summary: 
    +-----+-----+-----+-----+---------+
    |  Latency  |  Interval | Pipeline|
    | min | max | min | max |   Type  |
    +-----+-----+-----+-----+---------+
    |    ?|    ?|    ?|    ?|   none  |
    +-----+-----+-----+-----+---------+

    + Detail: 
        * Instance: 
        N/A

        * Loop: 
        +-----------------+-----+-----+----------+-----------+-----------+-------+----------+
        |                 |  Latency  | Iteration|  Initiation Interval  |  Trip |          |
        |    Loop Name    | min | max |  Latency |  achieved |   target  | Count | Pipelined|
        +-----------------+-----+-----+----------+-----------+-----------+-------+----------+
        |- memset_edge4   |    3|    3|         1|          -|          -|      4|    no    |
        |- Loop 2         |    ?|    ?|         ?|          -|          -|     12|    no    |
        | + Loop 2.1      |    ?|    ?|        37|          -|          -|      ?|    no    |
        |- Loop 3         |    ?|    ?|         ?|          -|          -|      3|    no    |
        | + Loop 3.1      |    ?|    ?|   2 ~ 8  |          -|          -|      ?|    no    |
        |  ++ Loop 3.1.1  |    0|    6|         2|          -|          -| 0 ~ 3 |    no    |
        +-----------------+-----+-----+----------+-----------+-----------+-------+----------+

============================================================
+ Verbose Summary: Synthesis Manager
============================================================
InlineROM: 1
ExposeGlobal: 0
============================================================
+ Verbose Summary: CDFG Model
============================================================
IsTopModel: 0
ResetActiveHigh: 1
IsCombinational: 0
IsDatapathOnly: 0
HasWiredReturn: 1
HasMFsm: 0
HasVarLatency: 1
IsPipeline: 0
IsRtlPipelined: 0
IsInstanceOverlapped: 0
IsDontTouch: 0
HasImplIP: 0
IsGatedGlobalClock: 0


============================================================
+ Verbose Summary: Schedule
============================================================
* Number of FSM states : 47
* Pipeline : 0
* Dataflow Pipeline: 0

* FSM state transitions: 
1 --> 
	2  / true
2 --> 
	2  / (!tmp_s)
	3  / (tmp_s)
3 --> 
	4  / (!tmp)
	43  / (tmp)
4 --> 
	42  / (tmp_350) | (tmp_i)
	5  / (!tmp_350 & !tmp_i)
5 --> 
	6  / (!exitcond_i)
	42  / (exitcond_i)
6 --> 
	7  / true
7 --> 
	8  / true
8 --> 
	9  / true
9 --> 
	10  / true
10 --> 
	11  / true
11 --> 
	12  / true
12 --> 
	13  / true
13 --> 
	14  / true
14 --> 
	15  / true
15 --> 
	16  / true
16 --> 
	17  / true
17 --> 
	18  / true
18 --> 
	19  / true
19 --> 
	20  / true
20 --> 
	21  / true
21 --> 
	22  / true
22 --> 
	23  / true
23 --> 
	24  / true
24 --> 
	25  / true
25 --> 
	26  / true
26 --> 
	27  / true
27 --> 
	28  / true
28 --> 
	29  / true
29 --> 
	30  / true
30 --> 
	31  / true
31 --> 
	32  / true
32 --> 
	33  / true
33 --> 
	34  / true
34 --> 
	35  / true
35 --> 
	36  / true
36 --> 
	37  / true
37 --> 
	38  / true
38 --> 
	39  / true
39 --> 
	40  / true
40 --> 
	41  / true
41 --> 
	5  / true
42 --> 
	3  / true
43 --> 
	44  / (!tmp_284)
44 --> 
	47  / (tmp_289)
	45  / (!tmp_289)
45 --> 
	46  / (!exitcond)
	44  / (exitcond)
46 --> 
	45  / true
47 --> 
	43  / true

* FSM state operations: 

State 1 <SV = 0> <Delay = 1.76>
ST_1 : Operation 48 [1/1] (0.00ns)   --->   "%edge4 = alloca i4"   --->   Operation 48 'alloca' 'edge4' <Predicate = true> <Delay = 0.00>
ST_1 : Operation 49 [1/1] (0.00ns)   --->   "%edge4_1 = alloca i4"   --->   Operation 49 'alloca' 'edge4_1' <Predicate = true> <Delay = 0.00>
ST_1 : Operation 50 [1/1] (0.00ns)   --->   "%edge4_2 = alloca i4"   --->   Operation 50 'alloca' 'edge4_2' <Predicate = true> <Delay = 0.00>
ST_1 : Operation 51 [1/1] (0.00ns)   --->   "%edge4_3 = alloca i4"   --->   Operation 51 'alloca' 'edge4_3' <Predicate = true> <Delay = 0.00>
ST_1 : Operation 52 [1/1] (1.76ns)   --->   "br label %meminst"   --->   Operation 52 'br' <Predicate = true> <Delay = 1.76>

State 2 <SV = 1> <Delay = 3.72>
ST_2 : Operation 53 [1/1] (0.00ns)   --->   "%invdar = phi i2 [ 0, %0 ], [ %indvarinc, %meminst ]" [kociemba/cubiecube.c:382]   --->   Operation 53 'phi' 'invdar' <Predicate = true> <Delay = 0.00>
ST_2 : Operation 54 [1/1] (0.00ns)   --->   "%edge4_load = load i4* %edge4"   --->   Operation 54 'load' 'edge4_load' <Predicate = true> <Delay = 0.00>
ST_2 : Operation 55 [1/1] (0.00ns)   --->   "%edge4_1_load = load i4* %edge4_1"   --->   Operation 55 'load' 'edge4_1_load' <Predicate = true> <Delay = 0.00>
ST_2 : Operation 56 [1/1] (0.00ns)   --->   "%edge4_2_load = load i4* %edge4_2"   --->   Operation 56 'load' 'edge4_2_load' <Predicate = true> <Delay = 0.00>
ST_2 : Operation 57 [1/1] (0.00ns)   --->   "%edge4_3_load = load i4* %edge4_3"   --->   Operation 57 'load' 'edge4_3_load' <Predicate = true> <Delay = 0.00>
ST_2 : Operation 58 [1/1] (1.56ns)   --->   "%indvarinc = add i2 %invdar, 1" [kociemba/cubiecube.c:382]   --->   Operation 58 'add' 'indvarinc' <Predicate = true> <Delay = 1.56> <Core = "AddSub">   --->   Core 14 'AddSub' <Latency = 0> <II = 1> <Delay = 2.07> <FuncUnit> <Opcode : 'add' 'sub'> <InPorts = 2> <OutPorts = 1>
ST_2 : Operation 59 [1/1] (1.95ns)   --->   "%edge4_0_1 = call i4 @_ssdm_op_Mux.ap_auto.4i4.i2(i4 0, i4 %edge4_load, i4 %edge4_load, i4 %edge4_load, i2 %invdar)" [kociemba/cubiecube.c:382]   --->   Operation 59 'mux' 'edge4_0_1' <Predicate = true> <Delay = 1.95> <Core = "MuxnS">   --->   Core 31 'MuxnS' <Latency = 0> <II = 1> <Delay = 1.95> <FuncUnit> <Opcode : 'mux'> <InPorts = 2> <OutPorts = 1>
ST_2 : Operation 60 [1/1] (1.95ns)   --->   "%edge4_1_1 = call i4 @_ssdm_op_Mux.ap_auto.4i4.i2(i4 %edge4_1_load, i4 0, i4 %edge4_1_load, i4 %edge4_1_load, i2 %invdar)" [kociemba/cubiecube.c:382]   --->   Operation 60 'mux' 'edge4_1_1' <Predicate = true> <Delay = 1.95> <Core = "MuxnS">   --->   Core 31 'MuxnS' <Latency = 0> <II = 1> <Delay = 1.95> <FuncUnit> <Opcode : 'mux'> <InPorts = 2> <OutPorts = 1>
ST_2 : Operation 61 [1/1] (1.95ns)   --->   "%edge4_2_1 = call i4 @_ssdm_op_Mux.ap_auto.4i4.i2(i4 %edge4_2_load, i4 %edge4_2_load, i4 0, i4 %edge4_2_load, i2 %invdar)" [kociemba/cubiecube.c:382]   --->   Operation 61 'mux' 'edge4_2_1' <Predicate = true> <Delay = 1.95> <Core = "MuxnS">   --->   Core 31 'MuxnS' <Latency = 0> <II = 1> <Delay = 1.95> <FuncUnit> <Opcode : 'mux'> <InPorts = 2> <OutPorts = 1>
ST_2 : Operation 62 [1/1] (1.95ns)   --->   "%edge4_3_1 = call i4 @_ssdm_op_Mux.ap_auto.4i4.i2(i4 %edge4_3_load, i4 %edge4_3_load, i4 %edge4_3_load, i4 0, i2 %invdar)" [kociemba/cubiecube.c:382]   --->   Operation 62 'mux' 'edge4_3_1' <Predicate = true> <Delay = 1.95> <Core = "MuxnS">   --->   Core 31 'MuxnS' <Latency = 0> <II = 1> <Delay = 1.95> <FuncUnit> <Opcode : 'mux'> <InPorts = 2> <OutPorts = 1>
ST_2 : Operation 63 [1/1] (0.95ns)   --->   "%tmp_s = icmp eq i2 %invdar, -1" [kociemba/cubiecube.c:382]   --->   Operation 63 'icmp' 'tmp_s' <Predicate = true> <Delay = 0.95> <Core = "Cmp">   --->   Core 25 'Cmp' <Latency = 0> <II = 1> <Delay = 0.95> <FuncUnit> <Opcode : 'icmp'> <InPorts = 2> <OutPorts = 1>
ST_2 : Operation 64 [1/1] (0.00ns)   --->   "%empty = call i32 (...)* @_ssdm_op_SpecLoopName([13 x i8]* @memset_edge4_str) nounwind"   --->   Operation 64 'specloopname' 'empty' <Predicate = true> <Delay = 0.00>
ST_2 : Operation 65 [1/1] (0.00ns)   --->   "%empty_73 = call i32 (...)* @_ssdm_op_SpecLoopTripCount(i64 4, i64 4, i64 4)"   --->   Operation 65 'speclooptripcount' 'empty_73' <Predicate = true> <Delay = 0.00>
ST_2 : Operation 66 [1/1] (0.00ns)   --->   "store i4 %edge4_3_1, i4* %edge4_3" [kociemba/cubiecube.c:382]   --->   Operation 66 'store' <Predicate = true> <Delay = 0.00>
ST_2 : Operation 67 [1/1] (0.00ns)   --->   "store i4 %edge4_2_1, i4* %edge4_2" [kociemba/cubiecube.c:382]   --->   Operation 67 'store' <Predicate = true> <Delay = 0.00>
ST_2 : Operation 68 [1/1] (0.00ns)   --->   "store i4 %edge4_1_1, i4* %edge4_1" [kociemba/cubiecube.c:382]   --->   Operation 68 'store' <Predicate = true> <Delay = 0.00>
ST_2 : Operation 69 [1/1] (0.00ns)   --->   "store i4 %edge4_0_1, i4* %edge4" [kociemba/cubiecube.c:382]   --->   Operation 69 'store' <Predicate = true> <Delay = 0.00>
ST_2 : Operation 70 [1/1] (0.00ns)   --->   "br i1 %tmp_s, label %.preheader3.preheader, label %meminst" [kociemba/cubiecube.c:382]   --->   Operation 70 'br' <Predicate = true> <Delay = 0.00>
ST_2 : Operation 71 [1/1] (0.00ns)   --->   "%edge4_3_1_74 = alloca i4"   --->   Operation 71 'alloca' 'edge4_3_1_74' <Predicate = (tmp_s)> <Delay = 0.00>
ST_2 : Operation 72 [1/1] (0.00ns)   --->   "%edge4_3_2 = alloca i4"   --->   Operation 72 'alloca' 'edge4_3_2' <Predicate = (tmp_s)> <Delay = 0.00>
ST_2 : Operation 73 [1/1] (0.00ns)   --->   "%edge4_3_3 = alloca i4"   --->   Operation 73 'alloca' 'edge4_3_3' <Predicate = (tmp_s)> <Delay = 0.00>
ST_2 : Operation 74 [1/1] (0.00ns)   --->   "%edge4_3_4 = alloca i4"   --->   Operation 74 'alloca' 'edge4_3_4' <Predicate = (tmp_s)> <Delay = 0.00>
ST_2 : Operation 75 [1/1] (0.00ns)   --->   "%a = alloca i32"   --->   Operation 75 'alloca' 'a' <Predicate = (tmp_s)> <Delay = 0.00>
ST_2 : Operation 76 [1/1] (0.00ns)   --->   "%x = alloca i32"   --->   Operation 76 'alloca' 'x' <Predicate = (tmp_s)> <Delay = 0.00>
ST_2 : Operation 77 [1/1] (1.76ns)   --->   "store i32 0, i32* %x"   --->   Operation 77 'store' <Predicate = (tmp_s)> <Delay = 1.76>
ST_2 : Operation 78 [1/1] (1.76ns)   --->   "store i32 0, i32* %a"   --->   Operation 78 'store' <Predicate = (tmp_s)> <Delay = 1.76>
ST_2 : Operation 79 [1/1] (1.76ns)   --->   "store i4 %edge4_3_1, i4* %edge4_3_4" [kociemba/cubiecube.c:382]   --->   Operation 79 'store' <Predicate = (tmp_s)> <Delay = 1.76>
ST_2 : Operation 80 [1/1] (1.76ns)   --->   "store i4 %edge4_2_1, i4* %edge4_3_3" [kociemba/cubiecube.c:382]   --->   Operation 80 'store' <Predicate = (tmp_s)> <Delay = 1.76>
ST_2 : Operation 81 [1/1] (1.76ns)   --->   "store i4 %edge4_1_1, i4* %edge4_3_2" [kociemba/cubiecube.c:382]   --->   Operation 81 'store' <Predicate = (tmp_s)> <Delay = 1.76>
ST_2 : Operation 82 [1/1] (1.76ns)   --->   "store i4 %edge4_0_1, i4* %edge4_3_1_74" [kociemba/cubiecube.c:382]   --->   Operation 82 'store' <Predicate = (tmp_s)> <Delay = 1.76>
ST_2 : Operation 83 [1/1] (1.76ns)   --->   "br label %.preheader3" [kociemba/cubiecube.c:384]   --->   Operation 83 'br' <Predicate = (tmp_s)> <Delay = 1.76>

State 3 <SV = 2> <Delay = 2.32>
ST_3 : Operation 84 [1/1] (0.00ns)   --->   "%j = phi i5 [ %j_16, %._crit_edge ], [ 11, %.preheader3.preheader ]"   --->   Operation 84 'phi' 'j' <Predicate = true> <Delay = 0.00>
ST_3 : Operation 85 [1/1] (0.00ns)   --->   "%edge4_3_1_load = load i4* %edge4_3_1_74"   --->   Operation 85 'load' 'edge4_3_1_load' <Predicate = true> <Delay = 0.00>
ST_3 : Operation 86 [1/1] (0.00ns)   --->   "%edge4_3_2_load = load i4* %edge4_3_2"   --->   Operation 86 'load' 'edge4_3_2_load' <Predicate = true> <Delay = 0.00>
ST_3 : Operation 87 [1/1] (0.00ns)   --->   "%edge4_3_3_load = load i4* %edge4_3_3"   --->   Operation 87 'load' 'edge4_3_3_load' <Predicate = true> <Delay = 0.00>
ST_3 : Operation 88 [1/1] (0.00ns)   --->   "%edge4_3_4_load = load i4* %edge4_3_4"   --->   Operation 88 'load' 'edge4_3_4_load' <Predicate = true> <Delay = 0.00>
ST_3 : Operation 89 [1/1] (0.00ns)   --->   "%j_cast = sext i5 %j to i32" [kociemba/cubiecube.c:384]   --->   Operation 89 'sext' 'j_cast' <Predicate = true> <Delay = 0.00>
ST_3 : Operation 90 [1/1] (0.00ns)   --->   "%tmp = call i1 @_ssdm_op_BitSelect.i1.i5.i32(i5 %j, i32 4)" [kociemba/cubiecube.c:384]   --->   Operation 90 'bitselect' 'tmp' <Predicate = true> <Delay = 0.00>
ST_3 : Operation 91 [1/1] (0.00ns)   --->   "%empty_75 = call i32 (...)* @_ssdm_op_SpecLoopTripCount(i64 12, i64 12, i64 12)"   --->   Operation 91 'speclooptripcount' 'empty_75' <Predicate = true> <Delay = 0.00>
ST_3 : Operation 92 [1/1] (0.00ns)   --->   "br i1 %tmp, label %.preheader1.preheader, label %1" [kociemba/cubiecube.c:384]   --->   Operation 92 'br' <Predicate = true> <Delay = 0.00>
ST_3 : Operation 93 [1/1] (0.00ns)   --->   "%tmp_283 = zext i32 %j_cast to i64" [kociemba/cubiecube.c:385]   --->   Operation 93 'zext' 'tmp_283' <Predicate = (!tmp)> <Delay = 0.00>
ST_3 : Operation 94 [1/1] (0.00ns)   --->   "%cubiecube_0_ep_addr = getelementptr [12 x i4]* %cubiecube_0_ep, i64 0, i64 %tmp_283" [kociemba/cubiecube.c:385]   --->   Operation 94 'getelementptr' 'cubiecube_0_ep_addr' <Predicate = (!tmp)> <Delay = 0.00>
ST_3 : Operation 95 [2/2] (2.32ns)   --->   "%edge4_0_2 = load i4* %cubiecube_0_ep_addr, align 1" [kociemba/cubiecube.c:385]   --->   Operation 95 'load' 'edge4_0_2' <Predicate = (!tmp)> <Delay = 2.32> <Core = "RAM">   --->   Core 37 'RAM' <Latency = 1> <II = 1> <Delay = 2.32> <Storage> <Opcode : 'load' 'store'> <Ports = 2> <Width = 4> <Depth = 12> <RAM>
ST_3 : Operation 96 [1/1] (0.00ns)   --->   "%edge4_0_5 = alloca i4"   --->   Operation 96 'alloca' 'edge4_0_5' <Predicate = (tmp)> <Delay = 0.00>
ST_3 : Operation 97 [1/1] (0.00ns)   --->   "%edge4_1_5 = alloca i4"   --->   Operation 97 'alloca' 'edge4_1_5' <Predicate = (tmp)> <Delay = 0.00>
ST_3 : Operation 98 [1/1] (0.00ns)   --->   "%edge4_2_5 = alloca i4"   --->   Operation 98 'alloca' 'edge4_2_5' <Predicate = (tmp)> <Delay = 0.00>
ST_3 : Operation 99 [1/1] (0.00ns)   --->   "%edge4_3_5 = alloca i4"   --->   Operation 99 'alloca' 'edge4_3_5' <Predicate = (tmp)> <Delay = 0.00>
ST_3 : Operation 100 [1/1] (1.81ns)   --->   "store i4 %edge4_3_4_load, i4* %edge4_3_5"   --->   Operation 100 'store' <Predicate = (tmp)> <Delay = 1.81>
ST_3 : Operation 101 [1/1] (1.81ns)   --->   "store i4 %edge4_3_3_load, i4* %edge4_2_5"   --->   Operation 101 'store' <Predicate = (tmp)> <Delay = 1.81>
ST_3 : Operation 102 [1/1] (1.76ns)   --->   "store i4 %edge4_3_2_load, i4* %edge4_1_5"   --->   Operation 102 'store' <Predicate = (tmp)> <Delay = 1.76>
ST_3 : Operation 103 [1/1] (1.76ns)   --->   "store i4 %edge4_3_1_load, i4* %edge4_0_5"   --->   Operation 103 'store' <Predicate = (tmp)> <Delay = 1.76>
ST_3 : Operation 104 [1/1] (1.76ns)   --->   "br label %.preheader1" [kociemba/cubiecube.c:181->kociemba/cubiecube.c:395]   --->   Operation 104 'br' <Predicate = (tmp)> <Delay = 1.76>

State 4 <SV = 3> <Delay = 7.65>
ST_4 : Operation 105 [1/2] (2.32ns)   --->   "%edge4_0_2 = load i4* %cubiecube_0_ep_addr, align 1" [kociemba/cubiecube.c:385]   --->   Operation 105 'load' 'edge4_0_2' <Predicate = true> <Delay = 2.32> <Core = "RAM">   --->   Core 37 'RAM' <Latency = 1> <II = 1> <Delay = 2.32> <Storage> <Opcode : 'load' 'store'> <Ports = 2> <Width = 4> <Depth = 12> <RAM>
ST_4 : Operation 106 [1/1] (1.30ns)   --->   "%tmp_328 = icmp eq i4 %edge4_0_2, -1" [kociemba/cubiecube.c:385]   --->   Operation 106 'icmp' 'tmp_328' <Predicate = true> <Delay = 1.30> <Core = "Cmp">   --->   Core 25 'Cmp' <Latency = 0> <II = 1> <Delay = 0.95> <FuncUnit> <Opcode : 'icmp'> <InPorts = 2> <OutPorts = 1>
ST_4 : Operation 107 [1/1] (1.30ns)   --->   "%tmp_329 = icmp eq i4 %edge4_0_2, -2" [kociemba/cubiecube.c:385]   --->   Operation 107 'icmp' 'tmp_329' <Predicate = true> <Delay = 1.30> <Core = "Cmp">   --->   Core 25 'Cmp' <Latency = 0> <II = 1> <Delay = 0.95> <FuncUnit> <Opcode : 'icmp'> <InPorts = 2> <OutPorts = 1>
ST_4 : Operation 108 [1/1] (0.00ns) (grouped into LUT with out node tmp_338)   --->   "%tmp_330 = or i1 %tmp_329, %tmp_328" [kociemba/cubiecube.c:385]   --->   Operation 108 'or' 'tmp_330' <Predicate = true> <Delay = 0.00> <Core = "LogicGate">   --->   Core 27 'LogicGate' <Latency = 0> <II = 1> <Delay = 0.97> <FuncUnit> <Opcode : 'and' 'or' 'xor'> <InPorts = 2> <OutPorts = 1>
ST_4 : Operation 109 [1/1] (1.30ns)   --->   "%tmp_331 = icmp eq i4 %edge4_0_2, -3" [kociemba/cubiecube.c:385]   --->   Operation 109 'icmp' 'tmp_331' <Predicate = true> <Delay = 1.30> <Core = "Cmp">   --->   Core 25 'Cmp' <Latency = 0> <II = 1> <Delay = 0.95> <FuncUnit> <Opcode : 'icmp'> <InPorts = 2> <OutPorts = 1>
ST_4 : Operation 110 [1/1] (0.00ns) (grouped into LUT with out node tmp_338)   --->   "%tmp_332 = or i1 %tmp_331, %tmp_330" [kociemba/cubiecube.c:385]   --->   Operation 110 'or' 'tmp_332' <Predicate = true> <Delay = 0.00> <Core = "LogicGate">   --->   Core 27 'LogicGate' <Latency = 0> <II = 1> <Delay = 0.97> <FuncUnit> <Opcode : 'and' 'or' 'xor'> <InPorts = 2> <OutPorts = 1>
ST_4 : Operation 111 [1/1] (1.30ns)   --->   "%tmp_333 = icmp eq i4 %edge4_0_2, -4" [kociemba/cubiecube.c:385]   --->   Operation 111 'icmp' 'tmp_333' <Predicate = true> <Delay = 1.30> <Core = "Cmp">   --->   Core 25 'Cmp' <Latency = 0> <II = 1> <Delay = 0.95> <FuncUnit> <Opcode : 'icmp'> <InPorts = 2> <OutPorts = 1>
ST_4 : Operation 112 [1/1] (0.00ns) (grouped into LUT with out node tmp_338)   --->   "%tmp_334 = or i1 %tmp_333, %tmp_332" [kociemba/cubiecube.c:385]   --->   Operation 112 'or' 'tmp_334' <Predicate = true> <Delay = 0.00> <Core = "LogicGate">   --->   Core 27 'LogicGate' <Latency = 0> <II = 1> <Delay = 0.97> <FuncUnit> <Opcode : 'and' 'or' 'xor'> <InPorts = 2> <OutPorts = 1>
ST_4 : Operation 113 [1/1] (1.30ns)   --->   "%tmp_335 = icmp eq i4 %edge4_0_2, 7" [kociemba/cubiecube.c:385]   --->   Operation 113 'icmp' 'tmp_335' <Predicate = true> <Delay = 1.30> <Core = "Cmp">   --->   Core 25 'Cmp' <Latency = 0> <II = 1> <Delay = 0.95> <FuncUnit> <Opcode : 'icmp'> <InPorts = 2> <OutPorts = 1>
ST_4 : Operation 114 [1/1] (0.00ns) (grouped into LUT with out node tmp_338)   --->   "%tmp_336 = or i1 %tmp_335, %tmp_334" [kociemba/cubiecube.c:385]   --->   Operation 114 'or' 'tmp_336' <Predicate = true> <Delay = 0.00> <Core = "LogicGate">   --->   Core 27 'LogicGate' <Latency = 0> <II = 1> <Delay = 0.97> <FuncUnit> <Opcode : 'and' 'or' 'xor'> <InPorts = 2> <OutPorts = 1>
ST_4 : Operation 115 [1/1] (1.30ns)   --->   "%tmp_337 = icmp eq i4 %edge4_0_2, 6" [kociemba/cubiecube.c:385]   --->   Operation 115 'icmp' 'tmp_337' <Predicate = true> <Delay = 1.30> <Core = "Cmp">   --->   Core 25 'Cmp' <Latency = 0> <II = 1> <Delay = 0.95> <FuncUnit> <Opcode : 'icmp'> <InPorts = 2> <OutPorts = 1>
ST_4 : Operation 116 [1/1] (0.97ns) (out node of the LUT)   --->   "%tmp_338 = or i1 %tmp_337, %tmp_336" [kociemba/cubiecube.c:385]   --->   Operation 116 'or' 'tmp_338' <Predicate = true> <Delay = 0.97> <Core = "LogicGate">   --->   Core 27 'LogicGate' <Latency = 0> <II = 1> <Delay = 0.97> <FuncUnit> <Opcode : 'and' 'or' 'xor'> <InPorts = 2> <OutPorts = 1>
ST_4 : Operation 117 [1/1] (1.30ns)   --->   "%tmp_339 = icmp eq i4 %edge4_0_2, 5" [kociemba/cubiecube.c:385]   --->   Operation 117 'icmp' 'tmp_339' <Predicate = true> <Delay = 1.30> <Core = "Cmp">   --->   Core 25 'Cmp' <Latency = 0> <II = 1> <Delay = 0.95> <FuncUnit> <Opcode : 'icmp'> <InPorts = 2> <OutPorts = 1>
ST_4 : Operation 118 [1/1] (0.00ns) (grouped into LUT with out node tmp_348)   --->   "%tmp_340 = or i1 %tmp_339, %tmp_338" [kociemba/cubiecube.c:385]   --->   Operation 118 'or' 'tmp_340' <Predicate = true> <Delay = 0.00> <Core = "LogicGate">   --->   Core 27 'LogicGate' <Latency = 0> <II = 1> <Delay = 0.97> <FuncUnit> <Opcode : 'and' 'or' 'xor'> <InPorts = 2> <OutPorts = 1>
ST_4 : Operation 119 [1/1] (1.30ns)   --->   "%tmp_341 = icmp eq i4 %edge4_0_2, 4" [kociemba/cubiecube.c:385]   --->   Operation 119 'icmp' 'tmp_341' <Predicate = true> <Delay = 1.30> <Core = "Cmp">   --->   Core 25 'Cmp' <Latency = 0> <II = 1> <Delay = 0.95> <FuncUnit> <Opcode : 'icmp'> <InPorts = 2> <OutPorts = 1>
ST_4 : Operation 120 [1/1] (0.00ns) (grouped into LUT with out node tmp_348)   --->   "%tmp_342 = or i1 %tmp_341, %tmp_340" [kociemba/cubiecube.c:385]   --->   Operation 120 'or' 'tmp_342' <Predicate = true> <Delay = 0.00> <Core = "LogicGate">   --->   Core 27 'LogicGate' <Latency = 0> <II = 1> <Delay = 0.97> <FuncUnit> <Opcode : 'and' 'or' 'xor'> <InPorts = 2> <OutPorts = 1>
ST_4 : Operation 121 [1/1] (1.30ns)   --->   "%tmp_343 = icmp eq i4 %edge4_0_2, 3" [kociemba/cubiecube.c:385]   --->   Operation 121 'icmp' 'tmp_343' <Predicate = true> <Delay = 1.30> <Core = "Cmp">   --->   Core 25 'Cmp' <Latency = 0> <II = 1> <Delay = 0.95> <FuncUnit> <Opcode : 'icmp'> <InPorts = 2> <OutPorts = 1>
ST_4 : Operation 122 [1/1] (0.00ns) (grouped into LUT with out node tmp_348)   --->   "%tmp_344 = or i1 %tmp_343, %tmp_342" [kociemba/cubiecube.c:385]   --->   Operation 122 'or' 'tmp_344' <Predicate = true> <Delay = 0.00> <Core = "LogicGate">   --->   Core 27 'LogicGate' <Latency = 0> <II = 1> <Delay = 0.97> <FuncUnit> <Opcode : 'and' 'or' 'xor'> <InPorts = 2> <OutPorts = 1>
ST_4 : Operation 123 [1/1] (1.30ns)   --->   "%tmp_345 = icmp eq i4 %edge4_0_2, 2" [kociemba/cubiecube.c:385]   --->   Operation 123 'icmp' 'tmp_345' <Predicate = true> <Delay = 1.30> <Core = "Cmp">   --->   Core 25 'Cmp' <Latency = 0> <II = 1> <Delay = 0.95> <FuncUnit> <Opcode : 'icmp'> <InPorts = 2> <OutPorts = 1>
ST_4 : Operation 124 [1/1] (0.00ns) (grouped into LUT with out node tmp_348)   --->   "%tmp_346 = or i1 %tmp_345, %tmp_344" [kociemba/cubiecube.c:385]   --->   Operation 124 'or' 'tmp_346' <Predicate = true> <Delay = 0.00> <Core = "LogicGate">   --->   Core 27 'LogicGate' <Latency = 0> <II = 1> <Delay = 0.97> <FuncUnit> <Opcode : 'and' 'or' 'xor'> <InPorts = 2> <OutPorts = 1>
ST_4 : Operation 125 [1/1] (1.30ns)   --->   "%tmp_347 = icmp eq i4 %edge4_0_2, 1" [kociemba/cubiecube.c:385]   --->   Operation 125 'icmp' 'tmp_347' <Predicate = true> <Delay = 1.30> <Core = "Cmp">   --->   Core 25 'Cmp' <Latency = 0> <II = 1> <Delay = 0.95> <FuncUnit> <Opcode : 'icmp'> <InPorts = 2> <OutPorts = 1>
ST_4 : Operation 126 [1/1] (0.97ns) (out node of the LUT)   --->   "%tmp_348 = or i1 %tmp_347, %tmp_346" [kociemba/cubiecube.c:385]   --->   Operation 126 'or' 'tmp_348' <Predicate = true> <Delay = 0.97> <Core = "LogicGate">   --->   Core 27 'LogicGate' <Latency = 0> <II = 1> <Delay = 0.97> <FuncUnit> <Opcode : 'and' 'or' 'xor'> <InPorts = 2> <OutPorts = 1>
ST_4 : Operation 127 [1/1] (1.30ns)   --->   "%tmp_349 = icmp eq i4 %edge4_0_2, 0" [kociemba/cubiecube.c:385]   --->   Operation 127 'icmp' 'tmp_349' <Predicate = true> <Delay = 1.30> <Core = "Cmp">   --->   Core 25 'Cmp' <Latency = 0> <II = 1> <Delay = 0.95> <FuncUnit> <Opcode : 'icmp'> <InPorts = 2> <OutPorts = 1>
ST_4 : Operation 128 [1/1] (0.97ns) (out node of the LUT)   --->   "%tmp_350 = or i1 %tmp_349, %tmp_348" [kociemba/cubiecube.c:385]   --->   Operation 128 'or' 'tmp_350' <Predicate = true> <Delay = 0.97> <Core = "LogicGate">   --->   Core 27 'LogicGate' <Latency = 0> <II = 1> <Delay = 0.97> <FuncUnit> <Opcode : 'and' 'or' 'xor'> <InPorts = 2> <OutPorts = 1>
ST_4 : Operation 129 [1/1] (0.00ns)   --->   "br i1 %tmp_350, label %._crit_edge, label %2" [kociemba/cubiecube.c:385]   --->   Operation 129 'br' <Predicate = true> <Delay = 0.00>
ST_4 : Operation 130 [1/1] (0.00ns)   --->   "%x_load = load i32* %x" [kociemba/cubiecube.c:386]   --->   Operation 130 'load' 'x_load' <Predicate = (!tmp_350)> <Delay = 0.00>
ST_4 : Operation 131 [1/1] (1.78ns)   --->   "%i = sub i5 11, %j" [kociemba/cubiecube.c:386]   --->   Operation 131 'sub' 'i' <Predicate = (!tmp_350)> <Delay = 1.78> <Core = "AddSub">   --->   Core 14 'AddSub' <Latency = 0> <II = 1> <Delay = 2.07> <FuncUnit> <Opcode : 'add' 'sub'> <InPorts = 2> <OutPorts = 1>
ST_4 : Operation 132 [1/1] (0.00ns)   --->   "%n_assign_cast = zext i5 %i to i32" [kociemba/cubiecube.c:386]   --->   Operation 132 'zext' 'n_assign_cast' <Predicate = (!tmp_350)> <Delay = 0.00>
ST_4 : Operation 133 [1/1] (2.55ns)   --->   "%x_5 = add nsw i32 %x_load, 1" [kociemba/cubiecube.c:386]   --->   Operation 133 'add' 'x_5' <Predicate = (!tmp_350)> <Delay = 2.55> <Core = "AddSub">   --->   Core 14 'AddSub' <Latency = 0> <II = 1> <Delay = 2.07> <FuncUnit> <Opcode : 'add' 'sub'> <InPorts = 2> <OutPorts = 1>
ST_4 : Operation 134 [1/1] (2.47ns)   --->   "%tmp_i = icmp slt i32 %n_assign_cast, %x_5" [kociemba/cubiecube.c:149->kociemba/cubiecube.c:386]   --->   Operation 134 'icmp' 'tmp_i' <Predicate = (!tmp_350)> <Delay = 2.47> <Core = "Cmp">   --->   Core 25 'Cmp' <Latency = 0> <II = 1> <Delay = 0.95> <FuncUnit> <Opcode : 'icmp'> <InPorts = 2> <OutPorts = 1>
ST_4 : Operation 135 [1/1] (1.76ns)   --->   "br i1 %tmp_i, label %Cnk.exit, label %3" [kociemba/cubiecube.c:149->kociemba/cubiecube.c:386]   --->   Operation 135 'br' <Predicate = (!tmp_350)> <Delay = 1.76>
ST_4 : Operation 136 [1/1] (0.00ns)   --->   "%p_lshr_f_i_cast = call i3 @_ssdm_op_PartSelect.i3.i5.i32.i32(i5 %i, i32 1, i32 3)" [kociemba/cubiecube.c:151->kociemba/cubiecube.c:386]   --->   Operation 136 'partselect' 'p_lshr_f_i_cast' <Predicate = (!tmp_350 & !tmp_i)> <Delay = 0.00>
ST_4 : Operation 137 [1/1] (0.00ns)   --->   "%tmp_i_cast = zext i3 %p_lshr_f_i_cast to i32" [kociemba/cubiecube.c:151->kociemba/cubiecube.c:386]   --->   Operation 137 'zext' 'tmp_i_cast' <Predicate = (!tmp_350 & !tmp_i)> <Delay = 0.00>
ST_4 : Operation 138 [1/1] (2.47ns)   --->   "%tmp_363_i = icmp slt i32 %tmp_i_cast, %x_5" [kociemba/cubiecube.c:151->kociemba/cubiecube.c:386]   --->   Operation 138 'icmp' 'tmp_363_i' <Predicate = (!tmp_350 & !tmp_i)> <Delay = 2.47> <Core = "Cmp">   --->   Core 25 'Cmp' <Latency = 0> <II = 1> <Delay = 0.95> <FuncUnit> <Opcode : 'icmp'> <InPorts = 2> <OutPorts = 1>
ST_4 : Operation 139 [1/1] (2.55ns)   --->   "%k_assign_4 = sub nsw i32 %n_assign_cast, %x_5" [kociemba/cubiecube.c:152->kociemba/cubiecube.c:386]   --->   Operation 139 'sub' 'k_assign_4' <Predicate = (!tmp_350 & !tmp_i)> <Delay = 2.55> <Core = "AddSub">   --->   Core 14 'AddSub' <Latency = 0> <II = 1> <Delay = 2.07> <FuncUnit> <Opcode : 'add' 'sub'> <InPorts = 2> <OutPorts = 1>
ST_4 : Operation 140 [1/1] (0.00ns) (grouped into LUT with out node tmp_364_i)   --->   "%p_k_i = select i1 %tmp_363_i, i32 %k_assign_4, i32 %x_5" [kociemba/cubiecube.c:151->kociemba/cubiecube.c:386]   --->   Operation 140 'select' 'p_k_i' <Predicate = (!tmp_350 & !tmp_i)> <Delay = 0.00> <Core = "Sel">   --->   Core 26 'Sel' <Latency = 0> <II = 1> <Delay = 1.02> <FuncUnit> <Opcode : 'select'> <InPorts = 3> <OutPorts = 1>
ST_4 : Operation 141 [1/1] (2.55ns) (out node of the LUT)   --->   "%tmp_364_i = add i32 %p_k_i, 1" [kociemba/cubiecube.c:153->kociemba/cubiecube.c:386]   --->   Operation 141 'add' 'tmp_364_i' <Predicate = (!tmp_350 & !tmp_i)> <Delay = 2.55> <Core = "AddSub">   --->   Core 14 'AddSub' <Latency = 0> <II = 1> <Delay = 2.07> <FuncUnit> <Opcode : 'add' 'sub'> <InPorts = 2> <OutPorts = 1>
ST_4 : Operation 142 [1/1] (1.76ns)   --->   "br label %4" [kociemba/cubiecube.c:153->kociemba/cubiecube.c:386]   --->   Operation 142 'br' <Predicate = (!tmp_350 & !tmp_i)> <Delay = 1.76>

State 5 <SV = 4> <Delay = 8.51>
ST_5 : Operation 143 [1/1] (0.00ns)   --->   "%j_i = phi i32 [ 1, %3 ], [ %j_15, %5 ]"   --->   Operation 143 'phi' 'j_i' <Predicate = true> <Delay = 0.00>
ST_5 : Operation 144 [1/1] (0.00ns)   --->   "%i_i = phi i32 [ %n_assign_cast, %3 ], [ %i_25, %5 ]"   --->   Operation 144 'phi' 'i_i' <Predicate = true> <Delay = 0.00>
ST_5 : Operation 145 [1/1] (0.00ns)   --->   "%s_i = phi i32 [ 1, %3 ], [ %s_5, %5 ]"   --->   Operation 145 'phi' 's_i' <Predicate = true> <Delay = 0.00>
ST_5 : Operation 146 [1/1] (2.47ns)   --->   "%exitcond_i = icmp eq i32 %j_i, %tmp_364_i" [kociemba/cubiecube.c:153->kociemba/cubiecube.c:386]   --->   Operation 146 'icmp' 'exitcond_i' <Predicate = true> <Delay = 2.47> <Core = "Cmp">   --->   Core 25 'Cmp' <Latency = 0> <II = 1> <Delay = 0.95> <FuncUnit> <Opcode : 'icmp'> <InPorts = 2> <OutPorts = 1>
ST_5 : Operation 147 [1/1] (0.00ns)   --->   "br i1 %exitcond_i, label %Cnk.exit.loopexit, label %5" [kociemba/cubiecube.c:153->kociemba/cubiecube.c:386]   --->   Operation 147 'br' <Predicate = true> <Delay = 0.00>
ST_5 : Operation 148 [1/1] (8.51ns)   --->   "%s = mul nsw i32 %s_i, %i_i" [kociemba/cubiecube.c:154->kociemba/cubiecube.c:386]   --->   Operation 148 'mul' 's' <Predicate = (!exitcond_i)> <Delay = 8.51> <Core = "Mul">   --->   Core 16 'Mul' <Latency = 0> <II = 1> <Delay = 8.51> <FuncUnit> <Opcode : 'mul'> <InPorts = 2> <OutPorts = 1>
ST_5 : Operation 149 [1/1] (2.55ns)   --->   "%i_25 = add nsw i32 %i_i, -1" [kociemba/cubiecube.c:153->kociemba/cubiecube.c:386]   --->   Operation 149 'add' 'i_25' <Predicate = (!exitcond_i)> <Delay = 2.55> <Core = "AddSub">   --->   Core 14 'AddSub' <Latency = 0> <II = 1> <Delay = 2.07> <FuncUnit> <Opcode : 'add' 'sub'> <InPorts = 2> <OutPorts = 1>
ST_5 : Operation 150 [1/1] (1.76ns)   --->   "br label %Cnk.exit"   --->   Operation 150 'br' <Predicate = (exitcond_i)> <Delay = 1.76>

State 6 <SV = 5> <Delay = 4.13>
ST_6 : Operation 151 [36/36] (4.13ns)   --->   "%s_5 = sdiv i32 %s, %j_i" [kociemba/cubiecube.c:155->kociemba/cubiecube.c:386]   --->   Operation 151 'sdiv' 's_5' <Predicate = true> <Delay = 4.13> <Core = "DivnS_SEQ">   --->   Core 24 'DivnS_SEQ' <Latency = 35> <II = 32> <Delay = 4.13> <FuncUnit> <Opcode : 'sdiv' 'srem' 'udiv' 'urem'> <InPorts = 2> <OutPorts = 1>
ST_6 : Operation 152 [1/1] (2.55ns)   --->   "%j_15 = add nsw i32 %j_i, 1" [kociemba/cubiecube.c:153->kociemba/cubiecube.c:386]   --->   Operation 152 'add' 'j_15' <Predicate = true> <Delay = 2.55> <Core = "AddSub">   --->   Core 14 'AddSub' <Latency = 0> <II = 1> <Delay = 2.07> <FuncUnit> <Opcode : 'add' 'sub'> <InPorts = 2> <OutPorts = 1>

State 7 <SV = 6> <Delay = 4.13>
ST_7 : Operation 153 [35/36] (4.13ns)   --->   "%s_5 = sdiv i32 %s, %j_i" [kociemba/cubiecube.c:155->kociemba/cubiecube.c:386]   --->   Operation 153 'sdiv' 's_5' <Predicate = true> <Delay = 4.13> <Core = "DivnS_SEQ">   --->   Core 24 'DivnS_SEQ' <Latency = 35> <II = 32> <Delay = 4.13> <FuncUnit> <Opcode : 'sdiv' 'srem' 'udiv' 'urem'> <InPorts = 2> <OutPorts = 1>

State 8 <SV = 7> <Delay = 4.13>
ST_8 : Operation 154 [34/36] (4.13ns)   --->   "%s_5 = sdiv i32 %s, %j_i" [kociemba/cubiecube.c:155->kociemba/cubiecube.c:386]   --->   Operation 154 'sdiv' 's_5' <Predicate = true> <Delay = 4.13> <Core = "DivnS_SEQ">   --->   Core 24 'DivnS_SEQ' <Latency = 35> <II = 32> <Delay = 4.13> <FuncUnit> <Opcode : 'sdiv' 'srem' 'udiv' 'urem'> <InPorts = 2> <OutPorts = 1>

State 9 <SV = 8> <Delay = 4.13>
ST_9 : Operation 155 [33/36] (4.13ns)   --->   "%s_5 = sdiv i32 %s, %j_i" [kociemba/cubiecube.c:155->kociemba/cubiecube.c:386]   --->   Operation 155 'sdiv' 's_5' <Predicate = true> <Delay = 4.13> <Core = "DivnS_SEQ">   --->   Core 24 'DivnS_SEQ' <Latency = 35> <II = 32> <Delay = 4.13> <FuncUnit> <Opcode : 'sdiv' 'srem' 'udiv' 'urem'> <InPorts = 2> <OutPorts = 1>

State 10 <SV = 9> <Delay = 4.13>
ST_10 : Operation 156 [32/36] (4.13ns)   --->   "%s_5 = sdiv i32 %s, %j_i" [kociemba/cubiecube.c:155->kociemba/cubiecube.c:386]   --->   Operation 156 'sdiv' 's_5' <Predicate = true> <Delay = 4.13> <Core = "DivnS_SEQ">   --->   Core 24 'DivnS_SEQ' <Latency = 35> <II = 32> <Delay = 4.13> <FuncUnit> <Opcode : 'sdiv' 'srem' 'udiv' 'urem'> <InPorts = 2> <OutPorts = 1>

State 11 <SV = 10> <Delay = 4.13>
ST_11 : Operation 157 [31/36] (4.13ns)   --->   "%s_5 = sdiv i32 %s, %j_i" [kociemba/cubiecube.c:155->kociemba/cubiecube.c:386]   --->   Operation 157 'sdiv' 's_5' <Predicate = true> <Delay = 4.13> <Core = "DivnS_SEQ">   --->   Core 24 'DivnS_SEQ' <Latency = 35> <II = 32> <Delay = 4.13> <FuncUnit> <Opcode : 'sdiv' 'srem' 'udiv' 'urem'> <InPorts = 2> <OutPorts = 1>

State 12 <SV = 11> <Delay = 4.13>
ST_12 : Operation 158 [30/36] (4.13ns)   --->   "%s_5 = sdiv i32 %s, %j_i" [kociemba/cubiecube.c:155->kociemba/cubiecube.c:386]   --->   Operation 158 'sdiv' 's_5' <Predicate = true> <Delay = 4.13> <Core = "DivnS_SEQ">   --->   Core 24 'DivnS_SEQ' <Latency = 35> <II = 32> <Delay = 4.13> <FuncUnit> <Opcode : 'sdiv' 'srem' 'udiv' 'urem'> <InPorts = 2> <OutPorts = 1>

State 13 <SV = 12> <Delay = 4.13>
ST_13 : Operation 159 [29/36] (4.13ns)   --->   "%s_5 = sdiv i32 %s, %j_i" [kociemba/cubiecube.c:155->kociemba/cubiecube.c:386]   --->   Operation 159 'sdiv' 's_5' <Predicate = true> <Delay = 4.13> <Core = "DivnS_SEQ">   --->   Core 24 'DivnS_SEQ' <Latency = 35> <II = 32> <Delay = 4.13> <FuncUnit> <Opcode : 'sdiv' 'srem' 'udiv' 'urem'> <InPorts = 2> <OutPorts = 1>

State 14 <SV = 13> <Delay = 4.13>
ST_14 : Operation 160 [28/36] (4.13ns)   --->   "%s_5 = sdiv i32 %s, %j_i" [kociemba/cubiecube.c:155->kociemba/cubiecube.c:386]   --->   Operation 160 'sdiv' 's_5' <Predicate = true> <Delay = 4.13> <Core = "DivnS_SEQ">   --->   Core 24 'DivnS_SEQ' <Latency = 35> <II = 32> <Delay = 4.13> <FuncUnit> <Opcode : 'sdiv' 'srem' 'udiv' 'urem'> <InPorts = 2> <OutPorts = 1>

State 15 <SV = 14> <Delay = 4.13>
ST_15 : Operation 161 [27/36] (4.13ns)   --->   "%s_5 = sdiv i32 %s, %j_i" [kociemba/cubiecube.c:155->kociemba/cubiecube.c:386]   --->   Operation 161 'sdiv' 's_5' <Predicate = true> <Delay = 4.13> <Core = "DivnS_SEQ">   --->   Core 24 'DivnS_SEQ' <Latency = 35> <II = 32> <Delay = 4.13> <FuncUnit> <Opcode : 'sdiv' 'srem' 'udiv' 'urem'> <InPorts = 2> <OutPorts = 1>

State 16 <SV = 15> <Delay = 4.13>
ST_16 : Operation 162 [26/36] (4.13ns)   --->   "%s_5 = sdiv i32 %s, %j_i" [kociemba/cubiecube.c:155->kociemba/cubiecube.c:386]   --->   Operation 162 'sdiv' 's_5' <Predicate = true> <Delay = 4.13> <Core = "DivnS_SEQ">   --->   Core 24 'DivnS_SEQ' <Latency = 35> <II = 32> <Delay = 4.13> <FuncUnit> <Opcode : 'sdiv' 'srem' 'udiv' 'urem'> <InPorts = 2> <OutPorts = 1>

State 17 <SV = 16> <Delay = 4.13>
ST_17 : Operation 163 [25/36] (4.13ns)   --->   "%s_5 = sdiv i32 %s, %j_i" [kociemba/cubiecube.c:155->kociemba/cubiecube.c:386]   --->   Operation 163 'sdiv' 's_5' <Predicate = true> <Delay = 4.13> <Core = "DivnS_SEQ">   --->   Core 24 'DivnS_SEQ' <Latency = 35> <II = 32> <Delay = 4.13> <FuncUnit> <Opcode : 'sdiv' 'srem' 'udiv' 'urem'> <InPorts = 2> <OutPorts = 1>

State 18 <SV = 17> <Delay = 4.13>
ST_18 : Operation 164 [24/36] (4.13ns)   --->   "%s_5 = sdiv i32 %s, %j_i" [kociemba/cubiecube.c:155->kociemba/cubiecube.c:386]   --->   Operation 164 'sdiv' 's_5' <Predicate = true> <Delay = 4.13> <Core = "DivnS_SEQ">   --->   Core 24 'DivnS_SEQ' <Latency = 35> <II = 32> <Delay = 4.13> <FuncUnit> <Opcode : 'sdiv' 'srem' 'udiv' 'urem'> <InPorts = 2> <OutPorts = 1>

State 19 <SV = 18> <Delay = 4.13>
ST_19 : Operation 165 [23/36] (4.13ns)   --->   "%s_5 = sdiv i32 %s, %j_i" [kociemba/cubiecube.c:155->kociemba/cubiecube.c:386]   --->   Operation 165 'sdiv' 's_5' <Predicate = true> <Delay = 4.13> <Core = "DivnS_SEQ">   --->   Core 24 'DivnS_SEQ' <Latency = 35> <II = 32> <Delay = 4.13> <FuncUnit> <Opcode : 'sdiv' 'srem' 'udiv' 'urem'> <InPorts = 2> <OutPorts = 1>

State 20 <SV = 19> <Delay = 4.13>
ST_20 : Operation 166 [22/36] (4.13ns)   --->   "%s_5 = sdiv i32 %s, %j_i" [kociemba/cubiecube.c:155->kociemba/cubiecube.c:386]   --->   Operation 166 'sdiv' 's_5' <Predicate = true> <Delay = 4.13> <Core = "DivnS_SEQ">   --->   Core 24 'DivnS_SEQ' <Latency = 35> <II = 32> <Delay = 4.13> <FuncUnit> <Opcode : 'sdiv' 'srem' 'udiv' 'urem'> <InPorts = 2> <OutPorts = 1>

State 21 <SV = 20> <Delay = 4.13>
ST_21 : Operation 167 [21/36] (4.13ns)   --->   "%s_5 = sdiv i32 %s, %j_i" [kociemba/cubiecube.c:155->kociemba/cubiecube.c:386]   --->   Operation 167 'sdiv' 's_5' <Predicate = true> <Delay = 4.13> <Core = "DivnS_SEQ">   --->   Core 24 'DivnS_SEQ' <Latency = 35> <II = 32> <Delay = 4.13> <FuncUnit> <Opcode : 'sdiv' 'srem' 'udiv' 'urem'> <InPorts = 2> <OutPorts = 1>

State 22 <SV = 21> <Delay = 4.13>
ST_22 : Operation 168 [20/36] (4.13ns)   --->   "%s_5 = sdiv i32 %s, %j_i" [kociemba/cubiecube.c:155->kociemba/cubiecube.c:386]   --->   Operation 168 'sdiv' 's_5' <Predicate = true> <Delay = 4.13> <Core = "DivnS_SEQ">   --->   Core 24 'DivnS_SEQ' <Latency = 35> <II = 32> <Delay = 4.13> <FuncUnit> <Opcode : 'sdiv' 'srem' 'udiv' 'urem'> <InPorts = 2> <OutPorts = 1>

State 23 <SV = 22> <Delay = 4.13>
ST_23 : Operation 169 [19/36] (4.13ns)   --->   "%s_5 = sdiv i32 %s, %j_i" [kociemba/cubiecube.c:155->kociemba/cubiecube.c:386]   --->   Operation 169 'sdiv' 's_5' <Predicate = true> <Delay = 4.13> <Core = "DivnS_SEQ">   --->   Core 24 'DivnS_SEQ' <Latency = 35> <II = 32> <Delay = 4.13> <FuncUnit> <Opcode : 'sdiv' 'srem' 'udiv' 'urem'> <InPorts = 2> <OutPorts = 1>

State 24 <SV = 23> <Delay = 4.13>
ST_24 : Operation 170 [18/36] (4.13ns)   --->   "%s_5 = sdiv i32 %s, %j_i" [kociemba/cubiecube.c:155->kociemba/cubiecube.c:386]   --->   Operation 170 'sdiv' 's_5' <Predicate = true> <Delay = 4.13> <Core = "DivnS_SEQ">   --->   Core 24 'DivnS_SEQ' <Latency = 35> <II = 32> <Delay = 4.13> <FuncUnit> <Opcode : 'sdiv' 'srem' 'udiv' 'urem'> <InPorts = 2> <OutPorts = 1>

State 25 <SV = 24> <Delay = 4.13>
ST_25 : Operation 171 [17/36] (4.13ns)   --->   "%s_5 = sdiv i32 %s, %j_i" [kociemba/cubiecube.c:155->kociemba/cubiecube.c:386]   --->   Operation 171 'sdiv' 's_5' <Predicate = true> <Delay = 4.13> <Core = "DivnS_SEQ">   --->   Core 24 'DivnS_SEQ' <Latency = 35> <II = 32> <Delay = 4.13> <FuncUnit> <Opcode : 'sdiv' 'srem' 'udiv' 'urem'> <InPorts = 2> <OutPorts = 1>

State 26 <SV = 25> <Delay = 4.13>
ST_26 : Operation 172 [16/36] (4.13ns)   --->   "%s_5 = sdiv i32 %s, %j_i" [kociemba/cubiecube.c:155->kociemba/cubiecube.c:386]   --->   Operation 172 'sdiv' 's_5' <Predicate = true> <Delay = 4.13> <Core = "DivnS_SEQ">   --->   Core 24 'DivnS_SEQ' <Latency = 35> <II = 32> <Delay = 4.13> <FuncUnit> <Opcode : 'sdiv' 'srem' 'udiv' 'urem'> <InPorts = 2> <OutPorts = 1>

State 27 <SV = 26> <Delay = 4.13>
ST_27 : Operation 173 [15/36] (4.13ns)   --->   "%s_5 = sdiv i32 %s, %j_i" [kociemba/cubiecube.c:155->kociemba/cubiecube.c:386]   --->   Operation 173 'sdiv' 's_5' <Predicate = true> <Delay = 4.13> <Core = "DivnS_SEQ">   --->   Core 24 'DivnS_SEQ' <Latency = 35> <II = 32> <Delay = 4.13> <FuncUnit> <Opcode : 'sdiv' 'srem' 'udiv' 'urem'> <InPorts = 2> <OutPorts = 1>

State 28 <SV = 27> <Delay = 4.13>
ST_28 : Operation 174 [14/36] (4.13ns)   --->   "%s_5 = sdiv i32 %s, %j_i" [kociemba/cubiecube.c:155->kociemba/cubiecube.c:386]   --->   Operation 174 'sdiv' 's_5' <Predicate = true> <Delay = 4.13> <Core = "DivnS_SEQ">   --->   Core 24 'DivnS_SEQ' <Latency = 35> <II = 32> <Delay = 4.13> <FuncUnit> <Opcode : 'sdiv' 'srem' 'udiv' 'urem'> <InPorts = 2> <OutPorts = 1>

State 29 <SV = 28> <Delay = 4.13>
ST_29 : Operation 175 [13/36] (4.13ns)   --->   "%s_5 = sdiv i32 %s, %j_i" [kociemba/cubiecube.c:155->kociemba/cubiecube.c:386]   --->   Operation 175 'sdiv' 's_5' <Predicate = true> <Delay = 4.13> <Core = "DivnS_SEQ">   --->   Core 24 'DivnS_SEQ' <Latency = 35> <II = 32> <Delay = 4.13> <FuncUnit> <Opcode : 'sdiv' 'srem' 'udiv' 'urem'> <InPorts = 2> <OutPorts = 1>

State 30 <SV = 29> <Delay = 4.13>
ST_30 : Operation 176 [12/36] (4.13ns)   --->   "%s_5 = sdiv i32 %s, %j_i" [kociemba/cubiecube.c:155->kociemba/cubiecube.c:386]   --->   Operation 176 'sdiv' 's_5' <Predicate = true> <Delay = 4.13> <Core = "DivnS_SEQ">   --->   Core 24 'DivnS_SEQ' <Latency = 35> <II = 32> <Delay = 4.13> <FuncUnit> <Opcode : 'sdiv' 'srem' 'udiv' 'urem'> <InPorts = 2> <OutPorts = 1>

State 31 <SV = 30> <Delay = 4.13>
ST_31 : Operation 177 [11/36] (4.13ns)   --->   "%s_5 = sdiv i32 %s, %j_i" [kociemba/cubiecube.c:155->kociemba/cubiecube.c:386]   --->   Operation 177 'sdiv' 's_5' <Predicate = true> <Delay = 4.13> <Core = "DivnS_SEQ">   --->   Core 24 'DivnS_SEQ' <Latency = 35> <II = 32> <Delay = 4.13> <FuncUnit> <Opcode : 'sdiv' 'srem' 'udiv' 'urem'> <InPorts = 2> <OutPorts = 1>

State 32 <SV = 31> <Delay = 4.13>
ST_32 : Operation 178 [10/36] (4.13ns)   --->   "%s_5 = sdiv i32 %s, %j_i" [kociemba/cubiecube.c:155->kociemba/cubiecube.c:386]   --->   Operation 178 'sdiv' 's_5' <Predicate = true> <Delay = 4.13> <Core = "DivnS_SEQ">   --->   Core 24 'DivnS_SEQ' <Latency = 35> <II = 32> <Delay = 4.13> <FuncUnit> <Opcode : 'sdiv' 'srem' 'udiv' 'urem'> <InPorts = 2> <OutPorts = 1>

State 33 <SV = 32> <Delay = 4.13>
ST_33 : Operation 179 [9/36] (4.13ns)   --->   "%s_5 = sdiv i32 %s, %j_i" [kociemba/cubiecube.c:155->kociemba/cubiecube.c:386]   --->   Operation 179 'sdiv' 's_5' <Predicate = true> <Delay = 4.13> <Core = "DivnS_SEQ">   --->   Core 24 'DivnS_SEQ' <Latency = 35> <II = 32> <Delay = 4.13> <FuncUnit> <Opcode : 'sdiv' 'srem' 'udiv' 'urem'> <InPorts = 2> <OutPorts = 1>

State 34 <SV = 33> <Delay = 4.13>
ST_34 : Operation 180 [8/36] (4.13ns)   --->   "%s_5 = sdiv i32 %s, %j_i" [kociemba/cubiecube.c:155->kociemba/cubiecube.c:386]   --->   Operation 180 'sdiv' 's_5' <Predicate = true> <Delay = 4.13> <Core = "DivnS_SEQ">   --->   Core 24 'DivnS_SEQ' <Latency = 35> <II = 32> <Delay = 4.13> <FuncUnit> <Opcode : 'sdiv' 'srem' 'udiv' 'urem'> <InPorts = 2> <OutPorts = 1>

State 35 <SV = 34> <Delay = 4.13>
ST_35 : Operation 181 [7/36] (4.13ns)   --->   "%s_5 = sdiv i32 %s, %j_i" [kociemba/cubiecube.c:155->kociemba/cubiecube.c:386]   --->   Operation 181 'sdiv' 's_5' <Predicate = true> <Delay = 4.13> <Core = "DivnS_SEQ">   --->   Core 24 'DivnS_SEQ' <Latency = 35> <II = 32> <Delay = 4.13> <FuncUnit> <Opcode : 'sdiv' 'srem' 'udiv' 'urem'> <InPorts = 2> <OutPorts = 1>

State 36 <SV = 35> <Delay = 4.13>
ST_36 : Operation 182 [6/36] (4.13ns)   --->   "%s_5 = sdiv i32 %s, %j_i" [kociemba/cubiecube.c:155->kociemba/cubiecube.c:386]   --->   Operation 182 'sdiv' 's_5' <Predicate = true> <Delay = 4.13> <Core = "DivnS_SEQ">   --->   Core 24 'DivnS_SEQ' <Latency = 35> <II = 32> <Delay = 4.13> <FuncUnit> <Opcode : 'sdiv' 'srem' 'udiv' 'urem'> <InPorts = 2> <OutPorts = 1>

State 37 <SV = 36> <Delay = 4.13>
ST_37 : Operation 183 [5/36] (4.13ns)   --->   "%s_5 = sdiv i32 %s, %j_i" [kociemba/cubiecube.c:155->kociemba/cubiecube.c:386]   --->   Operation 183 'sdiv' 's_5' <Predicate = true> <Delay = 4.13> <Core = "DivnS_SEQ">   --->   Core 24 'DivnS_SEQ' <Latency = 35> <II = 32> <Delay = 4.13> <FuncUnit> <Opcode : 'sdiv' 'srem' 'udiv' 'urem'> <InPorts = 2> <OutPorts = 1>

State 38 <SV = 37> <Delay = 4.13>
ST_38 : Operation 184 [4/36] (4.13ns)   --->   "%s_5 = sdiv i32 %s, %j_i" [kociemba/cubiecube.c:155->kociemba/cubiecube.c:386]   --->   Operation 184 'sdiv' 's_5' <Predicate = true> <Delay = 4.13> <Core = "DivnS_SEQ">   --->   Core 24 'DivnS_SEQ' <Latency = 35> <II = 32> <Delay = 4.13> <FuncUnit> <Opcode : 'sdiv' 'srem' 'udiv' 'urem'> <InPorts = 2> <OutPorts = 1>

State 39 <SV = 38> <Delay = 4.13>
ST_39 : Operation 185 [3/36] (4.13ns)   --->   "%s_5 = sdiv i32 %s, %j_i" [kociemba/cubiecube.c:155->kociemba/cubiecube.c:386]   --->   Operation 185 'sdiv' 's_5' <Predicate = true> <Delay = 4.13> <Core = "DivnS_SEQ">   --->   Core 24 'DivnS_SEQ' <Latency = 35> <II = 32> <Delay = 4.13> <FuncUnit> <Opcode : 'sdiv' 'srem' 'udiv' 'urem'> <InPorts = 2> <OutPorts = 1>

State 40 <SV = 39> <Delay = 4.13>
ST_40 : Operation 186 [2/36] (4.13ns)   --->   "%s_5 = sdiv i32 %s, %j_i" [kociemba/cubiecube.c:155->kociemba/cubiecube.c:386]   --->   Operation 186 'sdiv' 's_5' <Predicate = true> <Delay = 4.13> <Core = "DivnS_SEQ">   --->   Core 24 'DivnS_SEQ' <Latency = 35> <II = 32> <Delay = 4.13> <FuncUnit> <Opcode : 'sdiv' 'srem' 'udiv' 'urem'> <InPorts = 2> <OutPorts = 1>

State 41 <SV = 40> <Delay = 4.13>
ST_41 : Operation 187 [1/36] (4.13ns)   --->   "%s_5 = sdiv i32 %s, %j_i" [kociemba/cubiecube.c:155->kociemba/cubiecube.c:386]   --->   Operation 187 'sdiv' 's_5' <Predicate = true> <Delay = 4.13> <Core = "DivnS_SEQ">   --->   Core 24 'DivnS_SEQ' <Latency = 35> <II = 32> <Delay = 4.13> <FuncUnit> <Opcode : 'sdiv' 'srem' 'udiv' 'urem'> <InPorts = 2> <OutPorts = 1>
ST_41 : Operation 188 [1/1] (0.00ns)   --->   "br label %4" [kociemba/cubiecube.c:153->kociemba/cubiecube.c:386]   --->   Operation 188 'br' <Predicate = true> <Delay = 0.00>

State 42 <SV = 5> <Delay = 4.32>
ST_42 : Operation 189 [1/1] (0.00ns) (grouped into LUT with out node a_4)   --->   "%p_0_i = phi i32 [ 0, %2 ], [ %s_i, %Cnk.exit.loopexit ]" [kociemba/cubiecube.c:155->kociemba/cubiecube.c:386]   --->   Operation 189 'phi' 'p_0_i' <Predicate = (!tmp_350)> <Delay = 0.00>
ST_42 : Operation 190 [1/1] (0.00ns)   --->   "%a_load_4 = load i32* %a" [kociemba/cubiecube.c:386]   --->   Operation 190 'load' 'a_load_4' <Predicate = (!tmp_350)> <Delay = 0.00>
ST_42 : Operation 191 [1/1] (0.00ns)   --->   "%x_load_4 = load i32* %x" [kociemba/cubiecube.c:387]   --->   Operation 191 'load' 'x_load_4' <Predicate = (!tmp_350)> <Delay = 0.00>
ST_42 : Operation 192 [1/1] (2.55ns) (out node of the LUT)   --->   "%a_4 = add nsw i32 %p_0_i, %a_load_4" [kociemba/cubiecube.c:386]   --->   Operation 192 'add' 'a_4' <Predicate = (!tmp_350)> <Delay = 2.55> <Core = "AddSub">   --->   Core 14 'AddSub' <Latency = 0> <II = 1> <Delay = 2.07> <FuncUnit> <Opcode : 'add' 'sub'> <InPorts = 2> <OutPorts = 1>
ST_42 : Operation 193 [1/1] (0.00ns)   --->   "%tmp_355 = trunc i32 %x_load_4 to i2" [kociemba/cubiecube.c:387]   --->   Operation 193 'trunc' 'tmp_355' <Predicate = (!tmp_350)> <Delay = 0.00>
ST_42 : Operation 194 [1/1] (0.97ns)   --->   "%tmp_369_t = xor i2 %tmp_355, -1" [kociemba/cubiecube.c:387]   --->   Operation 194 'xor' 'tmp_369_t' <Predicate = (!tmp_350)> <Delay = 0.97> <Core = "LogicGate">   --->   Core 27 'LogicGate' <Latency = 0> <II = 1> <Delay = 0.97> <FuncUnit> <Opcode : 'and' 'or' 'xor'> <InPorts = 2> <OutPorts = 1>
ST_42 : Operation 195 [1/1] (1.30ns)   --->   "switch i2 %tmp_369_t, label %branch7 [
    i2 0, label %Cnk.exit.._crit_edge_crit_edge
    i2 1, label %branch5
    i2 -2, label %branch6
  ]" [kociemba/cubiecube.c:387]   --->   Operation 195 'switch' <Predicate = (!tmp_350)> <Delay = 1.30>
ST_42 : Operation 196 [1/1] (1.76ns)   --->   "store i32 %x_5, i32* %x" [kociemba/cubiecube.c:147->kociemba/cubiecube.c:386]   --->   Operation 196 'store' <Predicate = (!tmp_350 & tmp_369_t == 2)> <Delay = 1.76>
ST_42 : Operation 197 [1/1] (1.76ns)   --->   "store i32 %a_4, i32* %a" [kociemba/cubiecube.c:386]   --->   Operation 197 'store' <Predicate = (!tmp_350 & tmp_369_t == 2)> <Delay = 1.76>
ST_42 : Operation 198 [1/1] (1.76ns)   --->   "store i4 %edge4_0_2, i4* %edge4_3_3" [kociemba/cubiecube.c:387]   --->   Operation 198 'store' <Predicate = (!tmp_350 & tmp_369_t == 2)> <Delay = 1.76>
ST_42 : Operation 199 [1/1] (0.00ns)   --->   "br label %._crit_edge" [kociemba/cubiecube.c:387]   --->   Operation 199 'br' <Predicate = (!tmp_350 & tmp_369_t == 2)> <Delay = 0.00>
ST_42 : Operation 200 [1/1] (1.76ns)   --->   "store i32 %x_5, i32* %x" [kociemba/cubiecube.c:147->kociemba/cubiecube.c:386]   --->   Operation 200 'store' <Predicate = (!tmp_350 & tmp_369_t == 1)> <Delay = 1.76>
ST_42 : Operation 201 [1/1] (1.76ns)   --->   "store i32 %a_4, i32* %a" [kociemba/cubiecube.c:386]   --->   Operation 201 'store' <Predicate = (!tmp_350 & tmp_369_t == 1)> <Delay = 1.76>
ST_42 : Operation 202 [1/1] (1.76ns)   --->   "store i4 %edge4_0_2, i4* %edge4_3_2" [kociemba/cubiecube.c:387]   --->   Operation 202 'store' <Predicate = (!tmp_350 & tmp_369_t == 1)> <Delay = 1.76>
ST_42 : Operation 203 [1/1] (0.00ns)   --->   "br label %._crit_edge" [kociemba/cubiecube.c:387]   --->   Operation 203 'br' <Predicate = (!tmp_350 & tmp_369_t == 1)> <Delay = 0.00>
ST_42 : Operation 204 [1/1] (1.76ns)   --->   "store i32 %x_5, i32* %x" [kociemba/cubiecube.c:387]   --->   Operation 204 'store' <Predicate = (!tmp_350 & tmp_369_t == 0)> <Delay = 1.76>
ST_42 : Operation 205 [1/1] (1.76ns)   --->   "store i32 %a_4, i32* %a" [kociemba/cubiecube.c:386]   --->   Operation 205 'store' <Predicate = (!tmp_350 & tmp_369_t == 0)> <Delay = 1.76>
ST_42 : Operation 206 [1/1] (1.76ns)   --->   "store i4 %edge4_0_2, i4* %edge4_3_1_74" [kociemba/cubiecube.c:387]   --->   Operation 206 'store' <Predicate = (!tmp_350 & tmp_369_t == 0)> <Delay = 1.76>
ST_42 : Operation 207 [1/1] (0.00ns)   --->   "br label %._crit_edge" [kociemba/cubiecube.c:387]   --->   Operation 207 'br' <Predicate = (!tmp_350 & tmp_369_t == 0)> <Delay = 0.00>
ST_42 : Operation 208 [1/1] (1.76ns)   --->   "store i32 %x_5, i32* %x" [kociemba/cubiecube.c:147->kociemba/cubiecube.c:386]   --->   Operation 208 'store' <Predicate = (!tmp_350 & tmp_369_t == 3)> <Delay = 1.76>
ST_42 : Operation 209 [1/1] (1.76ns)   --->   "store i32 %a_4, i32* %a" [kociemba/cubiecube.c:386]   --->   Operation 209 'store' <Predicate = (!tmp_350 & tmp_369_t == 3)> <Delay = 1.76>
ST_42 : Operation 210 [1/1] (1.76ns)   --->   "store i4 %edge4_0_2, i4* %edge4_3_4" [kociemba/cubiecube.c:387]   --->   Operation 210 'store' <Predicate = (!tmp_350 & tmp_369_t == 3)> <Delay = 1.76>
ST_42 : Operation 211 [1/1] (0.00ns)   --->   "br label %._crit_edge" [kociemba/cubiecube.c:387]   --->   Operation 211 'br' <Predicate = (!tmp_350 & tmp_369_t == 3)> <Delay = 0.00>
ST_42 : Operation 212 [1/1] (1.78ns)   --->   "%j_16 = add i5 %j, -1" [kociemba/cubiecube.c:384]   --->   Operation 212 'add' 'j_16' <Predicate = true> <Delay = 1.78> <Core = "AddSub">   --->   Core 14 'AddSub' <Latency = 0> <II = 1> <Delay = 2.07> <FuncUnit> <Opcode : 'add' 'sub'> <InPorts = 2> <OutPorts = 1>
ST_42 : Operation 213 [1/1] (0.00ns)   --->   "br label %.preheader3" [kociemba/cubiecube.c:384]   --->   Operation 213 'br' <Predicate = true> <Delay = 0.00>

State 43 <SV = 3> <Delay = 4.62>
ST_43 : Operation 214 [1/1] (0.00ns)   --->   "%indvars_iv = phi i2 [ %j_13, %7 ], [ -1, %.preheader1.preheader ]"   --->   Operation 214 'phi' 'indvars_iv' <Predicate = true> <Delay = 0.00>
ST_43 : Operation 215 [1/1] (0.00ns)   --->   "%b = phi i32 [ %b_4, %7 ], [ 0, %.preheader1.preheader ]"   --->   Operation 215 'phi' 'b' <Predicate = true> <Delay = 0.00>
ST_43 : Operation 216 [1/1] (0.95ns)   --->   "%tmp_284 = icmp eq i2 %indvars_iv, 0" [kociemba/cubiecube.c:390]   --->   Operation 216 'icmp' 'tmp_284' <Predicate = true> <Delay = 0.95> <Core = "Cmp">   --->   Core 25 'Cmp' <Latency = 0> <II = 1> <Delay = 0.95> <FuncUnit> <Opcode : 'icmp'> <InPorts = 2> <OutPorts = 1>
ST_43 : Operation 217 [1/1] (0.00ns)   --->   "%empty_76 = call i32 (...)* @_ssdm_op_SpecLoopTripCount(i64 3, i64 3, i64 3)"   --->   Operation 217 'speclooptripcount' 'empty_76' <Predicate = true> <Delay = 0.00>
ST_43 : Operation 218 [1/1] (0.00ns)   --->   "br i1 %tmp_284, label %8, label %.preheader.preheader" [kociemba/cubiecube.c:390]   --->   Operation 218 'br' <Predicate = true> <Delay = 0.00>
ST_43 : Operation 219 [1/1] (0.00ns)   --->   "%tmp_288 = call i4 @_ssdm_op_BitConcatenate.i4.i2.i2(i2 -2, i2 %indvars_iv)" [kociemba/cubiecube.c:394]   --->   Operation 219 'bitconcatenate' 'tmp_288' <Predicate = (!tmp_284)> <Delay = 0.00>
ST_43 : Operation 220 [1/1] (0.95ns)   --->   "%sel_tmp_i = icmp eq i2 %indvars_iv, -2" [kociemba/cubiecube.c:390]   --->   Operation 220 'icmp' 'sel_tmp_i' <Predicate = (!tmp_284)> <Delay = 0.95> <Core = "Cmp">   --->   Core 25 'Cmp' <Latency = 0> <II = 1> <Delay = 0.95> <FuncUnit> <Opcode : 'icmp'> <InPorts = 2> <OutPorts = 1>
ST_43 : Operation 221 [1/1] (0.95ns)   --->   "%sel_tmp2_i = icmp eq i2 %indvars_iv, 1" [kociemba/cubiecube.c:390]   --->   Operation 221 'icmp' 'sel_tmp2_i' <Predicate = (!tmp_284)> <Delay = 0.95> <Core = "Cmp">   --->   Core 25 'Cmp' <Latency = 0> <II = 1> <Delay = 0.95> <FuncUnit> <Opcode : 'icmp'> <InPorts = 2> <OutPorts = 1>
ST_43 : Operation 222 [1/1] (1.76ns)   --->   "br label %.preheader" [kociemba/cubiecube.c:394]   --->   Operation 222 'br' <Predicate = (!tmp_284)> <Delay = 1.76>
ST_43 : Operation 223 [1/1] (0.00ns)   --->   "%a_load = load i32* %a" [kociemba/cubiecube.c:400]   --->   Operation 223 'load' 'a_load' <Predicate = (tmp_284)> <Delay = 0.00>
ST_43 : Operation 224 [1/1] (0.00ns) (grouped into LUT with out node tmp_285)   --->   "%tmp_351 = shl i32 %a_load, 5" [kociemba/cubiecube.c:400]   --->   Operation 224 'shl' 'tmp_351' <Predicate = (tmp_284)> <Delay = 0.00>
ST_43 : Operation 225 [1/1] (0.00ns) (grouped into LUT with out node tmp_285)   --->   "%tmp_352 = shl i32 %a_load, 3" [kociemba/cubiecube.c:400]   --->   Operation 225 'shl' 'tmp_352' <Predicate = (tmp_284)> <Delay = 0.00>
ST_43 : Operation 226 [1/1] (2.55ns) (out node of the LUT)   --->   "%tmp_285 = sub i32 %tmp_351, %tmp_352" [kociemba/cubiecube.c:400]   --->   Operation 226 'sub' 'tmp_285' <Predicate = (tmp_284)> <Delay = 2.55> <Core = "AddSub">   --->   Core 14 'AddSub' <Latency = 0> <II = 1> <Delay = 2.07> <FuncUnit> <Opcode : 'add' 'sub'> <InPorts = 2> <OutPorts = 1>
ST_43 : Operation 227 [1/1] (0.00ns)   --->   "%tmp_353 = trunc i32 %b to i16" [kociemba/cubiecube.c:398]   --->   Operation 227 'trunc' 'tmp_353' <Predicate = (tmp_284)> <Delay = 0.00>
ST_43 : Operation 228 [1/1] (0.00ns)   --->   "%tmp_354 = trunc i32 %tmp_285 to i16" [kociemba/cubiecube.c:400]   --->   Operation 228 'trunc' 'tmp_354' <Predicate = (tmp_284)> <Delay = 0.00>
ST_43 : Operation 229 [1/1] (2.07ns)   --->   "%tmp_287 = add i16 %tmp_354, %tmp_353" [kociemba/cubiecube.c:400]   --->   Operation 229 'add' 'tmp_287' <Predicate = (tmp_284)> <Delay = 2.07> <Core = "AddSub">   --->   Core 14 'AddSub' <Latency = 0> <II = 1> <Delay = 2.07> <FuncUnit> <Opcode : 'add' 'sub'> <InPorts = 2> <OutPorts = 1>
ST_43 : Operation 230 [1/1] (0.00ns)   --->   "ret i16 %tmp_287" [kociemba/cubiecube.c:400]   --->   Operation 230 'ret' <Predicate = (tmp_284)> <Delay = 0.00>

State 44 <SV = 4> <Delay = 10.0>
ST_44 : Operation 231 [1/1] (0.00ns)   --->   "%k = phi i32 [ 0, %.preheader.preheader ], [ %k_4, %rotateLeft_edge.exit ]"   --->   Operation 231 'phi' 'k' <Predicate = true> <Delay = 0.00>
ST_44 : Operation 232 [1/1] (0.00ns)   --->   "%edge4_1_5_load = load i4* %edge4_1_5"   --->   Operation 232 'load' 'edge4_1_5_load' <Predicate = true> <Delay = 0.00>
ST_44 : Operation 233 [1/1] (0.00ns)   --->   "%edge4_2_5_load = load i4* %edge4_2_5"   --->   Operation 233 'load' 'edge4_2_5_load' <Predicate = true> <Delay = 0.00>
ST_44 : Operation 234 [1/1] (0.00ns)   --->   "%edge4_3_5_load = load i4* %edge4_3_5"   --->   Operation 234 'load' 'edge4_3_5_load' <Predicate = true> <Delay = 0.00>
ST_44 : Operation 235 [1/1] (1.95ns)   --->   "%edge4_load_phi = call i4 @_ssdm_op_Mux.ap_auto.4i4.i2(i4 %edge4_3_5_load, i4 %edge4_1_5_load, i4 %edge4_2_5_load, i4 %edge4_3_5_load, i2 %indvars_iv)" [kociemba/cubiecube.c:394]   --->   Operation 235 'mux' 'edge4_load_phi' <Predicate = true> <Delay = 1.95> <Core = "MuxnS">   --->   Core 31 'MuxnS' <Latency = 0> <II = 1> <Delay = 1.95> <FuncUnit> <Opcode : 'mux'> <InPorts = 2> <OutPorts = 1>
ST_44 : Operation 236 [1/1] (1.30ns)   --->   "%tmp_289 = icmp eq i4 %edge4_load_phi, %tmp_288" [kociemba/cubiecube.c:394]   --->   Operation 236 'icmp' 'tmp_289' <Predicate = true> <Delay = 1.30> <Core = "Cmp">   --->   Core 25 'Cmp' <Latency = 0> <II = 1> <Delay = 0.95> <FuncUnit> <Opcode : 'icmp'> <InPorts = 2> <OutPorts = 1>
ST_44 : Operation 237 [1/1] (2.55ns)   --->   "%k_4 = add nsw i32 %k, 1" [kociemba/cubiecube.c:396]   --->   Operation 237 'add' 'k_4' <Predicate = true> <Delay = 2.55> <Core = "AddSub">   --->   Core 14 'AddSub' <Latency = 0> <II = 1> <Delay = 2.07> <FuncUnit> <Opcode : 'add' 'sub'> <InPorts = 2> <OutPorts = 1>
ST_44 : Operation 238 [1/1] (0.00ns)   --->   "br i1 %tmp_289, label %7, label %branch4.i.preheader" [kociemba/cubiecube.c:394]   --->   Operation 238 'br' <Predicate = true> <Delay = 0.00>
ST_44 : Operation 239 [1/1] (1.76ns)   --->   "br label %branch4.i"   --->   Operation 239 'br' <Predicate = (!tmp_289)> <Delay = 1.76>
ST_44 : Operation 240 [1/1] (0.00ns)   --->   "%j_1_cast3 = zext i2 %indvars_iv to i3" [kociemba/cubiecube.c:390]   --->   Operation 240 'zext' 'j_1_cast3' <Predicate = (tmp_289)> <Delay = 0.00>
ST_44 : Operation 241 [1/1] (1.56ns)   --->   "%tmp_291 = add i3 %j_1_cast3, 1" [kociemba/cubiecube.c:398]   --->   Operation 241 'add' 'tmp_291' <Predicate = (tmp_289)> <Delay = 1.56> <Core = "AddSub">   --->   Core 14 'AddSub' <Latency = 0> <II = 1> <Delay = 2.07> <FuncUnit> <Opcode : 'add' 'sub'> <InPorts = 2> <OutPorts = 1>
ST_44 : Operation 242 [1/1] (0.00ns)   --->   "%tmp_333_cast = zext i3 %tmp_291 to i32" [kociemba/cubiecube.c:398]   --->   Operation 242 'zext' 'tmp_333_cast' <Predicate = (tmp_289)> <Delay = 0.00>
ST_44 : Operation 243 [1/1] (8.51ns)   --->   "%tmp_292 = mul nsw i32 %tmp_333_cast, %b" [kociemba/cubiecube.c:398]   --->   Operation 243 'mul' 'tmp_292' <Predicate = (tmp_289)> <Delay = 8.51> <Core = "Mul">   --->   Core 16 'Mul' <Latency = 0> <II = 1> <Delay = 8.51> <FuncUnit> <Opcode : 'mul'> <InPorts = 2> <OutPorts = 1>

State 45 <SV = 5> <Delay = 2.83>
ST_45 : Operation 244 [1/1] (0.00ns)   --->   "%write_flag_i = phi i1 [ %write_flag_be_i, %branch9.i ], [ false, %branch4.i.preheader ]" [kociemba/cubiecube.c:187->kociemba/cubiecube.c:395]   --->   Operation 244 'phi' 'write_flag_i' <Predicate = true> <Delay = 0.00>
ST_45 : Operation 245 [1/1] (0.00ns)   --->   "%arr4_i = phi i4 [ %arr12_be_i, %branch9.i ], [ %edge4_1_5_load, %branch4.i.preheader ]" [kociemba/cubiecube.c:187->kociemba/cubiecube.c:395]   --->   Operation 245 'phi' 'arr4_i' <Predicate = true> <Delay = 0.00>
ST_45 : Operation 246 [1/1] (0.00ns)   --->   "%arr_i = phi i4 [ %arr_be_i, %branch9.i ], [ undef, %branch4.i.preheader ]" [kociemba/cubiecube.c:187->kociemba/cubiecube.c:395]   --->   Operation 246 'phi' 'arr_i' <Predicate = true> <Delay = 0.00>
ST_45 : Operation 247 [1/1] (0.00ns)   --->   "%i_i1 = phi i2 [ %i_26, %branch9.i ], [ 0, %branch4.i.preheader ]"   --->   Operation 247 'phi' 'i_i1' <Predicate = true> <Delay = 0.00>
ST_45 : Operation 248 [1/1] (0.00ns)   --->   "%edge4_2_5_load_1 = load i4* %edge4_2_5"   --->   Operation 248 'load' 'edge4_2_5_load_1' <Predicate = true> <Delay = 0.00>
ST_45 : Operation 249 [1/1] (0.00ns)   --->   "%edge4_3_5_load_1 = load i4* %edge4_3_5"   --->   Operation 249 'load' 'edge4_3_5_load_1' <Predicate = true> <Delay = 0.00>
ST_45 : Operation 250 [1/1] (0.00ns)   --->   "%empty_77 = call i32 (...)* @_ssdm_op_SpecLoopTripCount(i64 0, i64 3, i64 0)"   --->   Operation 250 'speclooptripcount' 'empty_77' <Predicate = true> <Delay = 0.00>
ST_45 : Operation 251 [1/1] (0.95ns)   --->   "%exitcond = icmp eq i2 %i_i1, %indvars_iv" [kociemba/cubiecube.c:186->kociemba/cubiecube.c:395]   --->   Operation 251 'icmp' 'exitcond' <Predicate = true> <Delay = 0.95> <Core = "Cmp">   --->   Core 25 'Cmp' <Latency = 0> <II = 1> <Delay = 0.95> <FuncUnit> <Opcode : 'icmp'> <InPorts = 2> <OutPorts = 1>
ST_45 : Operation 252 [1/1] (1.56ns)   --->   "%i_26 = add i2 %i_i1, 1" [kociemba/cubiecube.c:187->kociemba/cubiecube.c:395]   --->   Operation 252 'add' 'i_26' <Predicate = true> <Delay = 1.56> <Core = "AddSub">   --->   Core 14 'AddSub' <Latency = 0> <II = 1> <Delay = 2.07> <FuncUnit> <Opcode : 'add' 'sub'> <InPorts = 2> <OutPorts = 1>
ST_45 : Operation 253 [1/1] (0.00ns)   --->   "br i1 %exitcond, label %rotateLeft_edge.exit, label %6" [kociemba/cubiecube.c:186->kociemba/cubiecube.c:395]   --->   Operation 253 'br' <Predicate = true> <Delay = 0.00>
ST_45 : Operation 254 [1/1] (1.81ns)   --->   "switch i2 %i_i1, label %branch11.i [
    i2 0, label %branch9.i
    i2 1, label %branch10.i
  ]" [kociemba/cubiecube.c:187->kociemba/cubiecube.c:395]   --->   Operation 254 'switch' <Predicate = (!exitcond)> <Delay = 1.81>
ST_45 : Operation 255 [1/1] (1.81ns)   --->   "br label %branch9.i" [kociemba/cubiecube.c:187->kociemba/cubiecube.c:395]   --->   Operation 255 'br' <Predicate = (!exitcond & i_i1 == 1)> <Delay = 1.81>
ST_45 : Operation 256 [1/1] (1.81ns)   --->   "br label %branch9.i" [kociemba/cubiecube.c:187->kociemba/cubiecube.c:395]   --->   Operation 256 'br' <Predicate = (!exitcond & i_i1 != 0 & i_i1 != 1)> <Delay = 1.81>
ST_45 : Operation 257 [1/1] (1.95ns)   --->   "%write_flag_be_i = call i1 @_ssdm_op_Mux.ap_auto.4i1.i2(i1 true, i1 %write_flag_i, i1 %write_flag_i, i1 %write_flag_i, i2 %i_i1)" [kociemba/cubiecube.c:187->kociemba/cubiecube.c:395]   --->   Operation 257 'mux' 'write_flag_be_i' <Predicate = (!exitcond)> <Delay = 1.95> <Core = "MuxnS">   --->   Core 31 'MuxnS' <Latency = 0> <II = 1> <Delay = 1.95> <FuncUnit> <Opcode : 'mux'> <InPorts = 2> <OutPorts = 1>
ST_45 : Operation 258 [1/1] (0.00ns)   --->   "%edge4_0_5_load = load i4* %edge4_0_5" [kociemba/cubiecube.c:189->kociemba/cubiecube.c:395]   --->   Operation 258 'load' 'edge4_0_5_load' <Predicate = (exitcond)> <Delay = 0.00>
ST_45 : Operation 259 [1/1] (0.00ns) (grouped into LUT with out node edge4_2_78)   --->   "%newSel4 = select i1 %sel_tmp_i, i4 %edge4_0_5_load, i4 %edge4_2_5_load_1" [kociemba/cubiecube.c:390]   --->   Operation 259 'select' 'newSel4' <Predicate = (exitcond & !sel_tmp2_i)> <Delay = 0.00> <Core = "Sel">   --->   Core 26 'Sel' <Latency = 0> <II = 1> <Delay = 1.02> <FuncUnit> <Opcode : 'select'> <InPorts = 3> <OutPorts = 1>
ST_45 : Operation 260 [1/1] (1.02ns) (out node of the LUT)   --->   "%edge4_2_78 = select i1 %sel_tmp2_i, i4 %edge4_2_5_load_1, i4 %newSel4" [kociemba/cubiecube.c:390]   --->   Operation 260 'select' 'edge4_2_78' <Predicate = (exitcond)> <Delay = 1.02> <Core = "Sel">   --->   Core 26 'Sel' <Latency = 0> <II = 1> <Delay = 1.02> <FuncUnit> <Opcode : 'select'> <InPorts = 3> <OutPorts = 1>
ST_45 : Operation 261 [1/1] (0.00ns) (grouped into LUT with out node edge4_3_79)   --->   "%newSel = select i1 %sel_tmp_i, i4 %edge4_3_5_load_1, i4 %edge4_0_5_load" [kociemba/cubiecube.c:390]   --->   Operation 261 'select' 'newSel' <Predicate = (exitcond & !sel_tmp2_i)> <Delay = 0.00> <Core = "Sel">   --->   Core 26 'Sel' <Latency = 0> <II = 1> <Delay = 1.02> <FuncUnit> <Opcode : 'select'> <InPorts = 3> <OutPorts = 1>
ST_45 : Operation 262 [1/1] (1.02ns) (out node of the LUT)   --->   "%edge4_3_79 = select i1 %sel_tmp2_i, i4 %edge4_3_5_load_1, i4 %newSel" [kociemba/cubiecube.c:390]   --->   Operation 262 'select' 'edge4_3_79' <Predicate = (exitcond)> <Delay = 1.02> <Core = "Sel">   --->   Core 26 'Sel' <Latency = 0> <II = 1> <Delay = 1.02> <FuncUnit> <Opcode : 'select'> <InPorts = 3> <OutPorts = 1>
ST_45 : Operation 263 [1/1] (1.02ns)   --->   "%edge4_1_80 = select i1 %sel_tmp2_i, i4 %edge4_0_5_load, i4 %arr4_i" [kociemba/cubiecube.c:390]   --->   Operation 263 'select' 'edge4_1_80' <Predicate = (exitcond)> <Delay = 1.02> <Core = "Sel">   --->   Core 26 'Sel' <Latency = 0> <II = 1> <Delay = 1.02> <FuncUnit> <Opcode : 'select'> <InPorts = 3> <OutPorts = 1>
ST_45 : Operation 264 [1/1] (1.02ns)   --->   "%edge4_0 = select i1 %write_flag_i, i4 %arr_i, i4 %edge4_0_5_load" [kociemba/cubiecube.c:189->kociemba/cubiecube.c:395]   --->   Operation 264 'select' 'edge4_0' <Predicate = (exitcond)> <Delay = 1.02> <Core = "Sel">   --->   Core 26 'Sel' <Latency = 0> <II = 1> <Delay = 1.02> <FuncUnit> <Opcode : 'select'> <InPorts = 3> <OutPorts = 1>
ST_45 : Operation 265 [1/1] (1.81ns)   --->   "store i4 %edge4_3_79, i4* %edge4_3_5" [kociemba/cubiecube.c:395]   --->   Operation 265 'store' <Predicate = (exitcond)> <Delay = 1.81>
ST_45 : Operation 266 [1/1] (1.81ns)   --->   "store i4 %edge4_2_78, i4* %edge4_2_5" [kociemba/cubiecube.c:395]   --->   Operation 266 'store' <Predicate = (exitcond)> <Delay = 1.81>
ST_45 : Operation 267 [1/1] (1.76ns)   --->   "store i4 %edge4_1_80, i4* %edge4_1_5" [kociemba/cubiecube.c:395]   --->   Operation 267 'store' <Predicate = (exitcond)> <Delay = 1.76>
ST_45 : Operation 268 [1/1] (1.76ns)   --->   "store i4 %edge4_0, i4* %edge4_0_5" [kociemba/cubiecube.c:395]   --->   Operation 268 'store' <Predicate = (exitcond)> <Delay = 1.76>
ST_45 : Operation 269 [1/1] (0.00ns)   --->   "br label %.preheader" [kociemba/cubiecube.c:397]   --->   Operation 269 'br' <Predicate = (exitcond)> <Delay = 0.00>

State 46 <SV = 6> <Delay = 3.77>
ST_46 : Operation 270 [1/1] (0.00ns)   --->   "%arr_load_phi_i = phi i4 [ %edge4_2_5_load_1, %branch10.i ], [ %edge4_3_5_load_1, %branch11.i ], [ %arr4_i, %6 ]" [kociemba/cubiecube.c:187->kociemba/cubiecube.c:395]   --->   Operation 270 'phi' 'arr_load_phi_i' <Predicate = true> <Delay = 0.00>
ST_46 : Operation 271 [1/1] (1.95ns)   --->   "%arr_be_i = call i4 @_ssdm_op_Mux.ap_auto.4i4.i2(i4 %arr_load_phi_i, i4 %arr_i, i4 %arr_i, i4 %arr_i, i2 %i_i1)" [kociemba/cubiecube.c:187->kociemba/cubiecube.c:395]   --->   Operation 271 'mux' 'arr_be_i' <Predicate = true> <Delay = 1.95> <Core = "MuxnS">   --->   Core 31 'MuxnS' <Latency = 0> <II = 1> <Delay = 1.95> <FuncUnit> <Opcode : 'mux'> <InPorts = 2> <OutPorts = 1>
ST_46 : Operation 272 [1/1] (1.95ns)   --->   "%arr12_be_i = call i4 @_ssdm_op_Mux.ap_auto.4i4.i2(i4 %arr4_i, i4 %arr_load_phi_i, i4 %arr4_i, i4 %arr4_i, i2 %i_i1)" [kociemba/cubiecube.c:187->kociemba/cubiecube.c:395]   --->   Operation 272 'mux' 'arr12_be_i' <Predicate = true> <Delay = 1.95> <Core = "MuxnS">   --->   Core 31 'MuxnS' <Latency = 0> <II = 1> <Delay = 1.95> <FuncUnit> <Opcode : 'mux'> <InPorts = 2> <OutPorts = 1>
ST_46 : Operation 273 [1/1] (1.95ns)   --->   "%arr3_be_i = call i4 @_ssdm_op_Mux.ap_auto.4i4.i2(i4 %edge4_3_5_load_1, i4 %edge4_3_5_load_1, i4 %edge4_3_5_load_1, i4 %arr_load_phi_i, i2 %i_i1)" [kociemba/cubiecube.c:187->kociemba/cubiecube.c:395]   --->   Operation 273 'mux' 'arr3_be_i' <Predicate = true> <Delay = 1.95> <Core = "MuxnS">   --->   Core 31 'MuxnS' <Latency = 0> <II = 1> <Delay = 1.95> <FuncUnit> <Opcode : 'mux'> <InPorts = 2> <OutPorts = 1>
ST_46 : Operation 274 [1/1] (1.95ns)   --->   "%arr2_be_i = call i4 @_ssdm_op_Mux.ap_auto.4i4.i2(i4 %edge4_2_5_load_1, i4 %edge4_2_5_load_1, i4 %arr_load_phi_i, i4 %edge4_2_5_load_1, i2 %i_i1)" [kociemba/cubiecube.c:187->kociemba/cubiecube.c:395]   --->   Operation 274 'mux' 'arr2_be_i' <Predicate = true> <Delay = 1.95> <Core = "MuxnS">   --->   Core 31 'MuxnS' <Latency = 0> <II = 1> <Delay = 1.95> <FuncUnit> <Opcode : 'mux'> <InPorts = 2> <OutPorts = 1>
ST_46 : Operation 275 [1/1] (1.81ns)   --->   "store i4 %arr3_be_i, i4* %edge4_3_5" [kociemba/cubiecube.c:187->kociemba/cubiecube.c:395]   --->   Operation 275 'store' <Predicate = true> <Delay = 1.81>
ST_46 : Operation 276 [1/1] (1.81ns)   --->   "store i4 %arr2_be_i, i4* %edge4_2_5" [kociemba/cubiecube.c:187->kociemba/cubiecube.c:395]   --->   Operation 276 'store' <Predicate = true> <Delay = 1.81>
ST_46 : Operation 277 [1/1] (0.00ns)   --->   "br label %branch4.i"   --->   Operation 277 'br' <Predicate = true> <Delay = 0.00>

State 47 <SV = 5> <Delay = 2.55>
ST_47 : Operation 278 [1/1] (2.55ns)   --->   "%b_4 = add nsw i32 %k, %tmp_292" [kociemba/cubiecube.c:398]   --->   Operation 278 'add' 'b_4' <Predicate = true> <Delay = 2.55> <Core = "AddSub">   --->   Core 14 'AddSub' <Latency = 0> <II = 1> <Delay = 2.07> <FuncUnit> <Opcode : 'add' 'sub'> <InPorts = 2> <OutPorts = 1>
ST_47 : Operation 279 [1/1] (1.56ns)   --->   "%j_13 = add i2 %indvars_iv, -1" [kociemba/cubiecube.c:390]   --->   Operation 279 'add' 'j_13' <Predicate = true> <Delay = 1.56> <Core = "AddSub">   --->   Core 14 'AddSub' <Latency = 0> <II = 1> <Delay = 2.07> <FuncUnit> <Opcode : 'add' 'sub'> <InPorts = 2> <OutPorts = 1>
ST_47 : Operation 280 [1/1] (0.00ns)   --->   "br label %.preheader1" [kociemba/cubiecube.c:390]   --->   Operation 280 'br' <Predicate = true> <Delay = 0.00>


============================================================
+ Verbose Summary: Timing violations
============================================================
Target clock period: 12ns, clock uncertainty: 1.5ns.

 <State 1>: 1.77ns
The critical path consists of the following:
	multiplexor before 'phi' operation ('invdar', kociemba/cubiecube.c:382) with incoming values : ('indvarinc', kociemba/cubiecube.c:382) [8]  (1.77 ns)

 <State 2>: 3.73ns
The critical path consists of the following:
	'phi' operation ('invdar', kociemba/cubiecube.c:382) with incoming values : ('indvarinc', kociemba/cubiecube.c:382) [8]  (0 ns)
	'mux' operation ('edge4_2_1', kociemba/cubiecube.c:382) [16]  (1.96 ns)
	'store' operation (kociemba/cubiecube.c:382) of variable 'edge4_2_1', kociemba/cubiecube.c:382 on local variable 'edge4[3]' [36]  (1.77 ns)

 <State 3>: 2.32ns
The critical path consists of the following:
	'phi' operation ('j') with incoming values : ('j', kociemba/cubiecube.c:384) [41]  (0 ns)
	'getelementptr' operation ('cubiecube_0_ep_addr', kociemba/cubiecube.c:385) [52]  (0 ns)
	'load' operation ('edge4[0]', kociemba/cubiecube.c:385) on array 'cubiecube_0_ep' [53]  (2.32 ns)

 <State 4>: 7.66ns
The critical path consists of the following:
	'load' operation ('x_load', kociemba/cubiecube.c:386) on local variable 'x' [79]  (0 ns)
	'add' operation ('k', kociemba/cubiecube.c:386) [82]  (2.55 ns)
	'sub' operation ('k', kociemba/cubiecube.c:152->kociemba/cubiecube.c:386) [89]  (2.55 ns)
	'select' operation ('p_k_i', kociemba/cubiecube.c:151->kociemba/cubiecube.c:386) [90]  (0 ns)
	'add' operation ('tmp_364_i', kociemba/cubiecube.c:153->kociemba/cubiecube.c:386) [91]  (2.55 ns)

 <State 5>: 8.51ns
The critical path consists of the following:
	'phi' operation ('i') with incoming values : ('n_assign_cast', kociemba/cubiecube.c:386) ('i', kociemba/cubiecube.c:153->kociemba/cubiecube.c:386) [95]  (0 ns)
	'mul' operation ('s', kociemba/cubiecube.c:154->kociemba/cubiecube.c:386) [100]  (8.51 ns)

 <State 6>: 4.13ns
The critical path consists of the following:
	'sdiv' operation ('s', kociemba/cubiecube.c:155->kociemba/cubiecube.c:386) [101]  (4.13 ns)

 <State 7>: 4.13ns
The critical path consists of the following:
	'sdiv' operation ('s', kociemba/cubiecube.c:155->kociemba/cubiecube.c:386) [101]  (4.13 ns)

 <State 8>: 4.13ns
The critical path consists of the following:
	'sdiv' operation ('s', kociemba/cubiecube.c:155->kociemba/cubiecube.c:386) [101]  (4.13 ns)

 <State 9>: 4.13ns
The critical path consists of the following:
	'sdiv' operation ('s', kociemba/cubiecube.c:155->kociemba/cubiecube.c:386) [101]  (4.13 ns)

 <State 10>: 4.13ns
The critical path consists of the following:
	'sdiv' operation ('s', kociemba/cubiecube.c:155->kociemba/cubiecube.c:386) [101]  (4.13 ns)

 <State 11>: 4.13ns
The critical path consists of the following:
	'sdiv' operation ('s', kociemba/cubiecube.c:155->kociemba/cubiecube.c:386) [101]  (4.13 ns)

 <State 12>: 4.13ns
The critical path consists of the following:
	'sdiv' operation ('s', kociemba/cubiecube.c:155->kociemba/cubiecube.c:386) [101]  (4.13 ns)

 <State 13>: 4.13ns
The critical path consists of the following:
	'sdiv' operation ('s', kociemba/cubiecube.c:155->kociemba/cubiecube.c:386) [101]  (4.13 ns)

 <State 14>: 4.13ns
The critical path consists of the following:
	'sdiv' operation ('s', kociemba/cubiecube.c:155->kociemba/cubiecube.c:386) [101]  (4.13 ns)

 <State 15>: 4.13ns
The critical path consists of the following:
	'sdiv' operation ('s', kociemba/cubiecube.c:155->kociemba/cubiecube.c:386) [101]  (4.13 ns)

 <State 16>: 4.13ns
The critical path consists of the following:
	'sdiv' operation ('s', kociemba/cubiecube.c:155->kociemba/cubiecube.c:386) [101]  (4.13 ns)

 <State 17>: 4.13ns
The critical path consists of the following:
	'sdiv' operation ('s', kociemba/cubiecube.c:155->kociemba/cubiecube.c:386) [101]  (4.13 ns)

 <State 18>: 4.13ns
The critical path consists of the following:
	'sdiv' operation ('s', kociemba/cubiecube.c:155->kociemba/cubiecube.c:386) [101]  (4.13 ns)

 <State 19>: 4.13ns
The critical path consists of the following:
	'sdiv' operation ('s', kociemba/cubiecube.c:155->kociemba/cubiecube.c:386) [101]  (4.13 ns)

 <State 20>: 4.13ns
The critical path consists of the following:
	'sdiv' operation ('s', kociemba/cubiecube.c:155->kociemba/cubiecube.c:386) [101]  (4.13 ns)

 <State 21>: 4.13ns
The critical path consists of the following:
	'sdiv' operation ('s', kociemba/cubiecube.c:155->kociemba/cubiecube.c:386) [101]  (4.13 ns)

 <State 22>: 4.13ns
The critical path consists of the following:
	'sdiv' operation ('s', kociemba/cubiecube.c:155->kociemba/cubiecube.c:386) [101]  (4.13 ns)

 <State 23>: 4.13ns
The critical path consists of the following:
	'sdiv' operation ('s', kociemba/cubiecube.c:155->kociemba/cubiecube.c:386) [101]  (4.13 ns)

 <State 24>: 4.13ns
The critical path consists of the following:
	'sdiv' operation ('s', kociemba/cubiecube.c:155->kociemba/cubiecube.c:386) [101]  (4.13 ns)

 <State 25>: 4.13ns
The critical path consists of the following:
	'sdiv' operation ('s', kociemba/cubiecube.c:155->kociemba/cubiecube.c:386) [101]  (4.13 ns)

 <State 26>: 4.13ns
The critical path consists of the following:
	'sdiv' operation ('s', kociemba/cubiecube.c:155->kociemba/cubiecube.c:386) [101]  (4.13 ns)

 <State 27>: 4.13ns
The critical path consists of the following:
	'sdiv' operation ('s', kociemba/cubiecube.c:155->kociemba/cubiecube.c:386) [101]  (4.13 ns)

 <State 28>: 4.13ns
The critical path consists of the following:
	'sdiv' operation ('s', kociemba/cubiecube.c:155->kociemba/cubiecube.c:386) [101]  (4.13 ns)

 <State 29>: 4.13ns
The critical path consists of the following:
	'sdiv' operation ('s', kociemba/cubiecube.c:155->kociemba/cubiecube.c:386) [101]  (4.13 ns)

 <State 30>: 4.13ns
The critical path consists of the following:
	'sdiv' operation ('s', kociemba/cubiecube.c:155->kociemba/cubiecube.c:386) [101]  (4.13 ns)

 <State 31>: 4.13ns
The critical path consists of the following:
	'sdiv' operation ('s', kociemba/cubiecube.c:155->kociemba/cubiecube.c:386) [101]  (4.13 ns)

 <State 32>: 4.13ns
The critical path consists of the following:
	'sdiv' operation ('s', kociemba/cubiecube.c:155->kociemba/cubiecube.c:386) [101]  (4.13 ns)

 <State 33>: 4.13ns
The critical path consists of the following:
	'sdiv' operation ('s', kociemba/cubiecube.c:155->kociemba/cubiecube.c:386) [101]  (4.13 ns)

 <State 34>: 4.13ns
The critical path consists of the following:
	'sdiv' operation ('s', kociemba/cubiecube.c:155->kociemba/cubiecube.c:386) [101]  (4.13 ns)

 <State 35>: 4.13ns
The critical path consists of the following:
	'sdiv' operation ('s', kociemba/cubiecube.c:155->kociemba/cubiecube.c:386) [101]  (4.13 ns)

 <State 36>: 4.13ns
The critical path consists of the following:
	'sdiv' operation ('s', kociemba/cubiecube.c:155->kociemba/cubiecube.c:386) [101]  (4.13 ns)

 <State 37>: 4.13ns
The critical path consists of the following:
	'sdiv' operation ('s', kociemba/cubiecube.c:155->kociemba/cubiecube.c:386) [101]  (4.13 ns)

 <State 38>: 4.13ns
The critical path consists of the following:
	'sdiv' operation ('s', kociemba/cubiecube.c:155->kociemba/cubiecube.c:386) [101]  (4.13 ns)

 <State 39>: 4.13ns
The critical path consists of the following:
	'sdiv' operation ('s', kociemba/cubiecube.c:155->kociemba/cubiecube.c:386) [101]  (4.13 ns)

 <State 40>: 4.13ns
The critical path consists of the following:
	'sdiv' operation ('s', kociemba/cubiecube.c:155->kociemba/cubiecube.c:386) [101]  (4.13 ns)

 <State 41>: 4.13ns
The critical path consists of the following:
	'sdiv' operation ('s', kociemba/cubiecube.c:155->kociemba/cubiecube.c:386) [101]  (4.13 ns)

 <State 42>: 4.32ns
The critical path consists of the following:
	'phi' operation ('p_0_i', kociemba/cubiecube.c:155->kociemba/cubiecube.c:386) with incoming values : ('s', kociemba/cubiecube.c:155->kociemba/cubiecube.c:386) [108]  (0 ns)
	'add' operation ('a', kociemba/cubiecube.c:386) [111]  (2.55 ns)
	'store' operation (kociemba/cubiecube.c:386) of variable 'a', kociemba/cubiecube.c:386 on local variable 'a' [122]  (1.77 ns)

 <State 43>: 4.63ns
The critical path consists of the following:
	'load' operation ('a_load', kociemba/cubiecube.c:400) on local variable 'a' [219]  (0 ns)
	'shl' operation ('tmp_351', kociemba/cubiecube.c:400) [220]  (0 ns)
	'sub' operation ('tmp_285', kociemba/cubiecube.c:400) [222]  (2.55 ns)
	'add' operation ('tmp_287', kociemba/cubiecube.c:400) [225]  (2.08 ns)

 <State 44>: 10.1ns
The critical path consists of the following:
	'add' operation ('tmp_291', kociemba/cubiecube.c:398) [212]  (1.56 ns)
	'mul' operation ('tmp_292', kociemba/cubiecube.c:398) [214]  (8.51 ns)

 <State 45>: 2.84ns
The critical path consists of the following:
	'load' operation ('edge4_2_5_load_1') on local variable 'arr[2]' [175]  (0 ns)
	'select' operation ('edge4[2]', kociemba/cubiecube.c:390) [200]  (1.02 ns)
	'store' operation (kociemba/cubiecube.c:395) of variable 'edge4[2]', kociemba/cubiecube.c:390 on local variable 'arr[2]' [206]  (1.81 ns)

 <State 46>: 3.77ns
The critical path consists of the following:
	'phi' operation ('arr_load_phi_i', kociemba/cubiecube.c:187->kociemba/cubiecube.c:395) with incoming values : ('arr[1]') ('edge4_2_5_load_1') ('edge4_3_5_load_1') ('arr12_be_i', kociemba/cubiecube.c:187->kociemba/cubiecube.c:395) [188]  (0 ns)
	'mux' operation ('arr3_be_i', kociemba/cubiecube.c:187->kociemba/cubiecube.c:395) [192]  (1.96 ns)
	'store' operation (kociemba/cubiecube.c:187->kociemba/cubiecube.c:395) of variable 'arr3_be_i', kociemba/cubiecube.c:187->kociemba/cubiecube.c:395 on local variable 'arr[3]' [194]  (1.81 ns)

 <State 47>: 2.55ns
The critical path consists of the following:
	'add' operation ('b', kociemba/cubiecube.c:398) [215]  (2.55 ns)


============================================================
+ Verbose Summary: Binding
============================================================
N/A
* FSMD analyzer results:
  - Output states:
 - Input state : 
  - Chain level:
	State 1
	State 2
	State 3
	State 4
	State 5
	State 6
	State 7
	State 8
	State 9
	State 10
	State 11
	State 12
	State 13
	State 14
	State 15
	State 16
	State 17
	State 18
	State 19
	State 20
	State 21
	State 22
	State 23
	State 24
	State 25
	State 26
	State 27
	State 28
	State 29
	State 30
	State 31
	State 32
	State 33
	State 34
	State 35
	State 36
	State 37
	State 38
	State 39
	State 40
	State 41
	State 42
	State 43
	State 44
	State 45
	State 46
	State 47


============================================================
+ Verbose Summary: Datapath Resource usage 
============================================================
N/A
