

================================================================
== Vivado HLS Report for 'getPruning131416'
================================================================
* Date:           Sat Mar  9 22:55:35 2019

* Version:        2018.2 (Build 2258646 on Thu Jun 14 20:25:20 MDT 2018)
* Project:        kociemba
* Solution:       solution1
* Product family: zynq
* Target device:  xc7z020clg400-1


================================================================
== Performance Estimates
================================================================
+ Timing (ns): 
    * Summary: 
    +--------+-------+----------+------------+
    |  Clock | Target| Estimated| Uncertainty|
    +--------+-------+----------+------------+
    |ap_clk  |  12.00|    10.500|        1.50|
    +--------+-------+----------+------------+

+ Latency (clock cycles): 
    * Summary: 
    +-----+-----+-----+-----+---------+
    |  Latency  |  Interval | Pipeline|
    | min | max | min | max |   Type  |
    +-----+-----+-----+-----+---------+
    |    9|    9|    9|    9|   none  |
    +-----+-----+-----+-----+---------+

    + Detail: 
        * Instance: 
        N/A

        * Loop: 
        N/A



================================================================
== Utilization Estimates
================================================================
* Summary: 
+-----------------+---------+-------+--------+-------+
|       Name      | BRAM_18K| DSP48E|   FF   |  LUT  |
+-----------------+---------+-------+--------+-------+
|DSP              |        -|      -|       -|      -|
|Expression       |        -|      -|       0|    220|
|FIFO             |        -|      -|       -|      -|
|Instance         |        -|      -|       -|      -|
|Memory           |        -|      -|       -|      -|
|Multiplexer      |        -|      -|       -|     77|
|Register         |        -|      -|      61|      -|
+-----------------+---------+-------+--------+-------+
|Total            |        0|      0|      61|    297|
+-----------------+---------+-------+--------+-------+
|Available        |      280|    220|  106400|  53200|
+-----------------+---------+-------+--------+-------+
|Utilization (%)  |        0|      0|   ~0   |   ~0  |
+-----------------+---------+-------+--------+-------+

+ Detail: 
    * Instance: 
    N/A

    * DSP48: 
    N/A

    * Memory: 
    N/A

    * FIFO: 
    N/A

    * Expression: 
    +-----------------------+----------+-------+---+----+------------+------------+
    |     Variable Name     | Operation| DSP48E| FF| LUT| Bitwidth P0| Bitwidth P1|
    +-----------------------+----------+-------+---+----+------------+------------+
    |sum_fu_158_p2          |     +    |      0|  0|  71|          64|          64|
    |p_neg_fu_84_p2         |     -    |      0|  0|  39|           1|          32|
    |p_neg_t_fu_104_p2      |     -    |      0|  0|  39|           1|          32|
    |table_load5_fu_181_p2  |   lshr   |      0|  0|  35|          16|          16|
    |ap_return              |  select  |      0|  0|   4|           1|           4|
    |tmp_s_fu_124_p3        |  select  |      0|  0|  32|           1|          32|
    +-----------------------+----------+-------+---+----+------------+------------+
    |Total                  |          |      0|  0| 220|          84|         180|
    +-----------------------+----------+-------+---+----+------------+------------+

    * Multiplexer: 
    +--------------------------------------+----+-----------+-----+-----------+
    |                 Name                 | LUT| Input Size| Bits| Total Bits|
    +--------------------------------------+----+-----------+-----+-----------+
    |ap_NS_fsm                             |  50|         11|    1|         11|
    |ap_sig_ioackin_m_axi_table_r_ARREADY  |   9|          2|    1|          2|
    |table_r_blk_n_AR                      |   9|          2|    1|          2|
    |table_r_blk_n_R                       |   9|          2|    1|          2|
    +--------------------------------------+----+-----------+-----+-----------+
    |Total                                 |  77|         17|    4|         17|
    +--------------------------------------+----+-----------+-----+-----------+

    * Register: 
    +--------------------------------------+----+----+-----+-----------+
    |                 Name                 | FF | LUT| Bits| Const Bits|
    +--------------------------------------+----+----+-----+-----------+
    |ap_CS_fsm                             |  10|   0|   10|          0|
    |ap_reg_ioackin_m_axi_table_r_ARREADY  |   1|   0|    1|          0|
    |table_addr_read_reg_223               |  16|   0|   16|          0|
    |table_addr_reg_217                    |  32|   0|   32|          0|
    |tmp_284_reg_207                       |   1|   0|    1|          0|
    |tmp_288_reg_212                       |   1|   0|    1|          0|
    +--------------------------------------+----+----+-----+-----------+
    |Total                                 |  61|   0|   61|          0|
    +--------------------------------------+----+----+-----+-----------+



================================================================
== Interface
================================================================
* Summary: 
+------------------------+-----+-----+------------+------------------+--------------+
|        RTL Ports       | Dir | Bits|  Protocol  |   Source Object  |    C Type    |
+------------------------+-----+-----+------------+------------------+--------------+
|ap_clk                  |  in |    1| ap_ctrl_hs | getPruning131416 | return value |
|ap_rst                  |  in |    1| ap_ctrl_hs | getPruning131416 | return value |
|ap_start                |  in |    1| ap_ctrl_hs | getPruning131416 | return value |
|ap_done                 | out |    1| ap_ctrl_hs | getPruning131416 | return value |
|ap_idle                 | out |    1| ap_ctrl_hs | getPruning131416 | return value |
|ap_ready                | out |    1| ap_ctrl_hs | getPruning131416 | return value |
|ap_return               | out |    4| ap_ctrl_hs | getPruning131416 | return value |
|m_axi_table_r_AWVALID   | out |    1|    m_axi   |      table_r     |    pointer   |
|m_axi_table_r_AWREADY   |  in |    1|    m_axi   |      table_r     |    pointer   |
|m_axi_table_r_AWADDR    | out |   32|    m_axi   |      table_r     |    pointer   |
|m_axi_table_r_AWID      | out |    1|    m_axi   |      table_r     |    pointer   |
|m_axi_table_r_AWLEN     | out |   32|    m_axi   |      table_r     |    pointer   |
|m_axi_table_r_AWSIZE    | out |    3|    m_axi   |      table_r     |    pointer   |
|m_axi_table_r_AWBURST   | out |    2|    m_axi   |      table_r     |    pointer   |
|m_axi_table_r_AWLOCK    | out |    2|    m_axi   |      table_r     |    pointer   |
|m_axi_table_r_AWCACHE   | out |    4|    m_axi   |      table_r     |    pointer   |
|m_axi_table_r_AWPROT    | out |    3|    m_axi   |      table_r     |    pointer   |
|m_axi_table_r_AWQOS     | out |    4|    m_axi   |      table_r     |    pointer   |
|m_axi_table_r_AWREGION  | out |    4|    m_axi   |      table_r     |    pointer   |
|m_axi_table_r_AWUSER    | out |    1|    m_axi   |      table_r     |    pointer   |
|m_axi_table_r_WVALID    | out |    1|    m_axi   |      table_r     |    pointer   |
|m_axi_table_r_WREADY    |  in |    1|    m_axi   |      table_r     |    pointer   |
|m_axi_table_r_WDATA     | out |   16|    m_axi   |      table_r     |    pointer   |
|m_axi_table_r_WSTRB     | out |    2|    m_axi   |      table_r     |    pointer   |
|m_axi_table_r_WLAST     | out |    1|    m_axi   |      table_r     |    pointer   |
|m_axi_table_r_WID       | out |    1|    m_axi   |      table_r     |    pointer   |
|m_axi_table_r_WUSER     | out |    1|    m_axi   |      table_r     |    pointer   |
|m_axi_table_r_ARVALID   | out |    1|    m_axi   |      table_r     |    pointer   |
|m_axi_table_r_ARREADY   |  in |    1|    m_axi   |      table_r     |    pointer   |
|m_axi_table_r_ARADDR    | out |   32|    m_axi   |      table_r     |    pointer   |
|m_axi_table_r_ARID      | out |    1|    m_axi   |      table_r     |    pointer   |
|m_axi_table_r_ARLEN     | out |   32|    m_axi   |      table_r     |    pointer   |
|m_axi_table_r_ARSIZE    | out |    3|    m_axi   |      table_r     |    pointer   |
|m_axi_table_r_ARBURST   | out |    2|    m_axi   |      table_r     |    pointer   |
|m_axi_table_r_ARLOCK    | out |    2|    m_axi   |      table_r     |    pointer   |
|m_axi_table_r_ARCACHE   | out |    4|    m_axi   |      table_r     |    pointer   |
|m_axi_table_r_ARPROT    | out |    3|    m_axi   |      table_r     |    pointer   |
|m_axi_table_r_ARQOS     | out |    4|    m_axi   |      table_r     |    pointer   |
|m_axi_table_r_ARREGION  | out |    4|    m_axi   |      table_r     |    pointer   |
|m_axi_table_r_ARUSER    | out |    1|    m_axi   |      table_r     |    pointer   |
|m_axi_table_r_RVALID    |  in |    1|    m_axi   |      table_r     |    pointer   |
|m_axi_table_r_RREADY    | out |    1|    m_axi   |      table_r     |    pointer   |
|m_axi_table_r_RDATA     |  in |   16|    m_axi   |      table_r     |    pointer   |
|m_axi_table_r_RLAST     |  in |    1|    m_axi   |      table_r     |    pointer   |
|m_axi_table_r_RID       |  in |    1|    m_axi   |      table_r     |    pointer   |
|m_axi_table_r_RUSER     |  in |    1|    m_axi   |      table_r     |    pointer   |
|m_axi_table_r_RRESP     |  in |    2|    m_axi   |      table_r     |    pointer   |
|m_axi_table_r_BVALID    |  in |    1|    m_axi   |      table_r     |    pointer   |
|m_axi_table_r_BREADY    | out |    1|    m_axi   |      table_r     |    pointer   |
|m_axi_table_r_BRESP     |  in |    2|    m_axi   |      table_r     |    pointer   |
|m_axi_table_r_BID       |  in |    1|    m_axi   |      table_r     |    pointer   |
|m_axi_table_r_BUSER     |  in |    1|    m_axi   |      table_r     |    pointer   |
|table_offset            |  in |   31|   ap_none  |   table_offset   |    scalar    |
|index                   |  in |   32|   ap_none  |       index      |    scalar    |
+------------------------+-----+-----+------------+------------------+--------------+

============================================================
+ Verbose Summary: Synthesis Manager
============================================================
InlineROM: 1
ExposeGlobal: 0
============================================================
+ Verbose Summary: CDFG Model
============================================================
IsTopModel: 0
ResetActiveHigh: 1
IsCombinational: 2
IsDatapathOnly: 2
HasWiredReturn: 1
HasMFsm: 0
HasVarLatency: 1
IsPipeline: 0
IsRtlPipelined: 0
IsInstanceOverlapped: 0
IsDontTouch: 0
HasImplIP: 0
IsGatedGlobalClock: 0


============================================================
+ Verbose Summary: Schedule
============================================================
* Number of FSM states : 10
* Pipeline : 0
* Dataflow Pipeline: 0

* FSM state transitions: 
1 --> 
	2  / true
2 --> 
	3  / true
3 --> 
	4  / true
4 --> 
	5  / true
5 --> 
	6  / true
6 --> 
	7  / true
7 --> 
	8  / true
8 --> 
	9  / true
9 --> 
	10  / true
10 --> 

* FSM state operations: 

State 1 <SV = 0> <Delay = 9.26>
ST_1 : Operation 11 [1/1] (0.00ns)   --->   "%index_read = call i32 @_ssdm_op_Read.ap_auto.i32(i32 %index)"   --->   Operation 11 'read' 'index_read' <Predicate = true> <Delay = 0.00>
ST_1 : Operation 12 [1/1] (0.00ns)   --->   "%table_offset_read = call i31 @_ssdm_op_Read.ap_auto.i31(i31 %table_offset)"   --->   Operation 12 'read' 'table_offset_read' <Predicate = true> <Delay = 0.00>
ST_1 : Operation 13 [1/1] (0.00ns)   --->   "%tmp_284 = trunc i32 %index_read to i1" [kociemba/search.c:24]   --->   Operation 13 'trunc' 'tmp_284' <Predicate = true> <Delay = 0.00>
ST_1 : Operation 14 [1/1] (0.00ns)   --->   "%tmp_285 = call i1 @_ssdm_op_BitSelect.i1.i32.i32(i32 %index_read, i32 31)" [kociemba/search.c:25]   --->   Operation 14 'bitselect' 'tmp_285' <Predicate = true> <Delay = 0.00>
ST_1 : Operation 15 [1/1] (2.55ns)   --->   "%p_neg = sub i32 0, %index_read" [kociemba/search.c:25]   --->   Operation 15 'sub' 'p_neg' <Predicate = true> <Delay = 2.55> <Core = "AddSub">   --->   Core 14 'AddSub' <Latency = 0> <II = 1> <Delay = 3.52> <FuncUnit> <Opcode : 'add' 'sub'> <InPorts = 2> <OutPorts = 1>
ST_1 : Operation 16 [1/1] (0.00ns)   --->   "%p_lshr = call i31 @_ssdm_op_PartSelect.i31.i32.i32.i32(i32 %p_neg, i32 1, i32 31)" [kociemba/search.c:25]   --->   Operation 16 'partselect' 'p_lshr' <Predicate = true> <Delay = 0.00>
ST_1 : Operation 17 [1/1] (0.00ns)   --->   "%tmp = zext i31 %p_lshr to i32" [kociemba/search.c:25]   --->   Operation 17 'zext' 'tmp' <Predicate = true> <Delay = 0.00>
ST_1 : Operation 18 [1/1] (2.52ns)   --->   "%p_neg_t = sub i32 0, %tmp" [kociemba/search.c:25]   --->   Operation 18 'sub' 'p_neg_t' <Predicate = true> <Delay = 2.52> <Core = "AddSub">   --->   Core 14 'AddSub' <Latency = 0> <II = 1> <Delay = 3.52> <FuncUnit> <Opcode : 'add' 'sub'> <InPorts = 2> <OutPorts = 1>
ST_1 : Operation 19 [1/1] (0.00ns)   --->   "%p_lshr_f = call i31 @_ssdm_op_PartSelect.i31.i32.i32.i32(i32 %index_read, i32 1, i32 31)" [kociemba/search.c:25]   --->   Operation 19 'partselect' 'p_lshr_f' <Predicate = true> <Delay = 0.00>
ST_1 : Operation 20 [1/1] (0.00ns)   --->   "%tmp_279 = zext i31 %p_lshr_f to i32" [kociemba/search.c:25]   --->   Operation 20 'zext' 'tmp_279' <Predicate = true> <Delay = 0.00>
ST_1 : Operation 21 [1/1] (0.69ns)   --->   "%tmp_s = select i1 %tmp_285, i32 %p_neg_t, i32 %tmp_279" [kociemba/search.c:25]   --->   Operation 21 'select' 'tmp_s' <Predicate = true> <Delay = 0.69> <Core = "Sel">   --->   Core 26 'Sel' <Latency = 0> <II = 1> <Delay = 0.69> <FuncUnit> <Opcode : 'select'> <InPorts = 3> <OutPorts = 1>
ST_1 : Operation 22 [1/1] (0.00ns)   --->   "%tmp_281 = call i31 @_ssdm_op_PartSelect.i31.i32.i32.i32(i32 %tmp_s, i32 1, i32 31)" [kociemba/search.c:25]   --->   Operation 22 'partselect' 'tmp_281' <Predicate = true> <Delay = 0.00>
ST_1 : Operation 23 [1/1] (0.00ns)   --->   "%tmp_282 = sext i31 %tmp_281 to i63" [kociemba/search.c:25]   --->   Operation 23 'sext' 'tmp_282' <Predicate = true> <Delay = 0.00>
ST_1 : Operation 24 [1/1] (0.00ns)   --->   "%tmp_280 = zext i63 %tmp_282 to i64" [kociemba/search.c:25]   --->   Operation 24 'zext' 'tmp_280' <Predicate = true> <Delay = 0.00>
ST_1 : Operation 25 [1/1] (0.00ns)   --->   "%tmp_288 = trunc i32 %tmp_s to i1" [kociemba/search.c:25]   --->   Operation 25 'trunc' 'tmp_288' <Predicate = true> <Delay = 0.00>
ST_1 : Operation 26 [1/1] (0.00ns)   --->   "%sext = zext i31 %table_offset_read to i64"   --->   Operation 26 'zext' 'sext' <Predicate = true> <Delay = 0.00>
ST_1 : Operation 27 [1/1] (3.49ns)   --->   "%sum = add i64 %tmp_280, %sext" [kociemba/search.c:25]   --->   Operation 27 'add' 'sum' <Predicate = true> <Delay = 3.49> <Core = "AddSub">   --->   Core 14 'AddSub' <Latency = 0> <II = 1> <Delay = 3.52> <FuncUnit> <Opcode : 'add' 'sub'> <InPorts = 2> <OutPorts = 1>
ST_1 : Operation 28 [1/1] (0.00ns)   --->   "%table_addr = getelementptr i16* %table_r, i64 %sum" [kociemba/search.c:25]   --->   Operation 28 'getelementptr' 'table_addr' <Predicate = true> <Delay = 0.00>

State 2 <SV = 1> <Delay = 10.5>
ST_2 : Operation 29 [7/7] (10.5ns)   --->   "%table_load_req = call i1 @_ssdm_op_ReadReq.m_axi.i16P(i16* %table_addr, i32 1)" [kociemba/search.c:25]   --->   Operation 29 'readreq' 'table_load_req' <Predicate = true> <Delay = 10.5> <Core = "m_axi">   --->   Core 9 'm_axi' <Latency = 6> <II = 1> <Delay = 1.00> <Adapter> <Opcode : 'read' 'write' 'readreq' 'writereq' 'writeresp'>

State 3 <SV = 2> <Delay = 10.5>
ST_3 : Operation 30 [6/7] (10.5ns)   --->   "%table_load_req = call i1 @_ssdm_op_ReadReq.m_axi.i16P(i16* %table_addr, i32 1)" [kociemba/search.c:25]   --->   Operation 30 'readreq' 'table_load_req' <Predicate = true> <Delay = 10.5> <Core = "m_axi">   --->   Core 9 'm_axi' <Latency = 6> <II = 1> <Delay = 1.00> <Adapter> <Opcode : 'read' 'write' 'readreq' 'writereq' 'writeresp'>

State 4 <SV = 3> <Delay = 10.5>
ST_4 : Operation 31 [5/7] (10.5ns)   --->   "%table_load_req = call i1 @_ssdm_op_ReadReq.m_axi.i16P(i16* %table_addr, i32 1)" [kociemba/search.c:25]   --->   Operation 31 'readreq' 'table_load_req' <Predicate = true> <Delay = 10.5> <Core = "m_axi">   --->   Core 9 'm_axi' <Latency = 6> <II = 1> <Delay = 1.00> <Adapter> <Opcode : 'read' 'write' 'readreq' 'writereq' 'writeresp'>

State 5 <SV = 4> <Delay = 10.5>
ST_5 : Operation 32 [4/7] (10.5ns)   --->   "%table_load_req = call i1 @_ssdm_op_ReadReq.m_axi.i16P(i16* %table_addr, i32 1)" [kociemba/search.c:25]   --->   Operation 32 'readreq' 'table_load_req' <Predicate = true> <Delay = 10.5> <Core = "m_axi">   --->   Core 9 'm_axi' <Latency = 6> <II = 1> <Delay = 1.00> <Adapter> <Opcode : 'read' 'write' 'readreq' 'writereq' 'writeresp'>

State 6 <SV = 5> <Delay = 10.5>
ST_6 : Operation 33 [3/7] (10.5ns)   --->   "%table_load_req = call i1 @_ssdm_op_ReadReq.m_axi.i16P(i16* %table_addr, i32 1)" [kociemba/search.c:25]   --->   Operation 33 'readreq' 'table_load_req' <Predicate = true> <Delay = 10.5> <Core = "m_axi">   --->   Core 9 'm_axi' <Latency = 6> <II = 1> <Delay = 1.00> <Adapter> <Opcode : 'read' 'write' 'readreq' 'writereq' 'writeresp'>

State 7 <SV = 6> <Delay = 10.5>
ST_7 : Operation 34 [2/7] (10.5ns)   --->   "%table_load_req = call i1 @_ssdm_op_ReadReq.m_axi.i16P(i16* %table_addr, i32 1)" [kociemba/search.c:25]   --->   Operation 34 'readreq' 'table_load_req' <Predicate = true> <Delay = 10.5> <Core = "m_axi">   --->   Core 9 'm_axi' <Latency = 6> <II = 1> <Delay = 1.00> <Adapter> <Opcode : 'read' 'write' 'readreq' 'writereq' 'writeresp'>

State 8 <SV = 7> <Delay = 10.5>
ST_8 : Operation 35 [1/7] (10.5ns)   --->   "%table_load_req = call i1 @_ssdm_op_ReadReq.m_axi.i16P(i16* %table_addr, i32 1)" [kociemba/search.c:25]   --->   Operation 35 'readreq' 'table_load_req' <Predicate = true> <Delay = 10.5> <Core = "m_axi">   --->   Core 9 'm_axi' <Latency = 6> <II = 1> <Delay = 1.00> <Adapter> <Opcode : 'read' 'write' 'readreq' 'writereq' 'writeresp'>

State 9 <SV = 8> <Delay = 10.5>
ST_9 : Operation 36 [1/1] (10.5ns)   --->   "%table_addr_read = call i16 @_ssdm_op_Read.m_axi.i16P(i16* %table_addr)" [kociemba/search.c:25]   --->   Operation 36 'read' 'table_addr_read' <Predicate = true> <Delay = 10.5> <Core = "m_axi">   --->   Core 9 'm_axi' <Latency = 6> <II = 1> <Delay = 1.00> <Adapter> <Opcode : 'read' 'write' 'readreq' 'writereq' 'writeresp'>

State 10 <SV = 9> <Delay = 5.01>
ST_10 : Operation 37 [1/1] (0.00ns)   --->   "call void (...)* @_ssdm_op_SpecInterface(i16* %table_r, [6 x i8]* @p_str3, i32 0, i32 0, [1 x i8]* @p_str1, i32 0, i32 541283, [9 x i8]* @p_str2, [6 x i8]* @p_str4, [1 x i8]* @p_str1, i32 16, i32 16, i32 16, i32 16, [1 x i8]* @p_str1, [1 x i8]* @p_str1)"   --->   Operation 37 'specinterface' <Predicate = true> <Delay = 0.00>
ST_10 : Operation 38 [1/1] (0.00ns)   --->   "%tmp_289 = call i4 @_ssdm_op_BitConcatenate.i4.i1.i3(i1 %tmp_288, i3 0)" [kociemba/search.c:25]   --->   Operation 38 'bitconcatenate' 'tmp_289' <Predicate = true> <Delay = 0.00>
ST_10 : Operation 39 [1/1] (0.00ns)   --->   "%tmp_283 = zext i4 %tmp_289 to i16" [kociemba/search.c:25]   --->   Operation 39 'zext' 'tmp_283' <Predicate = true> <Delay = 0.00>
ST_10 : Operation 40 [1/1] (3.98ns)   --->   "%table_load5 = lshr i16 %table_addr_read, %tmp_283" [kociemba/search.c:25]   --->   Operation 40 'lshr' 'table_load5' <Predicate = true> <Delay = 3.98> <Core = "Shift">   --->   Core 28 'Shift' <Latency = 0> <II = 1> <Delay = 3.98> <FuncUnit> <Opcode : 'shl' 'lshr' 'ashr'> <InPorts = 2> <OutPorts = 1>
ST_10 : Operation 41 [1/1] (0.00ns)   --->   "%tmp_286 = call i4 @_ssdm_op_PartSelect.i4.i16.i32.i32(i16 %table_load5, i32 4, i32 7)" [kociemba/search.c:24]   --->   Operation 41 'partselect' 'tmp_286' <Predicate = (tmp_284)> <Delay = 0.00>
ST_10 : Operation 42 [1/1] (0.00ns)   --->   "%tmp_290 = trunc i16 %table_load5 to i4" [kociemba/search.c:24]   --->   Operation 42 'trunc' 'tmp_290' <Predicate = (!tmp_284)> <Delay = 0.00>
ST_10 : Operation 43 [1/1] (1.02ns)   --->   "%res = select i1 %tmp_284, i4 %tmp_286, i4 %tmp_290" [kociemba/search.c:24]   --->   Operation 43 'select' 'res' <Predicate = true> <Delay = 1.02> <Core = "Sel">   --->   Core 26 'Sel' <Latency = 0> <II = 1> <Delay = 0.69> <FuncUnit> <Opcode : 'select'> <InPorts = 3> <OutPorts = 1>
ST_10 : Operation 44 [1/1] (0.00ns)   --->   "ret i4 %res" [kociemba/search.c:29]   --->   Operation 44 'ret' <Predicate = true> <Delay = 0.00>


============================================================
+ Verbose Summary: Binding
============================================================
STG Binding: 
---------------- STG Properties BEGIN ----------------
- Is combinational: 0
- Is one-state seq: 0
- Is datapath-only: 0
- Is pipelined: 0
- Is top level: 0
Port [ Return ] is wired: 1; IO mode=ap_ctrl_hs:ce=0
Port [ table_r]:  wired=1; compound=1; hidden=0; nouse=0; global=0; static=0; extern=0; dir=0; type=4; pingpong=0; private_global=0; IO mode=m_axi:ce=0
Port [ table_offset]:  wired=1; compound=0; hidden=0; nouse=0; global=0; static=0; extern=0; dir=0; type=0; pingpong=0; private_global=0; IO mode=ap_none:ce=0
Port [ index]:  wired=1; compound=0; hidden=0; nouse=0; global=0; static=0; extern=0; dir=0; type=0; pingpong=0; private_global=0; IO mode=ap_none:ce=0
---------------- STG Properties END ------------------

---------------- Datapath Model BEGIN ----------------

<LifeTime>
<method=bitvector/>
index_read        (read          ) [ 00000000000]
table_offset_read (read          ) [ 00000000000]
tmp_284           (trunc         ) [ 00111111111]
tmp_285           (bitselect     ) [ 00000000000]
p_neg             (sub           ) [ 00000000000]
p_lshr            (partselect    ) [ 00000000000]
tmp               (zext          ) [ 00000000000]
p_neg_t           (sub           ) [ 00000000000]
p_lshr_f          (partselect    ) [ 00000000000]
tmp_279           (zext          ) [ 00000000000]
tmp_s             (select        ) [ 00000000000]
tmp_281           (partselect    ) [ 00000000000]
tmp_282           (sext          ) [ 00000000000]
tmp_280           (zext          ) [ 00000000000]
tmp_288           (trunc         ) [ 00111111111]
sext              (zext          ) [ 00000000000]
sum               (add           ) [ 00000000000]
table_addr        (getelementptr ) [ 00111111110]
table_load_req    (readreq       ) [ 00000000000]
table_addr_read   (read          ) [ 00000000001]
StgValue_37       (specinterface ) [ 00000000000]
tmp_289           (bitconcatenate) [ 00000000000]
tmp_283           (zext          ) [ 00000000000]
table_load5       (lshr          ) [ 00000000000]
tmp_286           (partselect    ) [ 00000000000]
tmp_290           (trunc         ) [ 00000000000]
res               (select        ) [ 00000000000]
StgValue_44       (ret           ) [ 00000000000]
</LifeTime>

<model>

<comp_list>
<comp id="0" class="1000" name="table_r">
<pin_list>
<pin id="1" dir="1" index="0" bw="1" slack="0"/>
</pin_list>
<bind>
<StgValue><ssdm name="table_r"/></StgValue>
</bind>
</comp>

<comp id="2" class="1000" name="table_offset">
<pin_list>
<pin id="3" dir="1" index="0" bw="1" slack="0"/>
</pin_list>
<bind>
<StgValue><ssdm name="table_offset"/></StgValue>
</bind>
</comp>

<comp id="4" class="1000" name="index">
<pin_list>
<pin id="5" dir="1" index="0" bw="1" slack="0"/>
</pin_list>
<bind>
<StgValue><ssdm name="index"/></StgValue>
</bind>
</comp>

<comp id="6" class="1001" name="const_6">
<pin_list>
<pin id="7" dir="1" index="0" bw="1" slack="0"/>
</pin_list>
<bind>
<StgValue><ssdm name="_ssdm_op_Read.ap_auto.i32"/></StgValue>
</bind>
</comp>

<comp id="8" class="1001" name="const_8">
<pin_list>
<pin id="9" dir="1" index="0" bw="1" slack="0"/>
</pin_list>
<bind>
<StgValue><ssdm name="_ssdm_op_Read.ap_auto.i31"/></StgValue>
</bind>
</comp>

<comp id="10" class="1001" name="const_10">
<pin_list>
<pin id="11" dir="1" index="0" bw="1" slack="0"/>
</pin_list>
<bind>
<StgValue><ssdm name="_ssdm_op_BitSelect.i1.i32.i32"/></StgValue>
</bind>
</comp>

<comp id="12" class="1001" name="const_12">
<pin_list>
<pin id="13" dir="1" index="0" bw="1" slack="0"/>
</pin_list>
<bind>
<StgValue><ssdm name=""/></StgValue>
</bind>
</comp>

<comp id="14" class="1001" name="const_14">
<pin_list>
<pin id="15" dir="1" index="0" bw="1" slack="0"/>
</pin_list>
<bind>
<StgValue><ssdm name=""/></StgValue>
</bind>
</comp>

<comp id="16" class="1001" name="const_16">
<pin_list>
<pin id="17" dir="1" index="0" bw="1" slack="0"/>
</pin_list>
<bind>
<StgValue><ssdm name="_ssdm_op_PartSelect.i31.i32.i32.i32"/></StgValue>
</bind>
</comp>

<comp id="18" class="1001" name="const_18">
<pin_list>
<pin id="19" dir="1" index="0" bw="1" slack="0"/>
</pin_list>
<bind>
<StgValue><ssdm name=""/></StgValue>
</bind>
</comp>

<comp id="20" class="1001" name="const_20">
<pin_list>
<pin id="21" dir="1" index="0" bw="1" slack="0"/>
</pin_list>
<bind>
<StgValue><ssdm name="_ssdm_op_ReadReq.m_axi.i16P"/></StgValue>
</bind>
</comp>

<comp id="22" class="1001" name="const_22">
<pin_list>
<pin id="23" dir="1" index="0" bw="1" slack="0"/>
</pin_list>
<bind>
<StgValue><ssdm name="_ssdm_op_Read.m_axi.i16P"/></StgValue>
</bind>
</comp>

<comp id="24" class="1001" name="const_24">
<pin_list>
<pin id="25" dir="1" index="0" bw="1" slack="2147483647"/>
</pin_list>
<bind>
<StgValue><ssdm name="_ssdm_op_SpecInterface"/></StgValue>
</bind>
</comp>

<comp id="26" class="1001" name="const_26">
<pin_list>
<pin id="27" dir="1" index="0" bw="1" slack="2147483647"/>
</pin_list>
<bind>
<StgValue><ssdm name="p_str3"/></StgValue>
</bind>
</comp>

<comp id="28" class="1001" name="const_28">
<pin_list>
<pin id="29" dir="1" index="0" bw="1" slack="2147483647"/>
</pin_list>
<bind>
<StgValue><ssdm name="p_str1"/></StgValue>
</bind>
</comp>

<comp id="30" class="1001" name="const_30">
<pin_list>
<pin id="31" dir="1" index="0" bw="1" slack="2147483647"/>
</pin_list>
<bind>
<StgValue><ssdm name=""/></StgValue>
</bind>
</comp>

<comp id="32" class="1001" name="const_32">
<pin_list>
<pin id="33" dir="1" index="0" bw="1" slack="2147483647"/>
</pin_list>
<bind>
<StgValue><ssdm name="p_str2"/></StgValue>
</bind>
</comp>

<comp id="34" class="1001" name="const_34">
<pin_list>
<pin id="35" dir="1" index="0" bw="1" slack="2147483647"/>
</pin_list>
<bind>
<StgValue><ssdm name="p_str4"/></StgValue>
</bind>
</comp>

<comp id="36" class="1001" name="const_36">
<pin_list>
<pin id="37" dir="1" index="0" bw="1" slack="2147483647"/>
</pin_list>
<bind>
<StgValue><ssdm name=""/></StgValue>
</bind>
</comp>

<comp id="38" class="1001" name="const_38">
<pin_list>
<pin id="39" dir="1" index="0" bw="1" slack="0"/>
</pin_list>
<bind>
<StgValue><ssdm name="_ssdm_op_BitConcatenate.i4.i1.i3"/></StgValue>
</bind>
</comp>

<comp id="40" class="1001" name="const_40">
<pin_list>
<pin id="41" dir="1" index="0" bw="1" slack="0"/>
</pin_list>
<bind>
<StgValue><ssdm name=""/></StgValue>
</bind>
</comp>

<comp id="42" class="1001" name="const_42">
<pin_list>
<pin id="43" dir="1" index="0" bw="1" slack="0"/>
</pin_list>
<bind>
<StgValue><ssdm name="_ssdm_op_PartSelect.i4.i16.i32.i32"/></StgValue>
</bind>
</comp>

<comp id="44" class="1001" name="const_44">
<pin_list>
<pin id="45" dir="1" index="0" bw="1" slack="0"/>
</pin_list>
<bind>
<StgValue><ssdm name=""/></StgValue>
</bind>
</comp>

<comp id="46" class="1001" name="const_46">
<pin_list>
<pin id="47" dir="1" index="0" bw="1" slack="0"/>
</pin_list>
<bind>
<StgValue><ssdm name=""/></StgValue>
</bind>
</comp>

<comp id="48" class="1004" name="index_read_read_fu_48">
<pin_list>
<pin id="49" dir="0" index="0" bw="32" slack="0"/>
<pin id="50" dir="0" index="1" bw="32" slack="0"/>
<pin id="51" dir="1" index="2" bw="32" slack="0"/>
</pin_list>
<bind>
<opcode="read(1150) " fcode="read"/>
<opset="index_read/1 "/>
</bind>
</comp>

<comp id="54" class="1004" name="table_offset_read_read_fu_54">
<pin_list>
<pin id="55" dir="0" index="0" bw="31" slack="0"/>
<pin id="56" dir="0" index="1" bw="31" slack="0"/>
<pin id="57" dir="1" index="2" bw="31" slack="0"/>
</pin_list>
<bind>
<opcode="read(1150) " fcode="read"/>
<opset="table_offset_read/1 "/>
</bind>
</comp>

<comp id="60" class="1004" name="grp_readreq_fu_60">
<pin_list>
<pin id="61" dir="0" index="0" bw="1" slack="0"/>
<pin id="62" dir="0" index="1" bw="16" slack="1"/>
<pin id="63" dir="0" index="2" bw="1" slack="0"/>
<pin id="64" dir="1" index="3" bw="1" slack="2147483647"/>
</pin_list>
<bind>
<opcode="readreq(1154) " fcode="readreq"/>
<opset="table_load_req/2 "/>
</bind>
</comp>

<comp id="67" class="1004" name="table_addr_read_read_fu_67">
<pin_list>
<pin id="68" dir="0" index="0" bw="16" slack="0"/>
<pin id="69" dir="0" index="1" bw="16" slack="8"/>
<pin id="70" dir="1" index="2" bw="16" slack="1"/>
</pin_list>
<bind>
<opcode="read(1150) " fcode="read"/>
<opset="table_addr_read/9 "/>
</bind>
</comp>

<comp id="72" class="1004" name="tmp_284_fu_72">
<pin_list>
<pin id="73" dir="0" index="0" bw="32" slack="0"/>
<pin id="74" dir="1" index="1" bw="1" slack="9"/>
</pin_list>
<bind>
<opcode="trunc(33) " fcode="trunc"/>
<opset="tmp_284/1 "/>
</bind>
</comp>

<comp id="76" class="1004" name="tmp_285_fu_76">
<pin_list>
<pin id="77" dir="0" index="0" bw="1" slack="0"/>
<pin id="78" dir="0" index="1" bw="32" slack="0"/>
<pin id="79" dir="0" index="2" bw="6" slack="0"/>
<pin id="80" dir="1" index="3" bw="1" slack="0"/>
</pin_list>
<bind>
<opcode="bitselect(1000) " fcode="bitselect"/>
<opset="tmp_285/1 "/>
</bind>
</comp>

<comp id="84" class="1004" name="p_neg_fu_84">
<pin_list>
<pin id="85" dir="0" index="0" bw="1" slack="0"/>
<pin id="86" dir="0" index="1" bw="32" slack="0"/>
<pin id="87" dir="1" index="2" bw="32" slack="0"/>
</pin_list>
<bind>
<opcode="sub(10) " fcode="sub"/>
<opset="p_neg/1 "/>
</bind>
</comp>

<comp id="90" class="1004" name="p_lshr_fu_90">
<pin_list>
<pin id="91" dir="0" index="0" bw="31" slack="0"/>
<pin id="92" dir="0" index="1" bw="32" slack="0"/>
<pin id="93" dir="0" index="2" bw="1" slack="0"/>
<pin id="94" dir="0" index="3" bw="6" slack="0"/>
<pin id="95" dir="1" index="4" bw="31" slack="0"/>
</pin_list>
<bind>
<opcode="partselect(1002) " fcode="partselect"/>
<opset="p_lshr/1 "/>
</bind>
</comp>

<comp id="100" class="1004" name="tmp_fu_100">
<pin_list>
<pin id="101" dir="0" index="0" bw="31" slack="0"/>
<pin id="102" dir="1" index="1" bw="32" slack="0"/>
</pin_list>
<bind>
<opcode="zext(34) " fcode="zext"/>
<opset="tmp/1 "/>
</bind>
</comp>

<comp id="104" class="1004" name="p_neg_t_fu_104">
<pin_list>
<pin id="105" dir="0" index="0" bw="1" slack="0"/>
<pin id="106" dir="0" index="1" bw="31" slack="0"/>
<pin id="107" dir="1" index="2" bw="32" slack="0"/>
</pin_list>
<bind>
<opcode="sub(10) " fcode="sub"/>
<opset="p_neg_t/1 "/>
</bind>
</comp>

<comp id="110" class="1004" name="p_lshr_f_fu_110">
<pin_list>
<pin id="111" dir="0" index="0" bw="31" slack="0"/>
<pin id="112" dir="0" index="1" bw="32" slack="0"/>
<pin id="113" dir="0" index="2" bw="1" slack="0"/>
<pin id="114" dir="0" index="3" bw="6" slack="0"/>
<pin id="115" dir="1" index="4" bw="31" slack="0"/>
</pin_list>
<bind>
<opcode="partselect(1002) " fcode="partselect"/>
<opset="p_lshr_f/1 "/>
</bind>
</comp>

<comp id="120" class="1004" name="tmp_279_fu_120">
<pin_list>
<pin id="121" dir="0" index="0" bw="31" slack="0"/>
<pin id="122" dir="1" index="1" bw="32" slack="0"/>
</pin_list>
<bind>
<opcode="zext(34) " fcode="zext"/>
<opset="tmp_279/1 "/>
</bind>
</comp>

<comp id="124" class="1004" name="tmp_s_fu_124">
<pin_list>
<pin id="125" dir="0" index="0" bw="1" slack="0"/>
<pin id="126" dir="0" index="1" bw="32" slack="0"/>
<pin id="127" dir="0" index="2" bw="32" slack="0"/>
<pin id="128" dir="1" index="3" bw="32" slack="0"/>
</pin_list>
<bind>
<opcode="select(49) " fcode="select"/>
<opset="tmp_s/1 "/>
</bind>
</comp>

<comp id="132" class="1004" name="tmp_281_fu_132">
<pin_list>
<pin id="133" dir="0" index="0" bw="31" slack="0"/>
<pin id="134" dir="0" index="1" bw="32" slack="0"/>
<pin id="135" dir="0" index="2" bw="1" slack="0"/>
<pin id="136" dir="0" index="3" bw="6" slack="0"/>
<pin id="137" dir="1" index="4" bw="31" slack="0"/>
</pin_list>
<bind>
<opcode="partselect(1002) " fcode="partselect"/>
<opset="tmp_281/1 "/>
</bind>
</comp>

<comp id="142" class="1004" name="tmp_282_fu_142">
<pin_list>
<pin id="143" dir="0" index="0" bw="31" slack="0"/>
<pin id="144" dir="1" index="1" bw="63" slack="0"/>
</pin_list>
<bind>
<opcode="sext(35) " fcode="sext"/>
<opset="tmp_282/1 "/>
</bind>
</comp>

<comp id="146" class="1004" name="tmp_280_fu_146">
<pin_list>
<pin id="147" dir="0" index="0" bw="31" slack="0"/>
<pin id="148" dir="1" index="1" bw="64" slack="0"/>
</pin_list>
<bind>
<opcode="zext(34) " fcode="zext"/>
<opset="tmp_280/1 "/>
</bind>
</comp>

<comp id="150" class="1004" name="tmp_288_fu_150">
<pin_list>
<pin id="151" dir="0" index="0" bw="32" slack="0"/>
<pin id="152" dir="1" index="1" bw="1" slack="9"/>
</pin_list>
<bind>
<opcode="trunc(33) " fcode="trunc"/>
<opset="tmp_288/1 "/>
</bind>
</comp>

<comp id="154" class="1004" name="sext_fu_154">
<pin_list>
<pin id="155" dir="0" index="0" bw="31" slack="0"/>
<pin id="156" dir="1" index="1" bw="64" slack="0"/>
</pin_list>
<bind>
<opcode="zext(34) " fcode="zext"/>
<opset="sext/1 "/>
</bind>
</comp>

<comp id="158" class="1004" name="sum_fu_158">
<pin_list>
<pin id="159" dir="0" index="0" bw="63" slack="0"/>
<pin id="160" dir="0" index="1" bw="31" slack="0"/>
<pin id="161" dir="1" index="2" bw="64" slack="0"/>
</pin_list>
<bind>
<opcode="add(8) " fcode="add"/>
<opset="sum/1 "/>
</bind>
</comp>

<comp id="164" class="1004" name="table_addr_fu_164">
<pin_list>
<pin id="165" dir="0" index="0" bw="32" slack="0"/>
<pin id="166" dir="0" index="1" bw="32" slack="0"/>
<pin id="167" dir="1" index="2" bw="32" slack="1"/>
</pin_list>
<bind>
<opcode="getelementptr(29) " fcode="getelementptr"/>
<opset="table_addr/1 "/>
</bind>
</comp>

<comp id="170" class="1004" name="tmp_289_fu_170">
<pin_list>
<pin id="171" dir="0" index="0" bw="4" slack="0"/>
<pin id="172" dir="0" index="1" bw="1" slack="9"/>
<pin id="173" dir="0" index="2" bw="1" slack="0"/>
<pin id="174" dir="1" index="3" bw="4" slack="0"/>
</pin_list>
<bind>
<opcode="bitconcatenate(1004) " fcode="bitconcatenate"/>
<opset="tmp_289/10 "/>
</bind>
</comp>

<comp id="177" class="1004" name="tmp_283_fu_177">
<pin_list>
<pin id="178" dir="0" index="0" bw="4" slack="0"/>
<pin id="179" dir="1" index="1" bw="16" slack="0"/>
</pin_list>
<bind>
<opcode="zext(34) " fcode="zext"/>
<opset="tmp_283/10 "/>
</bind>
</comp>

<comp id="181" class="1004" name="table_load5_fu_181">
<pin_list>
<pin id="182" dir="0" index="0" bw="16" slack="1"/>
<pin id="183" dir="0" index="1" bw="4" slack="0"/>
<pin id="184" dir="1" index="2" bw="16" slack="0"/>
</pin_list>
<bind>
<opcode="lshr(21) " fcode="lshr"/>
<opset="table_load5/10 "/>
</bind>
</comp>

<comp id="186" class="1004" name="tmp_286_fu_186">
<pin_list>
<pin id="187" dir="0" index="0" bw="4" slack="0"/>
<pin id="188" dir="0" index="1" bw="16" slack="0"/>
<pin id="189" dir="0" index="2" bw="4" slack="0"/>
<pin id="190" dir="0" index="3" bw="4" slack="0"/>
<pin id="191" dir="1" index="4" bw="4" slack="0"/>
</pin_list>
<bind>
<opcode="partselect(1002) " fcode="partselect"/>
<opset="tmp_286/10 "/>
</bind>
</comp>

<comp id="196" class="1004" name="tmp_290_fu_196">
<pin_list>
<pin id="197" dir="0" index="0" bw="16" slack="0"/>
<pin id="198" dir="1" index="1" bw="4" slack="0"/>
</pin_list>
<bind>
<opcode="trunc(33) " fcode="trunc"/>
<opset="tmp_290/10 "/>
</bind>
</comp>

<comp id="200" class="1004" name="res_fu_200">
<pin_list>
<pin id="201" dir="0" index="0" bw="1" slack="9"/>
<pin id="202" dir="0" index="1" bw="4" slack="0"/>
<pin id="203" dir="0" index="2" bw="4" slack="0"/>
<pin id="204" dir="1" index="3" bw="4" slack="2147483647"/>
</pin_list>
<bind>
<opcode="select(49) " fcode="select"/>
<opset="res/10 "/>
</bind>
</comp>

<comp id="207" class="1005" name="tmp_284_reg_207">
<pin_list>
<pin id="208" dir="0" index="0" bw="1" slack="9"/>
<pin id="209" dir="1" index="1" bw="1" slack="9"/>
</pin_list>
<bind>
<opset="tmp_284 "/>
</bind>
</comp>

<comp id="212" class="1005" name="tmp_288_reg_212">
<pin_list>
<pin id="213" dir="0" index="0" bw="1" slack="9"/>
<pin id="214" dir="1" index="1" bw="1" slack="9"/>
</pin_list>
<bind>
<opset="tmp_288 "/>
</bind>
</comp>

<comp id="217" class="1005" name="table_addr_reg_217">
<pin_list>
<pin id="218" dir="0" index="0" bw="16" slack="1"/>
<pin id="219" dir="1" index="1" bw="16" slack="1"/>
</pin_list>
<bind>
<opset="table_addr "/>
</bind>
</comp>

<comp id="223" class="1005" name="table_addr_read_reg_223">
<pin_list>
<pin id="224" dir="0" index="0" bw="16" slack="1"/>
<pin id="225" dir="1" index="1" bw="16" slack="1"/>
</pin_list>
<bind>
<opset="table_addr_read "/>
</bind>
</comp>

</comp_list>

<net_list>
<net id="52"><net_src comp="6" pin="0"/><net_sink comp="48" pin=0"/></net>

<net id="53"><net_src comp="4" pin="0"/><net_sink comp="48" pin=1"/></net>

<net id="58"><net_src comp="8" pin="0"/><net_sink comp="54" pin=0"/></net>

<net id="59"><net_src comp="2" pin="0"/><net_sink comp="54" pin=1"/></net>

<net id="65"><net_src comp="20" pin="0"/><net_sink comp="60" pin=0"/></net>

<net id="66"><net_src comp="18" pin="0"/><net_sink comp="60" pin=2"/></net>

<net id="71"><net_src comp="22" pin="0"/><net_sink comp="67" pin=0"/></net>

<net id="75"><net_src comp="48" pin="2"/><net_sink comp="72" pin=0"/></net>

<net id="81"><net_src comp="10" pin="0"/><net_sink comp="76" pin=0"/></net>

<net id="82"><net_src comp="48" pin="2"/><net_sink comp="76" pin=1"/></net>

<net id="83"><net_src comp="12" pin="0"/><net_sink comp="76" pin=2"/></net>

<net id="88"><net_src comp="14" pin="0"/><net_sink comp="84" pin=0"/></net>

<net id="89"><net_src comp="48" pin="2"/><net_sink comp="84" pin=1"/></net>

<net id="96"><net_src comp="16" pin="0"/><net_sink comp="90" pin=0"/></net>

<net id="97"><net_src comp="84" pin="2"/><net_sink comp="90" pin=1"/></net>

<net id="98"><net_src comp="18" pin="0"/><net_sink comp="90" pin=2"/></net>

<net id="99"><net_src comp="12" pin="0"/><net_sink comp="90" pin=3"/></net>

<net id="103"><net_src comp="90" pin="4"/><net_sink comp="100" pin=0"/></net>

<net id="108"><net_src comp="14" pin="0"/><net_sink comp="104" pin=0"/></net>

<net id="109"><net_src comp="100" pin="1"/><net_sink comp="104" pin=1"/></net>

<net id="116"><net_src comp="16" pin="0"/><net_sink comp="110" pin=0"/></net>

<net id="117"><net_src comp="48" pin="2"/><net_sink comp="110" pin=1"/></net>

<net id="118"><net_src comp="18" pin="0"/><net_sink comp="110" pin=2"/></net>

<net id="119"><net_src comp="12" pin="0"/><net_sink comp="110" pin=3"/></net>

<net id="123"><net_src comp="110" pin="4"/><net_sink comp="120" pin=0"/></net>

<net id="129"><net_src comp="76" pin="3"/><net_sink comp="124" pin=0"/></net>

<net id="130"><net_src comp="104" pin="2"/><net_sink comp="124" pin=1"/></net>

<net id="131"><net_src comp="120" pin="1"/><net_sink comp="124" pin=2"/></net>

<net id="138"><net_src comp="16" pin="0"/><net_sink comp="132" pin=0"/></net>

<net id="139"><net_src comp="124" pin="3"/><net_sink comp="132" pin=1"/></net>

<net id="140"><net_src comp="18" pin="0"/><net_sink comp="132" pin=2"/></net>

<net id="141"><net_src comp="12" pin="0"/><net_sink comp="132" pin=3"/></net>

<net id="145"><net_src comp="132" pin="4"/><net_sink comp="142" pin=0"/></net>

<net id="149"><net_src comp="142" pin="1"/><net_sink comp="146" pin=0"/></net>

<net id="153"><net_src comp="124" pin="3"/><net_sink comp="150" pin=0"/></net>

<net id="157"><net_src comp="54" pin="2"/><net_sink comp="154" pin=0"/></net>

<net id="162"><net_src comp="146" pin="1"/><net_sink comp="158" pin=0"/></net>

<net id="163"><net_src comp="154" pin="1"/><net_sink comp="158" pin=1"/></net>

<net id="168"><net_src comp="0" pin="0"/><net_sink comp="164" pin=0"/></net>

<net id="169"><net_src comp="158" pin="2"/><net_sink comp="164" pin=1"/></net>

<net id="175"><net_src comp="38" pin="0"/><net_sink comp="170" pin=0"/></net>

<net id="176"><net_src comp="40" pin="0"/><net_sink comp="170" pin=2"/></net>

<net id="180"><net_src comp="170" pin="3"/><net_sink comp="177" pin=0"/></net>

<net id="185"><net_src comp="177" pin="1"/><net_sink comp="181" pin=1"/></net>

<net id="192"><net_src comp="42" pin="0"/><net_sink comp="186" pin=0"/></net>

<net id="193"><net_src comp="181" pin="2"/><net_sink comp="186" pin=1"/></net>

<net id="194"><net_src comp="44" pin="0"/><net_sink comp="186" pin=2"/></net>

<net id="195"><net_src comp="46" pin="0"/><net_sink comp="186" pin=3"/></net>

<net id="199"><net_src comp="181" pin="2"/><net_sink comp="196" pin=0"/></net>

<net id="205"><net_src comp="186" pin="4"/><net_sink comp="200" pin=1"/></net>

<net id="206"><net_src comp="196" pin="1"/><net_sink comp="200" pin=2"/></net>

<net id="210"><net_src comp="72" pin="1"/><net_sink comp="207" pin=0"/></net>

<net id="211"><net_src comp="207" pin="1"/><net_sink comp="200" pin=0"/></net>

<net id="215"><net_src comp="150" pin="1"/><net_sink comp="212" pin=0"/></net>

<net id="216"><net_src comp="212" pin="1"/><net_sink comp="170" pin=1"/></net>

<net id="220"><net_src comp="164" pin="2"/><net_sink comp="217" pin=0"/></net>

<net id="221"><net_src comp="217" pin="1"/><net_sink comp="60" pin=1"/></net>

<net id="222"><net_src comp="217" pin="1"/><net_sink comp="67" pin=1"/></net>

<net id="226"><net_src comp="67" pin="2"/><net_sink comp="223" pin=0"/></net>

<net id="227"><net_src comp="223" pin="1"/><net_sink comp="181" pin=0"/></net>

</net_list>

</model> 
---------------- Datapath Model END ------------------

* FSMD analyzer results:
  - Output states:
	Port: table_r | {}
 - Input state : 
	Port: getPruning131416 : table_r | {2 3 4 5 6 7 8 9 }
	Port: getPruning131416 : table_offset | {1 }
	Port: getPruning131416 : index | {1 }
  - Chain level:
	State 1
		p_lshr : 1
		tmp : 2
		p_neg_t : 3
		tmp_279 : 1
		tmp_s : 4
		tmp_281 : 5
		tmp_282 : 6
		tmp_280 : 7
		tmp_288 : 5
		sum : 8
		table_addr : 9
	State 2
	State 3
	State 4
	State 5
	State 6
	State 7
	State 8
	State 9
	State 10
		tmp_283 : 1
		table_load5 : 2
		tmp_286 : 3
		tmp_290 : 3
		res : 4
		StgValue_44 : 5


============================================================
+ Verbose Summary: Datapath Resource usage 
============================================================

* Functional unit list:
|----------|------------------------------|---------|---------|
| Operation|        Functional Unit       |    FF   |   LUT   |
|----------|------------------------------|---------|---------|
|    sub   |          p_neg_fu_84         |    0    |    39   |
|          |        p_neg_t_fu_104        |    0    |    38   |
|----------|------------------------------|---------|---------|
|    add   |          sum_fu_158          |    0    |    70   |
|----------|------------------------------|---------|---------|
|  select  |         tmp_s_fu_124         |    0    |    32   |
|          |          res_fu_200          |    0    |    4    |
|----------|------------------------------|---------|---------|
|   lshr   |      table_load5_fu_181      |    0    |    35   |
|----------|------------------------------|---------|---------|
|          |     index_read_read_fu_48    |    0    |    0    |
|   read   | table_offset_read_read_fu_54 |    0    |    0    |
|          |  table_addr_read_read_fu_67  |    0    |    0    |
|----------|------------------------------|---------|---------|
|  readreq |       grp_readreq_fu_60      |    0    |    0    |
|----------|------------------------------|---------|---------|
|          |         tmp_284_fu_72        |    0    |    0    |
|   trunc  |        tmp_288_fu_150        |    0    |    0    |
|          |        tmp_290_fu_196        |    0    |    0    |
|----------|------------------------------|---------|---------|
| bitselect|         tmp_285_fu_76        |    0    |    0    |
|----------|------------------------------|---------|---------|
|          |         p_lshr_fu_90         |    0    |    0    |
|partselect|        p_lshr_f_fu_110       |    0    |    0    |
|          |        tmp_281_fu_132        |    0    |    0    |
|          |        tmp_286_fu_186        |    0    |    0    |
|----------|------------------------------|---------|---------|
|          |          tmp_fu_100          |    0    |    0    |
|          |        tmp_279_fu_120        |    0    |    0    |
|   zext   |        tmp_280_fu_146        |    0    |    0    |
|          |          sext_fu_154         |    0    |    0    |
|          |        tmp_283_fu_177        |    0    |    0    |
|----------|------------------------------|---------|---------|
|   sext   |        tmp_282_fu_142        |    0    |    0    |
|----------|------------------------------|---------|---------|
|bitconcatenate|        tmp_289_fu_170        |    0    |    0    |
|----------|------------------------------|---------|---------|
|   Total  |                              |    0    |   218   |
|----------|------------------------------|---------|---------|

Memories:
N/A

* Register list:
+-----------------------+--------+
|                       |   FF   |
+-----------------------+--------+
|table_addr_read_reg_223|   16   |
|   table_addr_reg_217  |   16   |
|    tmp_284_reg_207    |    1   |
|    tmp_288_reg_212    |    1   |
+-----------------------+--------+
|         Total         |   34   |
+-----------------------+--------+

* Multiplexer (MUX) list: 
|--------|------|------|------|--------|
|  Comp  |  Pin | Size |  BW  | S x BW |
|--------|------|------|------|--------|
|  Total |      |      |      |    0   |
|--------|------|------|------|--------|



* Summary:
+-----------+--------+--------+
|           |   FF   |   LUT  |
+-----------+--------+--------+
|  Function |    0   |   218  |
|   Memory  |    -   |    -   |
|Multiplexer|    -   |    -   |
|  Register |   34   |    -   |
+-----------+--------+--------+
|   Total   |   34   |   218  |
+-----------+--------+--------+
