

================================================================
== Vivado HLS Report for 'getPruning131416'
================================================================
* Date:           Sat Mar  9 22:55:12 2019

* Version:        2018.2 (Build 2258646 on Thu Jun 14 20:25:20 MDT 2018)
* Project:        kociemba
* Solution:       solution1
* Product family: zynq
* Target device:  xc7z020clg400-1


================================================================
== Performance Estimates
================================================================
+ Timing (ns): 
    * Summary: 
    +--------+-------+----------+------------+
    |  Clock | Target| Estimated| Uncertainty|
    +--------+-------+----------+------------+
    |ap_clk  |  12.00|    10.500|        1.50|
    +--------+-------+----------+------------+

+ Latency (clock cycles): 
    * Summary: 
    +-----+-----+-----+-----+---------+
    |  Latency  |  Interval | Pipeline|
    | min | max | min | max |   Type  |
    +-----+-----+-----+-----+---------+
    |    9|    9|    9|    9|   none  |
    +-----+-----+-----+-----+---------+

    + Detail: 
        * Instance: 
        N/A

        * Loop: 
        N/A

============================================================
+ Verbose Summary: Synthesis Manager
============================================================
InlineROM: 1
ExposeGlobal: 0
============================================================
+ Verbose Summary: CDFG Model
============================================================
IsTopModel: 0
ResetActiveHigh: 1
IsCombinational: 0
IsDatapathOnly: 0
HasWiredReturn: 1
HasMFsm: 0
HasVarLatency: 1
IsPipeline: 0
IsRtlPipelined: 0
IsInstanceOverlapped: 0
IsDontTouch: 0
HasImplIP: 0
IsGatedGlobalClock: 0


============================================================
+ Verbose Summary: Schedule
============================================================
* Number of FSM states : 10
* Pipeline : 0
* Dataflow Pipeline: 0

* FSM state transitions: 
1 --> 
	2  / true
2 --> 
	3  / true
3 --> 
	4  / true
4 --> 
	5  / true
5 --> 
	6  / true
6 --> 
	7  / true
7 --> 
	8  / true
8 --> 
	9  / true
9 --> 
	10  / true
10 --> 

* FSM state operations: 

State 1 <SV = 0> <Delay = 9.26>
ST_1 : Operation 11 [1/1] (0.00ns)   --->   "%index_read = call i32 @_ssdm_op_Read.ap_auto.i32(i32 %index)"   --->   Operation 11 'read' 'index_read' <Predicate = true> <Delay = 0.00>
ST_1 : Operation 12 [1/1] (0.00ns)   --->   "%table_offset_read = call i31 @_ssdm_op_Read.ap_auto.i31(i31 %table_offset)"   --->   Operation 12 'read' 'table_offset_read' <Predicate = true> <Delay = 0.00>
ST_1 : Operation 13 [1/1] (0.00ns)   --->   "%tmp_284 = trunc i32 %index_read to i1" [kociemba/search.c:24]   --->   Operation 13 'trunc' 'tmp_284' <Predicate = true> <Delay = 0.00>
ST_1 : Operation 14 [1/1] (0.00ns)   --->   "%tmp_285 = call i1 @_ssdm_op_BitSelect.i1.i32.i32(i32 %index_read, i32 31)" [kociemba/search.c:25]   --->   Operation 14 'bitselect' 'tmp_285' <Predicate = true> <Delay = 0.00>
ST_1 : Operation 15 [1/1] (2.55ns)   --->   "%p_neg = sub i32 0, %index_read" [kociemba/search.c:25]   --->   Operation 15 'sub' 'p_neg' <Predicate = true> <Delay = 2.55> <Core = "AddSub">   --->   Core 14 'AddSub' <Latency = 0> <II = 1> <Delay = 3.49> <FuncUnit> <Opcode : 'add' 'sub'> <InPorts = 2> <OutPorts = 1>
ST_1 : Operation 16 [1/1] (0.00ns)   --->   "%p_lshr = call i31 @_ssdm_op_PartSelect.i31.i32.i32.i32(i32 %p_neg, i32 1, i32 31)" [kociemba/search.c:25]   --->   Operation 16 'partselect' 'p_lshr' <Predicate = true> <Delay = 0.00>
ST_1 : Operation 17 [1/1] (0.00ns)   --->   "%tmp = zext i31 %p_lshr to i32" [kociemba/search.c:25]   --->   Operation 17 'zext' 'tmp' <Predicate = true> <Delay = 0.00>
ST_1 : Operation 18 [1/1] (2.52ns)   --->   "%p_neg_t = sub i32 0, %tmp" [kociemba/search.c:25]   --->   Operation 18 'sub' 'p_neg_t' <Predicate = true> <Delay = 2.52> <Core = "AddSub">   --->   Core 14 'AddSub' <Latency = 0> <II = 1> <Delay = 3.49> <FuncUnit> <Opcode : 'add' 'sub'> <InPorts = 2> <OutPorts = 1>
ST_1 : Operation 19 [1/1] (0.00ns)   --->   "%p_lshr_f = call i31 @_ssdm_op_PartSelect.i31.i32.i32.i32(i32 %index_read, i32 1, i32 31)" [kociemba/search.c:25]   --->   Operation 19 'partselect' 'p_lshr_f' <Predicate = true> <Delay = 0.00>
ST_1 : Operation 20 [1/1] (0.00ns)   --->   "%tmp_279 = zext i31 %p_lshr_f to i32" [kociemba/search.c:25]   --->   Operation 20 'zext' 'tmp_279' <Predicate = true> <Delay = 0.00>
ST_1 : Operation 21 [1/1] (0.69ns)   --->   "%tmp_s = select i1 %tmp_285, i32 %p_neg_t, i32 %tmp_279" [kociemba/search.c:25]   --->   Operation 21 'select' 'tmp_s' <Predicate = true> <Delay = 0.69> <Core = "Sel">   --->   Core 26 'Sel' <Latency = 0> <II = 1> <Delay = 1.02> <FuncUnit> <Opcode : 'select'> <InPorts = 3> <OutPorts = 1>
ST_1 : Operation 22 [1/1] (0.00ns)   --->   "%tmp_281 = call i31 @_ssdm_op_PartSelect.i31.i32.i32.i32(i32 %tmp_s, i32 1, i32 31)" [kociemba/search.c:25]   --->   Operation 22 'partselect' 'tmp_281' <Predicate = true> <Delay = 0.00>
ST_1 : Operation 23 [1/1] (0.00ns)   --->   "%tmp_282 = sext i31 %tmp_281 to i63" [kociemba/search.c:25]   --->   Operation 23 'sext' 'tmp_282' <Predicate = true> <Delay = 0.00>
ST_1 : Operation 24 [1/1] (0.00ns)   --->   "%tmp_280 = zext i63 %tmp_282 to i64" [kociemba/search.c:25]   --->   Operation 24 'zext' 'tmp_280' <Predicate = true> <Delay = 0.00>
ST_1 : Operation 25 [1/1] (0.00ns)   --->   "%tmp_288 = trunc i32 %tmp_s to i1" [kociemba/search.c:25]   --->   Operation 25 'trunc' 'tmp_288' <Predicate = true> <Delay = 0.00>
ST_1 : Operation 26 [1/1] (0.00ns)   --->   "%sext = zext i31 %table_offset_read to i64"   --->   Operation 26 'zext' 'sext' <Predicate = true> <Delay = 0.00>
ST_1 : Operation 27 [1/1] (3.49ns)   --->   "%sum = add i64 %tmp_280, %sext" [kociemba/search.c:25]   --->   Operation 27 'add' 'sum' <Predicate = true> <Delay = 3.49> <Core = "AddSub">   --->   Core 14 'AddSub' <Latency = 0> <II = 1> <Delay = 3.49> <FuncUnit> <Opcode : 'add' 'sub'> <InPorts = 2> <OutPorts = 1>
ST_1 : Operation 28 [1/1] (0.00ns)   --->   "%table_addr = getelementptr i16* %table_r, i64 %sum" [kociemba/search.c:25]   --->   Operation 28 'getelementptr' 'table_addr' <Predicate = true> <Delay = 0.00>

State 2 <SV = 1> <Delay = 10.5>
ST_2 : Operation 29 [7/7] (10.5ns)   --->   "%table_load_req = call i1 @_ssdm_op_ReadReq.m_axi.i16P(i16* %table_addr, i32 1)" [kociemba/search.c:25]   --->   Operation 29 'readreq' 'table_load_req' <Predicate = true> <Delay = 10.5> <Core = "m_axi">   --->   Core 9 'm_axi' <Latency = 6> <II = 1> <Delay = 1.00> <Adapter> <Opcode : 'read' 'write' 'readreq' 'writereq' 'writeresp'>

State 3 <SV = 2> <Delay = 10.5>
ST_3 : Operation 30 [6/7] (10.5ns)   --->   "%table_load_req = call i1 @_ssdm_op_ReadReq.m_axi.i16P(i16* %table_addr, i32 1)" [kociemba/search.c:25]   --->   Operation 30 'readreq' 'table_load_req' <Predicate = true> <Delay = 10.5> <Core = "m_axi">   --->   Core 9 'm_axi' <Latency = 6> <II = 1> <Delay = 1.00> <Adapter> <Opcode : 'read' 'write' 'readreq' 'writereq' 'writeresp'>

State 4 <SV = 3> <Delay = 10.5>
ST_4 : Operation 31 [5/7] (10.5ns)   --->   "%table_load_req = call i1 @_ssdm_op_ReadReq.m_axi.i16P(i16* %table_addr, i32 1)" [kociemba/search.c:25]   --->   Operation 31 'readreq' 'table_load_req' <Predicate = true> <Delay = 10.5> <Core = "m_axi">   --->   Core 9 'm_axi' <Latency = 6> <II = 1> <Delay = 1.00> <Adapter> <Opcode : 'read' 'write' 'readreq' 'writereq' 'writeresp'>

State 5 <SV = 4> <Delay = 10.5>
ST_5 : Operation 32 [4/7] (10.5ns)   --->   "%table_load_req = call i1 @_ssdm_op_ReadReq.m_axi.i16P(i16* %table_addr, i32 1)" [kociemba/search.c:25]   --->   Operation 32 'readreq' 'table_load_req' <Predicate = true> <Delay = 10.5> <Core = "m_axi">   --->   Core 9 'm_axi' <Latency = 6> <II = 1> <Delay = 1.00> <Adapter> <Opcode : 'read' 'write' 'readreq' 'writereq' 'writeresp'>

State 6 <SV = 5> <Delay = 10.5>
ST_6 : Operation 33 [3/7] (10.5ns)   --->   "%table_load_req = call i1 @_ssdm_op_ReadReq.m_axi.i16P(i16* %table_addr, i32 1)" [kociemba/search.c:25]   --->   Operation 33 'readreq' 'table_load_req' <Predicate = true> <Delay = 10.5> <Core = "m_axi">   --->   Core 9 'm_axi' <Latency = 6> <II = 1> <Delay = 1.00> <Adapter> <Opcode : 'read' 'write' 'readreq' 'writereq' 'writeresp'>

State 7 <SV = 6> <Delay = 10.5>
ST_7 : Operation 34 [2/7] (10.5ns)   --->   "%table_load_req = call i1 @_ssdm_op_ReadReq.m_axi.i16P(i16* %table_addr, i32 1)" [kociemba/search.c:25]   --->   Operation 34 'readreq' 'table_load_req' <Predicate = true> <Delay = 10.5> <Core = "m_axi">   --->   Core 9 'm_axi' <Latency = 6> <II = 1> <Delay = 1.00> <Adapter> <Opcode : 'read' 'write' 'readreq' 'writereq' 'writeresp'>

State 8 <SV = 7> <Delay = 10.5>
ST_8 : Operation 35 [1/7] (10.5ns)   --->   "%table_load_req = call i1 @_ssdm_op_ReadReq.m_axi.i16P(i16* %table_addr, i32 1)" [kociemba/search.c:25]   --->   Operation 35 'readreq' 'table_load_req' <Predicate = true> <Delay = 10.5> <Core = "m_axi">   --->   Core 9 'm_axi' <Latency = 6> <II = 1> <Delay = 1.00> <Adapter> <Opcode : 'read' 'write' 'readreq' 'writereq' 'writeresp'>

State 9 <SV = 8> <Delay = 10.5>
ST_9 : Operation 36 [1/1] (10.5ns)   --->   "%table_addr_read = call i16 @_ssdm_op_Read.m_axi.i16P(i16* %table_addr)" [kociemba/search.c:25]   --->   Operation 36 'read' 'table_addr_read' <Predicate = true> <Delay = 10.5> <Core = "m_axi">   --->   Core 9 'm_axi' <Latency = 6> <II = 1> <Delay = 1.00> <Adapter> <Opcode : 'read' 'write' 'readreq' 'writereq' 'writeresp'>

State 10 <SV = 9> <Delay = 5.01>
ST_10 : Operation 37 [1/1] (0.00ns)   --->   "call void (...)* @_ssdm_op_SpecInterface(i16* %table_r, [6 x i8]* @p_str3, i32 0, i32 0, [1 x i8]* @p_str1, i32 0, i32 541283, [9 x i8]* @p_str2, [6 x i8]* @p_str4, [1 x i8]* @p_str1, i32 16, i32 16, i32 16, i32 16, [1 x i8]* @p_str1, [1 x i8]* @p_str1)"   --->   Operation 37 'specinterface' <Predicate = true> <Delay = 0.00>
ST_10 : Operation 38 [1/1] (0.00ns)   --->   "%tmp_289 = call i4 @_ssdm_op_BitConcatenate.i4.i1.i3(i1 %tmp_288, i3 0)" [kociemba/search.c:25]   --->   Operation 38 'bitconcatenate' 'tmp_289' <Predicate = true> <Delay = 0.00>
ST_10 : Operation 39 [1/1] (0.00ns)   --->   "%tmp_283 = zext i4 %tmp_289 to i16" [kociemba/search.c:25]   --->   Operation 39 'zext' 'tmp_283' <Predicate = true> <Delay = 0.00>
ST_10 : Operation 40 [1/1] (3.98ns)   --->   "%table_load5 = lshr i16 %table_addr_read, %tmp_283" [kociemba/search.c:25]   --->   Operation 40 'lshr' 'table_load5' <Predicate = true> <Delay = 3.98> <Core = "Shift">   --->   Core 28 'Shift' <Latency = 0> <II = 1> <Delay = 3.98> <FuncUnit> <Opcode : 'shl' 'lshr' 'ashr'> <InPorts = 2> <OutPorts = 1>
ST_10 : Operation 41 [1/1] (0.00ns)   --->   "%tmp_286 = call i4 @_ssdm_op_PartSelect.i4.i16.i32.i32(i16 %table_load5, i32 4, i32 7)" [kociemba/search.c:24]   --->   Operation 41 'partselect' 'tmp_286' <Predicate = (tmp_284)> <Delay = 0.00>
ST_10 : Operation 42 [1/1] (0.00ns)   --->   "%tmp_290 = trunc i16 %table_load5 to i4" [kociemba/search.c:24]   --->   Operation 42 'trunc' 'tmp_290' <Predicate = (!tmp_284)> <Delay = 0.00>
ST_10 : Operation 43 [1/1] (1.02ns)   --->   "%res = select i1 %tmp_284, i4 %tmp_286, i4 %tmp_290" [kociemba/search.c:24]   --->   Operation 43 'select' 'res' <Predicate = true> <Delay = 1.02> <Core = "Sel">   --->   Core 26 'Sel' <Latency = 0> <II = 1> <Delay = 1.02> <FuncUnit> <Opcode : 'select'> <InPorts = 3> <OutPorts = 1>
ST_10 : Operation 44 [1/1] (0.00ns)   --->   "ret i4 %res" [kociemba/search.c:29]   --->   Operation 44 'ret' <Predicate = true> <Delay = 0.00>


============================================================
+ Verbose Summary: Timing violations
============================================================
Target clock period: 12ns, clock uncertainty: 1.5ns.

 <State 1>: 9.27ns
The critical path consists of the following:
	wire read on port 'index' [4]  (0 ns)
	'sub' operation ('p_neg', kociemba/search.c:25) [9]  (2.55 ns)
	'sub' operation ('p_neg_t', kociemba/search.c:25) [12]  (2.52 ns)
	'select' operation ('tmp_s', kociemba/search.c:25) [15]  (0.698 ns)
	'add' operation ('sum', kociemba/search.c:25) [23]  (3.49 ns)
	'getelementptr' operation ('table_addr', kociemba/search.c:25) [24]  (0 ns)

 <State 2>: 10.5ns
The critical path consists of the following:
	bus request on port 'table_r' (kociemba/search.c:25) [25]  (10.5 ns)

 <State 3>: 10.5ns
The critical path consists of the following:
	bus request on port 'table_r' (kociemba/search.c:25) [25]  (10.5 ns)

 <State 4>: 10.5ns
The critical path consists of the following:
	bus request on port 'table_r' (kociemba/search.c:25) [25]  (10.5 ns)

 <State 5>: 10.5ns
The critical path consists of the following:
	bus request on port 'table_r' (kociemba/search.c:25) [25]  (10.5 ns)

 <State 6>: 10.5ns
The critical path consists of the following:
	bus request on port 'table_r' (kociemba/search.c:25) [25]  (10.5 ns)

 <State 7>: 10.5ns
The critical path consists of the following:
	bus request on port 'table_r' (kociemba/search.c:25) [25]  (10.5 ns)

 <State 8>: 10.5ns
The critical path consists of the following:
	bus request on port 'table_r' (kociemba/search.c:25) [25]  (10.5 ns)

 <State 9>: 10.5ns
The critical path consists of the following:
	bus read on port 'table_r' (kociemba/search.c:25) [26]  (10.5 ns)

 <State 10>: 5.01ns
The critical path consists of the following:
	'lshr' operation ('table_load5', kociemba/search.c:25) [27]  (3.99 ns)
	'select' operation ('res', kociemba/search.c:24) [30]  (1.02 ns)


============================================================
+ Verbose Summary: Binding
============================================================
N/A
* FSMD analyzer results:
  - Output states:
 - Input state : 
  - Chain level:
	State 1
	State 2
	State 3
	State 4
	State 5
	State 6
	State 7
	State 8
	State 9
	State 10


============================================================
+ Verbose Summary: Datapath Resource usage 
============================================================
N/A
