

================================================================
== Vivado HLS Report for 'getURFtoDLF'
================================================================
* Date:           Sat Mar  9 22:55:03 2019

* Version:        2018.2 (Build 2258646 on Thu Jun 14 20:25:20 MDT 2018)
* Project:        kociemba
* Solution:       solution1
* Product family: zynq
* Target device:  xc7z020clg400-1


================================================================
== Performance Estimates
================================================================
+ Timing (ns): 
    * Summary: 
    +--------+-------+----------+------------+
    |  Clock | Target| Estimated| Uncertainty|
    +--------+-------+----------+------------+
    |ap_clk  |  12.00|    10.160|        1.50|
    +--------+-------+----------+------------+

+ Latency (clock cycles): 
    * Summary: 
    +-----+-----+-----+-----+---------+
    |  Latency  |  Interval | Pipeline|
    | min | max | min | max |   Type  |
    +-----+-----+-----+-----+---------+
    |    ?|    ?|    ?|    ?|   none  |
    +-----+-----+-----+-----+---------+

    + Detail: 
        * Instance: 
        N/A

        * Loop: 
        +------------------+-----+-----+----------+-----------+-----------+-------+----------+
        |                  |  Latency  | Iteration|  Initiation Interval  |  Trip |          |
        |     Loop Name    | min | max |  Latency |  achieved |   target  | Count | Pipelined|
        +------------------+-----+-----+----------+-----------+-----------+-------+----------+
        |- memset_corner6  |    5|    5|         1|          -|          -|      6|    no    |
        |- Loop 2          |    ?|    ?|         ?|          -|          -|      8|    no    |
        | + Loop 2.1       |    ?|    ?|        37|          -|          -|      ?|    no    |
        |- Loop 3          |    ?|    ?|         ?|          -|          -|      5|    no    |
        | + Loop 3.1       |    ?|    ?|  6 ~ 14  |          -|          -|      ?|    no    |
        |  ++ Loop 3.1.1   |    2|   10|         2|          -|          -| 1 ~ 5 |    no    |
        +------------------+-----+-----+----------+-----------+-----------+-------+----------+

============================================================
+ Verbose Summary: Synthesis Manager
============================================================
InlineROM: 1
ExposeGlobal: 0
============================================================
+ Verbose Summary: CDFG Model
============================================================
IsTopModel: 0
ResetActiveHigh: 1
IsCombinational: 0
IsDatapathOnly: 0
HasWiredReturn: 1
HasMFsm: 0
HasVarLatency: 1
IsPipeline: 0
IsRtlPipelined: 0
IsInstanceOverlapped: 0
IsDontTouch: 0
HasImplIP: 0
IsGatedGlobalClock: 0


============================================================
+ Verbose Summary: Schedule
============================================================
* Number of FSM states : 50
* Pipeline : 0
* Dataflow Pipeline: 0

* FSM state transitions: 
1 --> 
	2  / true
2 --> 
	2  / (!tmp_s)
	3  / (tmp_s)
3 --> 
	4  / (!exitcond)
	43  / (exitcond)
4 --> 
	42  / (!tmp_258)
	5  / (tmp_258)
5 --> 
	6  / (!tmp_i & !exitcond_i)
	42  / (tmp_i) | (exitcond_i)
6 --> 
	7  / true
7 --> 
	8  / true
8 --> 
	9  / true
9 --> 
	10  / true
10 --> 
	11  / true
11 --> 
	12  / true
12 --> 
	13  / true
13 --> 
	14  / true
14 --> 
	15  / true
15 --> 
	16  / true
16 --> 
	17  / true
17 --> 
	18  / true
18 --> 
	19  / true
19 --> 
	20  / true
20 --> 
	21  / true
21 --> 
	22  / true
22 --> 
	23  / true
23 --> 
	24  / true
24 --> 
	25  / true
25 --> 
	26  / true
26 --> 
	27  / true
27 --> 
	28  / true
28 --> 
	29  / true
29 --> 
	30  / true
30 --> 
	31  / true
31 --> 
	32  / true
32 --> 
	33  / true
33 --> 
	34  / true
34 --> 
	35  / true
35 --> 
	36  / true
36 --> 
	37  / true
37 --> 
	38  / true
38 --> 
	39  / true
39 --> 
	40  / true
40 --> 
	41  / true
41 --> 
	5  / true
42 --> 
	3  / true
43 --> 
	50  / (tmp_259)
	44  / (!tmp_259)
44 --> 
	45  / true
45 --> 
	46  / (!tmp_263)
	49  / (tmp_263)
46 --> 
	47  / true
47 --> 
	48  / (!exitcond5)
	44  / (exitcond5)
48 --> 
	47  / true
49 --> 
	43  / true
50 --> 

* FSM state operations: 

State 1 <SV = 0> <Delay = 1.76>
ST_1 : Operation 51 [1/1] (0.00ns)   --->   "%corner6 = alloca [6 x i3], align 1" [kociemba/cubiecube.c:435]   --->   Operation 51 'alloca' 'corner6' <Predicate = true> <Delay = 0.00> <Core = "RAM">   --->   Core 37 'RAM' <Latency = 1> <II = 1> <Delay = 2.32> <Storage> <Opcode : 'load' 'store'> <Ports = 2> <Width = 3> <Depth = 6> <RAM>
ST_1 : Operation 52 [1/1] (1.76ns)   --->   "br label %meminst"   --->   Operation 52 'br' <Predicate = true> <Delay = 1.76>

State 2 <SV = 1> <Delay = 2.32>
ST_2 : Operation 53 [1/1] (0.00ns)   --->   "%invdar = phi i3 [ 0, %0 ], [ %indvarinc, %meminst ]" [kociemba/cubiecube.c:435]   --->   Operation 53 'phi' 'invdar' <Predicate = true> <Delay = 0.00>
ST_2 : Operation 54 [1/1] (1.65ns)   --->   "%indvarinc = add i3 %invdar, 1" [kociemba/cubiecube.c:435]   --->   Operation 54 'add' 'indvarinc' <Predicate = true> <Delay = 1.65> <Core = "AddSub">   --->   Core 14 'AddSub' <Latency = 0> <II = 1> <Delay = 2.55> <FuncUnit> <Opcode : 'add' 'sub'> <InPorts = 2> <OutPorts = 1>
ST_2 : Operation 55 [1/1] (0.00ns)   --->   "%tmp = zext i3 %invdar to i64" [kociemba/cubiecube.c:435]   --->   Operation 55 'zext' 'tmp' <Predicate = true> <Delay = 0.00>
ST_2 : Operation 56 [1/1] (0.00ns)   --->   "%corner6_addr = getelementptr [6 x i3]* %corner6, i64 0, i64 %tmp" [kociemba/cubiecube.c:435]   --->   Operation 56 'getelementptr' 'corner6_addr' <Predicate = true> <Delay = 0.00>
ST_2 : Operation 57 [1/1] (2.32ns)   --->   "store i3 0, i3* %corner6_addr, align 1" [kociemba/cubiecube.c:435]   --->   Operation 57 'store' <Predicate = true> <Delay = 2.32> <Core = "RAM">   --->   Core 37 'RAM' <Latency = 1> <II = 1> <Delay = 2.32> <Storage> <Opcode : 'load' 'store'> <Ports = 2> <Width = 3> <Depth = 6> <RAM>
ST_2 : Operation 58 [1/1] (1.13ns)   --->   "%tmp_s = icmp eq i3 %invdar, -3" [kociemba/cubiecube.c:435]   --->   Operation 58 'icmp' 'tmp_s' <Predicate = true> <Delay = 1.13> <Core = "Cmp">   --->   Core 25 'Cmp' <Latency = 0> <II = 1> <Delay = 1.13> <FuncUnit> <Opcode : 'icmp'> <InPorts = 2> <OutPorts = 1>
ST_2 : Operation 59 [1/1] (0.00ns)   --->   "%empty = call i32 (...)* @_ssdm_op_SpecLoopName([15 x i8]* @memset_corner6_str) nounwind"   --->   Operation 59 'specloopname' 'empty' <Predicate = true> <Delay = 0.00>
ST_2 : Operation 60 [1/1] (0.00ns)   --->   "%empty_63 = call i32 (...)* @_ssdm_op_SpecLoopTripCount(i64 6, i64 6, i64 6)"   --->   Operation 60 'speclooptripcount' 'empty_63' <Predicate = true> <Delay = 0.00>
ST_2 : Operation 61 [1/1] (0.00ns)   --->   "br i1 %tmp_s, label %.preheader2.preheader, label %meminst" [kociemba/cubiecube.c:435]   --->   Operation 61 'br' <Predicate = true> <Delay = 0.00>
ST_2 : Operation 62 [1/1] (0.00ns)   --->   "%a = alloca i32"   --->   Operation 62 'alloca' 'a' <Predicate = (tmp_s)> <Delay = 0.00>
ST_2 : Operation 63 [1/1] (0.00ns)   --->   "%x = alloca i32"   --->   Operation 63 'alloca' 'x' <Predicate = (tmp_s)> <Delay = 0.00>
ST_2 : Operation 64 [1/1] (1.76ns)   --->   "store i32 0, i32* %x"   --->   Operation 64 'store' <Predicate = (tmp_s)> <Delay = 1.76>
ST_2 : Operation 65 [1/1] (1.76ns)   --->   "store i32 0, i32* %a"   --->   Operation 65 'store' <Predicate = (tmp_s)> <Delay = 1.76>
ST_2 : Operation 66 [1/1] (1.76ns)   --->   "br label %.preheader2" [kociemba/cubiecube.c:437]   --->   Operation 66 'br' <Predicate = (tmp_s)> <Delay = 1.76>

State 3 <SV = 2> <Delay = 2.32>
ST_3 : Operation 67 [1/1] (0.00ns)   --->   "%i = phi i4 [ 0, %.preheader2.preheader ], [ %j_8, %.preheader2.backedge ]"   --->   Operation 67 'phi' 'i' <Predicate = true> <Delay = 0.00>
ST_3 : Operation 68 [1/1] (0.00ns)   --->   "%n_assign_cast3 = zext i4 %i to i32" [kociemba/cubiecube.c:437]   --->   Operation 68 'zext' 'n_assign_cast3' <Predicate = true> <Delay = 0.00>
ST_3 : Operation 69 [1/1] (1.30ns)   --->   "%exitcond = icmp eq i4 %i, -8" [kociemba/cubiecube.c:437]   --->   Operation 69 'icmp' 'exitcond' <Predicate = true> <Delay = 1.30> <Core = "Cmp">   --->   Core 25 'Cmp' <Latency = 0> <II = 1> <Delay = 1.13> <FuncUnit> <Opcode : 'icmp'> <InPorts = 2> <OutPorts = 1>
ST_3 : Operation 70 [1/1] (0.00ns)   --->   "%empty_64 = call i32 (...)* @_ssdm_op_SpecLoopTripCount(i64 8, i64 8, i64 8)"   --->   Operation 70 'speclooptripcount' 'empty_64' <Predicate = true> <Delay = 0.00>
ST_3 : Operation 71 [1/1] (1.73ns)   --->   "%j_8 = add i4 %i, 1" [kociemba/cubiecube.c:437]   --->   Operation 71 'add' 'j_8' <Predicate = true> <Delay = 1.73> <Core = "AddSub">   --->   Core 14 'AddSub' <Latency = 0> <II = 1> <Delay = 2.55> <FuncUnit> <Opcode : 'add' 'sub'> <InPorts = 2> <OutPorts = 1>
ST_3 : Operation 72 [1/1] (0.00ns)   --->   "br i1 %exitcond, label %.preheader1.preheader, label %1" [kociemba/cubiecube.c:437]   --->   Operation 72 'br' <Predicate = true> <Delay = 0.00>
ST_3 : Operation 73 [1/1] (0.00ns)   --->   "%tmp_257 = zext i4 %i to i64" [kociemba/cubiecube.c:438]   --->   Operation 73 'zext' 'tmp_257' <Predicate = (!exitcond)> <Delay = 0.00>
ST_3 : Operation 74 [1/1] (0.00ns)   --->   "%cubiecube_0_cp_addr = getelementptr [8 x i3]* %cubiecube_0_cp, i64 0, i64 %tmp_257" [kociemba/cubiecube.c:438]   --->   Operation 74 'getelementptr' 'cubiecube_0_cp_addr' <Predicate = (!exitcond)> <Delay = 0.00>
ST_3 : Operation 75 [2/2] (2.32ns)   --->   "%cubiecube_0_cp_load = load i3* %cubiecube_0_cp_addr, align 1" [kociemba/cubiecube.c:438]   --->   Operation 75 'load' 'cubiecube_0_cp_load' <Predicate = (!exitcond)> <Delay = 2.32> <Core = "RAM">   --->   Core 37 'RAM' <Latency = 1> <II = 1> <Delay = 2.32> <Storage> <Opcode : 'load' 'store'> <Ports = 2> <Width = 3> <Depth = 6> <RAM>
ST_3 : Operation 76 [1/1] (0.00ns)   --->   "%corner6_addr_2 = getelementptr [6 x i3]* %corner6, i64 0, i64 0"   --->   Operation 76 'getelementptr' 'corner6_addr_2' <Predicate = (exitcond)> <Delay = 0.00>
ST_3 : Operation 77 [1/1] (1.76ns)   --->   "br label %.preheader1" [kociemba/cubiecube.c:443]   --->   Operation 77 'br' <Predicate = (exitcond)> <Delay = 1.76>

State 4 <SV = 3> <Delay = 7.65>
ST_4 : Operation 78 [1/2] (2.32ns)   --->   "%cubiecube_0_cp_load = load i3* %cubiecube_0_cp_addr, align 1" [kociemba/cubiecube.c:438]   --->   Operation 78 'load' 'cubiecube_0_cp_load' <Predicate = true> <Delay = 2.32> <Core = "RAM">   --->   Core 37 'RAM' <Latency = 1> <II = 1> <Delay = 2.32> <Storage> <Opcode : 'load' 'store'> <Ports = 2> <Width = 3> <Depth = 6> <RAM>
ST_4 : Operation 79 [1/1] (1.13ns)   --->   "%tmp_258 = icmp ult i3 %cubiecube_0_cp_load, -2" [kociemba/cubiecube.c:438]   --->   Operation 79 'icmp' 'tmp_258' <Predicate = true> <Delay = 1.13> <Core = "Cmp">   --->   Core 25 'Cmp' <Latency = 0> <II = 1> <Delay = 1.13> <FuncUnit> <Opcode : 'icmp'> <InPorts = 2> <OutPorts = 1>
ST_4 : Operation 80 [1/1] (0.00ns)   --->   "br i1 %tmp_258, label %2, label %.preheader2.backedge" [kociemba/cubiecube.c:438]   --->   Operation 80 'br' <Predicate = true> <Delay = 0.00>
ST_4 : Operation 81 [1/1] (0.00ns)   --->   "%x_load = load i32* %x" [kociemba/cubiecube.c:439]   --->   Operation 81 'load' 'x_load' <Predicate = (tmp_258)> <Delay = 0.00>
ST_4 : Operation 82 [1/1] (2.55ns)   --->   "%x_3 = add nsw i32 %x_load, 1" [kociemba/cubiecube.c:439]   --->   Operation 82 'add' 'x_3' <Predicate = (tmp_258)> <Delay = 2.55> <Core = "AddSub">   --->   Core 14 'AddSub' <Latency = 0> <II = 1> <Delay = 2.55> <FuncUnit> <Opcode : 'add' 'sub'> <InPorts = 2> <OutPorts = 1>
ST_4 : Operation 83 [1/1] (2.47ns)   --->   "%tmp_i = icmp slt i32 %n_assign_cast3, %x_3" [kociemba/cubiecube.c:149->kociemba/cubiecube.c:439]   --->   Operation 83 'icmp' 'tmp_i' <Predicate = (tmp_258)> <Delay = 2.47> <Core = "Cmp">   --->   Core 25 'Cmp' <Latency = 0> <II = 1> <Delay = 1.13> <FuncUnit> <Opcode : 'icmp'> <InPorts = 2> <OutPorts = 1>
ST_4 : Operation 84 [1/1] (1.76ns)   --->   "br i1 %tmp_i, label %Cnk.exit, label %3" [kociemba/cubiecube.c:149->kociemba/cubiecube.c:439]   --->   Operation 84 'br' <Predicate = (tmp_258)> <Delay = 1.76>
ST_4 : Operation 85 [1/1] (0.00ns)   --->   "%p_lshr_f_i_cast = call i2 @_ssdm_op_PartSelect.i2.i4.i32.i32(i4 %i, i32 1, i32 2)" [kociemba/cubiecube.c:151->kociemba/cubiecube.c:439]   --->   Operation 85 'partselect' 'p_lshr_f_i_cast' <Predicate = (tmp_258 & !tmp_i)> <Delay = 0.00>
ST_4 : Operation 86 [1/1] (0.00ns)   --->   "%tmp_i_cast = zext i2 %p_lshr_f_i_cast to i32" [kociemba/cubiecube.c:151->kociemba/cubiecube.c:439]   --->   Operation 86 'zext' 'tmp_i_cast' <Predicate = (tmp_258 & !tmp_i)> <Delay = 0.00>
ST_4 : Operation 87 [1/1] (2.47ns)   --->   "%tmp_363_i = icmp slt i32 %tmp_i_cast, %x_3" [kociemba/cubiecube.c:151->kociemba/cubiecube.c:439]   --->   Operation 87 'icmp' 'tmp_363_i' <Predicate = (tmp_258 & !tmp_i)> <Delay = 2.47> <Core = "Cmp">   --->   Core 25 'Cmp' <Latency = 0> <II = 1> <Delay = 1.13> <FuncUnit> <Opcode : 'icmp'> <InPorts = 2> <OutPorts = 1>
ST_4 : Operation 88 [1/1] (2.55ns)   --->   "%k_assign_2 = sub nsw i32 %n_assign_cast3, %x_3" [kociemba/cubiecube.c:152->kociemba/cubiecube.c:439]   --->   Operation 88 'sub' 'k_assign_2' <Predicate = (tmp_258 & !tmp_i)> <Delay = 2.55> <Core = "AddSub">   --->   Core 14 'AddSub' <Latency = 0> <II = 1> <Delay = 2.55> <FuncUnit> <Opcode : 'add' 'sub'> <InPorts = 2> <OutPorts = 1>
ST_4 : Operation 89 [1/1] (0.00ns) (grouped into LUT with out node tmp_364_i)   --->   "%p_k_i = select i1 %tmp_363_i, i32 %k_assign_2, i32 %x_3" [kociemba/cubiecube.c:151->kociemba/cubiecube.c:439]   --->   Operation 89 'select' 'p_k_i' <Predicate = (tmp_258 & !tmp_i)> <Delay = 0.00> <Core = "Sel">   --->   Core 26 'Sel' <Latency = 0> <II = 1> <Delay = 0.69> <FuncUnit> <Opcode : 'select'> <InPorts = 3> <OutPorts = 1>
ST_4 : Operation 90 [1/1] (2.55ns) (out node of the LUT)   --->   "%tmp_364_i = add i32 %p_k_i, 1" [kociemba/cubiecube.c:153->kociemba/cubiecube.c:439]   --->   Operation 90 'add' 'tmp_364_i' <Predicate = (tmp_258 & !tmp_i)> <Delay = 2.55> <Core = "AddSub">   --->   Core 14 'AddSub' <Latency = 0> <II = 1> <Delay = 2.55> <FuncUnit> <Opcode : 'add' 'sub'> <InPorts = 2> <OutPorts = 1>
ST_4 : Operation 91 [1/1] (1.76ns)   --->   "br label %4" [kociemba/cubiecube.c:153->kociemba/cubiecube.c:439]   --->   Operation 91 'br' <Predicate = (tmp_258 & !tmp_i)> <Delay = 1.76>

State 5 <SV = 4> <Delay = 8.51>
ST_5 : Operation 92 [1/1] (0.00ns)   --->   "%j_i = phi i32 [ 1, %3 ], [ %j_9, %5 ]"   --->   Operation 92 'phi' 'j_i' <Predicate = (!tmp_i)> <Delay = 0.00>
ST_5 : Operation 93 [1/1] (0.00ns)   --->   "%i_i = phi i32 [ %n_assign_cast3, %3 ], [ %i_21, %5 ]"   --->   Operation 93 'phi' 'i_i' <Predicate = (!tmp_i)> <Delay = 0.00>
ST_5 : Operation 94 [1/1] (0.00ns)   --->   "%s_i = phi i32 [ 1, %3 ], [ %s_3, %5 ]"   --->   Operation 94 'phi' 's_i' <Predicate = (!tmp_i)> <Delay = 0.00>
ST_5 : Operation 95 [1/1] (2.47ns)   --->   "%exitcond_i = icmp eq i32 %j_i, %tmp_364_i" [kociemba/cubiecube.c:153->kociemba/cubiecube.c:439]   --->   Operation 95 'icmp' 'exitcond_i' <Predicate = (!tmp_i)> <Delay = 2.47> <Core = "Cmp">   --->   Core 25 'Cmp' <Latency = 0> <II = 1> <Delay = 1.13> <FuncUnit> <Opcode : 'icmp'> <InPorts = 2> <OutPorts = 1>
ST_5 : Operation 96 [1/1] (0.00ns)   --->   "br i1 %exitcond_i, label %Cnk.exit.loopexit, label %5" [kociemba/cubiecube.c:153->kociemba/cubiecube.c:439]   --->   Operation 96 'br' <Predicate = (!tmp_i)> <Delay = 0.00>
ST_5 : Operation 97 [1/1] (8.51ns)   --->   "%s = mul nsw i32 %s_i, %i_i" [kociemba/cubiecube.c:154->kociemba/cubiecube.c:439]   --->   Operation 97 'mul' 's' <Predicate = (!tmp_i & !exitcond_i)> <Delay = 8.51> <Core = "Mul">   --->   Core 16 'Mul' <Latency = 0> <II = 1> <Delay = 8.51> <FuncUnit> <Opcode : 'mul'> <InPorts = 2> <OutPorts = 1>
ST_5 : Operation 98 [1/1] (2.55ns)   --->   "%i_21 = add nsw i32 %i_i, -1" [kociemba/cubiecube.c:153->kociemba/cubiecube.c:439]   --->   Operation 98 'add' 'i_21' <Predicate = (!tmp_i & !exitcond_i)> <Delay = 2.55> <Core = "AddSub">   --->   Core 14 'AddSub' <Latency = 0> <II = 1> <Delay = 2.55> <FuncUnit> <Opcode : 'add' 'sub'> <InPorts = 2> <OutPorts = 1>
ST_5 : Operation 99 [1/1] (1.76ns)   --->   "br label %Cnk.exit"   --->   Operation 99 'br' <Predicate = (!tmp_i & exitcond_i)> <Delay = 1.76>
ST_5 : Operation 100 [1/1] (0.00ns)   --->   "%x_load_2 = load i32* %x" [kociemba/cubiecube.c:440]   --->   Operation 100 'load' 'x_load_2' <Predicate = (tmp_i) | (exitcond_i)> <Delay = 0.00>
ST_5 : Operation 101 [1/1] (0.00ns)   --->   "%tmp_266 = sext i32 %x_load_2 to i64" [kociemba/cubiecube.c:440]   --->   Operation 101 'sext' 'tmp_266' <Predicate = (tmp_i) | (exitcond_i)> <Delay = 0.00>
ST_5 : Operation 102 [1/1] (0.00ns)   --->   "%corner6_addr_3 = getelementptr inbounds [6 x i3]* %corner6, i64 0, i64 %tmp_266" [kociemba/cubiecube.c:440]   --->   Operation 102 'getelementptr' 'corner6_addr_3' <Predicate = (tmp_i) | (exitcond_i)> <Delay = 0.00>
ST_5 : Operation 103 [1/1] (2.32ns)   --->   "store i3 %cubiecube_0_cp_load, i3* %corner6_addr_3, align 1" [kociemba/cubiecube.c:440]   --->   Operation 103 'store' <Predicate = (tmp_i) | (exitcond_i)> <Delay = 2.32> <Core = "RAM">   --->   Core 37 'RAM' <Latency = 1> <II = 1> <Delay = 2.32> <Storage> <Opcode : 'load' 'store'> <Ports = 2> <Width = 3> <Depth = 6> <RAM>
ST_5 : Operation 104 [1/1] (1.76ns)   --->   "store i32 %x_3, i32* %x" [kociemba/cubiecube.c:440]   --->   Operation 104 'store' <Predicate = (tmp_i) | (exitcond_i)> <Delay = 1.76>

State 6 <SV = 5> <Delay = 4.13>
ST_6 : Operation 105 [36/36] (4.13ns)   --->   "%s_3 = sdiv i32 %s, %j_i" [kociemba/cubiecube.c:155->kociemba/cubiecube.c:439]   --->   Operation 105 'sdiv' 's_3' <Predicate = true> <Delay = 4.13> <Core = "DivnS_SEQ">   --->   Core 24 'DivnS_SEQ' <Latency = 35> <II = 32> <Delay = 4.13> <FuncUnit> <Opcode : 'sdiv' 'srem' 'udiv' 'urem'> <InPorts = 2> <OutPorts = 1>
ST_6 : Operation 106 [1/1] (2.55ns)   --->   "%j_9 = add nsw i32 %j_i, 1" [kociemba/cubiecube.c:153->kociemba/cubiecube.c:439]   --->   Operation 106 'add' 'j_9' <Predicate = true> <Delay = 2.55> <Core = "AddSub">   --->   Core 14 'AddSub' <Latency = 0> <II = 1> <Delay = 2.55> <FuncUnit> <Opcode : 'add' 'sub'> <InPorts = 2> <OutPorts = 1>

State 7 <SV = 6> <Delay = 4.13>
ST_7 : Operation 107 [35/36] (4.13ns)   --->   "%s_3 = sdiv i32 %s, %j_i" [kociemba/cubiecube.c:155->kociemba/cubiecube.c:439]   --->   Operation 107 'sdiv' 's_3' <Predicate = true> <Delay = 4.13> <Core = "DivnS_SEQ">   --->   Core 24 'DivnS_SEQ' <Latency = 35> <II = 32> <Delay = 4.13> <FuncUnit> <Opcode : 'sdiv' 'srem' 'udiv' 'urem'> <InPorts = 2> <OutPorts = 1>

State 8 <SV = 7> <Delay = 4.13>
ST_8 : Operation 108 [34/36] (4.13ns)   --->   "%s_3 = sdiv i32 %s, %j_i" [kociemba/cubiecube.c:155->kociemba/cubiecube.c:439]   --->   Operation 108 'sdiv' 's_3' <Predicate = true> <Delay = 4.13> <Core = "DivnS_SEQ">   --->   Core 24 'DivnS_SEQ' <Latency = 35> <II = 32> <Delay = 4.13> <FuncUnit> <Opcode : 'sdiv' 'srem' 'udiv' 'urem'> <InPorts = 2> <OutPorts = 1>

State 9 <SV = 8> <Delay = 4.13>
ST_9 : Operation 109 [33/36] (4.13ns)   --->   "%s_3 = sdiv i32 %s, %j_i" [kociemba/cubiecube.c:155->kociemba/cubiecube.c:439]   --->   Operation 109 'sdiv' 's_3' <Predicate = true> <Delay = 4.13> <Core = "DivnS_SEQ">   --->   Core 24 'DivnS_SEQ' <Latency = 35> <II = 32> <Delay = 4.13> <FuncUnit> <Opcode : 'sdiv' 'srem' 'udiv' 'urem'> <InPorts = 2> <OutPorts = 1>

State 10 <SV = 9> <Delay = 4.13>
ST_10 : Operation 110 [32/36] (4.13ns)   --->   "%s_3 = sdiv i32 %s, %j_i" [kociemba/cubiecube.c:155->kociemba/cubiecube.c:439]   --->   Operation 110 'sdiv' 's_3' <Predicate = true> <Delay = 4.13> <Core = "DivnS_SEQ">   --->   Core 24 'DivnS_SEQ' <Latency = 35> <II = 32> <Delay = 4.13> <FuncUnit> <Opcode : 'sdiv' 'srem' 'udiv' 'urem'> <InPorts = 2> <OutPorts = 1>

State 11 <SV = 10> <Delay = 4.13>
ST_11 : Operation 111 [31/36] (4.13ns)   --->   "%s_3 = sdiv i32 %s, %j_i" [kociemba/cubiecube.c:155->kociemba/cubiecube.c:439]   --->   Operation 111 'sdiv' 's_3' <Predicate = true> <Delay = 4.13> <Core = "DivnS_SEQ">   --->   Core 24 'DivnS_SEQ' <Latency = 35> <II = 32> <Delay = 4.13> <FuncUnit> <Opcode : 'sdiv' 'srem' 'udiv' 'urem'> <InPorts = 2> <OutPorts = 1>

State 12 <SV = 11> <Delay = 4.13>
ST_12 : Operation 112 [30/36] (4.13ns)   --->   "%s_3 = sdiv i32 %s, %j_i" [kociemba/cubiecube.c:155->kociemba/cubiecube.c:439]   --->   Operation 112 'sdiv' 's_3' <Predicate = true> <Delay = 4.13> <Core = "DivnS_SEQ">   --->   Core 24 'DivnS_SEQ' <Latency = 35> <II = 32> <Delay = 4.13> <FuncUnit> <Opcode : 'sdiv' 'srem' 'udiv' 'urem'> <InPorts = 2> <OutPorts = 1>

State 13 <SV = 12> <Delay = 4.13>
ST_13 : Operation 113 [29/36] (4.13ns)   --->   "%s_3 = sdiv i32 %s, %j_i" [kociemba/cubiecube.c:155->kociemba/cubiecube.c:439]   --->   Operation 113 'sdiv' 's_3' <Predicate = true> <Delay = 4.13> <Core = "DivnS_SEQ">   --->   Core 24 'DivnS_SEQ' <Latency = 35> <II = 32> <Delay = 4.13> <FuncUnit> <Opcode : 'sdiv' 'srem' 'udiv' 'urem'> <InPorts = 2> <OutPorts = 1>

State 14 <SV = 13> <Delay = 4.13>
ST_14 : Operation 114 [28/36] (4.13ns)   --->   "%s_3 = sdiv i32 %s, %j_i" [kociemba/cubiecube.c:155->kociemba/cubiecube.c:439]   --->   Operation 114 'sdiv' 's_3' <Predicate = true> <Delay = 4.13> <Core = "DivnS_SEQ">   --->   Core 24 'DivnS_SEQ' <Latency = 35> <II = 32> <Delay = 4.13> <FuncUnit> <Opcode : 'sdiv' 'srem' 'udiv' 'urem'> <InPorts = 2> <OutPorts = 1>

State 15 <SV = 14> <Delay = 4.13>
ST_15 : Operation 115 [27/36] (4.13ns)   --->   "%s_3 = sdiv i32 %s, %j_i" [kociemba/cubiecube.c:155->kociemba/cubiecube.c:439]   --->   Operation 115 'sdiv' 's_3' <Predicate = true> <Delay = 4.13> <Core = "DivnS_SEQ">   --->   Core 24 'DivnS_SEQ' <Latency = 35> <II = 32> <Delay = 4.13> <FuncUnit> <Opcode : 'sdiv' 'srem' 'udiv' 'urem'> <InPorts = 2> <OutPorts = 1>

State 16 <SV = 15> <Delay = 4.13>
ST_16 : Operation 116 [26/36] (4.13ns)   --->   "%s_3 = sdiv i32 %s, %j_i" [kociemba/cubiecube.c:155->kociemba/cubiecube.c:439]   --->   Operation 116 'sdiv' 's_3' <Predicate = true> <Delay = 4.13> <Core = "DivnS_SEQ">   --->   Core 24 'DivnS_SEQ' <Latency = 35> <II = 32> <Delay = 4.13> <FuncUnit> <Opcode : 'sdiv' 'srem' 'udiv' 'urem'> <InPorts = 2> <OutPorts = 1>

State 17 <SV = 16> <Delay = 4.13>
ST_17 : Operation 117 [25/36] (4.13ns)   --->   "%s_3 = sdiv i32 %s, %j_i" [kociemba/cubiecube.c:155->kociemba/cubiecube.c:439]   --->   Operation 117 'sdiv' 's_3' <Predicate = true> <Delay = 4.13> <Core = "DivnS_SEQ">   --->   Core 24 'DivnS_SEQ' <Latency = 35> <II = 32> <Delay = 4.13> <FuncUnit> <Opcode : 'sdiv' 'srem' 'udiv' 'urem'> <InPorts = 2> <OutPorts = 1>

State 18 <SV = 17> <Delay = 4.13>
ST_18 : Operation 118 [24/36] (4.13ns)   --->   "%s_3 = sdiv i32 %s, %j_i" [kociemba/cubiecube.c:155->kociemba/cubiecube.c:439]   --->   Operation 118 'sdiv' 's_3' <Predicate = true> <Delay = 4.13> <Core = "DivnS_SEQ">   --->   Core 24 'DivnS_SEQ' <Latency = 35> <II = 32> <Delay = 4.13> <FuncUnit> <Opcode : 'sdiv' 'srem' 'udiv' 'urem'> <InPorts = 2> <OutPorts = 1>

State 19 <SV = 18> <Delay = 4.13>
ST_19 : Operation 119 [23/36] (4.13ns)   --->   "%s_3 = sdiv i32 %s, %j_i" [kociemba/cubiecube.c:155->kociemba/cubiecube.c:439]   --->   Operation 119 'sdiv' 's_3' <Predicate = true> <Delay = 4.13> <Core = "DivnS_SEQ">   --->   Core 24 'DivnS_SEQ' <Latency = 35> <II = 32> <Delay = 4.13> <FuncUnit> <Opcode : 'sdiv' 'srem' 'udiv' 'urem'> <InPorts = 2> <OutPorts = 1>

State 20 <SV = 19> <Delay = 4.13>
ST_20 : Operation 120 [22/36] (4.13ns)   --->   "%s_3 = sdiv i32 %s, %j_i" [kociemba/cubiecube.c:155->kociemba/cubiecube.c:439]   --->   Operation 120 'sdiv' 's_3' <Predicate = true> <Delay = 4.13> <Core = "DivnS_SEQ">   --->   Core 24 'DivnS_SEQ' <Latency = 35> <II = 32> <Delay = 4.13> <FuncUnit> <Opcode : 'sdiv' 'srem' 'udiv' 'urem'> <InPorts = 2> <OutPorts = 1>

State 21 <SV = 20> <Delay = 4.13>
ST_21 : Operation 121 [21/36] (4.13ns)   --->   "%s_3 = sdiv i32 %s, %j_i" [kociemba/cubiecube.c:155->kociemba/cubiecube.c:439]   --->   Operation 121 'sdiv' 's_3' <Predicate = true> <Delay = 4.13> <Core = "DivnS_SEQ">   --->   Core 24 'DivnS_SEQ' <Latency = 35> <II = 32> <Delay = 4.13> <FuncUnit> <Opcode : 'sdiv' 'srem' 'udiv' 'urem'> <InPorts = 2> <OutPorts = 1>

State 22 <SV = 21> <Delay = 4.13>
ST_22 : Operation 122 [20/36] (4.13ns)   --->   "%s_3 = sdiv i32 %s, %j_i" [kociemba/cubiecube.c:155->kociemba/cubiecube.c:439]   --->   Operation 122 'sdiv' 's_3' <Predicate = true> <Delay = 4.13> <Core = "DivnS_SEQ">   --->   Core 24 'DivnS_SEQ' <Latency = 35> <II = 32> <Delay = 4.13> <FuncUnit> <Opcode : 'sdiv' 'srem' 'udiv' 'urem'> <InPorts = 2> <OutPorts = 1>

State 23 <SV = 22> <Delay = 4.13>
ST_23 : Operation 123 [19/36] (4.13ns)   --->   "%s_3 = sdiv i32 %s, %j_i" [kociemba/cubiecube.c:155->kociemba/cubiecube.c:439]   --->   Operation 123 'sdiv' 's_3' <Predicate = true> <Delay = 4.13> <Core = "DivnS_SEQ">   --->   Core 24 'DivnS_SEQ' <Latency = 35> <II = 32> <Delay = 4.13> <FuncUnit> <Opcode : 'sdiv' 'srem' 'udiv' 'urem'> <InPorts = 2> <OutPorts = 1>

State 24 <SV = 23> <Delay = 4.13>
ST_24 : Operation 124 [18/36] (4.13ns)   --->   "%s_3 = sdiv i32 %s, %j_i" [kociemba/cubiecube.c:155->kociemba/cubiecube.c:439]   --->   Operation 124 'sdiv' 's_3' <Predicate = true> <Delay = 4.13> <Core = "DivnS_SEQ">   --->   Core 24 'DivnS_SEQ' <Latency = 35> <II = 32> <Delay = 4.13> <FuncUnit> <Opcode : 'sdiv' 'srem' 'udiv' 'urem'> <InPorts = 2> <OutPorts = 1>

State 25 <SV = 24> <Delay = 4.13>
ST_25 : Operation 125 [17/36] (4.13ns)   --->   "%s_3 = sdiv i32 %s, %j_i" [kociemba/cubiecube.c:155->kociemba/cubiecube.c:439]   --->   Operation 125 'sdiv' 's_3' <Predicate = true> <Delay = 4.13> <Core = "DivnS_SEQ">   --->   Core 24 'DivnS_SEQ' <Latency = 35> <II = 32> <Delay = 4.13> <FuncUnit> <Opcode : 'sdiv' 'srem' 'udiv' 'urem'> <InPorts = 2> <OutPorts = 1>

State 26 <SV = 25> <Delay = 4.13>
ST_26 : Operation 126 [16/36] (4.13ns)   --->   "%s_3 = sdiv i32 %s, %j_i" [kociemba/cubiecube.c:155->kociemba/cubiecube.c:439]   --->   Operation 126 'sdiv' 's_3' <Predicate = true> <Delay = 4.13> <Core = "DivnS_SEQ">   --->   Core 24 'DivnS_SEQ' <Latency = 35> <II = 32> <Delay = 4.13> <FuncUnit> <Opcode : 'sdiv' 'srem' 'udiv' 'urem'> <InPorts = 2> <OutPorts = 1>

State 27 <SV = 26> <Delay = 4.13>
ST_27 : Operation 127 [15/36] (4.13ns)   --->   "%s_3 = sdiv i32 %s, %j_i" [kociemba/cubiecube.c:155->kociemba/cubiecube.c:439]   --->   Operation 127 'sdiv' 's_3' <Predicate = true> <Delay = 4.13> <Core = "DivnS_SEQ">   --->   Core 24 'DivnS_SEQ' <Latency = 35> <II = 32> <Delay = 4.13> <FuncUnit> <Opcode : 'sdiv' 'srem' 'udiv' 'urem'> <InPorts = 2> <OutPorts = 1>

State 28 <SV = 27> <Delay = 4.13>
ST_28 : Operation 128 [14/36] (4.13ns)   --->   "%s_3 = sdiv i32 %s, %j_i" [kociemba/cubiecube.c:155->kociemba/cubiecube.c:439]   --->   Operation 128 'sdiv' 's_3' <Predicate = true> <Delay = 4.13> <Core = "DivnS_SEQ">   --->   Core 24 'DivnS_SEQ' <Latency = 35> <II = 32> <Delay = 4.13> <FuncUnit> <Opcode : 'sdiv' 'srem' 'udiv' 'urem'> <InPorts = 2> <OutPorts = 1>

State 29 <SV = 28> <Delay = 4.13>
ST_29 : Operation 129 [13/36] (4.13ns)   --->   "%s_3 = sdiv i32 %s, %j_i" [kociemba/cubiecube.c:155->kociemba/cubiecube.c:439]   --->   Operation 129 'sdiv' 's_3' <Predicate = true> <Delay = 4.13> <Core = "DivnS_SEQ">   --->   Core 24 'DivnS_SEQ' <Latency = 35> <II = 32> <Delay = 4.13> <FuncUnit> <Opcode : 'sdiv' 'srem' 'udiv' 'urem'> <InPorts = 2> <OutPorts = 1>

State 30 <SV = 29> <Delay = 4.13>
ST_30 : Operation 130 [12/36] (4.13ns)   --->   "%s_3 = sdiv i32 %s, %j_i" [kociemba/cubiecube.c:155->kociemba/cubiecube.c:439]   --->   Operation 130 'sdiv' 's_3' <Predicate = true> <Delay = 4.13> <Core = "DivnS_SEQ">   --->   Core 24 'DivnS_SEQ' <Latency = 35> <II = 32> <Delay = 4.13> <FuncUnit> <Opcode : 'sdiv' 'srem' 'udiv' 'urem'> <InPorts = 2> <OutPorts = 1>

State 31 <SV = 30> <Delay = 4.13>
ST_31 : Operation 131 [11/36] (4.13ns)   --->   "%s_3 = sdiv i32 %s, %j_i" [kociemba/cubiecube.c:155->kociemba/cubiecube.c:439]   --->   Operation 131 'sdiv' 's_3' <Predicate = true> <Delay = 4.13> <Core = "DivnS_SEQ">   --->   Core 24 'DivnS_SEQ' <Latency = 35> <II = 32> <Delay = 4.13> <FuncUnit> <Opcode : 'sdiv' 'srem' 'udiv' 'urem'> <InPorts = 2> <OutPorts = 1>

State 32 <SV = 31> <Delay = 4.13>
ST_32 : Operation 132 [10/36] (4.13ns)   --->   "%s_3 = sdiv i32 %s, %j_i" [kociemba/cubiecube.c:155->kociemba/cubiecube.c:439]   --->   Operation 132 'sdiv' 's_3' <Predicate = true> <Delay = 4.13> <Core = "DivnS_SEQ">   --->   Core 24 'DivnS_SEQ' <Latency = 35> <II = 32> <Delay = 4.13> <FuncUnit> <Opcode : 'sdiv' 'srem' 'udiv' 'urem'> <InPorts = 2> <OutPorts = 1>

State 33 <SV = 32> <Delay = 4.13>
ST_33 : Operation 133 [9/36] (4.13ns)   --->   "%s_3 = sdiv i32 %s, %j_i" [kociemba/cubiecube.c:155->kociemba/cubiecube.c:439]   --->   Operation 133 'sdiv' 's_3' <Predicate = true> <Delay = 4.13> <Core = "DivnS_SEQ">   --->   Core 24 'DivnS_SEQ' <Latency = 35> <II = 32> <Delay = 4.13> <FuncUnit> <Opcode : 'sdiv' 'srem' 'udiv' 'urem'> <InPorts = 2> <OutPorts = 1>

State 34 <SV = 33> <Delay = 4.13>
ST_34 : Operation 134 [8/36] (4.13ns)   --->   "%s_3 = sdiv i32 %s, %j_i" [kociemba/cubiecube.c:155->kociemba/cubiecube.c:439]   --->   Operation 134 'sdiv' 's_3' <Predicate = true> <Delay = 4.13> <Core = "DivnS_SEQ">   --->   Core 24 'DivnS_SEQ' <Latency = 35> <II = 32> <Delay = 4.13> <FuncUnit> <Opcode : 'sdiv' 'srem' 'udiv' 'urem'> <InPorts = 2> <OutPorts = 1>

State 35 <SV = 34> <Delay = 4.13>
ST_35 : Operation 135 [7/36] (4.13ns)   --->   "%s_3 = sdiv i32 %s, %j_i" [kociemba/cubiecube.c:155->kociemba/cubiecube.c:439]   --->   Operation 135 'sdiv' 's_3' <Predicate = true> <Delay = 4.13> <Core = "DivnS_SEQ">   --->   Core 24 'DivnS_SEQ' <Latency = 35> <II = 32> <Delay = 4.13> <FuncUnit> <Opcode : 'sdiv' 'srem' 'udiv' 'urem'> <InPorts = 2> <OutPorts = 1>

State 36 <SV = 35> <Delay = 4.13>
ST_36 : Operation 136 [6/36] (4.13ns)   --->   "%s_3 = sdiv i32 %s, %j_i" [kociemba/cubiecube.c:155->kociemba/cubiecube.c:439]   --->   Operation 136 'sdiv' 's_3' <Predicate = true> <Delay = 4.13> <Core = "DivnS_SEQ">   --->   Core 24 'DivnS_SEQ' <Latency = 35> <II = 32> <Delay = 4.13> <FuncUnit> <Opcode : 'sdiv' 'srem' 'udiv' 'urem'> <InPorts = 2> <OutPorts = 1>

State 37 <SV = 36> <Delay = 4.13>
ST_37 : Operation 137 [5/36] (4.13ns)   --->   "%s_3 = sdiv i32 %s, %j_i" [kociemba/cubiecube.c:155->kociemba/cubiecube.c:439]   --->   Operation 137 'sdiv' 's_3' <Predicate = true> <Delay = 4.13> <Core = "DivnS_SEQ">   --->   Core 24 'DivnS_SEQ' <Latency = 35> <II = 32> <Delay = 4.13> <FuncUnit> <Opcode : 'sdiv' 'srem' 'udiv' 'urem'> <InPorts = 2> <OutPorts = 1>

State 38 <SV = 37> <Delay = 4.13>
ST_38 : Operation 138 [4/36] (4.13ns)   --->   "%s_3 = sdiv i32 %s, %j_i" [kociemba/cubiecube.c:155->kociemba/cubiecube.c:439]   --->   Operation 138 'sdiv' 's_3' <Predicate = true> <Delay = 4.13> <Core = "DivnS_SEQ">   --->   Core 24 'DivnS_SEQ' <Latency = 35> <II = 32> <Delay = 4.13> <FuncUnit> <Opcode : 'sdiv' 'srem' 'udiv' 'urem'> <InPorts = 2> <OutPorts = 1>

State 39 <SV = 38> <Delay = 4.13>
ST_39 : Operation 139 [3/36] (4.13ns)   --->   "%s_3 = sdiv i32 %s, %j_i" [kociemba/cubiecube.c:155->kociemba/cubiecube.c:439]   --->   Operation 139 'sdiv' 's_3' <Predicate = true> <Delay = 4.13> <Core = "DivnS_SEQ">   --->   Core 24 'DivnS_SEQ' <Latency = 35> <II = 32> <Delay = 4.13> <FuncUnit> <Opcode : 'sdiv' 'srem' 'udiv' 'urem'> <InPorts = 2> <OutPorts = 1>

State 40 <SV = 39> <Delay = 4.13>
ST_40 : Operation 140 [2/36] (4.13ns)   --->   "%s_3 = sdiv i32 %s, %j_i" [kociemba/cubiecube.c:155->kociemba/cubiecube.c:439]   --->   Operation 140 'sdiv' 's_3' <Predicate = true> <Delay = 4.13> <Core = "DivnS_SEQ">   --->   Core 24 'DivnS_SEQ' <Latency = 35> <II = 32> <Delay = 4.13> <FuncUnit> <Opcode : 'sdiv' 'srem' 'udiv' 'urem'> <InPorts = 2> <OutPorts = 1>

State 41 <SV = 40> <Delay = 4.13>
ST_41 : Operation 141 [1/36] (4.13ns)   --->   "%s_3 = sdiv i32 %s, %j_i" [kociemba/cubiecube.c:155->kociemba/cubiecube.c:439]   --->   Operation 141 'sdiv' 's_3' <Predicate = true> <Delay = 4.13> <Core = "DivnS_SEQ">   --->   Core 24 'DivnS_SEQ' <Latency = 35> <II = 32> <Delay = 4.13> <FuncUnit> <Opcode : 'sdiv' 'srem' 'udiv' 'urem'> <InPorts = 2> <OutPorts = 1>
ST_41 : Operation 142 [1/1] (0.00ns)   --->   "br label %4" [kociemba/cubiecube.c:153->kociemba/cubiecube.c:439]   --->   Operation 142 'br' <Predicate = true> <Delay = 0.00>

State 42 <SV = 5> <Delay = 4.32>
ST_42 : Operation 143 [1/1] (0.00ns) (grouped into LUT with out node a_2)   --->   "%p_0_i = phi i32 [ 0, %2 ], [ %s_i, %Cnk.exit.loopexit ]" [kociemba/cubiecube.c:155->kociemba/cubiecube.c:439]   --->   Operation 143 'phi' 'p_0_i' <Predicate = (tmp_258)> <Delay = 0.00>
ST_42 : Operation 144 [1/1] (0.00ns)   --->   "%a_load_2 = load i32* %a" [kociemba/cubiecube.c:439]   --->   Operation 144 'load' 'a_load_2' <Predicate = (tmp_258)> <Delay = 0.00>
ST_42 : Operation 145 [1/1] (2.55ns) (out node of the LUT)   --->   "%a_2 = add nsw i32 %p_0_i, %a_load_2" [kociemba/cubiecube.c:439]   --->   Operation 145 'add' 'a_2' <Predicate = (tmp_258)> <Delay = 2.55> <Core = "AddSub">   --->   Core 14 'AddSub' <Latency = 0> <II = 1> <Delay = 2.55> <FuncUnit> <Opcode : 'add' 'sub'> <InPorts = 2> <OutPorts = 1>
ST_42 : Operation 146 [1/1] (1.76ns)   --->   "store i32 %a_2, i32* %a" [kociemba/cubiecube.c:439]   --->   Operation 146 'store' <Predicate = (tmp_258)> <Delay = 1.76>
ST_42 : Operation 147 [1/1] (0.00ns)   --->   "br label %.preheader2.backedge" [kociemba/cubiecube.c:441]   --->   Operation 147 'br' <Predicate = (tmp_258)> <Delay = 0.00>
ST_42 : Operation 148 [1/1] (0.00ns)   --->   "br label %.preheader2"   --->   Operation 148 'br' <Predicate = true> <Delay = 0.00>

State 43 <SV = 3> <Delay = 8.51>
ST_43 : Operation 149 [1/1] (0.00ns)   --->   "%r_assign = phi i3 [ %j, %9 ], [ -3, %.preheader1.preheader ]"   --->   Operation 149 'phi' 'r_assign' <Predicate = true> <Delay = 0.00>
ST_43 : Operation 150 [1/1] (0.00ns)   --->   "%b = phi i32 [ %b_2, %9 ], [ 0, %.preheader1.preheader ]"   --->   Operation 150 'phi' 'b' <Predicate = true> <Delay = 0.00>
ST_43 : Operation 151 [1/1] (1.13ns)   --->   "%tmp_259 = icmp eq i3 %r_assign, 0" [kociemba/cubiecube.c:443]   --->   Operation 151 'icmp' 'tmp_259' <Predicate = true> <Delay = 1.13> <Core = "Cmp">   --->   Core 25 'Cmp' <Latency = 0> <II = 1> <Delay = 1.13> <FuncUnit> <Opcode : 'icmp'> <InPorts = 2> <OutPorts = 1>
ST_43 : Operation 152 [1/1] (0.00ns)   --->   "%empty_65 = call i32 (...)* @_ssdm_op_SpecLoopTripCount(i64 5, i64 5, i64 5)"   --->   Operation 152 'speclooptripcount' 'empty_65' <Predicate = true> <Delay = 0.00>
ST_43 : Operation 153 [1/1] (0.00ns)   --->   "br i1 %tmp_259, label %10, label %.preheader.preheader" [kociemba/cubiecube.c:443]   --->   Operation 153 'br' <Predicate = true> <Delay = 0.00>
ST_43 : Operation 154 [1/1] (0.00ns)   --->   "%tmp_262 = zext i3 %r_assign to i64" [kociemba/cubiecube.c:447]   --->   Operation 154 'zext' 'tmp_262' <Predicate = (!tmp_259)> <Delay = 0.00>
ST_43 : Operation 155 [1/1] (0.00ns)   --->   "%corner6_addr_1 = getelementptr inbounds [6 x i3]* %corner6, i64 0, i64 %tmp_262" [kociemba/cubiecube.c:447]   --->   Operation 155 'getelementptr' 'corner6_addr_1' <Predicate = (!tmp_259)> <Delay = 0.00>
ST_43 : Operation 156 [1/1] (1.76ns)   --->   "br label %.preheader" [kociemba/cubiecube.c:447]   --->   Operation 156 'br' <Predicate = (!tmp_259)> <Delay = 1.76>
ST_43 : Operation 157 [1/1] (0.00ns)   --->   "%a_load = load i32* %a" [kociemba/cubiecube.c:453]   --->   Operation 157 'load' 'a_load' <Predicate = (tmp_259)> <Delay = 0.00>
ST_43 : Operation 158 [1/1] (8.51ns)   --->   "%tmp_260 = mul nsw i32 720, %a_load" [kociemba/cubiecube.c:453]   --->   Operation 158 'mul' 'tmp_260' <Predicate = (tmp_259)> <Delay = 8.51> <Core = "Mul">   --->   Core 16 'Mul' <Latency = 0> <II = 1> <Delay = 8.51> <FuncUnit> <Opcode : 'mul'> <InPorts = 2> <OutPorts = 1>

State 44 <SV = 4> <Delay = 2.32>
ST_44 : Operation 159 [2/2] (2.32ns)   --->   "%corner6_load = load i3* %corner6_addr_1, align 1" [kociemba/cubiecube.c:447]   --->   Operation 159 'load' 'corner6_load' <Predicate = true> <Delay = 2.32> <Core = "RAM">   --->   Core 37 'RAM' <Latency = 1> <II = 1> <Delay = 2.32> <Storage> <Opcode : 'load' 'store'> <Ports = 2> <Width = 3> <Depth = 6> <RAM>

State 45 <SV = 5> <Delay = 10.1>
ST_45 : Operation 160 [1/1] (0.00ns)   --->   "%k = phi i32 [ %k_2, %rotateLeft_corner.exit ], [ 0, %.preheader.preheader ]"   --->   Operation 160 'phi' 'k' <Predicate = true> <Delay = 0.00>
ST_45 : Operation 161 [1/2] (2.32ns)   --->   "%corner6_load = load i3* %corner6_addr_1, align 1" [kociemba/cubiecube.c:447]   --->   Operation 161 'load' 'corner6_load' <Predicate = true> <Delay = 2.32> <Core = "RAM">   --->   Core 37 'RAM' <Latency = 1> <II = 1> <Delay = 2.32> <Storage> <Opcode : 'load' 'store'> <Ports = 2> <Width = 3> <Depth = 6> <RAM>
ST_45 : Operation 162 [1/1] (1.13ns)   --->   "%tmp_263 = icmp eq i3 %corner6_load, %r_assign" [kociemba/cubiecube.c:447]   --->   Operation 162 'icmp' 'tmp_263' <Predicate = true> <Delay = 1.13> <Core = "Cmp">   --->   Core 25 'Cmp' <Latency = 0> <II = 1> <Delay = 1.13> <FuncUnit> <Opcode : 'icmp'> <InPorts = 2> <OutPorts = 1>
ST_45 : Operation 163 [1/1] (2.55ns)   --->   "%k_2 = add nsw i32 %k, 1" [kociemba/cubiecube.c:449]   --->   Operation 163 'add' 'k_2' <Predicate = true> <Delay = 2.55> <Core = "AddSub">   --->   Core 14 'AddSub' <Latency = 0> <II = 1> <Delay = 2.55> <FuncUnit> <Opcode : 'add' 'sub'> <InPorts = 2> <OutPorts = 1>
ST_45 : Operation 164 [1/1] (0.00ns)   --->   "br i1 %tmp_263, label %9, label %6" [kociemba/cubiecube.c:447]   --->   Operation 164 'br' <Predicate = true> <Delay = 0.00>
ST_45 : Operation 165 [2/2] (2.32ns)   --->   "%temp = load i3* %corner6_addr_2, align 1" [kociemba/cubiecube.c:164->kociemba/cubiecube.c:448]   --->   Operation 165 'load' 'temp' <Predicate = (!tmp_263)> <Delay = 2.32> <Core = "RAM">   --->   Core 37 'RAM' <Latency = 1> <II = 1> <Delay = 2.32> <Storage> <Opcode : 'load' 'store'> <Ports = 2> <Width = 3> <Depth = 6> <RAM>
ST_45 : Operation 166 [1/1] (1.65ns)   --->   "%tmp_264 = add i3 %r_assign, 1" [kociemba/cubiecube.c:451]   --->   Operation 166 'add' 'tmp_264' <Predicate = (tmp_263)> <Delay = 1.65> <Core = "AddSub">   --->   Core 14 'AddSub' <Latency = 0> <II = 1> <Delay = 2.55> <FuncUnit> <Opcode : 'add' 'sub'> <InPorts = 2> <OutPorts = 1>
ST_45 : Operation 167 [1/1] (0.00ns)   --->   "%tmp_304_cast = zext i3 %tmp_264 to i32" [kociemba/cubiecube.c:451]   --->   Operation 167 'zext' 'tmp_304_cast' <Predicate = (tmp_263)> <Delay = 0.00>
ST_45 : Operation 168 [1/1] (8.51ns)   --->   "%tmp_265 = mul nsw i32 %tmp_304_cast, %b" [kociemba/cubiecube.c:451]   --->   Operation 168 'mul' 'tmp_265' <Predicate = (tmp_263)> <Delay = 8.51> <Core = "Mul">   --->   Core 16 'Mul' <Latency = 0> <II = 1> <Delay = 8.51> <FuncUnit> <Opcode : 'mul'> <InPorts = 2> <OutPorts = 1>

State 46 <SV = 6> <Delay = 2.32>
ST_46 : Operation 169 [1/2] (2.32ns)   --->   "%temp = load i3* %corner6_addr_2, align 1" [kociemba/cubiecube.c:164->kociemba/cubiecube.c:448]   --->   Operation 169 'load' 'temp' <Predicate = true> <Delay = 2.32> <Core = "RAM">   --->   Core 37 'RAM' <Latency = 1> <II = 1> <Delay = 2.32> <Storage> <Opcode : 'load' 'store'> <Ports = 2> <Width = 3> <Depth = 6> <RAM>
ST_46 : Operation 170 [1/1] (1.76ns)   --->   "br label %7" [kociemba/cubiecube.c:165->kociemba/cubiecube.c:448]   --->   Operation 170 'br' <Predicate = true> <Delay = 1.76>

State 47 <SV = 7> <Delay = 3.97>
ST_47 : Operation 171 [1/1] (0.00ns)   --->   "%i_i2 = phi i3 [ 0, %6 ], [ %i_22, %8 ]"   --->   Operation 171 'phi' 'i_i2' <Predicate = true> <Delay = 0.00>
ST_47 : Operation 172 [1/1] (0.00ns)   --->   "%empty_66 = call i32 (...)* @_ssdm_op_SpecLoopTripCount(i64 1, i64 5, i64 0)"   --->   Operation 172 'speclooptripcount' 'empty_66' <Predicate = true> <Delay = 0.00>
ST_47 : Operation 173 [1/1] (1.13ns)   --->   "%exitcond5 = icmp eq i3 %i_i2, %r_assign" [kociemba/cubiecube.c:165->kociemba/cubiecube.c:448]   --->   Operation 173 'icmp' 'exitcond5' <Predicate = true> <Delay = 1.13> <Core = "Cmp">   --->   Core 25 'Cmp' <Latency = 0> <II = 1> <Delay = 1.13> <FuncUnit> <Opcode : 'icmp'> <InPorts = 2> <OutPorts = 1>
ST_47 : Operation 174 [1/1] (1.65ns)   --->   "%i_22 = add i3 %i_i2, 1" [kociemba/cubiecube.c:166->kociemba/cubiecube.c:448]   --->   Operation 174 'add' 'i_22' <Predicate = true> <Delay = 1.65> <Core = "AddSub">   --->   Core 14 'AddSub' <Latency = 0> <II = 1> <Delay = 2.55> <FuncUnit> <Opcode : 'add' 'sub'> <InPorts = 2> <OutPorts = 1>
ST_47 : Operation 175 [1/1] (0.00ns)   --->   "br i1 %exitcond5, label %rotateLeft_corner.exit, label %8" [kociemba/cubiecube.c:165->kociemba/cubiecube.c:448]   --->   Operation 175 'br' <Predicate = true> <Delay = 0.00>
ST_47 : Operation 176 [1/1] (0.00ns)   --->   "%tmp_i4 = zext i3 %i_22 to i64" [kociemba/cubiecube.c:166->kociemba/cubiecube.c:448]   --->   Operation 176 'zext' 'tmp_i4' <Predicate = (!exitcond5)> <Delay = 0.00>
ST_47 : Operation 177 [1/1] (0.00ns)   --->   "%corner6_addr_4 = getelementptr [6 x i3]* %corner6, i64 0, i64 %tmp_i4" [kociemba/cubiecube.c:166->kociemba/cubiecube.c:448]   --->   Operation 177 'getelementptr' 'corner6_addr_4' <Predicate = (!exitcond5)> <Delay = 0.00>
ST_47 : Operation 178 [2/2] (2.32ns)   --->   "%corner6_load_2 = load i3* %corner6_addr_4, align 1" [kociemba/cubiecube.c:166->kociemba/cubiecube.c:448]   --->   Operation 178 'load' 'corner6_load_2' <Predicate = (!exitcond5)> <Delay = 2.32> <Core = "RAM">   --->   Core 37 'RAM' <Latency = 1> <II = 1> <Delay = 2.32> <Storage> <Opcode : 'load' 'store'> <Ports = 2> <Width = 3> <Depth = 6> <RAM>
ST_47 : Operation 179 [1/1] (2.32ns)   --->   "store i3 %temp, i3* %corner6_addr_1, align 1" [kociemba/cubiecube.c:167->kociemba/cubiecube.c:448]   --->   Operation 179 'store' <Predicate = (exitcond5)> <Delay = 2.32> <Core = "RAM">   --->   Core 37 'RAM' <Latency = 1> <II = 1> <Delay = 2.32> <Storage> <Opcode : 'load' 'store'> <Ports = 2> <Width = 3> <Depth = 6> <RAM>
ST_47 : Operation 180 [1/1] (0.00ns)   --->   "br label %.preheader" [kociemba/cubiecube.c:450]   --->   Operation 180 'br' <Predicate = (exitcond5)> <Delay = 0.00>

State 48 <SV = 8> <Delay = 4.64>
ST_48 : Operation 181 [1/2] (2.32ns)   --->   "%corner6_load_2 = load i3* %corner6_addr_4, align 1" [kociemba/cubiecube.c:166->kociemba/cubiecube.c:448]   --->   Operation 181 'load' 'corner6_load_2' <Predicate = true> <Delay = 2.32> <Core = "RAM">   --->   Core 37 'RAM' <Latency = 1> <II = 1> <Delay = 2.32> <Storage> <Opcode : 'load' 'store'> <Ports = 2> <Width = 3> <Depth = 6> <RAM>
ST_48 : Operation 182 [1/1] (0.00ns)   --->   "%tmp_287_i = zext i3 %i_i2 to i64" [kociemba/cubiecube.c:166->kociemba/cubiecube.c:448]   --->   Operation 182 'zext' 'tmp_287_i' <Predicate = true> <Delay = 0.00>
ST_48 : Operation 183 [1/1] (0.00ns)   --->   "%corner6_addr_5 = getelementptr [6 x i3]* %corner6, i64 0, i64 %tmp_287_i" [kociemba/cubiecube.c:166->kociemba/cubiecube.c:448]   --->   Operation 183 'getelementptr' 'corner6_addr_5' <Predicate = true> <Delay = 0.00>
ST_48 : Operation 184 [1/1] (2.32ns)   --->   "store i3 %corner6_load_2, i3* %corner6_addr_5, align 1" [kociemba/cubiecube.c:166->kociemba/cubiecube.c:448]   --->   Operation 184 'store' <Predicate = true> <Delay = 2.32> <Core = "RAM">   --->   Core 37 'RAM' <Latency = 1> <II = 1> <Delay = 2.32> <Storage> <Opcode : 'load' 'store'> <Ports = 2> <Width = 3> <Depth = 6> <RAM>
ST_48 : Operation 185 [1/1] (0.00ns)   --->   "br label %7" [kociemba/cubiecube.c:165->kociemba/cubiecube.c:448]   --->   Operation 185 'br' <Predicate = true> <Delay = 0.00>

State 49 <SV = 6> <Delay = 2.55>
ST_49 : Operation 186 [1/1] (2.55ns)   --->   "%b_2 = add nsw i32 %k, %tmp_265" [kociemba/cubiecube.c:451]   --->   Operation 186 'add' 'b_2' <Predicate = true> <Delay = 2.55> <Core = "AddSub">   --->   Core 14 'AddSub' <Latency = 0> <II = 1> <Delay = 2.55> <FuncUnit> <Opcode : 'add' 'sub'> <InPorts = 2> <OutPorts = 1>
ST_49 : Operation 187 [1/1] (1.65ns)   --->   "%j = add i3 %r_assign, -1" [kociemba/cubiecube.c:443]   --->   Operation 187 'add' 'j' <Predicate = true> <Delay = 1.65> <Core = "AddSub">   --->   Core 14 'AddSub' <Latency = 0> <II = 1> <Delay = 2.55> <FuncUnit> <Opcode : 'add' 'sub'> <InPorts = 2> <OutPorts = 1>
ST_49 : Operation 188 [1/1] (0.00ns)   --->   "br label %.preheader1" [kociemba/cubiecube.c:443]   --->   Operation 188 'br' <Predicate = true> <Delay = 0.00>

State 50 <SV = 4> <Delay = 2.55>
ST_50 : Operation 189 [1/1] (2.55ns)   --->   "%tmp_261 = add nsw i32 %b, %tmp_260" [kociemba/cubiecube.c:453]   --->   Operation 189 'add' 'tmp_261' <Predicate = true> <Delay = 2.55> <Core = "AddSub">   --->   Core 14 'AddSub' <Latency = 0> <II = 1> <Delay = 2.55> <FuncUnit> <Opcode : 'add' 'sub'> <InPorts = 2> <OutPorts = 1>
ST_50 : Operation 190 [1/1] (0.00ns)   --->   "%tmp_268 = trunc i32 %tmp_261 to i16" [kociemba/cubiecube.c:453]   --->   Operation 190 'trunc' 'tmp_268' <Predicate = true> <Delay = 0.00>
ST_50 : Operation 191 [1/1] (0.00ns)   --->   "ret i16 %tmp_268" [kociemba/cubiecube.c:453]   --->   Operation 191 'ret' <Predicate = true> <Delay = 0.00>


============================================================
+ Verbose Summary: Timing violations
============================================================
Target clock period: 12ns, clock uncertainty: 1.5ns.

 <State 1>: 1.77ns
The critical path consists of the following:
	multiplexor before 'phi' operation ('invdar', kociemba/cubiecube.c:435) with incoming values : ('indvarinc', kociemba/cubiecube.c:435) [5]  (1.77 ns)

 <State 2>: 2.32ns
The critical path consists of the following:
	'phi' operation ('invdar', kociemba/cubiecube.c:435) with incoming values : ('indvarinc', kociemba/cubiecube.c:435) [5]  (0 ns)
	'getelementptr' operation ('corner6_addr', kociemba/cubiecube.c:435) [8]  (0 ns)
	'store' operation (kociemba/cubiecube.c:435) of constant 0 on array 'corner6', kociemba/cubiecube.c:435 [9]  (2.32 ns)

 <State 3>: 2.32ns
The critical path consists of the following:
	'phi' operation ('j') with incoming values : ('j', kociemba/cubiecube.c:437) [21]  (0 ns)
	'getelementptr' operation ('cubiecube_0_cp_addr', kociemba/cubiecube.c:438) [29]  (0 ns)
	'load' operation ('cubiecube_0_cp_load', kociemba/cubiecube.c:438) on array 'cubiecube_0_cp' [30]  (2.32 ns)

 <State 4>: 7.66ns
The critical path consists of the following:
	'load' operation ('x_load', kociemba/cubiecube.c:439) on local variable 'x' [34]  (0 ns)
	'add' operation ('k', kociemba/cubiecube.c:439) [35]  (2.55 ns)
	'sub' operation ('k', kociemba/cubiecube.c:152->kociemba/cubiecube.c:439) [42]  (2.55 ns)
	'select' operation ('p_k_i', kociemba/cubiecube.c:151->kociemba/cubiecube.c:439) [43]  (0 ns)
	'add' operation ('tmp_364_i', kociemba/cubiecube.c:153->kociemba/cubiecube.c:439) [44]  (2.55 ns)

 <State 5>: 8.51ns
The critical path consists of the following:
	'phi' operation ('i') with incoming values : ('n_assign_cast3', kociemba/cubiecube.c:437) ('i', kociemba/cubiecube.c:153->kociemba/cubiecube.c:439) [48]  (0 ns)
	'mul' operation ('s', kociemba/cubiecube.c:154->kociemba/cubiecube.c:439) [53]  (8.51 ns)

 <State 6>: 4.13ns
The critical path consists of the following:
	'sdiv' operation ('s', kociemba/cubiecube.c:155->kociemba/cubiecube.c:439) [54]  (4.13 ns)

 <State 7>: 4.13ns
The critical path consists of the following:
	'sdiv' operation ('s', kociemba/cubiecube.c:155->kociemba/cubiecube.c:439) [54]  (4.13 ns)

 <State 8>: 4.13ns
The critical path consists of the following:
	'sdiv' operation ('s', kociemba/cubiecube.c:155->kociemba/cubiecube.c:439) [54]  (4.13 ns)

 <State 9>: 4.13ns
The critical path consists of the following:
	'sdiv' operation ('s', kociemba/cubiecube.c:155->kociemba/cubiecube.c:439) [54]  (4.13 ns)

 <State 10>: 4.13ns
The critical path consists of the following:
	'sdiv' operation ('s', kociemba/cubiecube.c:155->kociemba/cubiecube.c:439) [54]  (4.13 ns)

 <State 11>: 4.13ns
The critical path consists of the following:
	'sdiv' operation ('s', kociemba/cubiecube.c:155->kociemba/cubiecube.c:439) [54]  (4.13 ns)

 <State 12>: 4.13ns
The critical path consists of the following:
	'sdiv' operation ('s', kociemba/cubiecube.c:155->kociemba/cubiecube.c:439) [54]  (4.13 ns)

 <State 13>: 4.13ns
The critical path consists of the following:
	'sdiv' operation ('s', kociemba/cubiecube.c:155->kociemba/cubiecube.c:439) [54]  (4.13 ns)

 <State 14>: 4.13ns
The critical path consists of the following:
	'sdiv' operation ('s', kociemba/cubiecube.c:155->kociemba/cubiecube.c:439) [54]  (4.13 ns)

 <State 15>: 4.13ns
The critical path consists of the following:
	'sdiv' operation ('s', kociemba/cubiecube.c:155->kociemba/cubiecube.c:439) [54]  (4.13 ns)

 <State 16>: 4.13ns
The critical path consists of the following:
	'sdiv' operation ('s', kociemba/cubiecube.c:155->kociemba/cubiecube.c:439) [54]  (4.13 ns)

 <State 17>: 4.13ns
The critical path consists of the following:
	'sdiv' operation ('s', kociemba/cubiecube.c:155->kociemba/cubiecube.c:439) [54]  (4.13 ns)

 <State 18>: 4.13ns
The critical path consists of the following:
	'sdiv' operation ('s', kociemba/cubiecube.c:155->kociemba/cubiecube.c:439) [54]  (4.13 ns)

 <State 19>: 4.13ns
The critical path consists of the following:
	'sdiv' operation ('s', kociemba/cubiecube.c:155->kociemba/cubiecube.c:439) [54]  (4.13 ns)

 <State 20>: 4.13ns
The critical path consists of the following:
	'sdiv' operation ('s', kociemba/cubiecube.c:155->kociemba/cubiecube.c:439) [54]  (4.13 ns)

 <State 21>: 4.13ns
The critical path consists of the following:
	'sdiv' operation ('s', kociemba/cubiecube.c:155->kociemba/cubiecube.c:439) [54]  (4.13 ns)

 <State 22>: 4.13ns
The critical path consists of the following:
	'sdiv' operation ('s', kociemba/cubiecube.c:155->kociemba/cubiecube.c:439) [54]  (4.13 ns)

 <State 23>: 4.13ns
The critical path consists of the following:
	'sdiv' operation ('s', kociemba/cubiecube.c:155->kociemba/cubiecube.c:439) [54]  (4.13 ns)

 <State 24>: 4.13ns
The critical path consists of the following:
	'sdiv' operation ('s', kociemba/cubiecube.c:155->kociemba/cubiecube.c:439) [54]  (4.13 ns)

 <State 25>: 4.13ns
The critical path consists of the following:
	'sdiv' operation ('s', kociemba/cubiecube.c:155->kociemba/cubiecube.c:439) [54]  (4.13 ns)

 <State 26>: 4.13ns
The critical path consists of the following:
	'sdiv' operation ('s', kociemba/cubiecube.c:155->kociemba/cubiecube.c:439) [54]  (4.13 ns)

 <State 27>: 4.13ns
The critical path consists of the following:
	'sdiv' operation ('s', kociemba/cubiecube.c:155->kociemba/cubiecube.c:439) [54]  (4.13 ns)

 <State 28>: 4.13ns
The critical path consists of the following:
	'sdiv' operation ('s', kociemba/cubiecube.c:155->kociemba/cubiecube.c:439) [54]  (4.13 ns)

 <State 29>: 4.13ns
The critical path consists of the following:
	'sdiv' operation ('s', kociemba/cubiecube.c:155->kociemba/cubiecube.c:439) [54]  (4.13 ns)

 <State 30>: 4.13ns
The critical path consists of the following:
	'sdiv' operation ('s', kociemba/cubiecube.c:155->kociemba/cubiecube.c:439) [54]  (4.13 ns)

 <State 31>: 4.13ns
The critical path consists of the following:
	'sdiv' operation ('s', kociemba/cubiecube.c:155->kociemba/cubiecube.c:439) [54]  (4.13 ns)

 <State 32>: 4.13ns
The critical path consists of the following:
	'sdiv' operation ('s', kociemba/cubiecube.c:155->kociemba/cubiecube.c:439) [54]  (4.13 ns)

 <State 33>: 4.13ns
The critical path consists of the following:
	'sdiv' operation ('s', kociemba/cubiecube.c:155->kociemba/cubiecube.c:439) [54]  (4.13 ns)

 <State 34>: 4.13ns
The critical path consists of the following:
	'sdiv' operation ('s', kociemba/cubiecube.c:155->kociemba/cubiecube.c:439) [54]  (4.13 ns)

 <State 35>: 4.13ns
The critical path consists of the following:
	'sdiv' operation ('s', kociemba/cubiecube.c:155->kociemba/cubiecube.c:439) [54]  (4.13 ns)

 <State 36>: 4.13ns
The critical path consists of the following:
	'sdiv' operation ('s', kociemba/cubiecube.c:155->kociemba/cubiecube.c:439) [54]  (4.13 ns)

 <State 37>: 4.13ns
The critical path consists of the following:
	'sdiv' operation ('s', kociemba/cubiecube.c:155->kociemba/cubiecube.c:439) [54]  (4.13 ns)

 <State 38>: 4.13ns
The critical path consists of the following:
	'sdiv' operation ('s', kociemba/cubiecube.c:155->kociemba/cubiecube.c:439) [54]  (4.13 ns)

 <State 39>: 4.13ns
The critical path consists of the following:
	'sdiv' operation ('s', kociemba/cubiecube.c:155->kociemba/cubiecube.c:439) [54]  (4.13 ns)

 <State 40>: 4.13ns
The critical path consists of the following:
	'sdiv' operation ('s', kociemba/cubiecube.c:155->kociemba/cubiecube.c:439) [54]  (4.13 ns)

 <State 41>: 4.13ns
The critical path consists of the following:
	'sdiv' operation ('s', kociemba/cubiecube.c:155->kociemba/cubiecube.c:439) [54]  (4.13 ns)

 <State 42>: 4.32ns
The critical path consists of the following:
	'phi' operation ('p_0_i', kociemba/cubiecube.c:155->kociemba/cubiecube.c:439) with incoming values : ('s', kociemba/cubiecube.c:155->kociemba/cubiecube.c:439) [61]  (0 ns)
	'add' operation ('a', kociemba/cubiecube.c:439) [64]  (2.55 ns)
	'store' operation (kociemba/cubiecube.c:439) of variable 'a', kociemba/cubiecube.c:439 on local variable 'a' [69]  (1.77 ns)

 <State 43>: 8.51ns
The critical path consists of the following:
	'load' operation ('a_load', kociemba/cubiecube.c:453) on local variable 'a' [120]  (0 ns)
	'mul' operation ('tmp_260', kociemba/cubiecube.c:453) [121]  (8.51 ns)

 <State 44>: 2.32ns
The critical path consists of the following:
	'load' operation ('corner6_load', kociemba/cubiecube.c:447) on array 'corner6', kociemba/cubiecube.c:435 [88]  (2.32 ns)

 <State 45>: 10.2ns
The critical path consists of the following:
	'add' operation ('tmp_264', kociemba/cubiecube.c:451) [113]  (1.65 ns)
	'mul' operation ('tmp_265', kociemba/cubiecube.c:451) [115]  (8.51 ns)

 <State 46>: 2.32ns
The critical path consists of the following:
	'load' operation ('temp', kociemba/cubiecube.c:164->kociemba/cubiecube.c:448) on array 'corner6', kociemba/cubiecube.c:435 [93]  (2.32 ns)

 <State 47>: 3.97ns
The critical path consists of the following:
	'phi' operation ('i') with incoming values : ('i', kociemba/cubiecube.c:166->kociemba/cubiecube.c:448) [96]  (0 ns)
	'add' operation ('i', kociemba/cubiecube.c:166->kociemba/cubiecube.c:448) [99]  (1.65 ns)
	'getelementptr' operation ('corner6_addr_4', kociemba/cubiecube.c:166->kociemba/cubiecube.c:448) [103]  (0 ns)
	'load' operation ('corner6_load_2', kociemba/cubiecube.c:166->kociemba/cubiecube.c:448) on array 'corner6', kociemba/cubiecube.c:435 [104]  (2.32 ns)

 <State 48>: 4.64ns
The critical path consists of the following:
	'load' operation ('corner6_load_2', kociemba/cubiecube.c:166->kociemba/cubiecube.c:448) on array 'corner6', kociemba/cubiecube.c:435 [104]  (2.32 ns)
	'store' operation (kociemba/cubiecube.c:166->kociemba/cubiecube.c:448) of variable 'corner6_load_2', kociemba/cubiecube.c:166->kociemba/cubiecube.c:448 on array 'corner6', kociemba/cubiecube.c:435 [107]  (2.32 ns)

 <State 49>: 2.55ns
The critical path consists of the following:
	'add' operation ('b', kociemba/cubiecube.c:451) [116]  (2.55 ns)

 <State 50>: 2.55ns
The critical path consists of the following:
	'add' operation ('tmp_261', kociemba/cubiecube.c:453) [122]  (2.55 ns)


============================================================
+ Verbose Summary: Binding
============================================================
N/A
* FSMD analyzer results:
  - Output states:
 - Input state : 
  - Chain level:
	State 1
	State 2
	State 3
	State 4
	State 5
	State 6
	State 7
	State 8
	State 9
	State 10
	State 11
	State 12
	State 13
	State 14
	State 15
	State 16
	State 17
	State 18
	State 19
	State 20
	State 21
	State 22
	State 23
	State 24
	State 25
	State 26
	State 27
	State 28
	State 29
	State 30
	State 31
	State 32
	State 33
	State 34
	State 35
	State 36
	State 37
	State 38
	State 39
	State 40
	State 41
	State 42
	State 43
	State 44
	State 45
	State 46
	State 47
	State 48
	State 49
	State 50


============================================================
+ Verbose Summary: Datapath Resource usage 
============================================================
N/A
