

================================================================
== Vivado HLS Report for 'solutionToString'
================================================================
* Date:           Sat Mar  9 22:55:16 2019

* Version:        2018.2 (Build 2258646 on Thu Jun 14 20:25:20 MDT 2018)
* Project:        kociemba
* Solution:       solution1
* Product family: zynq
* Target device:  xc7z020clg400-1


================================================================
== Performance Estimates
================================================================
+ Timing (ns): 
    * Summary: 
    +--------+-------+----------+------------+
    |  Clock | Target| Estimated| Uncertainty|
    +--------+-------+----------+------------+
    |ap_clk  |  12.00|     6.689|        1.50|
    +--------+-------+----------+------------+

+ Latency (clock cycles): 
    * Summary: 
    +-----+-----+-----+-----+---------+
    |  Latency  |  Interval | Pipeline|
    | min | max | min | max |   Type  |
    +-----+-----+-----+-----+---------+
    |    ?|    ?|    ?|    ?|   none  |
    +-----+-----+-----+-----+---------+

    + Detail: 
        * Instance: 
        N/A

        * Loop: 
        +----------+-----+-----+----------+-----------+-----------+------+----------+
        |          |  Latency  | Iteration|  Initiation Interval  | Trip |          |
        | Loop Name| min | max |  Latency |  achieved |   target  | Count| Pipelined|
        +----------+-----+-----+----------+-----------+-----------+------+----------+
        |- Loop 1  |    ?|    ?|         3|          -|          -|     ?|    no    |
        +----------+-----+-----+----------+-----------+-----------+------+----------+

============================================================
+ Verbose Summary: Synthesis Manager
============================================================
InlineROM: 1
ExposeGlobal: 0
============================================================
+ Verbose Summary: CDFG Model
============================================================
IsTopModel: 0
ResetActiveHigh: 1
IsCombinational: 0
IsDatapathOnly: 0
HasWiredReturn: 1
HasMFsm: 0
HasVarLatency: 1
IsPipeline: 0
IsRtlPipelined: 0
IsInstanceOverlapped: 0
IsDontTouch: 0
HasImplIP: 0
IsGatedGlobalClock: 0


============================================================
+ Verbose Summary: Schedule
============================================================
* Number of FSM states : 4
* Pipeline : 0
* Dataflow Pipeline: 0

* FSM state transitions: 
1 --> 
	2  / true
2 --> 
	3  / (tmp)
3 --> 
	4  / true
4 --> 
	2  / true

* FSM state operations: 

State 1 <SV = 0> <Delay = 1.76>
ST_1 : Operation 5 [1/1] (0.00ns)   --->   "%empty = call i32 (...)* @_ssdm_op_SpecMemCore([30 x i8]* %encode_array, [1 x i8]* @p_str59, [7 x i8]* @RAM_1P_str, [1 x i8]* @p_str59, i32 -1, [1 x i8]* @p_str59, [1 x i8]* @p_str59, [1 x i8]* @p_str59, [1 x i8]* @p_str59, [1 x i8]* @p_str59)"   --->   Operation 5 'specmemcore' 'empty' <Predicate = true> <Delay = 0.00>
ST_1 : Operation 6 [1/1] (0.00ns)   --->   "%length_read = call i32 @_ssdm_op_Read.ap_auto.i32(i32 %length_r)"   --->   Operation 6 'read' 'length_read' <Predicate = true> <Delay = 0.00>
ST_1 : Operation 7 [1/1] (1.76ns)   --->   "br label %1" [kociemba/search.c:57]   --->   Operation 7 'br' <Predicate = true> <Delay = 1.76>

State 2 <SV = 1> <Delay = 2.52>
ST_2 : Operation 8 [1/1] (0.00ns)   --->   "%encode = phi i32 [ 0, %0 ], [ %encode_2, %._crit_edge1 ]" [kociemba/search.c:96]   --->   Operation 8 'phi' 'encode' <Predicate = true> <Delay = 0.00>
ST_2 : Operation 9 [1/1] (0.00ns)   --->   "%i = phi i31 [ 0, %0 ], [ %i_13, %._crit_edge1 ]"   --->   Operation 9 'phi' 'i' <Predicate = true> <Delay = 0.00>
ST_2 : Operation 10 [1/1] (0.00ns)   --->   "%i_cast = zext i31 %i to i32" [kociemba/search.c:57]   --->   Operation 10 'zext' 'i_cast' <Predicate = true> <Delay = 0.00>
ST_2 : Operation 11 [1/1] (2.47ns)   --->   "%tmp = icmp slt i32 %i_cast, %length_read" [kociemba/search.c:57]   --->   Operation 11 'icmp' 'tmp' <Predicate = true> <Delay = 2.47> <Core = "Cmp">   --->   Core 25 'Cmp' <Latency = 0> <II = 1> <Delay = 2.47> <FuncUnit> <Opcode : 'icmp'> <InPorts = 2> <OutPorts = 1>
ST_2 : Operation 12 [1/1] (2.52ns)   --->   "%i_13 = add i31 %i, 1" [kociemba/search.c:57]   --->   Operation 12 'add' 'i_13' <Predicate = true> <Delay = 2.52> <Core = "AddSub">   --->   Core 14 'AddSub' <Latency = 0> <II = 1> <Delay = 2.55> <FuncUnit> <Opcode : 'add' 'sub'> <InPorts = 2> <OutPorts = 1>
ST_2 : Operation 13 [1/1] (0.00ns)   --->   "br i1 %tmp, label %2, label %11" [kociemba/search.c:57]   --->   Operation 13 'br' <Predicate = true> <Delay = 0.00>
ST_2 : Operation 14 [1/1] (0.00ns)   --->   "%tmp_s = zext i31 %i to i64" [kociemba/search.c:58]   --->   Operation 14 'zext' 'tmp_s' <Predicate = (tmp)> <Delay = 0.00>
ST_2 : Operation 15 [1/1] (0.00ns)   --->   "%search_0_ax_addr = getelementptr [31 x i32]* %search_0_ax, i64 0, i64 %tmp_s" [kociemba/search.c:58]   --->   Operation 15 'getelementptr' 'search_0_ax_addr' <Predicate = (tmp)> <Delay = 0.00>
ST_2 : Operation 16 [2/2] (2.32ns)   --->   "%search_0_ax_load = load i32* %search_0_ax_addr, align 4" [kociemba/search.c:58]   --->   Operation 16 'load' 'search_0_ax_load' <Predicate = (tmp)> <Delay = 2.32> <Core = "RAM">   --->   Core 37 'RAM' <Latency = 1> <II = 1> <Delay = 2.32> <Storage> <Opcode : 'load' 'store'> <Ports = 2> <Width = 32> <Depth = 31> <RAM>
ST_2 : Operation 17 [1/1] (0.00ns)   --->   "ret void" [kociemba/search.c:105]   --->   Operation 17 'ret' <Predicate = (!tmp)> <Delay = 0.00>

State 3 <SV = 2> <Delay = 4.09>
ST_3 : Operation 18 [1/2] (2.32ns)   --->   "%search_0_ax_load = load i32* %search_0_ax_addr, align 4" [kociemba/search.c:58]   --->   Operation 18 'load' 'search_0_ax_load' <Predicate = true> <Delay = 2.32> <Core = "RAM">   --->   Core 37 'RAM' <Latency = 1> <II = 1> <Delay = 2.32> <Storage> <Opcode : 'load' 'store'> <Ports = 2> <Width = 32> <Depth = 31> <RAM>
ST_3 : Operation 19 [1/1] (1.76ns)   --->   "switch i32 %search_0_ax_load, label %._crit_edge [
    i32 0, label %3
    i32 1, label %4
    i32 2, label %5
    i32 3, label %6
    i32 4, label %7
    i32 5, label %8
  ]" [kociemba/search.c:58]   --->   Operation 19 'switch' <Predicate = true> <Delay = 1.76>
ST_3 : Operation 20 [1/1] (1.76ns)   --->   "br label %._crit_edge" [kociemba/search.c:82]   --->   Operation 20 'br' <Predicate = (search_0_ax_load == 5)> <Delay = 1.76>
ST_3 : Operation 21 [1/1] (1.76ns)   --->   "br label %._crit_edge" [kociemba/search.c:78]   --->   Operation 21 'br' <Predicate = (search_0_ax_load == 4)> <Delay = 1.76>
ST_3 : Operation 22 [1/1] (1.76ns)   --->   "br label %._crit_edge" [kociemba/search.c:74]   --->   Operation 22 'br' <Predicate = (search_0_ax_load == 3)> <Delay = 1.76>
ST_3 : Operation 23 [1/1] (1.76ns)   --->   "br label %._crit_edge" [kociemba/search.c:70]   --->   Operation 23 'br' <Predicate = (search_0_ax_load == 2)> <Delay = 1.76>
ST_3 : Operation 24 [1/1] (1.76ns)   --->   "br label %._crit_edge" [kociemba/search.c:66]   --->   Operation 24 'br' <Predicate = (search_0_ax_load == 1)> <Delay = 1.76>
ST_3 : Operation 25 [1/1] (1.76ns)   --->   "br label %._crit_edge" [kociemba/search.c:62]   --->   Operation 25 'br' <Predicate = (search_0_ax_load == 0)> <Delay = 1.76>
ST_3 : Operation 26 [1/1] (0.00ns)   --->   "%search_0_po_addr = getelementptr [31 x i32]* %search_0_po, i64 0, i64 %tmp_s" [kociemba/search.c:84]   --->   Operation 26 'getelementptr' 'search_0_po_addr' <Predicate = true> <Delay = 0.00>
ST_3 : Operation 27 [2/2] (2.32ns)   --->   "%search_0_po_load = load i32* %search_0_po_addr, align 4" [kociemba/search.c:84]   --->   Operation 27 'load' 'search_0_po_load' <Predicate = true> <Delay = 2.32> <Core = "RAM">   --->   Core 37 'RAM' <Latency = 1> <II = 1> <Delay = 2.32> <Storage> <Opcode : 'load' 'store'> <Ports = 2> <Width = 32> <Depth = 31> <RAM>

State 4 <SV = 3> <Delay = 6.68>
ST_4 : Operation 28 [1/1] (0.00ns)   --->   "%encode_1 = phi i32 [ %search_0_ax_load, %8 ], [ %search_0_ax_load, %7 ], [ %search_0_ax_load, %6 ], [ %search_0_ax_load, %5 ], [ %search_0_ax_load, %4 ], [ %search_0_ax_load, %3 ], [ %encode, %2 ]" [kociemba/search.c:58]   --->   Operation 28 'phi' 'encode_1' <Predicate = true> <Delay = 0.00>
ST_4 : Operation 29 [1/2] (2.32ns)   --->   "%search_0_po_load = load i32* %search_0_po_addr, align 4" [kociemba/search.c:84]   --->   Operation 29 'load' 'search_0_po_load' <Predicate = true> <Delay = 2.32> <Core = "RAM">   --->   Core 37 'RAM' <Latency = 1> <II = 1> <Delay = 2.32> <Storage> <Opcode : 'load' 'store'> <Ports = 2> <Width = 32> <Depth = 31> <RAM>
ST_4 : Operation 30 [1/1] (1.81ns)   --->   "switch i32 %search_0_po_load, label %._crit_edge1 [
    i32 3, label %10
    i32 2, label %9
  ]" [kociemba/search.c:84]   --->   Operation 30 'switch' <Predicate = true> <Delay = 1.81>
ST_4 : Operation 31 [1/1] (2.55ns)   --->   "%encode_4 = add i32 %encode_1, 12" [kociemba/search.c:91]   --->   Operation 31 'add' 'encode_4' <Predicate = (search_0_po_load == 2)> <Delay = 2.55> <Core = "AddSub">   --->   Core 14 'AddSub' <Latency = 0> <II = 1> <Delay = 2.55> <FuncUnit> <Opcode : 'add' 'sub'> <InPorts = 2> <OutPorts = 1>
ST_4 : Operation 32 [1/1] (1.81ns)   --->   "br label %._crit_edge1" [kociemba/search.c:92]   --->   Operation 32 'br' <Predicate = (search_0_po_load == 2)> <Delay = 1.81>
ST_4 : Operation 33 [1/1] (2.55ns)   --->   "%encode_3 = add i32 %encode_1, 6" [kociemba/search.c:96]   --->   Operation 33 'add' 'encode_3' <Predicate = (search_0_po_load == 3)> <Delay = 2.55> <Core = "AddSub">   --->   Core 14 'AddSub' <Latency = 0> <II = 1> <Delay = 2.55> <FuncUnit> <Opcode : 'add' 'sub'> <InPorts = 2> <OutPorts = 1>
ST_4 : Operation 34 [1/1] (1.81ns)   --->   "br label %._crit_edge1" [kociemba/search.c:97]   --->   Operation 34 'br' <Predicate = (search_0_po_load == 3)> <Delay = 1.81>
ST_4 : Operation 35 [1/1] (0.00ns)   --->   "%encode_2 = phi i32 [ %encode_3, %10 ], [ %encode_4, %9 ], [ %encode_1, %._crit_edge ]"   --->   Operation 35 'phi' 'encode_2' <Predicate = true> <Delay = 0.00>
ST_4 : Operation 36 [1/1] (0.00ns)   --->   "%tmp_160 = trunc i32 %encode_2 to i8" [kociemba/search.c:103]   --->   Operation 36 'trunc' 'tmp_160' <Predicate = true> <Delay = 0.00>
ST_4 : Operation 37 [1/1] (0.00ns)   --->   "%encode_array_addr = getelementptr [30 x i8]* %encode_array, i64 0, i64 %tmp_s" [kociemba/search.c:103]   --->   Operation 37 'getelementptr' 'encode_array_addr' <Predicate = true> <Delay = 0.00>
ST_4 : Operation 38 [1/1] (2.32ns)   --->   "store i8 %tmp_160, i8* %encode_array_addr, align 1" [kociemba/search.c:103]   --->   Operation 38 'store' <Predicate = true> <Delay = 2.32> <Core = "RAM_1P">   --->   Core 42 'RAM_1P' <Latency = 1> <II = 1> <Delay = 2.32> <Storage> <Opcode : 'load' 'store'> <Ports = 1> <Width = 8> <Depth = 30> <RAM>
ST_4 : Operation 39 [1/1] (0.00ns)   --->   "br label %1" [kociemba/search.c:57]   --->   Operation 39 'br' <Predicate = true> <Delay = 0.00>


============================================================
+ Verbose Summary: Timing violations
============================================================
Target clock period: 12ns, clock uncertainty: 1.5ns.

 <State 1>: 1.77ns
The critical path consists of the following:
	multiplexor before 'phi' operation ('encode', kociemba/search.c:96) with incoming values : ('search_0_ax_load', kociemba/search.c:58) ('encode', kociemba/search.c:91) ('encode', kociemba/search.c:96) [9]  (1.77 ns)

 <State 2>: 2.52ns
The critical path consists of the following:
	'phi' operation ('i') with incoming values : ('i', kociemba/search.c:57) [10]  (0 ns)
	'add' operation ('i', kociemba/search.c:57) [13]  (2.52 ns)

 <State 3>: 4.09ns
The critical path consists of the following:
	'load' operation ('search_0_ax_load', kociemba/search.c:58) on array 'search_0_ax' [18]  (2.32 ns)
	multiplexor before 'phi' operation ('encode_1', kociemba/search.c:58) with incoming values : ('search_0_ax_load', kociemba/search.c:58) ('encode', kociemba/search.c:91) ('encode', kociemba/search.c:96) [33]  (1.77 ns)

 <State 4>: 6.69ns
The critical path consists of the following:
	'phi' operation ('encode_1', kociemba/search.c:58) with incoming values : ('search_0_ax_load', kociemba/search.c:58) ('encode', kociemba/search.c:91) ('encode', kociemba/search.c:96) [33]  (0 ns)
	'add' operation ('encode', kociemba/search.c:96) [41]  (2.55 ns)
	multiplexor before 'phi' operation ('encode') with incoming values : ('search_0_ax_load', kociemba/search.c:58) ('encode', kociemba/search.c:91) ('encode', kociemba/search.c:96) [44]  (1.81 ns)
	'phi' operation ('encode') with incoming values : ('search_0_ax_load', kociemba/search.c:58) ('encode', kociemba/search.c:91) ('encode', kociemba/search.c:96) [44]  (0 ns)
	'store' operation (kociemba/search.c:103) of variable 'tmp_160', kociemba/search.c:103 on array 'encode_array' [47]  (2.32 ns)


============================================================
+ Verbose Summary: Binding
============================================================
N/A
* FSMD analyzer results:
  - Output states:
 - Input state : 
  - Chain level:
	State 1
	State 2
	State 3
	State 4


============================================================
+ Verbose Summary: Datapath Resource usage 
============================================================
N/A
