

================================================================
== Vivado HLS Report for 'solutionToString'
================================================================
* Date:           Sat Mar  9 22:55:40 2019

* Version:        2018.2 (Build 2258646 on Thu Jun 14 20:25:20 MDT 2018)
* Project:        kociemba
* Solution:       solution1
* Product family: zynq
* Target device:  xc7z020clg400-1


================================================================
== Performance Estimates
================================================================
+ Timing (ns): 
    * Summary: 
    +--------+-------+----------+------------+
    |  Clock | Target| Estimated| Uncertainty|
    +--------+-------+----------+------------+
    |ap_clk  |  12.00|     6.689|        1.50|
    +--------+-------+----------+------------+

+ Latency (clock cycles): 
    * Summary: 
    +-----+-----+-----+-----+---------+
    |  Latency  |  Interval | Pipeline|
    | min | max | min | max |   Type  |
    +-----+-----+-----+-----+---------+
    |    ?|    ?|    ?|    ?|   none  |
    +-----+-----+-----+-----+---------+

    + Detail: 
        * Instance: 
        N/A

        * Loop: 
        +----------+-----+-----+----------+-----------+-----------+------+----------+
        |          |  Latency  | Iteration|  Initiation Interval  | Trip |          |
        | Loop Name| min | max |  Latency |  achieved |   target  | Count| Pipelined|
        +----------+-----+-----+----------+-----------+-----------+------+----------+
        |- Loop 1  |    ?|    ?|         3|          -|          -|     ?|    no    |
        +----------+-----+-----+----------+-----------+-----------+------+----------+



================================================================
== Utilization Estimates
================================================================
* Summary: 
+-----------------+---------+-------+--------+-------+
|       Name      | BRAM_18K| DSP48E|   FF   |  LUT  |
+-----------------+---------+-------+--------+-------+
|DSP              |        -|      -|       -|      -|
|Expression       |        -|      -|       0|    134|
|FIFO             |        -|      -|       -|      -|
|Instance         |        -|      -|       -|      -|
|Memory           |        -|      -|       -|      -|
|Multiplexer      |        -|      -|       -|     75|
|Register         |        -|      -|     161|      -|
+-----------------+---------+-------+--------+-------+
|Total            |        0|      0|     161|    209|
+-----------------+---------+-------+--------+-------+
|Available        |      280|    220|  106400|  53200|
+-----------------+---------+-------+--------+-------+
|Utilization (%)  |        0|      0|   ~0   |   ~0  |
+-----------------+---------+-------+--------+-------+

+ Detail: 
    * Instance: 
    N/A

    * DSP48: 
    N/A

    * Memory: 
    N/A

    * FIFO: 
    N/A

    * Expression: 
    +--------------------+----------+-------+---+----+------------+------------+
    |    Variable Name   | Operation| DSP48E| FF| LUT| Bitwidth P0| Bitwidth P1|
    +--------------------+----------+-------+---+----+------------+------------+
    |encode_3_fu_169_p2  |     +    |      0|  0|  39|          32|           3|
    |encode_4_fu_162_p2  |     +    |      0|  0|  39|          32|           4|
    |i_13_fu_151_p2      |     +    |      0|  0|  38|          31|           1|
    |tmp_fu_146_p2       |   icmp   |      0|  0|  18|          32|          32|
    +--------------------+----------+-------+---+----+------------+------------+
    |Total               |          |      0|  0| 134|         127|          40|
    +--------------------+----------+-------+---+----+------------+------------+

    * Multiplexer: 
    +-----------------------------------+----+-----------+-----+-----------+
    |                Name               | LUT| Input Size| Bits| Total Bits|
    +-----------------------------------+----+-----------+-----+-----------+
    |ap_NS_fsm                          |  27|          5|    1|          5|
    |ap_phi_mux_encode_2_phi_fu_132_p6  |  21|          4|   32|        128|
    |encode_1_reg_108                   |   9|          2|   32|         64|
    |encode_reg_85                      |   9|          2|   32|         64|
    |i_reg_97                           |   9|          2|   31|         62|
    +-----------------------------------+----+-----------+-----+-----------+
    |Total                              |  75|         15|  128|        323|
    +-----------------------------------+----+-----------+-----+-----------+

    * Register: 
    +------------------+----+----+-----+-----------+
    |       Name       | FF | LUT| Bits| Const Bits|
    +------------------+----+----+-----+-----------+
    |ap_CS_fsm         |   4|   0|    4|          0|
    |encode_1_reg_108  |  32|   0|   32|          0|
    |encode_reg_85     |  32|   0|   32|          0|
    |i_13_reg_189      |  31|   0|   31|          0|
    |i_reg_97          |  31|   0|   31|          0|
    |tmp_s_reg_194     |  31|   0|   64|         33|
    +------------------+----+----+-----+-----------+
    |Total             | 161|   0|  194|         33|
    +------------------+----+----+-----+-----------+



================================================================
== Interface
================================================================
* Summary: 
+-----------------------+-----+-----+------------+------------------+--------------+
|       RTL Ports       | Dir | Bits|  Protocol  |   Source Object  |    C Type    |
+-----------------------+-----+-----+------------+------------------+--------------+
|ap_clk                 |  in |    1| ap_ctrl_hs | solutionToString | return value |
|ap_rst                 |  in |    1| ap_ctrl_hs | solutionToString | return value |
|ap_start               |  in |    1| ap_ctrl_hs | solutionToString | return value |
|ap_done                | out |    1| ap_ctrl_hs | solutionToString | return value |
|ap_idle                | out |    1| ap_ctrl_hs | solutionToString | return value |
|ap_ready               | out |    1| ap_ctrl_hs | solutionToString | return value |
|search_0_ax_address0   | out |    5|  ap_memory |    search_0_ax   |     array    |
|search_0_ax_ce0        | out |    1|  ap_memory |    search_0_ax   |     array    |
|search_0_ax_q0         |  in |   32|  ap_memory |    search_0_ax   |     array    |
|search_0_po_address0   | out |    5|  ap_memory |    search_0_po   |     array    |
|search_0_po_ce0        | out |    1|  ap_memory |    search_0_po   |     array    |
|search_0_po_q0         |  in |   32|  ap_memory |    search_0_po   |     array    |
|length_r               |  in |   32|   ap_none  |     length_r     |    scalar    |
|encode_array_address0  | out |    5|  ap_memory |   encode_array   |     array    |
|encode_array_ce0       | out |    1|  ap_memory |   encode_array   |     array    |
|encode_array_we0       | out |    1|  ap_memory |   encode_array   |     array    |
|encode_array_d0        | out |    8|  ap_memory |   encode_array   |     array    |
+-----------------------+-----+-----+------------+------------------+--------------+

============================================================
+ Verbose Summary: Synthesis Manager
============================================================
InlineROM: 1
ExposeGlobal: 0
============================================================
+ Verbose Summary: CDFG Model
============================================================
IsTopModel: 0
ResetActiveHigh: 1
IsCombinational: 2
IsDatapathOnly: 2
HasWiredReturn: 1
HasMFsm: 0
HasVarLatency: 1
IsPipeline: 0
IsRtlPipelined: 0
IsInstanceOverlapped: 0
IsDontTouch: 0
HasImplIP: 0
IsGatedGlobalClock: 0


============================================================
+ Verbose Summary: Schedule
============================================================
* Number of FSM states : 4
* Pipeline : 0
* Dataflow Pipeline: 0

* FSM state transitions: 
1 --> 
	2  / true
2 --> 
	3  / (tmp)
3 --> 
	4  / true
4 --> 
	2  / true

* FSM state operations: 

State 1 <SV = 0> <Delay = 1.76>
ST_1 : Operation 5 [1/1] (0.00ns)   --->   "%empty = call i32 (...)* @_ssdm_op_SpecMemCore([30 x i8]* %encode_array, [1 x i8]* @p_str59, [7 x i8]* @RAM_1P_str, [1 x i8]* @p_str59, i32 -1, [1 x i8]* @p_str59, [1 x i8]* @p_str59, [1 x i8]* @p_str59, [1 x i8]* @p_str59, [1 x i8]* @p_str59)"   --->   Operation 5 'specmemcore' 'empty' <Predicate = true> <Delay = 0.00>
ST_1 : Operation 6 [1/1] (0.00ns)   --->   "%length_read = call i32 @_ssdm_op_Read.ap_auto.i32(i32 %length_r)"   --->   Operation 6 'read' 'length_read' <Predicate = true> <Delay = 0.00>
ST_1 : Operation 7 [1/1] (1.76ns)   --->   "br label %1" [kociemba/search.c:57]   --->   Operation 7 'br' <Predicate = true> <Delay = 1.76>

State 2 <SV = 1> <Delay = 2.52>
ST_2 : Operation 8 [1/1] (0.00ns)   --->   "%encode = phi i32 [ 0, %0 ], [ %encode_2, %._crit_edge1 ]" [kociemba/search.c:96]   --->   Operation 8 'phi' 'encode' <Predicate = true> <Delay = 0.00>
ST_2 : Operation 9 [1/1] (0.00ns)   --->   "%i = phi i31 [ 0, %0 ], [ %i_13, %._crit_edge1 ]"   --->   Operation 9 'phi' 'i' <Predicate = true> <Delay = 0.00>
ST_2 : Operation 10 [1/1] (0.00ns)   --->   "%i_cast = zext i31 %i to i32" [kociemba/search.c:57]   --->   Operation 10 'zext' 'i_cast' <Predicate = true> <Delay = 0.00>
ST_2 : Operation 11 [1/1] (2.47ns)   --->   "%tmp = icmp slt i32 %i_cast, %length_read" [kociemba/search.c:57]   --->   Operation 11 'icmp' 'tmp' <Predicate = true> <Delay = 2.47> <Core = "Cmp">   --->   Core 25 'Cmp' <Latency = 0> <II = 1> <Delay = 2.47> <FuncUnit> <Opcode : 'icmp'> <InPorts = 2> <OutPorts = 1>
ST_2 : Operation 12 [1/1] (2.52ns)   --->   "%i_13 = add i31 %i, 1" [kociemba/search.c:57]   --->   Operation 12 'add' 'i_13' <Predicate = true> <Delay = 2.52> <Core = "AddSub">   --->   Core 14 'AddSub' <Latency = 0> <II = 1> <Delay = 2.52> <FuncUnit> <Opcode : 'add' 'sub'> <InPorts = 2> <OutPorts = 1>
ST_2 : Operation 13 [1/1] (0.00ns)   --->   "br i1 %tmp, label %2, label %11" [kociemba/search.c:57]   --->   Operation 13 'br' <Predicate = true> <Delay = 0.00>
ST_2 : Operation 14 [1/1] (0.00ns)   --->   "%tmp_s = zext i31 %i to i64" [kociemba/search.c:58]   --->   Operation 14 'zext' 'tmp_s' <Predicate = (tmp)> <Delay = 0.00>
ST_2 : Operation 15 [1/1] (0.00ns)   --->   "%search_0_ax_addr = getelementptr [31 x i32]* %search_0_ax, i64 0, i64 %tmp_s" [kociemba/search.c:58]   --->   Operation 15 'getelementptr' 'search_0_ax_addr' <Predicate = (tmp)> <Delay = 0.00>
ST_2 : Operation 16 [2/2] (2.32ns)   --->   "%search_0_ax_load = load i32* %search_0_ax_addr, align 4" [kociemba/search.c:58]   --->   Operation 16 'load' 'search_0_ax_load' <Predicate = (tmp)> <Delay = 2.32> <Core = "RAM">   --->   Core 37 'RAM' <Latency = 1> <II = 1> <Delay = 2.32> <Storage> <Opcode : 'load' 'store'> <Ports = 2> <Width = 4> <Depth = 31> <RAM>
ST_2 : Operation 17 [1/1] (0.00ns)   --->   "ret void" [kociemba/search.c:105]   --->   Operation 17 'ret' <Predicate = (!tmp)> <Delay = 0.00>

State 3 <SV = 2> <Delay = 4.09>
ST_3 : Operation 18 [1/2] (2.32ns)   --->   "%search_0_ax_load = load i32* %search_0_ax_addr, align 4" [kociemba/search.c:58]   --->   Operation 18 'load' 'search_0_ax_load' <Predicate = true> <Delay = 2.32> <Core = "RAM">   --->   Core 37 'RAM' <Latency = 1> <II = 1> <Delay = 2.32> <Storage> <Opcode : 'load' 'store'> <Ports = 2> <Width = 4> <Depth = 31> <RAM>
ST_3 : Operation 19 [1/1] (1.76ns)   --->   "switch i32 %search_0_ax_load, label %._crit_edge [
    i32 0, label %3
    i32 1, label %4
    i32 2, label %5
    i32 3, label %6
    i32 4, label %7
    i32 5, label %8
  ]" [kociemba/search.c:58]   --->   Operation 19 'switch' <Predicate = true> <Delay = 1.76>
ST_3 : Operation 20 [1/1] (1.76ns)   --->   "br label %._crit_edge" [kociemba/search.c:82]   --->   Operation 20 'br' <Predicate = (search_0_ax_load == 5)> <Delay = 1.76>
ST_3 : Operation 21 [1/1] (1.76ns)   --->   "br label %._crit_edge" [kociemba/search.c:78]   --->   Operation 21 'br' <Predicate = (search_0_ax_load == 4)> <Delay = 1.76>
ST_3 : Operation 22 [1/1] (1.76ns)   --->   "br label %._crit_edge" [kociemba/search.c:74]   --->   Operation 22 'br' <Predicate = (search_0_ax_load == 3)> <Delay = 1.76>
ST_3 : Operation 23 [1/1] (1.76ns)   --->   "br label %._crit_edge" [kociemba/search.c:70]   --->   Operation 23 'br' <Predicate = (search_0_ax_load == 2)> <Delay = 1.76>
ST_3 : Operation 24 [1/1] (1.76ns)   --->   "br label %._crit_edge" [kociemba/search.c:66]   --->   Operation 24 'br' <Predicate = (search_0_ax_load == 1)> <Delay = 1.76>
ST_3 : Operation 25 [1/1] (1.76ns)   --->   "br label %._crit_edge" [kociemba/search.c:62]   --->   Operation 25 'br' <Predicate = (search_0_ax_load == 0)> <Delay = 1.76>
ST_3 : Operation 26 [1/1] (0.00ns)   --->   "%search_0_po_addr = getelementptr [31 x i32]* %search_0_po, i64 0, i64 %tmp_s" [kociemba/search.c:84]   --->   Operation 26 'getelementptr' 'search_0_po_addr' <Predicate = true> <Delay = 0.00>
ST_3 : Operation 27 [2/2] (2.32ns)   --->   "%search_0_po_load = load i32* %search_0_po_addr, align 4" [kociemba/search.c:84]   --->   Operation 27 'load' 'search_0_po_load' <Predicate = true> <Delay = 2.32> <Core = "RAM">   --->   Core 37 'RAM' <Latency = 1> <II = 1> <Delay = 2.32> <Storage> <Opcode : 'load' 'store'> <Ports = 2> <Width = 4> <Depth = 31> <RAM>

State 4 <SV = 3> <Delay = 6.68>
ST_4 : Operation 28 [1/1] (0.00ns)   --->   "%encode_1 = phi i32 [ %search_0_ax_load, %8 ], [ %search_0_ax_load, %7 ], [ %search_0_ax_load, %6 ], [ %search_0_ax_load, %5 ], [ %search_0_ax_load, %4 ], [ %search_0_ax_load, %3 ], [ %encode, %2 ]" [kociemba/search.c:58]   --->   Operation 28 'phi' 'encode_1' <Predicate = true> <Delay = 0.00>
ST_4 : Operation 29 [1/2] (2.32ns)   --->   "%search_0_po_load = load i32* %search_0_po_addr, align 4" [kociemba/search.c:84]   --->   Operation 29 'load' 'search_0_po_load' <Predicate = true> <Delay = 2.32> <Core = "RAM">   --->   Core 37 'RAM' <Latency = 1> <II = 1> <Delay = 2.32> <Storage> <Opcode : 'load' 'store'> <Ports = 2> <Width = 4> <Depth = 31> <RAM>
ST_4 : Operation 30 [1/1] (1.81ns)   --->   "switch i32 %search_0_po_load, label %._crit_edge1 [
    i32 3, label %10
    i32 2, label %9
  ]" [kociemba/search.c:84]   --->   Operation 30 'switch' <Predicate = true> <Delay = 1.81>
ST_4 : Operation 31 [1/1] (2.55ns)   --->   "%encode_4 = add i32 %encode_1, 12" [kociemba/search.c:91]   --->   Operation 31 'add' 'encode_4' <Predicate = (search_0_po_load == 2)> <Delay = 2.55> <Core = "AddSub">   --->   Core 14 'AddSub' <Latency = 0> <II = 1> <Delay = 2.52> <FuncUnit> <Opcode : 'add' 'sub'> <InPorts = 2> <OutPorts = 1>
ST_4 : Operation 32 [1/1] (1.81ns)   --->   "br label %._crit_edge1" [kociemba/search.c:92]   --->   Operation 32 'br' <Predicate = (search_0_po_load == 2)> <Delay = 1.81>
ST_4 : Operation 33 [1/1] (2.55ns)   --->   "%encode_3 = add i32 %encode_1, 6" [kociemba/search.c:96]   --->   Operation 33 'add' 'encode_3' <Predicate = (search_0_po_load == 3)> <Delay = 2.55> <Core = "AddSub">   --->   Core 14 'AddSub' <Latency = 0> <II = 1> <Delay = 2.52> <FuncUnit> <Opcode : 'add' 'sub'> <InPorts = 2> <OutPorts = 1>
ST_4 : Operation 34 [1/1] (1.81ns)   --->   "br label %._crit_edge1" [kociemba/search.c:97]   --->   Operation 34 'br' <Predicate = (search_0_po_load == 3)> <Delay = 1.81>
ST_4 : Operation 35 [1/1] (0.00ns)   --->   "%encode_2 = phi i32 [ %encode_3, %10 ], [ %encode_4, %9 ], [ %encode_1, %._crit_edge ]"   --->   Operation 35 'phi' 'encode_2' <Predicate = true> <Delay = 0.00>
ST_4 : Operation 36 [1/1] (0.00ns)   --->   "%tmp_160 = trunc i32 %encode_2 to i8" [kociemba/search.c:103]   --->   Operation 36 'trunc' 'tmp_160' <Predicate = true> <Delay = 0.00>
ST_4 : Operation 37 [1/1] (0.00ns)   --->   "%encode_array_addr = getelementptr [30 x i8]* %encode_array, i64 0, i64 %tmp_s" [kociemba/search.c:103]   --->   Operation 37 'getelementptr' 'encode_array_addr' <Predicate = true> <Delay = 0.00>
ST_4 : Operation 38 [1/1] (2.32ns)   --->   "store i8 %tmp_160, i8* %encode_array_addr, align 1" [kociemba/search.c:103]   --->   Operation 38 'store' <Predicate = true> <Delay = 2.32> <Core = "RAM_1P">   --->   Core 42 'RAM_1P' <Latency = 1> <II = 1> <Delay = 2.32> <Storage> <Opcode : 'load' 'store'> <Ports = 1> <Width = 8> <Depth = 54> <RAM>
ST_4 : Operation 39 [1/1] (0.00ns)   --->   "br label %1" [kociemba/search.c:57]   --->   Operation 39 'br' <Predicate = true> <Delay = 0.00>


============================================================
+ Verbose Summary: Binding
============================================================
STG Binding: 
---------------- STG Properties BEGIN ----------------
- Is combinational: 0
- Is one-state seq: 0
- Is datapath-only: 0
- Is pipelined: 0
- Is top level: 0
Port [ Return ] is wired: 1; IO mode=ap_ctrl_hs:ce=0
Port [ search_0_ax]:  wired=1; compound=1; hidden=0; nouse=0; global=0; static=0; extern=0; dir=0; type=1; pingpong=0; private_global=0; MemPort=[13]; IO mode=ap_memory:ce=0
Port [ search_0_po]:  wired=1; compound=1; hidden=0; nouse=0; global=0; static=0; extern=0; dir=0; type=1; pingpong=0; private_global=0; MemPort=[13]; IO mode=ap_memory:ce=0
Port [ length_r]:  wired=1; compound=0; hidden=0; nouse=0; global=0; static=0; extern=0; dir=0; type=0; pingpong=0; private_global=0; IO mode=ap_none:ce=0
Port [ encode_array]:  wired=1; compound=1; hidden=0; nouse=0; global=0; static=0; extern=0; dir=1; type=1; pingpong=0; private_global=0; MemPort=[0]; IO mode=ap_memory:ce=0
---------------- STG Properties END ------------------

---------------- Datapath Model BEGIN ----------------

<LifeTime>
<method=bitvector/>
empty             (specmemcore  ) [ 00000]
length_read       (read         ) [ 00111]
StgValue_7        (br           ) [ 01111]
encode            (phi          ) [ 00111]
i                 (phi          ) [ 00100]
i_cast            (zext         ) [ 00000]
tmp               (icmp         ) [ 00111]
i_13              (add          ) [ 01111]
StgValue_13       (br           ) [ 00000]
tmp_s             (zext         ) [ 00011]
search_0_ax_addr  (getelementptr) [ 00010]
StgValue_17       (ret          ) [ 00000]
search_0_ax_load  (load         ) [ 00111]
StgValue_19       (switch       ) [ 00111]
StgValue_20       (br           ) [ 00111]
StgValue_21       (br           ) [ 00111]
StgValue_22       (br           ) [ 00111]
StgValue_23       (br           ) [ 00111]
StgValue_24       (br           ) [ 00111]
StgValue_25       (br           ) [ 00111]
search_0_po_addr  (getelementptr) [ 00001]
encode_1          (phi          ) [ 00001]
search_0_po_load  (load         ) [ 00111]
StgValue_30       (switch       ) [ 00000]
encode_4          (add          ) [ 00000]
StgValue_32       (br           ) [ 00000]
encode_3          (add          ) [ 00000]
StgValue_34       (br           ) [ 00000]
encode_2          (phi          ) [ 01111]
tmp_160           (trunc        ) [ 00000]
encode_array_addr (getelementptr) [ 00000]
StgValue_38       (store        ) [ 00000]
StgValue_39       (br           ) [ 01111]
</LifeTime>

<model>

<comp_list>
<comp id="0" class="1000" name="search_0_ax">
<pin_list>
<pin id="1" dir="1" index="0" bw="1" slack="0"/>
</pin_list>
<bind>
<StgValue><ssdm name="search_0_ax"/><MemPortTyVec>1 3 </MemPortTyVec>
</StgValue>
</bind>
</comp>

<comp id="2" class="1000" name="search_0_po">
<pin_list>
<pin id="3" dir="1" index="0" bw="1" slack="0"/>
</pin_list>
<bind>
<StgValue><ssdm name="search_0_po"/><MemPortTyVec>1 3 </MemPortTyVec>
</StgValue>
</bind>
</comp>

<comp id="4" class="1000" name="length_r">
<pin_list>
<pin id="5" dir="1" index="0" bw="1" slack="0"/>
</pin_list>
<bind>
<StgValue><ssdm name="length_r"/></StgValue>
</bind>
</comp>

<comp id="6" class="1000" name="encode_array">
<pin_list>
<pin id="7" dir="1" index="0" bw="1" slack="0"/>
</pin_list>
<bind>
<StgValue><ssdm name="encode_array"/><MemPortTyVec>0 </MemPortTyVec>
</StgValue>
</bind>
</comp>

<comp id="8" class="1001" name="const_8">
<pin_list>
<pin id="9" dir="1" index="0" bw="1" slack="2147483647"/>
</pin_list>
<bind>
<StgValue><ssdm name="_ssdm_op_SpecMemCore"/></StgValue>
</bind>
</comp>

<comp id="10" class="1001" name="const_10">
<pin_list>
<pin id="11" dir="1" index="0" bw="1" slack="2147483647"/>
</pin_list>
<bind>
<StgValue><ssdm name="p_str59"/></StgValue>
</bind>
</comp>

<comp id="12" class="1001" name="const_12">
<pin_list>
<pin id="13" dir="1" index="0" bw="1" slack="2147483647"/>
</pin_list>
<bind>
<StgValue><ssdm name="RAM_1P_str"/></StgValue>
</bind>
</comp>

<comp id="14" class="1001" name="const_14">
<pin_list>
<pin id="15" dir="1" index="0" bw="1" slack="2147483647"/>
</pin_list>
<bind>
<StgValue><ssdm name=""/></StgValue>
</bind>
</comp>

<comp id="16" class="1001" name="const_16">
<pin_list>
<pin id="17" dir="1" index="0" bw="1" slack="0"/>
</pin_list>
<bind>
<StgValue><ssdm name="_ssdm_op_Read.ap_auto.i32"/></StgValue>
</bind>
</comp>

<comp id="18" class="1001" name="const_18">
<pin_list>
<pin id="19" dir="1" index="0" bw="1" slack="1"/>
</pin_list>
<bind>
<StgValue><ssdm name=""/></StgValue>
</bind>
</comp>

<comp id="20" class="1001" name="const_20">
<pin_list>
<pin id="21" dir="1" index="0" bw="1" slack="1"/>
</pin_list>
<bind>
<StgValue><ssdm name=""/></StgValue>
</bind>
</comp>

<comp id="22" class="1001" name="const_22">
<pin_list>
<pin id="23" dir="1" index="0" bw="1" slack="0"/>
</pin_list>
<bind>
<StgValue><ssdm name=""/></StgValue>
</bind>
</comp>

<comp id="24" class="1001" name="const_24">
<pin_list>
<pin id="25" dir="1" index="0" bw="1" slack="0"/>
</pin_list>
<bind>
<StgValue><ssdm name=""/></StgValue>
</bind>
</comp>

<comp id="26" class="1001" name="const_26">
<pin_list>
<pin id="27" dir="1" index="0" bw="1" slack="2147483647"/>
</pin_list>
<bind>
<StgValue><ssdm name=""/></StgValue>
</bind>
</comp>

<comp id="28" class="1001" name="const_28">
<pin_list>
<pin id="29" dir="1" index="0" bw="1" slack="2147483647"/>
</pin_list>
<bind>
<StgValue><ssdm name=""/></StgValue>
</bind>
</comp>

<comp id="30" class="1001" name="const_30">
<pin_list>
<pin id="31" dir="1" index="0" bw="1" slack="2147483647"/>
</pin_list>
<bind>
<StgValue><ssdm name=""/></StgValue>
</bind>
</comp>

<comp id="32" class="1001" name="const_32">
<pin_list>
<pin id="33" dir="1" index="0" bw="1" slack="2147483647"/>
</pin_list>
<bind>
<StgValue><ssdm name=""/></StgValue>
</bind>
</comp>

<comp id="34" class="1001" name="const_34">
<pin_list>
<pin id="35" dir="1" index="0" bw="1" slack="2147483647"/>
</pin_list>
<bind>
<StgValue><ssdm name=""/></StgValue>
</bind>
</comp>

<comp id="36" class="1001" name="const_36">
<pin_list>
<pin id="37" dir="1" index="0" bw="1" slack="0"/>
</pin_list>
<bind>
<StgValue><ssdm name=""/></StgValue>
</bind>
</comp>

<comp id="38" class="1001" name="const_38">
<pin_list>
<pin id="39" dir="1" index="0" bw="1" slack="0"/>
</pin_list>
<bind>
<StgValue><ssdm name=""/></StgValue>
</bind>
</comp>

<comp id="40" class="1004" name="length_read_read_fu_40">
<pin_list>
<pin id="41" dir="0" index="0" bw="32" slack="0"/>
<pin id="42" dir="0" index="1" bw="32" slack="0"/>
<pin id="43" dir="1" index="2" bw="32" slack="1"/>
</pin_list>
<bind>
<opcode="read(1150) " fcode="read"/>
<opset="length_read/1 "/>
</bind>
</comp>

<comp id="46" class="1004" name="search_0_ax_addr_gep_fu_46">
<pin_list>
<pin id="47" dir="0" index="0" bw="32" slack="0"/>
<pin id="48" dir="0" index="1" bw="1" slack="0"/>
<pin id="49" dir="0" index="2" bw="31" slack="0"/>
<pin id="50" dir="1" index="3" bw="5" slack="0"/>
</pin_list>
<bind>
<opcode="getelementptr(29) " fcode="getelementptr"/>
<opset="search_0_ax_addr/2 "/>
</bind>
</comp>

<comp id="53" class="1004" name="grp_access_fu_53">
<pin_list>
<pin id="54" dir="0" index="0" bw="5" slack="0"/>
<pin id="55" dir="0" index="1" bw="32" slack="2147483647"/>
<pin id="56" dir="0" index="2" bw="0" slack="2147483647"/>
<pin id="57" dir="1" index="3" bw="32" slack="1"/>
</pin_list>
<bind>
<opcode="load(27) " fcode="load"/>
<opset="search_0_ax_load/2 "/>
</bind>
</comp>

<comp id="59" class="1004" name="search_0_po_addr_gep_fu_59">
<pin_list>
<pin id="60" dir="0" index="0" bw="32" slack="0"/>
<pin id="61" dir="0" index="1" bw="1" slack="0"/>
<pin id="62" dir="0" index="2" bw="31" slack="1"/>
<pin id="63" dir="1" index="3" bw="5" slack="0"/>
</pin_list>
<bind>
<opcode="getelementptr(29) " fcode="getelementptr"/>
<opset="search_0_po_addr/3 "/>
</bind>
</comp>

<comp id="66" class="1004" name="grp_access_fu_66">
<pin_list>
<pin id="67" dir="0" index="0" bw="5" slack="0"/>
<pin id="68" dir="0" index="1" bw="32" slack="2147483647"/>
<pin id="69" dir="0" index="2" bw="0" slack="2147483647"/>
<pin id="70" dir="1" index="3" bw="32" slack="2147483647"/>
</pin_list>
<bind>
<opcode="load(27) " fcode="load"/>
<opset="search_0_po_load/3 "/>
</bind>
</comp>

<comp id="72" class="1004" name="encode_array_addr_gep_fu_72">
<pin_list>
<pin id="73" dir="0" index="0" bw="8" slack="0"/>
<pin id="74" dir="0" index="1" bw="1" slack="0"/>
<pin id="75" dir="0" index="2" bw="31" slack="2"/>
<pin id="76" dir="1" index="3" bw="5" slack="0"/>
</pin_list>
<bind>
<opcode="getelementptr(29) " fcode="getelementptr"/>
<opset="encode_array_addr/4 "/>
</bind>
</comp>

<comp id="79" class="1004" name="StgValue_38_access_fu_79">
<pin_list>
<pin id="80" dir="0" index="0" bw="5" slack="0"/>
<pin id="81" dir="0" index="1" bw="8" slack="0"/>
<pin id="82" dir="0" index="2" bw="0" slack="2147483647"/>
<pin id="83" dir="1" index="3" bw="8" slack="2147483647"/>
</pin_list>
<bind>
<opcode="store(28) " fcode="store"/>
<opset="StgValue_38/4 "/>
</bind>
</comp>

<comp id="85" class="1005" name="encode_reg_85">
<pin_list>
<pin id="86" dir="0" index="0" bw="32" slack="1"/>
<pin id="87" dir="1" index="1" bw="32" slack="1"/>
</pin_list>
<bind>
<opset="encode (phireg) "/>
</bind>
</comp>

<comp id="89" class="1004" name="encode_phi_fu_89">
<pin_list>
<pin id="90" dir="0" index="0" bw="1" slack="1"/>
<pin id="91" dir="0" index="1" bw="0" slack="2147483647"/>
<pin id="92" dir="0" index="2" bw="32" slack="1"/>
<pin id="93" dir="0" index="3" bw="0" slack="2147483647"/>
<pin id="94" dir="1" index="4" bw="32" slack="2"/>
</pin_list>
<bind>
<opcode="phi(47) " fcode="phi"/>
<opset="encode/2 "/>
</bind>
</comp>

<comp id="97" class="1005" name="i_reg_97">
<pin_list>
<pin id="98" dir="0" index="0" bw="31" slack="1"/>
<pin id="99" dir="1" index="1" bw="31" slack="1"/>
</pin_list>
<bind>
<opset="i (phireg) "/>
</bind>
</comp>

<comp id="101" class="1004" name="i_phi_fu_101">
<pin_list>
<pin id="102" dir="0" index="0" bw="1" slack="1"/>
<pin id="103" dir="0" index="1" bw="0" slack="2147483647"/>
<pin id="104" dir="0" index="2" bw="31" slack="0"/>
<pin id="105" dir="0" index="3" bw="0" slack="2147483647"/>
<pin id="106" dir="1" index="4" bw="31" slack="0"/>
</pin_list>
<bind>
<opcode="phi(47) " fcode="phi"/>
<opset="i/2 "/>
</bind>
</comp>

<comp id="108" class="1005" name="encode_1_reg_108">
<pin_list>
<pin id="109" dir="0" index="0" bw="32" slack="2147483647"/>
<pin id="110" dir="1" index="1" bw="32" slack="2147483647"/>
</pin_list>
<bind>
<opset="encode_1 (phireg) "/>
</bind>
</comp>

<comp id="111" class="1004" name="encode_1_phi_fu_111">
<pin_list>
<pin id="112" dir="0" index="0" bw="32" slack="1"/>
<pin id="113" dir="0" index="1" bw="0" slack="2147483647"/>
<pin id="114" dir="0" index="2" bw="32" slack="1"/>
<pin id="115" dir="0" index="3" bw="0" slack="2147483647"/>
<pin id="116" dir="0" index="4" bw="32" slack="1"/>
<pin id="117" dir="0" index="5" bw="0" slack="2147483647"/>
<pin id="118" dir="0" index="6" bw="32" slack="1"/>
<pin id="119" dir="0" index="7" bw="0" slack="2147483647"/>
<pin id="120" dir="0" index="8" bw="32" slack="1"/>
<pin id="121" dir="0" index="9" bw="0" slack="2147483647"/>
<pin id="122" dir="0" index="10" bw="32" slack="1"/>
<pin id="123" dir="0" index="11" bw="0" slack="2147483647"/>
<pin id="124" dir="0" index="12" bw="32" slack="2"/>
<pin id="125" dir="0" index="13" bw="0" slack="2147483647"/>
<pin id="126" dir="1" index="14" bw="32" slack="0"/>
</pin_list>
<bind>
<opcode="phi(47) " fcode="phi"/>
<opset="encode_1/4 "/>
</bind>
</comp>

<comp id="128" class="1005" name="encode_2_reg_128">
<pin_list>
<pin id="129" dir="0" index="0" bw="32" slack="1"/>
<pin id="130" dir="1" index="1" bw="32" slack="1"/>
</pin_list>
<bind>
<opset="encode_2 (phireg) "/>
</bind>
</comp>

<comp id="132" class="1004" name="encode_2_phi_fu_132">
<pin_list>
<pin id="133" dir="0" index="0" bw="32" slack="0"/>
<pin id="134" dir="0" index="1" bw="0" slack="2147483647"/>
<pin id="135" dir="0" index="2" bw="32" slack="0"/>
<pin id="136" dir="0" index="3" bw="0" slack="2147483647"/>
<pin id="137" dir="0" index="4" bw="32" slack="0"/>
<pin id="138" dir="0" index="5" bw="0" slack="2147483647"/>
<pin id="139" dir="1" index="6" bw="32" slack="0"/>
</pin_list>
<bind>
<opcode="phi(47) " fcode="phi"/>
<opset="encode_2/4 "/>
</bind>
</comp>

<comp id="142" class="1004" name="i_cast_fu_142">
<pin_list>
<pin id="143" dir="0" index="0" bw="31" slack="0"/>
<pin id="144" dir="1" index="1" bw="32" slack="0"/>
</pin_list>
<bind>
<opcode="zext(34) " fcode="zext"/>
<opset="i_cast/2 "/>
</bind>
</comp>

<comp id="146" class="1004" name="tmp_fu_146">
<pin_list>
<pin id="147" dir="0" index="0" bw="32" slack="0"/>
<pin id="148" dir="0" index="1" bw="32" slack="1"/>
<pin id="149" dir="1" index="2" bw="1" slack="2147483647"/>
</pin_list>
<bind>
<opcode="icmp(45) " fcode="icmp"/>
<opset="tmp/2 "/>
</bind>
</comp>

<comp id="151" class="1004" name="i_13_fu_151">
<pin_list>
<pin id="152" dir="0" index="0" bw="31" slack="0"/>
<pin id="153" dir="0" index="1" bw="1" slack="0"/>
<pin id="154" dir="1" index="2" bw="31" slack="0"/>
</pin_list>
<bind>
<opcode="add(8) " fcode="add"/>
<opset="i_13/2 "/>
</bind>
</comp>

<comp id="157" class="1004" name="tmp_s_fu_157">
<pin_list>
<pin id="158" dir="0" index="0" bw="31" slack="0"/>
<pin id="159" dir="1" index="1" bw="64" slack="0"/>
</pin_list>
<bind>
<opcode="zext(34) " fcode="zext"/>
<opset="tmp_s/2 "/>
</bind>
</comp>

<comp id="162" class="1004" name="encode_4_fu_162">
<pin_list>
<pin id="163" dir="0" index="0" bw="32" slack="0"/>
<pin id="164" dir="0" index="1" bw="5" slack="0"/>
<pin id="165" dir="1" index="2" bw="32" slack="0"/>
</pin_list>
<bind>
<opcode="add(8) " fcode="add"/>
<opset="encode_4/4 "/>
</bind>
</comp>

<comp id="169" class="1004" name="encode_3_fu_169">
<pin_list>
<pin id="170" dir="0" index="0" bw="32" slack="0"/>
<pin id="171" dir="0" index="1" bw="4" slack="0"/>
<pin id="172" dir="1" index="2" bw="32" slack="0"/>
</pin_list>
<bind>
<opcode="add(8) " fcode="add"/>
<opset="encode_3/4 "/>
</bind>
</comp>

<comp id="176" class="1004" name="tmp_160_fu_176">
<pin_list>
<pin id="177" dir="0" index="0" bw="32" slack="0"/>
<pin id="178" dir="1" index="1" bw="8" slack="0"/>
</pin_list>
<bind>
<opcode="trunc(33) " fcode="trunc"/>
<opset="tmp_160/4 "/>
</bind>
</comp>

<comp id="181" class="1005" name="length_read_reg_181">
<pin_list>
<pin id="182" dir="0" index="0" bw="32" slack="1"/>
<pin id="183" dir="1" index="1" bw="32" slack="1"/>
</pin_list>
<bind>
<opset="length_read "/>
</bind>
</comp>

<comp id="189" class="1005" name="i_13_reg_189">
<pin_list>
<pin id="190" dir="0" index="0" bw="31" slack="0"/>
<pin id="191" dir="1" index="1" bw="31" slack="0"/>
</pin_list>
<bind>
<opset="i_13 "/>
</bind>
</comp>

<comp id="194" class="1005" name="tmp_s_reg_194">
<pin_list>
<pin id="195" dir="0" index="0" bw="64" slack="1"/>
<pin id="196" dir="1" index="1" bw="64" slack="1"/>
</pin_list>
<bind>
<opset="tmp_s "/>
</bind>
</comp>

<comp id="200" class="1005" name="search_0_ax_addr_reg_200">
<pin_list>
<pin id="201" dir="0" index="0" bw="5" slack="1"/>
<pin id="202" dir="1" index="1" bw="5" slack="1"/>
</pin_list>
<bind>
<opset="search_0_ax_addr "/>
</bind>
</comp>

<comp id="205" class="1005" name="search_0_ax_load_reg_205">
<pin_list>
<pin id="206" dir="0" index="0" bw="32" slack="1"/>
<pin id="207" dir="1" index="1" bw="32" slack="1"/>
</pin_list>
<bind>
<opset="search_0_ax_load "/>
</bind>
</comp>

<comp id="215" class="1005" name="search_0_po_addr_reg_215">
<pin_list>
<pin id="216" dir="0" index="0" bw="5" slack="1"/>
<pin id="217" dir="1" index="1" bw="5" slack="1"/>
</pin_list>
<bind>
<opset="search_0_po_addr "/>
</bind>
</comp>

</comp_list>

<net_list>
<net id="44"><net_src comp="16" pin="0"/><net_sink comp="40" pin=0"/></net>

<net id="45"><net_src comp="4" pin="0"/><net_sink comp="40" pin=1"/></net>

<net id="51"><net_src comp="0" pin="0"/><net_sink comp="46" pin=0"/></net>

<net id="52"><net_src comp="24" pin="0"/><net_sink comp="46" pin=1"/></net>

<net id="58"><net_src comp="46" pin="3"/><net_sink comp="53" pin=0"/></net>

<net id="64"><net_src comp="2" pin="0"/><net_sink comp="59" pin=0"/></net>

<net id="65"><net_src comp="24" pin="0"/><net_sink comp="59" pin=1"/></net>

<net id="71"><net_src comp="59" pin="3"/><net_sink comp="66" pin=0"/></net>

<net id="77"><net_src comp="6" pin="0"/><net_sink comp="72" pin=0"/></net>

<net id="78"><net_src comp="24" pin="0"/><net_sink comp="72" pin=1"/></net>

<net id="84"><net_src comp="72" pin="3"/><net_sink comp="79" pin=0"/></net>

<net id="88"><net_src comp="18" pin="0"/><net_sink comp="85" pin=0"/></net>

<net id="95"><net_src comp="85" pin="1"/><net_sink comp="89" pin=0"/></net>

<net id="96"><net_src comp="89" pin="4"/><net_sink comp="85" pin=0"/></net>

<net id="100"><net_src comp="20" pin="0"/><net_sink comp="97" pin=0"/></net>

<net id="107"><net_src comp="97" pin="1"/><net_sink comp="101" pin=0"/></net>

<net id="127"><net_src comp="85" pin="1"/><net_sink comp="111" pin=12"/></net>

<net id="131"><net_src comp="128" pin="1"/><net_sink comp="89" pin=2"/></net>

<net id="140"><net_src comp="111" pin="14"/><net_sink comp="132" pin=4"/></net>

<net id="141"><net_src comp="132" pin="6"/><net_sink comp="128" pin=0"/></net>

<net id="145"><net_src comp="101" pin="4"/><net_sink comp="142" pin=0"/></net>

<net id="150"><net_src comp="142" pin="1"/><net_sink comp="146" pin=0"/></net>

<net id="155"><net_src comp="101" pin="4"/><net_sink comp="151" pin=0"/></net>

<net id="156"><net_src comp="22" pin="0"/><net_sink comp="151" pin=1"/></net>

<net id="160"><net_src comp="101" pin="4"/><net_sink comp="157" pin=0"/></net>

<net id="161"><net_src comp="157" pin="1"/><net_sink comp="46" pin=2"/></net>

<net id="166"><net_src comp="111" pin="14"/><net_sink comp="162" pin=0"/></net>

<net id="167"><net_src comp="36" pin="0"/><net_sink comp="162" pin=1"/></net>

<net id="168"><net_src comp="162" pin="2"/><net_sink comp="132" pin=2"/></net>

<net id="173"><net_src comp="111" pin="14"/><net_sink comp="169" pin=0"/></net>

<net id="174"><net_src comp="38" pin="0"/><net_sink comp="169" pin=1"/></net>

<net id="175"><net_src comp="169" pin="2"/><net_sink comp="132" pin=0"/></net>

<net id="179"><net_src comp="132" pin="6"/><net_sink comp="176" pin=0"/></net>

<net id="180"><net_src comp="176" pin="1"/><net_sink comp="79" pin=1"/></net>

<net id="184"><net_src comp="40" pin="2"/><net_sink comp="181" pin=0"/></net>

<net id="185"><net_src comp="181" pin="1"/><net_sink comp="146" pin=1"/></net>

<net id="192"><net_src comp="151" pin="2"/><net_sink comp="189" pin=0"/></net>

<net id="193"><net_src comp="189" pin="1"/><net_sink comp="101" pin=2"/></net>

<net id="197"><net_src comp="157" pin="1"/><net_sink comp="194" pin=0"/></net>

<net id="198"><net_src comp="194" pin="1"/><net_sink comp="59" pin=2"/></net>

<net id="199"><net_src comp="194" pin="1"/><net_sink comp="72" pin=2"/></net>

<net id="203"><net_src comp="46" pin="3"/><net_sink comp="200" pin=0"/></net>

<net id="204"><net_src comp="200" pin="1"/><net_sink comp="53" pin=0"/></net>

<net id="208"><net_src comp="53" pin="3"/><net_sink comp="205" pin=0"/></net>

<net id="209"><net_src comp="205" pin="1"/><net_sink comp="111" pin=0"/></net>

<net id="210"><net_src comp="205" pin="1"/><net_sink comp="111" pin=2"/></net>

<net id="211"><net_src comp="205" pin="1"/><net_sink comp="111" pin=4"/></net>

<net id="212"><net_src comp="205" pin="1"/><net_sink comp="111" pin=6"/></net>

<net id="213"><net_src comp="205" pin="1"/><net_sink comp="111" pin=8"/></net>

<net id="214"><net_src comp="205" pin="1"/><net_sink comp="111" pin=10"/></net>

<net id="218"><net_src comp="59" pin="3"/><net_sink comp="215" pin=0"/></net>

<net id="219"><net_src comp="215" pin="1"/><net_sink comp="66" pin=0"/></net>

</net_list>

</model> 
---------------- Datapath Model END ------------------

* FSMD analyzer results:
  - Output states:
	Port: search_0_ax | {}
	Port: search_0_po | {}
	Port: encode_array | {4 }
 - Input state : 
	Port: solutionToString : search_0_ax | {2 3 }
	Port: solutionToString : search_0_po | {3 4 }
	Port: solutionToString : length_r | {1 }
	Port: solutionToString : encode_array | {}
  - Chain level:
	State 1
	State 2
		i_cast : 1
		tmp : 2
		i_13 : 1
		StgValue_13 : 3
		tmp_s : 1
		search_0_ax_addr : 2
		search_0_ax_load : 3
	State 3
		StgValue_19 : 1
		search_0_po_load : 1
	State 4
		StgValue_30 : 1
		encode_4 : 1
		encode_3 : 1
		encode_2 : 2
		tmp_160 : 3
		StgValue_38 : 4


============================================================
+ Verbose Summary: Datapath Resource usage 
============================================================

* Functional unit list:
|----------|------------------------|---------|---------|
| Operation|     Functional Unit    |    FF   |   LUT   |
|----------|------------------------|---------|---------|
|          |       i_13_fu_151      |    0    |    38   |
|    add   |     encode_4_fu_162    |    0    |    39   |
|          |     encode_3_fu_169    |    0    |    39   |
|----------|------------------------|---------|---------|
|   icmp   |       tmp_fu_146       |    0    |    18   |
|----------|------------------------|---------|---------|
|   read   | length_read_read_fu_40 |    0    |    0    |
|----------|------------------------|---------|---------|
|   zext   |      i_cast_fu_142     |    0    |    0    |
|          |      tmp_s_fu_157      |    0    |    0    |
|----------|------------------------|---------|---------|
|   trunc  |     tmp_160_fu_176     |    0    |    0    |
|----------|------------------------|---------|---------|
|   Total  |                        |    0    |   134   |
|----------|------------------------|---------|---------|

Memories:
N/A

* Register list:
+------------------------+--------+
|                        |   FF   |
+------------------------+--------+
|    encode_1_reg_108    |   32   |
|    encode_2_reg_128    |   32   |
|      encode_reg_85     |   32   |
|      i_13_reg_189      |   31   |
|        i_reg_97        |   31   |
|   length_read_reg_181  |   32   |
|search_0_ax_addr_reg_200|    5   |
|search_0_ax_load_reg_205|   32   |
|search_0_po_addr_reg_215|    5   |
|      tmp_s_reg_194     |   64   |
+------------------------+--------+
|          Total         |   296  |
+------------------------+--------+

* Multiplexer (MUX) list: 
|------------------|------|------|------|--------||---------||---------|
|       Comp       |  Pin | Size |  BW  | S x BW ||  Delay  ||   LUT   |
|------------------|------|------|------|--------||---------||---------|
| grp_access_fu_53 |  p0  |   2  |   5  |   10   ||    9    |
| grp_access_fu_66 |  p0  |   2  |   5  |   10   ||    9    |
|   encode_reg_85  |  p0  |   2  |  32  |   64   ||    9    |
|------------------|------|------|------|--------||---------||---------|
|       Total      |      |      |      |   84   ||  5.307  ||    27   |
|------------------|------|------|------|--------||---------||---------|



* Summary:
+-----------+--------+--------+--------+
|           |  Delay |   FF   |   LUT  |
+-----------+--------+--------+--------+
|  Function |    -   |    0   |   134  |
|   Memory  |    -   |    -   |    -   |
|Multiplexer|    5   |    -   |   27   |
|  Register |    -   |   296  |    -   |
+-----------+--------+--------+--------+
|   Total   |    5   |   296  |   161  |
+-----------+--------+--------+--------+
