

================================================================
== Vivado HLS Report for 'toCubieCube'
================================================================
* Date:           Sat Mar  9 22:55:00 2019

* Version:        2018.2 (Build 2258646 on Thu Jun 14 20:25:20 MDT 2018)
* Project:        kociemba
* Solution:       solution1
* Product family: zynq
* Target device:  xc7z020clg400-1


================================================================
== Performance Estimates
================================================================
+ Timing (ns): 
    * Summary: 
    +--------+-------+----------+------------+
    |  Clock | Target| Estimated| Uncertainty|
    +--------+-------+----------+------------+
    |ap_clk  |  12.00|     7.860|        1.50|
    +--------+-------+----------+------------+

+ Latency (clock cycles): 
    * Summary: 
    +-----+------+-----+------+---------+
    |   Latency  |  Interval  | Pipeline|
    | min |  max | min |  max |   Type  |
    +-----+------+-----+------+---------+
    |  208|  1048|  208|  1048|   none  |
    +-----+------+-----+------+---------+

    + Detail: 
        * Instance: 
        N/A

        * Loop: 
        +-------------+-----+-----+----------+-----------+-----------+--------+----------+
        |             |  Latency  | Iteration|  Initiation Interval  |  Trip  |          |
        |  Loop Name  | min | max |  Latency |  achieved |   target  |  Count | Pipelined|
        +-------------+-----+-----+----------+-----------+-----------+--------+----------+
        |- Loop 1     |    8|    8|         1|          -|          -|       8|    no    |
        |- Loop 2     |   12|   12|         1|          -|          -|      12|    no    |
        |- Loop 3     |   88|  352|  11 ~ 44 |          -|          -|       8|    no    |
        | + Loop 3.1  |    3|   11|         3|          -|          -|  1 ~ 3 |    no    |
        | + Loop 3.2  |    3|   26|         3|          -|          -|  1 ~ 8 |    no    |
        |- Loop 4     |   96|  672|  8 ~ 56  |          -|          -|      12|    no    |
        | + Loop 4.1  |    4|   51|         4|          -|          -| 1 ~ 12 |    no    |
        +-------------+-----+-----+----------+-----------+-----------+--------+----------+

============================================================
+ Verbose Summary: Synthesis Manager
============================================================
InlineROM: 1
ExposeGlobal: 0
============================================================
+ Verbose Summary: CDFG Model
============================================================
IsTopModel: 0
ResetActiveHigh: 1
IsCombinational: 0
IsDatapathOnly: 0
HasWiredReturn: 1
HasMFsm: 0
HasVarLatency: 1
IsPipeline: 0
IsRtlPipelined: 0
IsInstanceOverlapped: 0
IsDontTouch: 0
HasImplIP: 0
IsGatedGlobalClock: 0


============================================================
+ Verbose Summary: Schedule
============================================================
* Number of FSM states : 19
* Pipeline : 0
* Dataflow Pipeline: 0

* FSM state transitions: 
1 --> 
	2  / true
2 --> 
	2  / (!exitcond1)
	3  / (exitcond1)
3 --> 
	3  / (!exitcond9)
	4  / (exitcond9)
4 --> 
	5  / (!exitcond8)
	13  / (exitcond8)
5 --> 
	6  / (!tmp_121)
	7  / (tmp_121)
6 --> 
	7  / true
7 --> 
	5  / (!tmp_121 & !tmp_138)
	8  / (tmp_121) | (tmp_138)
8 --> 
	9  / true
9 --> 
	10  / true
10 --> 
	11  / (!tmp_158)
	12  / (tmp_158)
11 --> 
	12  / true
12 --> 
	10  / (!tmp_158 & !tmp_143) | (!tmp_158 & !tmp_144)
	4  / (tmp_158) | (tmp_143 & tmp_144)
13 --> 
	14  / (!exitcond)
14 --> 
	15  / true
15 --> 
	16  / true
16 --> 
	17  / (tmp_127)
	19  / (!tmp_127)
17 --> 
	18  / true
18 --> 
	19  / true
19 --> 
	16  / (tmp_127 & !tmp_137 & !or_cond) | (tmp_127 & !tmp_139 & !or_cond)
	13  / (!tmp_127) | (or_cond) | (tmp_137 & tmp_139)

* FSM state operations: 

State 1 <SV = 0> <Delay = 1.76>
ST_1 : Operation 20 [1/1] (1.76ns)   --->   "br label %1" [kociemba/facecube.c:96]   --->   Operation 20 'br' <Predicate = true> <Delay = 1.76>

State 2 <SV = 1> <Delay = 2.32>
ST_2 : Operation 21 [1/1] (0.00ns)   --->   "%i = phi i4 [ 0, %0 ], [ %i_10, %2 ]"   --->   Operation 21 'phi' 'i' <Predicate = true> <Delay = 0.00>
ST_2 : Operation 22 [1/1] (1.30ns)   --->   "%exitcond1 = icmp eq i4 %i, -8" [kociemba/facecube.c:96]   --->   Operation 22 'icmp' 'exitcond1' <Predicate = true> <Delay = 1.30> <Core = "Cmp">   --->   Core 25 'Cmp' <Latency = 0> <II = 1> <Delay = 1.13> <FuncUnit> <Opcode : 'icmp'> <InPorts = 2> <OutPorts = 1>
ST_2 : Operation 23 [1/1] (0.00ns)   --->   "%empty = call i32 (...)* @_ssdm_op_SpecLoopTripCount(i64 8, i64 8, i64 8)"   --->   Operation 23 'speclooptripcount' 'empty' <Predicate = true> <Delay = 0.00>
ST_2 : Operation 24 [1/1] (1.73ns)   --->   "%i_10 = add i4 %i, 1" [kociemba/facecube.c:96]   --->   Operation 24 'add' 'i_10' <Predicate = true> <Delay = 1.73> <Core = "AddSub">   --->   Core 14 'AddSub' <Latency = 0> <II = 1> <Delay = 1.73> <FuncUnit> <Opcode : 'add' 'sub'> <InPorts = 2> <OutPorts = 1>
ST_2 : Operation 25 [1/1] (0.00ns)   --->   "br i1 %exitcond1, label %.preheader19.preheader, label %2" [kociemba/facecube.c:96]   --->   Operation 25 'br' <Predicate = true> <Delay = 0.00>
ST_2 : Operation 26 [1/1] (0.00ns)   --->   "%tmp = zext i4 %i to i64" [kociemba/facecube.c:97]   --->   Operation 26 'zext' 'tmp' <Predicate = (!exitcond1)> <Delay = 0.00>
ST_2 : Operation 27 [1/1] (0.00ns)   --->   "%ccRet_cp_0_addr = getelementptr [8 x i3]* @ccRet_cp_0, i64 0, i64 %tmp" [kociemba/facecube.c:97]   --->   Operation 27 'getelementptr' 'ccRet_cp_0_addr' <Predicate = (!exitcond1)> <Delay = 0.00>
ST_2 : Operation 28 [1/1] (2.32ns)   --->   "store i3 0, i3* %ccRet_cp_0_addr, align 1" [kociemba/facecube.c:97]   --->   Operation 28 'store' <Predicate = (!exitcond1)> <Delay = 2.32> <Core = "RAM">   --->   Core 37 'RAM' <Latency = 1> <II = 1> <Delay = 2.32> <Storage> <Opcode : 'load' 'store'> <Ports = 2> <Width = 1> <Depth = 12> <RAM>
ST_2 : Operation 29 [1/1] (0.00ns)   --->   "br label %1" [kociemba/facecube.c:96]   --->   Operation 29 'br' <Predicate = (!exitcond1)> <Delay = 0.00>
ST_2 : Operation 30 [1/1] (1.76ns)   --->   "br label %.preheader19" [kociemba/facecube.c:98]   --->   Operation 30 'br' <Predicate = (exitcond1)> <Delay = 1.76>

State 3 <SV = 2> <Delay = 2.32>
ST_3 : Operation 31 [1/1] (0.00ns)   --->   "%i_1 = phi i4 [ %i_11, %3 ], [ 0, %.preheader19.preheader ]"   --->   Operation 31 'phi' 'i_1' <Predicate = true> <Delay = 0.00>
ST_3 : Operation 32 [1/1] (1.30ns)   --->   "%exitcond9 = icmp eq i4 %i_1, -4" [kociemba/facecube.c:98]   --->   Operation 32 'icmp' 'exitcond9' <Predicate = true> <Delay = 1.30> <Core = "Cmp">   --->   Core 25 'Cmp' <Latency = 0> <II = 1> <Delay = 1.13> <FuncUnit> <Opcode : 'icmp'> <InPorts = 2> <OutPorts = 1>
ST_3 : Operation 33 [1/1] (0.00ns)   --->   "%empty_33 = call i32 (...)* @_ssdm_op_SpecLoopTripCount(i64 12, i64 12, i64 12)"   --->   Operation 33 'speclooptripcount' 'empty_33' <Predicate = true> <Delay = 0.00>
ST_3 : Operation 34 [1/1] (1.73ns)   --->   "%i_11 = add i4 %i_1, 1" [kociemba/facecube.c:98]   --->   Operation 34 'add' 'i_11' <Predicate = true> <Delay = 1.73> <Core = "AddSub">   --->   Core 14 'AddSub' <Latency = 0> <II = 1> <Delay = 1.73> <FuncUnit> <Opcode : 'add' 'sub'> <InPorts = 2> <OutPorts = 1>
ST_3 : Operation 35 [1/1] (0.00ns)   --->   "br i1 %exitcond9, label %.preheader18.preheader, label %3" [kociemba/facecube.c:98]   --->   Operation 35 'br' <Predicate = true> <Delay = 0.00>
ST_3 : Operation 36 [1/1] (0.00ns)   --->   "%tmp_s = zext i4 %i_1 to i64" [kociemba/facecube.c:99]   --->   Operation 36 'zext' 'tmp_s' <Predicate = (!exitcond9)> <Delay = 0.00>
ST_3 : Operation 37 [1/1] (0.00ns)   --->   "%ccRet_ep_0_addr = getelementptr [12 x i4]* @ccRet_ep_0, i64 0, i64 %tmp_s" [kociemba/facecube.c:99]   --->   Operation 37 'getelementptr' 'ccRet_ep_0_addr' <Predicate = (!exitcond9)> <Delay = 0.00>
ST_3 : Operation 38 [1/1] (2.32ns)   --->   "store i4 0, i4* %ccRet_ep_0_addr, align 1" [kociemba/facecube.c:99]   --->   Operation 38 'store' <Predicate = (!exitcond9)> <Delay = 2.32> <Core = "RAM">   --->   Core 37 'RAM' <Latency = 1> <II = 1> <Delay = 2.32> <Storage> <Opcode : 'load' 'store'> <Ports = 2> <Width = 1> <Depth = 12> <RAM>
ST_3 : Operation 39 [1/1] (0.00ns)   --->   "br label %.preheader19" [kociemba/facecube.c:98]   --->   Operation 39 'br' <Predicate = (!exitcond9)> <Delay = 0.00>
ST_3 : Operation 40 [1/1] (1.76ns)   --->   "br label %.preheader18" [kociemba/facecube.c:101]   --->   Operation 40 'br' <Predicate = (exitcond9)> <Delay = 1.76>

State 4 <SV = 3> <Delay = 1.82>
ST_4 : Operation 41 [1/1] (0.00ns)   --->   "%i_2 = phi i4 [ %i_12, %.loopexit1 ], [ 0, %.preheader18.preheader ]"   --->   Operation 41 'phi' 'i_2' <Predicate = true> <Delay = 0.00>
ST_4 : Operation 42 [1/1] (1.30ns)   --->   "%exitcond8 = icmp eq i4 %i_2, -8" [kociemba/facecube.c:101]   --->   Operation 42 'icmp' 'exitcond8' <Predicate = true> <Delay = 1.30> <Core = "Cmp">   --->   Core 25 'Cmp' <Latency = 0> <II = 1> <Delay = 1.13> <FuncUnit> <Opcode : 'icmp'> <InPorts = 2> <OutPorts = 1>
ST_4 : Operation 43 [1/1] (0.00ns)   --->   "%empty_34 = call i32 (...)* @_ssdm_op_SpecLoopTripCount(i64 8, i64 8, i64 8)"   --->   Operation 43 'speclooptripcount' 'empty_34' <Predicate = true> <Delay = 0.00>
ST_4 : Operation 44 [1/1] (1.73ns)   --->   "%i_12 = add i4 %i_2, 1" [kociemba/facecube.c:101]   --->   Operation 44 'add' 'i_12' <Predicate = true> <Delay = 1.73> <Core = "AddSub">   --->   Core 14 'AddSub' <Latency = 0> <II = 1> <Delay = 1.73> <FuncUnit> <Opcode : 'add' 'sub'> <InPorts = 2> <OutPorts = 1>
ST_4 : Operation 45 [1/1] (0.00ns)   --->   "br i1 %exitcond8, label %.preheader13.preheader, label %.preheader15.preheader" [kociemba/facecube.c:101]   --->   Operation 45 'br' <Predicate = true> <Delay = 0.00>
ST_4 : Operation 46 [1/1] (0.00ns)   --->   "%tmp_120 = zext i4 %i_2 to i64" [kociemba/facecube.c:104]   --->   Operation 46 'zext' 'tmp_120' <Predicate = (!exitcond8)> <Delay = 0.00>
ST_4 : Operation 47 [1/1] (0.00ns)   --->   "%tmp_120_cast = zext i4 %i_2 to i6" [kociemba/facecube.c:101]   --->   Operation 47 'zext' 'tmp_120_cast' <Predicate = (!exitcond8)> <Delay = 0.00>
ST_4 : Operation 48 [1/1] (0.00ns)   --->   "%tmp_145 = call i6 @_ssdm_op_BitConcatenate.i6.i4.i2(i4 %i_2, i2 0)" [kociemba/facecube.c:101]   --->   Operation 48 'bitconcatenate' 'tmp_145' <Predicate = (!exitcond8)> <Delay = 0.00>
ST_4 : Operation 49 [1/1] (1.82ns)   --->   "%tmp_147 = sub i6 %tmp_145, %tmp_120_cast" [kociemba/facecube.c:104]   --->   Operation 49 'sub' 'tmp_147' <Predicate = (!exitcond8)> <Delay = 1.82> <Core = "AddSub">   --->   Core 14 'AddSub' <Latency = 0> <II = 1> <Delay = 1.73> <FuncUnit> <Opcode : 'add' 'sub'> <InPorts = 2> <OutPorts = 1>
ST_4 : Operation 50 [1/1] (1.76ns)   --->   "br label %.preheader15" [kociemba/facecube.c:103]   --->   Operation 50 'br' <Predicate = (!exitcond8)> <Delay = 1.76>
ST_4 : Operation 51 [1/1] (1.76ns)   --->   "br label %.preheader13" [kociemba/facecube.c:119]   --->   Operation 51 'br' <Predicate = (exitcond8)> <Delay = 1.76>

State 5 <SV = 4> <Delay = 5.07>
ST_5 : Operation 52 [1/1] (0.00ns)   --->   "%ori = phi i2 [ 0, %.preheader15.preheader ], [ %ori_1, %4 ]"   --->   Operation 52 'phi' 'ori' <Predicate = true> <Delay = 0.00>
ST_5 : Operation 53 [1/1] (0.95ns)   --->   "%tmp_121 = icmp eq i2 %ori, -1" [kociemba/facecube.c:103]   --->   Operation 53 'icmp' 'tmp_121' <Predicate = true> <Delay = 0.95> <Core = "Cmp">   --->   Core 25 'Cmp' <Latency = 0> <II = 1> <Delay = 1.13> <FuncUnit> <Opcode : 'icmp'> <InPorts = 2> <OutPorts = 1>
ST_5 : Operation 54 [1/1] (0.00ns)   --->   "%empty_35 = call i32 (...)* @_ssdm_op_SpecLoopTripCount(i64 1, i64 3, i64 2)"   --->   Operation 54 'speclooptripcount' 'empty_35' <Predicate = true> <Delay = 0.00>
ST_5 : Operation 55 [1/1] (1.56ns)   --->   "%ori_1 = add i2 %ori, 1" [kociemba/facecube.c:103]   --->   Operation 55 'add' 'ori_1' <Predicate = true> <Delay = 1.56> <Core = "AddSub">   --->   Core 14 'AddSub' <Latency = 0> <II = 1> <Delay = 1.73> <FuncUnit> <Opcode : 'add' 'sub'> <InPorts = 2> <OutPorts = 1>
ST_5 : Operation 56 [1/1] (0.00ns)   --->   "br i1 %tmp_121, label %.loopexit2, label %4" [kociemba/facecube.c:103]   --->   Operation 56 'br' <Predicate = true> <Delay = 0.00>
ST_5 : Operation 57 [1/1] (0.00ns)   --->   "%tmp_125_cast = zext i2 %ori to i6" [kociemba/facecube.c:104]   --->   Operation 57 'zext' 'tmp_125_cast' <Predicate = (!tmp_121)> <Delay = 0.00>
ST_5 : Operation 58 [1/1] (1.82ns)   --->   "%tmp_148 = add i6 %tmp_147, %tmp_125_cast" [kociemba/facecube.c:104]   --->   Operation 58 'add' 'tmp_148' <Predicate = (!tmp_121)> <Delay = 1.82> <Core = "AddSub">   --->   Core 14 'AddSub' <Latency = 0> <II = 1> <Delay = 1.73> <FuncUnit> <Opcode : 'add' 'sub'> <InPorts = 2> <OutPorts = 1>
ST_5 : Operation 59 [1/1] (0.00ns)   --->   "%tmp_149_cast = sext i6 %tmp_148 to i64" [kociemba/facecube.c:104]   --->   Operation 59 'sext' 'tmp_149_cast' <Predicate = (!tmp_121)> <Delay = 0.00>
ST_5 : Operation 60 [1/1] (0.00ns)   --->   "%cornerFacelet_addr = getelementptr [24 x i6]* @cornerFacelet, i64 0, i64 %tmp_149_cast" [kociemba/facecube.c:104]   --->   Operation 60 'getelementptr' 'cornerFacelet_addr' <Predicate = (!tmp_121)> <Delay = 0.00>
ST_5 : Operation 61 [2/2] (3.25ns)   --->   "%cornerFacelet_load = load i6* %cornerFacelet_addr, align 1" [kociemba/facecube.c:104]   --->   Operation 61 'load' 'cornerFacelet_load' <Predicate = (!tmp_121)> <Delay = 3.25> <Core = "ROM_nP">   --->   Core 48 'ROM_nP' <Latency = 1> <II = 1> <Delay = 3.25> <Storage> <Opcode : 'load'> <Ports = 0> <Width = 3> <Depth = 12> <ROM>

State 6 <SV = 5> <Delay = 5.57>
ST_6 : Operation 62 [1/2] (3.25ns)   --->   "%cornerFacelet_load = load i6* %cornerFacelet_addr, align 1" [kociemba/facecube.c:104]   --->   Operation 62 'load' 'cornerFacelet_load' <Predicate = true> <Delay = 3.25> <Core = "ROM_nP">   --->   Core 48 'ROM_nP' <Latency = 1> <II = 1> <Delay = 3.25> <Storage> <Opcode : 'load'> <Ports = 0> <Width = 3> <Depth = 12> <ROM>
ST_6 : Operation 63 [1/1] (0.00ns)   --->   "%tmp_126 = zext i6 %cornerFacelet_load to i64" [kociemba/facecube.c:104]   --->   Operation 63 'zext' 'tmp_126' <Predicate = true> <Delay = 0.00>
ST_6 : Operation 64 [1/1] (0.00ns)   --->   "%facecube_0_f_addr_2 = getelementptr [54 x i3]* %facecube_0_f, i64 0, i64 %tmp_126" [kociemba/facecube.c:104]   --->   Operation 64 'getelementptr' 'facecube_0_f_addr_2' <Predicate = true> <Delay = 0.00>
ST_6 : Operation 65 [2/2] (2.32ns)   --->   "%facecube_0_f_load_2 = load i3* %facecube_0_f_addr_2, align 1" [kociemba/facecube.c:104]   --->   Operation 65 'load' 'facecube_0_f_load_2' <Predicate = true> <Delay = 2.32> <Core = "RAM">   --->   Core 37 'RAM' <Latency = 1> <II = 1> <Delay = 2.32> <Storage> <Opcode : 'load' 'store'> <Ports = 2> <Width = 1> <Depth = 12> <RAM>

State 7 <SV = 6> <Delay = 7.85>
ST_7 : Operation 66 [1/2] (2.32ns)   --->   "%facecube_0_f_load_2 = load i3* %facecube_0_f_addr_2, align 1" [kociemba/facecube.c:104]   --->   Operation 66 'load' 'facecube_0_f_load_2' <Predicate = (!tmp_121)> <Delay = 2.32> <Core = "RAM">   --->   Core 37 'RAM' <Latency = 1> <II = 1> <Delay = 2.32> <Storage> <Opcode : 'load' 'store'> <Ports = 2> <Width = 1> <Depth = 12> <RAM>
ST_7 : Operation 67 [1/1] (1.13ns)   --->   "%tmp_133 = icmp eq i3 %facecube_0_f_load_2, 3" [kociemba/facecube.c:104]   --->   Operation 67 'icmp' 'tmp_133' <Predicate = (!tmp_121)> <Delay = 1.13> <Core = "Cmp">   --->   Core 25 'Cmp' <Latency = 0> <II = 1> <Delay = 1.13> <FuncUnit> <Opcode : 'icmp'> <InPorts = 2> <OutPorts = 1>
ST_7 : Operation 68 [1/1] (1.13ns)   --->   "%tmp_134 = icmp eq i3 %facecube_0_f_load_2, 0" [kociemba/facecube.c:104]   --->   Operation 68 'icmp' 'tmp_134' <Predicate = (!tmp_121)> <Delay = 1.13> <Core = "Cmp">   --->   Core 25 'Cmp' <Latency = 0> <II = 1> <Delay = 1.13> <FuncUnit> <Opcode : 'icmp'> <InPorts = 2> <OutPorts = 1>
ST_7 : Operation 69 [1/1] (0.97ns)   --->   "%tmp_138 = or i1 %tmp_134, %tmp_133" [kociemba/facecube.c:104]   --->   Operation 69 'or' 'tmp_138' <Predicate = (!tmp_121)> <Delay = 0.97> <Core = "LogicGate">   --->   Core 27 'LogicGate' <Latency = 0> <II = 1> <Delay = 0.97> <FuncUnit> <Opcode : 'and' 'or' 'xor'> <InPorts = 2> <OutPorts = 1>
ST_7 : Operation 70 [1/1] (0.00ns)   --->   "br i1 %tmp_138, label %.loopexit2, label %.preheader15" [kociemba/facecube.c:104]   --->   Operation 70 'br' <Predicate = (!tmp_121)> <Delay = 0.00>
ST_7 : Operation 71 [1/1] (0.00ns)   --->   "%tmp_148_cast = zext i2 %ori to i3" [kociemba/facecube.c:106]   --->   Operation 71 'zext' 'tmp_148_cast' <Predicate = (tmp_121) | (tmp_138)> <Delay = 0.00>
ST_7 : Operation 72 [1/1] (1.56ns)   --->   "%tmp_128 = add i3 %tmp_148_cast, 1" [kociemba/facecube.c:106]   --->   Operation 72 'add' 'tmp_128' <Predicate = (tmp_121) | (tmp_138)> <Delay = 1.56> <Core = "AddSub">   --->   Core 14 'AddSub' <Latency = 0> <II = 1> <Delay = 1.73> <FuncUnit> <Opcode : 'add' 'sub'> <InPorts = 2> <OutPorts = 1>
ST_7 : Operation 73 [1/1] (1.13ns)   --->   "%tmp_149 = icmp ult i3 %tmp_128, 3" [kociemba/facecube.c:106]   --->   Operation 73 'icmp' 'tmp_149' <Predicate = (tmp_121) | (tmp_138)> <Delay = 1.13> <Core = "Cmp">   --->   Core 25 'Cmp' <Latency = 0> <II = 1> <Delay = 1.13> <FuncUnit> <Opcode : 'icmp'> <InPorts = 2> <OutPorts = 1>
ST_7 : Operation 74 [1/1] (0.00ns) (grouped into LUT with out node tmp_152)   --->   "%tmp_150 = xor i2 %ori, -2" [kociemba/facecube.c:106]   --->   Operation 74 'xor' 'tmp_150' <Predicate = (tmp_121) | (tmp_138)> <Delay = 0.00> <Core = "LogicGate">   --->   Core 27 'LogicGate' <Latency = 0> <II = 1> <Delay = 0.97> <FuncUnit> <Opcode : 'and' 'or' 'xor'> <InPorts = 2> <OutPorts = 1>
ST_7 : Operation 75 [1/1] (0.00ns) (grouped into LUT with out node tmp_152)   --->   "%tmp_151_cast = sext i2 %tmp_150 to i3" [kociemba/facecube.c:106]   --->   Operation 75 'sext' 'tmp_151_cast' <Predicate = (tmp_121) | (tmp_138)> <Delay = 0.00>
ST_7 : Operation 76 [1/1] (0.00ns) (grouped into LUT with out node tmp_152)   --->   "%tmp_151 = select i1 %tmp_149, i3 %tmp_128, i3 %tmp_151_cast" [kociemba/facecube.c:106]   --->   Operation 76 'select' 'tmp_151' <Predicate = (tmp_121) | (tmp_138)> <Delay = 0.00> <Core = "Sel">   --->   Core 26 'Sel' <Latency = 0> <II = 1> <Delay = 0.99> <FuncUnit> <Opcode : 'select'> <InPorts = 3> <OutPorts = 1>
ST_7 : Operation 77 [1/1] (0.00ns) (grouped into LUT with out node tmp_152)   --->   "%tmp_130_cast = zext i3 %tmp_151 to i6" [kociemba/facecube.c:106]   --->   Operation 77 'zext' 'tmp_130_cast' <Predicate = (tmp_121) | (tmp_138)> <Delay = 0.00>
ST_7 : Operation 78 [1/1] (1.82ns) (out node of the LUT)   --->   "%tmp_152 = add i6 %tmp_130_cast, %tmp_147" [kociemba/facecube.c:106]   --->   Operation 78 'add' 'tmp_152' <Predicate = (tmp_121) | (tmp_138)> <Delay = 1.82> <Core = "AddSub">   --->   Core 14 'AddSub' <Latency = 0> <II = 1> <Delay = 1.73> <FuncUnit> <Opcode : 'add' 'sub'> <InPorts = 2> <OutPorts = 1>
ST_7 : Operation 79 [1/1] (0.00ns)   --->   "%tmp_152_cast = sext i6 %tmp_152 to i64" [kociemba/facecube.c:106]   --->   Operation 79 'sext' 'tmp_152_cast' <Predicate = (tmp_121) | (tmp_138)> <Delay = 0.00>
ST_7 : Operation 80 [1/1] (0.00ns)   --->   "%cornerFacelet_addr_1 = getelementptr [24 x i6]* @cornerFacelet, i64 0, i64 %tmp_152_cast" [kociemba/facecube.c:106]   --->   Operation 80 'getelementptr' 'cornerFacelet_addr_1' <Predicate = (tmp_121) | (tmp_138)> <Delay = 0.00>
ST_7 : Operation 81 [2/2] (3.25ns)   --->   "%cornerFacelet_load_1 = load i6* %cornerFacelet_addr_1, align 1" [kociemba/facecube.c:106]   --->   Operation 81 'load' 'cornerFacelet_load_1' <Predicate = (tmp_121) | (tmp_138)> <Delay = 3.25> <Core = "ROM_nP">   --->   Core 48 'ROM_nP' <Latency = 1> <II = 1> <Delay = 3.25> <Storage> <Opcode : 'load'> <Ports = 0> <Width = 3> <Depth = 12> <ROM>
ST_7 : Operation 82 [1/1] (1.65ns)   --->   "%tmp_132 = add i3 %tmp_148_cast, 2" [kociemba/facecube.c:107]   --->   Operation 82 'add' 'tmp_132' <Predicate = (tmp_121) | (tmp_138)> <Delay = 1.65> <Core = "AddSub">   --->   Core 14 'AddSub' <Latency = 0> <II = 1> <Delay = 1.73> <FuncUnit> <Opcode : 'add' 'sub'> <InPorts = 2> <OutPorts = 1>
ST_7 : Operation 83 [1/1] (1.13ns)   --->   "%tmp_153 = icmp ult i3 %tmp_132, 3" [kociemba/facecube.c:107]   --->   Operation 83 'icmp' 'tmp_153' <Predicate = (tmp_121) | (tmp_138)> <Delay = 1.13> <Core = "Cmp">   --->   Core 25 'Cmp' <Latency = 0> <II = 1> <Delay = 1.13> <FuncUnit> <Opcode : 'icmp'> <InPorts = 2> <OutPorts = 1>
ST_7 : Operation 84 [1/1] (1.56ns)   --->   "%tmp_154 = add i3 %tmp_148_cast, -1" [kociemba/facecube.c:107]   --->   Operation 84 'add' 'tmp_154' <Predicate = (tmp_121) | (tmp_138)> <Delay = 1.56> <Core = "AddSub">   --->   Core 14 'AddSub' <Latency = 0> <II = 1> <Delay = 1.73> <FuncUnit> <Opcode : 'add' 'sub'> <InPorts = 2> <OutPorts = 1>
ST_7 : Operation 85 [1/1] (0.00ns) (grouped into LUT with out node tmp_155)   --->   "%tmp_157 = select i1 %tmp_153, i3 %tmp_132, i3 %tmp_154" [kociemba/facecube.c:107]   --->   Operation 85 'select' 'tmp_157' <Predicate = (tmp_121) | (tmp_138)> <Delay = 0.00> <Core = "Sel">   --->   Core 26 'Sel' <Latency = 0> <II = 1> <Delay = 0.99> <FuncUnit> <Opcode : 'select'> <InPorts = 3> <OutPorts = 1>
ST_7 : Operation 86 [1/1] (0.00ns) (grouped into LUT with out node tmp_155)   --->   "%tmp_134_cast = zext i3 %tmp_157 to i6" [kociemba/facecube.c:107]   --->   Operation 86 'zext' 'tmp_134_cast' <Predicate = (tmp_121) | (tmp_138)> <Delay = 0.00>
ST_7 : Operation 87 [1/1] (1.82ns) (out node of the LUT)   --->   "%tmp_155 = add i6 %tmp_134_cast, %tmp_147" [kociemba/facecube.c:107]   --->   Operation 87 'add' 'tmp_155' <Predicate = (tmp_121) | (tmp_138)> <Delay = 1.82> <Core = "AddSub">   --->   Core 14 'AddSub' <Latency = 0> <II = 1> <Delay = 1.73> <FuncUnit> <Opcode : 'add' 'sub'> <InPorts = 2> <OutPorts = 1>
ST_7 : Operation 88 [1/1] (0.00ns)   --->   "%tmp_155_cast = sext i6 %tmp_155 to i64" [kociemba/facecube.c:107]   --->   Operation 88 'sext' 'tmp_155_cast' <Predicate = (tmp_121) | (tmp_138)> <Delay = 0.00>
ST_7 : Operation 89 [1/1] (0.00ns)   --->   "%cornerFacelet_addr_2 = getelementptr [24 x i6]* @cornerFacelet, i64 0, i64 %tmp_155_cast" [kociemba/facecube.c:107]   --->   Operation 89 'getelementptr' 'cornerFacelet_addr_2' <Predicate = (tmp_121) | (tmp_138)> <Delay = 0.00>
ST_7 : Operation 90 [2/2] (3.25ns)   --->   "%cornerFacelet_load_2 = load i6* %cornerFacelet_addr_2, align 1" [kociemba/facecube.c:107]   --->   Operation 90 'load' 'cornerFacelet_load_2' <Predicate = (tmp_121) | (tmp_138)> <Delay = 3.25> <Core = "ROM_nP">   --->   Core 48 'ROM_nP' <Latency = 1> <II = 1> <Delay = 3.25> <Storage> <Opcode : 'load'> <Ports = 0> <Width = 3> <Depth = 12> <ROM>

State 8 <SV = 7> <Delay = 5.57>
ST_8 : Operation 91 [1/2] (3.25ns)   --->   "%cornerFacelet_load_1 = load i6* %cornerFacelet_addr_1, align 1" [kociemba/facecube.c:106]   --->   Operation 91 'load' 'cornerFacelet_load_1' <Predicate = true> <Delay = 3.25> <Core = "ROM_nP">   --->   Core 48 'ROM_nP' <Latency = 1> <II = 1> <Delay = 3.25> <Storage> <Opcode : 'load'> <Ports = 0> <Width = 3> <Depth = 12> <ROM>
ST_8 : Operation 92 [1/1] (0.00ns)   --->   "%tmp_131 = zext i6 %cornerFacelet_load_1 to i64" [kociemba/facecube.c:106]   --->   Operation 92 'zext' 'tmp_131' <Predicate = true> <Delay = 0.00>
ST_8 : Operation 93 [1/1] (0.00ns)   --->   "%facecube_0_f_addr_3 = getelementptr [54 x i3]* %facecube_0_f, i64 0, i64 %tmp_131" [kociemba/facecube.c:106]   --->   Operation 93 'getelementptr' 'facecube_0_f_addr_3' <Predicate = true> <Delay = 0.00>
ST_8 : Operation 94 [2/2] (2.32ns)   --->   "%col1 = load i3* %facecube_0_f_addr_3, align 1" [kociemba/facecube.c:106]   --->   Operation 94 'load' 'col1' <Predicate = true> <Delay = 2.32> <Core = "RAM">   --->   Core 37 'RAM' <Latency = 1> <II = 1> <Delay = 2.32> <Storage> <Opcode : 'load' 'store'> <Ports = 2> <Width = 1> <Depth = 12> <RAM>
ST_8 : Operation 95 [1/2] (3.25ns)   --->   "%cornerFacelet_load_2 = load i6* %cornerFacelet_addr_2, align 1" [kociemba/facecube.c:107]   --->   Operation 95 'load' 'cornerFacelet_load_2' <Predicate = true> <Delay = 3.25> <Core = "ROM_nP">   --->   Core 48 'ROM_nP' <Latency = 1> <II = 1> <Delay = 3.25> <Storage> <Opcode : 'load'> <Ports = 0> <Width = 3> <Depth = 12> <ROM>
ST_8 : Operation 96 [1/1] (0.00ns)   --->   "%tmp_135 = zext i6 %cornerFacelet_load_2 to i64" [kociemba/facecube.c:107]   --->   Operation 96 'zext' 'tmp_135' <Predicate = true> <Delay = 0.00>
ST_8 : Operation 97 [1/1] (0.00ns)   --->   "%facecube_0_f_addr_4 = getelementptr [54 x i3]* %facecube_0_f, i64 0, i64 %tmp_135" [kociemba/facecube.c:107]   --->   Operation 97 'getelementptr' 'facecube_0_f_addr_4' <Predicate = true> <Delay = 0.00>
ST_8 : Operation 98 [2/2] (2.32ns)   --->   "%col2 = load i3* %facecube_0_f_addr_4, align 1" [kociemba/facecube.c:107]   --->   Operation 98 'load' 'col2' <Predicate = true> <Delay = 2.32> <Core = "RAM">   --->   Core 37 'RAM' <Latency = 1> <II = 1> <Delay = 2.32> <Storage> <Opcode : 'load' 'store'> <Ports = 2> <Width = 1> <Depth = 12> <RAM>

State 9 <SV = 8> <Delay = 2.32>
ST_9 : Operation 99 [1/2] (2.32ns)   --->   "%col1 = load i3* %facecube_0_f_addr_3, align 1" [kociemba/facecube.c:106]   --->   Operation 99 'load' 'col1' <Predicate = true> <Delay = 2.32> <Core = "RAM">   --->   Core 37 'RAM' <Latency = 1> <II = 1> <Delay = 2.32> <Storage> <Opcode : 'load' 'store'> <Ports = 2> <Width = 1> <Depth = 12> <RAM>
ST_9 : Operation 100 [1/2] (2.32ns)   --->   "%col2 = load i3* %facecube_0_f_addr_4, align 1" [kociemba/facecube.c:107]   --->   Operation 100 'load' 'col2' <Predicate = true> <Delay = 2.32> <Core = "RAM">   --->   Core 37 'RAM' <Latency = 1> <II = 1> <Delay = 2.32> <Storage> <Opcode : 'load' 'store'> <Ports = 2> <Width = 1> <Depth = 12> <RAM>
ST_9 : Operation 101 [1/1] (1.76ns)   --->   "br label %5" [kociemba/facecube.c:109]   --->   Operation 101 'br' <Predicate = true> <Delay = 1.76>

State 10 <SV = 9> <Delay = 3.25>
ST_10 : Operation 102 [1/1] (0.00ns)   --->   "%j = phi i4 [ 0, %.loopexit2 ], [ %j_3, %._crit_edge ]"   --->   Operation 102 'phi' 'j' <Predicate = true> <Delay = 0.00>
ST_10 : Operation 103 [1/1] (0.00ns)   --->   "%tmp_158 = call i1 @_ssdm_op_BitSelect.i1.i4.i32(i4 %j, i32 3)" [kociemba/facecube.c:109]   --->   Operation 103 'bitselect' 'tmp_158' <Predicate = true> <Delay = 0.00>
ST_10 : Operation 104 [1/1] (0.00ns)   --->   "%empty_36 = call i32 (...)* @_ssdm_op_SpecLoopTripCount(i64 1, i64 8, i64 4)"   --->   Operation 104 'speclooptripcount' 'empty_36' <Predicate = true> <Delay = 0.00>
ST_10 : Operation 105 [1/1] (1.73ns)   --->   "%j_3 = add i4 %j, 1" [kociemba/facecube.c:109]   --->   Operation 105 'add' 'j_3' <Predicate = true> <Delay = 1.73> <Core = "AddSub">   --->   Core 14 'AddSub' <Latency = 0> <II = 1> <Delay = 1.73> <FuncUnit> <Opcode : 'add' 'sub'> <InPorts = 2> <OutPorts = 1>
ST_10 : Operation 106 [1/1] (0.00ns)   --->   "br i1 %tmp_158, label %.loopexit1.loopexit, label %6" [kociemba/facecube.c:109]   --->   Operation 106 'br' <Predicate = true> <Delay = 0.00>
ST_10 : Operation 107 [1/1] (0.00ns)   --->   "%tmp_142 = zext i4 %j to i64" [kociemba/facecube.c:110]   --->   Operation 107 'zext' 'tmp_142' <Predicate = (!tmp_158)> <Delay = 0.00>
ST_10 : Operation 108 [1/1] (0.00ns)   --->   "%cornerColor_1_addr = getelementptr [8 x i3]* @cornerColor_1, i64 0, i64 %tmp_142" [kociemba/facecube.c:110]   --->   Operation 108 'getelementptr' 'cornerColor_1_addr' <Predicate = (!tmp_158)> <Delay = 0.00>
ST_10 : Operation 109 [2/2] (3.25ns)   --->   "%cornerColor_1_load = load i3* %cornerColor_1_addr, align 1" [kociemba/facecube.c:110]   --->   Operation 109 'load' 'cornerColor_1_load' <Predicate = (!tmp_158)> <Delay = 3.25> <Core = "ROM_nP">   --->   Core 48 'ROM_nP' <Latency = 1> <II = 1> <Delay = 3.25> <Storage> <Opcode : 'load'> <Ports = 0> <Width = 3> <Depth = 12> <ROM>
ST_10 : Operation 110 [1/1] (0.00ns)   --->   "br label %.loopexit1"   --->   Operation 110 'br' <Predicate = (tmp_158)> <Delay = 0.00>

State 11 <SV = 10> <Delay = 4.38>
ST_11 : Operation 111 [1/2] (3.25ns)   --->   "%cornerColor_1_load = load i3* %cornerColor_1_addr, align 1" [kociemba/facecube.c:110]   --->   Operation 111 'load' 'cornerColor_1_load' <Predicate = true> <Delay = 3.25> <Core = "ROM_nP">   --->   Core 48 'ROM_nP' <Latency = 1> <II = 1> <Delay = 3.25> <Storage> <Opcode : 'load'> <Ports = 0> <Width = 3> <Depth = 12> <ROM>
ST_11 : Operation 112 [1/1] (1.13ns)   --->   "%tmp_143 = icmp eq i3 %col1, %cornerColor_1_load" [kociemba/facecube.c:110]   --->   Operation 112 'icmp' 'tmp_143' <Predicate = true> <Delay = 1.13> <Core = "Cmp">   --->   Core 25 'Cmp' <Latency = 0> <II = 1> <Delay = 1.13> <FuncUnit> <Opcode : 'icmp'> <InPorts = 2> <OutPorts = 1>
ST_11 : Operation 113 [1/1] (0.00ns)   --->   "br i1 %tmp_143, label %7, label %._crit_edge" [kociemba/facecube.c:110]   --->   Operation 113 'br' <Predicate = true> <Delay = 0.00>
ST_11 : Operation 114 [1/1] (0.00ns)   --->   "%cornerColor_2_addr = getelementptr [8 x i3]* @cornerColor_2, i64 0, i64 %tmp_142" [kociemba/facecube.c:110]   --->   Operation 114 'getelementptr' 'cornerColor_2_addr' <Predicate = (tmp_143)> <Delay = 0.00>
ST_11 : Operation 115 [2/2] (3.25ns)   --->   "%cornerColor_2_load = load i3* %cornerColor_2_addr, align 1" [kociemba/facecube.c:110]   --->   Operation 115 'load' 'cornerColor_2_load' <Predicate = (tmp_143)> <Delay = 3.25> <Core = "ROM_nP">   --->   Core 48 'ROM_nP' <Latency = 1> <II = 1> <Delay = 3.25> <Storage> <Opcode : 'load'> <Ports = 0> <Width = 3> <Depth = 12> <ROM>

State 12 <SV = 11> <Delay = 4.38>
ST_12 : Operation 116 [1/2] (3.25ns)   --->   "%cornerColor_2_load = load i3* %cornerColor_2_addr, align 1" [kociemba/facecube.c:110]   --->   Operation 116 'load' 'cornerColor_2_load' <Predicate = (!tmp_158 & tmp_143)> <Delay = 3.25> <Core = "ROM_nP">   --->   Core 48 'ROM_nP' <Latency = 1> <II = 1> <Delay = 3.25> <Storage> <Opcode : 'load'> <Ports = 0> <Width = 3> <Depth = 12> <ROM>
ST_12 : Operation 117 [1/1] (1.13ns)   --->   "%tmp_144 = icmp eq i3 %col2, %cornerColor_2_load" [kociemba/facecube.c:110]   --->   Operation 117 'icmp' 'tmp_144' <Predicate = (!tmp_158 & tmp_143)> <Delay = 1.13> <Core = "Cmp">   --->   Core 25 'Cmp' <Latency = 0> <II = 1> <Delay = 1.13> <FuncUnit> <Opcode : 'icmp'> <InPorts = 2> <OutPorts = 1>
ST_12 : Operation 118 [1/1] (0.00ns)   --->   "br i1 %tmp_144, label %8, label %._crit_edge" [kociemba/facecube.c:110]   --->   Operation 118 'br' <Predicate = (!tmp_158 & tmp_143)> <Delay = 0.00>
ST_12 : Operation 119 [1/1] (0.00ns)   --->   "br label %5" [kociemba/facecube.c:109]   --->   Operation 119 'br' <Predicate = (!tmp_158 & !tmp_143) | (!tmp_158 & !tmp_144)> <Delay = 0.00>
ST_12 : Operation 120 [1/1] (0.00ns)   --->   "%tmp_159 = trunc i4 %j to i3" [kociemba/facecube.c:112]   --->   Operation 120 'trunc' 'tmp_159' <Predicate = (!tmp_158 & tmp_143 & tmp_144)> <Delay = 0.00>
ST_12 : Operation 121 [1/1] (0.00ns)   --->   "%ccRet_cp_0_addr_1 = getelementptr [8 x i3]* @ccRet_cp_0, i64 0, i64 %tmp_120" [kociemba/facecube.c:112]   --->   Operation 121 'getelementptr' 'ccRet_cp_0_addr_1' <Predicate = (!tmp_158 & tmp_143 & tmp_144)> <Delay = 0.00>
ST_12 : Operation 122 [1/1] (2.32ns)   --->   "store i3 %tmp_159, i3* %ccRet_cp_0_addr_1, align 1" [kociemba/facecube.c:112]   --->   Operation 122 'store' <Predicate = (!tmp_158 & tmp_143 & tmp_144)> <Delay = 2.32> <Core = "RAM">   --->   Core 37 'RAM' <Latency = 1> <II = 1> <Delay = 2.32> <Storage> <Opcode : 'load' 'store'> <Ports = 2> <Width = 1> <Depth = 12> <RAM>
ST_12 : Operation 123 [1/1] (0.95ns)   --->   "%tmp_156 = icmp ne i2 %ori, -1" [kociemba/facecube.c:113]   --->   Operation 123 'icmp' 'tmp_156' <Predicate = (!tmp_158 & tmp_143 & tmp_144)> <Delay = 0.95> <Core = "Cmp">   --->   Core 25 'Cmp' <Latency = 0> <II = 1> <Delay = 1.13> <FuncUnit> <Opcode : 'icmp'> <InPorts = 2> <OutPorts = 1>
ST_12 : Operation 124 [1/1] (0.99ns)   --->   "%tmp_146 = select i1 %tmp_156, i2 %ori, i2 %ori_1" [kociemba/facecube.c:113]   --->   Operation 124 'select' 'tmp_146' <Predicate = (!tmp_158 & tmp_143 & tmp_144)> <Delay = 0.99> <Core = "Sel">   --->   Core 26 'Sel' <Latency = 0> <II = 1> <Delay = 0.99> <FuncUnit> <Opcode : 'select'> <InPorts = 3> <OutPorts = 1>
ST_12 : Operation 125 [1/1] (0.00ns)   --->   "%ccRet_co_0_addr = getelementptr [8 x i2]* @ccRet_co_0, i64 0, i64 %tmp_120" [kociemba/facecube.c:113]   --->   Operation 125 'getelementptr' 'ccRet_co_0_addr' <Predicate = (!tmp_158 & tmp_143 & tmp_144)> <Delay = 0.00>
ST_12 : Operation 126 [1/1] (2.32ns)   --->   "store i2 %tmp_146, i2* %ccRet_co_0_addr, align 1" [kociemba/facecube.c:113]   --->   Operation 126 'store' <Predicate = (!tmp_158 & tmp_143 & tmp_144)> <Delay = 2.32> <Core = "RAM">   --->   Core 37 'RAM' <Latency = 1> <II = 1> <Delay = 2.32> <Storage> <Opcode : 'load' 'store'> <Ports = 2> <Width = 1> <Depth = 12> <RAM>
ST_12 : Operation 127 [1/1] (0.00ns)   --->   "br label %.loopexit1" [kociemba/facecube.c:114]   --->   Operation 127 'br' <Predicate = (!tmp_158 & tmp_143 & tmp_144)> <Delay = 0.00>
ST_12 : Operation 128 [1/1] (0.00ns)   --->   "br label %.preheader18" [kociemba/facecube.c:101]   --->   Operation 128 'br' <Predicate = (tmp_158) | (tmp_143 & tmp_144)> <Delay = 0.00>

State 13 <SV = 4> <Delay = 3.25>
ST_13 : Operation 129 [1/1] (0.00ns)   --->   "%i_3 = phi i4 [ %i_4, %.loopexit ], [ 0, %.preheader13.preheader ]"   --->   Operation 129 'phi' 'i_3' <Predicate = true> <Delay = 0.00>
ST_13 : Operation 130 [1/1] (1.30ns)   --->   "%exitcond = icmp eq i4 %i_3, -4" [kociemba/facecube.c:119]   --->   Operation 130 'icmp' 'exitcond' <Predicate = true> <Delay = 1.30> <Core = "Cmp">   --->   Core 25 'Cmp' <Latency = 0> <II = 1> <Delay = 1.13> <FuncUnit> <Opcode : 'icmp'> <InPorts = 2> <OutPorts = 1>
ST_13 : Operation 131 [1/1] (0.00ns)   --->   "%empty_37 = call i32 (...)* @_ssdm_op_SpecLoopTripCount(i64 12, i64 12, i64 12)"   --->   Operation 131 'speclooptripcount' 'empty_37' <Predicate = true> <Delay = 0.00>
ST_13 : Operation 132 [1/1] (1.73ns)   --->   "%i_4 = add i4 %i_3, 1" [kociemba/facecube.c:119]   --->   Operation 132 'add' 'i_4' <Predicate = true> <Delay = 1.73> <Core = "AddSub">   --->   Core 14 'AddSub' <Latency = 0> <II = 1> <Delay = 1.73> <FuncUnit> <Opcode : 'add' 'sub'> <InPorts = 2> <OutPorts = 1>
ST_13 : Operation 133 [1/1] (0.00ns)   --->   "br i1 %exitcond, label %13, label %.preheader.preheader" [kociemba/facecube.c:119]   --->   Operation 133 'br' <Predicate = true> <Delay = 0.00>
ST_13 : Operation 134 [1/1] (0.00ns)   --->   "%tmp_122 = zext i4 %i_3 to i64" [kociemba/facecube.c:121]   --->   Operation 134 'zext' 'tmp_122' <Predicate = (!exitcond)> <Delay = 0.00>
ST_13 : Operation 135 [1/1] (0.00ns)   --->   "%edgeFacelet_0_addr = getelementptr [12 x i6]* @edgeFacelet_0, i64 0, i64 %tmp_122" [kociemba/facecube.c:121]   --->   Operation 135 'getelementptr' 'edgeFacelet_0_addr' <Predicate = (!exitcond)> <Delay = 0.00>
ST_13 : Operation 136 [2/2] (3.25ns)   --->   "%edgeFacelet_0_load = load i6* %edgeFacelet_0_addr, align 2" [kociemba/facecube.c:121]   --->   Operation 136 'load' 'edgeFacelet_0_load' <Predicate = (!exitcond)> <Delay = 3.25> <Core = "ROM_nP">   --->   Core 48 'ROM_nP' <Latency = 1> <II = 1> <Delay = 3.25> <Storage> <Opcode : 'load'> <Ports = 0> <Width = 3> <Depth = 12> <ROM>
ST_13 : Operation 137 [1/1] (0.00ns)   --->   "%edgeFacelet_1_addr = getelementptr [12 x i6]* @edgeFacelet_1, i64 0, i64 %tmp_122" [kociemba/facecube.c:121]   --->   Operation 137 'getelementptr' 'edgeFacelet_1_addr' <Predicate = (!exitcond)> <Delay = 0.00>
ST_13 : Operation 138 [2/2] (3.25ns)   --->   "%edgeFacelet_1_load = load i6* %edgeFacelet_1_addr, align 1" [kociemba/facecube.c:121]   --->   Operation 138 'load' 'edgeFacelet_1_load' <Predicate = (!exitcond)> <Delay = 3.25> <Core = "ROM_nP">   --->   Core 48 'ROM_nP' <Latency = 1> <II = 1> <Delay = 3.25> <Storage> <Opcode : 'load'> <Ports = 0> <Width = 3> <Depth = 12> <ROM>
ST_13 : Operation 139 [1/1] (0.00ns)   --->   "ret void"   --->   Operation 139 'ret' <Predicate = (exitcond)> <Delay = 0.00>

State 14 <SV = 5> <Delay = 5.57>
ST_14 : Operation 140 [1/2] (3.25ns)   --->   "%edgeFacelet_0_load = load i6* %edgeFacelet_0_addr, align 2" [kociemba/facecube.c:121]   --->   Operation 140 'load' 'edgeFacelet_0_load' <Predicate = true> <Delay = 3.25> <Core = "ROM_nP">   --->   Core 48 'ROM_nP' <Latency = 1> <II = 1> <Delay = 3.25> <Storage> <Opcode : 'load'> <Ports = 0> <Width = 3> <Depth = 12> <ROM>
ST_14 : Operation 141 [1/1] (0.00ns)   --->   "%tmp_123 = zext i6 %edgeFacelet_0_load to i64" [kociemba/facecube.c:121]   --->   Operation 141 'zext' 'tmp_123' <Predicate = true> <Delay = 0.00>
ST_14 : Operation 142 [1/1] (0.00ns)   --->   "%facecube_0_f_addr = getelementptr [54 x i3]* %facecube_0_f, i64 0, i64 %tmp_123" [kociemba/facecube.c:121]   --->   Operation 142 'getelementptr' 'facecube_0_f_addr' <Predicate = true> <Delay = 0.00>
ST_14 : Operation 143 [2/2] (2.32ns)   --->   "%facecube_0_f_load = load i3* %facecube_0_f_addr, align 1" [kociemba/facecube.c:121]   --->   Operation 143 'load' 'facecube_0_f_load' <Predicate = true> <Delay = 2.32> <Core = "RAM">   --->   Core 37 'RAM' <Latency = 1> <II = 1> <Delay = 2.32> <Storage> <Opcode : 'load' 'store'> <Ports = 2> <Width = 1> <Depth = 12> <RAM>
ST_14 : Operation 144 [1/2] (3.25ns)   --->   "%edgeFacelet_1_load = load i6* %edgeFacelet_1_addr, align 1" [kociemba/facecube.c:121]   --->   Operation 144 'load' 'edgeFacelet_1_load' <Predicate = true> <Delay = 3.25> <Core = "ROM_nP">   --->   Core 48 'ROM_nP' <Latency = 1> <II = 1> <Delay = 3.25> <Storage> <Opcode : 'load'> <Ports = 0> <Width = 3> <Depth = 12> <ROM>
ST_14 : Operation 145 [1/1] (0.00ns)   --->   "%tmp_124 = zext i6 %edgeFacelet_1_load to i64" [kociemba/facecube.c:121]   --->   Operation 145 'zext' 'tmp_124' <Predicate = true> <Delay = 0.00>
ST_14 : Operation 146 [1/1] (0.00ns)   --->   "%facecube_0_f_addr_1 = getelementptr [54 x i3]* %facecube_0_f, i64 0, i64 %tmp_124" [kociemba/facecube.c:121]   --->   Operation 146 'getelementptr' 'facecube_0_f_addr_1' <Predicate = true> <Delay = 0.00>
ST_14 : Operation 147 [2/2] (2.32ns)   --->   "%facecube_0_f_load_1 = load i3* %facecube_0_f_addr_1, align 1" [kociemba/facecube.c:121]   --->   Operation 147 'load' 'facecube_0_f_load_1' <Predicate = true> <Delay = 2.32> <Core = "RAM">   --->   Core 37 'RAM' <Latency = 1> <II = 1> <Delay = 2.32> <Storage> <Opcode : 'load' 'store'> <Ports = 2> <Width = 1> <Depth = 12> <RAM>

State 15 <SV = 6> <Delay = 2.32>
ST_15 : Operation 148 [1/2] (2.32ns)   --->   "%facecube_0_f_load = load i3* %facecube_0_f_addr, align 1" [kociemba/facecube.c:121]   --->   Operation 148 'load' 'facecube_0_f_load' <Predicate = true> <Delay = 2.32> <Core = "RAM">   --->   Core 37 'RAM' <Latency = 1> <II = 1> <Delay = 2.32> <Storage> <Opcode : 'load' 'store'> <Ports = 2> <Width = 1> <Depth = 12> <RAM>
ST_15 : Operation 149 [1/2] (2.32ns)   --->   "%facecube_0_f_load_1 = load i3* %facecube_0_f_addr_1, align 1" [kociemba/facecube.c:121]   --->   Operation 149 'load' 'facecube_0_f_load_1' <Predicate = true> <Delay = 2.32> <Core = "RAM">   --->   Core 37 'RAM' <Latency = 1> <II = 1> <Delay = 2.32> <Storage> <Opcode : 'load' 'store'> <Ports = 2> <Width = 1> <Depth = 12> <RAM>
ST_15 : Operation 150 [1/1] (1.76ns)   --->   "br label %.preheader" [kociemba/facecube.c:120]   --->   Operation 150 'br' <Predicate = true> <Delay = 1.76>

State 16 <SV = 7> <Delay = 3.25>
ST_16 : Operation 151 [1/1] (0.00ns)   --->   "%j_1 = phi i4 [ 0, %.preheader.preheader ], [ %j_2, %._crit_edge9 ]"   --->   Operation 151 'phi' 'j_1' <Predicate = true> <Delay = 0.00>
ST_16 : Operation 152 [1/1] (1.30ns)   --->   "%tmp_127 = icmp ult i4 %j_1, -4" [kociemba/facecube.c:120]   --->   Operation 152 'icmp' 'tmp_127' <Predicate = true> <Delay = 1.30> <Core = "Cmp">   --->   Core 25 'Cmp' <Latency = 0> <II = 1> <Delay = 1.13> <FuncUnit> <Opcode : 'icmp'> <InPorts = 2> <OutPorts = 1>
ST_16 : Operation 153 [1/1] (0.00ns)   --->   "%empty_38 = call i32 (...)* @_ssdm_op_SpecLoopTripCount(i64 1, i64 12, i64 6)"   --->   Operation 153 'speclooptripcount' 'empty_38' <Predicate = true> <Delay = 0.00>
ST_16 : Operation 154 [1/1] (1.73ns)   --->   "%j_2 = add i4 %j_1, 1" [kociemba/facecube.c:120]   --->   Operation 154 'add' 'j_2' <Predicate = true> <Delay = 1.73> <Core = "AddSub">   --->   Core 14 'AddSub' <Latency = 0> <II = 1> <Delay = 1.73> <FuncUnit> <Opcode : 'add' 'sub'> <InPorts = 2> <OutPorts = 1>
ST_16 : Operation 155 [1/1] (0.00ns)   --->   "br i1 %tmp_127, label %9, label %.loopexit.loopexit" [kociemba/facecube.c:120]   --->   Operation 155 'br' <Predicate = true> <Delay = 0.00>
ST_16 : Operation 156 [1/1] (0.00ns)   --->   "%tmp_136 = zext i4 %j_1 to i64" [kociemba/facecube.c:121]   --->   Operation 156 'zext' 'tmp_136' <Predicate = (tmp_127)> <Delay = 0.00>
ST_16 : Operation 157 [1/1] (0.00ns)   --->   "%edgeColor_0_addr = getelementptr [12 x i3]* @edgeColor_0, i64 0, i64 %tmp_136" [kociemba/facecube.c:121]   --->   Operation 157 'getelementptr' 'edgeColor_0_addr' <Predicate = (tmp_127)> <Delay = 0.00>
ST_16 : Operation 158 [2/2] (3.25ns)   --->   "%edgeColor_0_load = load i3* %edgeColor_0_addr, align 2" [kociemba/facecube.c:121]   --->   Operation 158 'load' 'edgeColor_0_load' <Predicate = (tmp_127)> <Delay = 3.25> <Core = "ROM_nP">   --->   Core 48 'ROM_nP' <Latency = 1> <II = 1> <Delay = 3.25> <Storage> <Opcode : 'load'> <Ports = 0> <Width = 3> <Depth = 12> <ROM>
ST_16 : Operation 159 [1/1] (0.00ns)   --->   "br label %.loopexit"   --->   Operation 159 'br' <Predicate = (!tmp_127)> <Delay = 0.00>

State 17 <SV = 8> <Delay = 4.38>
ST_17 : Operation 160 [1/2] (3.25ns)   --->   "%edgeColor_0_load = load i3* %edgeColor_0_addr, align 2" [kociemba/facecube.c:121]   --->   Operation 160 'load' 'edgeColor_0_load' <Predicate = true> <Delay = 3.25> <Core = "ROM_nP">   --->   Core 48 'ROM_nP' <Latency = 1> <II = 1> <Delay = 3.25> <Storage> <Opcode : 'load'> <Ports = 0> <Width = 3> <Depth = 12> <ROM>
ST_17 : Operation 161 [1/1] (1.13ns)   --->   "%tmp_137 = icmp eq i3 %facecube_0_f_load, %edgeColor_0_load" [kociemba/facecube.c:121]   --->   Operation 161 'icmp' 'tmp_137' <Predicate = true> <Delay = 1.13> <Core = "Cmp">   --->   Core 25 'Cmp' <Latency = 0> <II = 1> <Delay = 1.13> <FuncUnit> <Opcode : 'icmp'> <InPorts = 2> <OutPorts = 1>
ST_17 : Operation 162 [1/1] (0.00ns)   --->   "br i1 %tmp_137, label %10, label %._crit_edge9" [kociemba/facecube.c:121]   --->   Operation 162 'br' <Predicate = true> <Delay = 0.00>
ST_17 : Operation 163 [1/1] (0.00ns)   --->   "%edgeColor_1_addr = getelementptr [12 x i3]* @edgeColor_1, i64 0, i64 %tmp_136" [kociemba/facecube.c:121]   --->   Operation 163 'getelementptr' 'edgeColor_1_addr' <Predicate = (tmp_137)> <Delay = 0.00>
ST_17 : Operation 164 [2/2] (3.25ns)   --->   "%edgeColor_1_load = load i3* %edgeColor_1_addr, align 1" [kociemba/facecube.c:121]   --->   Operation 164 'load' 'edgeColor_1_load' <Predicate = (tmp_137)> <Delay = 3.25> <Core = "ROM_nP">   --->   Core 48 'ROM_nP' <Latency = 1> <II = 1> <Delay = 3.25> <Storage> <Opcode : 'load'> <Ports = 0> <Width = 3> <Depth = 12> <ROM>

State 18 <SV = 9> <Delay = 4.38>
ST_18 : Operation 165 [1/2] (3.25ns)   --->   "%edgeColor_1_load = load i3* %edgeColor_1_addr, align 1" [kociemba/facecube.c:121]   --->   Operation 165 'load' 'edgeColor_1_load' <Predicate = (tmp_137)> <Delay = 3.25> <Core = "ROM_nP">   --->   Core 48 'ROM_nP' <Latency = 1> <II = 1> <Delay = 3.25> <Storage> <Opcode : 'load'> <Ports = 0> <Width = 3> <Depth = 12> <ROM>
ST_18 : Operation 166 [1/1] (1.13ns)   --->   "%tmp_139 = icmp eq i3 %facecube_0_f_load_1, %edgeColor_1_load" [kociemba/facecube.c:121]   --->   Operation 166 'icmp' 'tmp_139' <Predicate = (tmp_137)> <Delay = 1.13> <Core = "Cmp">   --->   Core 25 'Cmp' <Latency = 0> <II = 1> <Delay = 1.13> <FuncUnit> <Opcode : 'icmp'> <InPorts = 2> <OutPorts = 1>
ST_18 : Operation 167 [1/1] (0.00ns)   --->   "br i1 %tmp_139, label %11, label %._crit_edge9" [kociemba/facecube.c:121]   --->   Operation 167 'br' <Predicate = (tmp_137)> <Delay = 0.00>
ST_18 : Operation 168 [1/1] (0.00ns)   --->   "%edgeColor_1_addr_1 = getelementptr [12 x i3]* @edgeColor_1, i64 0, i64 %tmp_136" [kociemba/facecube.c:127]   --->   Operation 168 'getelementptr' 'edgeColor_1_addr_1' <Predicate = (!tmp_137) | (!tmp_139)> <Delay = 0.00>
ST_18 : Operation 169 [2/2] (3.25ns)   --->   "%edgeColor_1_load_1 = load i3* %edgeColor_1_addr_1, align 1" [kociemba/facecube.c:127]   --->   Operation 169 'load' 'edgeColor_1_load_1' <Predicate = (!tmp_137) | (!tmp_139)> <Delay = 3.25> <Core = "ROM_nP">   --->   Core 48 'ROM_nP' <Latency = 1> <II = 1> <Delay = 3.25> <Storage> <Opcode : 'load'> <Ports = 0> <Width = 3> <Depth = 12> <ROM>
ST_18 : Operation 170 [1/1] (1.13ns)   --->   "%tmp_141 = icmp eq i3 %facecube_0_f_load_1, %edgeColor_0_load" [kociemba/facecube.c:127]   --->   Operation 170 'icmp' 'tmp_141' <Predicate = (!tmp_137) | (!tmp_139)> <Delay = 1.13> <Core = "Cmp">   --->   Core 25 'Cmp' <Latency = 0> <II = 1> <Delay = 1.13> <FuncUnit> <Opcode : 'icmp'> <InPorts = 2> <OutPorts = 1>
ST_18 : Operation 171 [1/1] (0.00ns)   --->   "%ccRet_ep_0_addr_1 = getelementptr [12 x i4]* @ccRet_ep_0, i64 0, i64 %tmp_122" [kociemba/facecube.c:123]   --->   Operation 171 'getelementptr' 'ccRet_ep_0_addr_1' <Predicate = (tmp_137 & tmp_139)> <Delay = 0.00>
ST_18 : Operation 172 [1/1] (2.32ns)   --->   "store i4 %j_1, i4* %ccRet_ep_0_addr_1, align 1" [kociemba/facecube.c:123]   --->   Operation 172 'store' <Predicate = (tmp_137 & tmp_139)> <Delay = 2.32> <Core = "RAM">   --->   Core 37 'RAM' <Latency = 1> <II = 1> <Delay = 2.32> <Storage> <Opcode : 'load' 'store'> <Ports = 2> <Width = 1> <Depth = 12> <RAM>
ST_18 : Operation 173 [1/1] (0.00ns)   --->   "%ccRet_eo_0_addr = getelementptr [12 x i1]* @ccRet_eo_0, i64 0, i64 %tmp_122" [kociemba/facecube.c:124]   --->   Operation 173 'getelementptr' 'ccRet_eo_0_addr' <Predicate = (tmp_137 & tmp_139)> <Delay = 0.00>
ST_18 : Operation 174 [1/1] (2.32ns)   --->   "store i1 false, i1* %ccRet_eo_0_addr, align 1" [kociemba/facecube.c:124]   --->   Operation 174 'store' <Predicate = (tmp_137 & tmp_139)> <Delay = 2.32> <Core = "RAM">   --->   Core 37 'RAM' <Latency = 1> <II = 1> <Delay = 2.32> <Storage> <Opcode : 'load' 'store'> <Ports = 2> <Width = 1> <Depth = 12> <RAM>
ST_18 : Operation 175 [1/1] (0.00ns)   --->   "br label %.loopexit" [kociemba/facecube.c:125]   --->   Operation 175 'br' <Predicate = (tmp_137 & tmp_139)> <Delay = 0.00>

State 19 <SV = 10> <Delay = 5.36>
ST_19 : Operation 176 [1/2] (3.25ns)   --->   "%edgeColor_1_load_1 = load i3* %edgeColor_1_addr_1, align 1" [kociemba/facecube.c:127]   --->   Operation 176 'load' 'edgeColor_1_load_1' <Predicate = (tmp_127 & !tmp_137) | (tmp_127 & !tmp_139)> <Delay = 3.25> <Core = "ROM_nP">   --->   Core 48 'ROM_nP' <Latency = 1> <II = 1> <Delay = 3.25> <Storage> <Opcode : 'load'> <Ports = 0> <Width = 3> <Depth = 12> <ROM>
ST_19 : Operation 177 [1/1] (1.13ns)   --->   "%tmp_140 = icmp eq i3 %facecube_0_f_load, %edgeColor_1_load_1" [kociemba/facecube.c:127]   --->   Operation 177 'icmp' 'tmp_140' <Predicate = (tmp_127 & !tmp_137) | (tmp_127 & !tmp_139)> <Delay = 1.13> <Core = "Cmp">   --->   Core 25 'Cmp' <Latency = 0> <II = 1> <Delay = 1.13> <FuncUnit> <Opcode : 'icmp'> <InPorts = 2> <OutPorts = 1>
ST_19 : Operation 178 [1/1] (0.97ns)   --->   "%or_cond = and i1 %tmp_140, %tmp_141" [kociemba/facecube.c:127]   --->   Operation 178 'and' 'or_cond' <Predicate = (tmp_127 & !tmp_137) | (tmp_127 & !tmp_139)> <Delay = 0.97> <Core = "LogicGate">   --->   Core 27 'LogicGate' <Latency = 0> <II = 1> <Delay = 0.97> <FuncUnit> <Opcode : 'and' 'or' 'xor'> <InPorts = 2> <OutPorts = 1>
ST_19 : Operation 179 [1/1] (0.00ns)   --->   "br i1 %or_cond, label %12, label %.preheader" [kociemba/facecube.c:127]   --->   Operation 179 'br' <Predicate = (tmp_127 & !tmp_137) | (tmp_127 & !tmp_139)> <Delay = 0.00>
ST_19 : Operation 180 [1/1] (0.00ns)   --->   "%ccRet_ep_0_addr_2 = getelementptr [12 x i4]* @ccRet_ep_0, i64 0, i64 %tmp_122" [kociemba/facecube.c:129]   --->   Operation 180 'getelementptr' 'ccRet_ep_0_addr_2' <Predicate = (tmp_127 & !tmp_137 & or_cond) | (tmp_127 & !tmp_139 & or_cond)> <Delay = 0.00>
ST_19 : Operation 181 [1/1] (2.32ns)   --->   "store i4 %j_1, i4* %ccRet_ep_0_addr_2, align 1" [kociemba/facecube.c:129]   --->   Operation 181 'store' <Predicate = (tmp_127 & !tmp_137 & or_cond) | (tmp_127 & !tmp_139 & or_cond)> <Delay = 2.32> <Core = "RAM">   --->   Core 37 'RAM' <Latency = 1> <II = 1> <Delay = 2.32> <Storage> <Opcode : 'load' 'store'> <Ports = 2> <Width = 1> <Depth = 12> <RAM>
ST_19 : Operation 182 [1/1] (0.00ns)   --->   "%ccRet_eo_0_addr_1 = getelementptr [12 x i1]* @ccRet_eo_0, i64 0, i64 %tmp_122" [kociemba/facecube.c:130]   --->   Operation 182 'getelementptr' 'ccRet_eo_0_addr_1' <Predicate = (tmp_127 & !tmp_137 & or_cond) | (tmp_127 & !tmp_139 & or_cond)> <Delay = 0.00>
ST_19 : Operation 183 [1/1] (2.32ns)   --->   "store i1 true, i1* %ccRet_eo_0_addr_1, align 1" [kociemba/facecube.c:130]   --->   Operation 183 'store' <Predicate = (tmp_127 & !tmp_137 & or_cond) | (tmp_127 & !tmp_139 & or_cond)> <Delay = 2.32> <Core = "RAM">   --->   Core 37 'RAM' <Latency = 1> <II = 1> <Delay = 2.32> <Storage> <Opcode : 'load' 'store'> <Ports = 2> <Width = 1> <Depth = 12> <RAM>
ST_19 : Operation 184 [1/1] (0.00ns)   --->   "br label %.loopexit" [kociemba/facecube.c:131]   --->   Operation 184 'br' <Predicate = (tmp_127 & !tmp_137 & or_cond) | (tmp_127 & !tmp_139 & or_cond)> <Delay = 0.00>
ST_19 : Operation 185 [1/1] (0.00ns)   --->   "br label %.preheader13" [kociemba/facecube.c:119]   --->   Operation 185 'br' <Predicate = (!tmp_127) | (or_cond) | (tmp_137 & tmp_139)> <Delay = 0.00>


============================================================
+ Verbose Summary: Timing violations
============================================================
Target clock period: 12ns, clock uncertainty: 1.5ns.

 <State 1>: 1.77ns
The critical path consists of the following:
	multiplexor before 'phi' operation ('i') with incoming values : ('i', kociemba/facecube.c:96) [15]  (1.77 ns)

 <State 2>: 2.32ns
The critical path consists of the following:
	'phi' operation ('i') with incoming values : ('i', kociemba/facecube.c:96) [15]  (0 ns)
	'getelementptr' operation ('ccRet_cp_0_addr', kociemba/facecube.c:97) [22]  (0 ns)
	'store' operation (kociemba/facecube.c:97) of constant 0 on array 'ccRet_cp_0' [23]  (2.32 ns)

 <State 3>: 2.32ns
The critical path consists of the following:
	'phi' operation ('i') with incoming values : ('i', kociemba/facecube.c:98) [28]  (0 ns)
	'getelementptr' operation ('ccRet_ep_0_addr', kociemba/facecube.c:99) [35]  (0 ns)
	'store' operation (kociemba/facecube.c:99) of constant 0 on array 'ccRet_ep_0' [36]  (2.32 ns)

 <State 4>: 1.83ns
The critical path consists of the following:
	'phi' operation ('i') with incoming values : ('i', kociemba/facecube.c:101) [41]  (0 ns)
	'sub' operation ('tmp_147', kociemba/facecube.c:104) [50]  (1.83 ns)

 <State 5>: 5.08ns
The critical path consists of the following:
	'phi' operation ('ori') with incoming values : ('ori', kociemba/facecube.c:103) [53]  (0 ns)
	'add' operation ('tmp_148', kociemba/facecube.c:104) [60]  (1.83 ns)
	'getelementptr' operation ('cornerFacelet_addr', kociemba/facecube.c:104) [62]  (0 ns)
	'load' operation ('cornerFacelet_load', kociemba/facecube.c:104) on array 'cornerFacelet' [63]  (3.25 ns)

 <State 6>: 5.58ns
The critical path consists of the following:
	'load' operation ('cornerFacelet_load', kociemba/facecube.c:104) on array 'cornerFacelet' [63]  (3.25 ns)
	'getelementptr' operation ('facecube_0_f_addr_2', kociemba/facecube.c:104) [65]  (0 ns)
	'load' operation ('facecube_0_f_load_2', kociemba/facecube.c:104) on array 'facecube_0_f' [66]  (2.32 ns)

 <State 7>: 7.86ns
The critical path consists of the following:
	'add' operation ('tmp_132', kociemba/facecube.c:107) [86]  (1.65 ns)
	'icmp' operation ('tmp_153', kociemba/facecube.c:107) [87]  (1.13 ns)
	'select' operation ('tmp_157', kociemba/facecube.c:107) [89]  (0 ns)
	'add' operation ('tmp_155', kociemba/facecube.c:107) [91]  (1.83 ns)
	'getelementptr' operation ('cornerFacelet_addr_2', kociemba/facecube.c:107) [93]  (0 ns)
	'load' operation ('cornerFacelet_load_2', kociemba/facecube.c:107) on array 'cornerFacelet' [94]  (3.25 ns)

 <State 8>: 5.58ns
The critical path consists of the following:
	'load' operation ('cornerFacelet_load_1', kociemba/facecube.c:106) on array 'cornerFacelet' [82]  (3.25 ns)
	'getelementptr' operation ('facecube_0_f_addr_3', kociemba/facecube.c:106) [84]  (0 ns)
	'load' operation ('col1', kociemba/facecube.c:106) on array 'facecube_0_f' [85]  (2.32 ns)

 <State 9>: 2.32ns
The critical path consists of the following:
	'load' operation ('col1', kociemba/facecube.c:106) on array 'facecube_0_f' [85]  (2.32 ns)

 <State 10>: 3.25ns
The critical path consists of the following:
	'phi' operation ('j') with incoming values : ('j', kociemba/facecube.c:109) [100]  (0 ns)
	'getelementptr' operation ('cornerColor_1_addr', kociemba/facecube.c:110) [107]  (0 ns)
	'load' operation ('cornerColor_1_load', kociemba/facecube.c:110) on array 'cornerColor_1' [108]  (3.25 ns)

 <State 11>: 4.38ns
The critical path consists of the following:
	'load' operation ('cornerColor_1_load', kociemba/facecube.c:110) on array 'cornerColor_1' [108]  (3.25 ns)
	'icmp' operation ('tmp_143', kociemba/facecube.c:110) [109]  (1.13 ns)

 <State 12>: 4.38ns
The critical path consists of the following:
	'load' operation ('cornerColor_2_load', kociemba/facecube.c:110) on array 'cornerColor_2' [113]  (3.25 ns)
	'icmp' operation ('tmp_144', kociemba/facecube.c:110) [114]  (1.13 ns)

 <State 13>: 3.25ns
The critical path consists of the following:
	'phi' operation ('i') with incoming values : ('i', kociemba/facecube.c:119) [134]  (0 ns)
	'getelementptr' operation ('edgeFacelet_0_addr', kociemba/facecube.c:121) [141]  (0 ns)
	'load' operation ('edgeFacelet_0_load', kociemba/facecube.c:121) on array 'edgeFacelet_0' [142]  (3.25 ns)

 <State 14>: 5.58ns
The critical path consists of the following:
	'load' operation ('edgeFacelet_0_load', kociemba/facecube.c:121) on array 'edgeFacelet_0' [142]  (3.25 ns)
	'getelementptr' operation ('facecube_0_f_addr', kociemba/facecube.c:121) [144]  (0 ns)
	'load' operation ('facecube_0_f_load', kociemba/facecube.c:121) on array 'facecube_0_f' [145]  (2.32 ns)

 <State 15>: 2.32ns
The critical path consists of the following:
	'load' operation ('facecube_0_f_load', kociemba/facecube.c:121) on array 'facecube_0_f' [145]  (2.32 ns)

 <State 16>: 3.25ns
The critical path consists of the following:
	'phi' operation ('j') with incoming values : ('j', kociemba/facecube.c:120) [153]  (0 ns)
	'getelementptr' operation ('edgeColor_0_addr', kociemba/facecube.c:121) [160]  (0 ns)
	'load' operation ('edgeColor_0_load', kociemba/facecube.c:121) on array 'edgeColor_0' [161]  (3.25 ns)

 <State 17>: 4.38ns
The critical path consists of the following:
	'load' operation ('edgeColor_0_load', kociemba/facecube.c:121) on array 'edgeColor_0' [161]  (3.25 ns)
	'icmp' operation ('tmp_137', kociemba/facecube.c:121) [162]  (1.13 ns)

 <State 18>: 4.38ns
The critical path consists of the following:
	'load' operation ('edgeColor_1_load', kociemba/facecube.c:121) on array 'edgeColor_1' [166]  (3.25 ns)
	'icmp' operation ('tmp_139', kociemba/facecube.c:121) [167]  (1.13 ns)

 <State 19>: 5.36ns
The critical path consists of the following:
	'load' operation ('edgeColor_1_load_1', kociemba/facecube.c:127) on array 'edgeColor_1' [171]  (3.25 ns)
	'icmp' operation ('tmp_140', kociemba/facecube.c:127) [172]  (1.13 ns)
	'and' operation ('or_cond', kociemba/facecube.c:127) [174]  (0.978 ns)


============================================================
+ Verbose Summary: Binding
============================================================
N/A
* FSMD analyzer results:
  - Output states:
 - Input state : 
  - Chain level:
	State 1
	State 2
	State 3
	State 4
	State 5
	State 6
	State 7
	State 8
	State 9
	State 10
	State 11
	State 12
	State 13
	State 14
	State 15
	State 16
	State 17
	State 18
	State 19


============================================================
+ Verbose Summary: Datapath Resource usage 
============================================================
N/A
